[2025-03-16T08:31:48.973+0000] {processor.py:154} INFO - Started process (PID=72) to work on /home/airflow/.local/lib/python3.7/site-packages/airflow/example_dags/example_local_kubernetes_executor.py
[2025-03-16T08:31:48.976+0000] {processor.py:756} INFO - Processing file /home/airflow/.local/lib/python3.7/site-packages/airflow/example_dags/example_local_kubernetes_executor.py for tasks to queue
[2025-03-16T08:31:48.977+0000] {logging_mixin.py:120} INFO - [2025-03-16T08:31:48.977+0000] {dagbag.py:537} INFO - Filling up the DagBag from /home/airflow/.local/lib/python3.7/site-packages/airflow/example_dags/example_local_kubernetes_executor.py
[2025-03-16T08:31:49.056+0000] {processor.py:766} INFO - DAG(s) dict_keys(['example_local_kubernetes_executor']) retrieved from /home/airflow/.local/lib/python3.7/site-packages/airflow/example_dags/example_local_kubernetes_executor.py
[2025-03-16T08:31:49.504+0000] {logging_mixin.py:120} INFO - [2025-03-16T08:31:49.504+0000] {manager.py:507} INFO - Created Permission View: can read on DAG:example_local_kubernetes_executor
[2025-03-16T08:31:49.539+0000] {logging_mixin.py:120} INFO - [2025-03-16T08:31:49.539+0000] {manager.py:507} INFO - Created Permission View: can edit on DAG:example_local_kubernetes_executor
[2025-03-16T08:31:49.561+0000] {logging_mixin.py:120} INFO - [2025-03-16T08:31:49.561+0000] {manager.py:507} INFO - Created Permission View: can delete on DAG:example_local_kubernetes_executor
[2025-03-16T08:31:49.562+0000] {logging_mixin.py:120} INFO - [2025-03-16T08:31:49.561+0000] {dag.py:2585} INFO - Sync 1 DAGs
[2025-03-16T08:31:49.618+0000] {logging_mixin.py:120} INFO - [2025-03-16T08:31:49.618+0000] {dag.py:2606} INFO - Creating ORM DAG for example_local_kubernetes_executor
[2025-03-16T08:31:49.660+0000] {logging_mixin.py:120} INFO - [2025-03-16T08:31:49.659+0000] {dag.py:3340} INFO - Setting next_dagrun for example_local_kubernetes_executor to None, run_after=None
[2025-03-16T08:31:49.725+0000] {processor.py:176} INFO - Processing /home/airflow/.local/lib/python3.7/site-packages/airflow/example_dags/example_local_kubernetes_executor.py took 0.762 seconds
[2025-03-16T08:32:20.389+0000] {processor.py:154} INFO - Started process (PID=126) to work on /home/airflow/.local/lib/python3.7/site-packages/airflow/example_dags/example_local_kubernetes_executor.py
[2025-03-16T08:32:20.391+0000] {processor.py:756} INFO - Processing file /home/airflow/.local/lib/python3.7/site-packages/airflow/example_dags/example_local_kubernetes_executor.py for tasks to queue
[2025-03-16T08:32:20.391+0000] {logging_mixin.py:120} INFO - [2025-03-16T08:32:20.391+0000] {dagbag.py:537} INFO - Filling up the DagBag from /home/airflow/.local/lib/python3.7/site-packages/airflow/example_dags/example_local_kubernetes_executor.py
[2025-03-16T08:32:20.429+0000] {processor.py:766} INFO - DAG(s) dict_keys(['example_local_kubernetes_executor']) retrieved from /home/airflow/.local/lib/python3.7/site-packages/airflow/example_dags/example_local_kubernetes_executor.py
[2025-03-16T08:32:20.485+0000] {logging_mixin.py:120} INFO - [2025-03-16T08:32:20.485+0000] {dag.py:2585} INFO - Sync 1 DAGs
[2025-03-16T08:32:20.520+0000] {logging_mixin.py:120} INFO - [2025-03-16T08:32:20.520+0000] {dag.py:3340} INFO - Setting next_dagrun for example_local_kubernetes_executor to None, run_after=None
[2025-03-16T08:32:20.548+0000] {processor.py:176} INFO - Processing /home/airflow/.local/lib/python3.7/site-packages/airflow/example_dags/example_local_kubernetes_executor.py took 0.163 seconds
[2025-03-16T08:32:50.665+0000] {processor.py:154} INFO - Started process (PID=189) to work on /home/airflow/.local/lib/python3.7/site-packages/airflow/example_dags/example_local_kubernetes_executor.py
[2025-03-16T08:32:50.668+0000] {processor.py:756} INFO - Processing file /home/airflow/.local/lib/python3.7/site-packages/airflow/example_dags/example_local_kubernetes_executor.py for tasks to queue
[2025-03-16T08:32:50.670+0000] {logging_mixin.py:120} INFO - [2025-03-16T08:32:50.670+0000] {dagbag.py:537} INFO - Filling up the DagBag from /home/airflow/.local/lib/python3.7/site-packages/airflow/example_dags/example_local_kubernetes_executor.py
[2025-03-16T08:32:50.714+0000] {processor.py:766} INFO - DAG(s) dict_keys(['example_local_kubernetes_executor']) retrieved from /home/airflow/.local/lib/python3.7/site-packages/airflow/example_dags/example_local_kubernetes_executor.py
[2025-03-16T08:32:50.785+0000] {logging_mixin.py:120} INFO - [2025-03-16T08:32:50.785+0000] {dag.py:2585} INFO - Sync 1 DAGs
[2025-03-16T08:32:50.830+0000] {logging_mixin.py:120} INFO - [2025-03-16T08:32:50.830+0000] {dag.py:3340} INFO - Setting next_dagrun for example_local_kubernetes_executor to None, run_after=None
[2025-03-16T08:32:50.862+0000] {processor.py:176} INFO - Processing /home/airflow/.local/lib/python3.7/site-packages/airflow/example_dags/example_local_kubernetes_executor.py took 0.202 seconds
[2025-03-16T08:33:21.024+0000] {processor.py:154} INFO - Started process (PID=243) to work on /home/airflow/.local/lib/python3.7/site-packages/airflow/example_dags/example_local_kubernetes_executor.py
[2025-03-16T08:33:21.025+0000] {processor.py:756} INFO - Processing file /home/airflow/.local/lib/python3.7/site-packages/airflow/example_dags/example_local_kubernetes_executor.py for tasks to queue
[2025-03-16T08:33:21.026+0000] {logging_mixin.py:120} INFO - [2025-03-16T08:33:21.026+0000] {dagbag.py:537} INFO - Filling up the DagBag from /home/airflow/.local/lib/python3.7/site-packages/airflow/example_dags/example_local_kubernetes_executor.py
[2025-03-16T08:33:21.071+0000] {processor.py:766} INFO - DAG(s) dict_keys(['example_local_kubernetes_executor']) retrieved from /home/airflow/.local/lib/python3.7/site-packages/airflow/example_dags/example_local_kubernetes_executor.py
[2025-03-16T08:33:21.149+0000] {logging_mixin.py:120} INFO - [2025-03-16T08:33:21.149+0000] {dag.py:2585} INFO - Sync 1 DAGs
[2025-03-16T08:33:21.197+0000] {logging_mixin.py:120} INFO - [2025-03-16T08:33:21.196+0000] {dag.py:3340} INFO - Setting next_dagrun for example_local_kubernetes_executor to None, run_after=None
[2025-03-16T08:33:21.234+0000] {processor.py:176} INFO - Processing /home/airflow/.local/lib/python3.7/site-packages/airflow/example_dags/example_local_kubernetes_executor.py took 0.218 seconds
[2025-03-16T08:33:51.783+0000] {processor.py:154} INFO - Started process (PID=307) to work on /home/airflow/.local/lib/python3.7/site-packages/airflow/example_dags/example_local_kubernetes_executor.py
[2025-03-16T08:33:51.787+0000] {processor.py:756} INFO - Processing file /home/airflow/.local/lib/python3.7/site-packages/airflow/example_dags/example_local_kubernetes_executor.py for tasks to queue
[2025-03-16T08:33:51.788+0000] {logging_mixin.py:120} INFO - [2025-03-16T08:33:51.788+0000] {dagbag.py:537} INFO - Filling up the DagBag from /home/airflow/.local/lib/python3.7/site-packages/airflow/example_dags/example_local_kubernetes_executor.py
[2025-03-16T08:33:51.874+0000] {processor.py:766} INFO - DAG(s) dict_keys(['example_local_kubernetes_executor']) retrieved from /home/airflow/.local/lib/python3.7/site-packages/airflow/example_dags/example_local_kubernetes_executor.py
[2025-03-16T08:33:52.020+0000] {logging_mixin.py:120} INFO - [2025-03-16T08:33:52.019+0000] {dag.py:2585} INFO - Sync 1 DAGs
[2025-03-16T08:33:52.122+0000] {logging_mixin.py:120} INFO - [2025-03-16T08:33:52.122+0000] {dag.py:3340} INFO - Setting next_dagrun for example_local_kubernetes_executor to None, run_after=None
[2025-03-16T08:33:52.185+0000] {processor.py:176} INFO - Processing /home/airflow/.local/lib/python3.7/site-packages/airflow/example_dags/example_local_kubernetes_executor.py took 0.413 seconds
[2025-03-16T08:34:23.119+0000] {processor.py:154} INFO - Started process (PID=361) to work on /home/airflow/.local/lib/python3.7/site-packages/airflow/example_dags/example_local_kubernetes_executor.py
[2025-03-16T08:34:23.121+0000] {processor.py:756} INFO - Processing file /home/airflow/.local/lib/python3.7/site-packages/airflow/example_dags/example_local_kubernetes_executor.py for tasks to queue
[2025-03-16T08:34:23.123+0000] {logging_mixin.py:120} INFO - [2025-03-16T08:34:23.123+0000] {dagbag.py:537} INFO - Filling up the DagBag from /home/airflow/.local/lib/python3.7/site-packages/airflow/example_dags/example_local_kubernetes_executor.py
[2025-03-16T08:34:23.177+0000] {processor.py:766} INFO - DAG(s) dict_keys(['example_local_kubernetes_executor']) retrieved from /home/airflow/.local/lib/python3.7/site-packages/airflow/example_dags/example_local_kubernetes_executor.py
[2025-03-16T08:34:23.272+0000] {logging_mixin.py:120} INFO - [2025-03-16T08:34:23.272+0000] {dag.py:2585} INFO - Sync 1 DAGs
[2025-03-16T08:34:23.324+0000] {logging_mixin.py:120} INFO - [2025-03-16T08:34:23.324+0000] {dag.py:3340} INFO - Setting next_dagrun for example_local_kubernetes_executor to None, run_after=None
[2025-03-16T08:34:23.357+0000] {processor.py:176} INFO - Processing /home/airflow/.local/lib/python3.7/site-packages/airflow/example_dags/example_local_kubernetes_executor.py took 0.248 seconds
[2025-03-16T08:34:54.121+0000] {processor.py:154} INFO - Started process (PID=423) to work on /home/airflow/.local/lib/python3.7/site-packages/airflow/example_dags/example_local_kubernetes_executor.py
[2025-03-16T08:34:54.125+0000] {processor.py:756} INFO - Processing file /home/airflow/.local/lib/python3.7/site-packages/airflow/example_dags/example_local_kubernetes_executor.py for tasks to queue
[2025-03-16T08:34:54.128+0000] {logging_mixin.py:120} INFO - [2025-03-16T08:34:54.127+0000] {dagbag.py:537} INFO - Filling up the DagBag from /home/airflow/.local/lib/python3.7/site-packages/airflow/example_dags/example_local_kubernetes_executor.py
[2025-03-16T08:34:54.212+0000] {processor.py:766} INFO - DAG(s) dict_keys(['example_local_kubernetes_executor']) retrieved from /home/airflow/.local/lib/python3.7/site-packages/airflow/example_dags/example_local_kubernetes_executor.py
[2025-03-16T08:34:54.358+0000] {logging_mixin.py:120} INFO - [2025-03-16T08:34:54.358+0000] {dag.py:2585} INFO - Sync 1 DAGs
[2025-03-16T08:34:54.436+0000] {logging_mixin.py:120} INFO - [2025-03-16T08:34:54.435+0000] {dag.py:3340} INFO - Setting next_dagrun for example_local_kubernetes_executor to None, run_after=None
[2025-03-16T08:34:54.483+0000] {processor.py:176} INFO - Processing /home/airflow/.local/lib/python3.7/site-packages/airflow/example_dags/example_local_kubernetes_executor.py took 0.375 seconds
[2025-03-16T08:35:24.604+0000] {processor.py:154} INFO - Started process (PID=477) to work on /home/airflow/.local/lib/python3.7/site-packages/airflow/example_dags/example_local_kubernetes_executor.py
[2025-03-16T08:35:24.607+0000] {processor.py:756} INFO - Processing file /home/airflow/.local/lib/python3.7/site-packages/airflow/example_dags/example_local_kubernetes_executor.py for tasks to queue
[2025-03-16T08:35:24.608+0000] {logging_mixin.py:120} INFO - [2025-03-16T08:35:24.608+0000] {dagbag.py:537} INFO - Filling up the DagBag from /home/airflow/.local/lib/python3.7/site-packages/airflow/example_dags/example_local_kubernetes_executor.py
[2025-03-16T08:35:24.660+0000] {processor.py:766} INFO - DAG(s) dict_keys(['example_local_kubernetes_executor']) retrieved from /home/airflow/.local/lib/python3.7/site-packages/airflow/example_dags/example_local_kubernetes_executor.py
[2025-03-16T08:35:24.746+0000] {logging_mixin.py:120} INFO - [2025-03-16T08:35:24.744+0000] {dag.py:2585} INFO - Sync 1 DAGs
[2025-03-16T08:35:24.805+0000] {logging_mixin.py:120} INFO - [2025-03-16T08:35:24.804+0000] {dag.py:3340} INFO - Setting next_dagrun for example_local_kubernetes_executor to None, run_after=None
[2025-03-16T08:35:24.842+0000] {processor.py:176} INFO - Processing /home/airflow/.local/lib/python3.7/site-packages/airflow/example_dags/example_local_kubernetes_executor.py took 0.246 seconds
[2025-03-16T08:35:55.546+0000] {processor.py:154} INFO - Started process (PID=540) to work on /home/airflow/.local/lib/python3.7/site-packages/airflow/example_dags/example_local_kubernetes_executor.py
[2025-03-16T08:35:55.560+0000] {processor.py:756} INFO - Processing file /home/airflow/.local/lib/python3.7/site-packages/airflow/example_dags/example_local_kubernetes_executor.py for tasks to queue
[2025-03-16T08:35:55.571+0000] {logging_mixin.py:120} INFO - [2025-03-16T08:35:55.568+0000] {dagbag.py:537} INFO - Filling up the DagBag from /home/airflow/.local/lib/python3.7/site-packages/airflow/example_dags/example_local_kubernetes_executor.py
[2025-03-16T08:35:55.628+0000] {processor.py:766} INFO - DAG(s) dict_keys(['example_local_kubernetes_executor']) retrieved from /home/airflow/.local/lib/python3.7/site-packages/airflow/example_dags/example_local_kubernetes_executor.py
[2025-03-16T08:35:55.778+0000] {logging_mixin.py:120} INFO - [2025-03-16T08:35:55.778+0000] {dag.py:2585} INFO - Sync 1 DAGs
[2025-03-16T08:35:55.871+0000] {logging_mixin.py:120} INFO - [2025-03-16T08:35:55.870+0000] {dag.py:3340} INFO - Setting next_dagrun for example_local_kubernetes_executor to None, run_after=None
[2025-03-16T08:35:55.935+0000] {processor.py:176} INFO - Processing /home/airflow/.local/lib/python3.7/site-packages/airflow/example_dags/example_local_kubernetes_executor.py took 0.408 seconds
[2025-03-16T08:36:26.747+0000] {processor.py:154} INFO - Started process (PID=594) to work on /home/airflow/.local/lib/python3.7/site-packages/airflow/example_dags/example_local_kubernetes_executor.py
[2025-03-16T08:36:26.749+0000] {processor.py:756} INFO - Processing file /home/airflow/.local/lib/python3.7/site-packages/airflow/example_dags/example_local_kubernetes_executor.py for tasks to queue
[2025-03-16T08:36:26.750+0000] {logging_mixin.py:120} INFO - [2025-03-16T08:36:26.750+0000] {dagbag.py:537} INFO - Filling up the DagBag from /home/airflow/.local/lib/python3.7/site-packages/airflow/example_dags/example_local_kubernetes_executor.py
[2025-03-16T08:36:26.788+0000] {processor.py:766} INFO - DAG(s) dict_keys(['example_local_kubernetes_executor']) retrieved from /home/airflow/.local/lib/python3.7/site-packages/airflow/example_dags/example_local_kubernetes_executor.py
[2025-03-16T08:36:26.860+0000] {logging_mixin.py:120} INFO - [2025-03-16T08:36:26.859+0000] {dag.py:2585} INFO - Sync 1 DAGs
[2025-03-16T08:36:26.904+0000] {logging_mixin.py:120} INFO - [2025-03-16T08:36:26.904+0000] {dag.py:3340} INFO - Setting next_dagrun for example_local_kubernetes_executor to None, run_after=None
[2025-03-16T08:36:26.933+0000] {processor.py:176} INFO - Processing /home/airflow/.local/lib/python3.7/site-packages/airflow/example_dags/example_local_kubernetes_executor.py took 0.191 seconds
[2025-03-16T08:36:57.742+0000] {processor.py:154} INFO - Started process (PID=656) to work on /home/airflow/.local/lib/python3.7/site-packages/airflow/example_dags/example_local_kubernetes_executor.py
[2025-03-16T08:36:57.743+0000] {processor.py:756} INFO - Processing file /home/airflow/.local/lib/python3.7/site-packages/airflow/example_dags/example_local_kubernetes_executor.py for tasks to queue
[2025-03-16T08:36:57.745+0000] {logging_mixin.py:120} INFO - [2025-03-16T08:36:57.744+0000] {dagbag.py:537} INFO - Filling up the DagBag from /home/airflow/.local/lib/python3.7/site-packages/airflow/example_dags/example_local_kubernetes_executor.py
[2025-03-16T08:36:57.809+0000] {processor.py:766} INFO - DAG(s) dict_keys(['example_local_kubernetes_executor']) retrieved from /home/airflow/.local/lib/python3.7/site-packages/airflow/example_dags/example_local_kubernetes_executor.py
[2025-03-16T08:36:57.968+0000] {logging_mixin.py:120} INFO - [2025-03-16T08:36:57.967+0000] {dag.py:2585} INFO - Sync 1 DAGs
[2025-03-16T08:36:58.064+0000] {logging_mixin.py:120} INFO - [2025-03-16T08:36:58.063+0000] {dag.py:3340} INFO - Setting next_dagrun for example_local_kubernetes_executor to None, run_after=None
[2025-03-16T08:36:58.116+0000] {processor.py:176} INFO - Processing /home/airflow/.local/lib/python3.7/site-packages/airflow/example_dags/example_local_kubernetes_executor.py took 0.393 seconds
[2025-03-16T08:37:28.193+0000] {processor.py:154} INFO - Started process (PID=710) to work on /home/airflow/.local/lib/python3.7/site-packages/airflow/example_dags/example_local_kubernetes_executor.py
[2025-03-16T08:37:28.194+0000] {processor.py:756} INFO - Processing file /home/airflow/.local/lib/python3.7/site-packages/airflow/example_dags/example_local_kubernetes_executor.py for tasks to queue
[2025-03-16T08:37:28.195+0000] {logging_mixin.py:120} INFO - [2025-03-16T08:37:28.195+0000] {dagbag.py:537} INFO - Filling up the DagBag from /home/airflow/.local/lib/python3.7/site-packages/airflow/example_dags/example_local_kubernetes_executor.py
[2025-03-16T08:37:28.223+0000] {processor.py:766} INFO - DAG(s) dict_keys(['example_local_kubernetes_executor']) retrieved from /home/airflow/.local/lib/python3.7/site-packages/airflow/example_dags/example_local_kubernetes_executor.py
[2025-03-16T08:37:28.280+0000] {logging_mixin.py:120} INFO - [2025-03-16T08:37:28.280+0000] {dag.py:2585} INFO - Sync 1 DAGs
[2025-03-16T08:37:28.315+0000] {logging_mixin.py:120} INFO - [2025-03-16T08:37:28.315+0000] {dag.py:3340} INFO - Setting next_dagrun for example_local_kubernetes_executor to None, run_after=None
[2025-03-16T08:37:28.347+0000] {processor.py:176} INFO - Processing /home/airflow/.local/lib/python3.7/site-packages/airflow/example_dags/example_local_kubernetes_executor.py took 0.158 seconds
[2025-03-16T08:37:59.255+0000] {processor.py:154} INFO - Started process (PID=773) to work on /home/airflow/.local/lib/python3.7/site-packages/airflow/example_dags/example_local_kubernetes_executor.py
[2025-03-16T08:37:59.256+0000] {processor.py:756} INFO - Processing file /home/airflow/.local/lib/python3.7/site-packages/airflow/example_dags/example_local_kubernetes_executor.py for tasks to queue
[2025-03-16T08:37:59.257+0000] {logging_mixin.py:120} INFO - [2025-03-16T08:37:59.257+0000] {dagbag.py:537} INFO - Filling up the DagBag from /home/airflow/.local/lib/python3.7/site-packages/airflow/example_dags/example_local_kubernetes_executor.py
[2025-03-16T08:37:59.323+0000] {processor.py:766} INFO - DAG(s) dict_keys(['example_local_kubernetes_executor']) retrieved from /home/airflow/.local/lib/python3.7/site-packages/airflow/example_dags/example_local_kubernetes_executor.py
[2025-03-16T08:37:59.441+0000] {logging_mixin.py:120} INFO - [2025-03-16T08:37:59.441+0000] {dag.py:2585} INFO - Sync 1 DAGs
[2025-03-16T08:37:59.612+0000] {logging_mixin.py:120} INFO - [2025-03-16T08:37:59.612+0000] {dag.py:3340} INFO - Setting next_dagrun for example_local_kubernetes_executor to None, run_after=None
[2025-03-16T08:37:59.689+0000] {processor.py:176} INFO - Processing /home/airflow/.local/lib/python3.7/site-packages/airflow/example_dags/example_local_kubernetes_executor.py took 0.447 seconds
[2025-03-16T08:38:29.904+0000] {processor.py:154} INFO - Started process (PID=828) to work on /home/airflow/.local/lib/python3.7/site-packages/airflow/example_dags/example_local_kubernetes_executor.py
[2025-03-16T08:38:29.913+0000] {processor.py:756} INFO - Processing file /home/airflow/.local/lib/python3.7/site-packages/airflow/example_dags/example_local_kubernetes_executor.py for tasks to queue
[2025-03-16T08:38:29.915+0000] {logging_mixin.py:120} INFO - [2025-03-16T08:38:29.914+0000] {dagbag.py:537} INFO - Filling up the DagBag from /home/airflow/.local/lib/python3.7/site-packages/airflow/example_dags/example_local_kubernetes_executor.py
[2025-03-16T08:38:30.027+0000] {processor.py:766} INFO - DAG(s) dict_keys(['example_local_kubernetes_executor']) retrieved from /home/airflow/.local/lib/python3.7/site-packages/airflow/example_dags/example_local_kubernetes_executor.py
[2025-03-16T08:38:30.109+0000] {logging_mixin.py:120} INFO - [2025-03-16T08:38:30.109+0000] {dag.py:2585} INFO - Sync 1 DAGs
[2025-03-16T08:38:30.159+0000] {logging_mixin.py:120} INFO - [2025-03-16T08:38:30.159+0000] {dag.py:3340} INFO - Setting next_dagrun for example_local_kubernetes_executor to None, run_after=None
[2025-03-16T08:38:30.194+0000] {processor.py:176} INFO - Processing /home/airflow/.local/lib/python3.7/site-packages/airflow/example_dags/example_local_kubernetes_executor.py took 0.316 seconds
[2025-03-16T08:39:00.874+0000] {processor.py:154} INFO - Started process (PID=891) to work on /home/airflow/.local/lib/python3.7/site-packages/airflow/example_dags/example_local_kubernetes_executor.py
[2025-03-16T08:39:00.878+0000] {processor.py:756} INFO - Processing file /home/airflow/.local/lib/python3.7/site-packages/airflow/example_dags/example_local_kubernetes_executor.py for tasks to queue
[2025-03-16T08:39:00.879+0000] {logging_mixin.py:120} INFO - [2025-03-16T08:39:00.879+0000] {dagbag.py:537} INFO - Filling up the DagBag from /home/airflow/.local/lib/python3.7/site-packages/airflow/example_dags/example_local_kubernetes_executor.py
[2025-03-16T08:39:00.964+0000] {processor.py:766} INFO - DAG(s) dict_keys(['example_local_kubernetes_executor']) retrieved from /home/airflow/.local/lib/python3.7/site-packages/airflow/example_dags/example_local_kubernetes_executor.py
[2025-03-16T08:39:01.110+0000] {logging_mixin.py:120} INFO - [2025-03-16T08:39:01.109+0000] {dag.py:2585} INFO - Sync 1 DAGs
[2025-03-16T08:39:01.165+0000] {logging_mixin.py:120} INFO - [2025-03-16T08:39:01.165+0000] {dag.py:3340} INFO - Setting next_dagrun for example_local_kubernetes_executor to None, run_after=None
[2025-03-16T08:39:01.239+0000] {processor.py:176} INFO - Processing /home/airflow/.local/lib/python3.7/site-packages/airflow/example_dags/example_local_kubernetes_executor.py took 0.377 seconds
[2025-03-16T08:39:31.429+0000] {processor.py:154} INFO - Started process (PID=945) to work on /home/airflow/.local/lib/python3.7/site-packages/airflow/example_dags/example_local_kubernetes_executor.py
[2025-03-16T08:39:31.430+0000] {processor.py:756} INFO - Processing file /home/airflow/.local/lib/python3.7/site-packages/airflow/example_dags/example_local_kubernetes_executor.py for tasks to queue
[2025-03-16T08:39:31.431+0000] {logging_mixin.py:120} INFO - [2025-03-16T08:39:31.431+0000] {dagbag.py:537} INFO - Filling up the DagBag from /home/airflow/.local/lib/python3.7/site-packages/airflow/example_dags/example_local_kubernetes_executor.py
[2025-03-16T08:39:31.458+0000] {processor.py:766} INFO - DAG(s) dict_keys(['example_local_kubernetes_executor']) retrieved from /home/airflow/.local/lib/python3.7/site-packages/airflow/example_dags/example_local_kubernetes_executor.py
[2025-03-16T08:39:31.540+0000] {logging_mixin.py:120} INFO - [2025-03-16T08:39:31.540+0000] {dag.py:2585} INFO - Sync 1 DAGs
[2025-03-16T08:39:31.599+0000] {logging_mixin.py:120} INFO - [2025-03-16T08:39:31.597+0000] {dag.py:3340} INFO - Setting next_dagrun for example_local_kubernetes_executor to None, run_after=None
[2025-03-16T08:39:31.630+0000] {processor.py:176} INFO - Processing /home/airflow/.local/lib/python3.7/site-packages/airflow/example_dags/example_local_kubernetes_executor.py took 0.205 seconds
[2025-03-16T08:40:02.219+0000] {processor.py:154} INFO - Started process (PID=999) to work on /home/airflow/.local/lib/python3.7/site-packages/airflow/example_dags/example_local_kubernetes_executor.py
[2025-03-16T08:40:02.228+0000] {processor.py:756} INFO - Processing file /home/airflow/.local/lib/python3.7/site-packages/airflow/example_dags/example_local_kubernetes_executor.py for tasks to queue
[2025-03-16T08:40:02.230+0000] {logging_mixin.py:120} INFO - [2025-03-16T08:40:02.229+0000] {dagbag.py:537} INFO - Filling up the DagBag from /home/airflow/.local/lib/python3.7/site-packages/airflow/example_dags/example_local_kubernetes_executor.py
[2025-03-16T08:40:02.304+0000] {processor.py:766} INFO - DAG(s) dict_keys(['example_local_kubernetes_executor']) retrieved from /home/airflow/.local/lib/python3.7/site-packages/airflow/example_dags/example_local_kubernetes_executor.py
[2025-03-16T08:40:02.396+0000] {logging_mixin.py:120} INFO - [2025-03-16T08:40:02.396+0000] {dag.py:2585} INFO - Sync 1 DAGs
[2025-03-16T08:40:02.456+0000] {logging_mixin.py:120} INFO - [2025-03-16T08:40:02.455+0000] {dag.py:3340} INFO - Setting next_dagrun for example_local_kubernetes_executor to None, run_after=None
[2025-03-16T08:40:02.493+0000] {processor.py:176} INFO - Processing /home/airflow/.local/lib/python3.7/site-packages/airflow/example_dags/example_local_kubernetes_executor.py took 0.297 seconds
[2025-03-16T08:40:32.778+0000] {processor.py:154} INFO - Started process (PID=1062) to work on /home/airflow/.local/lib/python3.7/site-packages/airflow/example_dags/example_local_kubernetes_executor.py
[2025-03-16T08:40:32.780+0000] {processor.py:756} INFO - Processing file /home/airflow/.local/lib/python3.7/site-packages/airflow/example_dags/example_local_kubernetes_executor.py for tasks to queue
[2025-03-16T08:40:32.781+0000] {logging_mixin.py:120} INFO - [2025-03-16T08:40:32.781+0000] {dagbag.py:537} INFO - Filling up the DagBag from /home/airflow/.local/lib/python3.7/site-packages/airflow/example_dags/example_local_kubernetes_executor.py
[2025-03-16T08:40:32.820+0000] {processor.py:766} INFO - DAG(s) dict_keys(['example_local_kubernetes_executor']) retrieved from /home/airflow/.local/lib/python3.7/site-packages/airflow/example_dags/example_local_kubernetes_executor.py
[2025-03-16T08:40:32.895+0000] {logging_mixin.py:120} INFO - [2025-03-16T08:40:32.895+0000] {dag.py:2585} INFO - Sync 1 DAGs
[2025-03-16T08:40:32.944+0000] {logging_mixin.py:120} INFO - [2025-03-16T08:40:32.944+0000] {dag.py:3340} INFO - Setting next_dagrun for example_local_kubernetes_executor to None, run_after=None
[2025-03-16T08:40:32.977+0000] {processor.py:176} INFO - Processing /home/airflow/.local/lib/python3.7/site-packages/airflow/example_dags/example_local_kubernetes_executor.py took 0.207 seconds
[2025-03-16T08:41:03.544+0000] {processor.py:154} INFO - Started process (PID=1116) to work on /home/airflow/.local/lib/python3.7/site-packages/airflow/example_dags/example_local_kubernetes_executor.py
[2025-03-16T08:41:03.545+0000] {processor.py:756} INFO - Processing file /home/airflow/.local/lib/python3.7/site-packages/airflow/example_dags/example_local_kubernetes_executor.py for tasks to queue
[2025-03-16T08:41:03.547+0000] {logging_mixin.py:120} INFO - [2025-03-16T08:41:03.546+0000] {dagbag.py:537} INFO - Filling up the DagBag from /home/airflow/.local/lib/python3.7/site-packages/airflow/example_dags/example_local_kubernetes_executor.py
[2025-03-16T08:41:03.599+0000] {processor.py:766} INFO - DAG(s) dict_keys(['example_local_kubernetes_executor']) retrieved from /home/airflow/.local/lib/python3.7/site-packages/airflow/example_dags/example_local_kubernetes_executor.py
[2025-03-16T08:41:03.752+0000] {logging_mixin.py:120} INFO - [2025-03-16T08:41:03.752+0000] {dag.py:2585} INFO - Sync 1 DAGs
[2025-03-16T08:41:03.804+0000] {logging_mixin.py:120} INFO - [2025-03-16T08:41:03.804+0000] {dag.py:3340} INFO - Setting next_dagrun for example_local_kubernetes_executor to None, run_after=None
[2025-03-16T08:41:03.847+0000] {processor.py:176} INFO - Processing /home/airflow/.local/lib/python3.7/site-packages/airflow/example_dags/example_local_kubernetes_executor.py took 0.309 seconds
[2025-03-16T08:41:34.763+0000] {processor.py:154} INFO - Started process (PID=1179) to work on /home/airflow/.local/lib/python3.7/site-packages/airflow/example_dags/example_local_kubernetes_executor.py
[2025-03-16T08:41:34.764+0000] {processor.py:756} INFO - Processing file /home/airflow/.local/lib/python3.7/site-packages/airflow/example_dags/example_local_kubernetes_executor.py for tasks to queue
[2025-03-16T08:41:34.765+0000] {logging_mixin.py:120} INFO - [2025-03-16T08:41:34.765+0000] {dagbag.py:537} INFO - Filling up the DagBag from /home/airflow/.local/lib/python3.7/site-packages/airflow/example_dags/example_local_kubernetes_executor.py
[2025-03-16T08:41:34.809+0000] {processor.py:766} INFO - DAG(s) dict_keys(['example_local_kubernetes_executor']) retrieved from /home/airflow/.local/lib/python3.7/site-packages/airflow/example_dags/example_local_kubernetes_executor.py
[2025-03-16T08:41:34.886+0000] {logging_mixin.py:120} INFO - [2025-03-16T08:41:34.884+0000] {dag.py:2585} INFO - Sync 1 DAGs
[2025-03-16T08:41:34.983+0000] {logging_mixin.py:120} INFO - [2025-03-16T08:41:34.983+0000] {dag.py:3340} INFO - Setting next_dagrun for example_local_kubernetes_executor to None, run_after=None
[2025-03-16T08:41:35.030+0000] {processor.py:176} INFO - Processing /home/airflow/.local/lib/python3.7/site-packages/airflow/example_dags/example_local_kubernetes_executor.py took 0.273 seconds
[2025-03-16T08:42:05.749+0000] {processor.py:154} INFO - Started process (PID=1233) to work on /home/airflow/.local/lib/python3.7/site-packages/airflow/example_dags/example_local_kubernetes_executor.py
[2025-03-16T08:42:05.753+0000] {processor.py:756} INFO - Processing file /home/airflow/.local/lib/python3.7/site-packages/airflow/example_dags/example_local_kubernetes_executor.py for tasks to queue
[2025-03-16T08:42:05.756+0000] {logging_mixin.py:120} INFO - [2025-03-16T08:42:05.756+0000] {dagbag.py:537} INFO - Filling up the DagBag from /home/airflow/.local/lib/python3.7/site-packages/airflow/example_dags/example_local_kubernetes_executor.py
[2025-03-16T08:42:05.800+0000] {processor.py:766} INFO - DAG(s) dict_keys(['example_local_kubernetes_executor']) retrieved from /home/airflow/.local/lib/python3.7/site-packages/airflow/example_dags/example_local_kubernetes_executor.py
[2025-03-16T08:42:05.901+0000] {logging_mixin.py:120} INFO - [2025-03-16T08:42:05.901+0000] {dag.py:2585} INFO - Sync 1 DAGs
[2025-03-16T08:42:05.950+0000] {logging_mixin.py:120} INFO - [2025-03-16T08:42:05.950+0000] {dag.py:3340} INFO - Setting next_dagrun for example_local_kubernetes_executor to None, run_after=None
[2025-03-16T08:42:05.982+0000] {processor.py:176} INFO - Processing /home/airflow/.local/lib/python3.7/site-packages/airflow/example_dags/example_local_kubernetes_executor.py took 0.246 seconds
[2025-03-16T08:42:36.589+0000] {processor.py:154} INFO - Started process (PID=1296) to work on /home/airflow/.local/lib/python3.7/site-packages/airflow/example_dags/example_local_kubernetes_executor.py
[2025-03-16T08:42:36.592+0000] {processor.py:756} INFO - Processing file /home/airflow/.local/lib/python3.7/site-packages/airflow/example_dags/example_local_kubernetes_executor.py for tasks to queue
[2025-03-16T08:42:36.593+0000] {logging_mixin.py:120} INFO - [2025-03-16T08:42:36.593+0000] {dagbag.py:537} INFO - Filling up the DagBag from /home/airflow/.local/lib/python3.7/site-packages/airflow/example_dags/example_local_kubernetes_executor.py
[2025-03-16T08:42:36.637+0000] {processor.py:766} INFO - DAG(s) dict_keys(['example_local_kubernetes_executor']) retrieved from /home/airflow/.local/lib/python3.7/site-packages/airflow/example_dags/example_local_kubernetes_executor.py
[2025-03-16T08:42:36.723+0000] {logging_mixin.py:120} INFO - [2025-03-16T08:42:36.723+0000] {dag.py:2585} INFO - Sync 1 DAGs
[2025-03-16T08:42:36.775+0000] {logging_mixin.py:120} INFO - [2025-03-16T08:42:36.775+0000] {dag.py:3340} INFO - Setting next_dagrun for example_local_kubernetes_executor to None, run_after=None
[2025-03-16T08:42:36.812+0000] {processor.py:176} INFO - Processing /home/airflow/.local/lib/python3.7/site-packages/airflow/example_dags/example_local_kubernetes_executor.py took 0.228 seconds
[2025-03-16T08:43:07.370+0000] {processor.py:154} INFO - Started process (PID=1350) to work on /home/airflow/.local/lib/python3.7/site-packages/airflow/example_dags/example_local_kubernetes_executor.py
[2025-03-16T08:43:07.372+0000] {processor.py:756} INFO - Processing file /home/airflow/.local/lib/python3.7/site-packages/airflow/example_dags/example_local_kubernetes_executor.py for tasks to queue
[2025-03-16T08:43:07.374+0000] {logging_mixin.py:120} INFO - [2025-03-16T08:43:07.373+0000] {dagbag.py:537} INFO - Filling up the DagBag from /home/airflow/.local/lib/python3.7/site-packages/airflow/example_dags/example_local_kubernetes_executor.py
[2025-03-16T08:43:07.441+0000] {processor.py:766} INFO - DAG(s) dict_keys(['example_local_kubernetes_executor']) retrieved from /home/airflow/.local/lib/python3.7/site-packages/airflow/example_dags/example_local_kubernetes_executor.py
[2025-03-16T08:43:07.534+0000] {logging_mixin.py:120} INFO - [2025-03-16T08:43:07.533+0000] {dag.py:2585} INFO - Sync 1 DAGs
[2025-03-16T08:43:07.618+0000] {logging_mixin.py:120} INFO - [2025-03-16T08:43:07.618+0000] {dag.py:3340} INFO - Setting next_dagrun for example_local_kubernetes_executor to None, run_after=None
[2025-03-16T08:43:07.685+0000] {processor.py:176} INFO - Processing /home/airflow/.local/lib/python3.7/site-packages/airflow/example_dags/example_local_kubernetes_executor.py took 0.323 seconds
[2025-03-16T08:43:38.397+0000] {processor.py:154} INFO - Started process (PID=1413) to work on /home/airflow/.local/lib/python3.7/site-packages/airflow/example_dags/example_local_kubernetes_executor.py
[2025-03-16T08:43:38.398+0000] {processor.py:756} INFO - Processing file /home/airflow/.local/lib/python3.7/site-packages/airflow/example_dags/example_local_kubernetes_executor.py for tasks to queue
[2025-03-16T08:43:38.399+0000] {logging_mixin.py:120} INFO - [2025-03-16T08:43:38.399+0000] {dagbag.py:537} INFO - Filling up the DagBag from /home/airflow/.local/lib/python3.7/site-packages/airflow/example_dags/example_local_kubernetes_executor.py
[2025-03-16T08:43:38.439+0000] {processor.py:766} INFO - DAG(s) dict_keys(['example_local_kubernetes_executor']) retrieved from /home/airflow/.local/lib/python3.7/site-packages/airflow/example_dags/example_local_kubernetes_executor.py
[2025-03-16T08:43:38.506+0000] {logging_mixin.py:120} INFO - [2025-03-16T08:43:38.506+0000] {dag.py:2585} INFO - Sync 1 DAGs
[2025-03-16T08:43:38.555+0000] {logging_mixin.py:120} INFO - [2025-03-16T08:43:38.554+0000] {dag.py:3340} INFO - Setting next_dagrun for example_local_kubernetes_executor to None, run_after=None
[2025-03-16T08:43:38.590+0000] {processor.py:176} INFO - Processing /home/airflow/.local/lib/python3.7/site-packages/airflow/example_dags/example_local_kubernetes_executor.py took 0.199 seconds
[2025-03-16T08:44:09.487+0000] {processor.py:154} INFO - Started process (PID=1467) to work on /home/airflow/.local/lib/python3.7/site-packages/airflow/example_dags/example_local_kubernetes_executor.py
[2025-03-16T08:44:09.489+0000] {processor.py:756} INFO - Processing file /home/airflow/.local/lib/python3.7/site-packages/airflow/example_dags/example_local_kubernetes_executor.py for tasks to queue
[2025-03-16T08:44:09.492+0000] {logging_mixin.py:120} INFO - [2025-03-16T08:44:09.491+0000] {dagbag.py:537} INFO - Filling up the DagBag from /home/airflow/.local/lib/python3.7/site-packages/airflow/example_dags/example_local_kubernetes_executor.py
[2025-03-16T08:44:09.537+0000] {processor.py:766} INFO - DAG(s) dict_keys(['example_local_kubernetes_executor']) retrieved from /home/airflow/.local/lib/python3.7/site-packages/airflow/example_dags/example_local_kubernetes_executor.py
[2025-03-16T08:44:09.605+0000] {logging_mixin.py:120} INFO - [2025-03-16T08:44:09.605+0000] {dag.py:2585} INFO - Sync 1 DAGs
[2025-03-16T08:44:09.652+0000] {logging_mixin.py:120} INFO - [2025-03-16T08:44:09.651+0000] {dag.py:3340} INFO - Setting next_dagrun for example_local_kubernetes_executor to None, run_after=None
[2025-03-16T08:44:09.681+0000] {processor.py:176} INFO - Processing /home/airflow/.local/lib/python3.7/site-packages/airflow/example_dags/example_local_kubernetes_executor.py took 0.198 seconds
[2025-03-16T08:44:40.596+0000] {processor.py:154} INFO - Started process (PID=1531) to work on /home/airflow/.local/lib/python3.7/site-packages/airflow/example_dags/example_local_kubernetes_executor.py
[2025-03-16T08:44:40.597+0000] {processor.py:756} INFO - Processing file /home/airflow/.local/lib/python3.7/site-packages/airflow/example_dags/example_local_kubernetes_executor.py for tasks to queue
[2025-03-16T08:44:40.599+0000] {logging_mixin.py:120} INFO - [2025-03-16T08:44:40.599+0000] {dagbag.py:537} INFO - Filling up the DagBag from /home/airflow/.local/lib/python3.7/site-packages/airflow/example_dags/example_local_kubernetes_executor.py
[2025-03-16T08:44:40.713+0000] {processor.py:766} INFO - DAG(s) dict_keys(['example_local_kubernetes_executor']) retrieved from /home/airflow/.local/lib/python3.7/site-packages/airflow/example_dags/example_local_kubernetes_executor.py
[2025-03-16T08:44:40.794+0000] {logging_mixin.py:120} INFO - [2025-03-16T08:44:40.794+0000] {dag.py:2585} INFO - Sync 1 DAGs
[2025-03-16T08:44:40.844+0000] {logging_mixin.py:120} INFO - [2025-03-16T08:44:40.843+0000] {dag.py:3340} INFO - Setting next_dagrun for example_local_kubernetes_executor to None, run_after=None
[2025-03-16T08:44:40.877+0000] {processor.py:176} INFO - Processing /home/airflow/.local/lib/python3.7/site-packages/airflow/example_dags/example_local_kubernetes_executor.py took 0.290 seconds
[2025-03-16T08:45:11.041+0000] {processor.py:154} INFO - Started process (PID=1585) to work on /home/airflow/.local/lib/python3.7/site-packages/airflow/example_dags/example_local_kubernetes_executor.py
[2025-03-16T08:45:11.043+0000] {processor.py:756} INFO - Processing file /home/airflow/.local/lib/python3.7/site-packages/airflow/example_dags/example_local_kubernetes_executor.py for tasks to queue
[2025-03-16T08:45:11.044+0000] {logging_mixin.py:120} INFO - [2025-03-16T08:45:11.044+0000] {dagbag.py:537} INFO - Filling up the DagBag from /home/airflow/.local/lib/python3.7/site-packages/airflow/example_dags/example_local_kubernetes_executor.py
[2025-03-16T08:45:11.083+0000] {processor.py:766} INFO - DAG(s) dict_keys(['example_local_kubernetes_executor']) retrieved from /home/airflow/.local/lib/python3.7/site-packages/airflow/example_dags/example_local_kubernetes_executor.py
[2025-03-16T08:45:11.154+0000] {logging_mixin.py:120} INFO - [2025-03-16T08:45:11.154+0000] {dag.py:2585} INFO - Sync 1 DAGs
[2025-03-16T08:45:11.204+0000] {logging_mixin.py:120} INFO - [2025-03-16T08:45:11.203+0000] {dag.py:3340} INFO - Setting next_dagrun for example_local_kubernetes_executor to None, run_after=None
[2025-03-16T08:45:11.236+0000] {processor.py:176} INFO - Processing /home/airflow/.local/lib/python3.7/site-packages/airflow/example_dags/example_local_kubernetes_executor.py took 0.199 seconds
[2025-03-16T08:45:42.098+0000] {processor.py:154} INFO - Started process (PID=1648) to work on /home/airflow/.local/lib/python3.7/site-packages/airflow/example_dags/example_local_kubernetes_executor.py
[2025-03-16T08:45:42.099+0000] {processor.py:756} INFO - Processing file /home/airflow/.local/lib/python3.7/site-packages/airflow/example_dags/example_local_kubernetes_executor.py for tasks to queue
[2025-03-16T08:45:42.101+0000] {logging_mixin.py:120} INFO - [2025-03-16T08:45:42.100+0000] {dagbag.py:537} INFO - Filling up the DagBag from /home/airflow/.local/lib/python3.7/site-packages/airflow/example_dags/example_local_kubernetes_executor.py
[2025-03-16T08:45:42.156+0000] {processor.py:766} INFO - DAG(s) dict_keys(['example_local_kubernetes_executor']) retrieved from /home/airflow/.local/lib/python3.7/site-packages/airflow/example_dags/example_local_kubernetes_executor.py
[2025-03-16T08:45:42.232+0000] {logging_mixin.py:120} INFO - [2025-03-16T08:45:42.232+0000] {dag.py:2585} INFO - Sync 1 DAGs
[2025-03-16T08:45:42.313+0000] {logging_mixin.py:120} INFO - [2025-03-16T08:45:42.313+0000] {dag.py:3340} INFO - Setting next_dagrun for example_local_kubernetes_executor to None, run_after=None
[2025-03-16T08:45:42.346+0000] {processor.py:176} INFO - Processing /home/airflow/.local/lib/python3.7/site-packages/airflow/example_dags/example_local_kubernetes_executor.py took 0.262 seconds
[2025-03-16T08:46:13.101+0000] {processor.py:154} INFO - Started process (PID=1702) to work on /home/airflow/.local/lib/python3.7/site-packages/airflow/example_dags/example_local_kubernetes_executor.py
[2025-03-16T08:46:13.103+0000] {processor.py:756} INFO - Processing file /home/airflow/.local/lib/python3.7/site-packages/airflow/example_dags/example_local_kubernetes_executor.py for tasks to queue
[2025-03-16T08:46:13.104+0000] {logging_mixin.py:120} INFO - [2025-03-16T08:46:13.104+0000] {dagbag.py:537} INFO - Filling up the DagBag from /home/airflow/.local/lib/python3.7/site-packages/airflow/example_dags/example_local_kubernetes_executor.py
[2025-03-16T08:46:13.159+0000] {processor.py:766} INFO - DAG(s) dict_keys(['example_local_kubernetes_executor']) retrieved from /home/airflow/.local/lib/python3.7/site-packages/airflow/example_dags/example_local_kubernetes_executor.py
[2025-03-16T08:46:13.227+0000] {logging_mixin.py:120} INFO - [2025-03-16T08:46:13.227+0000] {dag.py:2585} INFO - Sync 1 DAGs
[2025-03-16T08:46:13.276+0000] {logging_mixin.py:120} INFO - [2025-03-16T08:46:13.276+0000] {dag.py:3340} INFO - Setting next_dagrun for example_local_kubernetes_executor to None, run_after=None
[2025-03-16T08:46:13.305+0000] {processor.py:176} INFO - Processing /home/airflow/.local/lib/python3.7/site-packages/airflow/example_dags/example_local_kubernetes_executor.py took 0.210 seconds
[2025-03-16T08:46:43.369+0000] {processor.py:154} INFO - Started process (PID=1765) to work on /home/airflow/.local/lib/python3.7/site-packages/airflow/example_dags/example_local_kubernetes_executor.py
[2025-03-16T08:46:43.369+0000] {processor.py:756} INFO - Processing file /home/airflow/.local/lib/python3.7/site-packages/airflow/example_dags/example_local_kubernetes_executor.py for tasks to queue
[2025-03-16T08:46:43.370+0000] {logging_mixin.py:120} INFO - [2025-03-16T08:46:43.370+0000] {dagbag.py:537} INFO - Filling up the DagBag from /home/airflow/.local/lib/python3.7/site-packages/airflow/example_dags/example_local_kubernetes_executor.py
[2025-03-16T08:46:43.395+0000] {processor.py:766} INFO - DAG(s) dict_keys(['example_local_kubernetes_executor']) retrieved from /home/airflow/.local/lib/python3.7/site-packages/airflow/example_dags/example_local_kubernetes_executor.py
[2025-03-16T08:46:43.452+0000] {logging_mixin.py:120} INFO - [2025-03-16T08:46:43.452+0000] {dag.py:2585} INFO - Sync 1 DAGs
[2025-03-16T08:46:43.497+0000] {logging_mixin.py:120} INFO - [2025-03-16T08:46:43.497+0000] {dag.py:3340} INFO - Setting next_dagrun for example_local_kubernetes_executor to None, run_after=None
[2025-03-16T08:46:43.533+0000] {processor.py:176} INFO - Processing /home/airflow/.local/lib/python3.7/site-packages/airflow/example_dags/example_local_kubernetes_executor.py took 0.168 seconds
[2025-03-16T08:47:14.295+0000] {processor.py:154} INFO - Started process (PID=1819) to work on /home/airflow/.local/lib/python3.7/site-packages/airflow/example_dags/example_local_kubernetes_executor.py
[2025-03-16T08:47:14.299+0000] {processor.py:756} INFO - Processing file /home/airflow/.local/lib/python3.7/site-packages/airflow/example_dags/example_local_kubernetes_executor.py for tasks to queue
[2025-03-16T08:47:14.300+0000] {logging_mixin.py:120} INFO - [2025-03-16T08:47:14.300+0000] {dagbag.py:537} INFO - Filling up the DagBag from /home/airflow/.local/lib/python3.7/site-packages/airflow/example_dags/example_local_kubernetes_executor.py
[2025-03-16T08:47:14.379+0000] {processor.py:766} INFO - DAG(s) dict_keys(['example_local_kubernetes_executor']) retrieved from /home/airflow/.local/lib/python3.7/site-packages/airflow/example_dags/example_local_kubernetes_executor.py
[2025-03-16T08:47:14.445+0000] {logging_mixin.py:120} INFO - [2025-03-16T08:47:14.445+0000] {dag.py:2585} INFO - Sync 1 DAGs
[2025-03-16T08:47:14.490+0000] {logging_mixin.py:120} INFO - [2025-03-16T08:47:14.490+0000] {dag.py:3340} INFO - Setting next_dagrun for example_local_kubernetes_executor to None, run_after=None
[2025-03-16T08:47:14.518+0000] {processor.py:176} INFO - Processing /home/airflow/.local/lib/python3.7/site-packages/airflow/example_dags/example_local_kubernetes_executor.py took 0.229 seconds
[2025-03-16T08:47:44.819+0000] {processor.py:154} INFO - Started process (PID=1882) to work on /home/airflow/.local/lib/python3.7/site-packages/airflow/example_dags/example_local_kubernetes_executor.py
[2025-03-16T08:47:44.820+0000] {processor.py:756} INFO - Processing file /home/airflow/.local/lib/python3.7/site-packages/airflow/example_dags/example_local_kubernetes_executor.py for tasks to queue
[2025-03-16T08:47:44.821+0000] {logging_mixin.py:120} INFO - [2025-03-16T08:47:44.820+0000] {dagbag.py:537} INFO - Filling up the DagBag from /home/airflow/.local/lib/python3.7/site-packages/airflow/example_dags/example_local_kubernetes_executor.py
[2025-03-16T08:47:44.860+0000] {processor.py:766} INFO - DAG(s) dict_keys(['example_local_kubernetes_executor']) retrieved from /home/airflow/.local/lib/python3.7/site-packages/airflow/example_dags/example_local_kubernetes_executor.py
[2025-03-16T08:47:44.954+0000] {logging_mixin.py:120} INFO - [2025-03-16T08:47:44.953+0000] {dag.py:2585} INFO - Sync 1 DAGs
[2025-03-16T08:47:45.009+0000] {logging_mixin.py:120} INFO - [2025-03-16T08:47:45.008+0000] {dag.py:3340} INFO - Setting next_dagrun for example_local_kubernetes_executor to None, run_after=None
[2025-03-16T08:47:45.041+0000] {processor.py:176} INFO - Processing /home/airflow/.local/lib/python3.7/site-packages/airflow/example_dags/example_local_kubernetes_executor.py took 0.228 seconds
[2025-03-16T08:48:15.903+0000] {processor.py:154} INFO - Started process (PID=1936) to work on /home/airflow/.local/lib/python3.7/site-packages/airflow/example_dags/example_local_kubernetes_executor.py
[2025-03-16T08:48:15.915+0000] {processor.py:756} INFO - Processing file /home/airflow/.local/lib/python3.7/site-packages/airflow/example_dags/example_local_kubernetes_executor.py for tasks to queue
[2025-03-16T08:48:15.927+0000] {logging_mixin.py:120} INFO - [2025-03-16T08:48:15.927+0000] {dagbag.py:537} INFO - Filling up the DagBag from /home/airflow/.local/lib/python3.7/site-packages/airflow/example_dags/example_local_kubernetes_executor.py
[2025-03-16T08:48:15.972+0000] {processor.py:766} INFO - DAG(s) dict_keys(['example_local_kubernetes_executor']) retrieved from /home/airflow/.local/lib/python3.7/site-packages/airflow/example_dags/example_local_kubernetes_executor.py
[2025-03-16T08:48:16.036+0000] {logging_mixin.py:120} INFO - [2025-03-16T08:48:16.036+0000] {dag.py:2585} INFO - Sync 1 DAGs
[2025-03-16T08:48:16.084+0000] {logging_mixin.py:120} INFO - [2025-03-16T08:48:16.083+0000] {dag.py:3340} INFO - Setting next_dagrun for example_local_kubernetes_executor to None, run_after=None
[2025-03-16T08:48:16.116+0000] {processor.py:176} INFO - Processing /home/airflow/.local/lib/python3.7/site-packages/airflow/example_dags/example_local_kubernetes_executor.py took 0.223 seconds
[2025-03-16T08:48:46.667+0000] {processor.py:154} INFO - Started process (PID=1998) to work on /home/airflow/.local/lib/python3.7/site-packages/airflow/example_dags/example_local_kubernetes_executor.py
[2025-03-16T08:48:46.669+0000] {processor.py:756} INFO - Processing file /home/airflow/.local/lib/python3.7/site-packages/airflow/example_dags/example_local_kubernetes_executor.py for tasks to queue
[2025-03-16T08:48:46.669+0000] {logging_mixin.py:120} INFO - [2025-03-16T08:48:46.669+0000] {dagbag.py:537} INFO - Filling up the DagBag from /home/airflow/.local/lib/python3.7/site-packages/airflow/example_dags/example_local_kubernetes_executor.py
[2025-03-16T08:48:46.705+0000] {processor.py:766} INFO - DAG(s) dict_keys(['example_local_kubernetes_executor']) retrieved from /home/airflow/.local/lib/python3.7/site-packages/airflow/example_dags/example_local_kubernetes_executor.py
[2025-03-16T08:48:46.823+0000] {logging_mixin.py:120} INFO - [2025-03-16T08:48:46.823+0000] {dag.py:2585} INFO - Sync 1 DAGs
[2025-03-16T08:48:46.873+0000] {logging_mixin.py:120} INFO - [2025-03-16T08:48:46.873+0000] {dag.py:3340} INFO - Setting next_dagrun for example_local_kubernetes_executor to None, run_after=None
[2025-03-16T08:48:46.907+0000] {processor.py:176} INFO - Processing /home/airflow/.local/lib/python3.7/site-packages/airflow/example_dags/example_local_kubernetes_executor.py took 0.255 seconds
[2025-03-16T08:49:17.395+0000] {processor.py:154} INFO - Started process (PID=2052) to work on /home/airflow/.local/lib/python3.7/site-packages/airflow/example_dags/example_local_kubernetes_executor.py
[2025-03-16T08:49:17.396+0000] {processor.py:756} INFO - Processing file /home/airflow/.local/lib/python3.7/site-packages/airflow/example_dags/example_local_kubernetes_executor.py for tasks to queue
[2025-03-16T08:49:17.399+0000] {logging_mixin.py:120} INFO - [2025-03-16T08:49:17.398+0000] {dagbag.py:537} INFO - Filling up the DagBag from /home/airflow/.local/lib/python3.7/site-packages/airflow/example_dags/example_local_kubernetes_executor.py
[2025-03-16T08:49:17.445+0000] {processor.py:766} INFO - DAG(s) dict_keys(['example_local_kubernetes_executor']) retrieved from /home/airflow/.local/lib/python3.7/site-packages/airflow/example_dags/example_local_kubernetes_executor.py
[2025-03-16T08:49:17.533+0000] {logging_mixin.py:120} INFO - [2025-03-16T08:49:17.533+0000] {dag.py:2585} INFO - Sync 1 DAGs
[2025-03-16T08:49:17.588+0000] {logging_mixin.py:120} INFO - [2025-03-16T08:49:17.587+0000] {dag.py:3340} INFO - Setting next_dagrun for example_local_kubernetes_executor to None, run_after=None
[2025-03-16T08:49:17.628+0000] {processor.py:176} INFO - Processing /home/airflow/.local/lib/python3.7/site-packages/airflow/example_dags/example_local_kubernetes_executor.py took 0.239 seconds
[2025-03-16T08:49:47.903+0000] {processor.py:154} INFO - Started process (PID=2116) to work on /home/airflow/.local/lib/python3.7/site-packages/airflow/example_dags/example_local_kubernetes_executor.py
[2025-03-16T08:49:47.906+0000] {processor.py:756} INFO - Processing file /home/airflow/.local/lib/python3.7/site-packages/airflow/example_dags/example_local_kubernetes_executor.py for tasks to queue
[2025-03-16T08:49:47.907+0000] {logging_mixin.py:120} INFO - [2025-03-16T08:49:47.907+0000] {dagbag.py:537} INFO - Filling up the DagBag from /home/airflow/.local/lib/python3.7/site-packages/airflow/example_dags/example_local_kubernetes_executor.py
[2025-03-16T08:49:47.952+0000] {processor.py:766} INFO - DAG(s) dict_keys(['example_local_kubernetes_executor']) retrieved from /home/airflow/.local/lib/python3.7/site-packages/airflow/example_dags/example_local_kubernetes_executor.py
[2025-03-16T08:49:48.031+0000] {logging_mixin.py:120} INFO - [2025-03-16T08:49:48.030+0000] {dag.py:2585} INFO - Sync 1 DAGs
[2025-03-16T08:49:48.086+0000] {logging_mixin.py:120} INFO - [2025-03-16T08:49:48.086+0000] {dag.py:3340} INFO - Setting next_dagrun for example_local_kubernetes_executor to None, run_after=None
[2025-03-16T08:49:48.134+0000] {processor.py:176} INFO - Processing /home/airflow/.local/lib/python3.7/site-packages/airflow/example_dags/example_local_kubernetes_executor.py took 0.237 seconds
[2025-03-16T08:50:18.533+0000] {processor.py:154} INFO - Started process (PID=2170) to work on /home/airflow/.local/lib/python3.7/site-packages/airflow/example_dags/example_local_kubernetes_executor.py
[2025-03-16T08:50:18.535+0000] {processor.py:756} INFO - Processing file /home/airflow/.local/lib/python3.7/site-packages/airflow/example_dags/example_local_kubernetes_executor.py for tasks to queue
[2025-03-16T08:50:18.536+0000] {logging_mixin.py:120} INFO - [2025-03-16T08:50:18.536+0000] {dagbag.py:537} INFO - Filling up the DagBag from /home/airflow/.local/lib/python3.7/site-packages/airflow/example_dags/example_local_kubernetes_executor.py
[2025-03-16T08:50:18.574+0000] {processor.py:766} INFO - DAG(s) dict_keys(['example_local_kubernetes_executor']) retrieved from /home/airflow/.local/lib/python3.7/site-packages/airflow/example_dags/example_local_kubernetes_executor.py
[2025-03-16T08:50:18.648+0000] {logging_mixin.py:120} INFO - [2025-03-16T08:50:18.647+0000] {dag.py:2585} INFO - Sync 1 DAGs
[2025-03-16T08:50:18.706+0000] {logging_mixin.py:120} INFO - [2025-03-16T08:50:18.706+0000] {dag.py:3340} INFO - Setting next_dagrun for example_local_kubernetes_executor to None, run_after=None
[2025-03-16T08:50:18.741+0000] {processor.py:176} INFO - Processing /home/airflow/.local/lib/python3.7/site-packages/airflow/example_dags/example_local_kubernetes_executor.py took 0.212 seconds
[2025-03-16T08:50:48.865+0000] {processor.py:154} INFO - Started process (PID=2233) to work on /home/airflow/.local/lib/python3.7/site-packages/airflow/example_dags/example_local_kubernetes_executor.py
[2025-03-16T08:50:48.866+0000] {processor.py:756} INFO - Processing file /home/airflow/.local/lib/python3.7/site-packages/airflow/example_dags/example_local_kubernetes_executor.py for tasks to queue
[2025-03-16T08:50:48.866+0000] {logging_mixin.py:120} INFO - [2025-03-16T08:50:48.866+0000] {dagbag.py:537} INFO - Filling up the DagBag from /home/airflow/.local/lib/python3.7/site-packages/airflow/example_dags/example_local_kubernetes_executor.py
[2025-03-16T08:50:48.891+0000] {processor.py:766} INFO - DAG(s) dict_keys(['example_local_kubernetes_executor']) retrieved from /home/airflow/.local/lib/python3.7/site-packages/airflow/example_dags/example_local_kubernetes_executor.py
[2025-03-16T08:50:48.943+0000] {logging_mixin.py:120} INFO - [2025-03-16T08:50:48.943+0000] {dag.py:2585} INFO - Sync 1 DAGs
[2025-03-16T08:50:48.989+0000] {logging_mixin.py:120} INFO - [2025-03-16T08:50:48.989+0000] {dag.py:3340} INFO - Setting next_dagrun for example_local_kubernetes_executor to None, run_after=None
[2025-03-16T08:50:49.022+0000] {processor.py:176} INFO - Processing /home/airflow/.local/lib/python3.7/site-packages/airflow/example_dags/example_local_kubernetes_executor.py took 0.160 seconds
[2025-03-16T08:51:19.511+0000] {processor.py:154} INFO - Started process (PID=2287) to work on /home/airflow/.local/lib/python3.7/site-packages/airflow/example_dags/example_local_kubernetes_executor.py
[2025-03-16T08:51:19.512+0000] {processor.py:756} INFO - Processing file /home/airflow/.local/lib/python3.7/site-packages/airflow/example_dags/example_local_kubernetes_executor.py for tasks to queue
[2025-03-16T08:51:19.513+0000] {logging_mixin.py:120} INFO - [2025-03-16T08:51:19.513+0000] {dagbag.py:537} INFO - Filling up the DagBag from /home/airflow/.local/lib/python3.7/site-packages/airflow/example_dags/example_local_kubernetes_executor.py
[2025-03-16T08:51:19.553+0000] {processor.py:766} INFO - DAG(s) dict_keys(['example_local_kubernetes_executor']) retrieved from /home/airflow/.local/lib/python3.7/site-packages/airflow/example_dags/example_local_kubernetes_executor.py
[2025-03-16T08:51:19.629+0000] {logging_mixin.py:120} INFO - [2025-03-16T08:51:19.629+0000] {dag.py:2585} INFO - Sync 1 DAGs
[2025-03-16T08:51:19.680+0000] {logging_mixin.py:120} INFO - [2025-03-16T08:51:19.680+0000] {dag.py:3340} INFO - Setting next_dagrun for example_local_kubernetes_executor to None, run_after=None
[2025-03-16T08:51:19.714+0000] {processor.py:176} INFO - Processing /home/airflow/.local/lib/python3.7/site-packages/airflow/example_dags/example_local_kubernetes_executor.py took 0.208 seconds
[2025-03-16T08:51:50.103+0000] {processor.py:154} INFO - Started process (PID=2349) to work on /home/airflow/.local/lib/python3.7/site-packages/airflow/example_dags/example_local_kubernetes_executor.py
[2025-03-16T08:51:50.104+0000] {processor.py:756} INFO - Processing file /home/airflow/.local/lib/python3.7/site-packages/airflow/example_dags/example_local_kubernetes_executor.py for tasks to queue
[2025-03-16T08:51:50.105+0000] {logging_mixin.py:120} INFO - [2025-03-16T08:51:50.105+0000] {dagbag.py:537} INFO - Filling up the DagBag from /home/airflow/.local/lib/python3.7/site-packages/airflow/example_dags/example_local_kubernetes_executor.py
[2025-03-16T08:51:50.139+0000] {processor.py:766} INFO - DAG(s) dict_keys(['example_local_kubernetes_executor']) retrieved from /home/airflow/.local/lib/python3.7/site-packages/airflow/example_dags/example_local_kubernetes_executor.py
[2025-03-16T08:51:50.231+0000] {logging_mixin.py:120} INFO - [2025-03-16T08:51:50.231+0000] {dag.py:2585} INFO - Sync 1 DAGs
[2025-03-16T08:51:50.281+0000] {logging_mixin.py:120} INFO - [2025-03-16T08:51:50.281+0000] {dag.py:3340} INFO - Setting next_dagrun for example_local_kubernetes_executor to None, run_after=None
[2025-03-16T08:51:50.313+0000] {processor.py:176} INFO - Processing /home/airflow/.local/lib/python3.7/site-packages/airflow/example_dags/example_local_kubernetes_executor.py took 0.214 seconds
[2025-03-16T08:52:20.602+0000] {processor.py:154} INFO - Started process (PID=2404) to work on /home/airflow/.local/lib/python3.7/site-packages/airflow/example_dags/example_local_kubernetes_executor.py
[2025-03-16T08:52:20.605+0000] {processor.py:756} INFO - Processing file /home/airflow/.local/lib/python3.7/site-packages/airflow/example_dags/example_local_kubernetes_executor.py for tasks to queue
[2025-03-16T08:52:20.606+0000] {logging_mixin.py:120} INFO - [2025-03-16T08:52:20.606+0000] {dagbag.py:537} INFO - Filling up the DagBag from /home/airflow/.local/lib/python3.7/site-packages/airflow/example_dags/example_local_kubernetes_executor.py
[2025-03-16T08:52:20.658+0000] {processor.py:766} INFO - DAG(s) dict_keys(['example_local_kubernetes_executor']) retrieved from /home/airflow/.local/lib/python3.7/site-packages/airflow/example_dags/example_local_kubernetes_executor.py
[2025-03-16T08:52:20.729+0000] {logging_mixin.py:120} INFO - [2025-03-16T08:52:20.728+0000] {dag.py:2585} INFO - Sync 1 DAGs
[2025-03-16T08:52:20.781+0000] {logging_mixin.py:120} INFO - [2025-03-16T08:52:20.781+0000] {dag.py:3340} INFO - Setting next_dagrun for example_local_kubernetes_executor to None, run_after=None
[2025-03-16T08:52:20.816+0000] {processor.py:176} INFO - Processing /home/airflow/.local/lib/python3.7/site-packages/airflow/example_dags/example_local_kubernetes_executor.py took 0.221 seconds
[2025-03-16T08:52:50.937+0000] {processor.py:154} INFO - Started process (PID=2467) to work on /home/airflow/.local/lib/python3.7/site-packages/airflow/example_dags/example_local_kubernetes_executor.py
[2025-03-16T08:52:50.938+0000] {processor.py:756} INFO - Processing file /home/airflow/.local/lib/python3.7/site-packages/airflow/example_dags/example_local_kubernetes_executor.py for tasks to queue
[2025-03-16T08:52:50.942+0000] {logging_mixin.py:120} INFO - [2025-03-16T08:52:50.941+0000] {dagbag.py:537} INFO - Filling up the DagBag from /home/airflow/.local/lib/python3.7/site-packages/airflow/example_dags/example_local_kubernetes_executor.py
[2025-03-16T08:52:50.992+0000] {processor.py:766} INFO - DAG(s) dict_keys(['example_local_kubernetes_executor']) retrieved from /home/airflow/.local/lib/python3.7/site-packages/airflow/example_dags/example_local_kubernetes_executor.py
[2025-03-16T08:52:51.058+0000] {logging_mixin.py:120} INFO - [2025-03-16T08:52:51.058+0000] {dag.py:2585} INFO - Sync 1 DAGs
[2025-03-16T08:52:51.110+0000] {logging_mixin.py:120} INFO - [2025-03-16T08:52:51.110+0000] {dag.py:3340} INFO - Setting next_dagrun for example_local_kubernetes_executor to None, run_after=None
[2025-03-16T08:52:51.139+0000] {processor.py:176} INFO - Processing /home/airflow/.local/lib/python3.7/site-packages/airflow/example_dags/example_local_kubernetes_executor.py took 0.209 seconds
[2025-03-16T08:53:21.494+0000] {processor.py:154} INFO - Started process (PID=2521) to work on /home/airflow/.local/lib/python3.7/site-packages/airflow/example_dags/example_local_kubernetes_executor.py
[2025-03-16T08:53:21.496+0000] {processor.py:756} INFO - Processing file /home/airflow/.local/lib/python3.7/site-packages/airflow/example_dags/example_local_kubernetes_executor.py for tasks to queue
[2025-03-16T08:53:21.497+0000] {logging_mixin.py:120} INFO - [2025-03-16T08:53:21.497+0000] {dagbag.py:537} INFO - Filling up the DagBag from /home/airflow/.local/lib/python3.7/site-packages/airflow/example_dags/example_local_kubernetes_executor.py
[2025-03-16T08:53:21.538+0000] {processor.py:766} INFO - DAG(s) dict_keys(['example_local_kubernetes_executor']) retrieved from /home/airflow/.local/lib/python3.7/site-packages/airflow/example_dags/example_local_kubernetes_executor.py
[2025-03-16T08:53:21.634+0000] {logging_mixin.py:120} INFO - [2025-03-16T08:53:21.634+0000] {dag.py:2585} INFO - Sync 1 DAGs
[2025-03-16T08:53:21.685+0000] {logging_mixin.py:120} INFO - [2025-03-16T08:53:21.684+0000] {dag.py:3340} INFO - Setting next_dagrun for example_local_kubernetes_executor to None, run_after=None
[2025-03-16T08:53:21.721+0000] {processor.py:176} INFO - Processing /home/airflow/.local/lib/python3.7/site-packages/airflow/example_dags/example_local_kubernetes_executor.py took 0.233 seconds
[2025-03-16T08:53:52.282+0000] {processor.py:154} INFO - Started process (PID=2585) to work on /home/airflow/.local/lib/python3.7/site-packages/airflow/example_dags/example_local_kubernetes_executor.py
[2025-03-16T08:53:52.283+0000] {processor.py:756} INFO - Processing file /home/airflow/.local/lib/python3.7/site-packages/airflow/example_dags/example_local_kubernetes_executor.py for tasks to queue
[2025-03-16T08:53:52.287+0000] {logging_mixin.py:120} INFO - [2025-03-16T08:53:52.287+0000] {dagbag.py:537} INFO - Filling up the DagBag from /home/airflow/.local/lib/python3.7/site-packages/airflow/example_dags/example_local_kubernetes_executor.py
[2025-03-16T08:53:52.336+0000] {processor.py:766} INFO - DAG(s) dict_keys(['example_local_kubernetes_executor']) retrieved from /home/airflow/.local/lib/python3.7/site-packages/airflow/example_dags/example_local_kubernetes_executor.py
[2025-03-16T08:53:52.408+0000] {logging_mixin.py:120} INFO - [2025-03-16T08:53:52.408+0000] {dag.py:2585} INFO - Sync 1 DAGs
[2025-03-16T08:53:52.459+0000] {logging_mixin.py:120} INFO - [2025-03-16T08:53:52.459+0000] {dag.py:3340} INFO - Setting next_dagrun for example_local_kubernetes_executor to None, run_after=None
[2025-03-16T08:53:52.497+0000] {processor.py:176} INFO - Processing /home/airflow/.local/lib/python3.7/site-packages/airflow/example_dags/example_local_kubernetes_executor.py took 0.230 seconds
[2025-03-16T08:54:22.945+0000] {processor.py:154} INFO - Started process (PID=2639) to work on /home/airflow/.local/lib/python3.7/site-packages/airflow/example_dags/example_local_kubernetes_executor.py
[2025-03-16T08:54:22.947+0000] {processor.py:756} INFO - Processing file /home/airflow/.local/lib/python3.7/site-packages/airflow/example_dags/example_local_kubernetes_executor.py for tasks to queue
[2025-03-16T08:54:22.948+0000] {logging_mixin.py:120} INFO - [2025-03-16T08:54:22.948+0000] {dagbag.py:537} INFO - Filling up the DagBag from /home/airflow/.local/lib/python3.7/site-packages/airflow/example_dags/example_local_kubernetes_executor.py
[2025-03-16T08:54:22.999+0000] {processor.py:766} INFO - DAG(s) dict_keys(['example_local_kubernetes_executor']) retrieved from /home/airflow/.local/lib/python3.7/site-packages/airflow/example_dags/example_local_kubernetes_executor.py
[2025-03-16T08:54:23.079+0000] {logging_mixin.py:120} INFO - [2025-03-16T08:54:23.079+0000] {dag.py:2585} INFO - Sync 1 DAGs
[2025-03-16T08:54:23.135+0000] {logging_mixin.py:120} INFO - [2025-03-16T08:54:23.135+0000] {dag.py:3340} INFO - Setting next_dagrun for example_local_kubernetes_executor to None, run_after=None
[2025-03-16T08:54:23.176+0000] {processor.py:176} INFO - Processing /home/airflow/.local/lib/python3.7/site-packages/airflow/example_dags/example_local_kubernetes_executor.py took 0.241 seconds
[2025-03-16T08:54:53.778+0000] {processor.py:154} INFO - Started process (PID=2701) to work on /home/airflow/.local/lib/python3.7/site-packages/airflow/example_dags/example_local_kubernetes_executor.py
[2025-03-16T08:54:53.780+0000] {processor.py:756} INFO - Processing file /home/airflow/.local/lib/python3.7/site-packages/airflow/example_dags/example_local_kubernetes_executor.py for tasks to queue
[2025-03-16T08:54:53.781+0000] {logging_mixin.py:120} INFO - [2025-03-16T08:54:53.780+0000] {dagbag.py:537} INFO - Filling up the DagBag from /home/airflow/.local/lib/python3.7/site-packages/airflow/example_dags/example_local_kubernetes_executor.py
[2025-03-16T08:54:53.819+0000] {processor.py:766} INFO - DAG(s) dict_keys(['example_local_kubernetes_executor']) retrieved from /home/airflow/.local/lib/python3.7/site-packages/airflow/example_dags/example_local_kubernetes_executor.py
[2025-03-16T08:54:53.884+0000] {logging_mixin.py:120} INFO - [2025-03-16T08:54:53.884+0000] {dag.py:2585} INFO - Sync 1 DAGs
[2025-03-16T08:54:53.928+0000] {logging_mixin.py:120} INFO - [2025-03-16T08:54:53.928+0000] {dag.py:3340} INFO - Setting next_dagrun for example_local_kubernetes_executor to None, run_after=None
[2025-03-16T08:54:53.958+0000] {processor.py:176} INFO - Processing /home/airflow/.local/lib/python3.7/site-packages/airflow/example_dags/example_local_kubernetes_executor.py took 0.184 seconds
[2025-03-16T08:55:24.312+0000] {processor.py:154} INFO - Started process (PID=2755) to work on /home/airflow/.local/lib/python3.7/site-packages/airflow/example_dags/example_local_kubernetes_executor.py
[2025-03-16T08:55:24.315+0000] {processor.py:756} INFO - Processing file /home/airflow/.local/lib/python3.7/site-packages/airflow/example_dags/example_local_kubernetes_executor.py for tasks to queue
[2025-03-16T08:55:24.316+0000] {logging_mixin.py:120} INFO - [2025-03-16T08:55:24.316+0000] {dagbag.py:537} INFO - Filling up the DagBag from /home/airflow/.local/lib/python3.7/site-packages/airflow/example_dags/example_local_kubernetes_executor.py
[2025-03-16T08:55:24.394+0000] {processor.py:766} INFO - DAG(s) dict_keys(['example_local_kubernetes_executor']) retrieved from /home/airflow/.local/lib/python3.7/site-packages/airflow/example_dags/example_local_kubernetes_executor.py
[2025-03-16T08:55:24.477+0000] {logging_mixin.py:120} INFO - [2025-03-16T08:55:24.476+0000] {dag.py:2585} INFO - Sync 1 DAGs
[2025-03-16T08:55:24.527+0000] {logging_mixin.py:120} INFO - [2025-03-16T08:55:24.522+0000] {dag.py:3340} INFO - Setting next_dagrun for example_local_kubernetes_executor to None, run_after=None
[2025-03-16T08:55:24.558+0000] {processor.py:176} INFO - Processing /home/airflow/.local/lib/python3.7/site-packages/airflow/example_dags/example_local_kubernetes_executor.py took 0.253 seconds
[2025-03-16T08:55:54.629+0000] {processor.py:154} INFO - Started process (PID=2817) to work on /home/airflow/.local/lib/python3.7/site-packages/airflow/example_dags/example_local_kubernetes_executor.py
[2025-03-16T08:55:54.631+0000] {processor.py:756} INFO - Processing file /home/airflow/.local/lib/python3.7/site-packages/airflow/example_dags/example_local_kubernetes_executor.py for tasks to queue
[2025-03-16T08:55:54.632+0000] {logging_mixin.py:120} INFO - [2025-03-16T08:55:54.632+0000] {dagbag.py:537} INFO - Filling up the DagBag from /home/airflow/.local/lib/python3.7/site-packages/airflow/example_dags/example_local_kubernetes_executor.py
[2025-03-16T08:55:54.680+0000] {processor.py:766} INFO - DAG(s) dict_keys(['example_local_kubernetes_executor']) retrieved from /home/airflow/.local/lib/python3.7/site-packages/airflow/example_dags/example_local_kubernetes_executor.py
[2025-03-16T08:55:54.761+0000] {logging_mixin.py:120} INFO - [2025-03-16T08:55:54.761+0000] {dag.py:2585} INFO - Sync 1 DAGs
[2025-03-16T08:55:54.836+0000] {logging_mixin.py:120} INFO - [2025-03-16T08:55:54.836+0000] {dag.py:3340} INFO - Setting next_dagrun for example_local_kubernetes_executor to None, run_after=None
[2025-03-16T08:55:54.877+0000] {processor.py:176} INFO - Processing /home/airflow/.local/lib/python3.7/site-packages/airflow/example_dags/example_local_kubernetes_executor.py took 0.254 seconds
[2025-03-16T08:56:25.089+0000] {processor.py:154} INFO - Started process (PID=2871) to work on /home/airflow/.local/lib/python3.7/site-packages/airflow/example_dags/example_local_kubernetes_executor.py
[2025-03-16T08:56:25.090+0000] {processor.py:756} INFO - Processing file /home/airflow/.local/lib/python3.7/site-packages/airflow/example_dags/example_local_kubernetes_executor.py for tasks to queue
[2025-03-16T08:56:25.091+0000] {logging_mixin.py:120} INFO - [2025-03-16T08:56:25.091+0000] {dagbag.py:537} INFO - Filling up the DagBag from /home/airflow/.local/lib/python3.7/site-packages/airflow/example_dags/example_local_kubernetes_executor.py
[2025-03-16T08:56:25.132+0000] {processor.py:766} INFO - DAG(s) dict_keys(['example_local_kubernetes_executor']) retrieved from /home/airflow/.local/lib/python3.7/site-packages/airflow/example_dags/example_local_kubernetes_executor.py
[2025-03-16T08:56:25.211+0000] {logging_mixin.py:120} INFO - [2025-03-16T08:56:25.210+0000] {dag.py:2585} INFO - Sync 1 DAGs
[2025-03-16T08:56:25.266+0000] {logging_mixin.py:120} INFO - [2025-03-16T08:56:25.265+0000] {dag.py:3340} INFO - Setting next_dagrun for example_local_kubernetes_executor to None, run_after=None
[2025-03-16T08:56:25.300+0000] {processor.py:176} INFO - Processing /home/airflow/.local/lib/python3.7/site-packages/airflow/example_dags/example_local_kubernetes_executor.py took 0.216 seconds
