[2025-03-16T08:31:49.809+0000] {processor.py:154} INFO - Started process (PID=74) to work on /home/airflow/.local/lib/python3.7/site-packages/airflow/example_dags/example_nested_branch_dag.py
[2025-03-16T08:31:49.810+0000] {processor.py:756} INFO - Processing file /home/airflow/.local/lib/python3.7/site-packages/airflow/example_dags/example_nested_branch_dag.py for tasks to queue
[2025-03-16T08:31:49.813+0000] {logging_mixin.py:120} INFO - [2025-03-16T08:31:49.812+0000] {dagbag.py:537} INFO - Filling up the DagBag from /home/airflow/.local/lib/python3.7/site-packages/airflow/example_dags/example_nested_branch_dag.py
[2025-03-16T08:31:49.917+0000] {processor.py:766} INFO - DAG(s) dict_keys(['example_nested_branch_dag']) retrieved from /home/airflow/.local/lib/python3.7/site-packages/airflow/example_dags/example_nested_branch_dag.py
[2025-03-16T08:31:50.350+0000] {logging_mixin.py:120} INFO - [2025-03-16T08:31:50.350+0000] {manager.py:507} INFO - Created Permission View: can read on DAG:example_nested_branch_dag
[2025-03-16T08:31:50.386+0000] {logging_mixin.py:120} INFO - [2025-03-16T08:31:50.386+0000] {manager.py:507} INFO - Created Permission View: can edit on DAG:example_nested_branch_dag
[2025-03-16T08:31:50.408+0000] {logging_mixin.py:120} INFO - [2025-03-16T08:31:50.408+0000] {manager.py:507} INFO - Created Permission View: can delete on DAG:example_nested_branch_dag
[2025-03-16T08:31:50.409+0000] {logging_mixin.py:120} INFO - [2025-03-16T08:31:50.408+0000] {dag.py:2585} INFO - Sync 1 DAGs
[2025-03-16T08:31:50.459+0000] {logging_mixin.py:120} INFO - [2025-03-16T08:31:50.459+0000] {dag.py:2606} INFO - Creating ORM DAG for example_nested_branch_dag
[2025-03-16T08:31:50.506+0000] {logging_mixin.py:120} INFO - [2025-03-16T08:31:50.505+0000] {dag.py:3340} INFO - Setting next_dagrun for example_nested_branch_dag to 2025-03-15T00:00:00+00:00, run_after=2025-03-16T00:00:00+00:00
[2025-03-16T08:31:50.594+0000] {processor.py:176} INFO - Processing /home/airflow/.local/lib/python3.7/site-packages/airflow/example_dags/example_nested_branch_dag.py took 0.806 seconds
[2025-03-16T08:32:20.808+0000] {processor.py:154} INFO - Started process (PID=128) to work on /home/airflow/.local/lib/python3.7/site-packages/airflow/example_dags/example_nested_branch_dag.py
[2025-03-16T08:32:20.809+0000] {processor.py:756} INFO - Processing file /home/airflow/.local/lib/python3.7/site-packages/airflow/example_dags/example_nested_branch_dag.py for tasks to queue
[2025-03-16T08:32:20.810+0000] {logging_mixin.py:120} INFO - [2025-03-16T08:32:20.810+0000] {dagbag.py:537} INFO - Filling up the DagBag from /home/airflow/.local/lib/python3.7/site-packages/airflow/example_dags/example_nested_branch_dag.py
[2025-03-16T08:32:20.877+0000] {processor.py:766} INFO - DAG(s) dict_keys(['example_nested_branch_dag']) retrieved from /home/airflow/.local/lib/python3.7/site-packages/airflow/example_dags/example_nested_branch_dag.py
[2025-03-16T08:32:20.932+0000] {logging_mixin.py:120} INFO - [2025-03-16T08:32:20.931+0000] {dag.py:2585} INFO - Sync 1 DAGs
[2025-03-16T08:32:20.967+0000] {logging_mixin.py:120} INFO - [2025-03-16T08:32:20.966+0000] {dag.py:3340} INFO - Setting next_dagrun for example_nested_branch_dag to 2025-03-15T00:00:00+00:00, run_after=2025-03-16T00:00:00+00:00
[2025-03-16T08:32:20.990+0000] {processor.py:176} INFO - Processing /home/airflow/.local/lib/python3.7/site-packages/airflow/example_dags/example_nested_branch_dag.py took 0.186 seconds
[2025-03-16T08:32:51.030+0000] {processor.py:154} INFO - Started process (PID=191) to work on /home/airflow/.local/lib/python3.7/site-packages/airflow/example_dags/example_nested_branch_dag.py
[2025-03-16T08:32:51.031+0000] {processor.py:756} INFO - Processing file /home/airflow/.local/lib/python3.7/site-packages/airflow/example_dags/example_nested_branch_dag.py for tasks to queue
[2025-03-16T08:32:51.032+0000] {logging_mixin.py:120} INFO - [2025-03-16T08:32:51.032+0000] {dagbag.py:537} INFO - Filling up the DagBag from /home/airflow/.local/lib/python3.7/site-packages/airflow/example_dags/example_nested_branch_dag.py
[2025-03-16T08:32:51.063+0000] {processor.py:766} INFO - DAG(s) dict_keys(['example_nested_branch_dag']) retrieved from /home/airflow/.local/lib/python3.7/site-packages/airflow/example_dags/example_nested_branch_dag.py
[2025-03-16T08:32:51.112+0000] {logging_mixin.py:120} INFO - [2025-03-16T08:32:51.112+0000] {dag.py:2585} INFO - Sync 1 DAGs
[2025-03-16T08:32:51.145+0000] {logging_mixin.py:120} INFO - [2025-03-16T08:32:51.145+0000] {dag.py:3340} INFO - Setting next_dagrun for example_nested_branch_dag to 2025-03-15T00:00:00+00:00, run_after=2025-03-16T00:00:00+00:00
[2025-03-16T08:32:51.170+0000] {processor.py:176} INFO - Processing /home/airflow/.local/lib/python3.7/site-packages/airflow/example_dags/example_nested_branch_dag.py took 0.144 seconds
[2025-03-16T08:33:21.281+0000] {processor.py:154} INFO - Started process (PID=245) to work on /home/airflow/.local/lib/python3.7/site-packages/airflow/example_dags/example_nested_branch_dag.py
[2025-03-16T08:33:21.282+0000] {processor.py:756} INFO - Processing file /home/airflow/.local/lib/python3.7/site-packages/airflow/example_dags/example_nested_branch_dag.py for tasks to queue
[2025-03-16T08:33:21.283+0000] {logging_mixin.py:120} INFO - [2025-03-16T08:33:21.283+0000] {dagbag.py:537} INFO - Filling up the DagBag from /home/airflow/.local/lib/python3.7/site-packages/airflow/example_dags/example_nested_branch_dag.py
[2025-03-16T08:33:21.328+0000] {processor.py:766} INFO - DAG(s) dict_keys(['example_nested_branch_dag']) retrieved from /home/airflow/.local/lib/python3.7/site-packages/airflow/example_dags/example_nested_branch_dag.py
[2025-03-16T08:33:21.406+0000] {logging_mixin.py:120} INFO - [2025-03-16T08:33:21.405+0000] {dag.py:2585} INFO - Sync 1 DAGs
[2025-03-16T08:33:21.457+0000] {logging_mixin.py:120} INFO - [2025-03-16T08:33:21.457+0000] {dag.py:3340} INFO - Setting next_dagrun for example_nested_branch_dag to 2025-03-15T00:00:00+00:00, run_after=2025-03-16T00:00:00+00:00
[2025-03-16T08:33:21.517+0000] {processor.py:176} INFO - Processing /home/airflow/.local/lib/python3.7/site-packages/airflow/example_dags/example_nested_branch_dag.py took 0.242 seconds
[2025-03-16T08:33:52.217+0000] {processor.py:154} INFO - Started process (PID=309) to work on /home/airflow/.local/lib/python3.7/site-packages/airflow/example_dags/example_nested_branch_dag.py
[2025-03-16T08:33:52.218+0000] {processor.py:756} INFO - Processing file /home/airflow/.local/lib/python3.7/site-packages/airflow/example_dags/example_nested_branch_dag.py for tasks to queue
[2025-03-16T08:33:52.219+0000] {logging_mixin.py:120} INFO - [2025-03-16T08:33:52.219+0000] {dagbag.py:537} INFO - Filling up the DagBag from /home/airflow/.local/lib/python3.7/site-packages/airflow/example_dags/example_nested_branch_dag.py
[2025-03-16T08:33:52.261+0000] {processor.py:766} INFO - DAG(s) dict_keys(['example_nested_branch_dag']) retrieved from /home/airflow/.local/lib/python3.7/site-packages/airflow/example_dags/example_nested_branch_dag.py
[2025-03-16T08:33:52.336+0000] {logging_mixin.py:120} INFO - [2025-03-16T08:33:52.336+0000] {dag.py:2585} INFO - Sync 1 DAGs
[2025-03-16T08:33:52.396+0000] {logging_mixin.py:120} INFO - [2025-03-16T08:33:52.395+0000] {dag.py:3340} INFO - Setting next_dagrun for example_nested_branch_dag to 2025-03-15T00:00:00+00:00, run_after=2025-03-16T00:00:00+00:00
[2025-03-16T08:33:52.430+0000] {processor.py:176} INFO - Processing /home/airflow/.local/lib/python3.7/site-packages/airflow/example_dags/example_nested_branch_dag.py took 0.221 seconds
[2025-03-16T08:34:23.392+0000] {processor.py:154} INFO - Started process (PID=363) to work on /home/airflow/.local/lib/python3.7/site-packages/airflow/example_dags/example_nested_branch_dag.py
[2025-03-16T08:34:23.393+0000] {processor.py:756} INFO - Processing file /home/airflow/.local/lib/python3.7/site-packages/airflow/example_dags/example_nested_branch_dag.py for tasks to queue
[2025-03-16T08:34:23.394+0000] {logging_mixin.py:120} INFO - [2025-03-16T08:34:23.394+0000] {dagbag.py:537} INFO - Filling up the DagBag from /home/airflow/.local/lib/python3.7/site-packages/airflow/example_dags/example_nested_branch_dag.py
[2025-03-16T08:34:23.440+0000] {processor.py:766} INFO - DAG(s) dict_keys(['example_nested_branch_dag']) retrieved from /home/airflow/.local/lib/python3.7/site-packages/airflow/example_dags/example_nested_branch_dag.py
[2025-03-16T08:34:23.508+0000] {logging_mixin.py:120} INFO - [2025-03-16T08:34:23.508+0000] {dag.py:2585} INFO - Sync 1 DAGs
[2025-03-16T08:34:23.570+0000] {logging_mixin.py:120} INFO - [2025-03-16T08:34:23.570+0000] {dag.py:3340} INFO - Setting next_dagrun for example_nested_branch_dag to 2025-03-15T00:00:00+00:00, run_after=2025-03-16T00:00:00+00:00
[2025-03-16T08:34:23.595+0000] {processor.py:176} INFO - Processing /home/airflow/.local/lib/python3.7/site-packages/airflow/example_dags/example_nested_branch_dag.py took 0.208 seconds
[2025-03-16T08:34:54.502+0000] {processor.py:154} INFO - Started process (PID=425) to work on /home/airflow/.local/lib/python3.7/site-packages/airflow/example_dags/example_nested_branch_dag.py
[2025-03-16T08:34:54.505+0000] {processor.py:756} INFO - Processing file /home/airflow/.local/lib/python3.7/site-packages/airflow/example_dags/example_nested_branch_dag.py for tasks to queue
[2025-03-16T08:34:54.506+0000] {logging_mixin.py:120} INFO - [2025-03-16T08:34:54.506+0000] {dagbag.py:537} INFO - Filling up the DagBag from /home/airflow/.local/lib/python3.7/site-packages/airflow/example_dags/example_nested_branch_dag.py
[2025-03-16T08:34:54.556+0000] {processor.py:766} INFO - DAG(s) dict_keys(['example_nested_branch_dag']) retrieved from /home/airflow/.local/lib/python3.7/site-packages/airflow/example_dags/example_nested_branch_dag.py
[2025-03-16T08:34:54.621+0000] {logging_mixin.py:120} INFO - [2025-03-16T08:34:54.620+0000] {dag.py:2585} INFO - Sync 1 DAGs
[2025-03-16T08:34:54.674+0000] {logging_mixin.py:120} INFO - [2025-03-16T08:34:54.674+0000] {dag.py:3340} INFO - Setting next_dagrun for example_nested_branch_dag to 2025-03-15T00:00:00+00:00, run_after=2025-03-16T00:00:00+00:00
[2025-03-16T08:34:54.713+0000] {processor.py:176} INFO - Processing /home/airflow/.local/lib/python3.7/site-packages/airflow/example_dags/example_nested_branch_dag.py took 0.221 seconds
[2025-03-16T08:35:24.881+0000] {processor.py:154} INFO - Started process (PID=479) to work on /home/airflow/.local/lib/python3.7/site-packages/airflow/example_dags/example_nested_branch_dag.py
[2025-03-16T08:35:24.883+0000] {processor.py:756} INFO - Processing file /home/airflow/.local/lib/python3.7/site-packages/airflow/example_dags/example_nested_branch_dag.py for tasks to queue
[2025-03-16T08:35:24.884+0000] {logging_mixin.py:120} INFO - [2025-03-16T08:35:24.883+0000] {dagbag.py:537} INFO - Filling up the DagBag from /home/airflow/.local/lib/python3.7/site-packages/airflow/example_dags/example_nested_branch_dag.py
[2025-03-16T08:35:24.931+0000] {processor.py:766} INFO - DAG(s) dict_keys(['example_nested_branch_dag']) retrieved from /home/airflow/.local/lib/python3.7/site-packages/airflow/example_dags/example_nested_branch_dag.py
[2025-03-16T08:35:25.005+0000] {logging_mixin.py:120} INFO - [2025-03-16T08:35:25.005+0000] {dag.py:2585} INFO - Sync 1 DAGs
[2025-03-16T08:35:25.092+0000] {logging_mixin.py:120} INFO - [2025-03-16T08:35:25.092+0000] {dag.py:3340} INFO - Setting next_dagrun for example_nested_branch_dag to 2025-03-15T00:00:00+00:00, run_after=2025-03-16T00:00:00+00:00
[2025-03-16T08:35:25.136+0000] {processor.py:176} INFO - Processing /home/airflow/.local/lib/python3.7/site-packages/airflow/example_dags/example_nested_branch_dag.py took 0.261 seconds
[2025-03-16T08:35:55.992+0000] {processor.py:154} INFO - Started process (PID=542) to work on /home/airflow/.local/lib/python3.7/site-packages/airflow/example_dags/example_nested_branch_dag.py
[2025-03-16T08:35:55.994+0000] {processor.py:756} INFO - Processing file /home/airflow/.local/lib/python3.7/site-packages/airflow/example_dags/example_nested_branch_dag.py for tasks to queue
[2025-03-16T08:35:55.995+0000] {logging_mixin.py:120} INFO - [2025-03-16T08:35:55.994+0000] {dagbag.py:537} INFO - Filling up the DagBag from /home/airflow/.local/lib/python3.7/site-packages/airflow/example_dags/example_nested_branch_dag.py
[2025-03-16T08:35:56.039+0000] {processor.py:766} INFO - DAG(s) dict_keys(['example_nested_branch_dag']) retrieved from /home/airflow/.local/lib/python3.7/site-packages/airflow/example_dags/example_nested_branch_dag.py
[2025-03-16T08:35:56.118+0000] {logging_mixin.py:120} INFO - [2025-03-16T08:35:56.118+0000] {dag.py:2585} INFO - Sync 1 DAGs
[2025-03-16T08:35:56.196+0000] {logging_mixin.py:120} INFO - [2025-03-16T08:35:56.195+0000] {dag.py:3340} INFO - Setting next_dagrun for example_nested_branch_dag to 2025-03-15T00:00:00+00:00, run_after=2025-03-16T00:00:00+00:00
[2025-03-16T08:35:56.230+0000] {processor.py:176} INFO - Processing /home/airflow/.local/lib/python3.7/site-packages/airflow/example_dags/example_nested_branch_dag.py took 0.248 seconds
[2025-03-16T08:36:26.968+0000] {processor.py:154} INFO - Started process (PID=596) to work on /home/airflow/.local/lib/python3.7/site-packages/airflow/example_dags/example_nested_branch_dag.py
[2025-03-16T08:36:26.969+0000] {processor.py:756} INFO - Processing file /home/airflow/.local/lib/python3.7/site-packages/airflow/example_dags/example_nested_branch_dag.py for tasks to queue
[2025-03-16T08:36:26.970+0000] {logging_mixin.py:120} INFO - [2025-03-16T08:36:26.970+0000] {dagbag.py:537} INFO - Filling up the DagBag from /home/airflow/.local/lib/python3.7/site-packages/airflow/example_dags/example_nested_branch_dag.py
[2025-03-16T08:36:27.022+0000] {processor.py:766} INFO - DAG(s) dict_keys(['example_nested_branch_dag']) retrieved from /home/airflow/.local/lib/python3.7/site-packages/airflow/example_dags/example_nested_branch_dag.py
[2025-03-16T08:36:27.104+0000] {logging_mixin.py:120} INFO - [2025-03-16T08:36:27.104+0000] {dag.py:2585} INFO - Sync 1 DAGs
[2025-03-16T08:36:27.152+0000] {logging_mixin.py:120} INFO - [2025-03-16T08:36:27.152+0000] {dag.py:3340} INFO - Setting next_dagrun for example_nested_branch_dag to 2025-03-15T00:00:00+00:00, run_after=2025-03-16T00:00:00+00:00
[2025-03-16T08:36:27.190+0000] {processor.py:176} INFO - Processing /home/airflow/.local/lib/python3.7/site-packages/airflow/example_dags/example_nested_branch_dag.py took 0.227 seconds
[2025-03-16T08:36:58.182+0000] {processor.py:154} INFO - Started process (PID=658) to work on /home/airflow/.local/lib/python3.7/site-packages/airflow/example_dags/example_nested_branch_dag.py
[2025-03-16T08:36:58.183+0000] {processor.py:756} INFO - Processing file /home/airflow/.local/lib/python3.7/site-packages/airflow/example_dags/example_nested_branch_dag.py for tasks to queue
[2025-03-16T08:36:58.184+0000] {logging_mixin.py:120} INFO - [2025-03-16T08:36:58.184+0000] {dagbag.py:537} INFO - Filling up the DagBag from /home/airflow/.local/lib/python3.7/site-packages/airflow/example_dags/example_nested_branch_dag.py
[2025-03-16T08:36:58.287+0000] {processor.py:766} INFO - DAG(s) dict_keys(['example_nested_branch_dag']) retrieved from /home/airflow/.local/lib/python3.7/site-packages/airflow/example_dags/example_nested_branch_dag.py
[2025-03-16T08:36:58.397+0000] {logging_mixin.py:120} INFO - [2025-03-16T08:36:58.397+0000] {dag.py:2585} INFO - Sync 1 DAGs
[2025-03-16T08:36:58.519+0000] {logging_mixin.py:120} INFO - [2025-03-16T08:36:58.518+0000] {dag.py:3340} INFO - Setting next_dagrun for example_nested_branch_dag to 2025-03-15T00:00:00+00:00, run_after=2025-03-16T00:00:00+00:00
[2025-03-16T08:36:58.593+0000] {processor.py:176} INFO - Processing /home/airflow/.local/lib/python3.7/site-packages/airflow/example_dags/example_nested_branch_dag.py took 0.423 seconds
[2025-03-16T08:37:29.392+0000] {processor.py:154} INFO - Started process (PID=712) to work on /home/airflow/.local/lib/python3.7/site-packages/airflow/example_dags/example_nested_branch_dag.py
[2025-03-16T08:37:29.394+0000] {processor.py:756} INFO - Processing file /home/airflow/.local/lib/python3.7/site-packages/airflow/example_dags/example_nested_branch_dag.py for tasks to queue
[2025-03-16T08:37:29.395+0000] {logging_mixin.py:120} INFO - [2025-03-16T08:37:29.395+0000] {dagbag.py:537} INFO - Filling up the DagBag from /home/airflow/.local/lib/python3.7/site-packages/airflow/example_dags/example_nested_branch_dag.py
[2025-03-16T08:37:29.443+0000] {processor.py:766} INFO - DAG(s) dict_keys(['example_nested_branch_dag']) retrieved from /home/airflow/.local/lib/python3.7/site-packages/airflow/example_dags/example_nested_branch_dag.py
[2025-03-16T08:37:29.516+0000] {logging_mixin.py:120} INFO - [2025-03-16T08:37:29.516+0000] {dag.py:2585} INFO - Sync 1 DAGs
[2025-03-16T08:37:29.570+0000] {logging_mixin.py:120} INFO - [2025-03-16T08:37:29.570+0000] {dag.py:3340} INFO - Setting next_dagrun for example_nested_branch_dag to 2025-03-15T00:00:00+00:00, run_after=2025-03-16T00:00:00+00:00
[2025-03-16T08:37:29.604+0000] {processor.py:176} INFO - Processing /home/airflow/.local/lib/python3.7/site-packages/airflow/example_dags/example_nested_branch_dag.py took 0.217 seconds
[2025-03-16T08:37:59.770+0000] {processor.py:154} INFO - Started process (PID=775) to work on /home/airflow/.local/lib/python3.7/site-packages/airflow/example_dags/example_nested_branch_dag.py
[2025-03-16T08:37:59.773+0000] {processor.py:756} INFO - Processing file /home/airflow/.local/lib/python3.7/site-packages/airflow/example_dags/example_nested_branch_dag.py for tasks to queue
[2025-03-16T08:37:59.774+0000] {logging_mixin.py:120} INFO - [2025-03-16T08:37:59.774+0000] {dagbag.py:537} INFO - Filling up the DagBag from /home/airflow/.local/lib/python3.7/site-packages/airflow/example_dags/example_nested_branch_dag.py
[2025-03-16T08:37:59.827+0000] {processor.py:766} INFO - DAG(s) dict_keys(['example_nested_branch_dag']) retrieved from /home/airflow/.local/lib/python3.7/site-packages/airflow/example_dags/example_nested_branch_dag.py
[2025-03-16T08:37:59.976+0000] {logging_mixin.py:120} INFO - [2025-03-16T08:37:59.976+0000] {dag.py:2585} INFO - Sync 1 DAGs
[2025-03-16T08:38:00.089+0000] {logging_mixin.py:120} INFO - [2025-03-16T08:38:00.089+0000] {dag.py:3340} INFO - Setting next_dagrun for example_nested_branch_dag to 2025-03-15T00:00:00+00:00, run_after=2025-03-16T00:00:00+00:00
[2025-03-16T08:38:00.177+0000] {processor.py:176} INFO - Processing /home/airflow/.local/lib/python3.7/site-packages/airflow/example_dags/example_nested_branch_dag.py took 0.424 seconds
[2025-03-16T08:38:30.265+0000] {processor.py:154} INFO - Started process (PID=830) to work on /home/airflow/.local/lib/python3.7/site-packages/airflow/example_dags/example_nested_branch_dag.py
[2025-03-16T08:38:30.267+0000] {processor.py:756} INFO - Processing file /home/airflow/.local/lib/python3.7/site-packages/airflow/example_dags/example_nested_branch_dag.py for tasks to queue
[2025-03-16T08:38:30.268+0000] {logging_mixin.py:120} INFO - [2025-03-16T08:38:30.267+0000] {dagbag.py:537} INFO - Filling up the DagBag from /home/airflow/.local/lib/python3.7/site-packages/airflow/example_dags/example_nested_branch_dag.py
[2025-03-16T08:38:30.328+0000] {processor.py:766} INFO - DAG(s) dict_keys(['example_nested_branch_dag']) retrieved from /home/airflow/.local/lib/python3.7/site-packages/airflow/example_dags/example_nested_branch_dag.py
[2025-03-16T08:38:30.386+0000] {logging_mixin.py:120} INFO - [2025-03-16T08:38:30.386+0000] {dag.py:2585} INFO - Sync 1 DAGs
[2025-03-16T08:38:30.425+0000] {logging_mixin.py:120} INFO - [2025-03-16T08:38:30.425+0000] {dag.py:3340} INFO - Setting next_dagrun for example_nested_branch_dag to 2025-03-15T00:00:00+00:00, run_after=2025-03-16T00:00:00+00:00
[2025-03-16T08:38:30.449+0000] {processor.py:176} INFO - Processing /home/airflow/.local/lib/python3.7/site-packages/airflow/example_dags/example_nested_branch_dag.py took 0.187 seconds
[2025-03-16T08:39:01.292+0000] {processor.py:154} INFO - Started process (PID=893) to work on /home/airflow/.local/lib/python3.7/site-packages/airflow/example_dags/example_nested_branch_dag.py
[2025-03-16T08:39:01.295+0000] {processor.py:756} INFO - Processing file /home/airflow/.local/lib/python3.7/site-packages/airflow/example_dags/example_nested_branch_dag.py for tasks to queue
[2025-03-16T08:39:01.297+0000] {logging_mixin.py:120} INFO - [2025-03-16T08:39:01.296+0000] {dagbag.py:537} INFO - Filling up the DagBag from /home/airflow/.local/lib/python3.7/site-packages/airflow/example_dags/example_nested_branch_dag.py
[2025-03-16T08:39:01.386+0000] {processor.py:766} INFO - DAG(s) dict_keys(['example_nested_branch_dag']) retrieved from /home/airflow/.local/lib/python3.7/site-packages/airflow/example_dags/example_nested_branch_dag.py
[2025-03-16T08:39:01.542+0000] {logging_mixin.py:120} INFO - [2025-03-16T08:39:01.541+0000] {dag.py:2585} INFO - Sync 1 DAGs
[2025-03-16T08:39:01.641+0000] {logging_mixin.py:120} INFO - [2025-03-16T08:39:01.640+0000] {dag.py:3340} INFO - Setting next_dagrun for example_nested_branch_dag to 2025-03-15T00:00:00+00:00, run_after=2025-03-16T00:00:00+00:00
[2025-03-16T08:39:01.742+0000] {processor.py:176} INFO - Processing /home/airflow/.local/lib/python3.7/site-packages/airflow/example_dags/example_nested_branch_dag.py took 0.458 seconds
[2025-03-16T08:39:32.670+0000] {processor.py:154} INFO - Started process (PID=947) to work on /home/airflow/.local/lib/python3.7/site-packages/airflow/example_dags/example_nested_branch_dag.py
[2025-03-16T08:39:32.671+0000] {processor.py:756} INFO - Processing file /home/airflow/.local/lib/python3.7/site-packages/airflow/example_dags/example_nested_branch_dag.py for tasks to queue
[2025-03-16T08:39:32.672+0000] {logging_mixin.py:120} INFO - [2025-03-16T08:39:32.671+0000] {dagbag.py:537} INFO - Filling up the DagBag from /home/airflow/.local/lib/python3.7/site-packages/airflow/example_dags/example_nested_branch_dag.py
[2025-03-16T08:39:32.702+0000] {processor.py:766} INFO - DAG(s) dict_keys(['example_nested_branch_dag']) retrieved from /home/airflow/.local/lib/python3.7/site-packages/airflow/example_dags/example_nested_branch_dag.py
[2025-03-16T08:39:32.775+0000] {logging_mixin.py:120} INFO - [2025-03-16T08:39:32.774+0000] {dag.py:2585} INFO - Sync 1 DAGs
[2025-03-16T08:39:32.811+0000] {logging_mixin.py:120} INFO - [2025-03-16T08:39:32.811+0000] {dag.py:3340} INFO - Setting next_dagrun for example_nested_branch_dag to 2025-03-15T00:00:00+00:00, run_after=2025-03-16T00:00:00+00:00
[2025-03-16T08:39:32.834+0000] {processor.py:176} INFO - Processing /home/airflow/.local/lib/python3.7/site-packages/airflow/example_dags/example_nested_branch_dag.py took 0.167 seconds
[2025-03-16T08:40:03.557+0000] {processor.py:154} INFO - Started process (PID=1008) to work on /home/airflow/.local/lib/python3.7/site-packages/airflow/example_dags/example_nested_branch_dag.py
[2025-03-16T08:40:03.560+0000] {processor.py:756} INFO - Processing file /home/airflow/.local/lib/python3.7/site-packages/airflow/example_dags/example_nested_branch_dag.py for tasks to queue
[2025-03-16T08:40:03.562+0000] {logging_mixin.py:120} INFO - [2025-03-16T08:40:03.561+0000] {dagbag.py:537} INFO - Filling up the DagBag from /home/airflow/.local/lib/python3.7/site-packages/airflow/example_dags/example_nested_branch_dag.py
[2025-03-16T08:40:03.621+0000] {processor.py:766} INFO - DAG(s) dict_keys(['example_nested_branch_dag']) retrieved from /home/airflow/.local/lib/python3.7/site-packages/airflow/example_dags/example_nested_branch_dag.py
[2025-03-16T08:40:03.726+0000] {logging_mixin.py:120} INFO - [2025-03-16T08:40:03.725+0000] {dag.py:2585} INFO - Sync 1 DAGs
[2025-03-16T08:40:03.785+0000] {logging_mixin.py:120} INFO - [2025-03-16T08:40:03.785+0000] {dag.py:3340} INFO - Setting next_dagrun for example_nested_branch_dag to 2025-03-15T00:00:00+00:00, run_after=2025-03-16T00:00:00+00:00
[2025-03-16T08:40:03.822+0000] {processor.py:176} INFO - Processing /home/airflow/.local/lib/python3.7/site-packages/airflow/example_dags/example_nested_branch_dag.py took 0.281 seconds
[2025-03-16T08:40:34.017+0000] {processor.py:154} INFO - Started process (PID=1064) to work on /home/airflow/.local/lib/python3.7/site-packages/airflow/example_dags/example_nested_branch_dag.py
[2025-03-16T08:40:34.018+0000] {processor.py:756} INFO - Processing file /home/airflow/.local/lib/python3.7/site-packages/airflow/example_dags/example_nested_branch_dag.py for tasks to queue
[2025-03-16T08:40:34.019+0000] {logging_mixin.py:120} INFO - [2025-03-16T08:40:34.019+0000] {dagbag.py:537} INFO - Filling up the DagBag from /home/airflow/.local/lib/python3.7/site-packages/airflow/example_dags/example_nested_branch_dag.py
[2025-03-16T08:40:34.074+0000] {processor.py:766} INFO - DAG(s) dict_keys(['example_nested_branch_dag']) retrieved from /home/airflow/.local/lib/python3.7/site-packages/airflow/example_dags/example_nested_branch_dag.py
[2025-03-16T08:40:34.129+0000] {logging_mixin.py:120} INFO - [2025-03-16T08:40:34.129+0000] {dag.py:2585} INFO - Sync 1 DAGs
[2025-03-16T08:40:34.162+0000] {logging_mixin.py:120} INFO - [2025-03-16T08:40:34.161+0000] {dag.py:3340} INFO - Setting next_dagrun for example_nested_branch_dag to 2025-03-15T00:00:00+00:00, run_after=2025-03-16T00:00:00+00:00
[2025-03-16T08:40:34.184+0000] {processor.py:176} INFO - Processing /home/airflow/.local/lib/python3.7/site-packages/airflow/example_dags/example_nested_branch_dag.py took 0.172 seconds
[2025-03-16T08:41:04.888+0000] {processor.py:154} INFO - Started process (PID=1118) to work on /home/airflow/.local/lib/python3.7/site-packages/airflow/example_dags/example_nested_branch_dag.py
[2025-03-16T08:41:04.892+0000] {processor.py:756} INFO - Processing file /home/airflow/.local/lib/python3.7/site-packages/airflow/example_dags/example_nested_branch_dag.py for tasks to queue
[2025-03-16T08:41:04.893+0000] {logging_mixin.py:120} INFO - [2025-03-16T08:41:04.893+0000] {dagbag.py:537} INFO - Filling up the DagBag from /home/airflow/.local/lib/python3.7/site-packages/airflow/example_dags/example_nested_branch_dag.py
[2025-03-16T08:41:04.945+0000] {processor.py:766} INFO - DAG(s) dict_keys(['example_nested_branch_dag']) retrieved from /home/airflow/.local/lib/python3.7/site-packages/airflow/example_dags/example_nested_branch_dag.py
[2025-03-16T08:41:05.051+0000] {logging_mixin.py:120} INFO - [2025-03-16T08:41:05.051+0000] {dag.py:2585} INFO - Sync 1 DAGs
[2025-03-16T08:41:05.120+0000] {logging_mixin.py:120} INFO - [2025-03-16T08:41:05.119+0000] {dag.py:3340} INFO - Setting next_dagrun for example_nested_branch_dag to 2025-03-15T00:00:00+00:00, run_after=2025-03-16T00:00:00+00:00
[2025-03-16T08:41:05.159+0000] {processor.py:176} INFO - Processing /home/airflow/.local/lib/python3.7/site-packages/airflow/example_dags/example_nested_branch_dag.py took 0.277 seconds
[2025-03-16T08:41:36.121+0000] {processor.py:154} INFO - Started process (PID=1182) to work on /home/airflow/.local/lib/python3.7/site-packages/airflow/example_dags/example_nested_branch_dag.py
[2025-03-16T08:41:36.123+0000] {processor.py:756} INFO - Processing file /home/airflow/.local/lib/python3.7/site-packages/airflow/example_dags/example_nested_branch_dag.py for tasks to queue
[2025-03-16T08:41:36.124+0000] {logging_mixin.py:120} INFO - [2025-03-16T08:41:36.124+0000] {dagbag.py:537} INFO - Filling up the DagBag from /home/airflow/.local/lib/python3.7/site-packages/airflow/example_dags/example_nested_branch_dag.py
[2025-03-16T08:41:36.167+0000] {processor.py:766} INFO - DAG(s) dict_keys(['example_nested_branch_dag']) retrieved from /home/airflow/.local/lib/python3.7/site-packages/airflow/example_dags/example_nested_branch_dag.py
[2025-03-16T08:41:36.248+0000] {logging_mixin.py:120} INFO - [2025-03-16T08:41:36.248+0000] {dag.py:2585} INFO - Sync 1 DAGs
[2025-03-16T08:41:36.294+0000] {logging_mixin.py:120} INFO - [2025-03-16T08:41:36.294+0000] {dag.py:3340} INFO - Setting next_dagrun for example_nested_branch_dag to 2025-03-15T00:00:00+00:00, run_after=2025-03-16T00:00:00+00:00
[2025-03-16T08:41:36.329+0000] {processor.py:176} INFO - Processing /home/airflow/.local/lib/python3.7/site-packages/airflow/example_dags/example_nested_branch_dag.py took 0.218 seconds
[2025-03-16T08:42:07.028+0000] {processor.py:154} INFO - Started process (PID=1236) to work on /home/airflow/.local/lib/python3.7/site-packages/airflow/example_dags/example_nested_branch_dag.py
[2025-03-16T08:42:07.030+0000] {processor.py:756} INFO - Processing file /home/airflow/.local/lib/python3.7/site-packages/airflow/example_dags/example_nested_branch_dag.py for tasks to queue
[2025-03-16T08:42:07.031+0000] {logging_mixin.py:120} INFO - [2025-03-16T08:42:07.031+0000] {dagbag.py:537} INFO - Filling up the DagBag from /home/airflow/.local/lib/python3.7/site-packages/airflow/example_dags/example_nested_branch_dag.py
[2025-03-16T08:42:07.062+0000] {processor.py:766} INFO - DAG(s) dict_keys(['example_nested_branch_dag']) retrieved from /home/airflow/.local/lib/python3.7/site-packages/airflow/example_dags/example_nested_branch_dag.py
[2025-03-16T08:42:07.124+0000] {logging_mixin.py:120} INFO - [2025-03-16T08:42:07.124+0000] {dag.py:2585} INFO - Sync 1 DAGs
[2025-03-16T08:42:07.172+0000] {logging_mixin.py:120} INFO - [2025-03-16T08:42:07.172+0000] {dag.py:3340} INFO - Setting next_dagrun for example_nested_branch_dag to 2025-03-15T00:00:00+00:00, run_after=2025-03-16T00:00:00+00:00
[2025-03-16T08:42:07.199+0000] {processor.py:176} INFO - Processing /home/airflow/.local/lib/python3.7/site-packages/airflow/example_dags/example_nested_branch_dag.py took 0.174 seconds
[2025-03-16T08:42:37.862+0000] {processor.py:154} INFO - Started process (PID=1299) to work on /home/airflow/.local/lib/python3.7/site-packages/airflow/example_dags/example_nested_branch_dag.py
[2025-03-16T08:42:37.864+0000] {processor.py:756} INFO - Processing file /home/airflow/.local/lib/python3.7/site-packages/airflow/example_dags/example_nested_branch_dag.py for tasks to queue
[2025-03-16T08:42:37.864+0000] {logging_mixin.py:120} INFO - [2025-03-16T08:42:37.864+0000] {dagbag.py:537} INFO - Filling up the DagBag from /home/airflow/.local/lib/python3.7/site-packages/airflow/example_dags/example_nested_branch_dag.py
[2025-03-16T08:42:37.891+0000] {processor.py:766} INFO - DAG(s) dict_keys(['example_nested_branch_dag']) retrieved from /home/airflow/.local/lib/python3.7/site-packages/airflow/example_dags/example_nested_branch_dag.py
[2025-03-16T08:42:37.940+0000] {logging_mixin.py:120} INFO - [2025-03-16T08:42:37.940+0000] {dag.py:2585} INFO - Sync 1 DAGs
[2025-03-16T08:42:37.970+0000] {logging_mixin.py:120} INFO - [2025-03-16T08:42:37.970+0000] {dag.py:3340} INFO - Setting next_dagrun for example_nested_branch_dag to 2025-03-15T00:00:00+00:00, run_after=2025-03-16T00:00:00+00:00
[2025-03-16T08:42:37.991+0000] {processor.py:176} INFO - Processing /home/airflow/.local/lib/python3.7/site-packages/airflow/example_dags/example_nested_branch_dag.py took 0.133 seconds
[2025-03-16T08:43:08.767+0000] {processor.py:154} INFO - Started process (PID=1353) to work on /home/airflow/.local/lib/python3.7/site-packages/airflow/example_dags/example_nested_branch_dag.py
[2025-03-16T08:43:08.770+0000] {processor.py:756} INFO - Processing file /home/airflow/.local/lib/python3.7/site-packages/airflow/example_dags/example_nested_branch_dag.py for tasks to queue
[2025-03-16T08:43:08.771+0000] {logging_mixin.py:120} INFO - [2025-03-16T08:43:08.770+0000] {dagbag.py:537} INFO - Filling up the DagBag from /home/airflow/.local/lib/python3.7/site-packages/airflow/example_dags/example_nested_branch_dag.py
[2025-03-16T08:43:08.808+0000] {processor.py:766} INFO - DAG(s) dict_keys(['example_nested_branch_dag']) retrieved from /home/airflow/.local/lib/python3.7/site-packages/airflow/example_dags/example_nested_branch_dag.py
[2025-03-16T08:43:08.859+0000] {logging_mixin.py:120} INFO - [2025-03-16T08:43:08.859+0000] {dag.py:2585} INFO - Sync 1 DAGs
[2025-03-16T08:43:08.904+0000] {logging_mixin.py:120} INFO - [2025-03-16T08:43:08.904+0000] {dag.py:3340} INFO - Setting next_dagrun for example_nested_branch_dag to 2025-03-15T00:00:00+00:00, run_after=2025-03-16T00:00:00+00:00
[2025-03-16T08:43:08.960+0000] {processor.py:176} INFO - Processing /home/airflow/.local/lib/python3.7/site-packages/airflow/example_dags/example_nested_branch_dag.py took 0.198 seconds
[2025-03-16T08:43:39.637+0000] {processor.py:154} INFO - Started process (PID=1416) to work on /home/airflow/.local/lib/python3.7/site-packages/airflow/example_dags/example_nested_branch_dag.py
[2025-03-16T08:43:39.638+0000] {processor.py:756} INFO - Processing file /home/airflow/.local/lib/python3.7/site-packages/airflow/example_dags/example_nested_branch_dag.py for tasks to queue
[2025-03-16T08:43:39.638+0000] {logging_mixin.py:120} INFO - [2025-03-16T08:43:39.638+0000] {dagbag.py:537} INFO - Filling up the DagBag from /home/airflow/.local/lib/python3.7/site-packages/airflow/example_dags/example_nested_branch_dag.py
[2025-03-16T08:43:39.668+0000] {processor.py:766} INFO - DAG(s) dict_keys(['example_nested_branch_dag']) retrieved from /home/airflow/.local/lib/python3.7/site-packages/airflow/example_dags/example_nested_branch_dag.py
[2025-03-16T08:43:39.738+0000] {logging_mixin.py:120} INFO - [2025-03-16T08:43:39.738+0000] {dag.py:2585} INFO - Sync 1 DAGs
[2025-03-16T08:43:39.799+0000] {logging_mixin.py:120} INFO - [2025-03-16T08:43:39.799+0000] {dag.py:3340} INFO - Setting next_dagrun for example_nested_branch_dag to 2025-03-15T00:00:00+00:00, run_after=2025-03-16T00:00:00+00:00
[2025-03-16T08:43:39.834+0000] {processor.py:176} INFO - Processing /home/airflow/.local/lib/python3.7/site-packages/airflow/example_dags/example_nested_branch_dag.py took 0.202 seconds
[2025-03-16T08:44:10.729+0000] {processor.py:154} INFO - Started process (PID=1470) to work on /home/airflow/.local/lib/python3.7/site-packages/airflow/example_dags/example_nested_branch_dag.py
[2025-03-16T08:44:10.730+0000] {processor.py:756} INFO - Processing file /home/airflow/.local/lib/python3.7/site-packages/airflow/example_dags/example_nested_branch_dag.py for tasks to queue
[2025-03-16T08:44:10.731+0000] {logging_mixin.py:120} INFO - [2025-03-16T08:44:10.731+0000] {dagbag.py:537} INFO - Filling up the DagBag from /home/airflow/.local/lib/python3.7/site-packages/airflow/example_dags/example_nested_branch_dag.py
[2025-03-16T08:44:10.768+0000] {processor.py:766} INFO - DAG(s) dict_keys(['example_nested_branch_dag']) retrieved from /home/airflow/.local/lib/python3.7/site-packages/airflow/example_dags/example_nested_branch_dag.py
[2025-03-16T08:44:10.821+0000] {logging_mixin.py:120} INFO - [2025-03-16T08:44:10.820+0000] {dag.py:2585} INFO - Sync 1 DAGs
[2025-03-16T08:44:10.869+0000] {logging_mixin.py:120} INFO - [2025-03-16T08:44:10.867+0000] {dag.py:3340} INFO - Setting next_dagrun for example_nested_branch_dag to 2025-03-15T00:00:00+00:00, run_after=2025-03-16T00:00:00+00:00
[2025-03-16T08:44:10.909+0000] {processor.py:176} INFO - Processing /home/airflow/.local/lib/python3.7/site-packages/airflow/example_dags/example_nested_branch_dag.py took 0.184 seconds
[2025-03-16T08:44:40.955+0000] {processor.py:154} INFO - Started process (PID=1534) to work on /home/airflow/.local/lib/python3.7/site-packages/airflow/example_dags/example_nested_branch_dag.py
[2025-03-16T08:44:40.956+0000] {processor.py:756} INFO - Processing file /home/airflow/.local/lib/python3.7/site-packages/airflow/example_dags/example_nested_branch_dag.py for tasks to queue
[2025-03-16T08:44:40.957+0000] {logging_mixin.py:120} INFO - [2025-03-16T08:44:40.956+0000] {dagbag.py:537} INFO - Filling up the DagBag from /home/airflow/.local/lib/python3.7/site-packages/airflow/example_dags/example_nested_branch_dag.py
[2025-03-16T08:44:40.987+0000] {processor.py:766} INFO - DAG(s) dict_keys(['example_nested_branch_dag']) retrieved from /home/airflow/.local/lib/python3.7/site-packages/airflow/example_dags/example_nested_branch_dag.py
[2025-03-16T08:44:41.043+0000] {logging_mixin.py:120} INFO - [2025-03-16T08:44:41.043+0000] {dag.py:2585} INFO - Sync 1 DAGs
[2025-03-16T08:44:41.076+0000] {logging_mixin.py:120} INFO - [2025-03-16T08:44:41.076+0000] {dag.py:3340} INFO - Setting next_dagrun for example_nested_branch_dag to 2025-03-15T00:00:00+00:00, run_after=2025-03-16T00:00:00+00:00
[2025-03-16T08:44:41.096+0000] {processor.py:176} INFO - Processing /home/airflow/.local/lib/python3.7/site-packages/airflow/example_dags/example_nested_branch_dag.py took 0.146 seconds
[2025-03-16T08:45:11.335+0000] {processor.py:154} INFO - Started process (PID=1588) to work on /home/airflow/.local/lib/python3.7/site-packages/airflow/example_dags/example_nested_branch_dag.py
[2025-03-16T08:45:11.337+0000] {processor.py:756} INFO - Processing file /home/airflow/.local/lib/python3.7/site-packages/airflow/example_dags/example_nested_branch_dag.py for tasks to queue
[2025-03-16T08:45:11.338+0000] {logging_mixin.py:120} INFO - [2025-03-16T08:45:11.338+0000] {dagbag.py:537} INFO - Filling up the DagBag from /home/airflow/.local/lib/python3.7/site-packages/airflow/example_dags/example_nested_branch_dag.py
[2025-03-16T08:45:11.368+0000] {processor.py:766} INFO - DAG(s) dict_keys(['example_nested_branch_dag']) retrieved from /home/airflow/.local/lib/python3.7/site-packages/airflow/example_dags/example_nested_branch_dag.py
[2025-03-16T08:45:11.484+0000] {logging_mixin.py:120} INFO - [2025-03-16T08:45:11.484+0000] {dag.py:2585} INFO - Sync 1 DAGs
[2025-03-16T08:45:11.520+0000] {logging_mixin.py:120} INFO - [2025-03-16T08:45:11.520+0000] {dag.py:3340} INFO - Setting next_dagrun for example_nested_branch_dag to 2025-03-15T00:00:00+00:00, run_after=2025-03-16T00:00:00+00:00
[2025-03-16T08:45:11.543+0000] {processor.py:176} INFO - Processing /home/airflow/.local/lib/python3.7/site-packages/airflow/example_dags/example_nested_branch_dag.py took 0.212 seconds
[2025-03-16T08:45:42.383+0000] {processor.py:154} INFO - Started process (PID=1650) to work on /home/airflow/.local/lib/python3.7/site-packages/airflow/example_dags/example_nested_branch_dag.py
[2025-03-16T08:45:42.384+0000] {processor.py:756} INFO - Processing file /home/airflow/.local/lib/python3.7/site-packages/airflow/example_dags/example_nested_branch_dag.py for tasks to queue
[2025-03-16T08:45:42.385+0000] {logging_mixin.py:120} INFO - [2025-03-16T08:45:42.384+0000] {dagbag.py:537} INFO - Filling up the DagBag from /home/airflow/.local/lib/python3.7/site-packages/airflow/example_dags/example_nested_branch_dag.py
[2025-03-16T08:45:42.428+0000] {processor.py:766} INFO - DAG(s) dict_keys(['example_nested_branch_dag']) retrieved from /home/airflow/.local/lib/python3.7/site-packages/airflow/example_dags/example_nested_branch_dag.py
[2025-03-16T08:45:42.514+0000] {logging_mixin.py:120} INFO - [2025-03-16T08:45:42.514+0000] {dag.py:2585} INFO - Sync 1 DAGs
[2025-03-16T08:45:42.566+0000] {logging_mixin.py:120} INFO - [2025-03-16T08:45:42.566+0000] {dag.py:3340} INFO - Setting next_dagrun for example_nested_branch_dag to 2025-03-15T00:00:00+00:00, run_after=2025-03-16T00:00:00+00:00
[2025-03-16T08:45:42.598+0000] {processor.py:176} INFO - Processing /home/airflow/.local/lib/python3.7/site-packages/airflow/example_dags/example_nested_branch_dag.py took 0.221 seconds
[2025-03-16T08:46:13.370+0000] {processor.py:154} INFO - Started process (PID=1704) to work on /home/airflow/.local/lib/python3.7/site-packages/airflow/example_dags/example_nested_branch_dag.py
[2025-03-16T08:46:13.373+0000] {processor.py:756} INFO - Processing file /home/airflow/.local/lib/python3.7/site-packages/airflow/example_dags/example_nested_branch_dag.py for tasks to queue
[2025-03-16T08:46:13.375+0000] {logging_mixin.py:120} INFO - [2025-03-16T08:46:13.374+0000] {dagbag.py:537} INFO - Filling up the DagBag from /home/airflow/.local/lib/python3.7/site-packages/airflow/example_dags/example_nested_branch_dag.py
[2025-03-16T08:46:13.425+0000] {processor.py:766} INFO - DAG(s) dict_keys(['example_nested_branch_dag']) retrieved from /home/airflow/.local/lib/python3.7/site-packages/airflow/example_dags/example_nested_branch_dag.py
[2025-03-16T08:46:13.502+0000] {logging_mixin.py:120} INFO - [2025-03-16T08:46:13.502+0000] {dag.py:2585} INFO - Sync 1 DAGs
[2025-03-16T08:46:13.560+0000] {logging_mixin.py:120} INFO - [2025-03-16T08:46:13.560+0000] {dag.py:3340} INFO - Setting next_dagrun for example_nested_branch_dag to 2025-03-15T00:00:00+00:00, run_after=2025-03-16T00:00:00+00:00
[2025-03-16T08:46:13.594+0000] {processor.py:176} INFO - Processing /home/airflow/.local/lib/python3.7/site-packages/airflow/example_dags/example_nested_branch_dag.py took 0.238 seconds
[2025-03-16T08:46:43.721+0000] {processor.py:154} INFO - Started process (PID=1767) to work on /home/airflow/.local/lib/python3.7/site-packages/airflow/example_dags/example_nested_branch_dag.py
[2025-03-16T08:46:43.722+0000] {processor.py:756} INFO - Processing file /home/airflow/.local/lib/python3.7/site-packages/airflow/example_dags/example_nested_branch_dag.py for tasks to queue
[2025-03-16T08:46:43.724+0000] {logging_mixin.py:120} INFO - [2025-03-16T08:46:43.723+0000] {dagbag.py:537} INFO - Filling up the DagBag from /home/airflow/.local/lib/python3.7/site-packages/airflow/example_dags/example_nested_branch_dag.py
[2025-03-16T08:46:43.772+0000] {processor.py:766} INFO - DAG(s) dict_keys(['example_nested_branch_dag']) retrieved from /home/airflow/.local/lib/python3.7/site-packages/airflow/example_dags/example_nested_branch_dag.py
[2025-03-16T08:46:43.863+0000] {logging_mixin.py:120} INFO - [2025-03-16T08:46:43.863+0000] {dag.py:2585} INFO - Sync 1 DAGs
[2025-03-16T08:46:43.910+0000] {logging_mixin.py:120} INFO - [2025-03-16T08:46:43.910+0000] {dag.py:3340} INFO - Setting next_dagrun for example_nested_branch_dag to 2025-03-15T00:00:00+00:00, run_after=2025-03-16T00:00:00+00:00
[2025-03-16T08:46:43.938+0000] {processor.py:176} INFO - Processing /home/airflow/.local/lib/python3.7/site-packages/airflow/example_dags/example_nested_branch_dag.py took 0.223 seconds
[2025-03-16T08:47:14.555+0000] {processor.py:154} INFO - Started process (PID=1821) to work on /home/airflow/.local/lib/python3.7/site-packages/airflow/example_dags/example_nested_branch_dag.py
[2025-03-16T08:47:14.557+0000] {processor.py:756} INFO - Processing file /home/airflow/.local/lib/python3.7/site-packages/airflow/example_dags/example_nested_branch_dag.py for tasks to queue
[2025-03-16T08:47:14.558+0000] {logging_mixin.py:120} INFO - [2025-03-16T08:47:14.558+0000] {dagbag.py:537} INFO - Filling up the DagBag from /home/airflow/.local/lib/python3.7/site-packages/airflow/example_dags/example_nested_branch_dag.py
[2025-03-16T08:47:14.601+0000] {processor.py:766} INFO - DAG(s) dict_keys(['example_nested_branch_dag']) retrieved from /home/airflow/.local/lib/python3.7/site-packages/airflow/example_dags/example_nested_branch_dag.py
[2025-03-16T08:47:14.683+0000] {logging_mixin.py:120} INFO - [2025-03-16T08:47:14.683+0000] {dag.py:2585} INFO - Sync 1 DAGs
[2025-03-16T08:47:14.752+0000] {logging_mixin.py:120} INFO - [2025-03-16T08:47:14.752+0000] {dag.py:3340} INFO - Setting next_dagrun for example_nested_branch_dag to 2025-03-15T00:00:00+00:00, run_after=2025-03-16T00:00:00+00:00
[2025-03-16T08:47:14.823+0000] {processor.py:176} INFO - Processing /home/airflow/.local/lib/python3.7/site-packages/airflow/example_dags/example_nested_branch_dag.py took 0.273 seconds
[2025-03-16T08:47:45.078+0000] {processor.py:154} INFO - Started process (PID=1884) to work on /home/airflow/.local/lib/python3.7/site-packages/airflow/example_dags/example_nested_branch_dag.py
[2025-03-16T08:47:45.080+0000] {processor.py:756} INFO - Processing file /home/airflow/.local/lib/python3.7/site-packages/airflow/example_dags/example_nested_branch_dag.py for tasks to queue
[2025-03-16T08:47:45.081+0000] {logging_mixin.py:120} INFO - [2025-03-16T08:47:45.081+0000] {dagbag.py:537} INFO - Filling up the DagBag from /home/airflow/.local/lib/python3.7/site-packages/airflow/example_dags/example_nested_branch_dag.py
[2025-03-16T08:47:45.143+0000] {processor.py:766} INFO - DAG(s) dict_keys(['example_nested_branch_dag']) retrieved from /home/airflow/.local/lib/python3.7/site-packages/airflow/example_dags/example_nested_branch_dag.py
[2025-03-16T08:47:45.218+0000] {logging_mixin.py:120} INFO - [2025-03-16T08:47:45.217+0000] {dag.py:2585} INFO - Sync 1 DAGs
[2025-03-16T08:47:45.267+0000] {logging_mixin.py:120} INFO - [2025-03-16T08:47:45.267+0000] {dag.py:3340} INFO - Setting next_dagrun for example_nested_branch_dag to 2025-03-15T00:00:00+00:00, run_after=2025-03-16T00:00:00+00:00
[2025-03-16T08:47:45.303+0000] {processor.py:176} INFO - Processing /home/airflow/.local/lib/python3.7/site-packages/airflow/example_dags/example_nested_branch_dag.py took 0.231 seconds
[2025-03-16T08:48:16.153+0000] {processor.py:154} INFO - Started process (PID=1938) to work on /home/airflow/.local/lib/python3.7/site-packages/airflow/example_dags/example_nested_branch_dag.py
[2025-03-16T08:48:16.154+0000] {processor.py:756} INFO - Processing file /home/airflow/.local/lib/python3.7/site-packages/airflow/example_dags/example_nested_branch_dag.py for tasks to queue
[2025-03-16T08:48:16.155+0000] {logging_mixin.py:120} INFO - [2025-03-16T08:48:16.155+0000] {dagbag.py:537} INFO - Filling up the DagBag from /home/airflow/.local/lib/python3.7/site-packages/airflow/example_dags/example_nested_branch_dag.py
[2025-03-16T08:48:16.196+0000] {processor.py:766} INFO - DAG(s) dict_keys(['example_nested_branch_dag']) retrieved from /home/airflow/.local/lib/python3.7/site-packages/airflow/example_dags/example_nested_branch_dag.py
[2025-03-16T08:48:16.274+0000] {logging_mixin.py:120} INFO - [2025-03-16T08:48:16.273+0000] {dag.py:2585} INFO - Sync 1 DAGs
[2025-03-16T08:48:16.339+0000] {logging_mixin.py:120} INFO - [2025-03-16T08:48:16.339+0000] {dag.py:3340} INFO - Setting next_dagrun for example_nested_branch_dag to 2025-03-15T00:00:00+00:00, run_after=2025-03-16T00:00:00+00:00
[2025-03-16T08:48:16.378+0000] {processor.py:176} INFO - Processing /home/airflow/.local/lib/python3.7/site-packages/airflow/example_dags/example_nested_branch_dag.py took 0.231 seconds
[2025-03-16T08:48:46.937+0000] {processor.py:154} INFO - Started process (PID=2000) to work on /home/airflow/.local/lib/python3.7/site-packages/airflow/example_dags/example_nested_branch_dag.py
[2025-03-16T08:48:46.939+0000] {processor.py:756} INFO - Processing file /home/airflow/.local/lib/python3.7/site-packages/airflow/example_dags/example_nested_branch_dag.py for tasks to queue
[2025-03-16T08:48:46.939+0000] {logging_mixin.py:120} INFO - [2025-03-16T08:48:46.939+0000] {dagbag.py:537} INFO - Filling up the DagBag from /home/airflow/.local/lib/python3.7/site-packages/airflow/example_dags/example_nested_branch_dag.py
[2025-03-16T08:48:46.980+0000] {processor.py:766} INFO - DAG(s) dict_keys(['example_nested_branch_dag']) retrieved from /home/airflow/.local/lib/python3.7/site-packages/airflow/example_dags/example_nested_branch_dag.py
[2025-03-16T08:48:47.045+0000] {logging_mixin.py:120} INFO - [2025-03-16T08:48:47.045+0000] {dag.py:2585} INFO - Sync 1 DAGs
[2025-03-16T08:48:47.075+0000] {logging_mixin.py:120} INFO - [2025-03-16T08:48:47.075+0000] {dag.py:3340} INFO - Setting next_dagrun for example_nested_branch_dag to 2025-03-15T00:00:00+00:00, run_after=2025-03-16T00:00:00+00:00
[2025-03-16T08:48:47.096+0000] {processor.py:176} INFO - Processing /home/airflow/.local/lib/python3.7/site-packages/airflow/example_dags/example_nested_branch_dag.py took 0.162 seconds
[2025-03-16T08:49:17.671+0000] {processor.py:154} INFO - Started process (PID=2054) to work on /home/airflow/.local/lib/python3.7/site-packages/airflow/example_dags/example_nested_branch_dag.py
[2025-03-16T08:49:17.672+0000] {processor.py:756} INFO - Processing file /home/airflow/.local/lib/python3.7/site-packages/airflow/example_dags/example_nested_branch_dag.py for tasks to queue
[2025-03-16T08:49:17.673+0000] {logging_mixin.py:120} INFO - [2025-03-16T08:49:17.673+0000] {dagbag.py:537} INFO - Filling up the DagBag from /home/airflow/.local/lib/python3.7/site-packages/airflow/example_dags/example_nested_branch_dag.py
[2025-03-16T08:49:17.717+0000] {processor.py:766} INFO - DAG(s) dict_keys(['example_nested_branch_dag']) retrieved from /home/airflow/.local/lib/python3.7/site-packages/airflow/example_dags/example_nested_branch_dag.py
[2025-03-16T08:49:17.786+0000] {logging_mixin.py:120} INFO - [2025-03-16T08:49:17.786+0000] {dag.py:2585} INFO - Sync 1 DAGs
[2025-03-16T08:49:17.834+0000] {logging_mixin.py:120} INFO - [2025-03-16T08:49:17.833+0000] {dag.py:3340} INFO - Setting next_dagrun for example_nested_branch_dag to 2025-03-15T00:00:00+00:00, run_after=2025-03-16T00:00:00+00:00
[2025-03-16T08:49:17.863+0000] {processor.py:176} INFO - Processing /home/airflow/.local/lib/python3.7/site-packages/airflow/example_dags/example_nested_branch_dag.py took 0.198 seconds
[2025-03-16T08:49:48.180+0000] {processor.py:154} INFO - Started process (PID=2118) to work on /home/airflow/.local/lib/python3.7/site-packages/airflow/example_dags/example_nested_branch_dag.py
[2025-03-16T08:49:48.182+0000] {processor.py:756} INFO - Processing file /home/airflow/.local/lib/python3.7/site-packages/airflow/example_dags/example_nested_branch_dag.py for tasks to queue
[2025-03-16T08:49:48.183+0000] {logging_mixin.py:120} INFO - [2025-03-16T08:49:48.183+0000] {dagbag.py:537} INFO - Filling up the DagBag from /home/airflow/.local/lib/python3.7/site-packages/airflow/example_dags/example_nested_branch_dag.py
[2025-03-16T08:49:48.237+0000] {processor.py:766} INFO - DAG(s) dict_keys(['example_nested_branch_dag']) retrieved from /home/airflow/.local/lib/python3.7/site-packages/airflow/example_dags/example_nested_branch_dag.py
[2025-03-16T08:49:48.327+0000] {logging_mixin.py:120} INFO - [2025-03-16T08:49:48.326+0000] {dag.py:2585} INFO - Sync 1 DAGs
[2025-03-16T08:49:48.389+0000] {logging_mixin.py:120} INFO - [2025-03-16T08:49:48.389+0000] {dag.py:3340} INFO - Setting next_dagrun for example_nested_branch_dag to 2025-03-15T00:00:00+00:00, run_after=2025-03-16T00:00:00+00:00
[2025-03-16T08:49:48.422+0000] {processor.py:176} INFO - Processing /home/airflow/.local/lib/python3.7/site-packages/airflow/example_dags/example_nested_branch_dag.py took 0.250 seconds
[2025-03-16T08:50:18.785+0000] {processor.py:154} INFO - Started process (PID=2172) to work on /home/airflow/.local/lib/python3.7/site-packages/airflow/example_dags/example_nested_branch_dag.py
[2025-03-16T08:50:18.788+0000] {processor.py:756} INFO - Processing file /home/airflow/.local/lib/python3.7/site-packages/airflow/example_dags/example_nested_branch_dag.py for tasks to queue
[2025-03-16T08:50:18.789+0000] {logging_mixin.py:120} INFO - [2025-03-16T08:50:18.789+0000] {dagbag.py:537} INFO - Filling up the DagBag from /home/airflow/.local/lib/python3.7/site-packages/airflow/example_dags/example_nested_branch_dag.py
[2025-03-16T08:50:18.850+0000] {processor.py:766} INFO - DAG(s) dict_keys(['example_nested_branch_dag']) retrieved from /home/airflow/.local/lib/python3.7/site-packages/airflow/example_dags/example_nested_branch_dag.py
[2025-03-16T08:50:18.933+0000] {logging_mixin.py:120} INFO - [2025-03-16T08:50:18.933+0000] {dag.py:2585} INFO - Sync 1 DAGs
[2025-03-16T08:50:18.984+0000] {logging_mixin.py:120} INFO - [2025-03-16T08:50:18.983+0000] {dag.py:3340} INFO - Setting next_dagrun for example_nested_branch_dag to 2025-03-15T00:00:00+00:00, run_after=2025-03-16T00:00:00+00:00
[2025-03-16T08:50:19.020+0000] {processor.py:176} INFO - Processing /home/airflow/.local/lib/python3.7/site-packages/airflow/example_dags/example_nested_branch_dag.py took 0.242 seconds
[2025-03-16T08:50:49.061+0000] {processor.py:154} INFO - Started process (PID=2235) to work on /home/airflow/.local/lib/python3.7/site-packages/airflow/example_dags/example_nested_branch_dag.py
[2025-03-16T08:50:49.062+0000] {processor.py:756} INFO - Processing file /home/airflow/.local/lib/python3.7/site-packages/airflow/example_dags/example_nested_branch_dag.py for tasks to queue
[2025-03-16T08:50:49.063+0000] {logging_mixin.py:120} INFO - [2025-03-16T08:50:49.062+0000] {dagbag.py:537} INFO - Filling up the DagBag from /home/airflow/.local/lib/python3.7/site-packages/airflow/example_dags/example_nested_branch_dag.py
[2025-03-16T08:50:49.103+0000] {processor.py:766} INFO - DAG(s) dict_keys(['example_nested_branch_dag']) retrieved from /home/airflow/.local/lib/python3.7/site-packages/airflow/example_dags/example_nested_branch_dag.py
[2025-03-16T08:50:49.170+0000] {logging_mixin.py:120} INFO - [2025-03-16T08:50:49.170+0000] {dag.py:2585} INFO - Sync 1 DAGs
[2025-03-16T08:50:49.217+0000] {logging_mixin.py:120} INFO - [2025-03-16T08:50:49.216+0000] {dag.py:3340} INFO - Setting next_dagrun for example_nested_branch_dag to 2025-03-15T00:00:00+00:00, run_after=2025-03-16T00:00:00+00:00
[2025-03-16T08:50:49.245+0000] {processor.py:176} INFO - Processing /home/airflow/.local/lib/python3.7/site-packages/airflow/example_dags/example_nested_branch_dag.py took 0.189 seconds
[2025-03-16T08:51:20.141+0000] {processor.py:154} INFO - Started process (PID=2296) to work on /home/airflow/.local/lib/python3.7/site-packages/airflow/example_dags/example_nested_branch_dag.py
[2025-03-16T08:51:20.144+0000] {processor.py:756} INFO - Processing file /home/airflow/.local/lib/python3.7/site-packages/airflow/example_dags/example_nested_branch_dag.py for tasks to queue
[2025-03-16T08:51:20.147+0000] {logging_mixin.py:120} INFO - [2025-03-16T08:51:20.147+0000] {dagbag.py:537} INFO - Filling up the DagBag from /home/airflow/.local/lib/python3.7/site-packages/airflow/example_dags/example_nested_branch_dag.py
[2025-03-16T08:51:20.233+0000] {processor.py:766} INFO - DAG(s) dict_keys(['example_nested_branch_dag']) retrieved from /home/airflow/.local/lib/python3.7/site-packages/airflow/example_dags/example_nested_branch_dag.py
[2025-03-16T08:51:20.394+0000] {logging_mixin.py:120} INFO - [2025-03-16T08:51:20.394+0000] {dag.py:2585} INFO - Sync 1 DAGs
[2025-03-16T08:51:20.490+0000] {logging_mixin.py:120} INFO - [2025-03-16T08:51:20.490+0000] {dag.py:3340} INFO - Setting next_dagrun for example_nested_branch_dag to 2025-03-15T00:00:00+00:00, run_after=2025-03-16T00:00:00+00:00
[2025-03-16T08:51:20.572+0000] {processor.py:176} INFO - Processing /home/airflow/.local/lib/python3.7/site-packages/airflow/example_dags/example_nested_branch_dag.py took 0.440 seconds
[2025-03-16T08:51:50.639+0000] {processor.py:154} INFO - Started process (PID=2352) to work on /home/airflow/.local/lib/python3.7/site-packages/airflow/example_dags/example_nested_branch_dag.py
[2025-03-16T08:51:50.641+0000] {processor.py:756} INFO - Processing file /home/airflow/.local/lib/python3.7/site-packages/airflow/example_dags/example_nested_branch_dag.py for tasks to queue
[2025-03-16T08:51:50.642+0000] {logging_mixin.py:120} INFO - [2025-03-16T08:51:50.642+0000] {dagbag.py:537} INFO - Filling up the DagBag from /home/airflow/.local/lib/python3.7/site-packages/airflow/example_dags/example_nested_branch_dag.py
[2025-03-16T08:51:50.682+0000] {processor.py:766} INFO - DAG(s) dict_keys(['example_nested_branch_dag']) retrieved from /home/airflow/.local/lib/python3.7/site-packages/airflow/example_dags/example_nested_branch_dag.py
[2025-03-16T08:51:50.749+0000] {logging_mixin.py:120} INFO - [2025-03-16T08:51:50.749+0000] {dag.py:2585} INFO - Sync 1 DAGs
[2025-03-16T08:51:50.798+0000] {logging_mixin.py:120} INFO - [2025-03-16T08:51:50.797+0000] {dag.py:3340} INFO - Setting next_dagrun for example_nested_branch_dag to 2025-03-15T00:00:00+00:00, run_after=2025-03-16T00:00:00+00:00
[2025-03-16T08:51:50.831+0000] {processor.py:176} INFO - Processing /home/airflow/.local/lib/python3.7/site-packages/airflow/example_dags/example_nested_branch_dag.py took 0.197 seconds
[2025-03-16T08:52:20.994+0000] {processor.py:154} INFO - Started process (PID=2407) to work on /home/airflow/.local/lib/python3.7/site-packages/airflow/example_dags/example_nested_branch_dag.py
[2025-03-16T08:52:20.996+0000] {processor.py:756} INFO - Processing file /home/airflow/.local/lib/python3.7/site-packages/airflow/example_dags/example_nested_branch_dag.py for tasks to queue
[2025-03-16T08:52:20.997+0000] {logging_mixin.py:120} INFO - [2025-03-16T08:52:20.996+0000] {dagbag.py:537} INFO - Filling up the DagBag from /home/airflow/.local/lib/python3.7/site-packages/airflow/example_dags/example_nested_branch_dag.py
[2025-03-16T08:52:21.049+0000] {processor.py:766} INFO - DAG(s) dict_keys(['example_nested_branch_dag']) retrieved from /home/airflow/.local/lib/python3.7/site-packages/airflow/example_dags/example_nested_branch_dag.py
[2025-03-16T08:52:21.136+0000] {logging_mixin.py:120} INFO - [2025-03-16T08:52:21.135+0000] {dag.py:2585} INFO - Sync 1 DAGs
[2025-03-16T08:52:21.187+0000] {logging_mixin.py:120} INFO - [2025-03-16T08:52:21.187+0000] {dag.py:3340} INFO - Setting next_dagrun for example_nested_branch_dag to 2025-03-15T00:00:00+00:00, run_after=2025-03-16T00:00:00+00:00
[2025-03-16T08:52:21.222+0000] {processor.py:176} INFO - Processing /home/airflow/.local/lib/python3.7/site-packages/airflow/example_dags/example_nested_branch_dag.py took 0.235 seconds
[2025-03-16T08:52:52.215+0000] {processor.py:154} INFO - Started process (PID=2470) to work on /home/airflow/.local/lib/python3.7/site-packages/airflow/example_dags/example_nested_branch_dag.py
[2025-03-16T08:52:52.216+0000] {processor.py:756} INFO - Processing file /home/airflow/.local/lib/python3.7/site-packages/airflow/example_dags/example_nested_branch_dag.py for tasks to queue
[2025-03-16T08:52:52.217+0000] {logging_mixin.py:120} INFO - [2025-03-16T08:52:52.217+0000] {dagbag.py:537} INFO - Filling up the DagBag from /home/airflow/.local/lib/python3.7/site-packages/airflow/example_dags/example_nested_branch_dag.py
[2025-03-16T08:52:52.279+0000] {processor.py:766} INFO - DAG(s) dict_keys(['example_nested_branch_dag']) retrieved from /home/airflow/.local/lib/python3.7/site-packages/airflow/example_dags/example_nested_branch_dag.py
[2025-03-16T08:52:52.347+0000] {logging_mixin.py:120} INFO - [2025-03-16T08:52:52.347+0000] {dag.py:2585} INFO - Sync 1 DAGs
[2025-03-16T08:52:52.399+0000] {logging_mixin.py:120} INFO - [2025-03-16T08:52:52.399+0000] {dag.py:3340} INFO - Setting next_dagrun for example_nested_branch_dag to 2025-03-15T00:00:00+00:00, run_after=2025-03-16T00:00:00+00:00
[2025-03-16T08:52:52.433+0000] {processor.py:176} INFO - Processing /home/airflow/.local/lib/python3.7/site-packages/airflow/example_dags/example_nested_branch_dag.py took 0.226 seconds
[2025-03-16T08:53:22.788+0000] {processor.py:154} INFO - Started process (PID=2524) to work on /home/airflow/.local/lib/python3.7/site-packages/airflow/example_dags/example_nested_branch_dag.py
[2025-03-16T08:53:22.789+0000] {processor.py:756} INFO - Processing file /home/airflow/.local/lib/python3.7/site-packages/airflow/example_dags/example_nested_branch_dag.py for tasks to queue
[2025-03-16T08:53:22.791+0000] {logging_mixin.py:120} INFO - [2025-03-16T08:53:22.791+0000] {dagbag.py:537} INFO - Filling up the DagBag from /home/airflow/.local/lib/python3.7/site-packages/airflow/example_dags/example_nested_branch_dag.py
[2025-03-16T08:53:22.834+0000] {processor.py:766} INFO - DAG(s) dict_keys(['example_nested_branch_dag']) retrieved from /home/airflow/.local/lib/python3.7/site-packages/airflow/example_dags/example_nested_branch_dag.py
[2025-03-16T08:53:22.903+0000] {logging_mixin.py:120} INFO - [2025-03-16T08:53:22.903+0000] {dag.py:2585} INFO - Sync 1 DAGs
[2025-03-16T08:53:22.954+0000] {logging_mixin.py:120} INFO - [2025-03-16T08:53:22.953+0000] {dag.py:3340} INFO - Setting next_dagrun for example_nested_branch_dag to 2025-03-15T00:00:00+00:00, run_after=2025-03-16T00:00:00+00:00
[2025-03-16T08:53:22.988+0000] {processor.py:176} INFO - Processing /home/airflow/.local/lib/python3.7/site-packages/airflow/example_dags/example_nested_branch_dag.py took 0.206 seconds
[2025-03-16T08:53:53.556+0000] {processor.py:154} INFO - Started process (PID=2588) to work on /home/airflow/.local/lib/python3.7/site-packages/airflow/example_dags/example_nested_branch_dag.py
[2025-03-16T08:53:53.557+0000] {processor.py:756} INFO - Processing file /home/airflow/.local/lib/python3.7/site-packages/airflow/example_dags/example_nested_branch_dag.py for tasks to queue
[2025-03-16T08:53:53.558+0000] {logging_mixin.py:120} INFO - [2025-03-16T08:53:53.558+0000] {dagbag.py:537} INFO - Filling up the DagBag from /home/airflow/.local/lib/python3.7/site-packages/airflow/example_dags/example_nested_branch_dag.py
[2025-03-16T08:53:53.609+0000] {processor.py:766} INFO - DAG(s) dict_keys(['example_nested_branch_dag']) retrieved from /home/airflow/.local/lib/python3.7/site-packages/airflow/example_dags/example_nested_branch_dag.py
[2025-03-16T08:53:53.702+0000] {logging_mixin.py:120} INFO - [2025-03-16T08:53:53.702+0000] {dag.py:2585} INFO - Sync 1 DAGs
[2025-03-16T08:53:53.768+0000] {logging_mixin.py:120} INFO - [2025-03-16T08:53:53.767+0000] {dag.py:3340} INFO - Setting next_dagrun for example_nested_branch_dag to 2025-03-15T00:00:00+00:00, run_after=2025-03-16T00:00:00+00:00
[2025-03-16T08:53:53.804+0000] {processor.py:176} INFO - Processing /home/airflow/.local/lib/python3.7/site-packages/airflow/example_dags/example_nested_branch_dag.py took 0.255 seconds
[2025-03-16T08:54:24.238+0000] {processor.py:154} INFO - Started process (PID=2642) to work on /home/airflow/.local/lib/python3.7/site-packages/airflow/example_dags/example_nested_branch_dag.py
[2025-03-16T08:54:24.244+0000] {processor.py:756} INFO - Processing file /home/airflow/.local/lib/python3.7/site-packages/airflow/example_dags/example_nested_branch_dag.py for tasks to queue
[2025-03-16T08:54:24.246+0000] {logging_mixin.py:120} INFO - [2025-03-16T08:54:24.245+0000] {dagbag.py:537} INFO - Filling up the DagBag from /home/airflow/.local/lib/python3.7/site-packages/airflow/example_dags/example_nested_branch_dag.py
[2025-03-16T08:54:24.319+0000] {processor.py:766} INFO - DAG(s) dict_keys(['example_nested_branch_dag']) retrieved from /home/airflow/.local/lib/python3.7/site-packages/airflow/example_dags/example_nested_branch_dag.py
[2025-03-16T08:54:24.404+0000] {logging_mixin.py:120} INFO - [2025-03-16T08:54:24.404+0000] {dag.py:2585} INFO - Sync 1 DAGs
[2025-03-16T08:54:24.463+0000] {logging_mixin.py:120} INFO - [2025-03-16T08:54:24.462+0000] {dag.py:3340} INFO - Setting next_dagrun for example_nested_branch_dag to 2025-03-15T00:00:00+00:00, run_after=2025-03-16T00:00:00+00:00
[2025-03-16T08:54:24.499+0000] {processor.py:176} INFO - Processing /home/airflow/.local/lib/python3.7/site-packages/airflow/example_dags/example_nested_branch_dag.py took 0.273 seconds
[2025-03-16T08:54:54.997+0000] {processor.py:154} INFO - Started process (PID=2703) to work on /home/airflow/.local/lib/python3.7/site-packages/airflow/example_dags/example_nested_branch_dag.py
[2025-03-16T08:54:54.999+0000] {processor.py:756} INFO - Processing file /home/airflow/.local/lib/python3.7/site-packages/airflow/example_dags/example_nested_branch_dag.py for tasks to queue
[2025-03-16T08:54:54.999+0000] {logging_mixin.py:120} INFO - [2025-03-16T08:54:54.999+0000] {dagbag.py:537} INFO - Filling up the DagBag from /home/airflow/.local/lib/python3.7/site-packages/airflow/example_dags/example_nested_branch_dag.py
[2025-03-16T08:54:55.043+0000] {processor.py:766} INFO - DAG(s) dict_keys(['example_nested_branch_dag']) retrieved from /home/airflow/.local/lib/python3.7/site-packages/airflow/example_dags/example_nested_branch_dag.py
[2025-03-16T08:54:55.111+0000] {logging_mixin.py:120} INFO - [2025-03-16T08:54:55.111+0000] {dag.py:2585} INFO - Sync 1 DAGs
[2025-03-16T08:54:55.160+0000] {logging_mixin.py:120} INFO - [2025-03-16T08:54:55.160+0000] {dag.py:3340} INFO - Setting next_dagrun for example_nested_branch_dag to 2025-03-15T00:00:00+00:00, run_after=2025-03-16T00:00:00+00:00
[2025-03-16T08:54:55.189+0000] {processor.py:176} INFO - Processing /home/airflow/.local/lib/python3.7/site-packages/airflow/example_dags/example_nested_branch_dag.py took 0.198 seconds
[2025-03-16T08:55:25.596+0000] {processor.py:154} INFO - Started process (PID=2757) to work on /home/airflow/.local/lib/python3.7/site-packages/airflow/example_dags/example_nested_branch_dag.py
[2025-03-16T08:55:25.598+0000] {processor.py:756} INFO - Processing file /home/airflow/.local/lib/python3.7/site-packages/airflow/example_dags/example_nested_branch_dag.py for tasks to queue
[2025-03-16T08:55:25.599+0000] {logging_mixin.py:120} INFO - [2025-03-16T08:55:25.599+0000] {dagbag.py:537} INFO - Filling up the DagBag from /home/airflow/.local/lib/python3.7/site-packages/airflow/example_dags/example_nested_branch_dag.py
[2025-03-16T08:55:25.659+0000] {processor.py:766} INFO - DAG(s) dict_keys(['example_nested_branch_dag']) retrieved from /home/airflow/.local/lib/python3.7/site-packages/airflow/example_dags/example_nested_branch_dag.py
[2025-03-16T08:55:25.732+0000] {logging_mixin.py:120} INFO - [2025-03-16T08:55:25.732+0000] {dag.py:2585} INFO - Sync 1 DAGs
[2025-03-16T08:55:25.781+0000] {logging_mixin.py:120} INFO - [2025-03-16T08:55:25.780+0000] {dag.py:3340} INFO - Setting next_dagrun for example_nested_branch_dag to 2025-03-15T00:00:00+00:00, run_after=2025-03-16T00:00:00+00:00
[2025-03-16T08:55:25.814+0000] {processor.py:176} INFO - Processing /home/airflow/.local/lib/python3.7/site-packages/airflow/example_dags/example_nested_branch_dag.py took 0.223 seconds
[2025-03-16T08:55:55.920+0000] {processor.py:154} INFO - Started process (PID=2819) to work on /home/airflow/.local/lib/python3.7/site-packages/airflow/example_dags/example_nested_branch_dag.py
[2025-03-16T08:55:55.922+0000] {processor.py:756} INFO - Processing file /home/airflow/.local/lib/python3.7/site-packages/airflow/example_dags/example_nested_branch_dag.py for tasks to queue
[2025-03-16T08:55:55.923+0000] {logging_mixin.py:120} INFO - [2025-03-16T08:55:55.923+0000] {dagbag.py:537} INFO - Filling up the DagBag from /home/airflow/.local/lib/python3.7/site-packages/airflow/example_dags/example_nested_branch_dag.py
[2025-03-16T08:55:55.972+0000] {processor.py:766} INFO - DAG(s) dict_keys(['example_nested_branch_dag']) retrieved from /home/airflow/.local/lib/python3.7/site-packages/airflow/example_dags/example_nested_branch_dag.py
[2025-03-16T08:55:56.057+0000] {logging_mixin.py:120} INFO - [2025-03-16T08:55:56.055+0000] {dag.py:2585} INFO - Sync 1 DAGs
[2025-03-16T08:55:56.109+0000] {logging_mixin.py:120} INFO - [2025-03-16T08:55:56.109+0000] {dag.py:3340} INFO - Setting next_dagrun for example_nested_branch_dag to 2025-03-15T00:00:00+00:00, run_after=2025-03-16T00:00:00+00:00
[2025-03-16T08:55:56.145+0000] {processor.py:176} INFO - Processing /home/airflow/.local/lib/python3.7/site-packages/airflow/example_dags/example_nested_branch_dag.py took 0.231 seconds
[2025-03-16T08:56:26.338+0000] {processor.py:154} INFO - Started process (PID=2873) to work on /home/airflow/.local/lib/python3.7/site-packages/airflow/example_dags/example_nested_branch_dag.py
[2025-03-16T08:56:26.339+0000] {processor.py:756} INFO - Processing file /home/airflow/.local/lib/python3.7/site-packages/airflow/example_dags/example_nested_branch_dag.py for tasks to queue
[2025-03-16T08:56:26.340+0000] {logging_mixin.py:120} INFO - [2025-03-16T08:56:26.339+0000] {dagbag.py:537} INFO - Filling up the DagBag from /home/airflow/.local/lib/python3.7/site-packages/airflow/example_dags/example_nested_branch_dag.py
[2025-03-16T08:56:26.385+0000] {processor.py:766} INFO - DAG(s) dict_keys(['example_nested_branch_dag']) retrieved from /home/airflow/.local/lib/python3.7/site-packages/airflow/example_dags/example_nested_branch_dag.py
[2025-03-16T08:56:26.455+0000] {logging_mixin.py:120} INFO - [2025-03-16T08:56:26.455+0000] {dag.py:2585} INFO - Sync 1 DAGs
[2025-03-16T08:56:26.504+0000] {logging_mixin.py:120} INFO - [2025-03-16T08:56:26.504+0000] {dag.py:3340} INFO - Setting next_dagrun for example_nested_branch_dag to 2025-03-15T00:00:00+00:00, run_after=2025-03-16T00:00:00+00:00
[2025-03-16T08:56:26.536+0000] {processor.py:176} INFO - Processing /home/airflow/.local/lib/python3.7/site-packages/airflow/example_dags/example_nested_branch_dag.py took 0.204 seconds
