[2025-03-16T08:31:38.232+0000] {processor.py:154} INFO - Started process (PID=47) to work on /home/airflow/.local/lib/python3.7/site-packages/airflow/example_dags/example_latest_only_with_trigger.py
[2025-03-16T08:31:38.233+0000] {processor.py:756} INFO - Processing file /home/airflow/.local/lib/python3.7/site-packages/airflow/example_dags/example_latest_only_with_trigger.py for tasks to queue
[2025-03-16T08:31:38.233+0000] {logging_mixin.py:120} INFO - [2025-03-16T08:31:38.233+0000] {dagbag.py:537} INFO - Filling up the DagBag from /home/airflow/.local/lib/python3.7/site-packages/airflow/example_dags/example_latest_only_with_trigger.py
[2025-03-16T08:31:38.271+0000] {processor.py:766} INFO - DAG(s) dict_keys(['latest_only_with_trigger']) retrieved from /home/airflow/.local/lib/python3.7/site-packages/airflow/example_dags/example_latest_only_with_trigger.py
[2025-03-16T08:31:38.630+0000] {logging_mixin.py:120} INFO - [2025-03-16T08:31:38.630+0000] {manager.py:507} INFO - Created Permission View: can read on DAG:latest_only_with_trigger
[2025-03-16T08:31:38.655+0000] {logging_mixin.py:120} INFO - [2025-03-16T08:31:38.654+0000] {manager.py:507} INFO - Created Permission View: can edit on DAG:latest_only_with_trigger
[2025-03-16T08:31:38.675+0000] {logging_mixin.py:120} INFO - [2025-03-16T08:31:38.674+0000] {manager.py:507} INFO - Created Permission View: can delete on DAG:latest_only_with_trigger
[2025-03-16T08:31:38.675+0000] {logging_mixin.py:120} INFO - [2025-03-16T08:31:38.675+0000] {dag.py:2585} INFO - Sync 1 DAGs
[2025-03-16T08:31:38.719+0000] {logging_mixin.py:120} INFO - [2025-03-16T08:31:38.719+0000] {dag.py:2606} INFO - Creating ORM DAG for latest_only_with_trigger
[2025-03-16T08:31:38.742+0000] {logging_mixin.py:120} INFO - [2025-03-16T08:31:38.742+0000] {dag.py:3340} INFO - Setting next_dagrun for latest_only_with_trigger to 2025-03-16T04:31:38.742317+00:00, run_after=2025-03-16T08:31:38.742317+00:00
[2025-03-16T08:31:38.772+0000] {processor.py:176} INFO - Processing /home/airflow/.local/lib/python3.7/site-packages/airflow/example_dags/example_latest_only_with_trigger.py took 0.545 seconds
[2025-03-16T08:32:09.310+0000] {processor.py:154} INFO - Started process (PID=101) to work on /home/airflow/.local/lib/python3.7/site-packages/airflow/example_dags/example_latest_only_with_trigger.py
[2025-03-16T08:32:09.312+0000] {processor.py:756} INFO - Processing file /home/airflow/.local/lib/python3.7/site-packages/airflow/example_dags/example_latest_only_with_trigger.py for tasks to queue
[2025-03-16T08:32:09.313+0000] {logging_mixin.py:120} INFO - [2025-03-16T08:32:09.313+0000] {dagbag.py:537} INFO - Filling up the DagBag from /home/airflow/.local/lib/python3.7/site-packages/airflow/example_dags/example_latest_only_with_trigger.py
[2025-03-16T08:32:09.339+0000] {processor.py:766} INFO - DAG(s) dict_keys(['latest_only_with_trigger']) retrieved from /home/airflow/.local/lib/python3.7/site-packages/airflow/example_dags/example_latest_only_with_trigger.py
[2025-03-16T08:32:09.415+0000] {logging_mixin.py:120} INFO - [2025-03-16T08:32:09.415+0000] {dag.py:2585} INFO - Sync 1 DAGs
[2025-03-16T08:32:09.463+0000] {logging_mixin.py:120} INFO - [2025-03-16T08:32:09.462+0000] {dag.py:3340} INFO - Setting next_dagrun for latest_only_with_trigger to 2025-03-16T04:32:09.462526+00:00, run_after=2025-03-16T08:32:09.462526+00:00
[2025-03-16T08:32:09.500+0000] {processor.py:176} INFO - Processing /home/airflow/.local/lib/python3.7/site-packages/airflow/example_dags/example_latest_only_with_trigger.py took 0.199 seconds
[2025-03-16T08:32:40.102+0000] {processor.py:154} INFO - Started process (PID=165) to work on /home/airflow/.local/lib/python3.7/site-packages/airflow/example_dags/example_latest_only_with_trigger.py
[2025-03-16T08:32:40.103+0000] {processor.py:756} INFO - Processing file /home/airflow/.local/lib/python3.7/site-packages/airflow/example_dags/example_latest_only_with_trigger.py for tasks to queue
[2025-03-16T08:32:40.104+0000] {logging_mixin.py:120} INFO - [2025-03-16T08:32:40.104+0000] {dagbag.py:537} INFO - Filling up the DagBag from /home/airflow/.local/lib/python3.7/site-packages/airflow/example_dags/example_latest_only_with_trigger.py
[2025-03-16T08:32:40.131+0000] {processor.py:766} INFO - DAG(s) dict_keys(['latest_only_with_trigger']) retrieved from /home/airflow/.local/lib/python3.7/site-packages/airflow/example_dags/example_latest_only_with_trigger.py
[2025-03-16T08:32:40.214+0000] {logging_mixin.py:120} INFO - [2025-03-16T08:32:40.214+0000] {dag.py:2585} INFO - Sync 1 DAGs
[2025-03-16T08:32:40.268+0000] {logging_mixin.py:120} INFO - [2025-03-16T08:32:40.268+0000] {dag.py:3340} INFO - Setting next_dagrun for latest_only_with_trigger to 2025-03-16T04:32:40.267881+00:00, run_after=2025-03-16T08:32:40.267881+00:00
[2025-03-16T08:32:40.297+0000] {processor.py:176} INFO - Processing /home/airflow/.local/lib/python3.7/site-packages/airflow/example_dags/example_latest_only_with_trigger.py took 0.201 seconds
[2025-03-16T08:33:10.445+0000] {processor.py:154} INFO - Started process (PID=218) to work on /home/airflow/.local/lib/python3.7/site-packages/airflow/example_dags/example_latest_only_with_trigger.py
[2025-03-16T08:33:10.450+0000] {processor.py:756} INFO - Processing file /home/airflow/.local/lib/python3.7/site-packages/airflow/example_dags/example_latest_only_with_trigger.py for tasks to queue
[2025-03-16T08:33:10.453+0000] {logging_mixin.py:120} INFO - [2025-03-16T08:33:10.453+0000] {dagbag.py:537} INFO - Filling up the DagBag from /home/airflow/.local/lib/python3.7/site-packages/airflow/example_dags/example_latest_only_with_trigger.py
[2025-03-16T08:33:10.498+0000] {processor.py:766} INFO - DAG(s) dict_keys(['latest_only_with_trigger']) retrieved from /home/airflow/.local/lib/python3.7/site-packages/airflow/example_dags/example_latest_only_with_trigger.py
[2025-03-16T08:33:10.584+0000] {logging_mixin.py:120} INFO - [2025-03-16T08:33:10.583+0000] {dag.py:2585} INFO - Sync 1 DAGs
[2025-03-16T08:33:10.642+0000] {logging_mixin.py:120} INFO - [2025-03-16T08:33:10.642+0000] {dag.py:3340} INFO - Setting next_dagrun for latest_only_with_trigger to 2025-03-16T04:33:10.641682+00:00, run_after=2025-03-16T08:33:10.641682+00:00
[2025-03-16T08:33:10.679+0000] {processor.py:176} INFO - Processing /home/airflow/.local/lib/python3.7/site-packages/airflow/example_dags/example_latest_only_with_trigger.py took 0.253 seconds
[2025-03-16T08:33:41.554+0000] {processor.py:154} INFO - Started process (PID=281) to work on /home/airflow/.local/lib/python3.7/site-packages/airflow/example_dags/example_latest_only_with_trigger.py
[2025-03-16T08:33:41.555+0000] {processor.py:756} INFO - Processing file /home/airflow/.local/lib/python3.7/site-packages/airflow/example_dags/example_latest_only_with_trigger.py for tasks to queue
[2025-03-16T08:33:41.556+0000] {logging_mixin.py:120} INFO - [2025-03-16T08:33:41.556+0000] {dagbag.py:537} INFO - Filling up the DagBag from /home/airflow/.local/lib/python3.7/site-packages/airflow/example_dags/example_latest_only_with_trigger.py
[2025-03-16T08:33:41.587+0000] {processor.py:766} INFO - DAG(s) dict_keys(['latest_only_with_trigger']) retrieved from /home/airflow/.local/lib/python3.7/site-packages/airflow/example_dags/example_latest_only_with_trigger.py
[2025-03-16T08:33:41.681+0000] {logging_mixin.py:120} INFO - [2025-03-16T08:33:41.681+0000] {dag.py:2585} INFO - Sync 1 DAGs
[2025-03-16T08:33:41.764+0000] {logging_mixin.py:120} INFO - [2025-03-16T08:33:41.764+0000] {dag.py:3340} INFO - Setting next_dagrun for latest_only_with_trigger to 2025-03-16T04:33:41.764506+00:00, run_after=2025-03-16T08:33:41.764506+00:00
[2025-03-16T08:33:41.797+0000] {processor.py:176} INFO - Processing /home/airflow/.local/lib/python3.7/site-packages/airflow/example_dags/example_latest_only_with_trigger.py took 0.252 seconds
[2025-03-16T08:34:12.380+0000] {processor.py:154} INFO - Started process (PID=336) to work on /home/airflow/.local/lib/python3.7/site-packages/airflow/example_dags/example_latest_only_with_trigger.py
[2025-03-16T08:34:12.381+0000] {processor.py:756} INFO - Processing file /home/airflow/.local/lib/python3.7/site-packages/airflow/example_dags/example_latest_only_with_trigger.py for tasks to queue
[2025-03-16T08:34:12.382+0000] {logging_mixin.py:120} INFO - [2025-03-16T08:34:12.382+0000] {dagbag.py:537} INFO - Filling up the DagBag from /home/airflow/.local/lib/python3.7/site-packages/airflow/example_dags/example_latest_only_with_trigger.py
[2025-03-16T08:34:12.408+0000] {processor.py:766} INFO - DAG(s) dict_keys(['latest_only_with_trigger']) retrieved from /home/airflow/.local/lib/python3.7/site-packages/airflow/example_dags/example_latest_only_with_trigger.py
[2025-03-16T08:34:12.495+0000] {logging_mixin.py:120} INFO - [2025-03-16T08:34:12.495+0000] {dag.py:2585} INFO - Sync 1 DAGs
[2025-03-16T08:34:12.558+0000] {logging_mixin.py:120} INFO - [2025-03-16T08:34:12.558+0000] {dag.py:3340} INFO - Setting next_dagrun for latest_only_with_trigger to 2025-03-16T04:34:12.558172+00:00, run_after=2025-03-16T08:34:12.558172+00:00
[2025-03-16T08:34:12.588+0000] {processor.py:176} INFO - Processing /home/airflow/.local/lib/python3.7/site-packages/airflow/example_dags/example_latest_only_with_trigger.py took 0.215 seconds
[2025-03-16T08:34:43.352+0000] {processor.py:154} INFO - Started process (PID=398) to work on /home/airflow/.local/lib/python3.7/site-packages/airflow/example_dags/example_latest_only_with_trigger.py
[2025-03-16T08:34:43.354+0000] {processor.py:756} INFO - Processing file /home/airflow/.local/lib/python3.7/site-packages/airflow/example_dags/example_latest_only_with_trigger.py for tasks to queue
[2025-03-16T08:34:43.355+0000] {logging_mixin.py:120} INFO - [2025-03-16T08:34:43.355+0000] {dagbag.py:537} INFO - Filling up the DagBag from /home/airflow/.local/lib/python3.7/site-packages/airflow/example_dags/example_latest_only_with_trigger.py
[2025-03-16T08:34:43.393+0000] {processor.py:766} INFO - DAG(s) dict_keys(['latest_only_with_trigger']) retrieved from /home/airflow/.local/lib/python3.7/site-packages/airflow/example_dags/example_latest_only_with_trigger.py
[2025-03-16T08:34:43.476+0000] {logging_mixin.py:120} INFO - [2025-03-16T08:34:43.476+0000] {dag.py:2585} INFO - Sync 1 DAGs
[2025-03-16T08:34:43.529+0000] {logging_mixin.py:120} INFO - [2025-03-16T08:34:43.529+0000] {dag.py:3340} INFO - Setting next_dagrun for latest_only_with_trigger to 2025-03-16T04:34:43.529054+00:00, run_after=2025-03-16T08:34:43.529054+00:00
[2025-03-16T08:34:43.570+0000] {processor.py:176} INFO - Processing /home/airflow/.local/lib/python3.7/site-packages/airflow/example_dags/example_latest_only_with_trigger.py took 0.226 seconds
[2025-03-16T08:35:13.709+0000] {processor.py:154} INFO - Started process (PID=452) to work on /home/airflow/.local/lib/python3.7/site-packages/airflow/example_dags/example_latest_only_with_trigger.py
[2025-03-16T08:35:13.710+0000] {processor.py:756} INFO - Processing file /home/airflow/.local/lib/python3.7/site-packages/airflow/example_dags/example_latest_only_with_trigger.py for tasks to queue
[2025-03-16T08:35:13.711+0000] {logging_mixin.py:120} INFO - [2025-03-16T08:35:13.711+0000] {dagbag.py:537} INFO - Filling up the DagBag from /home/airflow/.local/lib/python3.7/site-packages/airflow/example_dags/example_latest_only_with_trigger.py
[2025-03-16T08:35:13.741+0000] {processor.py:766} INFO - DAG(s) dict_keys(['latest_only_with_trigger']) retrieved from /home/airflow/.local/lib/python3.7/site-packages/airflow/example_dags/example_latest_only_with_trigger.py
[2025-03-16T08:35:13.822+0000] {logging_mixin.py:120} INFO - [2025-03-16T08:35:13.822+0000] {dag.py:2585} INFO - Sync 1 DAGs
[2025-03-16T08:35:13.882+0000] {logging_mixin.py:120} INFO - [2025-03-16T08:35:13.881+0000] {dag.py:3340} INFO - Setting next_dagrun for latest_only_with_trigger to 2025-03-16T04:35:13.881602+00:00, run_after=2025-03-16T08:35:13.881602+00:00
[2025-03-16T08:35:13.956+0000] {processor.py:176} INFO - Processing /home/airflow/.local/lib/python3.7/site-packages/airflow/example_dags/example_latest_only_with_trigger.py took 0.253 seconds
[2025-03-16T08:35:44.390+0000] {processor.py:154} INFO - Started process (PID=515) to work on /home/airflow/.local/lib/python3.7/site-packages/airflow/example_dags/example_latest_only_with_trigger.py
[2025-03-16T08:35:44.391+0000] {processor.py:756} INFO - Processing file /home/airflow/.local/lib/python3.7/site-packages/airflow/example_dags/example_latest_only_with_trigger.py for tasks to queue
[2025-03-16T08:35:44.392+0000] {logging_mixin.py:120} INFO - [2025-03-16T08:35:44.392+0000] {dagbag.py:537} INFO - Filling up the DagBag from /home/airflow/.local/lib/python3.7/site-packages/airflow/example_dags/example_latest_only_with_trigger.py
[2025-03-16T08:35:44.419+0000] {processor.py:766} INFO - DAG(s) dict_keys(['latest_only_with_trigger']) retrieved from /home/airflow/.local/lib/python3.7/site-packages/airflow/example_dags/example_latest_only_with_trigger.py
[2025-03-16T08:35:44.490+0000] {logging_mixin.py:120} INFO - [2025-03-16T08:35:44.489+0000] {dag.py:2585} INFO - Sync 1 DAGs
[2025-03-16T08:35:44.536+0000] {logging_mixin.py:120} INFO - [2025-03-16T08:35:44.535+0000] {dag.py:3340} INFO - Setting next_dagrun for latest_only_with_trigger to 2025-03-16T04:35:44.535284+00:00, run_after=2025-03-16T08:35:44.535284+00:00
[2025-03-16T08:35:44.575+0000] {processor.py:176} INFO - Processing /home/airflow/.local/lib/python3.7/site-packages/airflow/example_dags/example_latest_only_with_trigger.py took 0.190 seconds
[2025-03-16T08:36:15.273+0000] {processor.py:154} INFO - Started process (PID=569) to work on /home/airflow/.local/lib/python3.7/site-packages/airflow/example_dags/example_latest_only_with_trigger.py
[2025-03-16T08:36:15.275+0000] {processor.py:756} INFO - Processing file /home/airflow/.local/lib/python3.7/site-packages/airflow/example_dags/example_latest_only_with_trigger.py for tasks to queue
[2025-03-16T08:36:15.276+0000] {logging_mixin.py:120} INFO - [2025-03-16T08:36:15.275+0000] {dagbag.py:537} INFO - Filling up the DagBag from /home/airflow/.local/lib/python3.7/site-packages/airflow/example_dags/example_latest_only_with_trigger.py
[2025-03-16T08:36:15.303+0000] {processor.py:766} INFO - DAG(s) dict_keys(['latest_only_with_trigger']) retrieved from /home/airflow/.local/lib/python3.7/site-packages/airflow/example_dags/example_latest_only_with_trigger.py
[2025-03-16T08:36:15.385+0000] {logging_mixin.py:120} INFO - [2025-03-16T08:36:15.385+0000] {dag.py:2585} INFO - Sync 1 DAGs
[2025-03-16T08:36:15.437+0000] {logging_mixin.py:120} INFO - [2025-03-16T08:36:15.437+0000] {dag.py:3340} INFO - Setting next_dagrun for latest_only_with_trigger to 2025-03-16T04:36:15.436758+00:00, run_after=2025-03-16T08:36:15.436758+00:00
[2025-03-16T08:36:15.472+0000] {processor.py:176} INFO - Processing /home/airflow/.local/lib/python3.7/site-packages/airflow/example_dags/example_latest_only_with_trigger.py took 0.208 seconds
[2025-03-16T08:36:45.626+0000] {processor.py:154} INFO - Started process (PID=632) to work on /home/airflow/.local/lib/python3.7/site-packages/airflow/example_dags/example_latest_only_with_trigger.py
[2025-03-16T08:36:45.627+0000] {processor.py:756} INFO - Processing file /home/airflow/.local/lib/python3.7/site-packages/airflow/example_dags/example_latest_only_with_trigger.py for tasks to queue
[2025-03-16T08:36:45.631+0000] {logging_mixin.py:120} INFO - [2025-03-16T08:36:45.630+0000] {dagbag.py:537} INFO - Filling up the DagBag from /home/airflow/.local/lib/python3.7/site-packages/airflow/example_dags/example_latest_only_with_trigger.py
[2025-03-16T08:36:45.690+0000] {processor.py:766} INFO - DAG(s) dict_keys(['latest_only_with_trigger']) retrieved from /home/airflow/.local/lib/python3.7/site-packages/airflow/example_dags/example_latest_only_with_trigger.py
[2025-03-16T08:36:45.825+0000] {logging_mixin.py:120} INFO - [2025-03-16T08:36:45.824+0000] {dag.py:2585} INFO - Sync 1 DAGs
[2025-03-16T08:36:45.917+0000] {logging_mixin.py:120} INFO - [2025-03-16T08:36:45.916+0000] {dag.py:3340} INFO - Setting next_dagrun for latest_only_with_trigger to 2025-03-16T04:36:45.916293+00:00, run_after=2025-03-16T08:36:45.916293+00:00
[2025-03-16T08:36:45.977+0000] {processor.py:176} INFO - Processing /home/airflow/.local/lib/python3.7/site-packages/airflow/example_dags/example_latest_only_with_trigger.py took 0.363 seconds
[2025-03-16T08:37:16.654+0000] {processor.py:154} INFO - Started process (PID=685) to work on /home/airflow/.local/lib/python3.7/site-packages/airflow/example_dags/example_latest_only_with_trigger.py
[2025-03-16T08:37:16.656+0000] {processor.py:756} INFO - Processing file /home/airflow/.local/lib/python3.7/site-packages/airflow/example_dags/example_latest_only_with_trigger.py for tasks to queue
[2025-03-16T08:37:16.657+0000] {logging_mixin.py:120} INFO - [2025-03-16T08:37:16.657+0000] {dagbag.py:537} INFO - Filling up the DagBag from /home/airflow/.local/lib/python3.7/site-packages/airflow/example_dags/example_latest_only_with_trigger.py
[2025-03-16T08:37:16.687+0000] {processor.py:766} INFO - DAG(s) dict_keys(['latest_only_with_trigger']) retrieved from /home/airflow/.local/lib/python3.7/site-packages/airflow/example_dags/example_latest_only_with_trigger.py
[2025-03-16T08:37:16.783+0000] {logging_mixin.py:120} INFO - [2025-03-16T08:37:16.782+0000] {dag.py:2585} INFO - Sync 1 DAGs
[2025-03-16T08:37:16.849+0000] {logging_mixin.py:120} INFO - [2025-03-16T08:37:16.848+0000] {dag.py:3340} INFO - Setting next_dagrun for latest_only_with_trigger to 2025-03-16T04:37:16.848483+00:00, run_after=2025-03-16T08:37:16.848483+00:00
[2025-03-16T08:37:16.891+0000] {processor.py:176} INFO - Processing /home/airflow/.local/lib/python3.7/site-packages/airflow/example_dags/example_latest_only_with_trigger.py took 0.243 seconds
[2025-03-16T08:37:46.966+0000] {processor.py:154} INFO - Started process (PID=747) to work on /home/airflow/.local/lib/python3.7/site-packages/airflow/example_dags/example_latest_only_with_trigger.py
[2025-03-16T08:37:46.967+0000] {processor.py:756} INFO - Processing file /home/airflow/.local/lib/python3.7/site-packages/airflow/example_dags/example_latest_only_with_trigger.py for tasks to queue
[2025-03-16T08:37:46.970+0000] {logging_mixin.py:120} INFO - [2025-03-16T08:37:46.969+0000] {dagbag.py:537} INFO - Filling up the DagBag from /home/airflow/.local/lib/python3.7/site-packages/airflow/example_dags/example_latest_only_with_trigger.py
[2025-03-16T08:37:47.000+0000] {processor.py:766} INFO - DAG(s) dict_keys(['latest_only_with_trigger']) retrieved from /home/airflow/.local/lib/python3.7/site-packages/airflow/example_dags/example_latest_only_with_trigger.py
[2025-03-16T08:37:47.073+0000] {logging_mixin.py:120} INFO - [2025-03-16T08:37:47.073+0000] {dag.py:2585} INFO - Sync 1 DAGs
[2025-03-16T08:37:47.124+0000] {logging_mixin.py:120} INFO - [2025-03-16T08:37:47.123+0000] {dag.py:3340} INFO - Setting next_dagrun for latest_only_with_trigger to 2025-03-16T04:37:47.123618+00:00, run_after=2025-03-16T08:37:47.123618+00:00
[2025-03-16T08:37:47.191+0000] {processor.py:176} INFO - Processing /home/airflow/.local/lib/python3.7/site-packages/airflow/example_dags/example_latest_only_with_trigger.py took 0.237 seconds
[2025-03-16T08:38:18.029+0000] {processor.py:154} INFO - Started process (PID=803) to work on /home/airflow/.local/lib/python3.7/site-packages/airflow/example_dags/example_latest_only_with_trigger.py
[2025-03-16T08:38:18.030+0000] {processor.py:756} INFO - Processing file /home/airflow/.local/lib/python3.7/site-packages/airflow/example_dags/example_latest_only_with_trigger.py for tasks to queue
[2025-03-16T08:38:18.031+0000] {logging_mixin.py:120} INFO - [2025-03-16T08:38:18.031+0000] {dagbag.py:537} INFO - Filling up the DagBag from /home/airflow/.local/lib/python3.7/site-packages/airflow/example_dags/example_latest_only_with_trigger.py
[2025-03-16T08:38:18.052+0000] {processor.py:766} INFO - DAG(s) dict_keys(['latest_only_with_trigger']) retrieved from /home/airflow/.local/lib/python3.7/site-packages/airflow/example_dags/example_latest_only_with_trigger.py
[2025-03-16T08:38:18.098+0000] {logging_mixin.py:120} INFO - [2025-03-16T08:38:18.098+0000] {dag.py:2585} INFO - Sync 1 DAGs
[2025-03-16T08:38:18.127+0000] {logging_mixin.py:120} INFO - [2025-03-16T08:38:18.126+0000] {dag.py:3340} INFO - Setting next_dagrun for latest_only_with_trigger to 2025-03-16T04:38:18.126602+00:00, run_after=2025-03-16T08:38:18.126602+00:00
[2025-03-16T08:38:18.152+0000] {processor.py:176} INFO - Processing /home/airflow/.local/lib/python3.7/site-packages/airflow/example_dags/example_latest_only_with_trigger.py took 0.128 seconds
[2025-03-16T08:38:48.669+0000] {processor.py:154} INFO - Started process (PID=866) to work on /home/airflow/.local/lib/python3.7/site-packages/airflow/example_dags/example_latest_only_with_trigger.py
[2025-03-16T08:38:48.673+0000] {processor.py:756} INFO - Processing file /home/airflow/.local/lib/python3.7/site-packages/airflow/example_dags/example_latest_only_with_trigger.py for tasks to queue
[2025-03-16T08:38:48.674+0000] {logging_mixin.py:120} INFO - [2025-03-16T08:38:48.674+0000] {dagbag.py:537} INFO - Filling up the DagBag from /home/airflow/.local/lib/python3.7/site-packages/airflow/example_dags/example_latest_only_with_trigger.py
[2025-03-16T08:38:48.707+0000] {processor.py:766} INFO - DAG(s) dict_keys(['latest_only_with_trigger']) retrieved from /home/airflow/.local/lib/python3.7/site-packages/airflow/example_dags/example_latest_only_with_trigger.py
[2025-03-16T08:38:48.788+0000] {logging_mixin.py:120} INFO - [2025-03-16T08:38:48.787+0000] {dag.py:2585} INFO - Sync 1 DAGs
[2025-03-16T08:38:48.837+0000] {logging_mixin.py:120} INFO - [2025-03-16T08:38:48.837+0000] {dag.py:3340} INFO - Setting next_dagrun for latest_only_with_trigger to 2025-03-16T04:38:48.837187+00:00, run_after=2025-03-16T08:38:48.837187+00:00
[2025-03-16T08:38:48.870+0000] {processor.py:176} INFO - Processing /home/airflow/.local/lib/python3.7/site-packages/airflow/example_dags/example_latest_only_with_trigger.py took 0.211 seconds
[2025-03-16T08:39:19.460+0000] {processor.py:154} INFO - Started process (PID=920) to work on /home/airflow/.local/lib/python3.7/site-packages/airflow/example_dags/example_latest_only_with_trigger.py
[2025-03-16T08:39:19.462+0000] {processor.py:756} INFO - Processing file /home/airflow/.local/lib/python3.7/site-packages/airflow/example_dags/example_latest_only_with_trigger.py for tasks to queue
[2025-03-16T08:39:19.463+0000] {logging_mixin.py:120} INFO - [2025-03-16T08:39:19.463+0000] {dagbag.py:537} INFO - Filling up the DagBag from /home/airflow/.local/lib/python3.7/site-packages/airflow/example_dags/example_latest_only_with_trigger.py
[2025-03-16T08:39:19.492+0000] {processor.py:766} INFO - DAG(s) dict_keys(['latest_only_with_trigger']) retrieved from /home/airflow/.local/lib/python3.7/site-packages/airflow/example_dags/example_latest_only_with_trigger.py
[2025-03-16T08:39:19.543+0000] {logging_mixin.py:120} INFO - [2025-03-16T08:39:19.543+0000] {dag.py:2585} INFO - Sync 1 DAGs
[2025-03-16T08:39:19.572+0000] {logging_mixin.py:120} INFO - [2025-03-16T08:39:19.572+0000] {dag.py:3340} INFO - Setting next_dagrun for latest_only_with_trigger to 2025-03-16T04:39:19.572400+00:00, run_after=2025-03-16T08:39:19.572400+00:00
[2025-03-16T08:39:19.597+0000] {processor.py:176} INFO - Processing /home/airflow/.local/lib/python3.7/site-packages/airflow/example_dags/example_latest_only_with_trigger.py took 0.145 seconds
[2025-03-16T08:39:49.947+0000] {processor.py:154} INFO - Started process (PID=974) to work on /home/airflow/.local/lib/python3.7/site-packages/airflow/example_dags/example_latest_only_with_trigger.py
[2025-03-16T08:39:49.948+0000] {processor.py:756} INFO - Processing file /home/airflow/.local/lib/python3.7/site-packages/airflow/example_dags/example_latest_only_with_trigger.py for tasks to queue
[2025-03-16T08:39:49.949+0000] {logging_mixin.py:120} INFO - [2025-03-16T08:39:49.949+0000] {dagbag.py:537} INFO - Filling up the DagBag from /home/airflow/.local/lib/python3.7/site-packages/airflow/example_dags/example_latest_only_with_trigger.py
[2025-03-16T08:39:49.973+0000] {processor.py:766} INFO - DAG(s) dict_keys(['latest_only_with_trigger']) retrieved from /home/airflow/.local/lib/python3.7/site-packages/airflow/example_dags/example_latest_only_with_trigger.py
[2025-03-16T08:39:50.030+0000] {logging_mixin.py:120} INFO - [2025-03-16T08:39:50.030+0000] {dag.py:2585} INFO - Sync 1 DAGs
[2025-03-16T08:39:50.068+0000] {logging_mixin.py:120} INFO - [2025-03-16T08:39:50.068+0000] {dag.py:3340} INFO - Setting next_dagrun for latest_only_with_trigger to 2025-03-16T04:39:50.067687+00:00, run_after=2025-03-16T08:39:50.067687+00:00
[2025-03-16T08:39:50.094+0000] {processor.py:176} INFO - Processing /home/airflow/.local/lib/python3.7/site-packages/airflow/example_dags/example_latest_only_with_trigger.py took 0.153 seconds
[2025-03-16T08:40:20.681+0000] {processor.py:154} INFO - Started process (PID=1037) to work on /home/airflow/.local/lib/python3.7/site-packages/airflow/example_dags/example_latest_only_with_trigger.py
[2025-03-16T08:40:20.684+0000] {processor.py:756} INFO - Processing file /home/airflow/.local/lib/python3.7/site-packages/airflow/example_dags/example_latest_only_with_trigger.py for tasks to queue
[2025-03-16T08:40:20.685+0000] {logging_mixin.py:120} INFO - [2025-03-16T08:40:20.685+0000] {dagbag.py:537} INFO - Filling up the DagBag from /home/airflow/.local/lib/python3.7/site-packages/airflow/example_dags/example_latest_only_with_trigger.py
[2025-03-16T08:40:20.718+0000] {processor.py:766} INFO - DAG(s) dict_keys(['latest_only_with_trigger']) retrieved from /home/airflow/.local/lib/python3.7/site-packages/airflow/example_dags/example_latest_only_with_trigger.py
[2025-03-16T08:40:20.815+0000] {logging_mixin.py:120} INFO - [2025-03-16T08:40:20.815+0000] {dag.py:2585} INFO - Sync 1 DAGs
[2025-03-16T08:40:20.881+0000] {logging_mixin.py:120} INFO - [2025-03-16T08:40:20.881+0000] {dag.py:3340} INFO - Setting next_dagrun for latest_only_with_trigger to 2025-03-16T04:40:20.880979+00:00, run_after=2025-03-16T08:40:20.880979+00:00
[2025-03-16T08:40:20.905+0000] {processor.py:176} INFO - Processing /home/airflow/.local/lib/python3.7/site-packages/airflow/example_dags/example_latest_only_with_trigger.py took 0.231 seconds
[2025-03-16T08:40:51.082+0000] {processor.py:154} INFO - Started process (PID=1091) to work on /home/airflow/.local/lib/python3.7/site-packages/airflow/example_dags/example_latest_only_with_trigger.py
[2025-03-16T08:40:51.083+0000] {processor.py:756} INFO - Processing file /home/airflow/.local/lib/python3.7/site-packages/airflow/example_dags/example_latest_only_with_trigger.py for tasks to queue
[2025-03-16T08:40:51.084+0000] {logging_mixin.py:120} INFO - [2025-03-16T08:40:51.084+0000] {dagbag.py:537} INFO - Filling up the DagBag from /home/airflow/.local/lib/python3.7/site-packages/airflow/example_dags/example_latest_only_with_trigger.py
[2025-03-16T08:40:51.123+0000] {processor.py:766} INFO - DAG(s) dict_keys(['latest_only_with_trigger']) retrieved from /home/airflow/.local/lib/python3.7/site-packages/airflow/example_dags/example_latest_only_with_trigger.py
[2025-03-16T08:40:51.181+0000] {logging_mixin.py:120} INFO - [2025-03-16T08:40:51.180+0000] {dag.py:2585} INFO - Sync 1 DAGs
[2025-03-16T08:40:51.211+0000] {logging_mixin.py:120} INFO - [2025-03-16T08:40:51.211+0000] {dag.py:3340} INFO - Setting next_dagrun for latest_only_with_trigger to 2025-03-16T04:40:51.211222+00:00, run_after=2025-03-16T08:40:51.211222+00:00
[2025-03-16T08:40:51.240+0000] {processor.py:176} INFO - Processing /home/airflow/.local/lib/python3.7/site-packages/airflow/example_dags/example_latest_only_with_trigger.py took 0.165 seconds
[2025-03-16T08:41:22.027+0000] {processor.py:154} INFO - Started process (PID=1154) to work on /home/airflow/.local/lib/python3.7/site-packages/airflow/example_dags/example_latest_only_with_trigger.py
[2025-03-16T08:41:22.029+0000] {processor.py:756} INFO - Processing file /home/airflow/.local/lib/python3.7/site-packages/airflow/example_dags/example_latest_only_with_trigger.py for tasks to queue
[2025-03-16T08:41:22.030+0000] {logging_mixin.py:120} INFO - [2025-03-16T08:41:22.029+0000] {dagbag.py:537} INFO - Filling up the DagBag from /home/airflow/.local/lib/python3.7/site-packages/airflow/example_dags/example_latest_only_with_trigger.py
[2025-03-16T08:41:22.050+0000] {processor.py:766} INFO - DAG(s) dict_keys(['latest_only_with_trigger']) retrieved from /home/airflow/.local/lib/python3.7/site-packages/airflow/example_dags/example_latest_only_with_trigger.py
[2025-03-16T08:41:22.104+0000] {logging_mixin.py:120} INFO - [2025-03-16T08:41:22.103+0000] {dag.py:2585} INFO - Sync 1 DAGs
[2025-03-16T08:41:22.142+0000] {logging_mixin.py:120} INFO - [2025-03-16T08:41:22.141+0000] {dag.py:3340} INFO - Setting next_dagrun for latest_only_with_trigger to 2025-03-16T04:41:22.141345+00:00, run_after=2025-03-16T08:41:22.141345+00:00
[2025-03-16T08:41:22.169+0000] {processor.py:176} INFO - Processing /home/airflow/.local/lib/python3.7/site-packages/airflow/example_dags/example_latest_only_with_trigger.py took 0.148 seconds
[2025-03-16T08:41:52.442+0000] {processor.py:154} INFO - Started process (PID=1208) to work on /home/airflow/.local/lib/python3.7/site-packages/airflow/example_dags/example_latest_only_with_trigger.py
[2025-03-16T08:41:52.443+0000] {processor.py:756} INFO - Processing file /home/airflow/.local/lib/python3.7/site-packages/airflow/example_dags/example_latest_only_with_trigger.py for tasks to queue
[2025-03-16T08:41:52.444+0000] {logging_mixin.py:120} INFO - [2025-03-16T08:41:52.444+0000] {dagbag.py:537} INFO - Filling up the DagBag from /home/airflow/.local/lib/python3.7/site-packages/airflow/example_dags/example_latest_only_with_trigger.py
[2025-03-16T08:41:52.462+0000] {processor.py:766} INFO - DAG(s) dict_keys(['latest_only_with_trigger']) retrieved from /home/airflow/.local/lib/python3.7/site-packages/airflow/example_dags/example_latest_only_with_trigger.py
[2025-03-16T08:41:52.518+0000] {logging_mixin.py:120} INFO - [2025-03-16T08:41:52.517+0000] {dag.py:2585} INFO - Sync 1 DAGs
[2025-03-16T08:41:52.566+0000] {logging_mixin.py:120} INFO - [2025-03-16T08:41:52.565+0000] {dag.py:3340} INFO - Setting next_dagrun for latest_only_with_trigger to 2025-03-16T04:41:52.565471+00:00, run_after=2025-03-16T08:41:52.565471+00:00
[2025-03-16T08:41:52.593+0000] {processor.py:176} INFO - Processing /home/airflow/.local/lib/python3.7/site-packages/airflow/example_dags/example_latest_only_with_trigger.py took 0.156 seconds
[2025-03-16T08:42:23.099+0000] {processor.py:154} INFO - Started process (PID=1271) to work on /home/airflow/.local/lib/python3.7/site-packages/airflow/example_dags/example_latest_only_with_trigger.py
[2025-03-16T08:42:23.101+0000] {processor.py:756} INFO - Processing file /home/airflow/.local/lib/python3.7/site-packages/airflow/example_dags/example_latest_only_with_trigger.py for tasks to queue
[2025-03-16T08:42:23.102+0000] {logging_mixin.py:120} INFO - [2025-03-16T08:42:23.101+0000] {dagbag.py:537} INFO - Filling up the DagBag from /home/airflow/.local/lib/python3.7/site-packages/airflow/example_dags/example_latest_only_with_trigger.py
[2025-03-16T08:42:23.126+0000] {processor.py:766} INFO - DAG(s) dict_keys(['latest_only_with_trigger']) retrieved from /home/airflow/.local/lib/python3.7/site-packages/airflow/example_dags/example_latest_only_with_trigger.py
[2025-03-16T08:42:23.176+0000] {logging_mixin.py:120} INFO - [2025-03-16T08:42:23.176+0000] {dag.py:2585} INFO - Sync 1 DAGs
[2025-03-16T08:42:23.205+0000] {logging_mixin.py:120} INFO - [2025-03-16T08:42:23.205+0000] {dag.py:3340} INFO - Setting next_dagrun for latest_only_with_trigger to 2025-03-16T04:42:23.205209+00:00, run_after=2025-03-16T08:42:23.205209+00:00
[2025-03-16T08:42:23.227+0000] {processor.py:176} INFO - Processing /home/airflow/.local/lib/python3.7/site-packages/airflow/example_dags/example_latest_only_with_trigger.py took 0.133 seconds
[2025-03-16T08:42:54.262+0000] {processor.py:154} INFO - Started process (PID=1325) to work on /home/airflow/.local/lib/python3.7/site-packages/airflow/example_dags/example_latest_only_with_trigger.py
[2025-03-16T08:42:54.264+0000] {processor.py:756} INFO - Processing file /home/airflow/.local/lib/python3.7/site-packages/airflow/example_dags/example_latest_only_with_trigger.py for tasks to queue
[2025-03-16T08:42:54.265+0000] {logging_mixin.py:120} INFO - [2025-03-16T08:42:54.265+0000] {dagbag.py:537} INFO - Filling up the DagBag from /home/airflow/.local/lib/python3.7/site-packages/airflow/example_dags/example_latest_only_with_trigger.py
[2025-03-16T08:42:54.286+0000] {processor.py:766} INFO - DAG(s) dict_keys(['latest_only_with_trigger']) retrieved from /home/airflow/.local/lib/python3.7/site-packages/airflow/example_dags/example_latest_only_with_trigger.py
[2025-03-16T08:42:54.365+0000] {logging_mixin.py:120} INFO - [2025-03-16T08:42:54.364+0000] {dag.py:2585} INFO - Sync 1 DAGs
[2025-03-16T08:42:54.416+0000] {logging_mixin.py:120} INFO - [2025-03-16T08:42:54.416+0000] {dag.py:3340} INFO - Setting next_dagrun for latest_only_with_trigger to 2025-03-16T04:42:54.415835+00:00, run_after=2025-03-16T08:42:54.415835+00:00
[2025-03-16T08:42:54.443+0000] {processor.py:176} INFO - Processing /home/airflow/.local/lib/python3.7/site-packages/airflow/example_dags/example_latest_only_with_trigger.py took 0.185 seconds
[2025-03-16T08:43:25.198+0000] {processor.py:154} INFO - Started process (PID=1388) to work on /home/airflow/.local/lib/python3.7/site-packages/airflow/example_dags/example_latest_only_with_trigger.py
[2025-03-16T08:43:25.199+0000] {processor.py:756} INFO - Processing file /home/airflow/.local/lib/python3.7/site-packages/airflow/example_dags/example_latest_only_with_trigger.py for tasks to queue
[2025-03-16T08:43:25.200+0000] {logging_mixin.py:120} INFO - [2025-03-16T08:43:25.200+0000] {dagbag.py:537} INFO - Filling up the DagBag from /home/airflow/.local/lib/python3.7/site-packages/airflow/example_dags/example_latest_only_with_trigger.py
[2025-03-16T08:43:25.228+0000] {processor.py:766} INFO - DAG(s) dict_keys(['latest_only_with_trigger']) retrieved from /home/airflow/.local/lib/python3.7/site-packages/airflow/example_dags/example_latest_only_with_trigger.py
[2025-03-16T08:43:25.296+0000] {logging_mixin.py:120} INFO - [2025-03-16T08:43:25.296+0000] {dag.py:2585} INFO - Sync 1 DAGs
[2025-03-16T08:43:25.343+0000] {logging_mixin.py:120} INFO - [2025-03-16T08:43:25.343+0000] {dag.py:3340} INFO - Setting next_dagrun for latest_only_with_trigger to 2025-03-16T04:43:25.342828+00:00, run_after=2025-03-16T08:43:25.342828+00:00
[2025-03-16T08:43:25.375+0000] {processor.py:176} INFO - Processing /home/airflow/.local/lib/python3.7/site-packages/airflow/example_dags/example_latest_only_with_trigger.py took 0.183 seconds
[2025-03-16T08:43:55.751+0000] {processor.py:154} INFO - Started process (PID=1442) to work on /home/airflow/.local/lib/python3.7/site-packages/airflow/example_dags/example_latest_only_with_trigger.py
[2025-03-16T08:43:55.752+0000] {processor.py:756} INFO - Processing file /home/airflow/.local/lib/python3.7/site-packages/airflow/example_dags/example_latest_only_with_trigger.py for tasks to queue
[2025-03-16T08:43:55.753+0000] {logging_mixin.py:120} INFO - [2025-03-16T08:43:55.752+0000] {dagbag.py:537} INFO - Filling up the DagBag from /home/airflow/.local/lib/python3.7/site-packages/airflow/example_dags/example_latest_only_with_trigger.py
[2025-03-16T08:43:55.776+0000] {processor.py:766} INFO - DAG(s) dict_keys(['latest_only_with_trigger']) retrieved from /home/airflow/.local/lib/python3.7/site-packages/airflow/example_dags/example_latest_only_with_trigger.py
[2025-03-16T08:43:55.857+0000] {logging_mixin.py:120} INFO - [2025-03-16T08:43:55.856+0000] {dag.py:2585} INFO - Sync 1 DAGs
[2025-03-16T08:43:55.930+0000] {logging_mixin.py:120} INFO - [2025-03-16T08:43:55.930+0000] {dag.py:3340} INFO - Setting next_dagrun for latest_only_with_trigger to 2025-03-16T04:43:55.930208+00:00, run_after=2025-03-16T08:43:55.930208+00:00
[2025-03-16T08:43:55.976+0000] {processor.py:176} INFO - Processing /home/airflow/.local/lib/python3.7/site-packages/airflow/example_dags/example_latest_only_with_trigger.py took 0.230 seconds
[2025-03-16T08:44:26.702+0000] {processor.py:154} INFO - Started process (PID=1506) to work on /home/airflow/.local/lib/python3.7/site-packages/airflow/example_dags/example_latest_only_with_trigger.py
[2025-03-16T08:44:26.704+0000] {processor.py:756} INFO - Processing file /home/airflow/.local/lib/python3.7/site-packages/airflow/example_dags/example_latest_only_with_trigger.py for tasks to queue
[2025-03-16T08:44:26.705+0000] {logging_mixin.py:120} INFO - [2025-03-16T08:44:26.704+0000] {dagbag.py:537} INFO - Filling up the DagBag from /home/airflow/.local/lib/python3.7/site-packages/airflow/example_dags/example_latest_only_with_trigger.py
[2025-03-16T08:44:26.730+0000] {processor.py:766} INFO - DAG(s) dict_keys(['latest_only_with_trigger']) retrieved from /home/airflow/.local/lib/python3.7/site-packages/airflow/example_dags/example_latest_only_with_trigger.py
[2025-03-16T08:44:26.828+0000] {logging_mixin.py:120} INFO - [2025-03-16T08:44:26.828+0000] {dag.py:2585} INFO - Sync 1 DAGs
[2025-03-16T08:44:26.881+0000] {logging_mixin.py:120} INFO - [2025-03-16T08:44:26.881+0000] {dag.py:3340} INFO - Setting next_dagrun for latest_only_with_trigger to 2025-03-16T04:44:26.881008+00:00, run_after=2025-03-16T08:44:26.881008+00:00
[2025-03-16T08:44:26.911+0000] {processor.py:176} INFO - Processing /home/airflow/.local/lib/python3.7/site-packages/airflow/example_dags/example_latest_only_with_trigger.py took 0.215 seconds
[2025-03-16T08:44:57.231+0000] {processor.py:154} INFO - Started process (PID=1560) to work on /home/airflow/.local/lib/python3.7/site-packages/airflow/example_dags/example_latest_only_with_trigger.py
[2025-03-16T08:44:57.232+0000] {processor.py:756} INFO - Processing file /home/airflow/.local/lib/python3.7/site-packages/airflow/example_dags/example_latest_only_with_trigger.py for tasks to queue
[2025-03-16T08:44:57.233+0000] {logging_mixin.py:120} INFO - [2025-03-16T08:44:57.233+0000] {dagbag.py:537} INFO - Filling up the DagBag from /home/airflow/.local/lib/python3.7/site-packages/airflow/example_dags/example_latest_only_with_trigger.py
[2025-03-16T08:44:57.259+0000] {processor.py:766} INFO - DAG(s) dict_keys(['latest_only_with_trigger']) retrieved from /home/airflow/.local/lib/python3.7/site-packages/airflow/example_dags/example_latest_only_with_trigger.py
[2025-03-16T08:44:57.336+0000] {logging_mixin.py:120} INFO - [2025-03-16T08:44:57.336+0000] {dag.py:2585} INFO - Sync 1 DAGs
[2025-03-16T08:44:57.397+0000] {logging_mixin.py:120} INFO - [2025-03-16T08:44:57.396+0000] {dag.py:3340} INFO - Setting next_dagrun for latest_only_with_trigger to 2025-03-16T04:44:57.396530+00:00, run_after=2025-03-16T08:44:57.396530+00:00
[2025-03-16T08:44:57.448+0000] {processor.py:176} INFO - Processing /home/airflow/.local/lib/python3.7/site-packages/airflow/example_dags/example_latest_only_with_trigger.py took 0.222 seconds
[2025-03-16T08:45:28.388+0000] {processor.py:154} INFO - Started process (PID=1623) to work on /home/airflow/.local/lib/python3.7/site-packages/airflow/example_dags/example_latest_only_with_trigger.py
[2025-03-16T08:45:28.389+0000] {processor.py:756} INFO - Processing file /home/airflow/.local/lib/python3.7/site-packages/airflow/example_dags/example_latest_only_with_trigger.py for tasks to queue
[2025-03-16T08:45:28.390+0000] {logging_mixin.py:120} INFO - [2025-03-16T08:45:28.390+0000] {dagbag.py:537} INFO - Filling up the DagBag from /home/airflow/.local/lib/python3.7/site-packages/airflow/example_dags/example_latest_only_with_trigger.py
[2025-03-16T08:45:28.414+0000] {processor.py:766} INFO - DAG(s) dict_keys(['latest_only_with_trigger']) retrieved from /home/airflow/.local/lib/python3.7/site-packages/airflow/example_dags/example_latest_only_with_trigger.py
[2025-03-16T08:45:28.479+0000] {logging_mixin.py:120} INFO - [2025-03-16T08:45:28.479+0000] {dag.py:2585} INFO - Sync 1 DAGs
[2025-03-16T08:45:28.524+0000] {logging_mixin.py:120} INFO - [2025-03-16T08:45:28.524+0000] {dag.py:3340} INFO - Setting next_dagrun for latest_only_with_trigger to 2025-03-16T04:45:28.523719+00:00, run_after=2025-03-16T08:45:28.523719+00:00
[2025-03-16T08:45:28.555+0000] {processor.py:176} INFO - Processing /home/airflow/.local/lib/python3.7/site-packages/airflow/example_dags/example_latest_only_with_trigger.py took 0.172 seconds
[2025-03-16T08:45:58.754+0000] {processor.py:154} INFO - Started process (PID=1677) to work on /home/airflow/.local/lib/python3.7/site-packages/airflow/example_dags/example_latest_only_with_trigger.py
[2025-03-16T08:45:58.755+0000] {processor.py:756} INFO - Processing file /home/airflow/.local/lib/python3.7/site-packages/airflow/example_dags/example_latest_only_with_trigger.py for tasks to queue
[2025-03-16T08:45:58.756+0000] {logging_mixin.py:120} INFO - [2025-03-16T08:45:58.756+0000] {dagbag.py:537} INFO - Filling up the DagBag from /home/airflow/.local/lib/python3.7/site-packages/airflow/example_dags/example_latest_only_with_trigger.py
[2025-03-16T08:45:58.781+0000] {processor.py:766} INFO - DAG(s) dict_keys(['latest_only_with_trigger']) retrieved from /home/airflow/.local/lib/python3.7/site-packages/airflow/example_dags/example_latest_only_with_trigger.py
[2025-03-16T08:45:58.854+0000] {logging_mixin.py:120} INFO - [2025-03-16T08:45:58.854+0000] {dag.py:2585} INFO - Sync 1 DAGs
[2025-03-16T08:45:58.901+0000] {logging_mixin.py:120} INFO - [2025-03-16T08:45:58.901+0000] {dag.py:3340} INFO - Setting next_dagrun for latest_only_with_trigger to 2025-03-16T04:45:58.901098+00:00, run_after=2025-03-16T08:45:58.901098+00:00
[2025-03-16T08:45:58.938+0000] {processor.py:176} INFO - Processing /home/airflow/.local/lib/python3.7/site-packages/airflow/example_dags/example_latest_only_with_trigger.py took 0.189 seconds
[2025-03-16T08:46:29.912+0000] {processor.py:154} INFO - Started process (PID=1740) to work on /home/airflow/.local/lib/python3.7/site-packages/airflow/example_dags/example_latest_only_with_trigger.py
[2025-03-16T08:46:29.913+0000] {processor.py:756} INFO - Processing file /home/airflow/.local/lib/python3.7/site-packages/airflow/example_dags/example_latest_only_with_trigger.py for tasks to queue
[2025-03-16T08:46:29.914+0000] {logging_mixin.py:120} INFO - [2025-03-16T08:46:29.914+0000] {dagbag.py:537} INFO - Filling up the DagBag from /home/airflow/.local/lib/python3.7/site-packages/airflow/example_dags/example_latest_only_with_trigger.py
[2025-03-16T08:46:29.939+0000] {processor.py:766} INFO - DAG(s) dict_keys(['latest_only_with_trigger']) retrieved from /home/airflow/.local/lib/python3.7/site-packages/airflow/example_dags/example_latest_only_with_trigger.py
[2025-03-16T08:46:30.070+0000] {logging_mixin.py:120} INFO - [2025-03-16T08:46:30.069+0000] {dag.py:2585} INFO - Sync 1 DAGs
[2025-03-16T08:46:30.155+0000] {logging_mixin.py:120} INFO - [2025-03-16T08:46:30.154+0000] {dag.py:3340} INFO - Setting next_dagrun for latest_only_with_trigger to 2025-03-16T04:46:30.154532+00:00, run_after=2025-03-16T08:46:30.154532+00:00
[2025-03-16T08:46:30.212+0000] {processor.py:176} INFO - Processing /home/airflow/.local/lib/python3.7/site-packages/airflow/example_dags/example_latest_only_with_trigger.py took 0.305 seconds
[2025-03-16T08:47:00.551+0000] {processor.py:154} INFO - Started process (PID=1794) to work on /home/airflow/.local/lib/python3.7/site-packages/airflow/example_dags/example_latest_only_with_trigger.py
[2025-03-16T08:47:00.559+0000] {processor.py:756} INFO - Processing file /home/airflow/.local/lib/python3.7/site-packages/airflow/example_dags/example_latest_only_with_trigger.py for tasks to queue
[2025-03-16T08:47:00.560+0000] {logging_mixin.py:120} INFO - [2025-03-16T08:47:00.560+0000] {dagbag.py:537} INFO - Filling up the DagBag from /home/airflow/.local/lib/python3.7/site-packages/airflow/example_dags/example_latest_only_with_trigger.py
[2025-03-16T08:47:00.593+0000] {processor.py:766} INFO - DAG(s) dict_keys(['latest_only_with_trigger']) retrieved from /home/airflow/.local/lib/python3.7/site-packages/airflow/example_dags/example_latest_only_with_trigger.py
[2025-03-16T08:47:00.675+0000] {logging_mixin.py:120} INFO - [2025-03-16T08:47:00.675+0000] {dag.py:2585} INFO - Sync 1 DAGs
[2025-03-16T08:47:00.728+0000] {logging_mixin.py:120} INFO - [2025-03-16T08:47:00.727+0000] {dag.py:3340} INFO - Setting next_dagrun for latest_only_with_trigger to 2025-03-16T04:47:00.727399+00:00, run_after=2025-03-16T08:47:00.727399+00:00
[2025-03-16T08:47:00.763+0000] {processor.py:176} INFO - Processing /home/airflow/.local/lib/python3.7/site-packages/airflow/example_dags/example_latest_only_with_trigger.py took 0.229 seconds
[2025-03-16T08:47:31.619+0000] {processor.py:154} INFO - Started process (PID=1857) to work on /home/airflow/.local/lib/python3.7/site-packages/airflow/example_dags/example_latest_only_with_trigger.py
[2025-03-16T08:47:31.620+0000] {processor.py:756} INFO - Processing file /home/airflow/.local/lib/python3.7/site-packages/airflow/example_dags/example_latest_only_with_trigger.py for tasks to queue
[2025-03-16T08:47:31.621+0000] {logging_mixin.py:120} INFO - [2025-03-16T08:47:31.621+0000] {dagbag.py:537} INFO - Filling up the DagBag from /home/airflow/.local/lib/python3.7/site-packages/airflow/example_dags/example_latest_only_with_trigger.py
[2025-03-16T08:47:31.645+0000] {processor.py:766} INFO - DAG(s) dict_keys(['latest_only_with_trigger']) retrieved from /home/airflow/.local/lib/python3.7/site-packages/airflow/example_dags/example_latest_only_with_trigger.py
[2025-03-16T08:47:31.712+0000] {logging_mixin.py:120} INFO - [2025-03-16T08:47:31.712+0000] {dag.py:2585} INFO - Sync 1 DAGs
[2025-03-16T08:47:31.758+0000] {logging_mixin.py:120} INFO - [2025-03-16T08:47:31.758+0000] {dag.py:3340} INFO - Setting next_dagrun for latest_only_with_trigger to 2025-03-16T04:47:31.758152+00:00, run_after=2025-03-16T08:47:31.758152+00:00
[2025-03-16T08:47:31.787+0000] {processor.py:176} INFO - Processing /home/airflow/.local/lib/python3.7/site-packages/airflow/example_dags/example_latest_only_with_trigger.py took 0.173 seconds
[2025-03-16T08:48:02.515+0000] {processor.py:154} INFO - Started process (PID=1911) to work on /home/airflow/.local/lib/python3.7/site-packages/airflow/example_dags/example_latest_only_with_trigger.py
[2025-03-16T08:48:02.517+0000] {processor.py:756} INFO - Processing file /home/airflow/.local/lib/python3.7/site-packages/airflow/example_dags/example_latest_only_with_trigger.py for tasks to queue
[2025-03-16T08:48:02.518+0000] {logging_mixin.py:120} INFO - [2025-03-16T08:48:02.518+0000] {dagbag.py:537} INFO - Filling up the DagBag from /home/airflow/.local/lib/python3.7/site-packages/airflow/example_dags/example_latest_only_with_trigger.py
[2025-03-16T08:48:02.542+0000] {processor.py:766} INFO - DAG(s) dict_keys(['latest_only_with_trigger']) retrieved from /home/airflow/.local/lib/python3.7/site-packages/airflow/example_dags/example_latest_only_with_trigger.py
[2025-03-16T08:48:02.647+0000] {logging_mixin.py:120} INFO - [2025-03-16T08:48:02.647+0000] {dag.py:2585} INFO - Sync 1 DAGs
[2025-03-16T08:48:02.720+0000] {logging_mixin.py:120} INFO - [2025-03-16T08:48:02.719+0000] {dag.py:3340} INFO - Setting next_dagrun for latest_only_with_trigger to 2025-03-16T04:48:02.719400+00:00, run_after=2025-03-16T08:48:02.719400+00:00
[2025-03-16T08:48:02.752+0000] {processor.py:176} INFO - Processing /home/airflow/.local/lib/python3.7/site-packages/airflow/example_dags/example_latest_only_with_trigger.py took 0.243 seconds
[2025-03-16T08:48:33.451+0000] {processor.py:154} INFO - Started process (PID=1973) to work on /home/airflow/.local/lib/python3.7/site-packages/airflow/example_dags/example_latest_only_with_trigger.py
[2025-03-16T08:48:33.454+0000] {processor.py:756} INFO - Processing file /home/airflow/.local/lib/python3.7/site-packages/airflow/example_dags/example_latest_only_with_trigger.py for tasks to queue
[2025-03-16T08:48:33.455+0000] {logging_mixin.py:120} INFO - [2025-03-16T08:48:33.454+0000] {dagbag.py:537} INFO - Filling up the DagBag from /home/airflow/.local/lib/python3.7/site-packages/airflow/example_dags/example_latest_only_with_trigger.py
[2025-03-16T08:48:33.483+0000] {processor.py:766} INFO - DAG(s) dict_keys(['latest_only_with_trigger']) retrieved from /home/airflow/.local/lib/python3.7/site-packages/airflow/example_dags/example_latest_only_with_trigger.py
[2025-03-16T08:48:33.554+0000] {logging_mixin.py:120} INFO - [2025-03-16T08:48:33.553+0000] {dag.py:2585} INFO - Sync 1 DAGs
[2025-03-16T08:48:33.602+0000] {logging_mixin.py:120} INFO - [2025-03-16T08:48:33.602+0000] {dag.py:3340} INFO - Setting next_dagrun for latest_only_with_trigger to 2025-03-16T04:48:33.601680+00:00, run_after=2025-03-16T08:48:33.601680+00:00
[2025-03-16T08:48:33.639+0000] {processor.py:176} INFO - Processing /home/airflow/.local/lib/python3.7/site-packages/airflow/example_dags/example_latest_only_with_trigger.py took 0.193 seconds
[2025-03-16T08:49:04.319+0000] {processor.py:154} INFO - Started process (PID=2027) to work on /home/airflow/.local/lib/python3.7/site-packages/airflow/example_dags/example_latest_only_with_trigger.py
[2025-03-16T08:49:04.320+0000] {processor.py:756} INFO - Processing file /home/airflow/.local/lib/python3.7/site-packages/airflow/example_dags/example_latest_only_with_trigger.py for tasks to queue
[2025-03-16T08:49:04.321+0000] {logging_mixin.py:120} INFO - [2025-03-16T08:49:04.321+0000] {dagbag.py:537} INFO - Filling up the DagBag from /home/airflow/.local/lib/python3.7/site-packages/airflow/example_dags/example_latest_only_with_trigger.py
[2025-03-16T08:49:04.339+0000] {processor.py:766} INFO - DAG(s) dict_keys(['latest_only_with_trigger']) retrieved from /home/airflow/.local/lib/python3.7/site-packages/airflow/example_dags/example_latest_only_with_trigger.py
[2025-03-16T08:49:04.391+0000] {logging_mixin.py:120} INFO - [2025-03-16T08:49:04.391+0000] {dag.py:2585} INFO - Sync 1 DAGs
[2025-03-16T08:49:04.424+0000] {logging_mixin.py:120} INFO - [2025-03-16T08:49:04.424+0000] {dag.py:3340} INFO - Setting next_dagrun for latest_only_with_trigger to 2025-03-16T04:49:04.423786+00:00, run_after=2025-03-16T08:49:04.423786+00:00
[2025-03-16T08:49:04.450+0000] {processor.py:176} INFO - Processing /home/airflow/.local/lib/python3.7/site-packages/airflow/example_dags/example_latest_only_with_trigger.py took 0.135 seconds
[2025-03-16T08:49:35.158+0000] {processor.py:154} INFO - Started process (PID=2091) to work on /home/airflow/.local/lib/python3.7/site-packages/airflow/example_dags/example_latest_only_with_trigger.py
[2025-03-16T08:49:35.159+0000] {processor.py:756} INFO - Processing file /home/airflow/.local/lib/python3.7/site-packages/airflow/example_dags/example_latest_only_with_trigger.py for tasks to queue
[2025-03-16T08:49:35.160+0000] {logging_mixin.py:120} INFO - [2025-03-16T08:49:35.160+0000] {dagbag.py:537} INFO - Filling up the DagBag from /home/airflow/.local/lib/python3.7/site-packages/airflow/example_dags/example_latest_only_with_trigger.py
[2025-03-16T08:49:35.188+0000] {processor.py:766} INFO - DAG(s) dict_keys(['latest_only_with_trigger']) retrieved from /home/airflow/.local/lib/python3.7/site-packages/airflow/example_dags/example_latest_only_with_trigger.py
[2025-03-16T08:49:35.262+0000] {logging_mixin.py:120} INFO - [2025-03-16T08:49:35.262+0000] {dag.py:2585} INFO - Sync 1 DAGs
[2025-03-16T08:49:35.318+0000] {logging_mixin.py:120} INFO - [2025-03-16T08:49:35.317+0000] {dag.py:3340} INFO - Setting next_dagrun for latest_only_with_trigger to 2025-03-16T04:49:35.317349+00:00, run_after=2025-03-16T08:49:35.317349+00:00
[2025-03-16T08:49:35.351+0000] {processor.py:176} INFO - Processing /home/airflow/.local/lib/python3.7/site-packages/airflow/example_dags/example_latest_only_with_trigger.py took 0.199 seconds
[2025-03-16T08:50:05.753+0000] {processor.py:154} INFO - Started process (PID=2145) to work on /home/airflow/.local/lib/python3.7/site-packages/airflow/example_dags/example_latest_only_with_trigger.py
[2025-03-16T08:50:05.755+0000] {processor.py:756} INFO - Processing file /home/airflow/.local/lib/python3.7/site-packages/airflow/example_dags/example_latest_only_with_trigger.py for tasks to queue
[2025-03-16T08:50:05.755+0000] {logging_mixin.py:120} INFO - [2025-03-16T08:50:05.755+0000] {dagbag.py:537} INFO - Filling up the DagBag from /home/airflow/.local/lib/python3.7/site-packages/airflow/example_dags/example_latest_only_with_trigger.py
[2025-03-16T08:50:05.782+0000] {processor.py:766} INFO - DAG(s) dict_keys(['latest_only_with_trigger']) retrieved from /home/airflow/.local/lib/python3.7/site-packages/airflow/example_dags/example_latest_only_with_trigger.py
[2025-03-16T08:50:05.834+0000] {logging_mixin.py:120} INFO - [2025-03-16T08:50:05.834+0000] {dag.py:2585} INFO - Sync 1 DAGs
[2025-03-16T08:50:05.863+0000] {logging_mixin.py:120} INFO - [2025-03-16T08:50:05.863+0000] {dag.py:3340} INFO - Setting next_dagrun for latest_only_with_trigger to 2025-03-16T04:50:05.863108+00:00, run_after=2025-03-16T08:50:05.863108+00:00
[2025-03-16T08:50:05.888+0000] {processor.py:176} INFO - Processing /home/airflow/.local/lib/python3.7/site-packages/airflow/example_dags/example_latest_only_with_trigger.py took 0.141 seconds
[2025-03-16T08:50:36.217+0000] {processor.py:154} INFO - Started process (PID=2208) to work on /home/airflow/.local/lib/python3.7/site-packages/airflow/example_dags/example_latest_only_with_trigger.py
[2025-03-16T08:50:36.219+0000] {processor.py:756} INFO - Processing file /home/airflow/.local/lib/python3.7/site-packages/airflow/example_dags/example_latest_only_with_trigger.py for tasks to queue
[2025-03-16T08:50:36.220+0000] {logging_mixin.py:120} INFO - [2025-03-16T08:50:36.220+0000] {dagbag.py:537} INFO - Filling up the DagBag from /home/airflow/.local/lib/python3.7/site-packages/airflow/example_dags/example_latest_only_with_trigger.py
[2025-03-16T08:50:36.245+0000] {processor.py:766} INFO - DAG(s) dict_keys(['latest_only_with_trigger']) retrieved from /home/airflow/.local/lib/python3.7/site-packages/airflow/example_dags/example_latest_only_with_trigger.py
[2025-03-16T08:50:36.321+0000] {logging_mixin.py:120} INFO - [2025-03-16T08:50:36.321+0000] {dag.py:2585} INFO - Sync 1 DAGs
[2025-03-16T08:50:36.376+0000] {logging_mixin.py:120} INFO - [2025-03-16T08:50:36.375+0000] {dag.py:3340} INFO - Setting next_dagrun for latest_only_with_trigger to 2025-03-16T04:50:36.375425+00:00, run_after=2025-03-16T08:50:36.375425+00:00
[2025-03-16T08:50:36.413+0000] {processor.py:176} INFO - Processing /home/airflow/.local/lib/python3.7/site-packages/airflow/example_dags/example_latest_only_with_trigger.py took 0.203 seconds
[2025-03-16T08:51:07.188+0000] {processor.py:154} INFO - Started process (PID=2262) to work on /home/airflow/.local/lib/python3.7/site-packages/airflow/example_dags/example_latest_only_with_trigger.py
[2025-03-16T08:51:07.189+0000] {processor.py:756} INFO - Processing file /home/airflow/.local/lib/python3.7/site-packages/airflow/example_dags/example_latest_only_with_trigger.py for tasks to queue
[2025-03-16T08:51:07.190+0000] {logging_mixin.py:120} INFO - [2025-03-16T08:51:07.189+0000] {dagbag.py:537} INFO - Filling up the DagBag from /home/airflow/.local/lib/python3.7/site-packages/airflow/example_dags/example_latest_only_with_trigger.py
[2025-03-16T08:51:07.217+0000] {processor.py:766} INFO - DAG(s) dict_keys(['latest_only_with_trigger']) retrieved from /home/airflow/.local/lib/python3.7/site-packages/airflow/example_dags/example_latest_only_with_trigger.py
[2025-03-16T08:51:07.309+0000] {logging_mixin.py:120} INFO - [2025-03-16T08:51:07.308+0000] {dag.py:2585} INFO - Sync 1 DAGs
[2025-03-16T08:51:07.388+0000] {logging_mixin.py:120} INFO - [2025-03-16T08:51:07.388+0000] {dag.py:3340} INFO - Setting next_dagrun for latest_only_with_trigger to 2025-03-16T04:51:07.387875+00:00, run_after=2025-03-16T08:51:07.387875+00:00
[2025-03-16T08:51:07.438+0000] {processor.py:176} INFO - Processing /home/airflow/.local/lib/python3.7/site-packages/airflow/example_dags/example_latest_only_with_trigger.py took 0.255 seconds
[2025-03-16T08:51:37.999+0000] {processor.py:154} INFO - Started process (PID=2325) to work on /home/airflow/.local/lib/python3.7/site-packages/airflow/example_dags/example_latest_only_with_trigger.py
[2025-03-16T08:51:38.001+0000] {processor.py:756} INFO - Processing file /home/airflow/.local/lib/python3.7/site-packages/airflow/example_dags/example_latest_only_with_trigger.py for tasks to queue
[2025-03-16T08:51:38.002+0000] {logging_mixin.py:120} INFO - [2025-03-16T08:51:38.001+0000] {dagbag.py:537} INFO - Filling up the DagBag from /home/airflow/.local/lib/python3.7/site-packages/airflow/example_dags/example_latest_only_with_trigger.py
[2025-03-16T08:51:38.034+0000] {processor.py:766} INFO - DAG(s) dict_keys(['latest_only_with_trigger']) retrieved from /home/airflow/.local/lib/python3.7/site-packages/airflow/example_dags/example_latest_only_with_trigger.py
[2025-03-16T08:51:38.122+0000] {logging_mixin.py:120} INFO - [2025-03-16T08:51:38.122+0000] {dag.py:2585} INFO - Sync 1 DAGs
[2025-03-16T08:51:38.178+0000] {logging_mixin.py:120} INFO - [2025-03-16T08:51:38.178+0000] {dag.py:3340} INFO - Setting next_dagrun for latest_only_with_trigger to 2025-03-16T04:51:38.177967+00:00, run_after=2025-03-16T08:51:38.177967+00:00
[2025-03-16T08:51:38.207+0000] {processor.py:176} INFO - Processing /home/airflow/.local/lib/python3.7/site-packages/airflow/example_dags/example_latest_only_with_trigger.py took 0.215 seconds
[2025-03-16T08:52:09.235+0000] {processor.py:154} INFO - Started process (PID=2387) to work on /home/airflow/.local/lib/python3.7/site-packages/airflow/example_dags/example_latest_only_with_trigger.py
[2025-03-16T08:52:09.238+0000] {processor.py:756} INFO - Processing file /home/airflow/.local/lib/python3.7/site-packages/airflow/example_dags/example_latest_only_with_trigger.py for tasks to queue
[2025-03-16T08:52:09.241+0000] {logging_mixin.py:120} INFO - [2025-03-16T08:52:09.239+0000] {dagbag.py:537} INFO - Filling up the DagBag from /home/airflow/.local/lib/python3.7/site-packages/airflow/example_dags/example_latest_only_with_trigger.py
[2025-03-16T08:52:09.291+0000] {processor.py:766} INFO - DAG(s) dict_keys(['latest_only_with_trigger']) retrieved from /home/airflow/.local/lib/python3.7/site-packages/airflow/example_dags/example_latest_only_with_trigger.py
[2025-03-16T08:52:09.379+0000] {logging_mixin.py:120} INFO - [2025-03-16T08:52:09.379+0000] {dag.py:2585} INFO - Sync 1 DAGs
[2025-03-16T08:52:09.432+0000] {logging_mixin.py:120} INFO - [2025-03-16T08:52:09.432+0000] {dag.py:3340} INFO - Setting next_dagrun for latest_only_with_trigger to 2025-03-16T04:52:09.431904+00:00, run_after=2025-03-16T08:52:09.431904+00:00
[2025-03-16T08:52:09.495+0000] {processor.py:176} INFO - Processing /home/airflow/.local/lib/python3.7/site-packages/airflow/example_dags/example_latest_only_with_trigger.py took 0.274 seconds
[2025-03-16T08:52:39.644+0000] {processor.py:154} INFO - Started process (PID=2443) to work on /home/airflow/.local/lib/python3.7/site-packages/airflow/example_dags/example_latest_only_with_trigger.py
[2025-03-16T08:52:39.646+0000] {processor.py:756} INFO - Processing file /home/airflow/.local/lib/python3.7/site-packages/airflow/example_dags/example_latest_only_with_trigger.py for tasks to queue
[2025-03-16T08:52:39.646+0000] {logging_mixin.py:120} INFO - [2025-03-16T08:52:39.646+0000] {dagbag.py:537} INFO - Filling up the DagBag from /home/airflow/.local/lib/python3.7/site-packages/airflow/example_dags/example_latest_only_with_trigger.py
[2025-03-16T08:52:39.663+0000] {processor.py:766} INFO - DAG(s) dict_keys(['latest_only_with_trigger']) retrieved from /home/airflow/.local/lib/python3.7/site-packages/airflow/example_dags/example_latest_only_with_trigger.py
[2025-03-16T08:52:39.720+0000] {logging_mixin.py:120} INFO - [2025-03-16T08:52:39.719+0000] {dag.py:2585} INFO - Sync 1 DAGs
[2025-03-16T08:52:39.763+0000] {logging_mixin.py:120} INFO - [2025-03-16T08:52:39.763+0000] {dag.py:3340} INFO - Setting next_dagrun for latest_only_with_trigger to 2025-03-16T04:52:39.762933+00:00, run_after=2025-03-16T08:52:39.762933+00:00
[2025-03-16T08:52:39.787+0000] {processor.py:176} INFO - Processing /home/airflow/.local/lib/python3.7/site-packages/airflow/example_dags/example_latest_only_with_trigger.py took 0.147 seconds
[2025-03-16T08:53:11.081+0000] {processor.py:154} INFO - Started process (PID=2506) to work on /home/airflow/.local/lib/python3.7/site-packages/airflow/example_dags/example_latest_only_with_trigger.py
[2025-03-16T08:53:11.087+0000] {processor.py:756} INFO - Processing file /home/airflow/.local/lib/python3.7/site-packages/airflow/example_dags/example_latest_only_with_trigger.py for tasks to queue
[2025-03-16T08:53:11.088+0000] {logging_mixin.py:120} INFO - [2025-03-16T08:53:11.088+0000] {dagbag.py:537} INFO - Filling up the DagBag from /home/airflow/.local/lib/python3.7/site-packages/airflow/example_dags/example_latest_only_with_trigger.py
[2025-03-16T08:53:11.156+0000] {processor.py:766} INFO - DAG(s) dict_keys(['latest_only_with_trigger']) retrieved from /home/airflow/.local/lib/python3.7/site-packages/airflow/example_dags/example_latest_only_with_trigger.py
[2025-03-16T08:53:11.308+0000] {logging_mixin.py:120} INFO - [2025-03-16T08:53:11.308+0000] {dag.py:2585} INFO - Sync 1 DAGs
[2025-03-16T08:53:11.448+0000] {logging_mixin.py:120} INFO - [2025-03-16T08:53:11.447+0000] {dag.py:3340} INFO - Setting next_dagrun for latest_only_with_trigger to 2025-03-16T04:53:11.447418+00:00, run_after=2025-03-16T08:53:11.447418+00:00
[2025-03-16T08:53:11.527+0000] {processor.py:176} INFO - Processing /home/airflow/.local/lib/python3.7/site-packages/airflow/example_dags/example_latest_only_with_trigger.py took 0.457 seconds
[2025-03-16T08:53:42.489+0000] {processor.py:154} INFO - Started process (PID=2561) to work on /home/airflow/.local/lib/python3.7/site-packages/airflow/example_dags/example_latest_only_with_trigger.py
[2025-03-16T08:53:42.491+0000] {processor.py:756} INFO - Processing file /home/airflow/.local/lib/python3.7/site-packages/airflow/example_dags/example_latest_only_with_trigger.py for tasks to queue
[2025-03-16T08:53:42.492+0000] {logging_mixin.py:120} INFO - [2025-03-16T08:53:42.492+0000] {dagbag.py:537} INFO - Filling up the DagBag from /home/airflow/.local/lib/python3.7/site-packages/airflow/example_dags/example_latest_only_with_trigger.py
[2025-03-16T08:53:42.528+0000] {processor.py:766} INFO - DAG(s) dict_keys(['latest_only_with_trigger']) retrieved from /home/airflow/.local/lib/python3.7/site-packages/airflow/example_dags/example_latest_only_with_trigger.py
[2025-03-16T08:53:42.618+0000] {logging_mixin.py:120} INFO - [2025-03-16T08:53:42.618+0000] {dag.py:2585} INFO - Sync 1 DAGs
[2025-03-16T08:53:42.668+0000] {logging_mixin.py:120} INFO - [2025-03-16T08:53:42.668+0000] {dag.py:3340} INFO - Setting next_dagrun for latest_only_with_trigger to 2025-03-16T04:53:42.668043+00:00, run_after=2025-03-16T08:53:42.668043+00:00
[2025-03-16T08:53:42.699+0000] {processor.py:176} INFO - Processing /home/airflow/.local/lib/python3.7/site-packages/airflow/example_dags/example_latest_only_with_trigger.py took 0.220 seconds
[2025-03-16T08:54:13.647+0000] {processor.py:154} INFO - Started process (PID=2624) to work on /home/airflow/.local/lib/python3.7/site-packages/airflow/example_dags/example_latest_only_with_trigger.py
[2025-03-16T08:54:13.651+0000] {processor.py:756} INFO - Processing file /home/airflow/.local/lib/python3.7/site-packages/airflow/example_dags/example_latest_only_with_trigger.py for tasks to queue
[2025-03-16T08:54:13.652+0000] {logging_mixin.py:120} INFO - [2025-03-16T08:54:13.652+0000] {dagbag.py:537} INFO - Filling up the DagBag from /home/airflow/.local/lib/python3.7/site-packages/airflow/example_dags/example_latest_only_with_trigger.py
[2025-03-16T08:54:13.699+0000] {processor.py:766} INFO - DAG(s) dict_keys(['latest_only_with_trigger']) retrieved from /home/airflow/.local/lib/python3.7/site-packages/airflow/example_dags/example_latest_only_with_trigger.py
[2025-03-16T08:54:13.833+0000] {logging_mixin.py:120} INFO - [2025-03-16T08:54:13.833+0000] {dag.py:2585} INFO - Sync 1 DAGs
[2025-03-16T08:54:13.922+0000] {logging_mixin.py:120} INFO - [2025-03-16T08:54:13.922+0000] {dag.py:3340} INFO - Setting next_dagrun for latest_only_with_trigger to 2025-03-16T04:54:13.921894+00:00, run_after=2025-03-16T08:54:13.921894+00:00
[2025-03-16T08:54:13.976+0000] {processor.py:176} INFO - Processing /home/airflow/.local/lib/python3.7/site-packages/airflow/example_dags/example_latest_only_with_trigger.py took 0.341 seconds
[2025-03-16T08:54:44.105+0000] {processor.py:154} INFO - Started process (PID=2677) to work on /home/airflow/.local/lib/python3.7/site-packages/airflow/example_dags/example_latest_only_with_trigger.py
[2025-03-16T08:54:44.106+0000] {processor.py:756} INFO - Processing file /home/airflow/.local/lib/python3.7/site-packages/airflow/example_dags/example_latest_only_with_trigger.py for tasks to queue
[2025-03-16T08:54:44.108+0000] {logging_mixin.py:120} INFO - [2025-03-16T08:54:44.108+0000] {dagbag.py:537} INFO - Filling up the DagBag from /home/airflow/.local/lib/python3.7/site-packages/airflow/example_dags/example_latest_only_with_trigger.py
[2025-03-16T08:54:44.140+0000] {processor.py:766} INFO - DAG(s) dict_keys(['latest_only_with_trigger']) retrieved from /home/airflow/.local/lib/python3.7/site-packages/airflow/example_dags/example_latest_only_with_trigger.py
[2025-03-16T08:54:44.210+0000] {logging_mixin.py:120} INFO - [2025-03-16T08:54:44.210+0000] {dag.py:2585} INFO - Sync 1 DAGs
[2025-03-16T08:54:44.260+0000] {logging_mixin.py:120} INFO - [2025-03-16T08:54:44.260+0000] {dag.py:3340} INFO - Setting next_dagrun for latest_only_with_trigger to 2025-03-16T04:54:44.259755+00:00, run_after=2025-03-16T08:54:44.259755+00:00
[2025-03-16T08:54:44.291+0000] {processor.py:176} INFO - Processing /home/airflow/.local/lib/python3.7/site-packages/airflow/example_dags/example_latest_only_with_trigger.py took 0.195 seconds
[2025-03-16T08:55:14.490+0000] {processor.py:154} INFO - Started process (PID=2740) to work on /home/airflow/.local/lib/python3.7/site-packages/airflow/example_dags/example_latest_only_with_trigger.py
[2025-03-16T08:55:14.494+0000] {processor.py:756} INFO - Processing file /home/airflow/.local/lib/python3.7/site-packages/airflow/example_dags/example_latest_only_with_trigger.py for tasks to queue
[2025-03-16T08:55:14.498+0000] {logging_mixin.py:120} INFO - [2025-03-16T08:55:14.497+0000] {dagbag.py:537} INFO - Filling up the DagBag from /home/airflow/.local/lib/python3.7/site-packages/airflow/example_dags/example_latest_only_with_trigger.py
[2025-03-16T08:55:14.547+0000] {processor.py:766} INFO - DAG(s) dict_keys(['latest_only_with_trigger']) retrieved from /home/airflow/.local/lib/python3.7/site-packages/airflow/example_dags/example_latest_only_with_trigger.py
[2025-03-16T08:55:14.674+0000] {logging_mixin.py:120} INFO - [2025-03-16T08:55:14.673+0000] {dag.py:2585} INFO - Sync 1 DAGs
[2025-03-16T08:55:14.758+0000] {logging_mixin.py:120} INFO - [2025-03-16T08:55:14.758+0000] {dag.py:3340} INFO - Setting next_dagrun for latest_only_with_trigger to 2025-03-16T04:55:14.758091+00:00, run_after=2025-03-16T08:55:14.758091+00:00
[2025-03-16T08:55:14.816+0000] {processor.py:176} INFO - Processing /home/airflow/.local/lib/python3.7/site-packages/airflow/example_dags/example_latest_only_with_trigger.py took 0.342 seconds
[2025-03-16T08:55:45.069+0000] {processor.py:154} INFO - Started process (PID=2793) to work on /home/airflow/.local/lib/python3.7/site-packages/airflow/example_dags/example_latest_only_with_trigger.py
[2025-03-16T08:55:45.071+0000] {processor.py:756} INFO - Processing file /home/airflow/.local/lib/python3.7/site-packages/airflow/example_dags/example_latest_only_with_trigger.py for tasks to queue
[2025-03-16T08:55:45.072+0000] {logging_mixin.py:120} INFO - [2025-03-16T08:55:45.072+0000] {dagbag.py:537} INFO - Filling up the DagBag from /home/airflow/.local/lib/python3.7/site-packages/airflow/example_dags/example_latest_only_with_trigger.py
[2025-03-16T08:55:45.108+0000] {processor.py:766} INFO - DAG(s) dict_keys(['latest_only_with_trigger']) retrieved from /home/airflow/.local/lib/python3.7/site-packages/airflow/example_dags/example_latest_only_with_trigger.py
[2025-03-16T08:55:45.185+0000] {logging_mixin.py:120} INFO - [2025-03-16T08:55:45.185+0000] {dag.py:2585} INFO - Sync 1 DAGs
[2025-03-16T08:55:45.240+0000] {logging_mixin.py:120} INFO - [2025-03-16T08:55:45.240+0000] {dag.py:3340} INFO - Setting next_dagrun for latest_only_with_trigger to 2025-03-16T04:55:45.240225+00:00, run_after=2025-03-16T08:55:45.240225+00:00
[2025-03-16T08:55:45.291+0000] {processor.py:176} INFO - Processing /home/airflow/.local/lib/python3.7/site-packages/airflow/example_dags/example_latest_only_with_trigger.py took 0.229 seconds
[2025-03-16T08:56:15.653+0000] {processor.py:154} INFO - Started process (PID=2856) to work on /home/airflow/.local/lib/python3.7/site-packages/airflow/example_dags/example_latest_only_with_trigger.py
[2025-03-16T08:56:15.654+0000] {processor.py:756} INFO - Processing file /home/airflow/.local/lib/python3.7/site-packages/airflow/example_dags/example_latest_only_with_trigger.py for tasks to queue
[2025-03-16T08:56:15.657+0000] {logging_mixin.py:120} INFO - [2025-03-16T08:56:15.657+0000] {dagbag.py:537} INFO - Filling up the DagBag from /home/airflow/.local/lib/python3.7/site-packages/airflow/example_dags/example_latest_only_with_trigger.py
[2025-03-16T08:56:15.744+0000] {processor.py:766} INFO - DAG(s) dict_keys(['latest_only_with_trigger']) retrieved from /home/airflow/.local/lib/python3.7/site-packages/airflow/example_dags/example_latest_only_with_trigger.py
[2025-03-16T08:56:15.906+0000] {logging_mixin.py:120} INFO - [2025-03-16T08:56:15.906+0000] {dag.py:2585} INFO - Sync 1 DAGs
[2025-03-16T08:56:15.988+0000] {logging_mixin.py:120} INFO - [2025-03-16T08:56:15.988+0000] {dag.py:3340} INFO - Setting next_dagrun for latest_only_with_trigger to 2025-03-16T04:56:15.987936+00:00, run_after=2025-03-16T08:56:15.987936+00:00
[2025-03-16T08:56:16.050+0000] {processor.py:176} INFO - Processing /home/airflow/.local/lib/python3.7/site-packages/airflow/example_dags/example_latest_only_with_trigger.py took 0.412 seconds
[2025-03-16T08:56:46.187+0000] {processor.py:154} INFO - Started process (PID=2910) to work on /home/airflow/.local/lib/python3.7/site-packages/airflow/example_dags/example_latest_only_with_trigger.py
[2025-03-16T08:56:46.190+0000] {processor.py:756} INFO - Processing file /home/airflow/.local/lib/python3.7/site-packages/airflow/example_dags/example_latest_only_with_trigger.py for tasks to queue
[2025-03-16T08:56:46.191+0000] {logging_mixin.py:120} INFO - [2025-03-16T08:56:46.191+0000] {dagbag.py:537} INFO - Filling up the DagBag from /home/airflow/.local/lib/python3.7/site-packages/airflow/example_dags/example_latest_only_with_trigger.py
[2025-03-16T08:56:46.227+0000] {processor.py:766} INFO - DAG(s) dict_keys(['latest_only_with_trigger']) retrieved from /home/airflow/.local/lib/python3.7/site-packages/airflow/example_dags/example_latest_only_with_trigger.py
[2025-03-16T08:56:46.304+0000] {logging_mixin.py:120} INFO - [2025-03-16T08:56:46.304+0000] {dag.py:2585} INFO - Sync 1 DAGs
[2025-03-16T08:56:46.351+0000] {logging_mixin.py:120} INFO - [2025-03-16T08:56:46.350+0000] {dag.py:3340} INFO - Setting next_dagrun for latest_only_with_trigger to 2025-03-16T04:56:46.350315+00:00, run_after=2025-03-16T08:56:46.350315+00:00
[2025-03-16T08:56:46.383+0000] {processor.py:176} INFO - Processing /home/airflow/.local/lib/python3.7/site-packages/airflow/example_dags/example_latest_only_with_trigger.py took 0.202 seconds
