[2025-03-16T08:31:35.259+0000] {processor.py:154} INFO - Started process (PID=39) to work on /home/airflow/.local/lib/python3.7/site-packages/airflow/example_dags/example_task_group_decorator.py
[2025-03-16T08:31:35.260+0000] {processor.py:756} INFO - Processing file /home/airflow/.local/lib/python3.7/site-packages/airflow/example_dags/example_task_group_decorator.py for tasks to queue
[2025-03-16T08:31:35.261+0000] {logging_mixin.py:120} INFO - [2025-03-16T08:31:35.261+0000] {dagbag.py:537} INFO - Filling up the DagBag from /home/airflow/.local/lib/python3.7/site-packages/airflow/example_dags/example_task_group_decorator.py
[2025-03-16T08:31:35.393+0000] {processor.py:766} INFO - DAG(s) dict_keys(['example_task_group_decorator']) retrieved from /home/airflow/.local/lib/python3.7/site-packages/airflow/example_dags/example_task_group_decorator.py
[2025-03-16T08:31:35.876+0000] {logging_mixin.py:120} INFO - [2025-03-16T08:31:35.876+0000] {manager.py:507} INFO - Created Permission View: can read on DAG:example_task_group_decorator
[2025-03-16T08:31:35.915+0000] {logging_mixin.py:120} INFO - [2025-03-16T08:31:35.915+0000] {manager.py:507} INFO - Created Permission View: can edit on DAG:example_task_group_decorator
[2025-03-16T08:31:35.949+0000] {logging_mixin.py:120} INFO - [2025-03-16T08:31:35.949+0000] {manager.py:507} INFO - Created Permission View: can delete on DAG:example_task_group_decorator
[2025-03-16T08:31:35.949+0000] {logging_mixin.py:120} INFO - [2025-03-16T08:31:35.949+0000] {dag.py:2585} INFO - Sync 1 DAGs
[2025-03-16T08:31:36.000+0000] {logging_mixin.py:120} INFO - [2025-03-16T08:31:36.000+0000] {dag.py:2606} INFO - Creating ORM DAG for example_task_group_decorator
[2025-03-16T08:31:36.042+0000] {logging_mixin.py:120} INFO - [2025-03-16T08:31:36.041+0000] {dag.py:3340} INFO - Setting next_dagrun for example_task_group_decorator to 2025-03-15T08:31:36.041517+00:00, run_after=2025-03-16T08:31:36.041517+00:00
[2025-03-16T08:31:36.109+0000] {processor.py:176} INFO - Processing /home/airflow/.local/lib/python3.7/site-packages/airflow/example_dags/example_task_group_decorator.py took 0.860 seconds
[2025-03-16T08:32:06.274+0000] {processor.py:154} INFO - Started process (PID=93) to work on /home/airflow/.local/lib/python3.7/site-packages/airflow/example_dags/example_task_group_decorator.py
[2025-03-16T08:32:06.275+0000] {processor.py:756} INFO - Processing file /home/airflow/.local/lib/python3.7/site-packages/airflow/example_dags/example_task_group_decorator.py for tasks to queue
[2025-03-16T08:32:06.276+0000] {logging_mixin.py:120} INFO - [2025-03-16T08:32:06.276+0000] {dagbag.py:537} INFO - Filling up the DagBag from /home/airflow/.local/lib/python3.7/site-packages/airflow/example_dags/example_task_group_decorator.py
[2025-03-16T08:32:06.335+0000] {processor.py:766} INFO - DAG(s) dict_keys(['example_task_group_decorator']) retrieved from /home/airflow/.local/lib/python3.7/site-packages/airflow/example_dags/example_task_group_decorator.py
[2025-03-16T08:32:06.426+0000] {logging_mixin.py:120} INFO - [2025-03-16T08:32:06.426+0000] {dag.py:2585} INFO - Sync 1 DAGs
[2025-03-16T08:32:06.479+0000] {logging_mixin.py:120} INFO - [2025-03-16T08:32:06.478+0000] {dag.py:3340} INFO - Setting next_dagrun for example_task_group_decorator to 2025-03-15T08:32:06.478474+00:00, run_after=2025-03-16T08:32:06.478474+00:00
[2025-03-16T08:32:06.509+0000] {processor.py:176} INFO - Processing /home/airflow/.local/lib/python3.7/site-packages/airflow/example_dags/example_task_group_decorator.py took 0.241 seconds
[2025-03-16T08:32:37.295+0000] {processor.py:154} INFO - Started process (PID=157) to work on /home/airflow/.local/lib/python3.7/site-packages/airflow/example_dags/example_task_group_decorator.py
[2025-03-16T08:32:37.301+0000] {processor.py:756} INFO - Processing file /home/airflow/.local/lib/python3.7/site-packages/airflow/example_dags/example_task_group_decorator.py for tasks to queue
[2025-03-16T08:32:37.302+0000] {logging_mixin.py:120} INFO - [2025-03-16T08:32:37.302+0000] {dagbag.py:537} INFO - Filling up the DagBag from /home/airflow/.local/lib/python3.7/site-packages/airflow/example_dags/example_task_group_decorator.py
[2025-03-16T08:32:37.400+0000] {processor.py:766} INFO - DAG(s) dict_keys(['example_task_group_decorator']) retrieved from /home/airflow/.local/lib/python3.7/site-packages/airflow/example_dags/example_task_group_decorator.py
[2025-03-16T08:32:37.602+0000] {logging_mixin.py:120} INFO - [2025-03-16T08:32:37.601+0000] {dag.py:2585} INFO - Sync 1 DAGs
[2025-03-16T08:32:37.730+0000] {logging_mixin.py:120} INFO - [2025-03-16T08:32:37.729+0000] {dag.py:3340} INFO - Setting next_dagrun for example_task_group_decorator to 2025-03-15T08:32:37.729471+00:00, run_after=2025-03-16T08:32:37.729471+00:00
[2025-03-16T08:32:37.787+0000] {processor.py:176} INFO - Processing /home/airflow/.local/lib/python3.7/site-packages/airflow/example_dags/example_task_group_decorator.py took 0.501 seconds
[2025-03-16T08:33:08.316+0000] {processor.py:154} INFO - Started process (PID=210) to work on /home/airflow/.local/lib/python3.7/site-packages/airflow/example_dags/example_task_group_decorator.py
[2025-03-16T08:33:08.319+0000] {processor.py:756} INFO - Processing file /home/airflow/.local/lib/python3.7/site-packages/airflow/example_dags/example_task_group_decorator.py for tasks to queue
[2025-03-16T08:33:08.320+0000] {logging_mixin.py:120} INFO - [2025-03-16T08:33:08.320+0000] {dagbag.py:537} INFO - Filling up the DagBag from /home/airflow/.local/lib/python3.7/site-packages/airflow/example_dags/example_task_group_decorator.py
[2025-03-16T08:33:08.401+0000] {processor.py:766} INFO - DAG(s) dict_keys(['example_task_group_decorator']) retrieved from /home/airflow/.local/lib/python3.7/site-packages/airflow/example_dags/example_task_group_decorator.py
[2025-03-16T08:33:08.518+0000] {logging_mixin.py:120} INFO - [2025-03-16T08:33:08.518+0000] {dag.py:2585} INFO - Sync 1 DAGs
[2025-03-16T08:33:08.561+0000] {logging_mixin.py:120} INFO - [2025-03-16T08:33:08.560+0000] {dag.py:3340} INFO - Setting next_dagrun for example_task_group_decorator to 2025-03-15T08:33:08.560443+00:00, run_after=2025-03-16T08:33:08.560443+00:00
[2025-03-16T08:33:08.591+0000] {processor.py:176} INFO - Processing /home/airflow/.local/lib/python3.7/site-packages/airflow/example_dags/example_task_group_decorator.py took 0.280 seconds
[2025-03-16T08:33:38.887+0000] {processor.py:154} INFO - Started process (PID=273) to work on /home/airflow/.local/lib/python3.7/site-packages/airflow/example_dags/example_task_group_decorator.py
[2025-03-16T08:33:38.890+0000] {processor.py:756} INFO - Processing file /home/airflow/.local/lib/python3.7/site-packages/airflow/example_dags/example_task_group_decorator.py for tasks to queue
[2025-03-16T08:33:38.891+0000] {logging_mixin.py:120} INFO - [2025-03-16T08:33:38.891+0000] {dagbag.py:537} INFO - Filling up the DagBag from /home/airflow/.local/lib/python3.7/site-packages/airflow/example_dags/example_task_group_decorator.py
[2025-03-16T08:33:39.000+0000] {processor.py:766} INFO - DAG(s) dict_keys(['example_task_group_decorator']) retrieved from /home/airflow/.local/lib/python3.7/site-packages/airflow/example_dags/example_task_group_decorator.py
[2025-03-16T08:33:39.192+0000] {logging_mixin.py:120} INFO - [2025-03-16T08:33:39.191+0000] {dag.py:2585} INFO - Sync 1 DAGs
[2025-03-16T08:33:39.292+0000] {logging_mixin.py:120} INFO - [2025-03-16T08:33:39.288+0000] {dag.py:3340} INFO - Setting next_dagrun for example_task_group_decorator to 2025-03-15T08:33:39.287847+00:00, run_after=2025-03-16T08:33:39.287847+00:00
[2025-03-16T08:33:39.348+0000] {processor.py:176} INFO - Processing /home/airflow/.local/lib/python3.7/site-packages/airflow/example_dags/example_task_group_decorator.py took 0.470 seconds
[2025-03-16T08:34:09.499+0000] {processor.py:154} INFO - Started process (PID=328) to work on /home/airflow/.local/lib/python3.7/site-packages/airflow/example_dags/example_task_group_decorator.py
[2025-03-16T08:34:09.500+0000] {processor.py:756} INFO - Processing file /home/airflow/.local/lib/python3.7/site-packages/airflow/example_dags/example_task_group_decorator.py for tasks to queue
[2025-03-16T08:34:09.501+0000] {logging_mixin.py:120} INFO - [2025-03-16T08:34:09.501+0000] {dagbag.py:537} INFO - Filling up the DagBag from /home/airflow/.local/lib/python3.7/site-packages/airflow/example_dags/example_task_group_decorator.py
[2025-03-16T08:34:09.552+0000] {processor.py:766} INFO - DAG(s) dict_keys(['example_task_group_decorator']) retrieved from /home/airflow/.local/lib/python3.7/site-packages/airflow/example_dags/example_task_group_decorator.py
[2025-03-16T08:34:09.634+0000] {logging_mixin.py:120} INFO - [2025-03-16T08:34:09.633+0000] {dag.py:2585} INFO - Sync 1 DAGs
[2025-03-16T08:34:09.681+0000] {logging_mixin.py:120} INFO - [2025-03-16T08:34:09.680+0000] {dag.py:3340} INFO - Setting next_dagrun for example_task_group_decorator to 2025-03-15T08:34:09.680443+00:00, run_after=2025-03-16T08:34:09.680443+00:00
[2025-03-16T08:34:09.713+0000] {processor.py:176} INFO - Processing /home/airflow/.local/lib/python3.7/site-packages/airflow/example_dags/example_task_group_decorator.py took 0.219 seconds
[2025-03-16T08:34:40.012+0000] {processor.py:154} INFO - Started process (PID=390) to work on /home/airflow/.local/lib/python3.7/site-packages/airflow/example_dags/example_task_group_decorator.py
[2025-03-16T08:34:40.021+0000] {processor.py:756} INFO - Processing file /home/airflow/.local/lib/python3.7/site-packages/airflow/example_dags/example_task_group_decorator.py for tasks to queue
[2025-03-16T08:34:40.023+0000] {logging_mixin.py:120} INFO - [2025-03-16T08:34:40.022+0000] {dagbag.py:537} INFO - Filling up the DagBag from /home/airflow/.local/lib/python3.7/site-packages/airflow/example_dags/example_task_group_decorator.py
[2025-03-16T08:34:40.159+0000] {processor.py:766} INFO - DAG(s) dict_keys(['example_task_group_decorator']) retrieved from /home/airflow/.local/lib/python3.7/site-packages/airflow/example_dags/example_task_group_decorator.py
[2025-03-16T08:34:40.250+0000] {logging_mixin.py:120} INFO - [2025-03-16T08:34:40.249+0000] {dag.py:2585} INFO - Sync 1 DAGs
[2025-03-16T08:34:40.346+0000] {logging_mixin.py:120} INFO - [2025-03-16T08:34:40.346+0000] {dag.py:3340} INFO - Setting next_dagrun for example_task_group_decorator to 2025-03-15T08:34:40.346233+00:00, run_after=2025-03-16T08:34:40.346233+00:00
[2025-03-16T08:34:40.411+0000] {processor.py:176} INFO - Processing /home/airflow/.local/lib/python3.7/site-packages/airflow/example_dags/example_task_group_decorator.py took 0.425 seconds
[2025-03-16T08:35:10.789+0000] {processor.py:154} INFO - Started process (PID=444) to work on /home/airflow/.local/lib/python3.7/site-packages/airflow/example_dags/example_task_group_decorator.py
[2025-03-16T08:35:10.791+0000] {processor.py:756} INFO - Processing file /home/airflow/.local/lib/python3.7/site-packages/airflow/example_dags/example_task_group_decorator.py for tasks to queue
[2025-03-16T08:35:10.792+0000] {logging_mixin.py:120} INFO - [2025-03-16T08:35:10.792+0000] {dagbag.py:537} INFO - Filling up the DagBag from /home/airflow/.local/lib/python3.7/site-packages/airflow/example_dags/example_task_group_decorator.py
[2025-03-16T08:35:10.843+0000] {processor.py:766} INFO - DAG(s) dict_keys(['example_task_group_decorator']) retrieved from /home/airflow/.local/lib/python3.7/site-packages/airflow/example_dags/example_task_group_decorator.py
[2025-03-16T08:35:10.916+0000] {logging_mixin.py:120} INFO - [2025-03-16T08:35:10.916+0000] {dag.py:2585} INFO - Sync 1 DAGs
[2025-03-16T08:35:10.960+0000] {logging_mixin.py:120} INFO - [2025-03-16T08:35:10.960+0000] {dag.py:3340} INFO - Setting next_dagrun for example_task_group_decorator to 2025-03-15T08:35:10.960097+00:00, run_after=2025-03-16T08:35:10.960097+00:00
[2025-03-16T08:35:10.988+0000] {processor.py:176} INFO - Processing /home/airflow/.local/lib/python3.7/site-packages/airflow/example_dags/example_task_group_decorator.py took 0.205 seconds
[2025-03-16T08:35:41.292+0000] {processor.py:154} INFO - Started process (PID=498) to work on /home/airflow/.local/lib/python3.7/site-packages/airflow/example_dags/example_task_group_decorator.py
[2025-03-16T08:35:41.293+0000] {processor.py:756} INFO - Processing file /home/airflow/.local/lib/python3.7/site-packages/airflow/example_dags/example_task_group_decorator.py for tasks to queue
[2025-03-16T08:35:41.294+0000] {logging_mixin.py:120} INFO - [2025-03-16T08:35:41.294+0000] {dagbag.py:537} INFO - Filling up the DagBag from /home/airflow/.local/lib/python3.7/site-packages/airflow/example_dags/example_task_group_decorator.py
[2025-03-16T08:35:41.341+0000] {processor.py:766} INFO - DAG(s) dict_keys(['example_task_group_decorator']) retrieved from /home/airflow/.local/lib/python3.7/site-packages/airflow/example_dags/example_task_group_decorator.py
[2025-03-16T08:35:41.397+0000] {logging_mixin.py:120} INFO - [2025-03-16T08:35:41.397+0000] {dag.py:2585} INFO - Sync 1 DAGs
[2025-03-16T08:35:41.425+0000] {logging_mixin.py:120} INFO - [2025-03-16T08:35:41.425+0000] {dag.py:3340} INFO - Setting next_dagrun for example_task_group_decorator to 2025-03-15T08:35:41.425385+00:00, run_after=2025-03-16T08:35:41.425385+00:00
[2025-03-16T08:35:41.446+0000] {processor.py:176} INFO - Processing /home/airflow/.local/lib/python3.7/site-packages/airflow/example_dags/example_task_group_decorator.py took 0.159 seconds
[2025-03-16T08:36:12.331+0000] {processor.py:154} INFO - Started process (PID=561) to work on /home/airflow/.local/lib/python3.7/site-packages/airflow/example_dags/example_task_group_decorator.py
[2025-03-16T08:36:12.334+0000] {processor.py:756} INFO - Processing file /home/airflow/.local/lib/python3.7/site-packages/airflow/example_dags/example_task_group_decorator.py for tasks to queue
[2025-03-16T08:36:12.335+0000] {logging_mixin.py:120} INFO - [2025-03-16T08:36:12.335+0000] {dagbag.py:537} INFO - Filling up the DagBag from /home/airflow/.local/lib/python3.7/site-packages/airflow/example_dags/example_task_group_decorator.py
[2025-03-16T08:36:12.398+0000] {processor.py:766} INFO - DAG(s) dict_keys(['example_task_group_decorator']) retrieved from /home/airflow/.local/lib/python3.7/site-packages/airflow/example_dags/example_task_group_decorator.py
[2025-03-16T08:36:12.494+0000] {logging_mixin.py:120} INFO - [2025-03-16T08:36:12.493+0000] {dag.py:2585} INFO - Sync 1 DAGs
[2025-03-16T08:36:12.560+0000] {logging_mixin.py:120} INFO - [2025-03-16T08:36:12.559+0000] {dag.py:3340} INFO - Setting next_dagrun for example_task_group_decorator to 2025-03-15T08:36:12.559500+00:00, run_after=2025-03-16T08:36:12.559500+00:00
[2025-03-16T08:36:12.594+0000] {processor.py:176} INFO - Processing /home/airflow/.local/lib/python3.7/site-packages/airflow/example_dags/example_task_group_decorator.py took 0.267 seconds
[2025-03-16T08:36:43.104+0000] {processor.py:154} INFO - Started process (PID=615) to work on /home/airflow/.local/lib/python3.7/site-packages/airflow/example_dags/example_task_group_decorator.py
[2025-03-16T08:36:43.108+0000] {processor.py:756} INFO - Processing file /home/airflow/.local/lib/python3.7/site-packages/airflow/example_dags/example_task_group_decorator.py for tasks to queue
[2025-03-16T08:36:43.109+0000] {logging_mixin.py:120} INFO - [2025-03-16T08:36:43.108+0000] {dagbag.py:537} INFO - Filling up the DagBag from /home/airflow/.local/lib/python3.7/site-packages/airflow/example_dags/example_task_group_decorator.py
[2025-03-16T08:36:43.173+0000] {processor.py:766} INFO - DAG(s) dict_keys(['example_task_group_decorator']) retrieved from /home/airflow/.local/lib/python3.7/site-packages/airflow/example_dags/example_task_group_decorator.py
[2025-03-16T08:36:43.248+0000] {logging_mixin.py:120} INFO - [2025-03-16T08:36:43.248+0000] {dag.py:2585} INFO - Sync 1 DAGs
[2025-03-16T08:36:43.292+0000] {logging_mixin.py:120} INFO - [2025-03-16T08:36:43.292+0000] {dag.py:3340} INFO - Setting next_dagrun for example_task_group_decorator to 2025-03-15T08:36:43.291781+00:00, run_after=2025-03-16T08:36:43.291781+00:00
[2025-03-16T08:36:43.323+0000] {processor.py:176} INFO - Processing /home/airflow/.local/lib/python3.7/site-packages/airflow/example_dags/example_task_group_decorator.py took 0.228 seconds
[2025-03-16T08:37:13.690+0000] {processor.py:154} INFO - Started process (PID=677) to work on /home/airflow/.local/lib/python3.7/site-packages/airflow/example_dags/example_task_group_decorator.py
[2025-03-16T08:37:13.692+0000] {processor.py:756} INFO - Processing file /home/airflow/.local/lib/python3.7/site-packages/airflow/example_dags/example_task_group_decorator.py for tasks to queue
[2025-03-16T08:37:13.693+0000] {logging_mixin.py:120} INFO - [2025-03-16T08:37:13.693+0000] {dagbag.py:537} INFO - Filling up the DagBag from /home/airflow/.local/lib/python3.7/site-packages/airflow/example_dags/example_task_group_decorator.py
[2025-03-16T08:37:13.757+0000] {processor.py:766} INFO - DAG(s) dict_keys(['example_task_group_decorator']) retrieved from /home/airflow/.local/lib/python3.7/site-packages/airflow/example_dags/example_task_group_decorator.py
[2025-03-16T08:37:13.836+0000] {logging_mixin.py:120} INFO - [2025-03-16T08:37:13.836+0000] {dag.py:2585} INFO - Sync 1 DAGs
[2025-03-16T08:37:13.889+0000] {logging_mixin.py:120} INFO - [2025-03-16T08:37:13.889+0000] {dag.py:3340} INFO - Setting next_dagrun for example_task_group_decorator to 2025-03-15T08:37:13.888932+00:00, run_after=2025-03-16T08:37:13.888932+00:00
[2025-03-16T08:37:13.921+0000] {processor.py:176} INFO - Processing /home/airflow/.local/lib/python3.7/site-packages/airflow/example_dags/example_task_group_decorator.py took 0.237 seconds
[2025-03-16T08:37:44.654+0000] {processor.py:154} INFO - Started process (PID=731) to work on /home/airflow/.local/lib/python3.7/site-packages/airflow/example_dags/example_task_group_decorator.py
[2025-03-16T08:37:44.656+0000] {processor.py:756} INFO - Processing file /home/airflow/.local/lib/python3.7/site-packages/airflow/example_dags/example_task_group_decorator.py for tasks to queue
[2025-03-16T08:37:44.657+0000] {logging_mixin.py:120} INFO - [2025-03-16T08:37:44.656+0000] {dagbag.py:537} INFO - Filling up the DagBag from /home/airflow/.local/lib/python3.7/site-packages/airflow/example_dags/example_task_group_decorator.py
[2025-03-16T08:37:44.712+0000] {processor.py:766} INFO - DAG(s) dict_keys(['example_task_group_decorator']) retrieved from /home/airflow/.local/lib/python3.7/site-packages/airflow/example_dags/example_task_group_decorator.py
[2025-03-16T08:37:44.809+0000] {logging_mixin.py:120} INFO - [2025-03-16T08:37:44.809+0000] {dag.py:2585} INFO - Sync 1 DAGs
[2025-03-16T08:37:44.860+0000] {logging_mixin.py:120} INFO - [2025-03-16T08:37:44.860+0000] {dag.py:3340} INFO - Setting next_dagrun for example_task_group_decorator to 2025-03-15T08:37:44.860026+00:00, run_after=2025-03-16T08:37:44.860026+00:00
[2025-03-16T08:37:44.892+0000] {processor.py:176} INFO - Processing /home/airflow/.local/lib/python3.7/site-packages/airflow/example_dags/example_task_group_decorator.py took 0.243 seconds
[2025-03-16T08:38:15.111+0000] {processor.py:154} INFO - Started process (PID=795) to work on /home/airflow/.local/lib/python3.7/site-packages/airflow/example_dags/example_task_group_decorator.py
[2025-03-16T08:38:15.113+0000] {processor.py:756} INFO - Processing file /home/airflow/.local/lib/python3.7/site-packages/airflow/example_dags/example_task_group_decorator.py for tasks to queue
[2025-03-16T08:38:15.113+0000] {logging_mixin.py:120} INFO - [2025-03-16T08:38:15.113+0000] {dagbag.py:537} INFO - Filling up the DagBag from /home/airflow/.local/lib/python3.7/site-packages/airflow/example_dags/example_task_group_decorator.py
[2025-03-16T08:38:15.152+0000] {processor.py:766} INFO - DAG(s) dict_keys(['example_task_group_decorator']) retrieved from /home/airflow/.local/lib/python3.7/site-packages/airflow/example_dags/example_task_group_decorator.py
[2025-03-16T08:38:15.204+0000] {logging_mixin.py:120} INFO - [2025-03-16T08:38:15.204+0000] {dag.py:2585} INFO - Sync 1 DAGs
[2025-03-16T08:38:15.235+0000] {logging_mixin.py:120} INFO - [2025-03-16T08:38:15.234+0000] {dag.py:3340} INFO - Setting next_dagrun for example_task_group_decorator to 2025-03-15T08:38:15.234530+00:00, run_after=2025-03-16T08:38:15.234530+00:00
[2025-03-16T08:38:15.260+0000] {processor.py:176} INFO - Processing /home/airflow/.local/lib/python3.7/site-packages/airflow/example_dags/example_task_group_decorator.py took 0.153 seconds
[2025-03-16T08:38:45.599+0000] {processor.py:154} INFO - Started process (PID=849) to work on /home/airflow/.local/lib/python3.7/site-packages/airflow/example_dags/example_task_group_decorator.py
[2025-03-16T08:38:45.600+0000] {processor.py:756} INFO - Processing file /home/airflow/.local/lib/python3.7/site-packages/airflow/example_dags/example_task_group_decorator.py for tasks to queue
[2025-03-16T08:38:45.601+0000] {logging_mixin.py:120} INFO - [2025-03-16T08:38:45.601+0000] {dagbag.py:537} INFO - Filling up the DagBag from /home/airflow/.local/lib/python3.7/site-packages/airflow/example_dags/example_task_group_decorator.py
[2025-03-16T08:38:45.643+0000] {processor.py:766} INFO - DAG(s) dict_keys(['example_task_group_decorator']) retrieved from /home/airflow/.local/lib/python3.7/site-packages/airflow/example_dags/example_task_group_decorator.py
[2025-03-16T08:38:45.692+0000] {logging_mixin.py:120} INFO - [2025-03-16T08:38:45.692+0000] {dag.py:2585} INFO - Sync 1 DAGs
[2025-03-16T08:38:45.722+0000] {logging_mixin.py:120} INFO - [2025-03-16T08:38:45.721+0000] {dag.py:3340} INFO - Setting next_dagrun for example_task_group_decorator to 2025-03-15T08:38:45.721745+00:00, run_after=2025-03-16T08:38:45.721745+00:00
[2025-03-16T08:38:45.754+0000] {processor.py:176} INFO - Processing /home/airflow/.local/lib/python3.7/site-packages/airflow/example_dags/example_task_group_decorator.py took 0.159 seconds
[2025-03-16T08:39:16.377+0000] {processor.py:154} INFO - Started process (PID=912) to work on /home/airflow/.local/lib/python3.7/site-packages/airflow/example_dags/example_task_group_decorator.py
[2025-03-16T08:39:16.379+0000] {processor.py:756} INFO - Processing file /home/airflow/.local/lib/python3.7/site-packages/airflow/example_dags/example_task_group_decorator.py for tasks to queue
[2025-03-16T08:39:16.380+0000] {logging_mixin.py:120} INFO - [2025-03-16T08:39:16.380+0000] {dagbag.py:537} INFO - Filling up the DagBag from /home/airflow/.local/lib/python3.7/site-packages/airflow/example_dags/example_task_group_decorator.py
[2025-03-16T08:39:16.473+0000] {processor.py:766} INFO - DAG(s) dict_keys(['example_task_group_decorator']) retrieved from /home/airflow/.local/lib/python3.7/site-packages/airflow/example_dags/example_task_group_decorator.py
[2025-03-16T08:39:16.584+0000] {logging_mixin.py:120} INFO - [2025-03-16T08:39:16.584+0000] {dag.py:2585} INFO - Sync 1 DAGs
[2025-03-16T08:39:16.667+0000] {logging_mixin.py:120} INFO - [2025-03-16T08:39:16.667+0000] {dag.py:3340} INFO - Setting next_dagrun for example_task_group_decorator to 2025-03-15T08:39:16.667036+00:00, run_after=2025-03-16T08:39:16.667036+00:00
[2025-03-16T08:39:16.735+0000] {processor.py:176} INFO - Processing /home/airflow/.local/lib/python3.7/site-packages/airflow/example_dags/example_task_group_decorator.py took 0.373 seconds
[2025-03-16T08:39:46.914+0000] {processor.py:154} INFO - Started process (PID=966) to work on /home/airflow/.local/lib/python3.7/site-packages/airflow/example_dags/example_task_group_decorator.py
[2025-03-16T08:39:46.916+0000] {processor.py:756} INFO - Processing file /home/airflow/.local/lib/python3.7/site-packages/airflow/example_dags/example_task_group_decorator.py for tasks to queue
[2025-03-16T08:39:46.917+0000] {logging_mixin.py:120} INFO - [2025-03-16T08:39:46.917+0000] {dagbag.py:537} INFO - Filling up the DagBag from /home/airflow/.local/lib/python3.7/site-packages/airflow/example_dags/example_task_group_decorator.py
[2025-03-16T08:39:46.969+0000] {processor.py:766} INFO - DAG(s) dict_keys(['example_task_group_decorator']) retrieved from /home/airflow/.local/lib/python3.7/site-packages/airflow/example_dags/example_task_group_decorator.py
[2025-03-16T08:39:47.045+0000] {logging_mixin.py:120} INFO - [2025-03-16T08:39:47.045+0000] {dag.py:2585} INFO - Sync 1 DAGs
[2025-03-16T08:39:47.102+0000] {logging_mixin.py:120} INFO - [2025-03-16T08:39:47.101+0000] {dag.py:3340} INFO - Setting next_dagrun for example_task_group_decorator to 2025-03-15T08:39:47.101626+00:00, run_after=2025-03-16T08:39:47.101626+00:00
[2025-03-16T08:39:47.136+0000] {processor.py:176} INFO - Processing /home/airflow/.local/lib/python3.7/site-packages/airflow/example_dags/example_task_group_decorator.py took 0.227 seconds
[2025-03-16T08:40:17.390+0000] {processor.py:154} INFO - Started process (PID=1029) to work on /home/airflow/.local/lib/python3.7/site-packages/airflow/example_dags/example_task_group_decorator.py
[2025-03-16T08:40:17.394+0000] {processor.py:756} INFO - Processing file /home/airflow/.local/lib/python3.7/site-packages/airflow/example_dags/example_task_group_decorator.py for tasks to queue
[2025-03-16T08:40:17.395+0000] {logging_mixin.py:120} INFO - [2025-03-16T08:40:17.395+0000] {dagbag.py:537} INFO - Filling up the DagBag from /home/airflow/.local/lib/python3.7/site-packages/airflow/example_dags/example_task_group_decorator.py
[2025-03-16T08:40:17.506+0000] {processor.py:766} INFO - DAG(s) dict_keys(['example_task_group_decorator']) retrieved from /home/airflow/.local/lib/python3.7/site-packages/airflow/example_dags/example_task_group_decorator.py
[2025-03-16T08:40:17.594+0000] {logging_mixin.py:120} INFO - [2025-03-16T08:40:17.594+0000] {dag.py:2585} INFO - Sync 1 DAGs
[2025-03-16T08:40:17.666+0000] {logging_mixin.py:120} INFO - [2025-03-16T08:40:17.666+0000] {dag.py:3340} INFO - Setting next_dagrun for example_task_group_decorator to 2025-03-15T08:40:17.665929+00:00, run_after=2025-03-16T08:40:17.665929+00:00
[2025-03-16T08:40:17.744+0000] {processor.py:176} INFO - Processing /home/airflow/.local/lib/python3.7/site-packages/airflow/example_dags/example_task_group_decorator.py took 0.369 seconds
[2025-03-16T08:40:47.992+0000] {processor.py:154} INFO - Started process (PID=1083) to work on /home/airflow/.local/lib/python3.7/site-packages/airflow/example_dags/example_task_group_decorator.py
[2025-03-16T08:40:47.993+0000] {processor.py:756} INFO - Processing file /home/airflow/.local/lib/python3.7/site-packages/airflow/example_dags/example_task_group_decorator.py for tasks to queue
[2025-03-16T08:40:47.994+0000] {logging_mixin.py:120} INFO - [2025-03-16T08:40:47.994+0000] {dagbag.py:537} INFO - Filling up the DagBag from /home/airflow/.local/lib/python3.7/site-packages/airflow/example_dags/example_task_group_decorator.py
[2025-03-16T08:40:48.043+0000] {processor.py:766} INFO - DAG(s) dict_keys(['example_task_group_decorator']) retrieved from /home/airflow/.local/lib/python3.7/site-packages/airflow/example_dags/example_task_group_decorator.py
[2025-03-16T08:40:48.112+0000] {logging_mixin.py:120} INFO - [2025-03-16T08:40:48.112+0000] {dag.py:2585} INFO - Sync 1 DAGs
[2025-03-16T08:40:48.156+0000] {logging_mixin.py:120} INFO - [2025-03-16T08:40:48.156+0000] {dag.py:3340} INFO - Setting next_dagrun for example_task_group_decorator to 2025-03-15T08:40:48.156346+00:00, run_after=2025-03-16T08:40:48.156346+00:00
[2025-03-16T08:40:48.186+0000] {processor.py:176} INFO - Processing /home/airflow/.local/lib/python3.7/site-packages/airflow/example_dags/example_task_group_decorator.py took 0.200 seconds
[2025-03-16T08:41:19.581+0000] {processor.py:154} INFO - Started process (PID=1146) to work on /home/airflow/.local/lib/python3.7/site-packages/airflow/example_dags/example_task_group_decorator.py
[2025-03-16T08:41:19.584+0000] {processor.py:756} INFO - Processing file /home/airflow/.local/lib/python3.7/site-packages/airflow/example_dags/example_task_group_decorator.py for tasks to queue
[2025-03-16T08:41:19.585+0000] {logging_mixin.py:120} INFO - [2025-03-16T08:41:19.585+0000] {dagbag.py:537} INFO - Filling up the DagBag from /home/airflow/.local/lib/python3.7/site-packages/airflow/example_dags/example_task_group_decorator.py
[2025-03-16T08:41:19.668+0000] {processor.py:766} INFO - DAG(s) dict_keys(['example_task_group_decorator']) retrieved from /home/airflow/.local/lib/python3.7/site-packages/airflow/example_dags/example_task_group_decorator.py
[2025-03-16T08:41:19.746+0000] {logging_mixin.py:120} INFO - [2025-03-16T08:41:19.745+0000] {dag.py:2585} INFO - Sync 1 DAGs
[2025-03-16T08:41:19.805+0000] {logging_mixin.py:120} INFO - [2025-03-16T08:41:19.805+0000] {dag.py:3340} INFO - Setting next_dagrun for example_task_group_decorator to 2025-03-15T08:41:19.805402+00:00, run_after=2025-03-16T08:41:19.805402+00:00
[2025-03-16T08:41:19.851+0000] {processor.py:176} INFO - Processing /home/airflow/.local/lib/python3.7/site-packages/airflow/example_dags/example_task_group_decorator.py took 0.283 seconds
[2025-03-16T08:41:50.326+0000] {processor.py:154} INFO - Started process (PID=1200) to work on /home/airflow/.local/lib/python3.7/site-packages/airflow/example_dags/example_task_group_decorator.py
[2025-03-16T08:41:50.327+0000] {processor.py:756} INFO - Processing file /home/airflow/.local/lib/python3.7/site-packages/airflow/example_dags/example_task_group_decorator.py for tasks to queue
[2025-03-16T08:41:50.328+0000] {logging_mixin.py:120} INFO - [2025-03-16T08:41:50.328+0000] {dagbag.py:537} INFO - Filling up the DagBag from /home/airflow/.local/lib/python3.7/site-packages/airflow/example_dags/example_task_group_decorator.py
[2025-03-16T08:41:50.369+0000] {processor.py:766} INFO - DAG(s) dict_keys(['example_task_group_decorator']) retrieved from /home/airflow/.local/lib/python3.7/site-packages/airflow/example_dags/example_task_group_decorator.py
[2025-03-16T08:41:50.432+0000] {logging_mixin.py:120} INFO - [2025-03-16T08:41:50.432+0000] {dag.py:2585} INFO - Sync 1 DAGs
[2025-03-16T08:41:50.466+0000] {logging_mixin.py:120} INFO - [2025-03-16T08:41:50.465+0000] {dag.py:3340} INFO - Setting next_dagrun for example_task_group_decorator to 2025-03-15T08:41:50.464628+00:00, run_after=2025-03-16T08:41:50.464628+00:00
[2025-03-16T08:41:50.491+0000] {processor.py:176} INFO - Processing /home/airflow/.local/lib/python3.7/site-packages/airflow/example_dags/example_task_group_decorator.py took 0.170 seconds
[2025-03-16T08:42:21.543+0000] {processor.py:154} INFO - Started process (PID=1263) to work on /home/airflow/.local/lib/python3.7/site-packages/airflow/example_dags/example_task_group_decorator.py
[2025-03-16T08:42:21.546+0000] {processor.py:756} INFO - Processing file /home/airflow/.local/lib/python3.7/site-packages/airflow/example_dags/example_task_group_decorator.py for tasks to queue
[2025-03-16T08:42:21.547+0000] {logging_mixin.py:120} INFO - [2025-03-16T08:42:21.547+0000] {dagbag.py:537} INFO - Filling up the DagBag from /home/airflow/.local/lib/python3.7/site-packages/airflow/example_dags/example_task_group_decorator.py
[2025-03-16T08:42:21.650+0000] {processor.py:766} INFO - DAG(s) dict_keys(['example_task_group_decorator']) retrieved from /home/airflow/.local/lib/python3.7/site-packages/airflow/example_dags/example_task_group_decorator.py
[2025-03-16T08:42:21.732+0000] {logging_mixin.py:120} INFO - [2025-03-16T08:42:21.731+0000] {dag.py:2585} INFO - Sync 1 DAGs
[2025-03-16T08:42:21.788+0000] {logging_mixin.py:120} INFO - [2025-03-16T08:42:21.788+0000] {dag.py:3340} INFO - Setting next_dagrun for example_task_group_decorator to 2025-03-15T08:42:21.788170+00:00, run_after=2025-03-16T08:42:21.788170+00:00
[2025-03-16T08:42:21.848+0000] {processor.py:176} INFO - Processing /home/airflow/.local/lib/python3.7/site-packages/airflow/example_dags/example_task_group_decorator.py took 0.319 seconds
[2025-03-16T08:42:51.942+0000] {processor.py:154} INFO - Started process (PID=1317) to work on /home/airflow/.local/lib/python3.7/site-packages/airflow/example_dags/example_task_group_decorator.py
[2025-03-16T08:42:51.944+0000] {processor.py:756} INFO - Processing file /home/airflow/.local/lib/python3.7/site-packages/airflow/example_dags/example_task_group_decorator.py for tasks to queue
[2025-03-16T08:42:51.945+0000] {logging_mixin.py:120} INFO - [2025-03-16T08:42:51.944+0000] {dagbag.py:537} INFO - Filling up the DagBag from /home/airflow/.local/lib/python3.7/site-packages/airflow/example_dags/example_task_group_decorator.py
[2025-03-16T08:42:52.008+0000] {processor.py:766} INFO - DAG(s) dict_keys(['example_task_group_decorator']) retrieved from /home/airflow/.local/lib/python3.7/site-packages/airflow/example_dags/example_task_group_decorator.py
[2025-03-16T08:42:52.090+0000] {logging_mixin.py:120} INFO - [2025-03-16T08:42:52.090+0000] {dag.py:2585} INFO - Sync 1 DAGs
[2025-03-16T08:42:52.148+0000] {logging_mixin.py:120} INFO - [2025-03-16T08:42:52.147+0000] {dag.py:3340} INFO - Setting next_dagrun for example_task_group_decorator to 2025-03-15T08:42:52.147439+00:00, run_after=2025-03-16T08:42:52.147439+00:00
[2025-03-16T08:42:52.195+0000] {processor.py:176} INFO - Processing /home/airflow/.local/lib/python3.7/site-packages/airflow/example_dags/example_task_group_decorator.py took 0.260 seconds
[2025-03-16T08:43:23.617+0000] {processor.py:154} INFO - Started process (PID=1380) to work on /home/airflow/.local/lib/python3.7/site-packages/airflow/example_dags/example_task_group_decorator.py
[2025-03-16T08:43:23.620+0000] {processor.py:756} INFO - Processing file /home/airflow/.local/lib/python3.7/site-packages/airflow/example_dags/example_task_group_decorator.py for tasks to queue
[2025-03-16T08:43:23.624+0000] {logging_mixin.py:120} INFO - [2025-03-16T08:43:23.624+0000] {dagbag.py:537} INFO - Filling up the DagBag from /home/airflow/.local/lib/python3.7/site-packages/airflow/example_dags/example_task_group_decorator.py
[2025-03-16T08:43:23.703+0000] {processor.py:766} INFO - DAG(s) dict_keys(['example_task_group_decorator']) retrieved from /home/airflow/.local/lib/python3.7/site-packages/airflow/example_dags/example_task_group_decorator.py
[2025-03-16T08:43:23.814+0000] {logging_mixin.py:120} INFO - [2025-03-16T08:43:23.814+0000] {dag.py:2585} INFO - Sync 1 DAGs
[2025-03-16T08:43:23.945+0000] {logging_mixin.py:120} INFO - [2025-03-16T08:43:23.945+0000] {dag.py:3340} INFO - Setting next_dagrun for example_task_group_decorator to 2025-03-15T08:43:23.944699+00:00, run_after=2025-03-16T08:43:23.944699+00:00
[2025-03-16T08:43:24.036+0000] {processor.py:176} INFO - Processing /home/airflow/.local/lib/python3.7/site-packages/airflow/example_dags/example_task_group_decorator.py took 0.431 seconds
[2025-03-16T08:43:54.607+0000] {processor.py:154} INFO - Started process (PID=1434) to work on /home/airflow/.local/lib/python3.7/site-packages/airflow/example_dags/example_task_group_decorator.py
[2025-03-16T08:43:54.608+0000] {processor.py:756} INFO - Processing file /home/airflow/.local/lib/python3.7/site-packages/airflow/example_dags/example_task_group_decorator.py for tasks to queue
[2025-03-16T08:43:54.609+0000] {logging_mixin.py:120} INFO - [2025-03-16T08:43:54.609+0000] {dagbag.py:537} INFO - Filling up the DagBag from /home/airflow/.local/lib/python3.7/site-packages/airflow/example_dags/example_task_group_decorator.py
[2025-03-16T08:43:54.680+0000] {processor.py:766} INFO - DAG(s) dict_keys(['example_task_group_decorator']) retrieved from /home/airflow/.local/lib/python3.7/site-packages/airflow/example_dags/example_task_group_decorator.py
[2025-03-16T08:43:54.767+0000] {logging_mixin.py:120} INFO - [2025-03-16T08:43:54.767+0000] {dag.py:2585} INFO - Sync 1 DAGs
[2025-03-16T08:43:54.842+0000] {logging_mixin.py:120} INFO - [2025-03-16T08:43:54.842+0000] {dag.py:3340} INFO - Setting next_dagrun for example_task_group_decorator to 2025-03-15T08:43:54.841675+00:00, run_after=2025-03-16T08:43:54.841675+00:00
[2025-03-16T08:43:54.885+0000] {processor.py:176} INFO - Processing /home/airflow/.local/lib/python3.7/site-packages/airflow/example_dags/example_task_group_decorator.py took 0.289 seconds
[2025-03-16T08:44:25.155+0000] {processor.py:154} INFO - Started process (PID=1498) to work on /home/airflow/.local/lib/python3.7/site-packages/airflow/example_dags/example_task_group_decorator.py
[2025-03-16T08:44:25.157+0000] {processor.py:756} INFO - Processing file /home/airflow/.local/lib/python3.7/site-packages/airflow/example_dags/example_task_group_decorator.py for tasks to queue
[2025-03-16T08:44:25.159+0000] {logging_mixin.py:120} INFO - [2025-03-16T08:44:25.158+0000] {dagbag.py:537} INFO - Filling up the DagBag from /home/airflow/.local/lib/python3.7/site-packages/airflow/example_dags/example_task_group_decorator.py
[2025-03-16T08:44:25.214+0000] {processor.py:766} INFO - DAG(s) dict_keys(['example_task_group_decorator']) retrieved from /home/airflow/.local/lib/python3.7/site-packages/airflow/example_dags/example_task_group_decorator.py
[2025-03-16T08:44:25.295+0000] {logging_mixin.py:120} INFO - [2025-03-16T08:44:25.294+0000] {dag.py:2585} INFO - Sync 1 DAGs
[2025-03-16T08:44:25.345+0000] {logging_mixin.py:120} INFO - [2025-03-16T08:44:25.345+0000] {dag.py:3340} INFO - Setting next_dagrun for example_task_group_decorator to 2025-03-15T08:44:25.344625+00:00, run_after=2025-03-16T08:44:25.344625+00:00
[2025-03-16T08:44:25.381+0000] {processor.py:176} INFO - Processing /home/airflow/.local/lib/python3.7/site-packages/airflow/example_dags/example_task_group_decorator.py took 0.234 seconds
[2025-03-16T08:44:55.949+0000] {processor.py:154} INFO - Started process (PID=1552) to work on /home/airflow/.local/lib/python3.7/site-packages/airflow/example_dags/example_task_group_decorator.py
[2025-03-16T08:44:55.951+0000] {processor.py:756} INFO - Processing file /home/airflow/.local/lib/python3.7/site-packages/airflow/example_dags/example_task_group_decorator.py for tasks to queue
[2025-03-16T08:44:55.952+0000] {logging_mixin.py:120} INFO - [2025-03-16T08:44:55.952+0000] {dagbag.py:537} INFO - Filling up the DagBag from /home/airflow/.local/lib/python3.7/site-packages/airflow/example_dags/example_task_group_decorator.py
[2025-03-16T08:44:56.003+0000] {processor.py:766} INFO - DAG(s) dict_keys(['example_task_group_decorator']) retrieved from /home/airflow/.local/lib/python3.7/site-packages/airflow/example_dags/example_task_group_decorator.py
[2025-03-16T08:44:56.080+0000] {logging_mixin.py:120} INFO - [2025-03-16T08:44:56.080+0000] {dag.py:2585} INFO - Sync 1 DAGs
[2025-03-16T08:44:56.132+0000] {logging_mixin.py:120} INFO - [2025-03-16T08:44:56.131+0000] {dag.py:3340} INFO - Setting next_dagrun for example_task_group_decorator to 2025-03-15T08:44:56.131609+00:00, run_after=2025-03-16T08:44:56.131609+00:00
[2025-03-16T08:44:56.169+0000] {processor.py:176} INFO - Processing /home/airflow/.local/lib/python3.7/site-packages/airflow/example_dags/example_task_group_decorator.py took 0.226 seconds
[2025-03-16T08:45:26.689+0000] {processor.py:154} INFO - Started process (PID=1615) to work on /home/airflow/.local/lib/python3.7/site-packages/airflow/example_dags/example_task_group_decorator.py
[2025-03-16T08:45:26.691+0000] {processor.py:756} INFO - Processing file /home/airflow/.local/lib/python3.7/site-packages/airflow/example_dags/example_task_group_decorator.py for tasks to queue
[2025-03-16T08:45:26.692+0000] {logging_mixin.py:120} INFO - [2025-03-16T08:45:26.692+0000] {dagbag.py:537} INFO - Filling up the DagBag from /home/airflow/.local/lib/python3.7/site-packages/airflow/example_dags/example_task_group_decorator.py
[2025-03-16T08:45:26.749+0000] {processor.py:766} INFO - DAG(s) dict_keys(['example_task_group_decorator']) retrieved from /home/airflow/.local/lib/python3.7/site-packages/airflow/example_dags/example_task_group_decorator.py
[2025-03-16T08:45:26.923+0000] {logging_mixin.py:120} INFO - [2025-03-16T08:45:26.922+0000] {dag.py:2585} INFO - Sync 1 DAGs
[2025-03-16T08:45:27.043+0000] {logging_mixin.py:120} INFO - [2025-03-16T08:45:27.042+0000] {dag.py:3340} INFO - Setting next_dagrun for example_task_group_decorator to 2025-03-15T08:45:27.042180+00:00, run_after=2025-03-16T08:45:27.042180+00:00
[2025-03-16T08:45:27.154+0000] {processor.py:176} INFO - Processing /home/airflow/.local/lib/python3.7/site-packages/airflow/example_dags/example_task_group_decorator.py took 0.471 seconds
[2025-03-16T08:45:57.459+0000] {processor.py:154} INFO - Started process (PID=1669) to work on /home/airflow/.local/lib/python3.7/site-packages/airflow/example_dags/example_task_group_decorator.py
[2025-03-16T08:45:57.460+0000] {processor.py:756} INFO - Processing file /home/airflow/.local/lib/python3.7/site-packages/airflow/example_dags/example_task_group_decorator.py for tasks to queue
[2025-03-16T08:45:57.461+0000] {logging_mixin.py:120} INFO - [2025-03-16T08:45:57.461+0000] {dagbag.py:537} INFO - Filling up the DagBag from /home/airflow/.local/lib/python3.7/site-packages/airflow/example_dags/example_task_group_decorator.py
[2025-03-16T08:45:57.500+0000] {processor.py:766} INFO - DAG(s) dict_keys(['example_task_group_decorator']) retrieved from /home/airflow/.local/lib/python3.7/site-packages/airflow/example_dags/example_task_group_decorator.py
[2025-03-16T08:45:57.562+0000] {logging_mixin.py:120} INFO - [2025-03-16T08:45:57.562+0000] {dag.py:2585} INFO - Sync 1 DAGs
[2025-03-16T08:45:57.604+0000] {logging_mixin.py:120} INFO - [2025-03-16T08:45:57.604+0000] {dag.py:3340} INFO - Setting next_dagrun for example_task_group_decorator to 2025-03-15T08:45:57.603614+00:00, run_after=2025-03-16T08:45:57.603614+00:00
[2025-03-16T08:45:57.638+0000] {processor.py:176} INFO - Processing /home/airflow/.local/lib/python3.7/site-packages/airflow/example_dags/example_task_group_decorator.py took 0.185 seconds
[2025-03-16T08:46:27.885+0000] {processor.py:154} INFO - Started process (PID=1732) to work on /home/airflow/.local/lib/python3.7/site-packages/airflow/example_dags/example_task_group_decorator.py
[2025-03-16T08:46:27.889+0000] {processor.py:756} INFO - Processing file /home/airflow/.local/lib/python3.7/site-packages/airflow/example_dags/example_task_group_decorator.py for tasks to queue
[2025-03-16T08:46:27.890+0000] {logging_mixin.py:120} INFO - [2025-03-16T08:46:27.890+0000] {dagbag.py:537} INFO - Filling up the DagBag from /home/airflow/.local/lib/python3.7/site-packages/airflow/example_dags/example_task_group_decorator.py
[2025-03-16T08:46:28.059+0000] {processor.py:766} INFO - DAG(s) dict_keys(['example_task_group_decorator']) retrieved from /home/airflow/.local/lib/python3.7/site-packages/airflow/example_dags/example_task_group_decorator.py
[2025-03-16T08:46:28.208+0000] {logging_mixin.py:120} INFO - [2025-03-16T08:46:28.207+0000] {dag.py:2585} INFO - Sync 1 DAGs
[2025-03-16T08:46:28.300+0000] {logging_mixin.py:120} INFO - [2025-03-16T08:46:28.300+0000] {dag.py:3340} INFO - Setting next_dagrun for example_task_group_decorator to 2025-03-15T08:46:28.299907+00:00, run_after=2025-03-16T08:46:28.299907+00:00
[2025-03-16T08:46:28.364+0000] {processor.py:176} INFO - Processing /home/airflow/.local/lib/python3.7/site-packages/airflow/example_dags/example_task_group_decorator.py took 0.492 seconds
[2025-03-16T08:46:58.908+0000] {processor.py:154} INFO - Started process (PID=1786) to work on /home/airflow/.local/lib/python3.7/site-packages/airflow/example_dags/example_task_group_decorator.py
[2025-03-16T08:46:58.910+0000] {processor.py:756} INFO - Processing file /home/airflow/.local/lib/python3.7/site-packages/airflow/example_dags/example_task_group_decorator.py for tasks to queue
[2025-03-16T08:46:58.911+0000] {logging_mixin.py:120} INFO - [2025-03-16T08:46:58.911+0000] {dagbag.py:537} INFO - Filling up the DagBag from /home/airflow/.local/lib/python3.7/site-packages/airflow/example_dags/example_task_group_decorator.py
[2025-03-16T08:46:58.973+0000] {processor.py:766} INFO - DAG(s) dict_keys(['example_task_group_decorator']) retrieved from /home/airflow/.local/lib/python3.7/site-packages/airflow/example_dags/example_task_group_decorator.py
[2025-03-16T08:46:59.083+0000] {logging_mixin.py:120} INFO - [2025-03-16T08:46:59.083+0000] {dag.py:2585} INFO - Sync 1 DAGs
[2025-03-16T08:46:59.143+0000] {logging_mixin.py:120} INFO - [2025-03-16T08:46:59.142+0000] {dag.py:3340} INFO - Setting next_dagrun for example_task_group_decorator to 2025-03-15T08:46:59.142455+00:00, run_after=2025-03-16T08:46:59.142455+00:00
[2025-03-16T08:46:59.191+0000] {processor.py:176} INFO - Processing /home/airflow/.local/lib/python3.7/site-packages/airflow/example_dags/example_task_group_decorator.py took 0.288 seconds
[2025-03-16T08:47:29.837+0000] {processor.py:154} INFO - Started process (PID=1849) to work on /home/airflow/.local/lib/python3.7/site-packages/airflow/example_dags/example_task_group_decorator.py
[2025-03-16T08:47:29.839+0000] {processor.py:756} INFO - Processing file /home/airflow/.local/lib/python3.7/site-packages/airflow/example_dags/example_task_group_decorator.py for tasks to queue
[2025-03-16T08:47:29.840+0000] {logging_mixin.py:120} INFO - [2025-03-16T08:47:29.840+0000] {dagbag.py:537} INFO - Filling up the DagBag from /home/airflow/.local/lib/python3.7/site-packages/airflow/example_dags/example_task_group_decorator.py
[2025-03-16T08:47:29.970+0000] {processor.py:766} INFO - DAG(s) dict_keys(['example_task_group_decorator']) retrieved from /home/airflow/.local/lib/python3.7/site-packages/airflow/example_dags/example_task_group_decorator.py
[2025-03-16T08:47:30.146+0000] {logging_mixin.py:120} INFO - [2025-03-16T08:47:30.145+0000] {dag.py:2585} INFO - Sync 1 DAGs
[2025-03-16T08:47:30.249+0000] {logging_mixin.py:120} INFO - [2025-03-16T08:47:30.249+0000] {dag.py:3340} INFO - Setting next_dagrun for example_task_group_decorator to 2025-03-15T08:47:30.248773+00:00, run_after=2025-03-16T08:47:30.248773+00:00
[2025-03-16T08:47:30.306+0000] {processor.py:176} INFO - Processing /home/airflow/.local/lib/python3.7/site-packages/airflow/example_dags/example_task_group_decorator.py took 0.492 seconds
[2025-03-16T08:48:01.048+0000] {processor.py:154} INFO - Started process (PID=1903) to work on /home/airflow/.local/lib/python3.7/site-packages/airflow/example_dags/example_task_group_decorator.py
[2025-03-16T08:48:01.052+0000] {processor.py:756} INFO - Processing file /home/airflow/.local/lib/python3.7/site-packages/airflow/example_dags/example_task_group_decorator.py for tasks to queue
[2025-03-16T08:48:01.053+0000] {logging_mixin.py:120} INFO - [2025-03-16T08:48:01.053+0000] {dagbag.py:537} INFO - Filling up the DagBag from /home/airflow/.local/lib/python3.7/site-packages/airflow/example_dags/example_task_group_decorator.py
[2025-03-16T08:48:01.126+0000] {processor.py:766} INFO - DAG(s) dict_keys(['example_task_group_decorator']) retrieved from /home/airflow/.local/lib/python3.7/site-packages/airflow/example_dags/example_task_group_decorator.py
[2025-03-16T08:48:01.257+0000] {logging_mixin.py:120} INFO - [2025-03-16T08:48:01.257+0000] {dag.py:2585} INFO - Sync 1 DAGs
[2025-03-16T08:48:01.322+0000] {logging_mixin.py:120} INFO - [2025-03-16T08:48:01.321+0000] {dag.py:3340} INFO - Setting next_dagrun for example_task_group_decorator to 2025-03-15T08:48:01.321472+00:00, run_after=2025-03-16T08:48:01.321472+00:00
[2025-03-16T08:48:01.378+0000] {processor.py:176} INFO - Processing /home/airflow/.local/lib/python3.7/site-packages/airflow/example_dags/example_task_group_decorator.py took 0.337 seconds
[2025-03-16T08:48:31.670+0000] {processor.py:154} INFO - Started process (PID=1965) to work on /home/airflow/.local/lib/python3.7/site-packages/airflow/example_dags/example_task_group_decorator.py
[2025-03-16T08:48:31.674+0000] {processor.py:756} INFO - Processing file /home/airflow/.local/lib/python3.7/site-packages/airflow/example_dags/example_task_group_decorator.py for tasks to queue
[2025-03-16T08:48:31.675+0000] {logging_mixin.py:120} INFO - [2025-03-16T08:48:31.675+0000] {dagbag.py:537} INFO - Filling up the DagBag from /home/airflow/.local/lib/python3.7/site-packages/airflow/example_dags/example_task_group_decorator.py
[2025-03-16T08:48:31.796+0000] {processor.py:766} INFO - DAG(s) dict_keys(['example_task_group_decorator']) retrieved from /home/airflow/.local/lib/python3.7/site-packages/airflow/example_dags/example_task_group_decorator.py
[2025-03-16T08:48:31.980+0000] {logging_mixin.py:120} INFO - [2025-03-16T08:48:31.979+0000] {dag.py:2585} INFO - Sync 1 DAGs
[2025-03-16T08:48:32.095+0000] {logging_mixin.py:120} INFO - [2025-03-16T08:48:32.095+0000] {dag.py:3340} INFO - Setting next_dagrun for example_task_group_decorator to 2025-03-15T08:48:32.094954+00:00, run_after=2025-03-16T08:48:32.094954+00:00
[2025-03-16T08:48:32.213+0000] {processor.py:176} INFO - Processing /home/airflow/.local/lib/python3.7/site-packages/airflow/example_dags/example_task_group_decorator.py took 0.557 seconds
[2025-03-16T08:49:02.384+0000] {processor.py:154} INFO - Started process (PID=2020) to work on /home/airflow/.local/lib/python3.7/site-packages/airflow/example_dags/example_task_group_decorator.py
[2025-03-16T08:49:02.386+0000] {processor.py:756} INFO - Processing file /home/airflow/.local/lib/python3.7/site-packages/airflow/example_dags/example_task_group_decorator.py for tasks to queue
[2025-03-16T08:49:02.387+0000] {logging_mixin.py:120} INFO - [2025-03-16T08:49:02.387+0000] {dagbag.py:537} INFO - Filling up the DagBag from /home/airflow/.local/lib/python3.7/site-packages/airflow/example_dags/example_task_group_decorator.py
[2025-03-16T08:49:02.427+0000] {processor.py:766} INFO - DAG(s) dict_keys(['example_task_group_decorator']) retrieved from /home/airflow/.local/lib/python3.7/site-packages/airflow/example_dags/example_task_group_decorator.py
[2025-03-16T08:49:02.511+0000] {logging_mixin.py:120} INFO - [2025-03-16T08:49:02.510+0000] {dag.py:2585} INFO - Sync 1 DAGs
[2025-03-16T08:49:02.565+0000] {logging_mixin.py:120} INFO - [2025-03-16T08:49:02.565+0000] {dag.py:3340} INFO - Setting next_dagrun for example_task_group_decorator to 2025-03-15T08:49:02.564789+00:00, run_after=2025-03-16T08:49:02.564789+00:00
[2025-03-16T08:49:02.594+0000] {processor.py:176} INFO - Processing /home/airflow/.local/lib/python3.7/site-packages/airflow/example_dags/example_task_group_decorator.py took 0.215 seconds
[2025-03-16T08:49:33.100+0000] {processor.py:154} INFO - Started process (PID=2083) to work on /home/airflow/.local/lib/python3.7/site-packages/airflow/example_dags/example_task_group_decorator.py
[2025-03-16T08:49:33.102+0000] {processor.py:756} INFO - Processing file /home/airflow/.local/lib/python3.7/site-packages/airflow/example_dags/example_task_group_decorator.py for tasks to queue
[2025-03-16T08:49:33.102+0000] {logging_mixin.py:120} INFO - [2025-03-16T08:49:33.102+0000] {dagbag.py:537} INFO - Filling up the DagBag from /home/airflow/.local/lib/python3.7/site-packages/airflow/example_dags/example_task_group_decorator.py
[2025-03-16T08:49:33.152+0000] {processor.py:766} INFO - DAG(s) dict_keys(['example_task_group_decorator']) retrieved from /home/airflow/.local/lib/python3.7/site-packages/airflow/example_dags/example_task_group_decorator.py
[2025-03-16T08:49:33.252+0000] {logging_mixin.py:120} INFO - [2025-03-16T08:49:33.252+0000] {dag.py:2585} INFO - Sync 1 DAGs
[2025-03-16T08:49:33.298+0000] {logging_mixin.py:120} INFO - [2025-03-16T08:49:33.298+0000] {dag.py:3340} INFO - Setting next_dagrun for example_task_group_decorator to 2025-03-15T08:49:33.298192+00:00, run_after=2025-03-16T08:49:33.298192+00:00
[2025-03-16T08:49:33.334+0000] {processor.py:176} INFO - Processing /home/airflow/.local/lib/python3.7/site-packages/airflow/example_dags/example_task_group_decorator.py took 0.245 seconds
[2025-03-16T08:50:03.559+0000] {processor.py:154} INFO - Started process (PID=2137) to work on /home/airflow/.local/lib/python3.7/site-packages/airflow/example_dags/example_task_group_decorator.py
[2025-03-16T08:50:03.561+0000] {processor.py:756} INFO - Processing file /home/airflow/.local/lib/python3.7/site-packages/airflow/example_dags/example_task_group_decorator.py for tasks to queue
[2025-03-16T08:50:03.562+0000] {logging_mixin.py:120} INFO - [2025-03-16T08:50:03.562+0000] {dagbag.py:537} INFO - Filling up the DagBag from /home/airflow/.local/lib/python3.7/site-packages/airflow/example_dags/example_task_group_decorator.py
[2025-03-16T08:50:03.613+0000] {processor.py:766} INFO - DAG(s) dict_keys(['example_task_group_decorator']) retrieved from /home/airflow/.local/lib/python3.7/site-packages/airflow/example_dags/example_task_group_decorator.py
[2025-03-16T08:50:03.727+0000] {logging_mixin.py:120} INFO - [2025-03-16T08:50:03.726+0000] {dag.py:2585} INFO - Sync 1 DAGs
[2025-03-16T08:50:03.779+0000] {logging_mixin.py:120} INFO - [2025-03-16T08:50:03.779+0000] {dag.py:3340} INFO - Setting next_dagrun for example_task_group_decorator to 2025-03-15T08:50:03.778903+00:00, run_after=2025-03-16T08:50:03.778903+00:00
[2025-03-16T08:50:03.811+0000] {processor.py:176} INFO - Processing /home/airflow/.local/lib/python3.7/site-packages/airflow/example_dags/example_task_group_decorator.py took 0.257 seconds
[2025-03-16T08:50:34.129+0000] {processor.py:154} INFO - Started process (PID=2200) to work on /home/airflow/.local/lib/python3.7/site-packages/airflow/example_dags/example_task_group_decorator.py
[2025-03-16T08:50:34.131+0000] {processor.py:756} INFO - Processing file /home/airflow/.local/lib/python3.7/site-packages/airflow/example_dags/example_task_group_decorator.py for tasks to queue
[2025-03-16T08:50:34.134+0000] {logging_mixin.py:120} INFO - [2025-03-16T08:50:34.134+0000] {dagbag.py:537} INFO - Filling up the DagBag from /home/airflow/.local/lib/python3.7/site-packages/airflow/example_dags/example_task_group_decorator.py
[2025-03-16T08:50:34.196+0000] {processor.py:766} INFO - DAG(s) dict_keys(['example_task_group_decorator']) retrieved from /home/airflow/.local/lib/python3.7/site-packages/airflow/example_dags/example_task_group_decorator.py
[2025-03-16T08:50:34.286+0000] {logging_mixin.py:120} INFO - [2025-03-16T08:50:34.285+0000] {dag.py:2585} INFO - Sync 1 DAGs
[2025-03-16T08:50:34.353+0000] {logging_mixin.py:120} INFO - [2025-03-16T08:50:34.353+0000] {dag.py:3340} INFO - Setting next_dagrun for example_task_group_decorator to 2025-03-15T08:50:34.352574+00:00, run_after=2025-03-16T08:50:34.352574+00:00
[2025-03-16T08:50:34.388+0000] {processor.py:176} INFO - Processing /home/airflow/.local/lib/python3.7/site-packages/airflow/example_dags/example_task_group_decorator.py took 0.271 seconds
[2025-03-16T08:51:05.043+0000] {processor.py:154} INFO - Started process (PID=2254) to work on /home/airflow/.local/lib/python3.7/site-packages/airflow/example_dags/example_task_group_decorator.py
[2025-03-16T08:51:05.045+0000] {processor.py:756} INFO - Processing file /home/airflow/.local/lib/python3.7/site-packages/airflow/example_dags/example_task_group_decorator.py for tasks to queue
[2025-03-16T08:51:05.046+0000] {logging_mixin.py:120} INFO - [2025-03-16T08:51:05.046+0000] {dagbag.py:537} INFO - Filling up the DagBag from /home/airflow/.local/lib/python3.7/site-packages/airflow/example_dags/example_task_group_decorator.py
[2025-03-16T08:51:05.108+0000] {processor.py:766} INFO - DAG(s) dict_keys(['example_task_group_decorator']) retrieved from /home/airflow/.local/lib/python3.7/site-packages/airflow/example_dags/example_task_group_decorator.py
[2025-03-16T08:51:05.196+0000] {logging_mixin.py:120} INFO - [2025-03-16T08:51:05.195+0000] {dag.py:2585} INFO - Sync 1 DAGs
[2025-03-16T08:51:05.250+0000] {logging_mixin.py:120} INFO - [2025-03-16T08:51:05.250+0000] {dag.py:3340} INFO - Setting next_dagrun for example_task_group_decorator to 2025-03-15T08:51:05.249765+00:00, run_after=2025-03-16T08:51:05.249765+00:00
[2025-03-16T08:51:05.287+0000] {processor.py:176} INFO - Processing /home/airflow/.local/lib/python3.7/site-packages/airflow/example_dags/example_task_group_decorator.py took 0.250 seconds
[2025-03-16T08:51:35.785+0000] {processor.py:154} INFO - Started process (PID=2317) to work on /home/airflow/.local/lib/python3.7/site-packages/airflow/example_dags/example_task_group_decorator.py
[2025-03-16T08:51:35.788+0000] {processor.py:756} INFO - Processing file /home/airflow/.local/lib/python3.7/site-packages/airflow/example_dags/example_task_group_decorator.py for tasks to queue
[2025-03-16T08:51:35.789+0000] {logging_mixin.py:120} INFO - [2025-03-16T08:51:35.789+0000] {dagbag.py:537} INFO - Filling up the DagBag from /home/airflow/.local/lib/python3.7/site-packages/airflow/example_dags/example_task_group_decorator.py
[2025-03-16T08:51:35.873+0000] {processor.py:766} INFO - DAG(s) dict_keys(['example_task_group_decorator']) retrieved from /home/airflow/.local/lib/python3.7/site-packages/airflow/example_dags/example_task_group_decorator.py
[2025-03-16T08:51:36.005+0000] {logging_mixin.py:120} INFO - [2025-03-16T08:51:36.005+0000] {dag.py:2585} INFO - Sync 1 DAGs
[2025-03-16T08:51:36.064+0000] {logging_mixin.py:120} INFO - [2025-03-16T08:51:36.064+0000] {dag.py:3340} INFO - Setting next_dagrun for example_task_group_decorator to 2025-03-15T08:51:36.064239+00:00, run_after=2025-03-16T08:51:36.064239+00:00
[2025-03-16T08:51:36.090+0000] {processor.py:176} INFO - Processing /home/airflow/.local/lib/python3.7/site-packages/airflow/example_dags/example_task_group_decorator.py took 0.311 seconds
[2025-03-16T08:52:06.896+0000] {processor.py:154} INFO - Started process (PID=2371) to work on /home/airflow/.local/lib/python3.7/site-packages/airflow/example_dags/example_task_group_decorator.py
[2025-03-16T08:52:06.901+0000] {processor.py:756} INFO - Processing file /home/airflow/.local/lib/python3.7/site-packages/airflow/example_dags/example_task_group_decorator.py for tasks to queue
[2025-03-16T08:52:06.903+0000] {logging_mixin.py:120} INFO - [2025-03-16T08:52:06.902+0000] {dagbag.py:537} INFO - Filling up the DagBag from /home/airflow/.local/lib/python3.7/site-packages/airflow/example_dags/example_task_group_decorator.py
[2025-03-16T08:52:06.971+0000] {processor.py:766} INFO - DAG(s) dict_keys(['example_task_group_decorator']) retrieved from /home/airflow/.local/lib/python3.7/site-packages/airflow/example_dags/example_task_group_decorator.py
[2025-03-16T08:52:07.051+0000] {logging_mixin.py:120} INFO - [2025-03-16T08:52:07.051+0000] {dag.py:2585} INFO - Sync 1 DAGs
[2025-03-16T08:52:07.106+0000] {logging_mixin.py:120} INFO - [2025-03-16T08:52:07.106+0000] {dag.py:3340} INFO - Setting next_dagrun for example_task_group_decorator to 2025-03-15T08:52:07.105835+00:00, run_after=2025-03-16T08:52:07.105835+00:00
[2025-03-16T08:52:07.139+0000] {processor.py:176} INFO - Processing /home/airflow/.local/lib/python3.7/site-packages/airflow/example_dags/example_task_group_decorator.py took 0.248 seconds
[2025-03-16T08:52:37.526+0000] {processor.py:154} INFO - Started process (PID=2435) to work on /home/airflow/.local/lib/python3.7/site-packages/airflow/example_dags/example_task_group_decorator.py
[2025-03-16T08:52:37.529+0000] {processor.py:756} INFO - Processing file /home/airflow/.local/lib/python3.7/site-packages/airflow/example_dags/example_task_group_decorator.py for tasks to queue
[2025-03-16T08:52:37.530+0000] {logging_mixin.py:120} INFO - [2025-03-16T08:52:37.530+0000] {dagbag.py:537} INFO - Filling up the DagBag from /home/airflow/.local/lib/python3.7/site-packages/airflow/example_dags/example_task_group_decorator.py
[2025-03-16T08:52:37.603+0000] {processor.py:766} INFO - DAG(s) dict_keys(['example_task_group_decorator']) retrieved from /home/airflow/.local/lib/python3.7/site-packages/airflow/example_dags/example_task_group_decorator.py
[2025-03-16T08:52:37.700+0000] {logging_mixin.py:120} INFO - [2025-03-16T08:52:37.700+0000] {dag.py:2585} INFO - Sync 1 DAGs
[2025-03-16T08:52:37.751+0000] {logging_mixin.py:120} INFO - [2025-03-16T08:52:37.751+0000] {dag.py:3340} INFO - Setting next_dagrun for example_task_group_decorator to 2025-03-15T08:52:37.751359+00:00, run_after=2025-03-16T08:52:37.751359+00:00
[2025-03-16T08:52:37.787+0000] {processor.py:176} INFO - Processing /home/airflow/.local/lib/python3.7/site-packages/airflow/example_dags/example_task_group_decorator.py took 0.266 seconds
[2025-03-16T08:53:08.511+0000] {processor.py:154} INFO - Started process (PID=2489) to work on /home/airflow/.local/lib/python3.7/site-packages/airflow/example_dags/example_task_group_decorator.py
[2025-03-16T08:53:08.514+0000] {processor.py:756} INFO - Processing file /home/airflow/.local/lib/python3.7/site-packages/airflow/example_dags/example_task_group_decorator.py for tasks to queue
[2025-03-16T08:53:08.515+0000] {logging_mixin.py:120} INFO - [2025-03-16T08:53:08.515+0000] {dagbag.py:537} INFO - Filling up the DagBag from /home/airflow/.local/lib/python3.7/site-packages/airflow/example_dags/example_task_group_decorator.py
[2025-03-16T08:53:08.582+0000] {processor.py:766} INFO - DAG(s) dict_keys(['example_task_group_decorator']) retrieved from /home/airflow/.local/lib/python3.7/site-packages/airflow/example_dags/example_task_group_decorator.py
[2025-03-16T08:53:08.656+0000] {logging_mixin.py:120} INFO - [2025-03-16T08:53:08.655+0000] {dag.py:2585} INFO - Sync 1 DAGs
[2025-03-16T08:53:08.706+0000] {logging_mixin.py:120} INFO - [2025-03-16T08:53:08.706+0000] {dag.py:3340} INFO - Setting next_dagrun for example_task_group_decorator to 2025-03-15T08:53:08.705926+00:00, run_after=2025-03-16T08:53:08.705926+00:00
[2025-03-16T08:53:08.736+0000] {processor.py:176} INFO - Processing /home/airflow/.local/lib/python3.7/site-packages/airflow/example_dags/example_task_group_decorator.py took 0.238 seconds
[2025-03-16T08:53:39.265+0000] {processor.py:154} INFO - Started process (PID=2553) to work on /home/airflow/.local/lib/python3.7/site-packages/airflow/example_dags/example_task_group_decorator.py
[2025-03-16T08:53:39.266+0000] {processor.py:756} INFO - Processing file /home/airflow/.local/lib/python3.7/site-packages/airflow/example_dags/example_task_group_decorator.py for tasks to queue
[2025-03-16T08:53:39.268+0000] {logging_mixin.py:120} INFO - [2025-03-16T08:53:39.267+0000] {dagbag.py:537} INFO - Filling up the DagBag from /home/airflow/.local/lib/python3.7/site-packages/airflow/example_dags/example_task_group_decorator.py
[2025-03-16T08:53:39.345+0000] {processor.py:766} INFO - DAG(s) dict_keys(['example_task_group_decorator']) retrieved from /home/airflow/.local/lib/python3.7/site-packages/airflow/example_dags/example_task_group_decorator.py
[2025-03-16T08:53:39.438+0000] {logging_mixin.py:120} INFO - [2025-03-16T08:53:39.438+0000] {dag.py:2585} INFO - Sync 1 DAGs
[2025-03-16T08:53:39.499+0000] {logging_mixin.py:120} INFO - [2025-03-16T08:53:39.499+0000] {dag.py:3340} INFO - Setting next_dagrun for example_task_group_decorator to 2025-03-15T08:53:39.499237+00:00, run_after=2025-03-16T08:53:39.499237+00:00
[2025-03-16T08:53:39.544+0000] {processor.py:176} INFO - Processing /home/airflow/.local/lib/python3.7/site-packages/airflow/example_dags/example_task_group_decorator.py took 0.294 seconds
[2025-03-16T08:54:10.237+0000] {processor.py:154} INFO - Started process (PID=2607) to work on /home/airflow/.local/lib/python3.7/site-packages/airflow/example_dags/example_task_group_decorator.py
[2025-03-16T08:54:10.249+0000] {processor.py:756} INFO - Processing file /home/airflow/.local/lib/python3.7/site-packages/airflow/example_dags/example_task_group_decorator.py for tasks to queue
[2025-03-16T08:54:10.251+0000] {logging_mixin.py:120} INFO - [2025-03-16T08:54:10.251+0000] {dagbag.py:537} INFO - Filling up the DagBag from /home/airflow/.local/lib/python3.7/site-packages/airflow/example_dags/example_task_group_decorator.py
[2025-03-16T08:54:10.346+0000] {processor.py:766} INFO - DAG(s) dict_keys(['example_task_group_decorator']) retrieved from /home/airflow/.local/lib/python3.7/site-packages/airflow/example_dags/example_task_group_decorator.py
[2025-03-16T08:54:10.451+0000] {logging_mixin.py:120} INFO - [2025-03-16T08:54:10.450+0000] {dag.py:2585} INFO - Sync 1 DAGs
[2025-03-16T08:54:10.503+0000] {logging_mixin.py:120} INFO - [2025-03-16T08:54:10.502+0000] {dag.py:3340} INFO - Setting next_dagrun for example_task_group_decorator to 2025-03-15T08:54:10.502567+00:00, run_after=2025-03-16T08:54:10.502567+00:00
[2025-03-16T08:54:10.631+0000] {processor.py:176} INFO - Processing /home/airflow/.local/lib/python3.7/site-packages/airflow/example_dags/example_task_group_decorator.py took 0.405 seconds
[2025-03-16T08:54:40.980+0000] {processor.py:154} INFO - Started process (PID=2669) to work on /home/airflow/.local/lib/python3.7/site-packages/airflow/example_dags/example_task_group_decorator.py
[2025-03-16T08:54:40.982+0000] {processor.py:756} INFO - Processing file /home/airflow/.local/lib/python3.7/site-packages/airflow/example_dags/example_task_group_decorator.py for tasks to queue
[2025-03-16T08:54:40.983+0000] {logging_mixin.py:120} INFO - [2025-03-16T08:54:40.982+0000] {dagbag.py:537} INFO - Filling up the DagBag from /home/airflow/.local/lib/python3.7/site-packages/airflow/example_dags/example_task_group_decorator.py
[2025-03-16T08:54:41.051+0000] {processor.py:766} INFO - DAG(s) dict_keys(['example_task_group_decorator']) retrieved from /home/airflow/.local/lib/python3.7/site-packages/airflow/example_dags/example_task_group_decorator.py
[2025-03-16T08:54:41.140+0000] {logging_mixin.py:120} INFO - [2025-03-16T08:54:41.139+0000] {dag.py:2585} INFO - Sync 1 DAGs
[2025-03-16T08:54:41.198+0000] {logging_mixin.py:120} INFO - [2025-03-16T08:54:41.198+0000] {dag.py:3340} INFO - Setting next_dagrun for example_task_group_decorator to 2025-03-15T08:54:41.197864+00:00, run_after=2025-03-16T08:54:41.197864+00:00
[2025-03-16T08:54:41.237+0000] {processor.py:176} INFO - Processing /home/airflow/.local/lib/python3.7/site-packages/airflow/example_dags/example_task_group_decorator.py took 0.262 seconds
[2025-03-16T08:55:11.348+0000] {processor.py:154} INFO - Started process (PID=2723) to work on /home/airflow/.local/lib/python3.7/site-packages/airflow/example_dags/example_task_group_decorator.py
[2025-03-16T08:55:11.350+0000] {processor.py:756} INFO - Processing file /home/airflow/.local/lib/python3.7/site-packages/airflow/example_dags/example_task_group_decorator.py for tasks to queue
[2025-03-16T08:55:11.351+0000] {logging_mixin.py:120} INFO - [2025-03-16T08:55:11.351+0000] {dagbag.py:537} INFO - Filling up the DagBag from /home/airflow/.local/lib/python3.7/site-packages/airflow/example_dags/example_task_group_decorator.py
[2025-03-16T08:55:11.411+0000] {processor.py:766} INFO - DAG(s) dict_keys(['example_task_group_decorator']) retrieved from /home/airflow/.local/lib/python3.7/site-packages/airflow/example_dags/example_task_group_decorator.py
[2025-03-16T08:55:11.490+0000] {logging_mixin.py:120} INFO - [2025-03-16T08:55:11.486+0000] {dag.py:2585} INFO - Sync 1 DAGs
[2025-03-16T08:55:11.540+0000] {logging_mixin.py:120} INFO - [2025-03-16T08:55:11.540+0000] {dag.py:3340} INFO - Setting next_dagrun for example_task_group_decorator to 2025-03-15T08:55:11.539744+00:00, run_after=2025-03-16T08:55:11.539744+00:00
[2025-03-16T08:55:11.571+0000] {processor.py:176} INFO - Processing /home/airflow/.local/lib/python3.7/site-packages/airflow/example_dags/example_task_group_decorator.py took 0.228 seconds
[2025-03-16T08:55:42.013+0000] {processor.py:154} INFO - Started process (PID=2785) to work on /home/airflow/.local/lib/python3.7/site-packages/airflow/example_dags/example_task_group_decorator.py
[2025-03-16T08:55:42.016+0000] {processor.py:756} INFO - Processing file /home/airflow/.local/lib/python3.7/site-packages/airflow/example_dags/example_task_group_decorator.py for tasks to queue
[2025-03-16T08:55:42.018+0000] {logging_mixin.py:120} INFO - [2025-03-16T08:55:42.017+0000] {dagbag.py:537} INFO - Filling up the DagBag from /home/airflow/.local/lib/python3.7/site-packages/airflow/example_dags/example_task_group_decorator.py
[2025-03-16T08:55:42.079+0000] {processor.py:766} INFO - DAG(s) dict_keys(['example_task_group_decorator']) retrieved from /home/airflow/.local/lib/python3.7/site-packages/airflow/example_dags/example_task_group_decorator.py
[2025-03-16T08:55:42.155+0000] {logging_mixin.py:120} INFO - [2025-03-16T08:55:42.155+0000] {dag.py:2585} INFO - Sync 1 DAGs
[2025-03-16T08:55:42.211+0000] {logging_mixin.py:120} INFO - [2025-03-16T08:55:42.210+0000] {dag.py:3340} INFO - Setting next_dagrun for example_task_group_decorator to 2025-03-15T08:55:42.210401+00:00, run_after=2025-03-16T08:55:42.210401+00:00
[2025-03-16T08:55:42.247+0000] {processor.py:176} INFO - Processing /home/airflow/.local/lib/python3.7/site-packages/airflow/example_dags/example_task_group_decorator.py took 0.241 seconds
[2025-03-16T08:56:12.530+0000] {processor.py:154} INFO - Started process (PID=2839) to work on /home/airflow/.local/lib/python3.7/site-packages/airflow/example_dags/example_task_group_decorator.py
[2025-03-16T08:56:12.534+0000] {processor.py:756} INFO - Processing file /home/airflow/.local/lib/python3.7/site-packages/airflow/example_dags/example_task_group_decorator.py for tasks to queue
[2025-03-16T08:56:12.535+0000] {logging_mixin.py:120} INFO - [2025-03-16T08:56:12.535+0000] {dagbag.py:537} INFO - Filling up the DagBag from /home/airflow/.local/lib/python3.7/site-packages/airflow/example_dags/example_task_group_decorator.py
[2025-03-16T08:56:12.600+0000] {processor.py:766} INFO - DAG(s) dict_keys(['example_task_group_decorator']) retrieved from /home/airflow/.local/lib/python3.7/site-packages/airflow/example_dags/example_task_group_decorator.py
[2025-03-16T08:56:12.687+0000] {logging_mixin.py:120} INFO - [2025-03-16T08:56:12.687+0000] {dag.py:2585} INFO - Sync 1 DAGs
[2025-03-16T08:56:12.741+0000] {logging_mixin.py:120} INFO - [2025-03-16T08:56:12.741+0000] {dag.py:3340} INFO - Setting next_dagrun for example_task_group_decorator to 2025-03-15T08:56:12.740125+00:00, run_after=2025-03-16T08:56:12.740125+00:00
[2025-03-16T08:56:12.783+0000] {processor.py:176} INFO - Processing /home/airflow/.local/lib/python3.7/site-packages/airflow/example_dags/example_task_group_decorator.py took 0.265 seconds
[2025-03-16T08:56:42.950+0000] {processor.py:154} INFO - Started process (PID=2902) to work on /home/airflow/.local/lib/python3.7/site-packages/airflow/example_dags/example_task_group_decorator.py
[2025-03-16T08:56:42.952+0000] {processor.py:756} INFO - Processing file /home/airflow/.local/lib/python3.7/site-packages/airflow/example_dags/example_task_group_decorator.py for tasks to queue
[2025-03-16T08:56:42.953+0000] {logging_mixin.py:120} INFO - [2025-03-16T08:56:42.952+0000] {dagbag.py:537} INFO - Filling up the DagBag from /home/airflow/.local/lib/python3.7/site-packages/airflow/example_dags/example_task_group_decorator.py
[2025-03-16T08:56:43.011+0000] {processor.py:766} INFO - DAG(s) dict_keys(['example_task_group_decorator']) retrieved from /home/airflow/.local/lib/python3.7/site-packages/airflow/example_dags/example_task_group_decorator.py
[2025-03-16T08:56:43.106+0000] {logging_mixin.py:120} INFO - [2025-03-16T08:56:43.106+0000] {dag.py:2585} INFO - Sync 1 DAGs
[2025-03-16T08:56:43.175+0000] {logging_mixin.py:120} INFO - [2025-03-16T08:56:43.175+0000] {dag.py:3340} INFO - Setting next_dagrun for example_task_group_decorator to 2025-03-15T08:56:43.174624+00:00, run_after=2025-03-16T08:56:43.174624+00:00
[2025-03-16T08:56:43.211+0000] {processor.py:176} INFO - Processing /home/airflow/.local/lib/python3.7/site-packages/airflow/example_dags/example_task_group_decorator.py took 0.266 seconds
