[2025-03-16T08:31:43.839+0000] {processor.py:154} INFO - Started process (PID=64) to work on /home/airflow/.local/lib/python3.7/site-packages/airflow/example_dags/example_time_delta_sensor_async.py
[2025-03-16T08:31:43.842+0000] {processor.py:756} INFO - Processing file /home/airflow/.local/lib/python3.7/site-packages/airflow/example_dags/example_time_delta_sensor_async.py for tasks to queue
[2025-03-16T08:31:43.848+0000] {logging_mixin.py:120} INFO - [2025-03-16T08:31:43.848+0000] {dagbag.py:537} INFO - Filling up the DagBag from /home/airflow/.local/lib/python3.7/site-packages/airflow/example_dags/example_time_delta_sensor_async.py
[2025-03-16T08:31:43.920+0000] {processor.py:766} INFO - DAG(s) dict_keys(['example_time_delta_sensor_async']) retrieved from /home/airflow/.local/lib/python3.7/site-packages/airflow/example_dags/example_time_delta_sensor_async.py
[2025-03-16T08:31:45.533+0000] {logging_mixin.py:120} INFO - [2025-03-16T08:31:45.532+0000] {manager.py:507} INFO - Created Permission View: can read on DAG:example_time_delta_sensor_async
[2025-03-16T08:31:45.582+0000] {logging_mixin.py:120} INFO - [2025-03-16T08:31:45.582+0000] {manager.py:507} INFO - Created Permission View: can edit on DAG:example_time_delta_sensor_async
[2025-03-16T08:31:45.612+0000] {logging_mixin.py:120} INFO - [2025-03-16T08:31:45.612+0000] {manager.py:507} INFO - Created Permission View: can delete on DAG:example_time_delta_sensor_async
[2025-03-16T08:31:45.613+0000] {logging_mixin.py:120} INFO - [2025-03-16T08:31:45.613+0000] {dag.py:2585} INFO - Sync 1 DAGs
[2025-03-16T08:31:45.676+0000] {logging_mixin.py:120} INFO - [2025-03-16T08:31:45.676+0000] {dag.py:2606} INFO - Creating ORM DAG for example_time_delta_sensor_async
[2025-03-16T08:31:45.725+0000] {logging_mixin.py:120} INFO - [2025-03-16T08:31:45.725+0000] {dag.py:3340} INFO - Setting next_dagrun for example_time_delta_sensor_async to None, run_after=None
[2025-03-16T08:31:45.944+0000] {processor.py:176} INFO - Processing /home/airflow/.local/lib/python3.7/site-packages/airflow/example_dags/example_time_delta_sensor_async.py took 2.124 seconds
[2025-03-16T08:32:16.517+0000] {processor.py:154} INFO - Started process (PID=119) to work on /home/airflow/.local/lib/python3.7/site-packages/airflow/example_dags/example_time_delta_sensor_async.py
[2025-03-16T08:32:16.518+0000] {processor.py:756} INFO - Processing file /home/airflow/.local/lib/python3.7/site-packages/airflow/example_dags/example_time_delta_sensor_async.py for tasks to queue
[2025-03-16T08:32:16.519+0000] {logging_mixin.py:120} INFO - [2025-03-16T08:32:16.518+0000] {dagbag.py:537} INFO - Filling up the DagBag from /home/airflow/.local/lib/python3.7/site-packages/airflow/example_dags/example_time_delta_sensor_async.py
[2025-03-16T08:32:16.535+0000] {processor.py:766} INFO - DAG(s) dict_keys(['example_time_delta_sensor_async']) retrieved from /home/airflow/.local/lib/python3.7/site-packages/airflow/example_dags/example_time_delta_sensor_async.py
[2025-03-16T08:32:16.781+0000] {logging_mixin.py:120} INFO - [2025-03-16T08:32:16.781+0000] {dag.py:2585} INFO - Sync 1 DAGs
[2025-03-16T08:32:16.814+0000] {logging_mixin.py:120} INFO - [2025-03-16T08:32:16.814+0000] {dag.py:3340} INFO - Setting next_dagrun for example_time_delta_sensor_async to None, run_after=None
[2025-03-16T08:32:16.838+0000] {processor.py:176} INFO - Processing /home/airflow/.local/lib/python3.7/site-packages/airflow/example_dags/example_time_delta_sensor_async.py took 0.326 seconds
[2025-03-16T08:32:47.426+0000] {processor.py:154} INFO - Started process (PID=174) to work on /home/airflow/.local/lib/python3.7/site-packages/airflow/example_dags/example_time_delta_sensor_async.py
[2025-03-16T08:32:47.429+0000] {processor.py:756} INFO - Processing file /home/airflow/.local/lib/python3.7/site-packages/airflow/example_dags/example_time_delta_sensor_async.py for tasks to queue
[2025-03-16T08:32:47.431+0000] {logging_mixin.py:120} INFO - [2025-03-16T08:32:47.430+0000] {dagbag.py:537} INFO - Filling up the DagBag from /home/airflow/.local/lib/python3.7/site-packages/airflow/example_dags/example_time_delta_sensor_async.py
[2025-03-16T08:32:47.454+0000] {processor.py:766} INFO - DAG(s) dict_keys(['example_time_delta_sensor_async']) retrieved from /home/airflow/.local/lib/python3.7/site-packages/airflow/example_dags/example_time_delta_sensor_async.py
[2025-03-16T08:32:47.861+0000] {logging_mixin.py:120} INFO - [2025-03-16T08:32:47.860+0000] {dag.py:2585} INFO - Sync 1 DAGs
[2025-03-16T08:32:47.914+0000] {logging_mixin.py:120} INFO - [2025-03-16T08:32:47.914+0000] {dag.py:3340} INFO - Setting next_dagrun for example_time_delta_sensor_async to None, run_after=None
[2025-03-16T08:32:47.937+0000] {processor.py:176} INFO - Processing /home/airflow/.local/lib/python3.7/site-packages/airflow/example_dags/example_time_delta_sensor_async.py took 0.519 seconds
[2025-03-16T08:33:17.973+0000] {processor.py:154} INFO - Started process (PID=237) to work on /home/airflow/.local/lib/python3.7/site-packages/airflow/example_dags/example_time_delta_sensor_async.py
[2025-03-16T08:33:17.974+0000] {processor.py:756} INFO - Processing file /home/airflow/.local/lib/python3.7/site-packages/airflow/example_dags/example_time_delta_sensor_async.py for tasks to queue
[2025-03-16T08:33:17.974+0000] {logging_mixin.py:120} INFO - [2025-03-16T08:33:17.974+0000] {dagbag.py:537} INFO - Filling up the DagBag from /home/airflow/.local/lib/python3.7/site-packages/airflow/example_dags/example_time_delta_sensor_async.py
[2025-03-16T08:33:17.990+0000] {processor.py:766} INFO - DAG(s) dict_keys(['example_time_delta_sensor_async']) retrieved from /home/airflow/.local/lib/python3.7/site-packages/airflow/example_dags/example_time_delta_sensor_async.py
[2025-03-16T08:33:18.248+0000] {logging_mixin.py:120} INFO - [2025-03-16T08:33:18.247+0000] {dag.py:2585} INFO - Sync 1 DAGs
[2025-03-16T08:33:18.278+0000] {logging_mixin.py:120} INFO - [2025-03-16T08:33:18.278+0000] {dag.py:3340} INFO - Setting next_dagrun for example_time_delta_sensor_async to None, run_after=None
[2025-03-16T08:33:18.319+0000] {processor.py:176} INFO - Processing /home/airflow/.local/lib/python3.7/site-packages/airflow/example_dags/example_time_delta_sensor_async.py took 0.349 seconds
[2025-03-16T08:33:48.359+0000] {processor.py:154} INFO - Started process (PID=291) to work on /home/airflow/.local/lib/python3.7/site-packages/airflow/example_dags/example_time_delta_sensor_async.py
[2025-03-16T08:33:48.361+0000] {processor.py:756} INFO - Processing file /home/airflow/.local/lib/python3.7/site-packages/airflow/example_dags/example_time_delta_sensor_async.py for tasks to queue
[2025-03-16T08:33:48.362+0000] {logging_mixin.py:120} INFO - [2025-03-16T08:33:48.361+0000] {dagbag.py:537} INFO - Filling up the DagBag from /home/airflow/.local/lib/python3.7/site-packages/airflow/example_dags/example_time_delta_sensor_async.py
[2025-03-16T08:33:48.380+0000] {processor.py:766} INFO - DAG(s) dict_keys(['example_time_delta_sensor_async']) retrieved from /home/airflow/.local/lib/python3.7/site-packages/airflow/example_dags/example_time_delta_sensor_async.py
[2025-03-16T08:33:48.698+0000] {logging_mixin.py:120} INFO - [2025-03-16T08:33:48.698+0000] {dag.py:2585} INFO - Sync 1 DAGs
[2025-03-16T08:33:48.735+0000] {logging_mixin.py:120} INFO - [2025-03-16T08:33:48.735+0000] {dag.py:3340} INFO - Setting next_dagrun for example_time_delta_sensor_async to None, run_after=None
[2025-03-16T08:33:48.762+0000] {processor.py:176} INFO - Processing /home/airflow/.local/lib/python3.7/site-packages/airflow/example_dags/example_time_delta_sensor_async.py took 0.407 seconds
[2025-03-16T08:34:19.016+0000] {processor.py:154} INFO - Started process (PID=354) to work on /home/airflow/.local/lib/python3.7/site-packages/airflow/example_dags/example_time_delta_sensor_async.py
[2025-03-16T08:34:19.019+0000] {processor.py:756} INFO - Processing file /home/airflow/.local/lib/python3.7/site-packages/airflow/example_dags/example_time_delta_sensor_async.py for tasks to queue
[2025-03-16T08:34:19.024+0000] {logging_mixin.py:120} INFO - [2025-03-16T08:34:19.020+0000] {dagbag.py:537} INFO - Filling up the DagBag from /home/airflow/.local/lib/python3.7/site-packages/airflow/example_dags/example_time_delta_sensor_async.py
[2025-03-16T08:34:19.067+0000] {processor.py:766} INFO - DAG(s) dict_keys(['example_time_delta_sensor_async']) retrieved from /home/airflow/.local/lib/python3.7/site-packages/airflow/example_dags/example_time_delta_sensor_async.py
[2025-03-16T08:34:19.435+0000] {logging_mixin.py:120} INFO - [2025-03-16T08:34:19.434+0000] {dag.py:2585} INFO - Sync 1 DAGs
[2025-03-16T08:34:19.502+0000] {logging_mixin.py:120} INFO - [2025-03-16T08:34:19.501+0000] {dag.py:3340} INFO - Setting next_dagrun for example_time_delta_sensor_async to None, run_after=None
[2025-03-16T08:34:19.530+0000] {processor.py:176} INFO - Processing /home/airflow/.local/lib/python3.7/site-packages/airflow/example_dags/example_time_delta_sensor_async.py took 0.529 seconds
[2025-03-16T08:34:49.949+0000] {processor.py:154} INFO - Started process (PID=407) to work on /home/airflow/.local/lib/python3.7/site-packages/airflow/example_dags/example_time_delta_sensor_async.py
[2025-03-16T08:34:49.957+0000] {processor.py:756} INFO - Processing file /home/airflow/.local/lib/python3.7/site-packages/airflow/example_dags/example_time_delta_sensor_async.py for tasks to queue
[2025-03-16T08:34:49.958+0000] {logging_mixin.py:120} INFO - [2025-03-16T08:34:49.958+0000] {dagbag.py:537} INFO - Filling up the DagBag from /home/airflow/.local/lib/python3.7/site-packages/airflow/example_dags/example_time_delta_sensor_async.py
[2025-03-16T08:34:49.997+0000] {processor.py:766} INFO - DAG(s) dict_keys(['example_time_delta_sensor_async']) retrieved from /home/airflow/.local/lib/python3.7/site-packages/airflow/example_dags/example_time_delta_sensor_async.py
[2025-03-16T08:34:50.394+0000] {logging_mixin.py:120} INFO - [2025-03-16T08:34:50.394+0000] {dag.py:2585} INFO - Sync 1 DAGs
[2025-03-16T08:34:50.451+0000] {logging_mixin.py:120} INFO - [2025-03-16T08:34:50.451+0000] {dag.py:3340} INFO - Setting next_dagrun for example_time_delta_sensor_async to None, run_after=None
[2025-03-16T08:34:50.475+0000] {processor.py:176} INFO - Processing /home/airflow/.local/lib/python3.7/site-packages/airflow/example_dags/example_time_delta_sensor_async.py took 0.542 seconds
[2025-03-16T08:35:20.745+0000] {processor.py:154} INFO - Started process (PID=470) to work on /home/airflow/.local/lib/python3.7/site-packages/airflow/example_dags/example_time_delta_sensor_async.py
[2025-03-16T08:35:20.747+0000] {processor.py:756} INFO - Processing file /home/airflow/.local/lib/python3.7/site-packages/airflow/example_dags/example_time_delta_sensor_async.py for tasks to queue
[2025-03-16T08:35:20.748+0000] {logging_mixin.py:120} INFO - [2025-03-16T08:35:20.748+0000] {dagbag.py:537} INFO - Filling up the DagBag from /home/airflow/.local/lib/python3.7/site-packages/airflow/example_dags/example_time_delta_sensor_async.py
[2025-03-16T08:35:20.768+0000] {processor.py:766} INFO - DAG(s) dict_keys(['example_time_delta_sensor_async']) retrieved from /home/airflow/.local/lib/python3.7/site-packages/airflow/example_dags/example_time_delta_sensor_async.py
[2025-03-16T08:35:21.065+0000] {logging_mixin.py:120} INFO - [2025-03-16T08:35:21.065+0000] {dag.py:2585} INFO - Sync 1 DAGs
[2025-03-16T08:35:21.103+0000] {logging_mixin.py:120} INFO - [2025-03-16T08:35:21.103+0000] {dag.py:3340} INFO - Setting next_dagrun for example_time_delta_sensor_async to None, run_after=None
[2025-03-16T08:35:21.127+0000] {processor.py:176} INFO - Processing /home/airflow/.local/lib/python3.7/site-packages/airflow/example_dags/example_time_delta_sensor_async.py took 0.409 seconds
[2025-03-16T08:35:51.215+0000] {processor.py:154} INFO - Started process (PID=525) to work on /home/airflow/.local/lib/python3.7/site-packages/airflow/example_dags/example_time_delta_sensor_async.py
[2025-03-16T08:35:51.216+0000] {processor.py:756} INFO - Processing file /home/airflow/.local/lib/python3.7/site-packages/airflow/example_dags/example_time_delta_sensor_async.py for tasks to queue
[2025-03-16T08:35:51.216+0000] {logging_mixin.py:120} INFO - [2025-03-16T08:35:51.216+0000] {dagbag.py:537} INFO - Filling up the DagBag from /home/airflow/.local/lib/python3.7/site-packages/airflow/example_dags/example_time_delta_sensor_async.py
[2025-03-16T08:35:51.232+0000] {processor.py:766} INFO - DAG(s) dict_keys(['example_time_delta_sensor_async']) retrieved from /home/airflow/.local/lib/python3.7/site-packages/airflow/example_dags/example_time_delta_sensor_async.py
[2025-03-16T08:35:51.544+0000] {logging_mixin.py:120} INFO - [2025-03-16T08:35:51.544+0000] {dag.py:2585} INFO - Sync 1 DAGs
[2025-03-16T08:35:51.579+0000] {logging_mixin.py:120} INFO - [2025-03-16T08:35:51.579+0000] {dag.py:3340} INFO - Setting next_dagrun for example_time_delta_sensor_async to None, run_after=None
[2025-03-16T08:35:51.604+0000] {processor.py:176} INFO - Processing /home/airflow/.local/lib/python3.7/site-packages/airflow/example_dags/example_time_delta_sensor_async.py took 0.393 seconds
[2025-03-16T08:36:22.578+0000] {processor.py:154} INFO - Started process (PID=588) to work on /home/airflow/.local/lib/python3.7/site-packages/airflow/example_dags/example_time_delta_sensor_async.py
[2025-03-16T08:36:22.579+0000] {processor.py:756} INFO - Processing file /home/airflow/.local/lib/python3.7/site-packages/airflow/example_dags/example_time_delta_sensor_async.py for tasks to queue
[2025-03-16T08:36:22.580+0000] {logging_mixin.py:120} INFO - [2025-03-16T08:36:22.580+0000] {dagbag.py:537} INFO - Filling up the DagBag from /home/airflow/.local/lib/python3.7/site-packages/airflow/example_dags/example_time_delta_sensor_async.py
[2025-03-16T08:36:22.602+0000] {processor.py:766} INFO - DAG(s) dict_keys(['example_time_delta_sensor_async']) retrieved from /home/airflow/.local/lib/python3.7/site-packages/airflow/example_dags/example_time_delta_sensor_async.py
[2025-03-16T08:36:22.978+0000] {logging_mixin.py:120} INFO - [2025-03-16T08:36:22.978+0000] {dag.py:2585} INFO - Sync 1 DAGs
[2025-03-16T08:36:23.039+0000] {logging_mixin.py:120} INFO - [2025-03-16T08:36:23.039+0000] {dag.py:3340} INFO - Setting next_dagrun for example_time_delta_sensor_async to None, run_after=None
[2025-03-16T08:36:23.073+0000] {processor.py:176} INFO - Processing /home/airflow/.local/lib/python3.7/site-packages/airflow/example_dags/example_time_delta_sensor_async.py took 0.500 seconds
[2025-03-16T08:36:53.768+0000] {processor.py:154} INFO - Started process (PID=642) to work on /home/airflow/.local/lib/python3.7/site-packages/airflow/example_dags/example_time_delta_sensor_async.py
[2025-03-16T08:36:53.769+0000] {processor.py:756} INFO - Processing file /home/airflow/.local/lib/python3.7/site-packages/airflow/example_dags/example_time_delta_sensor_async.py for tasks to queue
[2025-03-16T08:36:53.770+0000] {logging_mixin.py:120} INFO - [2025-03-16T08:36:53.770+0000] {dagbag.py:537} INFO - Filling up the DagBag from /home/airflow/.local/lib/python3.7/site-packages/airflow/example_dags/example_time_delta_sensor_async.py
[2025-03-16T08:36:53.794+0000] {processor.py:766} INFO - DAG(s) dict_keys(['example_time_delta_sensor_async']) retrieved from /home/airflow/.local/lib/python3.7/site-packages/airflow/example_dags/example_time_delta_sensor_async.py
[2025-03-16T08:36:54.222+0000] {logging_mixin.py:120} INFO - [2025-03-16T08:36:54.221+0000] {dag.py:2585} INFO - Sync 1 DAGs
[2025-03-16T08:36:54.271+0000] {logging_mixin.py:120} INFO - [2025-03-16T08:36:54.271+0000] {dag.py:3340} INFO - Setting next_dagrun for example_time_delta_sensor_async to None, run_after=None
[2025-03-16T08:36:54.302+0000] {processor.py:176} INFO - Processing /home/airflow/.local/lib/python3.7/site-packages/airflow/example_dags/example_time_delta_sensor_async.py took 0.547 seconds
[2025-03-16T08:37:24.406+0000] {processor.py:154} INFO - Started process (PID=705) to work on /home/airflow/.local/lib/python3.7/site-packages/airflow/example_dags/example_time_delta_sensor_async.py
[2025-03-16T08:37:24.408+0000] {processor.py:756} INFO - Processing file /home/airflow/.local/lib/python3.7/site-packages/airflow/example_dags/example_time_delta_sensor_async.py for tasks to queue
[2025-03-16T08:37:24.410+0000] {logging_mixin.py:120} INFO - [2025-03-16T08:37:24.409+0000] {dagbag.py:537} INFO - Filling up the DagBag from /home/airflow/.local/lib/python3.7/site-packages/airflow/example_dags/example_time_delta_sensor_async.py
[2025-03-16T08:37:24.435+0000] {processor.py:766} INFO - DAG(s) dict_keys(['example_time_delta_sensor_async']) retrieved from /home/airflow/.local/lib/python3.7/site-packages/airflow/example_dags/example_time_delta_sensor_async.py
[2025-03-16T08:37:24.867+0000] {logging_mixin.py:120} INFO - [2025-03-16T08:37:24.867+0000] {dag.py:2585} INFO - Sync 1 DAGs
[2025-03-16T08:37:24.901+0000] {logging_mixin.py:120} INFO - [2025-03-16T08:37:24.901+0000] {dag.py:3340} INFO - Setting next_dagrun for example_time_delta_sensor_async to None, run_after=None
[2025-03-16T08:37:24.925+0000] {processor.py:176} INFO - Processing /home/airflow/.local/lib/python3.7/site-packages/airflow/example_dags/example_time_delta_sensor_async.py took 0.525 seconds
[2025-03-16T08:37:55.582+0000] {processor.py:154} INFO - Started process (PID=759) to work on /home/airflow/.local/lib/python3.7/site-packages/airflow/example_dags/example_time_delta_sensor_async.py
[2025-03-16T08:37:55.584+0000] {processor.py:756} INFO - Processing file /home/airflow/.local/lib/python3.7/site-packages/airflow/example_dags/example_time_delta_sensor_async.py for tasks to queue
[2025-03-16T08:37:55.585+0000] {logging_mixin.py:120} INFO - [2025-03-16T08:37:55.585+0000] {dagbag.py:537} INFO - Filling up the DagBag from /home/airflow/.local/lib/python3.7/site-packages/airflow/example_dags/example_time_delta_sensor_async.py
[2025-03-16T08:37:55.608+0000] {processor.py:766} INFO - DAG(s) dict_keys(['example_time_delta_sensor_async']) retrieved from /home/airflow/.local/lib/python3.7/site-packages/airflow/example_dags/example_time_delta_sensor_async.py
[2025-03-16T08:37:55.936+0000] {logging_mixin.py:120} INFO - [2025-03-16T08:37:55.936+0000] {dag.py:2585} INFO - Sync 1 DAGs
[2025-03-16T08:37:55.966+0000] {logging_mixin.py:120} INFO - [2025-03-16T08:37:55.965+0000] {dag.py:3340} INFO - Setting next_dagrun for example_time_delta_sensor_async to None, run_after=None
[2025-03-16T08:37:55.988+0000] {processor.py:176} INFO - Processing /home/airflow/.local/lib/python3.7/site-packages/airflow/example_dags/example_time_delta_sensor_async.py took 0.412 seconds
[2025-03-16T08:38:26.058+0000] {processor.py:154} INFO - Started process (PID=823) to work on /home/airflow/.local/lib/python3.7/site-packages/airflow/example_dags/example_time_delta_sensor_async.py
[2025-03-16T08:38:26.061+0000] {processor.py:756} INFO - Processing file /home/airflow/.local/lib/python3.7/site-packages/airflow/example_dags/example_time_delta_sensor_async.py for tasks to queue
[2025-03-16T08:38:26.062+0000] {logging_mixin.py:120} INFO - [2025-03-16T08:38:26.062+0000] {dagbag.py:537} INFO - Filling up the DagBag from /home/airflow/.local/lib/python3.7/site-packages/airflow/example_dags/example_time_delta_sensor_async.py
[2025-03-16T08:38:26.085+0000] {processor.py:766} INFO - DAG(s) dict_keys(['example_time_delta_sensor_async']) retrieved from /home/airflow/.local/lib/python3.7/site-packages/airflow/example_dags/example_time_delta_sensor_async.py
[2025-03-16T08:38:26.496+0000] {logging_mixin.py:120} INFO - [2025-03-16T08:38:26.496+0000] {dag.py:2585} INFO - Sync 1 DAGs
[2025-03-16T08:38:26.538+0000] {logging_mixin.py:120} INFO - [2025-03-16T08:38:26.538+0000] {dag.py:3340} INFO - Setting next_dagrun for example_time_delta_sensor_async to None, run_after=None
[2025-03-16T08:38:26.562+0000] {processor.py:176} INFO - Processing /home/airflow/.local/lib/python3.7/site-packages/airflow/example_dags/example_time_delta_sensor_async.py took 0.510 seconds
[2025-03-16T08:38:57.162+0000] {processor.py:154} INFO - Started process (PID=877) to work on /home/airflow/.local/lib/python3.7/site-packages/airflow/example_dags/example_time_delta_sensor_async.py
[2025-03-16T08:38:57.163+0000] {processor.py:756} INFO - Processing file /home/airflow/.local/lib/python3.7/site-packages/airflow/example_dags/example_time_delta_sensor_async.py for tasks to queue
[2025-03-16T08:38:57.164+0000] {logging_mixin.py:120} INFO - [2025-03-16T08:38:57.164+0000] {dagbag.py:537} INFO - Filling up the DagBag from /home/airflow/.local/lib/python3.7/site-packages/airflow/example_dags/example_time_delta_sensor_async.py
[2025-03-16T08:38:57.185+0000] {processor.py:766} INFO - DAG(s) dict_keys(['example_time_delta_sensor_async']) retrieved from /home/airflow/.local/lib/python3.7/site-packages/airflow/example_dags/example_time_delta_sensor_async.py
[2025-03-16T08:38:57.533+0000] {logging_mixin.py:120} INFO - [2025-03-16T08:38:57.532+0000] {dag.py:2585} INFO - Sync 1 DAGs
[2025-03-16T08:38:57.564+0000] {logging_mixin.py:120} INFO - [2025-03-16T08:38:57.563+0000] {dag.py:3340} INFO - Setting next_dagrun for example_time_delta_sensor_async to None, run_after=None
[2025-03-16T08:38:57.585+0000] {processor.py:176} INFO - Processing /home/airflow/.local/lib/python3.7/site-packages/airflow/example_dags/example_time_delta_sensor_async.py took 0.429 seconds
[2025-03-16T08:39:27.674+0000] {processor.py:154} INFO - Started process (PID=940) to work on /home/airflow/.local/lib/python3.7/site-packages/airflow/example_dags/example_time_delta_sensor_async.py
[2025-03-16T08:39:27.675+0000] {processor.py:756} INFO - Processing file /home/airflow/.local/lib/python3.7/site-packages/airflow/example_dags/example_time_delta_sensor_async.py for tasks to queue
[2025-03-16T08:39:27.678+0000] {logging_mixin.py:120} INFO - [2025-03-16T08:39:27.678+0000] {dagbag.py:537} INFO - Filling up the DagBag from /home/airflow/.local/lib/python3.7/site-packages/airflow/example_dags/example_time_delta_sensor_async.py
[2025-03-16T08:39:27.719+0000] {processor.py:766} INFO - DAG(s) dict_keys(['example_time_delta_sensor_async']) retrieved from /home/airflow/.local/lib/python3.7/site-packages/airflow/example_dags/example_time_delta_sensor_async.py
[2025-03-16T08:39:28.222+0000] {logging_mixin.py:120} INFO - [2025-03-16T08:39:28.222+0000] {dag.py:2585} INFO - Sync 1 DAGs
[2025-03-16T08:39:28.268+0000] {logging_mixin.py:120} INFO - [2025-03-16T08:39:28.268+0000] {dag.py:3340} INFO - Setting next_dagrun for example_time_delta_sensor_async to None, run_after=None
[2025-03-16T08:39:28.296+0000] {processor.py:176} INFO - Processing /home/airflow/.local/lib/python3.7/site-packages/airflow/example_dags/example_time_delta_sensor_async.py took 0.640 seconds
[2025-03-16T08:39:58.348+0000] {processor.py:154} INFO - Started process (PID=994) to work on /home/airflow/.local/lib/python3.7/site-packages/airflow/example_dags/example_time_delta_sensor_async.py
[2025-03-16T08:39:58.351+0000] {processor.py:756} INFO - Processing file /home/airflow/.local/lib/python3.7/site-packages/airflow/example_dags/example_time_delta_sensor_async.py for tasks to queue
[2025-03-16T08:39:58.352+0000] {logging_mixin.py:120} INFO - [2025-03-16T08:39:58.352+0000] {dagbag.py:537} INFO - Filling up the DagBag from /home/airflow/.local/lib/python3.7/site-packages/airflow/example_dags/example_time_delta_sensor_async.py
[2025-03-16T08:39:58.374+0000] {processor.py:766} INFO - DAG(s) dict_keys(['example_time_delta_sensor_async']) retrieved from /home/airflow/.local/lib/python3.7/site-packages/airflow/example_dags/example_time_delta_sensor_async.py
[2025-03-16T08:39:58.735+0000] {logging_mixin.py:120} INFO - [2025-03-16T08:39:58.735+0000] {dag.py:2585} INFO - Sync 1 DAGs
[2025-03-16T08:39:58.774+0000] {logging_mixin.py:120} INFO - [2025-03-16T08:39:58.773+0000] {dag.py:3340} INFO - Setting next_dagrun for example_time_delta_sensor_async to None, run_after=None
[2025-03-16T08:39:58.800+0000] {processor.py:176} INFO - Processing /home/airflow/.local/lib/python3.7/site-packages/airflow/example_dags/example_time_delta_sensor_async.py took 0.458 seconds
[2025-03-16T08:40:29.350+0000] {processor.py:154} INFO - Started process (PID=1057) to work on /home/airflow/.local/lib/python3.7/site-packages/airflow/example_dags/example_time_delta_sensor_async.py
[2025-03-16T08:40:29.352+0000] {processor.py:756} INFO - Processing file /home/airflow/.local/lib/python3.7/site-packages/airflow/example_dags/example_time_delta_sensor_async.py for tasks to queue
[2025-03-16T08:40:29.354+0000] {logging_mixin.py:120} INFO - [2025-03-16T08:40:29.354+0000] {dagbag.py:537} INFO - Filling up the DagBag from /home/airflow/.local/lib/python3.7/site-packages/airflow/example_dags/example_time_delta_sensor_async.py
[2025-03-16T08:40:29.378+0000] {processor.py:766} INFO - DAG(s) dict_keys(['example_time_delta_sensor_async']) retrieved from /home/airflow/.local/lib/python3.7/site-packages/airflow/example_dags/example_time_delta_sensor_async.py
[2025-03-16T08:40:29.956+0000] {logging_mixin.py:120} INFO - [2025-03-16T08:40:29.956+0000] {dag.py:2585} INFO - Sync 1 DAGs
[2025-03-16T08:40:30.012+0000] {logging_mixin.py:120} INFO - [2025-03-16T08:40:30.012+0000] {dag.py:3340} INFO - Setting next_dagrun for example_time_delta_sensor_async to None, run_after=None
[2025-03-16T08:40:30.044+0000] {processor.py:176} INFO - Processing /home/airflow/.local/lib/python3.7/site-packages/airflow/example_dags/example_time_delta_sensor_async.py took 0.709 seconds
[2025-03-16T08:41:00.751+0000] {processor.py:154} INFO - Started process (PID=1112) to work on /home/airflow/.local/lib/python3.7/site-packages/airflow/example_dags/example_time_delta_sensor_async.py
[2025-03-16T08:41:00.753+0000] {processor.py:756} INFO - Processing file /home/airflow/.local/lib/python3.7/site-packages/airflow/example_dags/example_time_delta_sensor_async.py for tasks to queue
[2025-03-16T08:41:00.754+0000] {logging_mixin.py:120} INFO - [2025-03-16T08:41:00.753+0000] {dagbag.py:537} INFO - Filling up the DagBag from /home/airflow/.local/lib/python3.7/site-packages/airflow/example_dags/example_time_delta_sensor_async.py
[2025-03-16T08:41:00.775+0000] {processor.py:766} INFO - DAG(s) dict_keys(['example_time_delta_sensor_async']) retrieved from /home/airflow/.local/lib/python3.7/site-packages/airflow/example_dags/example_time_delta_sensor_async.py
[2025-03-16T08:41:01.346+0000] {logging_mixin.py:120} INFO - [2025-03-16T08:41:01.345+0000] {dag.py:2585} INFO - Sync 1 DAGs
[2025-03-16T08:41:01.454+0000] {logging_mixin.py:120} INFO - [2025-03-16T08:41:01.454+0000] {dag.py:3340} INFO - Setting next_dagrun for example_time_delta_sensor_async to None, run_after=None
[2025-03-16T08:41:01.492+0000] {processor.py:176} INFO - Processing /home/airflow/.local/lib/python3.7/site-packages/airflow/example_dags/example_time_delta_sensor_async.py took 0.747 seconds
[2025-03-16T08:41:31.674+0000] {processor.py:154} INFO - Started process (PID=1175) to work on /home/airflow/.local/lib/python3.7/site-packages/airflow/example_dags/example_time_delta_sensor_async.py
[2025-03-16T08:41:31.675+0000] {processor.py:756} INFO - Processing file /home/airflow/.local/lib/python3.7/site-packages/airflow/example_dags/example_time_delta_sensor_async.py for tasks to queue
[2025-03-16T08:41:31.677+0000] {logging_mixin.py:120} INFO - [2025-03-16T08:41:31.677+0000] {dagbag.py:537} INFO - Filling up the DagBag from /home/airflow/.local/lib/python3.7/site-packages/airflow/example_dags/example_time_delta_sensor_async.py
[2025-03-16T08:41:31.708+0000] {processor.py:766} INFO - DAG(s) dict_keys(['example_time_delta_sensor_async']) retrieved from /home/airflow/.local/lib/python3.7/site-packages/airflow/example_dags/example_time_delta_sensor_async.py
[2025-03-16T08:41:32.330+0000] {logging_mixin.py:120} INFO - [2025-03-16T08:41:32.329+0000] {dag.py:2585} INFO - Sync 1 DAGs
[2025-03-16T08:41:32.426+0000] {logging_mixin.py:120} INFO - [2025-03-16T08:41:32.426+0000] {dag.py:3340} INFO - Setting next_dagrun for example_time_delta_sensor_async to None, run_after=None
[2025-03-16T08:41:32.494+0000] {processor.py:176} INFO - Processing /home/airflow/.local/lib/python3.7/site-packages/airflow/example_dags/example_time_delta_sensor_async.py took 0.832 seconds
[2025-03-16T08:42:03.075+0000] {processor.py:154} INFO - Started process (PID=1229) to work on /home/airflow/.local/lib/python3.7/site-packages/airflow/example_dags/example_time_delta_sensor_async.py
[2025-03-16T08:42:03.084+0000] {processor.py:756} INFO - Processing file /home/airflow/.local/lib/python3.7/site-packages/airflow/example_dags/example_time_delta_sensor_async.py for tasks to queue
[2025-03-16T08:42:03.086+0000] {logging_mixin.py:120} INFO - [2025-03-16T08:42:03.086+0000] {dagbag.py:537} INFO - Filling up the DagBag from /home/airflow/.local/lib/python3.7/site-packages/airflow/example_dags/example_time_delta_sensor_async.py
[2025-03-16T08:42:03.140+0000] {processor.py:766} INFO - DAG(s) dict_keys(['example_time_delta_sensor_async']) retrieved from /home/airflow/.local/lib/python3.7/site-packages/airflow/example_dags/example_time_delta_sensor_async.py
[2025-03-16T08:42:03.561+0000] {logging_mixin.py:120} INFO - [2025-03-16T08:42:03.560+0000] {dag.py:2585} INFO - Sync 1 DAGs
[2025-03-16T08:42:03.608+0000] {logging_mixin.py:120} INFO - [2025-03-16T08:42:03.607+0000] {dag.py:3340} INFO - Setting next_dagrun for example_time_delta_sensor_async to None, run_after=None
[2025-03-16T08:42:03.643+0000] {processor.py:176} INFO - Processing /home/airflow/.local/lib/python3.7/site-packages/airflow/example_dags/example_time_delta_sensor_async.py took 0.577 seconds
[2025-03-16T08:42:33.737+0000] {processor.py:154} INFO - Started process (PID=1293) to work on /home/airflow/.local/lib/python3.7/site-packages/airflow/example_dags/example_time_delta_sensor_async.py
[2025-03-16T08:42:33.741+0000] {processor.py:756} INFO - Processing file /home/airflow/.local/lib/python3.7/site-packages/airflow/example_dags/example_time_delta_sensor_async.py for tasks to queue
[2025-03-16T08:42:33.742+0000] {logging_mixin.py:120} INFO - [2025-03-16T08:42:33.742+0000] {dagbag.py:537} INFO - Filling up the DagBag from /home/airflow/.local/lib/python3.7/site-packages/airflow/example_dags/example_time_delta_sensor_async.py
[2025-03-16T08:42:33.790+0000] {processor.py:766} INFO - DAG(s) dict_keys(['example_time_delta_sensor_async']) retrieved from /home/airflow/.local/lib/python3.7/site-packages/airflow/example_dags/example_time_delta_sensor_async.py
[2025-03-16T08:42:34.377+0000] {logging_mixin.py:120} INFO - [2025-03-16T08:42:34.376+0000] {dag.py:2585} INFO - Sync 1 DAGs
[2025-03-16T08:42:34.465+0000] {logging_mixin.py:120} INFO - [2025-03-16T08:42:34.465+0000] {dag.py:3340} INFO - Setting next_dagrun for example_time_delta_sensor_async to None, run_after=None
[2025-03-16T08:42:34.531+0000] {processor.py:176} INFO - Processing /home/airflow/.local/lib/python3.7/site-packages/airflow/example_dags/example_time_delta_sensor_async.py took 0.808 seconds
[2025-03-16T08:43:04.767+0000] {processor.py:154} INFO - Started process (PID=1347) to work on /home/airflow/.local/lib/python3.7/site-packages/airflow/example_dags/example_time_delta_sensor_async.py
[2025-03-16T08:43:04.772+0000] {processor.py:756} INFO - Processing file /home/airflow/.local/lib/python3.7/site-packages/airflow/example_dags/example_time_delta_sensor_async.py for tasks to queue
[2025-03-16T08:43:04.775+0000] {logging_mixin.py:120} INFO - [2025-03-16T08:43:04.774+0000] {dagbag.py:537} INFO - Filling up the DagBag from /home/airflow/.local/lib/python3.7/site-packages/airflow/example_dags/example_time_delta_sensor_async.py
[2025-03-16T08:43:04.803+0000] {processor.py:766} INFO - DAG(s) dict_keys(['example_time_delta_sensor_async']) retrieved from /home/airflow/.local/lib/python3.7/site-packages/airflow/example_dags/example_time_delta_sensor_async.py
[2025-03-16T08:43:05.206+0000] {logging_mixin.py:120} INFO - [2025-03-16T08:43:05.206+0000] {dag.py:2585} INFO - Sync 1 DAGs
[2025-03-16T08:43:05.264+0000] {logging_mixin.py:120} INFO - [2025-03-16T08:43:05.263+0000] {dag.py:3340} INFO - Setting next_dagrun for example_time_delta_sensor_async to None, run_after=None
[2025-03-16T08:43:05.303+0000] {processor.py:176} INFO - Processing /home/airflow/.local/lib/python3.7/site-packages/airflow/example_dags/example_time_delta_sensor_async.py took 0.548 seconds
[2025-03-16T08:43:35.703+0000] {processor.py:154} INFO - Started process (PID=1410) to work on /home/airflow/.local/lib/python3.7/site-packages/airflow/example_dags/example_time_delta_sensor_async.py
[2025-03-16T08:43:35.705+0000] {processor.py:756} INFO - Processing file /home/airflow/.local/lib/python3.7/site-packages/airflow/example_dags/example_time_delta_sensor_async.py for tasks to queue
[2025-03-16T08:43:35.710+0000] {logging_mixin.py:120} INFO - [2025-03-16T08:43:35.709+0000] {dagbag.py:537} INFO - Filling up the DagBag from /home/airflow/.local/lib/python3.7/site-packages/airflow/example_dags/example_time_delta_sensor_async.py
[2025-03-16T08:43:35.758+0000] {processor.py:766} INFO - DAG(s) dict_keys(['example_time_delta_sensor_async']) retrieved from /home/airflow/.local/lib/python3.7/site-packages/airflow/example_dags/example_time_delta_sensor_async.py
[2025-03-16T08:43:36.225+0000] {logging_mixin.py:120} INFO - [2025-03-16T08:43:36.224+0000] {dag.py:2585} INFO - Sync 1 DAGs
[2025-03-16T08:43:36.291+0000] {logging_mixin.py:120} INFO - [2025-03-16T08:43:36.290+0000] {dag.py:3340} INFO - Setting next_dagrun for example_time_delta_sensor_async to None, run_after=None
[2025-03-16T08:43:36.326+0000] {processor.py:176} INFO - Processing /home/airflow/.local/lib/python3.7/site-packages/airflow/example_dags/example_time_delta_sensor_async.py took 0.638 seconds
[2025-03-16T08:44:06.876+0000] {processor.py:154} INFO - Started process (PID=1464) to work on /home/airflow/.local/lib/python3.7/site-packages/airflow/example_dags/example_time_delta_sensor_async.py
[2025-03-16T08:44:06.880+0000] {processor.py:756} INFO - Processing file /home/airflow/.local/lib/python3.7/site-packages/airflow/example_dags/example_time_delta_sensor_async.py for tasks to queue
[2025-03-16T08:44:06.881+0000] {logging_mixin.py:120} INFO - [2025-03-16T08:44:06.881+0000] {dagbag.py:537} INFO - Filling up the DagBag from /home/airflow/.local/lib/python3.7/site-packages/airflow/example_dags/example_time_delta_sensor_async.py
[2025-03-16T08:44:06.912+0000] {processor.py:766} INFO - DAG(s) dict_keys(['example_time_delta_sensor_async']) retrieved from /home/airflow/.local/lib/python3.7/site-packages/airflow/example_dags/example_time_delta_sensor_async.py
[2025-03-16T08:44:07.357+0000] {logging_mixin.py:120} INFO - [2025-03-16T08:44:07.357+0000] {dag.py:2585} INFO - Sync 1 DAGs
[2025-03-16T08:44:07.409+0000] {logging_mixin.py:120} INFO - [2025-03-16T08:44:07.409+0000] {dag.py:3340} INFO - Setting next_dagrun for example_time_delta_sensor_async to None, run_after=None
[2025-03-16T08:44:07.442+0000] {processor.py:176} INFO - Processing /home/airflow/.local/lib/python3.7/site-packages/airflow/example_dags/example_time_delta_sensor_async.py took 0.573 seconds
[2025-03-16T08:44:37.869+0000] {processor.py:154} INFO - Started process (PID=1528) to work on /home/airflow/.local/lib/python3.7/site-packages/airflow/example_dags/example_time_delta_sensor_async.py
[2025-03-16T08:44:37.871+0000] {processor.py:756} INFO - Processing file /home/airflow/.local/lib/python3.7/site-packages/airflow/example_dags/example_time_delta_sensor_async.py for tasks to queue
[2025-03-16T08:44:37.872+0000] {logging_mixin.py:120} INFO - [2025-03-16T08:44:37.872+0000] {dagbag.py:537} INFO - Filling up the DagBag from /home/airflow/.local/lib/python3.7/site-packages/airflow/example_dags/example_time_delta_sensor_async.py
[2025-03-16T08:44:37.901+0000] {processor.py:766} INFO - DAG(s) dict_keys(['example_time_delta_sensor_async']) retrieved from /home/airflow/.local/lib/python3.7/site-packages/airflow/example_dags/example_time_delta_sensor_async.py
[2025-03-16T08:44:38.463+0000] {logging_mixin.py:120} INFO - [2025-03-16T08:44:38.462+0000] {dag.py:2585} INFO - Sync 1 DAGs
[2025-03-16T08:44:38.515+0000] {logging_mixin.py:120} INFO - [2025-03-16T08:44:38.515+0000] {dag.py:3340} INFO - Setting next_dagrun for example_time_delta_sensor_async to None, run_after=None
[2025-03-16T08:44:38.547+0000] {processor.py:176} INFO - Processing /home/airflow/.local/lib/python3.7/site-packages/airflow/example_dags/example_time_delta_sensor_async.py took 0.689 seconds
[2025-03-16T08:45:08.646+0000] {processor.py:154} INFO - Started process (PID=1583) to work on /home/airflow/.local/lib/python3.7/site-packages/airflow/example_dags/example_time_delta_sensor_async.py
[2025-03-16T08:45:08.648+0000] {processor.py:756} INFO - Processing file /home/airflow/.local/lib/python3.7/site-packages/airflow/example_dags/example_time_delta_sensor_async.py for tasks to queue
[2025-03-16T08:45:08.650+0000] {logging_mixin.py:120} INFO - [2025-03-16T08:45:08.649+0000] {dagbag.py:537} INFO - Filling up the DagBag from /home/airflow/.local/lib/python3.7/site-packages/airflow/example_dags/example_time_delta_sensor_async.py
[2025-03-16T08:45:08.677+0000] {processor.py:766} INFO - DAG(s) dict_keys(['example_time_delta_sensor_async']) retrieved from /home/airflow/.local/lib/python3.7/site-packages/airflow/example_dags/example_time_delta_sensor_async.py
[2025-03-16T08:45:09.080+0000] {logging_mixin.py:120} INFO - [2025-03-16T08:45:09.080+0000] {dag.py:2585} INFO - Sync 1 DAGs
[2025-03-16T08:45:09.112+0000] {logging_mixin.py:120} INFO - [2025-03-16T08:45:09.112+0000] {dag.py:3340} INFO - Setting next_dagrun for example_time_delta_sensor_async to None, run_after=None
[2025-03-16T08:45:09.136+0000] {processor.py:176} INFO - Processing /home/airflow/.local/lib/python3.7/site-packages/airflow/example_dags/example_time_delta_sensor_async.py took 0.499 seconds
[2025-03-16T08:45:39.226+0000] {processor.py:154} INFO - Started process (PID=1645) to work on /home/airflow/.local/lib/python3.7/site-packages/airflow/example_dags/example_time_delta_sensor_async.py
[2025-03-16T08:45:39.229+0000] {processor.py:756} INFO - Processing file /home/airflow/.local/lib/python3.7/site-packages/airflow/example_dags/example_time_delta_sensor_async.py for tasks to queue
[2025-03-16T08:45:39.230+0000] {logging_mixin.py:120} INFO - [2025-03-16T08:45:39.230+0000] {dagbag.py:537} INFO - Filling up the DagBag from /home/airflow/.local/lib/python3.7/site-packages/airflow/example_dags/example_time_delta_sensor_async.py
[2025-03-16T08:45:39.293+0000] {processor.py:766} INFO - DAG(s) dict_keys(['example_time_delta_sensor_async']) retrieved from /home/airflow/.local/lib/python3.7/site-packages/airflow/example_dags/example_time_delta_sensor_async.py
[2025-03-16T08:45:39.881+0000] {logging_mixin.py:120} INFO - [2025-03-16T08:45:39.881+0000] {dag.py:2585} INFO - Sync 1 DAGs
[2025-03-16T08:45:39.960+0000] {logging_mixin.py:120} INFO - [2025-03-16T08:45:39.960+0000] {dag.py:3340} INFO - Setting next_dagrun for example_time_delta_sensor_async to None, run_after=None
[2025-03-16T08:45:40.028+0000] {processor.py:176} INFO - Processing /home/airflow/.local/lib/python3.7/site-packages/airflow/example_dags/example_time_delta_sensor_async.py took 0.818 seconds
[2025-03-16T08:46:10.420+0000] {processor.py:154} INFO - Started process (PID=1699) to work on /home/airflow/.local/lib/python3.7/site-packages/airflow/example_dags/example_time_delta_sensor_async.py
[2025-03-16T08:46:10.424+0000] {processor.py:756} INFO - Processing file /home/airflow/.local/lib/python3.7/site-packages/airflow/example_dags/example_time_delta_sensor_async.py for tasks to queue
[2025-03-16T08:46:10.426+0000] {logging_mixin.py:120} INFO - [2025-03-16T08:46:10.426+0000] {dagbag.py:537} INFO - Filling up the DagBag from /home/airflow/.local/lib/python3.7/site-packages/airflow/example_dags/example_time_delta_sensor_async.py
[2025-03-16T08:46:10.459+0000] {processor.py:766} INFO - DAG(s) dict_keys(['example_time_delta_sensor_async']) retrieved from /home/airflow/.local/lib/python3.7/site-packages/airflow/example_dags/example_time_delta_sensor_async.py
[2025-03-16T08:46:10.971+0000] {logging_mixin.py:120} INFO - [2025-03-16T08:46:10.971+0000] {dag.py:2585} INFO - Sync 1 DAGs
[2025-03-16T08:46:11.021+0000] {logging_mixin.py:120} INFO - [2025-03-16T08:46:11.020+0000] {dag.py:3340} INFO - Setting next_dagrun for example_time_delta_sensor_async to None, run_after=None
[2025-03-16T08:46:11.054+0000] {processor.py:176} INFO - Processing /home/airflow/.local/lib/python3.7/site-packages/airflow/example_dags/example_time_delta_sensor_async.py took 0.641 seconds
[2025-03-16T08:46:41.485+0000] {processor.py:154} INFO - Started process (PID=1762) to work on /home/airflow/.local/lib/python3.7/site-packages/airflow/example_dags/example_time_delta_sensor_async.py
[2025-03-16T08:46:41.486+0000] {processor.py:756} INFO - Processing file /home/airflow/.local/lib/python3.7/site-packages/airflow/example_dags/example_time_delta_sensor_async.py for tasks to queue
[2025-03-16T08:46:41.487+0000] {logging_mixin.py:120} INFO - [2025-03-16T08:46:41.487+0000] {dagbag.py:537} INFO - Filling up the DagBag from /home/airflow/.local/lib/python3.7/site-packages/airflow/example_dags/example_time_delta_sensor_async.py
[2025-03-16T08:46:41.541+0000] {processor.py:766} INFO - DAG(s) dict_keys(['example_time_delta_sensor_async']) retrieved from /home/airflow/.local/lib/python3.7/site-packages/airflow/example_dags/example_time_delta_sensor_async.py
[2025-03-16T08:46:42.199+0000] {logging_mixin.py:120} INFO - [2025-03-16T08:46:42.198+0000] {dag.py:2585} INFO - Sync 1 DAGs
[2025-03-16T08:46:42.263+0000] {logging_mixin.py:120} INFO - [2025-03-16T08:46:42.263+0000] {dag.py:3340} INFO - Setting next_dagrun for example_time_delta_sensor_async to None, run_after=None
[2025-03-16T08:46:42.317+0000] {processor.py:176} INFO - Processing /home/airflow/.local/lib/python3.7/site-packages/airflow/example_dags/example_time_delta_sensor_async.py took 0.849 seconds
[2025-03-16T08:47:12.713+0000] {processor.py:154} INFO - Started process (PID=1816) to work on /home/airflow/.local/lib/python3.7/site-packages/airflow/example_dags/example_time_delta_sensor_async.py
[2025-03-16T08:47:12.716+0000] {processor.py:756} INFO - Processing file /home/airflow/.local/lib/python3.7/site-packages/airflow/example_dags/example_time_delta_sensor_async.py for tasks to queue
[2025-03-16T08:47:12.717+0000] {logging_mixin.py:120} INFO - [2025-03-16T08:47:12.717+0000] {dagbag.py:537} INFO - Filling up the DagBag from /home/airflow/.local/lib/python3.7/site-packages/airflow/example_dags/example_time_delta_sensor_async.py
[2025-03-16T08:47:12.746+0000] {processor.py:766} INFO - DAG(s) dict_keys(['example_time_delta_sensor_async']) retrieved from /home/airflow/.local/lib/python3.7/site-packages/airflow/example_dags/example_time_delta_sensor_async.py
[2025-03-16T08:47:13.176+0000] {logging_mixin.py:120} INFO - [2025-03-16T08:47:13.175+0000] {dag.py:2585} INFO - Sync 1 DAGs
[2025-03-16T08:47:13.222+0000] {logging_mixin.py:120} INFO - [2025-03-16T08:47:13.221+0000] {dag.py:3340} INFO - Setting next_dagrun for example_time_delta_sensor_async to None, run_after=None
[2025-03-16T08:47:13.251+0000] {processor.py:176} INFO - Processing /home/airflow/.local/lib/python3.7/site-packages/airflow/example_dags/example_time_delta_sensor_async.py took 0.546 seconds
[2025-03-16T08:47:43.381+0000] {processor.py:154} INFO - Started process (PID=1880) to work on /home/airflow/.local/lib/python3.7/site-packages/airflow/example_dags/example_time_delta_sensor_async.py
[2025-03-16T08:47:43.383+0000] {processor.py:756} INFO - Processing file /home/airflow/.local/lib/python3.7/site-packages/airflow/example_dags/example_time_delta_sensor_async.py for tasks to queue
[2025-03-16T08:47:43.384+0000] {logging_mixin.py:120} INFO - [2025-03-16T08:47:43.383+0000] {dagbag.py:537} INFO - Filling up the DagBag from /home/airflow/.local/lib/python3.7/site-packages/airflow/example_dags/example_time_delta_sensor_async.py
[2025-03-16T08:47:43.411+0000] {processor.py:766} INFO - DAG(s) dict_keys(['example_time_delta_sensor_async']) retrieved from /home/airflow/.local/lib/python3.7/site-packages/airflow/example_dags/example_time_delta_sensor_async.py
[2025-03-16T08:47:43.798+0000] {logging_mixin.py:120} INFO - [2025-03-16T08:47:43.797+0000] {dag.py:2585} INFO - Sync 1 DAGs
[2025-03-16T08:47:43.827+0000] {logging_mixin.py:120} INFO - [2025-03-16T08:47:43.826+0000] {dag.py:3340} INFO - Setting next_dagrun for example_time_delta_sensor_async to None, run_after=None
[2025-03-16T08:47:43.847+0000] {processor.py:176} INFO - Processing /home/airflow/.local/lib/python3.7/site-packages/airflow/example_dags/example_time_delta_sensor_async.py took 0.472 seconds
[2025-03-16T08:48:14.325+0000] {processor.py:154} INFO - Started process (PID=1933) to work on /home/airflow/.local/lib/python3.7/site-packages/airflow/example_dags/example_time_delta_sensor_async.py
[2025-03-16T08:48:14.328+0000] {processor.py:756} INFO - Processing file /home/airflow/.local/lib/python3.7/site-packages/airflow/example_dags/example_time_delta_sensor_async.py for tasks to queue
[2025-03-16T08:48:14.329+0000] {logging_mixin.py:120} INFO - [2025-03-16T08:48:14.329+0000] {dagbag.py:537} INFO - Filling up the DagBag from /home/airflow/.local/lib/python3.7/site-packages/airflow/example_dags/example_time_delta_sensor_async.py
[2025-03-16T08:48:14.356+0000] {processor.py:766} INFO - DAG(s) dict_keys(['example_time_delta_sensor_async']) retrieved from /home/airflow/.local/lib/python3.7/site-packages/airflow/example_dags/example_time_delta_sensor_async.py
[2025-03-16T08:48:14.760+0000] {logging_mixin.py:120} INFO - [2025-03-16T08:48:14.759+0000] {dag.py:2585} INFO - Sync 1 DAGs
[2025-03-16T08:48:14.813+0000] {logging_mixin.py:120} INFO - [2025-03-16T08:48:14.812+0000] {dag.py:3340} INFO - Setting next_dagrun for example_time_delta_sensor_async to None, run_after=None
[2025-03-16T08:48:14.845+0000] {processor.py:176} INFO - Processing /home/airflow/.local/lib/python3.7/site-packages/airflow/example_dags/example_time_delta_sensor_async.py took 0.527 seconds
[2025-03-16T08:48:45.195+0000] {processor.py:154} INFO - Started process (PID=1995) to work on /home/airflow/.local/lib/python3.7/site-packages/airflow/example_dags/example_time_delta_sensor_async.py
[2025-03-16T08:48:45.198+0000] {processor.py:756} INFO - Processing file /home/airflow/.local/lib/python3.7/site-packages/airflow/example_dags/example_time_delta_sensor_async.py for tasks to queue
[2025-03-16T08:48:45.202+0000] {logging_mixin.py:120} INFO - [2025-03-16T08:48:45.201+0000] {dagbag.py:537} INFO - Filling up the DagBag from /home/airflow/.local/lib/python3.7/site-packages/airflow/example_dags/example_time_delta_sensor_async.py
[2025-03-16T08:48:45.223+0000] {processor.py:766} INFO - DAG(s) dict_keys(['example_time_delta_sensor_async']) retrieved from /home/airflow/.local/lib/python3.7/site-packages/airflow/example_dags/example_time_delta_sensor_async.py
[2025-03-16T08:48:45.688+0000] {logging_mixin.py:120} INFO - [2025-03-16T08:48:45.687+0000] {dag.py:2585} INFO - Sync 1 DAGs
[2025-03-16T08:48:45.845+0000] {logging_mixin.py:120} INFO - [2025-03-16T08:48:45.844+0000] {dag.py:3340} INFO - Setting next_dagrun for example_time_delta_sensor_async to None, run_after=None
[2025-03-16T08:48:45.874+0000] {processor.py:176} INFO - Processing /home/airflow/.local/lib/python3.7/site-packages/airflow/example_dags/example_time_delta_sensor_async.py took 0.689 seconds
[2025-03-16T08:49:16.044+0000] {processor.py:154} INFO - Started process (PID=2050) to work on /home/airflow/.local/lib/python3.7/site-packages/airflow/example_dags/example_time_delta_sensor_async.py
[2025-03-16T08:49:16.046+0000] {processor.py:756} INFO - Processing file /home/airflow/.local/lib/python3.7/site-packages/airflow/example_dags/example_time_delta_sensor_async.py for tasks to queue
[2025-03-16T08:49:16.047+0000] {logging_mixin.py:120} INFO - [2025-03-16T08:49:16.047+0000] {dagbag.py:537} INFO - Filling up the DagBag from /home/airflow/.local/lib/python3.7/site-packages/airflow/example_dags/example_time_delta_sensor_async.py
[2025-03-16T08:49:16.095+0000] {processor.py:766} INFO - DAG(s) dict_keys(['example_time_delta_sensor_async']) retrieved from /home/airflow/.local/lib/python3.7/site-packages/airflow/example_dags/example_time_delta_sensor_async.py
[2025-03-16T08:49:16.494+0000] {logging_mixin.py:120} INFO - [2025-03-16T08:49:16.493+0000] {dag.py:2585} INFO - Sync 1 DAGs
[2025-03-16T08:49:16.544+0000] {logging_mixin.py:120} INFO - [2025-03-16T08:49:16.544+0000] {dag.py:3340} INFO - Setting next_dagrun for example_time_delta_sensor_async to None, run_after=None
[2025-03-16T08:49:16.577+0000] {processor.py:176} INFO - Processing /home/airflow/.local/lib/python3.7/site-packages/airflow/example_dags/example_time_delta_sensor_async.py took 0.539 seconds
[2025-03-16T08:49:47.413+0000] {processor.py:154} INFO - Started process (PID=2115) to work on /home/airflow/.local/lib/python3.7/site-packages/airflow/example_dags/example_time_delta_sensor_async.py
[2025-03-16T08:49:47.417+0000] {processor.py:756} INFO - Processing file /home/airflow/.local/lib/python3.7/site-packages/airflow/example_dags/example_time_delta_sensor_async.py for tasks to queue
[2025-03-16T08:49:47.419+0000] {logging_mixin.py:120} INFO - [2025-03-16T08:49:47.419+0000] {dagbag.py:537} INFO - Filling up the DagBag from /home/airflow/.local/lib/python3.7/site-packages/airflow/example_dags/example_time_delta_sensor_async.py
[2025-03-16T08:49:47.457+0000] {processor.py:766} INFO - DAG(s) dict_keys(['example_time_delta_sensor_async']) retrieved from /home/airflow/.local/lib/python3.7/site-packages/airflow/example_dags/example_time_delta_sensor_async.py
[2025-03-16T08:49:47.749+0000] {logging_mixin.py:120} INFO - [2025-03-16T08:49:47.748+0000] {dag.py:2585} INFO - Sync 1 DAGs
[2025-03-16T08:49:47.782+0000] {logging_mixin.py:120} INFO - [2025-03-16T08:49:47.782+0000] {dag.py:3340} INFO - Setting next_dagrun for example_time_delta_sensor_async to None, run_after=None
[2025-03-16T08:49:47.861+0000] {processor.py:176} INFO - Processing /home/airflow/.local/lib/python3.7/site-packages/airflow/example_dags/example_time_delta_sensor_async.py took 0.456 seconds
[2025-03-16T08:50:18.040+0000] {processor.py:154} INFO - Started process (PID=2169) to work on /home/airflow/.local/lib/python3.7/site-packages/airflow/example_dags/example_time_delta_sensor_async.py
[2025-03-16T08:50:18.042+0000] {processor.py:756} INFO - Processing file /home/airflow/.local/lib/python3.7/site-packages/airflow/example_dags/example_time_delta_sensor_async.py for tasks to queue
[2025-03-16T08:50:18.042+0000] {logging_mixin.py:120} INFO - [2025-03-16T08:50:18.042+0000] {dagbag.py:537} INFO - Filling up the DagBag from /home/airflow/.local/lib/python3.7/site-packages/airflow/example_dags/example_time_delta_sensor_async.py
[2025-03-16T08:50:18.069+0000] {processor.py:766} INFO - DAG(s) dict_keys(['example_time_delta_sensor_async']) retrieved from /home/airflow/.local/lib/python3.7/site-packages/airflow/example_dags/example_time_delta_sensor_async.py
[2025-03-16T08:50:18.414+0000] {logging_mixin.py:120} INFO - [2025-03-16T08:50:18.414+0000] {dag.py:2585} INFO - Sync 1 DAGs
[2025-03-16T08:50:18.483+0000] {logging_mixin.py:120} INFO - [2025-03-16T08:50:18.482+0000] {dag.py:3340} INFO - Setting next_dagrun for example_time_delta_sensor_async to None, run_after=None
[2025-03-16T08:50:18.508+0000] {processor.py:176} INFO - Processing /home/airflow/.local/lib/python3.7/site-packages/airflow/example_dags/example_time_delta_sensor_async.py took 0.472 seconds
[2025-03-16T08:50:48.547+0000] {processor.py:154} INFO - Started process (PID=2232) to work on /home/airflow/.local/lib/python3.7/site-packages/airflow/example_dags/example_time_delta_sensor_async.py
[2025-03-16T08:50:48.548+0000] {processor.py:756} INFO - Processing file /home/airflow/.local/lib/python3.7/site-packages/airflow/example_dags/example_time_delta_sensor_async.py for tasks to queue
[2025-03-16T08:50:48.549+0000] {logging_mixin.py:120} INFO - [2025-03-16T08:50:48.549+0000] {dagbag.py:537} INFO - Filling up the DagBag from /home/airflow/.local/lib/python3.7/site-packages/airflow/example_dags/example_time_delta_sensor_async.py
[2025-03-16T08:50:48.563+0000] {processor.py:766} INFO - DAG(s) dict_keys(['example_time_delta_sensor_async']) retrieved from /home/airflow/.local/lib/python3.7/site-packages/airflow/example_dags/example_time_delta_sensor_async.py
[2025-03-16T08:50:48.794+0000] {logging_mixin.py:120} INFO - [2025-03-16T08:50:48.794+0000] {dag.py:2585} INFO - Sync 1 DAGs
[2025-03-16T08:50:48.822+0000] {logging_mixin.py:120} INFO - [2025-03-16T08:50:48.822+0000] {dag.py:3340} INFO - Setting next_dagrun for example_time_delta_sensor_async to None, run_after=None
[2025-03-16T08:50:48.843+0000] {processor.py:176} INFO - Processing /home/airflow/.local/lib/python3.7/site-packages/airflow/example_dags/example_time_delta_sensor_async.py took 0.300 seconds
[2025-03-16T08:51:19.499+0000] {processor.py:154} INFO - Started process (PID=2286) to work on /home/airflow/.local/lib/python3.7/site-packages/airflow/example_dags/example_time_delta_sensor_async.py
[2025-03-16T08:51:19.501+0000] {processor.py:756} INFO - Processing file /home/airflow/.local/lib/python3.7/site-packages/airflow/example_dags/example_time_delta_sensor_async.py for tasks to queue
[2025-03-16T08:51:19.502+0000] {logging_mixin.py:120} INFO - [2025-03-16T08:51:19.501+0000] {dagbag.py:537} INFO - Filling up the DagBag from /home/airflow/.local/lib/python3.7/site-packages/airflow/example_dags/example_time_delta_sensor_async.py
[2025-03-16T08:51:19.525+0000] {processor.py:766} INFO - DAG(s) dict_keys(['example_time_delta_sensor_async']) retrieved from /home/airflow/.local/lib/python3.7/site-packages/airflow/example_dags/example_time_delta_sensor_async.py
[2025-03-16T08:51:19.935+0000] {logging_mixin.py:120} INFO - [2025-03-16T08:51:19.935+0000] {dag.py:2585} INFO - Sync 1 DAGs
[2025-03-16T08:51:20.047+0000] {logging_mixin.py:120} INFO - [2025-03-16T08:51:20.047+0000] {dag.py:3340} INFO - Setting next_dagrun for example_time_delta_sensor_async to None, run_after=None
[2025-03-16T08:51:20.112+0000] {processor.py:176} INFO - Processing /home/airflow/.local/lib/python3.7/site-packages/airflow/example_dags/example_time_delta_sensor_async.py took 0.623 seconds
[2025-03-16T08:51:50.218+0000] {processor.py:154} INFO - Started process (PID=2350) to work on /home/airflow/.local/lib/python3.7/site-packages/airflow/example_dags/example_time_delta_sensor_async.py
[2025-03-16T08:51:50.220+0000] {processor.py:756} INFO - Processing file /home/airflow/.local/lib/python3.7/site-packages/airflow/example_dags/example_time_delta_sensor_async.py for tasks to queue
[2025-03-16T08:51:50.221+0000] {logging_mixin.py:120} INFO - [2025-03-16T08:51:50.221+0000] {dagbag.py:537} INFO - Filling up the DagBag from /home/airflow/.local/lib/python3.7/site-packages/airflow/example_dags/example_time_delta_sensor_async.py
[2025-03-16T08:51:50.245+0000] {processor.py:766} INFO - DAG(s) dict_keys(['example_time_delta_sensor_async']) retrieved from /home/airflow/.local/lib/python3.7/site-packages/airflow/example_dags/example_time_delta_sensor_async.py
[2025-03-16T08:51:50.618+0000] {logging_mixin.py:120} INFO - [2025-03-16T08:51:50.617+0000] {dag.py:2585} INFO - Sync 1 DAGs
[2025-03-16T08:51:50.662+0000] {logging_mixin.py:120} INFO - [2025-03-16T08:51:50.662+0000] {dag.py:3340} INFO - Setting next_dagrun for example_time_delta_sensor_async to None, run_after=None
[2025-03-16T08:51:50.693+0000] {processor.py:176} INFO - Processing /home/airflow/.local/lib/python3.7/site-packages/airflow/example_dags/example_time_delta_sensor_async.py took 0.480 seconds
[2025-03-16T08:52:20.861+0000] {processor.py:154} INFO - Started process (PID=2406) to work on /home/airflow/.local/lib/python3.7/site-packages/airflow/example_dags/example_time_delta_sensor_async.py
[2025-03-16T08:52:20.863+0000] {processor.py:756} INFO - Processing file /home/airflow/.local/lib/python3.7/site-packages/airflow/example_dags/example_time_delta_sensor_async.py for tasks to queue
[2025-03-16T08:52:20.864+0000] {logging_mixin.py:120} INFO - [2025-03-16T08:52:20.864+0000] {dagbag.py:537} INFO - Filling up the DagBag from /home/airflow/.local/lib/python3.7/site-packages/airflow/example_dags/example_time_delta_sensor_async.py
[2025-03-16T08:52:20.891+0000] {processor.py:766} INFO - DAG(s) dict_keys(['example_time_delta_sensor_async']) retrieved from /home/airflow/.local/lib/python3.7/site-packages/airflow/example_dags/example_time_delta_sensor_async.py
[2025-03-16T08:52:21.335+0000] {logging_mixin.py:120} INFO - [2025-03-16T08:52:21.334+0000] {dag.py:2585} INFO - Sync 1 DAGs
[2025-03-16T08:52:21.408+0000] {logging_mixin.py:120} INFO - [2025-03-16T08:52:21.407+0000] {dag.py:3340} INFO - Setting next_dagrun for example_time_delta_sensor_async to None, run_after=None
[2025-03-16T08:52:21.441+0000] {processor.py:176} INFO - Processing /home/airflow/.local/lib/python3.7/site-packages/airflow/example_dags/example_time_delta_sensor_async.py took 0.588 seconds
[2025-03-16T08:52:52.184+0000] {processor.py:154} INFO - Started process (PID=2469) to work on /home/airflow/.local/lib/python3.7/site-packages/airflow/example_dags/example_time_delta_sensor_async.py
[2025-03-16T08:52:52.186+0000] {processor.py:756} INFO - Processing file /home/airflow/.local/lib/python3.7/site-packages/airflow/example_dags/example_time_delta_sensor_async.py for tasks to queue
[2025-03-16T08:52:52.199+0000] {logging_mixin.py:120} INFO - [2025-03-16T08:52:52.192+0000] {dagbag.py:537} INFO - Filling up the DagBag from /home/airflow/.local/lib/python3.7/site-packages/airflow/example_dags/example_time_delta_sensor_async.py
[2025-03-16T08:52:52.234+0000] {processor.py:766} INFO - DAG(s) dict_keys(['example_time_delta_sensor_async']) retrieved from /home/airflow/.local/lib/python3.7/site-packages/airflow/example_dags/example_time_delta_sensor_async.py
[2025-03-16T08:52:52.648+0000] {logging_mixin.py:120} INFO - [2025-03-16T08:52:52.648+0000] {dag.py:2585} INFO - Sync 1 DAGs
[2025-03-16T08:52:52.690+0000] {logging_mixin.py:120} INFO - [2025-03-16T08:52:52.690+0000] {dag.py:3340} INFO - Setting next_dagrun for example_time_delta_sensor_async to None, run_after=None
[2025-03-16T08:52:52.718+0000] {processor.py:176} INFO - Processing /home/airflow/.local/lib/python3.7/site-packages/airflow/example_dags/example_time_delta_sensor_async.py took 0.544 seconds
[2025-03-16T08:53:22.776+0000] {processor.py:154} INFO - Started process (PID=2523) to work on /home/airflow/.local/lib/python3.7/site-packages/airflow/example_dags/example_time_delta_sensor_async.py
[2025-03-16T08:53:22.778+0000] {processor.py:756} INFO - Processing file /home/airflow/.local/lib/python3.7/site-packages/airflow/example_dags/example_time_delta_sensor_async.py for tasks to queue
[2025-03-16T08:53:22.779+0000] {logging_mixin.py:120} INFO - [2025-03-16T08:53:22.779+0000] {dagbag.py:537} INFO - Filling up the DagBag from /home/airflow/.local/lib/python3.7/site-packages/airflow/example_dags/example_time_delta_sensor_async.py
[2025-03-16T08:53:22.811+0000] {processor.py:766} INFO - DAG(s) dict_keys(['example_time_delta_sensor_async']) retrieved from /home/airflow/.local/lib/python3.7/site-packages/airflow/example_dags/example_time_delta_sensor_async.py
[2025-03-16T08:53:23.180+0000] {logging_mixin.py:120} INFO - [2025-03-16T08:53:23.180+0000] {dag.py:2585} INFO - Sync 1 DAGs
[2025-03-16T08:53:23.267+0000] {logging_mixin.py:120} INFO - [2025-03-16T08:53:23.267+0000] {dag.py:3340} INFO - Setting next_dagrun for example_time_delta_sensor_async to None, run_after=None
[2025-03-16T08:53:23.336+0000] {processor.py:176} INFO - Processing /home/airflow/.local/lib/python3.7/site-packages/airflow/example_dags/example_time_delta_sensor_async.py took 0.565 seconds
[2025-03-16T08:53:53.543+0000] {processor.py:154} INFO - Started process (PID=2587) to work on /home/airflow/.local/lib/python3.7/site-packages/airflow/example_dags/example_time_delta_sensor_async.py
[2025-03-16T08:53:53.546+0000] {processor.py:756} INFO - Processing file /home/airflow/.local/lib/python3.7/site-packages/airflow/example_dags/example_time_delta_sensor_async.py for tasks to queue
[2025-03-16T08:53:53.547+0000] {logging_mixin.py:120} INFO - [2025-03-16T08:53:53.547+0000] {dagbag.py:537} INFO - Filling up the DagBag from /home/airflow/.local/lib/python3.7/site-packages/airflow/example_dags/example_time_delta_sensor_async.py
[2025-03-16T08:53:53.571+0000] {processor.py:766} INFO - DAG(s) dict_keys(['example_time_delta_sensor_async']) retrieved from /home/airflow/.local/lib/python3.7/site-packages/airflow/example_dags/example_time_delta_sensor_async.py
[2025-03-16T08:53:54.038+0000] {logging_mixin.py:120} INFO - [2025-03-16T08:53:54.037+0000] {dag.py:2585} INFO - Sync 1 DAGs
[2025-03-16T08:53:54.089+0000] {logging_mixin.py:120} INFO - [2025-03-16T08:53:54.088+0000] {dag.py:3340} INFO - Setting next_dagrun for example_time_delta_sensor_async to None, run_after=None
[2025-03-16T08:53:54.124+0000] {processor.py:176} INFO - Processing /home/airflow/.local/lib/python3.7/site-packages/airflow/example_dags/example_time_delta_sensor_async.py took 0.588 seconds
[2025-03-16T08:54:24.218+0000] {processor.py:154} INFO - Started process (PID=2641) to work on /home/airflow/.local/lib/python3.7/site-packages/airflow/example_dags/example_time_delta_sensor_async.py
[2025-03-16T08:54:24.221+0000] {processor.py:756} INFO - Processing file /home/airflow/.local/lib/python3.7/site-packages/airflow/example_dags/example_time_delta_sensor_async.py for tasks to queue
[2025-03-16T08:54:24.222+0000] {logging_mixin.py:120} INFO - [2025-03-16T08:54:24.222+0000] {dagbag.py:537} INFO - Filling up the DagBag from /home/airflow/.local/lib/python3.7/site-packages/airflow/example_dags/example_time_delta_sensor_async.py
[2025-03-16T08:54:24.287+0000] {processor.py:766} INFO - DAG(s) dict_keys(['example_time_delta_sensor_async']) retrieved from /home/airflow/.local/lib/python3.7/site-packages/airflow/example_dags/example_time_delta_sensor_async.py
[2025-03-16T08:54:24.855+0000] {logging_mixin.py:120} INFO - [2025-03-16T08:54:24.855+0000] {dag.py:2585} INFO - Sync 1 DAGs
[2025-03-16T08:54:24.945+0000] {logging_mixin.py:120} INFO - [2025-03-16T08:54:24.944+0000] {dag.py:3340} INFO - Setting next_dagrun for example_time_delta_sensor_async to None, run_after=None
[2025-03-16T08:54:25.003+0000] {processor.py:176} INFO - Processing /home/airflow/.local/lib/python3.7/site-packages/airflow/example_dags/example_time_delta_sensor_async.py took 0.790 seconds
[2025-03-16T08:54:55.218+0000] {processor.py:154} INFO - Started process (PID=2705) to work on /home/airflow/.local/lib/python3.7/site-packages/airflow/example_dags/example_time_delta_sensor_async.py
[2025-03-16T08:54:55.219+0000] {processor.py:756} INFO - Processing file /home/airflow/.local/lib/python3.7/site-packages/airflow/example_dags/example_time_delta_sensor_async.py for tasks to queue
[2025-03-16T08:54:55.220+0000] {logging_mixin.py:120} INFO - [2025-03-16T08:54:55.220+0000] {dagbag.py:537} INFO - Filling up the DagBag from /home/airflow/.local/lib/python3.7/site-packages/airflow/example_dags/example_time_delta_sensor_async.py
[2025-03-16T08:54:55.243+0000] {processor.py:766} INFO - DAG(s) dict_keys(['example_time_delta_sensor_async']) retrieved from /home/airflow/.local/lib/python3.7/site-packages/airflow/example_dags/example_time_delta_sensor_async.py
[2025-03-16T08:54:55.623+0000] {logging_mixin.py:120} INFO - [2025-03-16T08:54:55.623+0000] {dag.py:2585} INFO - Sync 1 DAGs
[2025-03-16T08:54:55.651+0000] {logging_mixin.py:120} INFO - [2025-03-16T08:54:55.651+0000] {dag.py:3340} INFO - Setting next_dagrun for example_time_delta_sensor_async to None, run_after=None
[2025-03-16T08:54:55.671+0000] {processor.py:176} INFO - Processing /home/airflow/.local/lib/python3.7/site-packages/airflow/example_dags/example_time_delta_sensor_async.py took 0.457 seconds
[2025-03-16T08:55:26.066+0000] {processor.py:154} INFO - Started process (PID=2761) to work on /home/airflow/.local/lib/python3.7/site-packages/airflow/example_dags/example_time_delta_sensor_async.py
[2025-03-16T08:55:26.068+0000] {processor.py:756} INFO - Processing file /home/airflow/.local/lib/python3.7/site-packages/airflow/example_dags/example_time_delta_sensor_async.py for tasks to queue
[2025-03-16T08:55:26.070+0000] {logging_mixin.py:120} INFO - [2025-03-16T08:55:26.070+0000] {dagbag.py:537} INFO - Filling up the DagBag from /home/airflow/.local/lib/python3.7/site-packages/airflow/example_dags/example_time_delta_sensor_async.py
[2025-03-16T08:55:26.090+0000] {processor.py:766} INFO - DAG(s) dict_keys(['example_time_delta_sensor_async']) retrieved from /home/airflow/.local/lib/python3.7/site-packages/airflow/example_dags/example_time_delta_sensor_async.py
[2025-03-16T08:55:26.372+0000] {logging_mixin.py:120} INFO - [2025-03-16T08:55:26.372+0000] {dag.py:2585} INFO - Sync 1 DAGs
[2025-03-16T08:55:26.466+0000] {logging_mixin.py:120} INFO - [2025-03-16T08:55:26.463+0000] {dag.py:3340} INFO - Setting next_dagrun for example_time_delta_sensor_async to None, run_after=None
[2025-03-16T08:55:26.514+0000] {processor.py:176} INFO - Processing /home/airflow/.local/lib/python3.7/site-packages/airflow/example_dags/example_time_delta_sensor_async.py took 0.453 seconds
[2025-03-16T08:55:57.360+0000] {processor.py:154} INFO - Started process (PID=2824) to work on /home/airflow/.local/lib/python3.7/site-packages/airflow/example_dags/example_time_delta_sensor_async.py
[2025-03-16T08:55:57.362+0000] {processor.py:756} INFO - Processing file /home/airflow/.local/lib/python3.7/site-packages/airflow/example_dags/example_time_delta_sensor_async.py for tasks to queue
[2025-03-16T08:55:57.363+0000] {logging_mixin.py:120} INFO - [2025-03-16T08:55:57.363+0000] {dagbag.py:537} INFO - Filling up the DagBag from /home/airflow/.local/lib/python3.7/site-packages/airflow/example_dags/example_time_delta_sensor_async.py
[2025-03-16T08:55:57.383+0000] {processor.py:766} INFO - DAG(s) dict_keys(['example_time_delta_sensor_async']) retrieved from /home/airflow/.local/lib/python3.7/site-packages/airflow/example_dags/example_time_delta_sensor_async.py
[2025-03-16T08:55:57.637+0000] {logging_mixin.py:120} INFO - [2025-03-16T08:55:57.637+0000] {dag.py:2585} INFO - Sync 1 DAGs
[2025-03-16T08:55:57.670+0000] {logging_mixin.py:120} INFO - [2025-03-16T08:55:57.670+0000] {dag.py:3340} INFO - Setting next_dagrun for example_time_delta_sensor_async to None, run_after=None
[2025-03-16T08:55:57.693+0000] {processor.py:176} INFO - Processing /home/airflow/.local/lib/python3.7/site-packages/airflow/example_dags/example_time_delta_sensor_async.py took 0.339 seconds
[2025-03-16T08:56:27.808+0000] {processor.py:154} INFO - Started process (PID=2887) to work on /home/airflow/.local/lib/python3.7/site-packages/airflow/example_dags/example_time_delta_sensor_async.py
[2025-03-16T08:56:27.809+0000] {processor.py:756} INFO - Processing file /home/airflow/.local/lib/python3.7/site-packages/airflow/example_dags/example_time_delta_sensor_async.py for tasks to queue
[2025-03-16T08:56:27.810+0000] {logging_mixin.py:120} INFO - [2025-03-16T08:56:27.810+0000] {dagbag.py:537} INFO - Filling up the DagBag from /home/airflow/.local/lib/python3.7/site-packages/airflow/example_dags/example_time_delta_sensor_async.py
[2025-03-16T08:56:27.833+0000] {processor.py:766} INFO - DAG(s) dict_keys(['example_time_delta_sensor_async']) retrieved from /home/airflow/.local/lib/python3.7/site-packages/airflow/example_dags/example_time_delta_sensor_async.py
[2025-03-16T08:56:28.260+0000] {logging_mixin.py:120} INFO - [2025-03-16T08:56:28.260+0000] {dag.py:2585} INFO - Sync 1 DAGs
[2025-03-16T08:56:28.305+0000] {logging_mixin.py:120} INFO - [2025-03-16T08:56:28.305+0000] {dag.py:3340} INFO - Setting next_dagrun for example_time_delta_sensor_async to None, run_after=None
[2025-03-16T08:56:28.333+0000] {processor.py:176} INFO - Processing /home/airflow/.local/lib/python3.7/site-packages/airflow/example_dags/example_time_delta_sensor_async.py took 0.531 seconds
