[2025-03-16T08:31:38.054+0000] {processor.py:154} INFO - Started process (PID=46) to work on /home/airflow/.local/lib/python3.7/site-packages/airflow/example_dags/example_xcomargs.py
[2025-03-16T08:31:38.055+0000] {processor.py:756} INFO - Processing file /home/airflow/.local/lib/python3.7/site-packages/airflow/example_dags/example_xcomargs.py for tasks to queue
[2025-03-16T08:31:38.058+0000] {logging_mixin.py:120} INFO - [2025-03-16T08:31:38.056+0000] {dagbag.py:537} INFO - Filling up the DagBag from /home/airflow/.local/lib/python3.7/site-packages/airflow/example_dags/example_xcomargs.py
[2025-03-16T08:31:38.138+0000] {processor.py:766} INFO - DAG(s) dict_keys(['example_xcom_args_with_operators', 'example_xcom_args']) retrieved from /home/airflow/.local/lib/python3.7/site-packages/airflow/example_dags/example_xcomargs.py
[2025-03-16T08:31:38.644+0000] {logging_mixin.py:120} INFO - [2025-03-16T08:31:38.644+0000] {manager.py:507} INFO - Created Permission View: can read on DAG:example_xcom_args_with_operators
[2025-03-16T08:31:38.672+0000] {logging_mixin.py:120} INFO - [2025-03-16T08:31:38.671+0000] {manager.py:507} INFO - Created Permission View: can edit on DAG:example_xcom_args_with_operators
[2025-03-16T08:31:38.688+0000] {logging_mixin.py:120} INFO - [2025-03-16T08:31:38.688+0000] {manager.py:507} INFO - Created Permission View: can delete on DAG:example_xcom_args_with_operators
[2025-03-16T08:31:38.736+0000] {logging_mixin.py:120} INFO - [2025-03-16T08:31:38.736+0000] {manager.py:507} INFO - Created Permission View: can read on DAG:example_xcom_args
[2025-03-16T08:31:38.764+0000] {logging_mixin.py:120} INFO - [2025-03-16T08:31:38.764+0000] {manager.py:507} INFO - Created Permission View: can edit on DAG:example_xcom_args
[2025-03-16T08:31:38.789+0000] {logging_mixin.py:120} INFO - [2025-03-16T08:31:38.789+0000] {manager.py:507} INFO - Created Permission View: can delete on DAG:example_xcom_args
[2025-03-16T08:31:38.791+0000] {logging_mixin.py:120} INFO - [2025-03-16T08:31:38.790+0000] {dag.py:2585} INFO - Sync 2 DAGs
[2025-03-16T08:31:38.861+0000] {logging_mixin.py:120} INFO - [2025-03-16T08:31:38.860+0000] {dag.py:2606} INFO - Creating ORM DAG for example_xcom_args
[2025-03-16T08:31:38.862+0000] {logging_mixin.py:120} INFO - [2025-03-16T08:31:38.861+0000] {dag.py:2606} INFO - Creating ORM DAG for example_xcom_args_with_operators
[2025-03-16T08:31:38.924+0000] {logging_mixin.py:120} INFO - [2025-03-16T08:31:38.924+0000] {dag.py:3340} INFO - Setting next_dagrun for example_xcom_args to None, run_after=None
[2025-03-16T08:31:38.929+0000] {logging_mixin.py:120} INFO - [2025-03-16T08:31:38.925+0000] {dag.py:3340} INFO - Setting next_dagrun for example_xcom_args_with_operators to None, run_after=None
[2025-03-16T08:31:39.003+0000] {processor.py:176} INFO - Processing /home/airflow/.local/lib/python3.7/site-packages/airflow/example_dags/example_xcomargs.py took 0.960 seconds
[2025-03-16T08:32:09.289+0000] {processor.py:154} INFO - Started process (PID=100) to work on /home/airflow/.local/lib/python3.7/site-packages/airflow/example_dags/example_xcomargs.py
[2025-03-16T08:32:09.294+0000] {processor.py:756} INFO - Processing file /home/airflow/.local/lib/python3.7/site-packages/airflow/example_dags/example_xcomargs.py for tasks to queue
[2025-03-16T08:32:09.297+0000] {logging_mixin.py:120} INFO - [2025-03-16T08:32:09.296+0000] {dagbag.py:537} INFO - Filling up the DagBag from /home/airflow/.local/lib/python3.7/site-packages/airflow/example_dags/example_xcomargs.py
[2025-03-16T08:32:09.346+0000] {processor.py:766} INFO - DAG(s) dict_keys(['example_xcom_args', 'example_xcom_args_with_operators']) retrieved from /home/airflow/.local/lib/python3.7/site-packages/airflow/example_dags/example_xcomargs.py
[2025-03-16T08:32:09.427+0000] {logging_mixin.py:120} INFO - [2025-03-16T08:32:09.427+0000] {dag.py:2585} INFO - Sync 2 DAGs
[2025-03-16T08:32:09.474+0000] {logging_mixin.py:120} INFO - [2025-03-16T08:32:09.474+0000] {dag.py:3340} INFO - Setting next_dagrun for example_xcom_args to None, run_after=None
[2025-03-16T08:32:09.482+0000] {logging_mixin.py:120} INFO - [2025-03-16T08:32:09.481+0000] {dag.py:3340} INFO - Setting next_dagrun for example_xcom_args_with_operators to None, run_after=None
[2025-03-16T08:32:09.508+0000] {processor.py:176} INFO - Processing /home/airflow/.local/lib/python3.7/site-packages/airflow/example_dags/example_xcomargs.py took 0.228 seconds
[2025-03-16T08:32:40.088+0000] {processor.py:154} INFO - Started process (PID=164) to work on /home/airflow/.local/lib/python3.7/site-packages/airflow/example_dags/example_xcomargs.py
[2025-03-16T08:32:40.089+0000] {processor.py:756} INFO - Processing file /home/airflow/.local/lib/python3.7/site-packages/airflow/example_dags/example_xcomargs.py for tasks to queue
[2025-03-16T08:32:40.090+0000] {logging_mixin.py:120} INFO - [2025-03-16T08:32:40.090+0000] {dagbag.py:537} INFO - Filling up the DagBag from /home/airflow/.local/lib/python3.7/site-packages/airflow/example_dags/example_xcomargs.py
[2025-03-16T08:32:40.149+0000] {processor.py:766} INFO - DAG(s) dict_keys(['example_xcom_args_with_operators', 'example_xcom_args']) retrieved from /home/airflow/.local/lib/python3.7/site-packages/airflow/example_dags/example_xcomargs.py
[2025-03-16T08:32:40.241+0000] {logging_mixin.py:120} INFO - [2025-03-16T08:32:40.241+0000] {dag.py:2585} INFO - Sync 2 DAGs
[2025-03-16T08:32:40.287+0000] {logging_mixin.py:120} INFO - [2025-03-16T08:32:40.287+0000] {dag.py:3340} INFO - Setting next_dagrun for example_xcom_args to None, run_after=None
[2025-03-16T08:32:40.293+0000] {logging_mixin.py:120} INFO - [2025-03-16T08:32:40.292+0000] {dag.py:3340} INFO - Setting next_dagrun for example_xcom_args_with_operators to None, run_after=None
[2025-03-16T08:32:40.320+0000] {processor.py:176} INFO - Processing /home/airflow/.local/lib/python3.7/site-packages/airflow/example_dags/example_xcomargs.py took 0.238 seconds
[2025-03-16T08:33:10.409+0000] {processor.py:154} INFO - Started process (PID=217) to work on /home/airflow/.local/lib/python3.7/site-packages/airflow/example_dags/example_xcomargs.py
[2025-03-16T08:33:10.412+0000] {processor.py:756} INFO - Processing file /home/airflow/.local/lib/python3.7/site-packages/airflow/example_dags/example_xcomargs.py for tasks to queue
[2025-03-16T08:33:10.414+0000] {logging_mixin.py:120} INFO - [2025-03-16T08:33:10.413+0000] {dagbag.py:537} INFO - Filling up the DagBag from /home/airflow/.local/lib/python3.7/site-packages/airflow/example_dags/example_xcomargs.py
[2025-03-16T08:33:10.510+0000] {processor.py:766} INFO - DAG(s) dict_keys(['example_xcom_args_with_operators', 'example_xcom_args']) retrieved from /home/airflow/.local/lib/python3.7/site-packages/airflow/example_dags/example_xcomargs.py
[2025-03-16T08:33:10.608+0000] {logging_mixin.py:120} INFO - [2025-03-16T08:33:10.608+0000] {dag.py:2585} INFO - Sync 2 DAGs
[2025-03-16T08:33:10.665+0000] {logging_mixin.py:120} INFO - [2025-03-16T08:33:10.665+0000] {dag.py:3340} INFO - Setting next_dagrun for example_xcom_args to None, run_after=None
[2025-03-16T08:33:10.675+0000] {logging_mixin.py:120} INFO - [2025-03-16T08:33:10.675+0000] {dag.py:3340} INFO - Setting next_dagrun for example_xcom_args_with_operators to None, run_after=None
[2025-03-16T08:33:10.703+0000] {processor.py:176} INFO - Processing /home/airflow/.local/lib/python3.7/site-packages/airflow/example_dags/example_xcomargs.py took 0.299 seconds
[2025-03-16T08:33:41.532+0000] {processor.py:154} INFO - Started process (PID=280) to work on /home/airflow/.local/lib/python3.7/site-packages/airflow/example_dags/example_xcomargs.py
[2025-03-16T08:33:41.534+0000] {processor.py:756} INFO - Processing file /home/airflow/.local/lib/python3.7/site-packages/airflow/example_dags/example_xcomargs.py for tasks to queue
[2025-03-16T08:33:41.535+0000] {logging_mixin.py:120} INFO - [2025-03-16T08:33:41.535+0000] {dagbag.py:537} INFO - Filling up the DagBag from /home/airflow/.local/lib/python3.7/site-packages/airflow/example_dags/example_xcomargs.py
[2025-03-16T08:33:41.584+0000] {processor.py:766} INFO - DAG(s) dict_keys(['example_xcom_args', 'example_xcom_args_with_operators']) retrieved from /home/airflow/.local/lib/python3.7/site-packages/airflow/example_dags/example_xcomargs.py
[2025-03-16T08:33:41.681+0000] {logging_mixin.py:120} INFO - [2025-03-16T08:33:41.680+0000] {dag.py:2585} INFO - Sync 2 DAGs
[2025-03-16T08:33:41.742+0000] {logging_mixin.py:120} INFO - [2025-03-16T08:33:41.742+0000] {dag.py:3340} INFO - Setting next_dagrun for example_xcom_args to None, run_after=None
[2025-03-16T08:33:41.749+0000] {logging_mixin.py:120} INFO - [2025-03-16T08:33:41.749+0000] {dag.py:3340} INFO - Setting next_dagrun for example_xcom_args_with_operators to None, run_after=None
[2025-03-16T08:33:41.781+0000] {processor.py:176} INFO - Processing /home/airflow/.local/lib/python3.7/site-packages/airflow/example_dags/example_xcomargs.py took 0.255 seconds
[2025-03-16T08:34:12.366+0000] {processor.py:154} INFO - Started process (PID=335) to work on /home/airflow/.local/lib/python3.7/site-packages/airflow/example_dags/example_xcomargs.py
[2025-03-16T08:34:12.368+0000] {processor.py:756} INFO - Processing file /home/airflow/.local/lib/python3.7/site-packages/airflow/example_dags/example_xcomargs.py for tasks to queue
[2025-03-16T08:34:12.370+0000] {logging_mixin.py:120} INFO - [2025-03-16T08:34:12.370+0000] {dagbag.py:537} INFO - Filling up the DagBag from /home/airflow/.local/lib/python3.7/site-packages/airflow/example_dags/example_xcomargs.py
[2025-03-16T08:34:12.415+0000] {processor.py:766} INFO - DAG(s) dict_keys(['example_xcom_args_with_operators', 'example_xcom_args']) retrieved from /home/airflow/.local/lib/python3.7/site-packages/airflow/example_dags/example_xcomargs.py
[2025-03-16T08:34:12.507+0000] {logging_mixin.py:120} INFO - [2025-03-16T08:34:12.507+0000] {dag.py:2585} INFO - Sync 2 DAGs
[2025-03-16T08:34:12.558+0000] {logging_mixin.py:120} INFO - [2025-03-16T08:34:12.558+0000] {dag.py:3340} INFO - Setting next_dagrun for example_xcom_args to None, run_after=None
[2025-03-16T08:34:12.564+0000] {logging_mixin.py:120} INFO - [2025-03-16T08:34:12.564+0000] {dag.py:3340} INFO - Setting next_dagrun for example_xcom_args_with_operators to None, run_after=None
[2025-03-16T08:34:12.592+0000] {processor.py:176} INFO - Processing /home/airflow/.local/lib/python3.7/site-packages/airflow/example_dags/example_xcomargs.py took 0.230 seconds
[2025-03-16T08:34:43.335+0000] {processor.py:154} INFO - Started process (PID=397) to work on /home/airflow/.local/lib/python3.7/site-packages/airflow/example_dags/example_xcomargs.py
[2025-03-16T08:34:43.337+0000] {processor.py:756} INFO - Processing file /home/airflow/.local/lib/python3.7/site-packages/airflow/example_dags/example_xcomargs.py for tasks to queue
[2025-03-16T08:34:43.339+0000] {logging_mixin.py:120} INFO - [2025-03-16T08:34:43.338+0000] {dagbag.py:537} INFO - Filling up the DagBag from /home/airflow/.local/lib/python3.7/site-packages/airflow/example_dags/example_xcomargs.py
[2025-03-16T08:34:43.400+0000] {processor.py:766} INFO - DAG(s) dict_keys(['example_xcom_args_with_operators', 'example_xcom_args']) retrieved from /home/airflow/.local/lib/python3.7/site-packages/airflow/example_dags/example_xcomargs.py
[2025-03-16T08:34:43.509+0000] {logging_mixin.py:120} INFO - [2025-03-16T08:34:43.509+0000] {dag.py:2585} INFO - Sync 2 DAGs
[2025-03-16T08:34:43.574+0000] {logging_mixin.py:120} INFO - [2025-03-16T08:34:43.574+0000] {dag.py:3340} INFO - Setting next_dagrun for example_xcom_args to None, run_after=None
[2025-03-16T08:34:43.581+0000] {logging_mixin.py:120} INFO - [2025-03-16T08:34:43.581+0000] {dag.py:3340} INFO - Setting next_dagrun for example_xcom_args_with_operators to None, run_after=None
[2025-03-16T08:34:43.619+0000] {processor.py:176} INFO - Processing /home/airflow/.local/lib/python3.7/site-packages/airflow/example_dags/example_xcomargs.py took 0.299 seconds
[2025-03-16T08:35:13.696+0000] {processor.py:154} INFO - Started process (PID=451) to work on /home/airflow/.local/lib/python3.7/site-packages/airflow/example_dags/example_xcomargs.py
[2025-03-16T08:35:13.700+0000] {processor.py:756} INFO - Processing file /home/airflow/.local/lib/python3.7/site-packages/airflow/example_dags/example_xcomargs.py for tasks to queue
[2025-03-16T08:35:13.703+0000] {logging_mixin.py:120} INFO - [2025-03-16T08:35:13.703+0000] {dagbag.py:537} INFO - Filling up the DagBag from /home/airflow/.local/lib/python3.7/site-packages/airflow/example_dags/example_xcomargs.py
[2025-03-16T08:35:13.756+0000] {processor.py:766} INFO - DAG(s) dict_keys(['example_xcom_args', 'example_xcom_args_with_operators']) retrieved from /home/airflow/.local/lib/python3.7/site-packages/airflow/example_dags/example_xcomargs.py
[2025-03-16T08:35:13.843+0000] {logging_mixin.py:120} INFO - [2025-03-16T08:35:13.842+0000] {dag.py:2585} INFO - Sync 2 DAGs
[2025-03-16T08:35:13.895+0000] {logging_mixin.py:120} INFO - [2025-03-16T08:35:13.895+0000] {dag.py:3340} INFO - Setting next_dagrun for example_xcom_args to None, run_after=None
[2025-03-16T08:35:13.902+0000] {logging_mixin.py:120} INFO - [2025-03-16T08:35:13.902+0000] {dag.py:3340} INFO - Setting next_dagrun for example_xcom_args_with_operators to None, run_after=None
[2025-03-16T08:35:13.956+0000] {processor.py:176} INFO - Processing /home/airflow/.local/lib/python3.7/site-packages/airflow/example_dags/example_xcomargs.py took 0.270 seconds
[2025-03-16T08:35:44.379+0000] {processor.py:154} INFO - Started process (PID=514) to work on /home/airflow/.local/lib/python3.7/site-packages/airflow/example_dags/example_xcomargs.py
[2025-03-16T08:35:44.381+0000] {processor.py:756} INFO - Processing file /home/airflow/.local/lib/python3.7/site-packages/airflow/example_dags/example_xcomargs.py for tasks to queue
[2025-03-16T08:35:44.382+0000] {logging_mixin.py:120} INFO - [2025-03-16T08:35:44.381+0000] {dagbag.py:537} INFO - Filling up the DagBag from /home/airflow/.local/lib/python3.7/site-packages/airflow/example_dags/example_xcomargs.py
[2025-03-16T08:35:44.433+0000] {processor.py:766} INFO - DAG(s) dict_keys(['example_xcom_args', 'example_xcom_args_with_operators']) retrieved from /home/airflow/.local/lib/python3.7/site-packages/airflow/example_dags/example_xcomargs.py
[2025-03-16T08:35:44.504+0000] {logging_mixin.py:120} INFO - [2025-03-16T08:35:44.504+0000] {dag.py:2585} INFO - Sync 2 DAGs
[2025-03-16T08:35:44.553+0000] {logging_mixin.py:120} INFO - [2025-03-16T08:35:44.553+0000] {dag.py:3340} INFO - Setting next_dagrun for example_xcom_args to None, run_after=None
[2025-03-16T08:35:44.561+0000] {logging_mixin.py:120} INFO - [2025-03-16T08:35:44.561+0000] {dag.py:3340} INFO - Setting next_dagrun for example_xcom_args_with_operators to None, run_after=None
[2025-03-16T08:35:44.595+0000] {processor.py:176} INFO - Processing /home/airflow/.local/lib/python3.7/site-packages/airflow/example_dags/example_xcomargs.py took 0.221 seconds
[2025-03-16T08:36:15.247+0000] {processor.py:154} INFO - Started process (PID=568) to work on /home/airflow/.local/lib/python3.7/site-packages/airflow/example_dags/example_xcomargs.py
[2025-03-16T08:36:15.249+0000] {processor.py:756} INFO - Processing file /home/airflow/.local/lib/python3.7/site-packages/airflow/example_dags/example_xcomargs.py for tasks to queue
[2025-03-16T08:36:15.251+0000] {logging_mixin.py:120} INFO - [2025-03-16T08:36:15.251+0000] {dagbag.py:537} INFO - Filling up the DagBag from /home/airflow/.local/lib/python3.7/site-packages/airflow/example_dags/example_xcomargs.py
[2025-03-16T08:36:15.300+0000] {processor.py:766} INFO - DAG(s) dict_keys(['example_xcom_args', 'example_xcom_args_with_operators']) retrieved from /home/airflow/.local/lib/python3.7/site-packages/airflow/example_dags/example_xcomargs.py
[2025-03-16T08:36:15.392+0000] {logging_mixin.py:120} INFO - [2025-03-16T08:36:15.391+0000] {dag.py:2585} INFO - Sync 2 DAGs
[2025-03-16T08:36:15.443+0000] {logging_mixin.py:120} INFO - [2025-03-16T08:36:15.443+0000] {dag.py:3340} INFO - Setting next_dagrun for example_xcom_args to None, run_after=None
[2025-03-16T08:36:15.450+0000] {logging_mixin.py:120} INFO - [2025-03-16T08:36:15.450+0000] {dag.py:3340} INFO - Setting next_dagrun for example_xcom_args_with_operators to None, run_after=None
[2025-03-16T08:36:15.479+0000] {processor.py:176} INFO - Processing /home/airflow/.local/lib/python3.7/site-packages/airflow/example_dags/example_xcomargs.py took 0.243 seconds
[2025-03-16T08:36:45.609+0000] {processor.py:154} INFO - Started process (PID=631) to work on /home/airflow/.local/lib/python3.7/site-packages/airflow/example_dags/example_xcomargs.py
[2025-03-16T08:36:45.612+0000] {processor.py:756} INFO - Processing file /home/airflow/.local/lib/python3.7/site-packages/airflow/example_dags/example_xcomargs.py for tasks to queue
[2025-03-16T08:36:45.613+0000] {logging_mixin.py:120} INFO - [2025-03-16T08:36:45.613+0000] {dagbag.py:537} INFO - Filling up the DagBag from /home/airflow/.local/lib/python3.7/site-packages/airflow/example_dags/example_xcomargs.py
[2025-03-16T08:36:45.715+0000] {processor.py:766} INFO - DAG(s) dict_keys(['example_xcom_args', 'example_xcom_args_with_operators']) retrieved from /home/airflow/.local/lib/python3.7/site-packages/airflow/example_dags/example_xcomargs.py
[2025-03-16T08:36:45.822+0000] {logging_mixin.py:120} INFO - [2025-03-16T08:36:45.822+0000] {dag.py:2585} INFO - Sync 2 DAGs
[2025-03-16T08:36:45.882+0000] {logging_mixin.py:120} INFO - [2025-03-16T08:36:45.881+0000] {dag.py:3340} INFO - Setting next_dagrun for example_xcom_args to None, run_after=None
[2025-03-16T08:36:45.888+0000] {logging_mixin.py:120} INFO - [2025-03-16T08:36:45.887+0000] {dag.py:3340} INFO - Setting next_dagrun for example_xcom_args_with_operators to None, run_after=None
[2025-03-16T08:36:45.945+0000] {processor.py:176} INFO - Processing /home/airflow/.local/lib/python3.7/site-packages/airflow/example_dags/example_xcomargs.py took 0.352 seconds
[2025-03-16T08:37:16.640+0000] {processor.py:154} INFO - Started process (PID=684) to work on /home/airflow/.local/lib/python3.7/site-packages/airflow/example_dags/example_xcomargs.py
[2025-03-16T08:37:16.642+0000] {processor.py:756} INFO - Processing file /home/airflow/.local/lib/python3.7/site-packages/airflow/example_dags/example_xcomargs.py for tasks to queue
[2025-03-16T08:37:16.643+0000] {logging_mixin.py:120} INFO - [2025-03-16T08:37:16.643+0000] {dagbag.py:537} INFO - Filling up the DagBag from /home/airflow/.local/lib/python3.7/site-packages/airflow/example_dags/example_xcomargs.py
[2025-03-16T08:37:16.698+0000] {processor.py:766} INFO - DAG(s) dict_keys(['example_xcom_args_with_operators', 'example_xcom_args']) retrieved from /home/airflow/.local/lib/python3.7/site-packages/airflow/example_dags/example_xcomargs.py
[2025-03-16T08:37:16.797+0000] {logging_mixin.py:120} INFO - [2025-03-16T08:37:16.797+0000] {dag.py:2585} INFO - Sync 2 DAGs
[2025-03-16T08:37:16.890+0000] {logging_mixin.py:120} INFO - [2025-03-16T08:37:16.889+0000] {dag.py:3340} INFO - Setting next_dagrun for example_xcom_args to None, run_after=None
[2025-03-16T08:37:16.903+0000] {logging_mixin.py:120} INFO - [2025-03-16T08:37:16.902+0000] {dag.py:3340} INFO - Setting next_dagrun for example_xcom_args_with_operators to None, run_after=None
[2025-03-16T08:37:16.937+0000] {processor.py:176} INFO - Processing /home/airflow/.local/lib/python3.7/site-packages/airflow/example_dags/example_xcomargs.py took 0.305 seconds
[2025-03-16T08:37:47.161+0000] {processor.py:154} INFO - Started process (PID=748) to work on /home/airflow/.local/lib/python3.7/site-packages/airflow/example_dags/example_xcomargs.py
[2025-03-16T08:37:47.162+0000] {processor.py:756} INFO - Processing file /home/airflow/.local/lib/python3.7/site-packages/airflow/example_dags/example_xcomargs.py for tasks to queue
[2025-03-16T08:37:47.167+0000] {logging_mixin.py:120} INFO - [2025-03-16T08:37:47.166+0000] {dagbag.py:537} INFO - Filling up the DagBag from /home/airflow/.local/lib/python3.7/site-packages/airflow/example_dags/example_xcomargs.py
[2025-03-16T08:37:47.240+0000] {processor.py:766} INFO - DAG(s) dict_keys(['example_xcom_args_with_operators', 'example_xcom_args']) retrieved from /home/airflow/.local/lib/python3.7/site-packages/airflow/example_dags/example_xcomargs.py
[2025-03-16T08:37:47.326+0000] {logging_mixin.py:120} INFO - [2025-03-16T08:37:47.326+0000] {dag.py:2585} INFO - Sync 2 DAGs
[2025-03-16T08:37:47.374+0000] {logging_mixin.py:120} INFO - [2025-03-16T08:37:47.374+0000] {dag.py:3340} INFO - Setting next_dagrun for example_xcom_args to None, run_after=None
[2025-03-16T08:37:47.380+0000] {logging_mixin.py:120} INFO - [2025-03-16T08:37:47.380+0000] {dag.py:3340} INFO - Setting next_dagrun for example_xcom_args_with_operators to None, run_after=None
[2025-03-16T08:37:47.408+0000] {processor.py:176} INFO - Processing /home/airflow/.local/lib/python3.7/site-packages/airflow/example_dags/example_xcomargs.py took 0.265 seconds
[2025-03-16T08:38:17.834+0000] {processor.py:154} INFO - Started process (PID=802) to work on /home/airflow/.local/lib/python3.7/site-packages/airflow/example_dags/example_xcomargs.py
[2025-03-16T08:38:17.835+0000] {processor.py:756} INFO - Processing file /home/airflow/.local/lib/python3.7/site-packages/airflow/example_dags/example_xcomargs.py for tasks to queue
[2025-03-16T08:38:17.836+0000] {logging_mixin.py:120} INFO - [2025-03-16T08:38:17.836+0000] {dagbag.py:537} INFO - Filling up the DagBag from /home/airflow/.local/lib/python3.7/site-packages/airflow/example_dags/example_xcomargs.py
[2025-03-16T08:38:17.875+0000] {processor.py:766} INFO - DAG(s) dict_keys(['example_xcom_args_with_operators', 'example_xcom_args']) retrieved from /home/airflow/.local/lib/python3.7/site-packages/airflow/example_dags/example_xcomargs.py
[2025-03-16T08:38:17.950+0000] {logging_mixin.py:120} INFO - [2025-03-16T08:38:17.949+0000] {dag.py:2585} INFO - Sync 2 DAGs
[2025-03-16T08:38:17.992+0000] {logging_mixin.py:120} INFO - [2025-03-16T08:38:17.992+0000] {dag.py:3340} INFO - Setting next_dagrun for example_xcom_args to None, run_after=None
[2025-03-16T08:38:17.998+0000] {logging_mixin.py:120} INFO - [2025-03-16T08:38:17.998+0000] {dag.py:3340} INFO - Setting next_dagrun for example_xcom_args_with_operators to None, run_after=None
[2025-03-16T08:38:18.023+0000] {processor.py:176} INFO - Processing /home/airflow/.local/lib/python3.7/site-packages/airflow/example_dags/example_xcomargs.py took 0.195 seconds
[2025-03-16T08:38:48.402+0000] {processor.py:154} INFO - Started process (PID=865) to work on /home/airflow/.local/lib/python3.7/site-packages/airflow/example_dags/example_xcomargs.py
[2025-03-16T08:38:48.406+0000] {processor.py:756} INFO - Processing file /home/airflow/.local/lib/python3.7/site-packages/airflow/example_dags/example_xcomargs.py for tasks to queue
[2025-03-16T08:38:48.407+0000] {logging_mixin.py:120} INFO - [2025-03-16T08:38:48.407+0000] {dagbag.py:537} INFO - Filling up the DagBag from /home/airflow/.local/lib/python3.7/site-packages/airflow/example_dags/example_xcomargs.py
[2025-03-16T08:38:48.503+0000] {processor.py:766} INFO - DAG(s) dict_keys(['example_xcom_args_with_operators', 'example_xcom_args']) retrieved from /home/airflow/.local/lib/python3.7/site-packages/airflow/example_dags/example_xcomargs.py
[2025-03-16T08:38:48.613+0000] {logging_mixin.py:120} INFO - [2025-03-16T08:38:48.613+0000] {dag.py:2585} INFO - Sync 2 DAGs
[2025-03-16T08:38:48.676+0000] {logging_mixin.py:120} INFO - [2025-03-16T08:38:48.675+0000] {dag.py:3340} INFO - Setting next_dagrun for example_xcom_args to None, run_after=None
[2025-03-16T08:38:48.686+0000] {logging_mixin.py:120} INFO - [2025-03-16T08:38:48.685+0000] {dag.py:3340} INFO - Setting next_dagrun for example_xcom_args_with_operators to None, run_after=None
[2025-03-16T08:38:48.751+0000] {processor.py:176} INFO - Processing /home/airflow/.local/lib/python3.7/site-packages/airflow/example_dags/example_xcomargs.py took 0.358 seconds
[2025-03-16T08:39:19.202+0000] {processor.py:154} INFO - Started process (PID=919) to work on /home/airflow/.local/lib/python3.7/site-packages/airflow/example_dags/example_xcomargs.py
[2025-03-16T08:39:19.204+0000] {processor.py:756} INFO - Processing file /home/airflow/.local/lib/python3.7/site-packages/airflow/example_dags/example_xcomargs.py for tasks to queue
[2025-03-16T08:39:19.206+0000] {logging_mixin.py:120} INFO - [2025-03-16T08:39:19.206+0000] {dagbag.py:537} INFO - Filling up the DagBag from /home/airflow/.local/lib/python3.7/site-packages/airflow/example_dags/example_xcomargs.py
[2025-03-16T08:39:19.248+0000] {processor.py:766} INFO - DAG(s) dict_keys(['example_xcom_args', 'example_xcom_args_with_operators']) retrieved from /home/airflow/.local/lib/python3.7/site-packages/airflow/example_dags/example_xcomargs.py
[2025-03-16T08:39:19.341+0000] {logging_mixin.py:120} INFO - [2025-03-16T08:39:19.340+0000] {dag.py:2585} INFO - Sync 2 DAGs
[2025-03-16T08:39:19.397+0000] {logging_mixin.py:120} INFO - [2025-03-16T08:39:19.396+0000] {dag.py:3340} INFO - Setting next_dagrun for example_xcom_args to None, run_after=None
[2025-03-16T08:39:19.403+0000] {logging_mixin.py:120} INFO - [2025-03-16T08:39:19.402+0000] {dag.py:3340} INFO - Setting next_dagrun for example_xcom_args_with_operators to None, run_after=None
[2025-03-16T08:39:19.436+0000] {processor.py:176} INFO - Processing /home/airflow/.local/lib/python3.7/site-packages/airflow/example_dags/example_xcomargs.py took 0.239 seconds
[2025-03-16T08:39:49.723+0000] {processor.py:154} INFO - Started process (PID=973) to work on /home/airflow/.local/lib/python3.7/site-packages/airflow/example_dags/example_xcomargs.py
[2025-03-16T08:39:49.724+0000] {processor.py:756} INFO - Processing file /home/airflow/.local/lib/python3.7/site-packages/airflow/example_dags/example_xcomargs.py for tasks to queue
[2025-03-16T08:39:49.725+0000] {logging_mixin.py:120} INFO - [2025-03-16T08:39:49.725+0000] {dagbag.py:537} INFO - Filling up the DagBag from /home/airflow/.local/lib/python3.7/site-packages/airflow/example_dags/example_xcomargs.py
[2025-03-16T08:39:49.769+0000] {processor.py:766} INFO - DAG(s) dict_keys(['example_xcom_args', 'example_xcom_args_with_operators']) retrieved from /home/airflow/.local/lib/python3.7/site-packages/airflow/example_dags/example_xcomargs.py
[2025-03-16T08:39:49.889+0000] {logging_mixin.py:120} INFO - [2025-03-16T08:39:49.889+0000] {dag.py:2585} INFO - Sync 2 DAGs
[2025-03-16T08:39:49.936+0000] {logging_mixin.py:120} INFO - [2025-03-16T08:39:49.936+0000] {dag.py:3340} INFO - Setting next_dagrun for example_xcom_args to None, run_after=None
[2025-03-16T08:39:49.943+0000] {logging_mixin.py:120} INFO - [2025-03-16T08:39:49.942+0000] {dag.py:3340} INFO - Setting next_dagrun for example_xcom_args_with_operators to None, run_after=None
[2025-03-16T08:39:49.973+0000] {processor.py:176} INFO - Processing /home/airflow/.local/lib/python3.7/site-packages/airflow/example_dags/example_xcomargs.py took 0.256 seconds
[2025-03-16T08:40:20.486+0000] {processor.py:154} INFO - Started process (PID=1036) to work on /home/airflow/.local/lib/python3.7/site-packages/airflow/example_dags/example_xcomargs.py
[2025-03-16T08:40:20.487+0000] {processor.py:756} INFO - Processing file /home/airflow/.local/lib/python3.7/site-packages/airflow/example_dags/example_xcomargs.py for tasks to queue
[2025-03-16T08:40:20.488+0000] {logging_mixin.py:120} INFO - [2025-03-16T08:40:20.488+0000] {dagbag.py:537} INFO - Filling up the DagBag from /home/airflow/.local/lib/python3.7/site-packages/airflow/example_dags/example_xcomargs.py
[2025-03-16T08:40:20.537+0000] {processor.py:766} INFO - DAG(s) dict_keys(['example_xcom_args', 'example_xcom_args_with_operators']) retrieved from /home/airflow/.local/lib/python3.7/site-packages/airflow/example_dags/example_xcomargs.py
[2025-03-16T08:40:20.618+0000] {logging_mixin.py:120} INFO - [2025-03-16T08:40:20.618+0000] {dag.py:2585} INFO - Sync 2 DAGs
[2025-03-16T08:40:20.667+0000] {logging_mixin.py:120} INFO - [2025-03-16T08:40:20.667+0000] {dag.py:3340} INFO - Setting next_dagrun for example_xcom_args to None, run_after=None
[2025-03-16T08:40:20.675+0000] {logging_mixin.py:120} INFO - [2025-03-16T08:40:20.675+0000] {dag.py:3340} INFO - Setting next_dagrun for example_xcom_args_with_operators to None, run_after=None
[2025-03-16T08:40:20.713+0000] {processor.py:176} INFO - Processing /home/airflow/.local/lib/python3.7/site-packages/airflow/example_dags/example_xcomargs.py took 0.233 seconds
[2025-03-16T08:40:50.844+0000] {processor.py:154} INFO - Started process (PID=1090) to work on /home/airflow/.local/lib/python3.7/site-packages/airflow/example_dags/example_xcomargs.py
[2025-03-16T08:40:50.845+0000] {processor.py:756} INFO - Processing file /home/airflow/.local/lib/python3.7/site-packages/airflow/example_dags/example_xcomargs.py for tasks to queue
[2025-03-16T08:40:50.846+0000] {logging_mixin.py:120} INFO - [2025-03-16T08:40:50.846+0000] {dagbag.py:537} INFO - Filling up the DagBag from /home/airflow/.local/lib/python3.7/site-packages/airflow/example_dags/example_xcomargs.py
[2025-03-16T08:40:50.889+0000] {processor.py:766} INFO - DAG(s) dict_keys(['example_xcom_args', 'example_xcom_args_with_operators']) retrieved from /home/airflow/.local/lib/python3.7/site-packages/airflow/example_dags/example_xcomargs.py
[2025-03-16T08:40:50.966+0000] {logging_mixin.py:120} INFO - [2025-03-16T08:40:50.966+0000] {dag.py:2585} INFO - Sync 2 DAGs
[2025-03-16T08:40:51.010+0000] {logging_mixin.py:120} INFO - [2025-03-16T08:40:51.010+0000] {dag.py:3340} INFO - Setting next_dagrun for example_xcom_args to None, run_after=None
[2025-03-16T08:40:51.016+0000] {logging_mixin.py:120} INFO - [2025-03-16T08:40:51.016+0000] {dag.py:3340} INFO - Setting next_dagrun for example_xcom_args_with_operators to None, run_after=None
[2025-03-16T08:40:51.056+0000] {processor.py:176} INFO - Processing /home/airflow/.local/lib/python3.7/site-packages/airflow/example_dags/example_xcomargs.py took 0.217 seconds
[2025-03-16T08:41:21.748+0000] {processor.py:154} INFO - Started process (PID=1153) to work on /home/airflow/.local/lib/python3.7/site-packages/airflow/example_dags/example_xcomargs.py
[2025-03-16T08:41:21.750+0000] {processor.py:756} INFO - Processing file /home/airflow/.local/lib/python3.7/site-packages/airflow/example_dags/example_xcomargs.py for tasks to queue
[2025-03-16T08:41:21.751+0000] {logging_mixin.py:120} INFO - [2025-03-16T08:41:21.751+0000] {dagbag.py:537} INFO - Filling up the DagBag from /home/airflow/.local/lib/python3.7/site-packages/airflow/example_dags/example_xcomargs.py
[2025-03-16T08:41:21.801+0000] {processor.py:766} INFO - DAG(s) dict_keys(['example_xcom_args_with_operators', 'example_xcom_args']) retrieved from /home/airflow/.local/lib/python3.7/site-packages/airflow/example_dags/example_xcomargs.py
[2025-03-16T08:41:21.894+0000] {logging_mixin.py:120} INFO - [2025-03-16T08:41:21.894+0000] {dag.py:2585} INFO - Sync 2 DAGs
[2025-03-16T08:41:21.954+0000] {logging_mixin.py:120} INFO - [2025-03-16T08:41:21.954+0000] {dag.py:3340} INFO - Setting next_dagrun for example_xcom_args to None, run_after=None
[2025-03-16T08:41:21.960+0000] {logging_mixin.py:120} INFO - [2025-03-16T08:41:21.960+0000] {dag.py:3340} INFO - Setting next_dagrun for example_xcom_args_with_operators to None, run_after=None
[2025-03-16T08:41:21.989+0000] {processor.py:176} INFO - Processing /home/airflow/.local/lib/python3.7/site-packages/airflow/example_dags/example_xcomargs.py took 0.248 seconds
[2025-03-16T08:41:52.189+0000] {processor.py:154} INFO - Started process (PID=1207) to work on /home/airflow/.local/lib/python3.7/site-packages/airflow/example_dags/example_xcomargs.py
[2025-03-16T08:41:52.190+0000] {processor.py:756} INFO - Processing file /home/airflow/.local/lib/python3.7/site-packages/airflow/example_dags/example_xcomargs.py for tasks to queue
[2025-03-16T08:41:52.191+0000] {logging_mixin.py:120} INFO - [2025-03-16T08:41:52.191+0000] {dagbag.py:537} INFO - Filling up the DagBag from /home/airflow/.local/lib/python3.7/site-packages/airflow/example_dags/example_xcomargs.py
[2025-03-16T08:41:52.235+0000] {processor.py:766} INFO - DAG(s) dict_keys(['example_xcom_args_with_operators', 'example_xcom_args']) retrieved from /home/airflow/.local/lib/python3.7/site-packages/airflow/example_dags/example_xcomargs.py
[2025-03-16T08:41:52.332+0000] {logging_mixin.py:120} INFO - [2025-03-16T08:41:52.332+0000] {dag.py:2585} INFO - Sync 2 DAGs
[2025-03-16T08:41:52.383+0000] {logging_mixin.py:120} INFO - [2025-03-16T08:41:52.383+0000] {dag.py:3340} INFO - Setting next_dagrun for example_xcom_args to None, run_after=None
[2025-03-16T08:41:52.389+0000] {logging_mixin.py:120} INFO - [2025-03-16T08:41:52.389+0000] {dag.py:3340} INFO - Setting next_dagrun for example_xcom_args_with_operators to None, run_after=None
[2025-03-16T08:41:52.420+0000] {processor.py:176} INFO - Processing /home/airflow/.local/lib/python3.7/site-packages/airflow/example_dags/example_xcomargs.py took 0.238 seconds
[2025-03-16T08:42:22.898+0000] {processor.py:154} INFO - Started process (PID=1270) to work on /home/airflow/.local/lib/python3.7/site-packages/airflow/example_dags/example_xcomargs.py
[2025-03-16T08:42:22.900+0000] {processor.py:756} INFO - Processing file /home/airflow/.local/lib/python3.7/site-packages/airflow/example_dags/example_xcomargs.py for tasks to queue
[2025-03-16T08:42:22.901+0000] {logging_mixin.py:120} INFO - [2025-03-16T08:42:22.901+0000] {dagbag.py:537} INFO - Filling up the DagBag from /home/airflow/.local/lib/python3.7/site-packages/airflow/example_dags/example_xcomargs.py
[2025-03-16T08:42:22.942+0000] {processor.py:766} INFO - DAG(s) dict_keys(['example_xcom_args', 'example_xcom_args_with_operators']) retrieved from /home/airflow/.local/lib/python3.7/site-packages/airflow/example_dags/example_xcomargs.py
[2025-03-16T08:42:23.022+0000] {logging_mixin.py:120} INFO - [2025-03-16T08:42:23.021+0000] {dag.py:2585} INFO - Sync 2 DAGs
[2025-03-16T08:42:23.071+0000] {logging_mixin.py:120} INFO - [2025-03-16T08:42:23.071+0000] {dag.py:3340} INFO - Setting next_dagrun for example_xcom_args to None, run_after=None
[2025-03-16T08:42:23.078+0000] {logging_mixin.py:120} INFO - [2025-03-16T08:42:23.078+0000] {dag.py:3340} INFO - Setting next_dagrun for example_xcom_args_with_operators to None, run_after=None
[2025-03-16T08:42:23.108+0000] {processor.py:176} INFO - Processing /home/airflow/.local/lib/python3.7/site-packages/airflow/example_dags/example_xcomargs.py took 0.216 seconds
[2025-03-16T08:42:54.084+0000] {processor.py:154} INFO - Started process (PID=1324) to work on /home/airflow/.local/lib/python3.7/site-packages/airflow/example_dags/example_xcomargs.py
[2025-03-16T08:42:54.086+0000] {processor.py:756} INFO - Processing file /home/airflow/.local/lib/python3.7/site-packages/airflow/example_dags/example_xcomargs.py for tasks to queue
[2025-03-16T08:42:54.087+0000] {logging_mixin.py:120} INFO - [2025-03-16T08:42:54.087+0000] {dagbag.py:537} INFO - Filling up the DagBag from /home/airflow/.local/lib/python3.7/site-packages/airflow/example_dags/example_xcomargs.py
[2025-03-16T08:42:54.115+0000] {processor.py:766} INFO - DAG(s) dict_keys(['example_xcom_args', 'example_xcom_args_with_operators']) retrieved from /home/airflow/.local/lib/python3.7/site-packages/airflow/example_dags/example_xcomargs.py
[2025-03-16T08:42:54.171+0000] {logging_mixin.py:120} INFO - [2025-03-16T08:42:54.171+0000] {dag.py:2585} INFO - Sync 2 DAGs
[2025-03-16T08:42:54.202+0000] {logging_mixin.py:120} INFO - [2025-03-16T08:42:54.202+0000] {dag.py:3340} INFO - Setting next_dagrun for example_xcom_args to None, run_after=None
[2025-03-16T08:42:54.207+0000] {logging_mixin.py:120} INFO - [2025-03-16T08:42:54.206+0000] {dag.py:3340} INFO - Setting next_dagrun for example_xcom_args_with_operators to None, run_after=None
[2025-03-16T08:42:54.236+0000] {processor.py:176} INFO - Processing /home/airflow/.local/lib/python3.7/site-packages/airflow/example_dags/example_xcomargs.py took 0.156 seconds
[2025-03-16T08:43:24.954+0000] {processor.py:154} INFO - Started process (PID=1387) to work on /home/airflow/.local/lib/python3.7/site-packages/airflow/example_dags/example_xcomargs.py
[2025-03-16T08:43:24.956+0000] {processor.py:756} INFO - Processing file /home/airflow/.local/lib/python3.7/site-packages/airflow/example_dags/example_xcomargs.py for tasks to queue
[2025-03-16T08:43:24.957+0000] {logging_mixin.py:120} INFO - [2025-03-16T08:43:24.957+0000] {dagbag.py:537} INFO - Filling up the DagBag from /home/airflow/.local/lib/python3.7/site-packages/airflow/example_dags/example_xcomargs.py
[2025-03-16T08:43:25.017+0000] {processor.py:766} INFO - DAG(s) dict_keys(['example_xcom_args', 'example_xcom_args_with_operators']) retrieved from /home/airflow/.local/lib/python3.7/site-packages/airflow/example_dags/example_xcomargs.py
[2025-03-16T08:43:25.108+0000] {logging_mixin.py:120} INFO - [2025-03-16T08:43:25.108+0000] {dag.py:2585} INFO - Sync 2 DAGs
[2025-03-16T08:43:25.184+0000] {logging_mixin.py:120} INFO - [2025-03-16T08:43:25.184+0000] {dag.py:3340} INFO - Setting next_dagrun for example_xcom_args to None, run_after=None
[2025-03-16T08:43:25.190+0000] {logging_mixin.py:120} INFO - [2025-03-16T08:43:25.190+0000] {dag.py:3340} INFO - Setting next_dagrun for example_xcom_args_with_operators to None, run_after=None
[2025-03-16T08:43:25.221+0000] {processor.py:176} INFO - Processing /home/airflow/.local/lib/python3.7/site-packages/airflow/example_dags/example_xcomargs.py took 0.273 seconds
[2025-03-16T08:43:55.522+0000] {processor.py:154} INFO - Started process (PID=1441) to work on /home/airflow/.local/lib/python3.7/site-packages/airflow/example_dags/example_xcomargs.py
[2025-03-16T08:43:55.523+0000] {processor.py:756} INFO - Processing file /home/airflow/.local/lib/python3.7/site-packages/airflow/example_dags/example_xcomargs.py for tasks to queue
[2025-03-16T08:43:55.524+0000] {logging_mixin.py:120} INFO - [2025-03-16T08:43:55.523+0000] {dagbag.py:537} INFO - Filling up the DagBag from /home/airflow/.local/lib/python3.7/site-packages/airflow/example_dags/example_xcomargs.py
[2025-03-16T08:43:55.566+0000] {processor.py:766} INFO - DAG(s) dict_keys(['example_xcom_args', 'example_xcom_args_with_operators']) retrieved from /home/airflow/.local/lib/python3.7/site-packages/airflow/example_dags/example_xcomargs.py
[2025-03-16T08:43:55.658+0000] {logging_mixin.py:120} INFO - [2025-03-16T08:43:55.657+0000] {dag.py:2585} INFO - Sync 2 DAGs
[2025-03-16T08:43:55.709+0000] {logging_mixin.py:120} INFO - [2025-03-16T08:43:55.709+0000] {dag.py:3340} INFO - Setting next_dagrun for example_xcom_args to None, run_after=None
[2025-03-16T08:43:55.715+0000] {logging_mixin.py:120} INFO - [2025-03-16T08:43:55.715+0000] {dag.py:3340} INFO - Setting next_dagrun for example_xcom_args_with_operators to None, run_after=None
[2025-03-16T08:43:55.739+0000] {processor.py:176} INFO - Processing /home/airflow/.local/lib/python3.7/site-packages/airflow/example_dags/example_xcomargs.py took 0.223 seconds
[2025-03-16T08:44:26.514+0000] {processor.py:154} INFO - Started process (PID=1505) to work on /home/airflow/.local/lib/python3.7/site-packages/airflow/example_dags/example_xcomargs.py
[2025-03-16T08:44:26.516+0000] {processor.py:756} INFO - Processing file /home/airflow/.local/lib/python3.7/site-packages/airflow/example_dags/example_xcomargs.py for tasks to queue
[2025-03-16T08:44:26.517+0000] {logging_mixin.py:120} INFO - [2025-03-16T08:44:26.517+0000] {dagbag.py:537} INFO - Filling up the DagBag from /home/airflow/.local/lib/python3.7/site-packages/airflow/example_dags/example_xcomargs.py
[2025-03-16T08:44:26.557+0000] {processor.py:766} INFO - DAG(s) dict_keys(['example_xcom_args', 'example_xcom_args_with_operators']) retrieved from /home/airflow/.local/lib/python3.7/site-packages/airflow/example_dags/example_xcomargs.py
[2025-03-16T08:44:26.630+0000] {logging_mixin.py:120} INFO - [2025-03-16T08:44:26.629+0000] {dag.py:2585} INFO - Sync 2 DAGs
[2025-03-16T08:44:26.680+0000] {logging_mixin.py:120} INFO - [2025-03-16T08:44:26.680+0000] {dag.py:3340} INFO - Setting next_dagrun for example_xcom_args to None, run_after=None
[2025-03-16T08:44:26.688+0000] {logging_mixin.py:120} INFO - [2025-03-16T08:44:26.688+0000] {dag.py:3340} INFO - Setting next_dagrun for example_xcom_args_with_operators to None, run_after=None
[2025-03-16T08:44:26.720+0000] {processor.py:176} INFO - Processing /home/airflow/.local/lib/python3.7/site-packages/airflow/example_dags/example_xcomargs.py took 0.212 seconds
[2025-03-16T08:44:57.022+0000] {processor.py:154} INFO - Started process (PID=1559) to work on /home/airflow/.local/lib/python3.7/site-packages/airflow/example_dags/example_xcomargs.py
[2025-03-16T08:44:57.024+0000] {processor.py:756} INFO - Processing file /home/airflow/.local/lib/python3.7/site-packages/airflow/example_dags/example_xcomargs.py for tasks to queue
[2025-03-16T08:44:57.025+0000] {logging_mixin.py:120} INFO - [2025-03-16T08:44:57.025+0000] {dagbag.py:537} INFO - Filling up the DagBag from /home/airflow/.local/lib/python3.7/site-packages/airflow/example_dags/example_xcomargs.py
[2025-03-16T08:44:57.081+0000] {processor.py:766} INFO - DAG(s) dict_keys(['example_xcom_args', 'example_xcom_args_with_operators']) retrieved from /home/airflow/.local/lib/python3.7/site-packages/airflow/example_dags/example_xcomargs.py
[2025-03-16T08:44:57.170+0000] {logging_mixin.py:120} INFO - [2025-03-16T08:44:57.170+0000] {dag.py:2585} INFO - Sync 2 DAGs
[2025-03-16T08:44:57.217+0000] {logging_mixin.py:120} INFO - [2025-03-16T08:44:57.217+0000] {dag.py:3340} INFO - Setting next_dagrun for example_xcom_args to None, run_after=None
[2025-03-16T08:44:57.223+0000] {logging_mixin.py:120} INFO - [2025-03-16T08:44:57.223+0000] {dag.py:3340} INFO - Setting next_dagrun for example_xcom_args_with_operators to None, run_after=None
[2025-03-16T08:44:57.252+0000] {processor.py:176} INFO - Processing /home/airflow/.local/lib/python3.7/site-packages/airflow/example_dags/example_xcomargs.py took 0.237 seconds
[2025-03-16T08:45:28.258+0000] {processor.py:154} INFO - Started process (PID=1622) to work on /home/airflow/.local/lib/python3.7/site-packages/airflow/example_dags/example_xcomargs.py
[2025-03-16T08:45:28.260+0000] {processor.py:756} INFO - Processing file /home/airflow/.local/lib/python3.7/site-packages/airflow/example_dags/example_xcomargs.py for tasks to queue
[2025-03-16T08:45:28.262+0000] {logging_mixin.py:120} INFO - [2025-03-16T08:45:28.262+0000] {dagbag.py:537} INFO - Filling up the DagBag from /home/airflow/.local/lib/python3.7/site-packages/airflow/example_dags/example_xcomargs.py
[2025-03-16T08:45:28.305+0000] {processor.py:766} INFO - DAG(s) dict_keys(['example_xcom_args_with_operators', 'example_xcom_args']) retrieved from /home/airflow/.local/lib/python3.7/site-packages/airflow/example_dags/example_xcomargs.py
[2025-03-16T08:45:28.397+0000] {logging_mixin.py:120} INFO - [2025-03-16T08:45:28.397+0000] {dag.py:2585} INFO - Sync 2 DAGs
[2025-03-16T08:45:28.445+0000] {logging_mixin.py:120} INFO - [2025-03-16T08:45:28.445+0000] {dag.py:3340} INFO - Setting next_dagrun for example_xcom_args to None, run_after=None
[2025-03-16T08:45:28.451+0000] {logging_mixin.py:120} INFO - [2025-03-16T08:45:28.451+0000] {dag.py:3340} INFO - Setting next_dagrun for example_xcom_args_with_operators to None, run_after=None
[2025-03-16T08:45:28.478+0000] {processor.py:176} INFO - Processing /home/airflow/.local/lib/python3.7/site-packages/airflow/example_dags/example_xcomargs.py took 0.226 seconds
[2025-03-16T08:45:58.728+0000] {processor.py:154} INFO - Started process (PID=1676) to work on /home/airflow/.local/lib/python3.7/site-packages/airflow/example_dags/example_xcomargs.py
[2025-03-16T08:45:58.729+0000] {processor.py:756} INFO - Processing file /home/airflow/.local/lib/python3.7/site-packages/airflow/example_dags/example_xcomargs.py for tasks to queue
[2025-03-16T08:45:58.730+0000] {logging_mixin.py:120} INFO - [2025-03-16T08:45:58.729+0000] {dagbag.py:537} INFO - Filling up the DagBag from /home/airflow/.local/lib/python3.7/site-packages/airflow/example_dags/example_xcomargs.py
[2025-03-16T08:45:58.773+0000] {processor.py:766} INFO - DAG(s) dict_keys(['example_xcom_args_with_operators', 'example_xcom_args']) retrieved from /home/airflow/.local/lib/python3.7/site-packages/airflow/example_dags/example_xcomargs.py
[2025-03-16T08:45:58.852+0000] {logging_mixin.py:120} INFO - [2025-03-16T08:45:58.852+0000] {dag.py:2585} INFO - Sync 2 DAGs
[2025-03-16T08:45:58.900+0000] {logging_mixin.py:120} INFO - [2025-03-16T08:45:58.900+0000] {dag.py:3340} INFO - Setting next_dagrun for example_xcom_args to None, run_after=None
[2025-03-16T08:45:58.905+0000] {logging_mixin.py:120} INFO - [2025-03-16T08:45:58.905+0000] {dag.py:3340} INFO - Setting next_dagrun for example_xcom_args_with_operators to None, run_after=None
[2025-03-16T08:45:58.936+0000] {processor.py:176} INFO - Processing /home/airflow/.local/lib/python3.7/site-packages/airflow/example_dags/example_xcomargs.py took 0.216 seconds
[2025-03-16T08:46:29.611+0000] {processor.py:154} INFO - Started process (PID=1739) to work on /home/airflow/.local/lib/python3.7/site-packages/airflow/example_dags/example_xcomargs.py
[2025-03-16T08:46:29.614+0000] {processor.py:756} INFO - Processing file /home/airflow/.local/lib/python3.7/site-packages/airflow/example_dags/example_xcomargs.py for tasks to queue
[2025-03-16T08:46:29.615+0000] {logging_mixin.py:120} INFO - [2025-03-16T08:46:29.615+0000] {dagbag.py:537} INFO - Filling up the DagBag from /home/airflow/.local/lib/python3.7/site-packages/airflow/example_dags/example_xcomargs.py
[2025-03-16T08:46:29.687+0000] {processor.py:766} INFO - DAG(s) dict_keys(['example_xcom_args_with_operators', 'example_xcom_args']) retrieved from /home/airflow/.local/lib/python3.7/site-packages/airflow/example_dags/example_xcomargs.py
[2025-03-16T08:46:29.758+0000] {logging_mixin.py:120} INFO - [2025-03-16T08:46:29.758+0000] {dag.py:2585} INFO - Sync 2 DAGs
[2025-03-16T08:46:29.803+0000] {logging_mixin.py:120} INFO - [2025-03-16T08:46:29.803+0000] {dag.py:3340} INFO - Setting next_dagrun for example_xcom_args to None, run_after=None
[2025-03-16T08:46:29.810+0000] {logging_mixin.py:120} INFO - [2025-03-16T08:46:29.810+0000] {dag.py:3340} INFO - Setting next_dagrun for example_xcom_args_with_operators to None, run_after=None
[2025-03-16T08:46:29.852+0000] {processor.py:176} INFO - Processing /home/airflow/.local/lib/python3.7/site-packages/airflow/example_dags/example_xcomargs.py took 0.248 seconds
[2025-03-16T08:47:00.342+0000] {processor.py:154} INFO - Started process (PID=1793) to work on /home/airflow/.local/lib/python3.7/site-packages/airflow/example_dags/example_xcomargs.py
[2025-03-16T08:47:00.344+0000] {processor.py:756} INFO - Processing file /home/airflow/.local/lib/python3.7/site-packages/airflow/example_dags/example_xcomargs.py for tasks to queue
[2025-03-16T08:47:00.345+0000] {logging_mixin.py:120} INFO - [2025-03-16T08:47:00.345+0000] {dagbag.py:537} INFO - Filling up the DagBag from /home/airflow/.local/lib/python3.7/site-packages/airflow/example_dags/example_xcomargs.py
[2025-03-16T08:47:00.377+0000] {processor.py:766} INFO - DAG(s) dict_keys(['example_xcom_args_with_operators', 'example_xcom_args']) retrieved from /home/airflow/.local/lib/python3.7/site-packages/airflow/example_dags/example_xcomargs.py
[2025-03-16T08:47:00.437+0000] {logging_mixin.py:120} INFO - [2025-03-16T08:47:00.437+0000] {dag.py:2585} INFO - Sync 2 DAGs
[2025-03-16T08:47:00.470+0000] {logging_mixin.py:120} INFO - [2025-03-16T08:47:00.470+0000] {dag.py:3340} INFO - Setting next_dagrun for example_xcom_args to None, run_after=None
[2025-03-16T08:47:00.475+0000] {logging_mixin.py:120} INFO - [2025-03-16T08:47:00.475+0000] {dag.py:3340} INFO - Setting next_dagrun for example_xcom_args_with_operators to None, run_after=None
[2025-03-16T08:47:00.495+0000] {processor.py:176} INFO - Processing /home/airflow/.local/lib/python3.7/site-packages/airflow/example_dags/example_xcomargs.py took 0.158 seconds
[2025-03-16T08:47:31.436+0000] {processor.py:154} INFO - Started process (PID=1856) to work on /home/airflow/.local/lib/python3.7/site-packages/airflow/example_dags/example_xcomargs.py
[2025-03-16T08:47:31.437+0000] {processor.py:756} INFO - Processing file /home/airflow/.local/lib/python3.7/site-packages/airflow/example_dags/example_xcomargs.py for tasks to queue
[2025-03-16T08:47:31.438+0000] {logging_mixin.py:120} INFO - [2025-03-16T08:47:31.438+0000] {dagbag.py:537} INFO - Filling up the DagBag from /home/airflow/.local/lib/python3.7/site-packages/airflow/example_dags/example_xcomargs.py
[2025-03-16T08:47:31.478+0000] {processor.py:766} INFO - DAG(s) dict_keys(['example_xcom_args', 'example_xcom_args_with_operators']) retrieved from /home/airflow/.local/lib/python3.7/site-packages/airflow/example_dags/example_xcomargs.py
[2025-03-16T08:47:31.541+0000] {logging_mixin.py:120} INFO - [2025-03-16T08:47:31.541+0000] {dag.py:2585} INFO - Sync 2 DAGs
[2025-03-16T08:47:31.569+0000] {logging_mixin.py:120} INFO - [2025-03-16T08:47:31.569+0000] {dag.py:3340} INFO - Setting next_dagrun for example_xcom_args to None, run_after=None
[2025-03-16T08:47:31.573+0000] {logging_mixin.py:120} INFO - [2025-03-16T08:47:31.573+0000] {dag.py:3340} INFO - Setting next_dagrun for example_xcom_args_with_operators to None, run_after=None
[2025-03-16T08:47:31.593+0000] {processor.py:176} INFO - Processing /home/airflow/.local/lib/python3.7/site-packages/airflow/example_dags/example_xcomargs.py took 0.162 seconds
[2025-03-16T08:48:02.502+0000] {processor.py:154} INFO - Started process (PID=1910) to work on /home/airflow/.local/lib/python3.7/site-packages/airflow/example_dags/example_xcomargs.py
[2025-03-16T08:48:02.503+0000] {processor.py:756} INFO - Processing file /home/airflow/.local/lib/python3.7/site-packages/airflow/example_dags/example_xcomargs.py for tasks to queue
[2025-03-16T08:48:02.504+0000] {logging_mixin.py:120} INFO - [2025-03-16T08:48:02.504+0000] {dagbag.py:537} INFO - Filling up the DagBag from /home/airflow/.local/lib/python3.7/site-packages/airflow/example_dags/example_xcomargs.py
[2025-03-16T08:48:02.546+0000] {processor.py:766} INFO - DAG(s) dict_keys(['example_xcom_args_with_operators', 'example_xcom_args']) retrieved from /home/airflow/.local/lib/python3.7/site-packages/airflow/example_dags/example_xcomargs.py
[2025-03-16T08:48:02.657+0000] {logging_mixin.py:120} INFO - [2025-03-16T08:48:02.656+0000] {dag.py:2585} INFO - Sync 2 DAGs
[2025-03-16T08:48:02.728+0000] {logging_mixin.py:120} INFO - [2025-03-16T08:48:02.728+0000] {dag.py:3340} INFO - Setting next_dagrun for example_xcom_args to None, run_after=None
[2025-03-16T08:48:02.734+0000] {logging_mixin.py:120} INFO - [2025-03-16T08:48:02.734+0000] {dag.py:3340} INFO - Setting next_dagrun for example_xcom_args_with_operators to None, run_after=None
[2025-03-16T08:48:02.761+0000] {processor.py:176} INFO - Processing /home/airflow/.local/lib/python3.7/site-packages/airflow/example_dags/example_xcomargs.py took 0.265 seconds
[2025-03-16T08:48:33.256+0000] {processor.py:154} INFO - Started process (PID=1972) to work on /home/airflow/.local/lib/python3.7/site-packages/airflow/example_dags/example_xcomargs.py
[2025-03-16T08:48:33.259+0000] {processor.py:756} INFO - Processing file /home/airflow/.local/lib/python3.7/site-packages/airflow/example_dags/example_xcomargs.py for tasks to queue
[2025-03-16T08:48:33.260+0000] {logging_mixin.py:120} INFO - [2025-03-16T08:48:33.260+0000] {dagbag.py:537} INFO - Filling up the DagBag from /home/airflow/.local/lib/python3.7/site-packages/airflow/example_dags/example_xcomargs.py
[2025-03-16T08:48:33.303+0000] {processor.py:766} INFO - DAG(s) dict_keys(['example_xcom_args', 'example_xcom_args_with_operators']) retrieved from /home/airflow/.local/lib/python3.7/site-packages/airflow/example_dags/example_xcomargs.py
[2025-03-16T08:48:33.432+0000] {logging_mixin.py:120} INFO - [2025-03-16T08:48:33.432+0000] {dag.py:2585} INFO - Sync 2 DAGs
[2025-03-16T08:48:33.483+0000] {logging_mixin.py:120} INFO - [2025-03-16T08:48:33.483+0000] {dag.py:3340} INFO - Setting next_dagrun for example_xcom_args to None, run_after=None
[2025-03-16T08:48:33.491+0000] {logging_mixin.py:120} INFO - [2025-03-16T08:48:33.491+0000] {dag.py:3340} INFO - Setting next_dagrun for example_xcom_args_with_operators to None, run_after=None
[2025-03-16T08:48:33.523+0000] {processor.py:176} INFO - Processing /home/airflow/.local/lib/python3.7/site-packages/airflow/example_dags/example_xcomargs.py took 0.273 seconds
[2025-03-16T08:49:04.077+0000] {processor.py:154} INFO - Started process (PID=2026) to work on /home/airflow/.local/lib/python3.7/site-packages/airflow/example_dags/example_xcomargs.py
[2025-03-16T08:49:04.079+0000] {processor.py:756} INFO - Processing file /home/airflow/.local/lib/python3.7/site-packages/airflow/example_dags/example_xcomargs.py for tasks to queue
[2025-03-16T08:49:04.080+0000] {logging_mixin.py:120} INFO - [2025-03-16T08:49:04.079+0000] {dagbag.py:537} INFO - Filling up the DagBag from /home/airflow/.local/lib/python3.7/site-packages/airflow/example_dags/example_xcomargs.py
[2025-03-16T08:49:04.123+0000] {processor.py:766} INFO - DAG(s) dict_keys(['example_xcom_args', 'example_xcom_args_with_operators']) retrieved from /home/airflow/.local/lib/python3.7/site-packages/airflow/example_dags/example_xcomargs.py
[2025-03-16T08:49:04.206+0000] {logging_mixin.py:120} INFO - [2025-03-16T08:49:04.205+0000] {dag.py:2585} INFO - Sync 2 DAGs
[2025-03-16T08:49:04.257+0000] {logging_mixin.py:120} INFO - [2025-03-16T08:49:04.257+0000] {dag.py:3340} INFO - Setting next_dagrun for example_xcom_args to None, run_after=None
[2025-03-16T08:49:04.264+0000] {logging_mixin.py:120} INFO - [2025-03-16T08:49:04.263+0000] {dag.py:3340} INFO - Setting next_dagrun for example_xcom_args_with_operators to None, run_after=None
[2025-03-16T08:49:04.293+0000] {processor.py:176} INFO - Processing /home/airflow/.local/lib/python3.7/site-packages/airflow/example_dags/example_xcomargs.py took 0.223 seconds
[2025-03-16T08:49:35.127+0000] {processor.py:154} INFO - Started process (PID=2090) to work on /home/airflow/.local/lib/python3.7/site-packages/airflow/example_dags/example_xcomargs.py
[2025-03-16T08:49:35.128+0000] {processor.py:756} INFO - Processing file /home/airflow/.local/lib/python3.7/site-packages/airflow/example_dags/example_xcomargs.py for tasks to queue
[2025-03-16T08:49:35.129+0000] {logging_mixin.py:120} INFO - [2025-03-16T08:49:35.129+0000] {dagbag.py:537} INFO - Filling up the DagBag from /home/airflow/.local/lib/python3.7/site-packages/airflow/example_dags/example_xcomargs.py
[2025-03-16T08:49:35.176+0000] {processor.py:766} INFO - DAG(s) dict_keys(['example_xcom_args_with_operators', 'example_xcom_args']) retrieved from /home/airflow/.local/lib/python3.7/site-packages/airflow/example_dags/example_xcomargs.py
[2025-03-16T08:49:35.260+0000] {logging_mixin.py:120} INFO - [2025-03-16T08:49:35.260+0000] {dag.py:2585} INFO - Sync 2 DAGs
[2025-03-16T08:49:35.317+0000] {logging_mixin.py:120} INFO - [2025-03-16T08:49:35.317+0000] {dag.py:3340} INFO - Setting next_dagrun for example_xcom_args to None, run_after=None
[2025-03-16T08:49:35.325+0000] {logging_mixin.py:120} INFO - [2025-03-16T08:49:35.324+0000] {dag.py:3340} INFO - Setting next_dagrun for example_xcom_args_with_operators to None, run_after=None
[2025-03-16T08:49:35.374+0000] {processor.py:176} INFO - Processing /home/airflow/.local/lib/python3.7/site-packages/airflow/example_dags/example_xcomargs.py took 0.253 seconds
[2025-03-16T08:50:05.559+0000] {processor.py:154} INFO - Started process (PID=2144) to work on /home/airflow/.local/lib/python3.7/site-packages/airflow/example_dags/example_xcomargs.py
[2025-03-16T08:50:05.562+0000] {processor.py:756} INFO - Processing file /home/airflow/.local/lib/python3.7/site-packages/airflow/example_dags/example_xcomargs.py for tasks to queue
[2025-03-16T08:50:05.563+0000] {logging_mixin.py:120} INFO - [2025-03-16T08:50:05.563+0000] {dagbag.py:537} INFO - Filling up the DagBag from /home/airflow/.local/lib/python3.7/site-packages/airflow/example_dags/example_xcomargs.py
[2025-03-16T08:50:05.592+0000] {processor.py:766} INFO - DAG(s) dict_keys(['example_xcom_args_with_operators', 'example_xcom_args']) retrieved from /home/airflow/.local/lib/python3.7/site-packages/airflow/example_dags/example_xcomargs.py
[2025-03-16T08:50:05.646+0000] {logging_mixin.py:120} INFO - [2025-03-16T08:50:05.646+0000] {dag.py:2585} INFO - Sync 2 DAGs
[2025-03-16T08:50:05.688+0000] {logging_mixin.py:120} INFO - [2025-03-16T08:50:05.687+0000] {dag.py:3340} INFO - Setting next_dagrun for example_xcom_args to None, run_after=None
[2025-03-16T08:50:05.696+0000] {logging_mixin.py:120} INFO - [2025-03-16T08:50:05.696+0000] {dag.py:3340} INFO - Setting next_dagrun for example_xcom_args_with_operators to None, run_after=None
[2025-03-16T08:50:05.718+0000] {processor.py:176} INFO - Processing /home/airflow/.local/lib/python3.7/site-packages/airflow/example_dags/example_xcomargs.py took 0.163 seconds
[2025-03-16T08:50:36.172+0000] {processor.py:154} INFO - Started process (PID=2207) to work on /home/airflow/.local/lib/python3.7/site-packages/airflow/example_dags/example_xcomargs.py
[2025-03-16T08:50:36.174+0000] {processor.py:756} INFO - Processing file /home/airflow/.local/lib/python3.7/site-packages/airflow/example_dags/example_xcomargs.py for tasks to queue
[2025-03-16T08:50:36.174+0000] {logging_mixin.py:120} INFO - [2025-03-16T08:50:36.174+0000] {dagbag.py:537} INFO - Filling up the DagBag from /home/airflow/.local/lib/python3.7/site-packages/airflow/example_dags/example_xcomargs.py
[2025-03-16T08:50:36.223+0000] {processor.py:766} INFO - DAG(s) dict_keys(['example_xcom_args', 'example_xcom_args_with_operators']) retrieved from /home/airflow/.local/lib/python3.7/site-packages/airflow/example_dags/example_xcomargs.py
[2025-03-16T08:50:36.297+0000] {logging_mixin.py:120} INFO - [2025-03-16T08:50:36.297+0000] {dag.py:2585} INFO - Sync 2 DAGs
[2025-03-16T08:50:36.358+0000] {logging_mixin.py:120} INFO - [2025-03-16T08:50:36.357+0000] {dag.py:3340} INFO - Setting next_dagrun for example_xcom_args to None, run_after=None
[2025-03-16T08:50:36.364+0000] {logging_mixin.py:120} INFO - [2025-03-16T08:50:36.364+0000] {dag.py:3340} INFO - Setting next_dagrun for example_xcom_args_with_operators to None, run_after=None
[2025-03-16T08:50:36.393+0000] {processor.py:176} INFO - Processing /home/airflow/.local/lib/python3.7/site-packages/airflow/example_dags/example_xcomargs.py took 0.227 seconds
[2025-03-16T08:51:07.002+0000] {processor.py:154} INFO - Started process (PID=2261) to work on /home/airflow/.local/lib/python3.7/site-packages/airflow/example_dags/example_xcomargs.py
[2025-03-16T08:51:07.003+0000] {processor.py:756} INFO - Processing file /home/airflow/.local/lib/python3.7/site-packages/airflow/example_dags/example_xcomargs.py for tasks to queue
[2025-03-16T08:51:07.004+0000] {logging_mixin.py:120} INFO - [2025-03-16T08:51:07.004+0000] {dagbag.py:537} INFO - Filling up the DagBag from /home/airflow/.local/lib/python3.7/site-packages/airflow/example_dags/example_xcomargs.py
[2025-03-16T08:51:07.057+0000] {processor.py:766} INFO - DAG(s) dict_keys(['example_xcom_args_with_operators', 'example_xcom_args']) retrieved from /home/airflow/.local/lib/python3.7/site-packages/airflow/example_dags/example_xcomargs.py
[2025-03-16T08:51:07.140+0000] {logging_mixin.py:120} INFO - [2025-03-16T08:51:07.140+0000] {dag.py:2585} INFO - Sync 2 DAGs
[2025-03-16T08:51:07.182+0000] {logging_mixin.py:120} INFO - [2025-03-16T08:51:07.181+0000] {dag.py:3340} INFO - Setting next_dagrun for example_xcom_args to None, run_after=None
[2025-03-16T08:51:07.187+0000] {logging_mixin.py:120} INFO - [2025-03-16T08:51:07.187+0000] {dag.py:3340} INFO - Setting next_dagrun for example_xcom_args_with_operators to None, run_after=None
[2025-03-16T08:51:07.218+0000] {processor.py:176} INFO - Processing /home/airflow/.local/lib/python3.7/site-packages/airflow/example_dags/example_xcomargs.py took 0.227 seconds
[2025-03-16T08:51:37.750+0000] {processor.py:154} INFO - Started process (PID=2324) to work on /home/airflow/.local/lib/python3.7/site-packages/airflow/example_dags/example_xcomargs.py
[2025-03-16T08:51:37.752+0000] {processor.py:756} INFO - Processing file /home/airflow/.local/lib/python3.7/site-packages/airflow/example_dags/example_xcomargs.py for tasks to queue
[2025-03-16T08:51:37.753+0000] {logging_mixin.py:120} INFO - [2025-03-16T08:51:37.753+0000] {dagbag.py:537} INFO - Filling up the DagBag from /home/airflow/.local/lib/python3.7/site-packages/airflow/example_dags/example_xcomargs.py
[2025-03-16T08:51:37.792+0000] {processor.py:766} INFO - DAG(s) dict_keys(['example_xcom_args', 'example_xcom_args_with_operators']) retrieved from /home/airflow/.local/lib/python3.7/site-packages/airflow/example_dags/example_xcomargs.py
[2025-03-16T08:51:37.874+0000] {logging_mixin.py:120} INFO - [2025-03-16T08:51:37.874+0000] {dag.py:2585} INFO - Sync 2 DAGs
[2025-03-16T08:51:37.922+0000] {logging_mixin.py:120} INFO - [2025-03-16T08:51:37.922+0000] {dag.py:3340} INFO - Setting next_dagrun for example_xcom_args to None, run_after=None
[2025-03-16T08:51:37.930+0000] {logging_mixin.py:120} INFO - [2025-03-16T08:51:37.929+0000] {dag.py:3340} INFO - Setting next_dagrun for example_xcom_args_with_operators to None, run_after=None
[2025-03-16T08:51:37.959+0000] {processor.py:176} INFO - Processing /home/airflow/.local/lib/python3.7/site-packages/airflow/example_dags/example_xcomargs.py took 0.216 seconds
[2025-03-16T08:52:08.958+0000] {processor.py:154} INFO - Started process (PID=2386) to work on /home/airflow/.local/lib/python3.7/site-packages/airflow/example_dags/example_xcomargs.py
[2025-03-16T08:52:08.962+0000] {processor.py:756} INFO - Processing file /home/airflow/.local/lib/python3.7/site-packages/airflow/example_dags/example_xcomargs.py for tasks to queue
[2025-03-16T08:52:08.963+0000] {logging_mixin.py:120} INFO - [2025-03-16T08:52:08.962+0000] {dagbag.py:537} INFO - Filling up the DagBag from /home/airflow/.local/lib/python3.7/site-packages/airflow/example_dags/example_xcomargs.py
[2025-03-16T08:52:09.036+0000] {processor.py:766} INFO - DAG(s) dict_keys(['example_xcom_args', 'example_xcom_args_with_operators']) retrieved from /home/airflow/.local/lib/python3.7/site-packages/airflow/example_dags/example_xcomargs.py
[2025-03-16T08:52:09.134+0000] {logging_mixin.py:120} INFO - [2025-03-16T08:52:09.134+0000] {dag.py:2585} INFO - Sync 2 DAGs
[2025-03-16T08:52:09.195+0000] {logging_mixin.py:120} INFO - [2025-03-16T08:52:09.195+0000] {dag.py:3340} INFO - Setting next_dagrun for example_xcom_args to None, run_after=None
[2025-03-16T08:52:09.201+0000] {logging_mixin.py:120} INFO - [2025-03-16T08:52:09.200+0000] {dag.py:3340} INFO - Setting next_dagrun for example_xcom_args_with_operators to None, run_after=None
[2025-03-16T08:52:09.260+0000] {processor.py:176} INFO - Processing /home/airflow/.local/lib/python3.7/site-packages/airflow/example_dags/example_xcomargs.py took 0.313 seconds
[2025-03-16T08:52:39.473+0000] {processor.py:154} INFO - Started process (PID=2442) to work on /home/airflow/.local/lib/python3.7/site-packages/airflow/example_dags/example_xcomargs.py
[2025-03-16T08:52:39.475+0000] {processor.py:756} INFO - Processing file /home/airflow/.local/lib/python3.7/site-packages/airflow/example_dags/example_xcomargs.py for tasks to queue
[2025-03-16T08:52:39.476+0000] {logging_mixin.py:120} INFO - [2025-03-16T08:52:39.475+0000] {dagbag.py:537} INFO - Filling up the DagBag from /home/airflow/.local/lib/python3.7/site-packages/airflow/example_dags/example_xcomargs.py
[2025-03-16T08:52:39.505+0000] {processor.py:766} INFO - DAG(s) dict_keys(['example_xcom_args', 'example_xcom_args_with_operators']) retrieved from /home/airflow/.local/lib/python3.7/site-packages/airflow/example_dags/example_xcomargs.py
[2025-03-16T08:52:39.557+0000] {logging_mixin.py:120} INFO - [2025-03-16T08:52:39.557+0000] {dag.py:2585} INFO - Sync 2 DAGs
[2025-03-16T08:52:39.590+0000] {logging_mixin.py:120} INFO - [2025-03-16T08:52:39.590+0000] {dag.py:3340} INFO - Setting next_dagrun for example_xcom_args to None, run_after=None
[2025-03-16T08:52:39.594+0000] {logging_mixin.py:120} INFO - [2025-03-16T08:52:39.594+0000] {dag.py:3340} INFO - Setting next_dagrun for example_xcom_args_with_operators to None, run_after=None
[2025-03-16T08:52:39.616+0000] {processor.py:176} INFO - Processing /home/airflow/.local/lib/python3.7/site-packages/airflow/example_dags/example_xcomargs.py took 0.148 seconds
[2025-03-16T08:53:10.739+0000] {processor.py:154} INFO - Started process (PID=2505) to work on /home/airflow/.local/lib/python3.7/site-packages/airflow/example_dags/example_xcomargs.py
[2025-03-16T08:53:10.740+0000] {processor.py:756} INFO - Processing file /home/airflow/.local/lib/python3.7/site-packages/airflow/example_dags/example_xcomargs.py for tasks to queue
[2025-03-16T08:53:10.741+0000] {logging_mixin.py:120} INFO - [2025-03-16T08:53:10.741+0000] {dagbag.py:537} INFO - Filling up the DagBag from /home/airflow/.local/lib/python3.7/site-packages/airflow/example_dags/example_xcomargs.py
[2025-03-16T08:53:10.819+0000] {processor.py:766} INFO - DAG(s) dict_keys(['example_xcom_args', 'example_xcom_args_with_operators']) retrieved from /home/airflow/.local/lib/python3.7/site-packages/airflow/example_dags/example_xcomargs.py
[2025-03-16T08:53:11.008+0000] {logging_mixin.py:120} INFO - [2025-03-16T08:53:11.007+0000] {dag.py:2585} INFO - Sync 2 DAGs
[2025-03-16T08:53:11.085+0000] {logging_mixin.py:120} INFO - [2025-03-16T08:53:11.085+0000] {dag.py:3340} INFO - Setting next_dagrun for example_xcom_args to None, run_after=None
[2025-03-16T08:53:11.100+0000] {logging_mixin.py:120} INFO - [2025-03-16T08:53:11.100+0000] {dag.py:3340} INFO - Setting next_dagrun for example_xcom_args_with_operators to None, run_after=None
[2025-03-16T08:53:11.165+0000] {processor.py:176} INFO - Processing /home/airflow/.local/lib/python3.7/site-packages/airflow/example_dags/example_xcomargs.py took 0.437 seconds
[2025-03-16T08:53:41.288+0000] {processor.py:154} INFO - Started process (PID=2560) to work on /home/airflow/.local/lib/python3.7/site-packages/airflow/example_dags/example_xcomargs.py
[2025-03-16T08:53:41.290+0000] {processor.py:756} INFO - Processing file /home/airflow/.local/lib/python3.7/site-packages/airflow/example_dags/example_xcomargs.py for tasks to queue
[2025-03-16T08:53:41.291+0000] {logging_mixin.py:120} INFO - [2025-03-16T08:53:41.290+0000] {dagbag.py:537} INFO - Filling up the DagBag from /home/airflow/.local/lib/python3.7/site-packages/airflow/example_dags/example_xcomargs.py
[2025-03-16T08:53:41.340+0000] {processor.py:766} INFO - DAG(s) dict_keys(['example_xcom_args', 'example_xcom_args_with_operators']) retrieved from /home/airflow/.local/lib/python3.7/site-packages/airflow/example_dags/example_xcomargs.py
[2025-03-16T08:53:41.429+0000] {logging_mixin.py:120} INFO - [2025-03-16T08:53:41.429+0000] {dag.py:2585} INFO - Sync 2 DAGs
[2025-03-16T08:53:41.469+0000] {logging_mixin.py:120} INFO - [2025-03-16T08:53:41.469+0000] {dag.py:3340} INFO - Setting next_dagrun for example_xcom_args to None, run_after=None
[2025-03-16T08:53:41.477+0000] {logging_mixin.py:120} INFO - [2025-03-16T08:53:41.477+0000] {dag.py:3340} INFO - Setting next_dagrun for example_xcom_args_with_operators to None, run_after=None
[2025-03-16T08:53:41.501+0000] {processor.py:176} INFO - Processing /home/airflow/.local/lib/python3.7/site-packages/airflow/example_dags/example_xcomargs.py took 0.218 seconds
[2025-03-16T08:54:12.414+0000] {processor.py:154} INFO - Started process (PID=2621) to work on /home/airflow/.local/lib/python3.7/site-packages/airflow/example_dags/example_xcomargs.py
[2025-03-16T08:54:12.419+0000] {processor.py:756} INFO - Processing file /home/airflow/.local/lib/python3.7/site-packages/airflow/example_dags/example_xcomargs.py for tasks to queue
[2025-03-16T08:54:12.420+0000] {logging_mixin.py:120} INFO - [2025-03-16T08:54:12.419+0000] {dagbag.py:537} INFO - Filling up the DagBag from /home/airflow/.local/lib/python3.7/site-packages/airflow/example_dags/example_xcomargs.py
[2025-03-16T08:54:12.508+0000] {processor.py:766} INFO - DAG(s) dict_keys(['example_xcom_args_with_operators', 'example_xcom_args']) retrieved from /home/airflow/.local/lib/python3.7/site-packages/airflow/example_dags/example_xcomargs.py
[2025-03-16T08:54:12.609+0000] {logging_mixin.py:120} INFO - [2025-03-16T08:54:12.604+0000] {dag.py:2585} INFO - Sync 2 DAGs
[2025-03-16T08:54:12.661+0000] {logging_mixin.py:120} INFO - [2025-03-16T08:54:12.661+0000] {dag.py:3340} INFO - Setting next_dagrun for example_xcom_args to None, run_after=None
[2025-03-16T08:54:12.670+0000] {logging_mixin.py:120} INFO - [2025-03-16T08:54:12.670+0000] {dag.py:3340} INFO - Setting next_dagrun for example_xcom_args_with_operators to None, run_after=None
[2025-03-16T08:54:12.697+0000] {processor.py:176} INFO - Processing /home/airflow/.local/lib/python3.7/site-packages/airflow/example_dags/example_xcomargs.py took 0.295 seconds
[2025-03-16T08:54:42.915+0000] {processor.py:154} INFO - Started process (PID=2676) to work on /home/airflow/.local/lib/python3.7/site-packages/airflow/example_dags/example_xcomargs.py
[2025-03-16T08:54:42.916+0000] {processor.py:756} INFO - Processing file /home/airflow/.local/lib/python3.7/site-packages/airflow/example_dags/example_xcomargs.py for tasks to queue
[2025-03-16T08:54:42.918+0000] {logging_mixin.py:120} INFO - [2025-03-16T08:54:42.917+0000] {dagbag.py:537} INFO - Filling up the DagBag from /home/airflow/.local/lib/python3.7/site-packages/airflow/example_dags/example_xcomargs.py
[2025-03-16T08:54:42.959+0000] {processor.py:766} INFO - DAG(s) dict_keys(['example_xcom_args_with_operators', 'example_xcom_args']) retrieved from /home/airflow/.local/lib/python3.7/site-packages/airflow/example_dags/example_xcomargs.py
[2025-03-16T08:54:43.045+0000] {logging_mixin.py:120} INFO - [2025-03-16T08:54:43.045+0000] {dag.py:2585} INFO - Sync 2 DAGs
[2025-03-16T08:54:43.087+0000] {logging_mixin.py:120} INFO - [2025-03-16T08:54:43.087+0000] {dag.py:3340} INFO - Setting next_dagrun for example_xcom_args to None, run_after=None
[2025-03-16T08:54:43.091+0000] {logging_mixin.py:120} INFO - [2025-03-16T08:54:43.091+0000] {dag.py:3340} INFO - Setting next_dagrun for example_xcom_args_with_operators to None, run_after=None
[2025-03-16T08:54:43.109+0000] {processor.py:176} INFO - Processing /home/airflow/.local/lib/python3.7/site-packages/airflow/example_dags/example_xcomargs.py took 0.201 seconds
[2025-03-16T08:55:13.253+0000] {processor.py:154} INFO - Started process (PID=2730) to work on /home/airflow/.local/lib/python3.7/site-packages/airflow/example_dags/example_xcomargs.py
[2025-03-16T08:55:13.255+0000] {processor.py:756} INFO - Processing file /home/airflow/.local/lib/python3.7/site-packages/airflow/example_dags/example_xcomargs.py for tasks to queue
[2025-03-16T08:55:13.256+0000] {logging_mixin.py:120} INFO - [2025-03-16T08:55:13.256+0000] {dagbag.py:537} INFO - Filling up the DagBag from /home/airflow/.local/lib/python3.7/site-packages/airflow/example_dags/example_xcomargs.py
[2025-03-16T08:55:13.307+0000] {processor.py:766} INFO - DAG(s) dict_keys(['example_xcom_args', 'example_xcom_args_with_operators']) retrieved from /home/airflow/.local/lib/python3.7/site-packages/airflow/example_dags/example_xcomargs.py
[2025-03-16T08:55:13.395+0000] {logging_mixin.py:120} INFO - [2025-03-16T08:55:13.394+0000] {dag.py:2585} INFO - Sync 2 DAGs
[2025-03-16T08:55:13.445+0000] {logging_mixin.py:120} INFO - [2025-03-16T08:55:13.444+0000] {dag.py:3340} INFO - Setting next_dagrun for example_xcom_args to None, run_after=None
[2025-03-16T08:55:13.449+0000] {logging_mixin.py:120} INFO - [2025-03-16T08:55:13.449+0000] {dag.py:3340} INFO - Setting next_dagrun for example_xcom_args_with_operators to None, run_after=None
[2025-03-16T08:55:13.470+0000] {processor.py:176} INFO - Processing /home/airflow/.local/lib/python3.7/site-packages/airflow/example_dags/example_xcomargs.py took 0.223 seconds
[2025-03-16T08:55:43.832+0000] {processor.py:154} INFO - Started process (PID=2792) to work on /home/airflow/.local/lib/python3.7/site-packages/airflow/example_dags/example_xcomargs.py
[2025-03-16T08:55:43.834+0000] {processor.py:756} INFO - Processing file /home/airflow/.local/lib/python3.7/site-packages/airflow/example_dags/example_xcomargs.py for tasks to queue
[2025-03-16T08:55:43.837+0000] {logging_mixin.py:120} INFO - [2025-03-16T08:55:43.837+0000] {dagbag.py:537} INFO - Filling up the DagBag from /home/airflow/.local/lib/python3.7/site-packages/airflow/example_dags/example_xcomargs.py
[2025-03-16T08:55:43.902+0000] {processor.py:766} INFO - DAG(s) dict_keys(['example_xcom_args_with_operators', 'example_xcom_args']) retrieved from /home/airflow/.local/lib/python3.7/site-packages/airflow/example_dags/example_xcomargs.py
[2025-03-16T08:55:43.988+0000] {logging_mixin.py:120} INFO - [2025-03-16T08:55:43.988+0000] {dag.py:2585} INFO - Sync 2 DAGs
[2025-03-16T08:55:44.038+0000] {logging_mixin.py:120} INFO - [2025-03-16T08:55:44.038+0000] {dag.py:3340} INFO - Setting next_dagrun for example_xcom_args to None, run_after=None
[2025-03-16T08:55:44.042+0000] {logging_mixin.py:120} INFO - [2025-03-16T08:55:44.042+0000] {dag.py:3340} INFO - Setting next_dagrun for example_xcom_args_with_operators to None, run_after=None
[2025-03-16T08:55:44.064+0000] {processor.py:176} INFO - Processing /home/airflow/.local/lib/python3.7/site-packages/airflow/example_dags/example_xcomargs.py took 0.239 seconds
[2025-03-16T08:56:14.403+0000] {processor.py:154} INFO - Started process (PID=2846) to work on /home/airflow/.local/lib/python3.7/site-packages/airflow/example_dags/example_xcomargs.py
[2025-03-16T08:56:14.405+0000] {processor.py:756} INFO - Processing file /home/airflow/.local/lib/python3.7/site-packages/airflow/example_dags/example_xcomargs.py for tasks to queue
[2025-03-16T08:56:14.406+0000] {logging_mixin.py:120} INFO - [2025-03-16T08:56:14.406+0000] {dagbag.py:537} INFO - Filling up the DagBag from /home/airflow/.local/lib/python3.7/site-packages/airflow/example_dags/example_xcomargs.py
[2025-03-16T08:56:14.452+0000] {processor.py:766} INFO - DAG(s) dict_keys(['example_xcom_args', 'example_xcom_args_with_operators']) retrieved from /home/airflow/.local/lib/python3.7/site-packages/airflow/example_dags/example_xcomargs.py
[2025-03-16T08:56:14.531+0000] {logging_mixin.py:120} INFO - [2025-03-16T08:56:14.531+0000] {dag.py:2585} INFO - Sync 2 DAGs
[2025-03-16T08:56:14.580+0000] {logging_mixin.py:120} INFO - [2025-03-16T08:56:14.579+0000] {dag.py:3340} INFO - Setting next_dagrun for example_xcom_args to None, run_after=None
[2025-03-16T08:56:14.585+0000] {logging_mixin.py:120} INFO - [2025-03-16T08:56:14.585+0000] {dag.py:3340} INFO - Setting next_dagrun for example_xcom_args_with_operators to None, run_after=None
[2025-03-16T08:56:14.623+0000] {processor.py:176} INFO - Processing /home/airflow/.local/lib/python3.7/site-packages/airflow/example_dags/example_xcomargs.py took 0.226 seconds
[2025-03-16T08:56:44.968+0000] {processor.py:154} INFO - Started process (PID=2909) to work on /home/airflow/.local/lib/python3.7/site-packages/airflow/example_dags/example_xcomargs.py
[2025-03-16T08:56:44.969+0000] {processor.py:756} INFO - Processing file /home/airflow/.local/lib/python3.7/site-packages/airflow/example_dags/example_xcomargs.py for tasks to queue
[2025-03-16T08:56:44.971+0000] {logging_mixin.py:120} INFO - [2025-03-16T08:56:44.971+0000] {dagbag.py:537} INFO - Filling up the DagBag from /home/airflow/.local/lib/python3.7/site-packages/airflow/example_dags/example_xcomargs.py
[2025-03-16T08:56:45.019+0000] {processor.py:766} INFO - DAG(s) dict_keys(['example_xcom_args', 'example_xcom_args_with_operators']) retrieved from /home/airflow/.local/lib/python3.7/site-packages/airflow/example_dags/example_xcomargs.py
[2025-03-16T08:56:45.099+0000] {logging_mixin.py:120} INFO - [2025-03-16T08:56:45.098+0000] {dag.py:2585} INFO - Sync 2 DAGs
[2025-03-16T08:56:45.162+0000] {logging_mixin.py:120} INFO - [2025-03-16T08:56:45.162+0000] {dag.py:3340} INFO - Setting next_dagrun for example_xcom_args to None, run_after=None
[2025-03-16T08:56:45.168+0000] {logging_mixin.py:120} INFO - [2025-03-16T08:56:45.168+0000] {dag.py:3340} INFO - Setting next_dagrun for example_xcom_args_with_operators to None, run_after=None
[2025-03-16T08:56:45.189+0000] {processor.py:176} INFO - Processing /home/airflow/.local/lib/python3.7/site-packages/airflow/example_dags/example_xcomargs.py took 0.233 seconds
