[2025-03-16T08:31:50.680+0000] {processor.py:154} INFO - Started process (PID=76) to work on /home/airflow/.local/lib/python3.7/site-packages/airflow/example_dags/example_sla_dag.py
[2025-03-16T08:31:50.681+0000] {processor.py:756} INFO - Processing file /home/airflow/.local/lib/python3.7/site-packages/airflow/example_dags/example_sla_dag.py for tasks to queue
[2025-03-16T08:31:50.684+0000] {logging_mixin.py:120} INFO - [2025-03-16T08:31:50.682+0000] {dagbag.py:537} INFO - Filling up the DagBag from /home/airflow/.local/lib/python3.7/site-packages/airflow/example_dags/example_sla_dag.py
[2025-03-16T08:31:50.787+0000] {processor.py:766} INFO - DAG(s) dict_keys(['example_sla_dag']) retrieved from /home/airflow/.local/lib/python3.7/site-packages/airflow/example_dags/example_sla_dag.py
[2025-03-16T08:31:51.333+0000] {logging_mixin.py:120} INFO - [2025-03-16T08:31:51.333+0000] {manager.py:507} INFO - Created Permission View: can read on DAG:example_sla_dag
[2025-03-16T08:31:51.379+0000] {logging_mixin.py:120} INFO - [2025-03-16T08:31:51.379+0000] {manager.py:507} INFO - Created Permission View: can edit on DAG:example_sla_dag
[2025-03-16T08:31:51.411+0000] {logging_mixin.py:120} INFO - [2025-03-16T08:31:51.411+0000] {manager.py:507} INFO - Created Permission View: can delete on DAG:example_sla_dag
[2025-03-16T08:31:51.412+0000] {logging_mixin.py:120} INFO - [2025-03-16T08:31:51.412+0000] {dag.py:2585} INFO - Sync 1 DAGs
[2025-03-16T08:31:51.468+0000] {logging_mixin.py:120} INFO - [2025-03-16T08:31:51.468+0000] {dag.py:2606} INFO - Creating ORM DAG for example_sla_dag
[2025-03-16T08:31:51.546+0000] {logging_mixin.py:120} INFO - [2025-03-16T08:31:51.546+0000] {dag.py:3340} INFO - Setting next_dagrun for example_sla_dag to 2025-03-16T08:28:00+00:00, run_after=2025-03-16T08:30:00+00:00
[2025-03-16T08:31:51.619+0000] {processor.py:176} INFO - Processing /home/airflow/.local/lib/python3.7/site-packages/airflow/example_dags/example_sla_dag.py took 0.957 seconds
[2025-03-16T08:32:21.838+0000] {processor.py:154} INFO - Started process (PID=130) to work on /home/airflow/.local/lib/python3.7/site-packages/airflow/example_dags/example_sla_dag.py
[2025-03-16T08:32:21.839+0000] {processor.py:756} INFO - Processing file /home/airflow/.local/lib/python3.7/site-packages/airflow/example_dags/example_sla_dag.py for tasks to queue
[2025-03-16T08:32:21.840+0000] {logging_mixin.py:120} INFO - [2025-03-16T08:32:21.840+0000] {dagbag.py:537} INFO - Filling up the DagBag from /home/airflow/.local/lib/python3.7/site-packages/airflow/example_dags/example_sla_dag.py
[2025-03-16T08:32:21.887+0000] {processor.py:766} INFO - DAG(s) dict_keys(['example_sla_dag']) retrieved from /home/airflow/.local/lib/python3.7/site-packages/airflow/example_dags/example_sla_dag.py
[2025-03-16T08:32:21.962+0000] {logging_mixin.py:120} INFO - [2025-03-16T08:32:21.962+0000] {dag.py:2585} INFO - Sync 1 DAGs
[2025-03-16T08:32:22.030+0000] {logging_mixin.py:120} INFO - [2025-03-16T08:32:22.030+0000] {dag.py:3340} INFO - Setting next_dagrun for example_sla_dag to 2025-03-16T08:30:00+00:00, run_after=2025-03-16T08:32:00+00:00
[2025-03-16T08:32:22.062+0000] {processor.py:176} INFO - Processing /home/airflow/.local/lib/python3.7/site-packages/airflow/example_dags/example_sla_dag.py took 0.233 seconds
[2025-03-16T08:32:52.228+0000] {processor.py:154} INFO - Started process (PID=193) to work on /home/airflow/.local/lib/python3.7/site-packages/airflow/example_dags/example_sla_dag.py
[2025-03-16T08:32:52.231+0000] {processor.py:756} INFO - Processing file /home/airflow/.local/lib/python3.7/site-packages/airflow/example_dags/example_sla_dag.py for tasks to queue
[2025-03-16T08:32:52.233+0000] {logging_mixin.py:120} INFO - [2025-03-16T08:32:52.232+0000] {dagbag.py:537} INFO - Filling up the DagBag from /home/airflow/.local/lib/python3.7/site-packages/airflow/example_dags/example_sla_dag.py
[2025-03-16T08:32:52.329+0000] {processor.py:766} INFO - DAG(s) dict_keys(['example_sla_dag']) retrieved from /home/airflow/.local/lib/python3.7/site-packages/airflow/example_dags/example_sla_dag.py
[2025-03-16T08:32:52.421+0000] {logging_mixin.py:120} INFO - [2025-03-16T08:32:52.421+0000] {dag.py:2585} INFO - Sync 1 DAGs
[2025-03-16T08:32:52.488+0000] {logging_mixin.py:120} INFO - [2025-03-16T08:32:52.487+0000] {dag.py:3340} INFO - Setting next_dagrun for example_sla_dag to 2025-03-16T08:30:00+00:00, run_after=2025-03-16T08:32:00+00:00
[2025-03-16T08:32:52.525+0000] {processor.py:176} INFO - Processing /home/airflow/.local/lib/python3.7/site-packages/airflow/example_dags/example_sla_dag.py took 0.305 seconds
[2025-03-16T08:33:22.586+0000] {processor.py:154} INFO - Started process (PID=247) to work on /home/airflow/.local/lib/python3.7/site-packages/airflow/example_dags/example_sla_dag.py
[2025-03-16T08:33:22.587+0000] {processor.py:756} INFO - Processing file /home/airflow/.local/lib/python3.7/site-packages/airflow/example_dags/example_sla_dag.py for tasks to queue
[2025-03-16T08:33:22.588+0000] {logging_mixin.py:120} INFO - [2025-03-16T08:33:22.588+0000] {dagbag.py:537} INFO - Filling up the DagBag from /home/airflow/.local/lib/python3.7/site-packages/airflow/example_dags/example_sla_dag.py
[2025-03-16T08:33:22.673+0000] {processor.py:766} INFO - DAG(s) dict_keys(['example_sla_dag']) retrieved from /home/airflow/.local/lib/python3.7/site-packages/airflow/example_dags/example_sla_dag.py
[2025-03-16T08:33:22.754+0000] {logging_mixin.py:120} INFO - [2025-03-16T08:33:22.754+0000] {dag.py:2585} INFO - Sync 1 DAGs
[2025-03-16T08:33:22.812+0000] {logging_mixin.py:120} INFO - [2025-03-16T08:33:22.811+0000] {dag.py:3340} INFO - Setting next_dagrun for example_sla_dag to 2025-03-16T08:30:00+00:00, run_after=2025-03-16T08:32:00+00:00
[2025-03-16T08:33:22.840+0000] {processor.py:176} INFO - Processing /home/airflow/.local/lib/python3.7/site-packages/airflow/example_dags/example_sla_dag.py took 0.261 seconds
[2025-03-16T08:33:53.265+0000] {processor.py:154} INFO - Started process (PID=311) to work on /home/airflow/.local/lib/python3.7/site-packages/airflow/example_dags/example_sla_dag.py
[2025-03-16T08:33:53.269+0000] {processor.py:756} INFO - Processing file /home/airflow/.local/lib/python3.7/site-packages/airflow/example_dags/example_sla_dag.py for tasks to queue
[2025-03-16T08:33:53.270+0000] {logging_mixin.py:120} INFO - [2025-03-16T08:33:53.270+0000] {dagbag.py:537} INFO - Filling up the DagBag from /home/airflow/.local/lib/python3.7/site-packages/airflow/example_dags/example_sla_dag.py
[2025-03-16T08:33:53.311+0000] {processor.py:766} INFO - DAG(s) dict_keys(['example_sla_dag']) retrieved from /home/airflow/.local/lib/python3.7/site-packages/airflow/example_dags/example_sla_dag.py
[2025-03-16T08:33:53.408+0000] {logging_mixin.py:120} INFO - [2025-03-16T08:33:53.408+0000] {dag.py:2585} INFO - Sync 1 DAGs
[2025-03-16T08:33:53.464+0000] {logging_mixin.py:120} INFO - [2025-03-16T08:33:53.463+0000] {dag.py:3340} INFO - Setting next_dagrun for example_sla_dag to 2025-03-16T08:30:00+00:00, run_after=2025-03-16T08:32:00+00:00
[2025-03-16T08:33:53.491+0000] {processor.py:176} INFO - Processing /home/airflow/.local/lib/python3.7/site-packages/airflow/example_dags/example_sla_dag.py took 0.245 seconds
[2025-03-16T08:34:23.637+0000] {processor.py:154} INFO - Started process (PID=365) to work on /home/airflow/.local/lib/python3.7/site-packages/airflow/example_dags/example_sla_dag.py
[2025-03-16T08:34:23.638+0000] {processor.py:756} INFO - Processing file /home/airflow/.local/lib/python3.7/site-packages/airflow/example_dags/example_sla_dag.py for tasks to queue
[2025-03-16T08:34:23.640+0000] {logging_mixin.py:120} INFO - [2025-03-16T08:34:23.640+0000] {dagbag.py:537} INFO - Filling up the DagBag from /home/airflow/.local/lib/python3.7/site-packages/airflow/example_dags/example_sla_dag.py
[2025-03-16T08:34:23.682+0000] {processor.py:766} INFO - DAG(s) dict_keys(['example_sla_dag']) retrieved from /home/airflow/.local/lib/python3.7/site-packages/airflow/example_dags/example_sla_dag.py
[2025-03-16T08:34:23.771+0000] {logging_mixin.py:120} INFO - [2025-03-16T08:34:23.771+0000] {dag.py:2585} INFO - Sync 1 DAGs
[2025-03-16T08:34:23.837+0000] {logging_mixin.py:120} INFO - [2025-03-16T08:34:23.835+0000] {dag.py:3340} INFO - Setting next_dagrun for example_sla_dag to 2025-03-16T08:32:00+00:00, run_after=2025-03-16T08:34:00+00:00
[2025-03-16T08:34:23.883+0000] {processor.py:176} INFO - Processing /home/airflow/.local/lib/python3.7/site-packages/airflow/example_dags/example_sla_dag.py took 0.252 seconds
[2025-03-16T08:34:54.781+0000] {processor.py:154} INFO - Started process (PID=427) to work on /home/airflow/.local/lib/python3.7/site-packages/airflow/example_dags/example_sla_dag.py
[2025-03-16T08:34:54.783+0000] {processor.py:756} INFO - Processing file /home/airflow/.local/lib/python3.7/site-packages/airflow/example_dags/example_sla_dag.py for tasks to queue
[2025-03-16T08:34:54.784+0000] {logging_mixin.py:120} INFO - [2025-03-16T08:34:54.784+0000] {dagbag.py:537} INFO - Filling up the DagBag from /home/airflow/.local/lib/python3.7/site-packages/airflow/example_dags/example_sla_dag.py
[2025-03-16T08:34:54.867+0000] {processor.py:766} INFO - DAG(s) dict_keys(['example_sla_dag']) retrieved from /home/airflow/.local/lib/python3.7/site-packages/airflow/example_dags/example_sla_dag.py
[2025-03-16T08:34:54.930+0000] {logging_mixin.py:120} INFO - [2025-03-16T08:34:54.930+0000] {dag.py:2585} INFO - Sync 1 DAGs
[2025-03-16T08:34:54.990+0000] {logging_mixin.py:120} INFO - [2025-03-16T08:34:54.988+0000] {dag.py:3340} INFO - Setting next_dagrun for example_sla_dag to 2025-03-16T08:32:00+00:00, run_after=2025-03-16T08:34:00+00:00
[2025-03-16T08:34:55.018+0000] {processor.py:176} INFO - Processing /home/airflow/.local/lib/python3.7/site-packages/airflow/example_dags/example_sla_dag.py took 0.245 seconds
[2025-03-16T08:35:25.170+0000] {processor.py:154} INFO - Started process (PID=481) to work on /home/airflow/.local/lib/python3.7/site-packages/airflow/example_dags/example_sla_dag.py
[2025-03-16T08:35:25.172+0000] {processor.py:756} INFO - Processing file /home/airflow/.local/lib/python3.7/site-packages/airflow/example_dags/example_sla_dag.py for tasks to queue
[2025-03-16T08:35:25.172+0000] {logging_mixin.py:120} INFO - [2025-03-16T08:35:25.172+0000] {dagbag.py:537} INFO - Filling up the DagBag from /home/airflow/.local/lib/python3.7/site-packages/airflow/example_dags/example_sla_dag.py
[2025-03-16T08:35:25.200+0000] {processor.py:766} INFO - DAG(s) dict_keys(['example_sla_dag']) retrieved from /home/airflow/.local/lib/python3.7/site-packages/airflow/example_dags/example_sla_dag.py
[2025-03-16T08:35:25.252+0000] {logging_mixin.py:120} INFO - [2025-03-16T08:35:25.252+0000] {dag.py:2585} INFO - Sync 1 DAGs
[2025-03-16T08:35:25.293+0000] {logging_mixin.py:120} INFO - [2025-03-16T08:35:25.293+0000] {dag.py:3340} INFO - Setting next_dagrun for example_sla_dag to 2025-03-16T08:32:00+00:00, run_after=2025-03-16T08:34:00+00:00
[2025-03-16T08:35:25.321+0000] {processor.py:176} INFO - Processing /home/airflow/.local/lib/python3.7/site-packages/airflow/example_dags/example_sla_dag.py took 0.155 seconds
[2025-03-16T08:35:56.296+0000] {processor.py:154} INFO - Started process (PID=544) to work on /home/airflow/.local/lib/python3.7/site-packages/airflow/example_dags/example_sla_dag.py
[2025-03-16T08:35:56.300+0000] {processor.py:756} INFO - Processing file /home/airflow/.local/lib/python3.7/site-packages/airflow/example_dags/example_sla_dag.py for tasks to queue
[2025-03-16T08:35:56.303+0000] {logging_mixin.py:120} INFO - [2025-03-16T08:35:56.301+0000] {dagbag.py:537} INFO - Filling up the DagBag from /home/airflow/.local/lib/python3.7/site-packages/airflow/example_dags/example_sla_dag.py
[2025-03-16T08:35:56.389+0000] {processor.py:766} INFO - DAG(s) dict_keys(['example_sla_dag']) retrieved from /home/airflow/.local/lib/python3.7/site-packages/airflow/example_dags/example_sla_dag.py
[2025-03-16T08:35:56.512+0000] {logging_mixin.py:120} INFO - [2025-03-16T08:35:56.512+0000] {dag.py:2585} INFO - Sync 1 DAGs
[2025-03-16T08:35:56.565+0000] {logging_mixin.py:120} INFO - [2025-03-16T08:35:56.565+0000] {dag.py:3340} INFO - Setting next_dagrun for example_sla_dag to 2025-03-16T08:32:00+00:00, run_after=2025-03-16T08:34:00+00:00
[2025-03-16T08:35:56.595+0000] {processor.py:176} INFO - Processing /home/airflow/.local/lib/python3.7/site-packages/airflow/example_dags/example_sla_dag.py took 0.310 seconds
[2025-03-16T08:36:27.229+0000] {processor.py:154} INFO - Started process (PID=598) to work on /home/airflow/.local/lib/python3.7/site-packages/airflow/example_dags/example_sla_dag.py
[2025-03-16T08:36:27.231+0000] {processor.py:756} INFO - Processing file /home/airflow/.local/lib/python3.7/site-packages/airflow/example_dags/example_sla_dag.py for tasks to queue
[2025-03-16T08:36:27.232+0000] {logging_mixin.py:120} INFO - [2025-03-16T08:36:27.232+0000] {dagbag.py:537} INFO - Filling up the DagBag from /home/airflow/.local/lib/python3.7/site-packages/airflow/example_dags/example_sla_dag.py
[2025-03-16T08:36:27.270+0000] {processor.py:766} INFO - DAG(s) dict_keys(['example_sla_dag']) retrieved from /home/airflow/.local/lib/python3.7/site-packages/airflow/example_dags/example_sla_dag.py
[2025-03-16T08:36:27.378+0000] {logging_mixin.py:120} INFO - [2025-03-16T08:36:27.378+0000] {dag.py:2585} INFO - Sync 1 DAGs
[2025-03-16T08:36:27.440+0000] {logging_mixin.py:120} INFO - [2025-03-16T08:36:27.440+0000] {dag.py:3340} INFO - Setting next_dagrun for example_sla_dag to 2025-03-16T08:34:00+00:00, run_after=2025-03-16T08:36:00+00:00
[2025-03-16T08:36:27.480+0000] {processor.py:176} INFO - Processing /home/airflow/.local/lib/python3.7/site-packages/airflow/example_dags/example_sla_dag.py took 0.256 seconds
[2025-03-16T08:36:58.648+0000] {processor.py:154} INFO - Started process (PID=660) to work on /home/airflow/.local/lib/python3.7/site-packages/airflow/example_dags/example_sla_dag.py
[2025-03-16T08:36:58.651+0000] {processor.py:756} INFO - Processing file /home/airflow/.local/lib/python3.7/site-packages/airflow/example_dags/example_sla_dag.py for tasks to queue
[2025-03-16T08:36:58.652+0000] {logging_mixin.py:120} INFO - [2025-03-16T08:36:58.652+0000] {dagbag.py:537} INFO - Filling up the DagBag from /home/airflow/.local/lib/python3.7/site-packages/airflow/example_dags/example_sla_dag.py
[2025-03-16T08:36:58.712+0000] {processor.py:766} INFO - DAG(s) dict_keys(['example_sla_dag']) retrieved from /home/airflow/.local/lib/python3.7/site-packages/airflow/example_dags/example_sla_dag.py
[2025-03-16T08:36:58.807+0000] {logging_mixin.py:120} INFO - [2025-03-16T08:36:58.807+0000] {dag.py:2585} INFO - Sync 1 DAGs
[2025-03-16T08:36:58.920+0000] {logging_mixin.py:120} INFO - [2025-03-16T08:36:58.919+0000] {dag.py:3340} INFO - Setting next_dagrun for example_sla_dag to 2025-03-16T08:34:00+00:00, run_after=2025-03-16T08:36:00+00:00
[2025-03-16T08:36:59.019+0000] {processor.py:176} INFO - Processing /home/airflow/.local/lib/python3.7/site-packages/airflow/example_dags/example_sla_dag.py took 0.376 seconds
[2025-03-16T08:37:29.637+0000] {processor.py:154} INFO - Started process (PID=714) to work on /home/airflow/.local/lib/python3.7/site-packages/airflow/example_dags/example_sla_dag.py
[2025-03-16T08:37:29.639+0000] {processor.py:756} INFO - Processing file /home/airflow/.local/lib/python3.7/site-packages/airflow/example_dags/example_sla_dag.py for tasks to queue
[2025-03-16T08:37:29.639+0000] {logging_mixin.py:120} INFO - [2025-03-16T08:37:29.639+0000] {dagbag.py:537} INFO - Filling up the DagBag from /home/airflow/.local/lib/python3.7/site-packages/airflow/example_dags/example_sla_dag.py
[2025-03-16T08:37:29.671+0000] {processor.py:766} INFO - DAG(s) dict_keys(['example_sla_dag']) retrieved from /home/airflow/.local/lib/python3.7/site-packages/airflow/example_dags/example_sla_dag.py
[2025-03-16T08:37:29.722+0000] {logging_mixin.py:120} INFO - [2025-03-16T08:37:29.722+0000] {dag.py:2585} INFO - Sync 1 DAGs
[2025-03-16T08:37:29.792+0000] {logging_mixin.py:120} INFO - [2025-03-16T08:37:29.792+0000] {dag.py:3340} INFO - Setting next_dagrun for example_sla_dag to 2025-03-16T08:34:00+00:00, run_after=2025-03-16T08:36:00+00:00
[2025-03-16T08:37:29.830+0000] {processor.py:176} INFO - Processing /home/airflow/.local/lib/python3.7/site-packages/airflow/example_dags/example_sla_dag.py took 0.197 seconds
[2025-03-16T08:38:00.280+0000] {processor.py:154} INFO - Started process (PID=777) to work on /home/airflow/.local/lib/python3.7/site-packages/airflow/example_dags/example_sla_dag.py
[2025-03-16T08:38:00.284+0000] {processor.py:756} INFO - Processing file /home/airflow/.local/lib/python3.7/site-packages/airflow/example_dags/example_sla_dag.py for tasks to queue
[2025-03-16T08:38:00.285+0000] {logging_mixin.py:120} INFO - [2025-03-16T08:38:00.285+0000] {dagbag.py:537} INFO - Filling up the DagBag from /home/airflow/.local/lib/python3.7/site-packages/airflow/example_dags/example_sla_dag.py
[2025-03-16T08:38:00.338+0000] {processor.py:766} INFO - DAG(s) dict_keys(['example_sla_dag']) retrieved from /home/airflow/.local/lib/python3.7/site-packages/airflow/example_dags/example_sla_dag.py
[2025-03-16T08:38:00.460+0000] {logging_mixin.py:120} INFO - [2025-03-16T08:38:00.459+0000] {dag.py:2585} INFO - Sync 1 DAGs
[2025-03-16T08:38:00.588+0000] {logging_mixin.py:120} INFO - [2025-03-16T08:38:00.588+0000] {dag.py:3340} INFO - Setting next_dagrun for example_sla_dag to 2025-03-16T08:36:00+00:00, run_after=2025-03-16T08:38:00+00:00
[2025-03-16T08:38:00.647+0000] {processor.py:176} INFO - Processing /home/airflow/.local/lib/python3.7/site-packages/airflow/example_dags/example_sla_dag.py took 0.376 seconds
[2025-03-16T08:38:30.779+0000] {processor.py:154} INFO - Started process (PID=834) to work on /home/airflow/.local/lib/python3.7/site-packages/airflow/example_dags/example_sla_dag.py
[2025-03-16T08:38:30.781+0000] {processor.py:756} INFO - Processing file /home/airflow/.local/lib/python3.7/site-packages/airflow/example_dags/example_sla_dag.py for tasks to queue
[2025-03-16T08:38:30.782+0000] {logging_mixin.py:120} INFO - [2025-03-16T08:38:30.781+0000] {dagbag.py:537} INFO - Filling up the DagBag from /home/airflow/.local/lib/python3.7/site-packages/airflow/example_dags/example_sla_dag.py
[2025-03-16T08:38:30.813+0000] {processor.py:766} INFO - DAG(s) dict_keys(['example_sla_dag']) retrieved from /home/airflow/.local/lib/python3.7/site-packages/airflow/example_dags/example_sla_dag.py
[2025-03-16T08:38:30.870+0000] {logging_mixin.py:120} INFO - [2025-03-16T08:38:30.870+0000] {dag.py:2585} INFO - Sync 1 DAGs
[2025-03-16T08:38:30.911+0000] {logging_mixin.py:120} INFO - [2025-03-16T08:38:30.911+0000] {dag.py:3340} INFO - Setting next_dagrun for example_sla_dag to 2025-03-16T08:36:00+00:00, run_after=2025-03-16T08:38:00+00:00
[2025-03-16T08:38:30.937+0000] {processor.py:176} INFO - Processing /home/airflow/.local/lib/python3.7/site-packages/airflow/example_dags/example_sla_dag.py took 0.163 seconds
[2025-03-16T08:39:03.154+0000] {processor.py:154} INFO - Started process (PID=897) to work on /home/airflow/.local/lib/python3.7/site-packages/airflow/example_dags/example_sla_dag.py
[2025-03-16T08:39:03.156+0000] {processor.py:756} INFO - Processing file /home/airflow/.local/lib/python3.7/site-packages/airflow/example_dags/example_sla_dag.py for tasks to queue
[2025-03-16T08:39:03.157+0000] {logging_mixin.py:120} INFO - [2025-03-16T08:39:03.157+0000] {dagbag.py:537} INFO - Filling up the DagBag from /home/airflow/.local/lib/python3.7/site-packages/airflow/example_dags/example_sla_dag.py
[2025-03-16T08:39:03.234+0000] {processor.py:766} INFO - DAG(s) dict_keys(['example_sla_dag']) retrieved from /home/airflow/.local/lib/python3.7/site-packages/airflow/example_dags/example_sla_dag.py
[2025-03-16T08:39:03.376+0000] {logging_mixin.py:120} INFO - [2025-03-16T08:39:03.371+0000] {dag.py:2585} INFO - Sync 1 DAGs
[2025-03-16T08:39:03.464+0000] {logging_mixin.py:120} INFO - [2025-03-16T08:39:03.464+0000] {dag.py:3340} INFO - Setting next_dagrun for example_sla_dag to 2025-03-16T08:36:00+00:00, run_after=2025-03-16T08:38:00+00:00
[2025-03-16T08:39:03.539+0000] {processor.py:176} INFO - Processing /home/airflow/.local/lib/python3.7/site-packages/airflow/example_dags/example_sla_dag.py took 0.390 seconds
[2025-03-16T08:39:33.884+0000] {processor.py:154} INFO - Started process (PID=950) to work on /home/airflow/.local/lib/python3.7/site-packages/airflow/example_dags/example_sla_dag.py
[2025-03-16T08:39:33.885+0000] {processor.py:756} INFO - Processing file /home/airflow/.local/lib/python3.7/site-packages/airflow/example_dags/example_sla_dag.py for tasks to queue
[2025-03-16T08:39:33.886+0000] {logging_mixin.py:120} INFO - [2025-03-16T08:39:33.886+0000] {dagbag.py:537} INFO - Filling up the DagBag from /home/airflow/.local/lib/python3.7/site-packages/airflow/example_dags/example_sla_dag.py
[2025-03-16T08:39:33.932+0000] {processor.py:766} INFO - DAG(s) dict_keys(['example_sla_dag']) retrieved from /home/airflow/.local/lib/python3.7/site-packages/airflow/example_dags/example_sla_dag.py
[2025-03-16T08:39:34.001+0000] {logging_mixin.py:120} INFO - [2025-03-16T08:39:34.001+0000] {dag.py:2585} INFO - Sync 1 DAGs
[2025-03-16T08:39:34.063+0000] {logging_mixin.py:120} INFO - [2025-03-16T08:39:34.062+0000] {dag.py:3340} INFO - Setting next_dagrun for example_sla_dag to 2025-03-16T08:36:00+00:00, run_after=2025-03-16T08:38:00+00:00
[2025-03-16T08:39:34.094+0000] {processor.py:176} INFO - Processing /home/airflow/.local/lib/python3.7/site-packages/airflow/example_dags/example_sla_dag.py took 0.215 seconds
[2025-03-16T08:40:04.729+0000] {processor.py:154} INFO - Started process (PID=1013) to work on /home/airflow/.local/lib/python3.7/site-packages/airflow/example_dags/example_sla_dag.py
[2025-03-16T08:40:04.734+0000] {processor.py:756} INFO - Processing file /home/airflow/.local/lib/python3.7/site-packages/airflow/example_dags/example_sla_dag.py for tasks to queue
[2025-03-16T08:40:04.735+0000] {logging_mixin.py:120} INFO - [2025-03-16T08:40:04.735+0000] {dagbag.py:537} INFO - Filling up the DagBag from /home/airflow/.local/lib/python3.7/site-packages/airflow/example_dags/example_sla_dag.py
[2025-03-16T08:40:04.832+0000] {processor.py:766} INFO - DAG(s) dict_keys(['example_sla_dag']) retrieved from /home/airflow/.local/lib/python3.7/site-packages/airflow/example_dags/example_sla_dag.py
[2025-03-16T08:40:04.906+0000] {logging_mixin.py:120} INFO - [2025-03-16T08:40:04.906+0000] {dag.py:2585} INFO - Sync 1 DAGs
[2025-03-16T08:40:04.975+0000] {logging_mixin.py:120} INFO - [2025-03-16T08:40:04.975+0000] {dag.py:3340} INFO - Setting next_dagrun for example_sla_dag to 2025-03-16T08:38:00+00:00, run_after=2025-03-16T08:40:00+00:00
[2025-03-16T08:40:05.036+0000] {processor.py:176} INFO - Processing /home/airflow/.local/lib/python3.7/site-packages/airflow/example_dags/example_sla_dag.py took 0.318 seconds
[2025-03-16T08:40:35.106+0000] {processor.py:154} INFO - Started process (PID=1066) to work on /home/airflow/.local/lib/python3.7/site-packages/airflow/example_dags/example_sla_dag.py
[2025-03-16T08:40:35.106+0000] {processor.py:756} INFO - Processing file /home/airflow/.local/lib/python3.7/site-packages/airflow/example_dags/example_sla_dag.py for tasks to queue
[2025-03-16T08:40:35.107+0000] {logging_mixin.py:120} INFO - [2025-03-16T08:40:35.107+0000] {dagbag.py:537} INFO - Filling up the DagBag from /home/airflow/.local/lib/python3.7/site-packages/airflow/example_dags/example_sla_dag.py
[2025-03-16T08:40:35.136+0000] {processor.py:766} INFO - DAG(s) dict_keys(['example_sla_dag']) retrieved from /home/airflow/.local/lib/python3.7/site-packages/airflow/example_dags/example_sla_dag.py
[2025-03-16T08:40:35.196+0000] {logging_mixin.py:120} INFO - [2025-03-16T08:40:35.196+0000] {dag.py:2585} INFO - Sync 1 DAGs
[2025-03-16T08:40:35.271+0000] {logging_mixin.py:120} INFO - [2025-03-16T08:40:35.271+0000] {dag.py:3340} INFO - Setting next_dagrun for example_sla_dag to 2025-03-16T08:38:00+00:00, run_after=2025-03-16T08:40:00+00:00
[2025-03-16T08:40:35.302+0000] {processor.py:176} INFO - Processing /home/airflow/.local/lib/python3.7/site-packages/airflow/example_dags/example_sla_dag.py took 0.200 seconds
[2025-03-16T08:41:06.009+0000] {processor.py:154} INFO - Started process (PID=1130) to work on /home/airflow/.local/lib/python3.7/site-packages/airflow/example_dags/example_sla_dag.py
[2025-03-16T08:41:06.012+0000] {processor.py:756} INFO - Processing file /home/airflow/.local/lib/python3.7/site-packages/airflow/example_dags/example_sla_dag.py for tasks to queue
[2025-03-16T08:41:06.013+0000] {logging_mixin.py:120} INFO - [2025-03-16T08:41:06.013+0000] {dagbag.py:537} INFO - Filling up the DagBag from /home/airflow/.local/lib/python3.7/site-packages/airflow/example_dags/example_sla_dag.py
[2025-03-16T08:41:06.110+0000] {processor.py:766} INFO - DAG(s) dict_keys(['example_sla_dag']) retrieved from /home/airflow/.local/lib/python3.7/site-packages/airflow/example_dags/example_sla_dag.py
[2025-03-16T08:41:06.226+0000] {logging_mixin.py:120} INFO - [2025-03-16T08:41:06.225+0000] {dag.py:2585} INFO - Sync 1 DAGs
[2025-03-16T08:41:06.321+0000] {logging_mixin.py:120} INFO - [2025-03-16T08:41:06.320+0000] {dag.py:3340} INFO - Setting next_dagrun for example_sla_dag to 2025-03-16T08:38:00+00:00, run_after=2025-03-16T08:40:00+00:00
[2025-03-16T08:41:06.457+0000] {processor.py:176} INFO - Processing /home/airflow/.local/lib/python3.7/site-packages/airflow/example_dags/example_sla_dag.py took 0.454 seconds
[2025-03-16T08:41:37.173+0000] {processor.py:154} INFO - Started process (PID=1184) to work on /home/airflow/.local/lib/python3.7/site-packages/airflow/example_dags/example_sla_dag.py
[2025-03-16T08:41:37.175+0000] {processor.py:756} INFO - Processing file /home/airflow/.local/lib/python3.7/site-packages/airflow/example_dags/example_sla_dag.py for tasks to queue
[2025-03-16T08:41:37.176+0000] {logging_mixin.py:120} INFO - [2025-03-16T08:41:37.176+0000] {dagbag.py:537} INFO - Filling up the DagBag from /home/airflow/.local/lib/python3.7/site-packages/airflow/example_dags/example_sla_dag.py
[2025-03-16T08:41:37.234+0000] {processor.py:766} INFO - DAG(s) dict_keys(['example_sla_dag']) retrieved from /home/airflow/.local/lib/python3.7/site-packages/airflow/example_dags/example_sla_dag.py
[2025-03-16T08:41:37.317+0000] {logging_mixin.py:120} INFO - [2025-03-16T08:41:37.317+0000] {dag.py:2585} INFO - Sync 1 DAGs
[2025-03-16T08:41:37.398+0000] {logging_mixin.py:120} INFO - [2025-03-16T08:41:37.398+0000] {dag.py:3340} INFO - Setting next_dagrun for example_sla_dag to 2025-03-16T08:38:00+00:00, run_after=2025-03-16T08:40:00+00:00
[2025-03-16T08:41:37.433+0000] {processor.py:176} INFO - Processing /home/airflow/.local/lib/python3.7/site-packages/airflow/example_dags/example_sla_dag.py took 0.268 seconds
[2025-03-16T08:42:08.152+0000] {processor.py:154} INFO - Started process (PID=1247) to work on /home/airflow/.local/lib/python3.7/site-packages/airflow/example_dags/example_sla_dag.py
[2025-03-16T08:42:08.156+0000] {processor.py:756} INFO - Processing file /home/airflow/.local/lib/python3.7/site-packages/airflow/example_dags/example_sla_dag.py for tasks to queue
[2025-03-16T08:42:08.157+0000] {logging_mixin.py:120} INFO - [2025-03-16T08:42:08.157+0000] {dagbag.py:537} INFO - Filling up the DagBag from /home/airflow/.local/lib/python3.7/site-packages/airflow/example_dags/example_sla_dag.py
[2025-03-16T08:42:08.248+0000] {processor.py:766} INFO - DAG(s) dict_keys(['example_sla_dag']) retrieved from /home/airflow/.local/lib/python3.7/site-packages/airflow/example_dags/example_sla_dag.py
[2025-03-16T08:42:08.392+0000] {logging_mixin.py:120} INFO - [2025-03-16T08:42:08.391+0000] {dag.py:2585} INFO - Sync 1 DAGs
[2025-03-16T08:42:08.464+0000] {logging_mixin.py:120} INFO - [2025-03-16T08:42:08.463+0000] {dag.py:3340} INFO - Setting next_dagrun for example_sla_dag to 2025-03-16T08:40:00+00:00, run_after=2025-03-16T08:42:00+00:00
[2025-03-16T08:42:08.524+0000] {processor.py:176} INFO - Processing /home/airflow/.local/lib/python3.7/site-packages/airflow/example_dags/example_sla_dag.py took 0.385 seconds
[2025-03-16T08:42:38.933+0000] {processor.py:154} INFO - Started process (PID=1301) to work on /home/airflow/.local/lib/python3.7/site-packages/airflow/example_dags/example_sla_dag.py
[2025-03-16T08:42:38.934+0000] {processor.py:756} INFO - Processing file /home/airflow/.local/lib/python3.7/site-packages/airflow/example_dags/example_sla_dag.py for tasks to queue
[2025-03-16T08:42:38.935+0000] {logging_mixin.py:120} INFO - [2025-03-16T08:42:38.935+0000] {dagbag.py:537} INFO - Filling up the DagBag from /home/airflow/.local/lib/python3.7/site-packages/airflow/example_dags/example_sla_dag.py
[2025-03-16T08:42:38.974+0000] {processor.py:766} INFO - DAG(s) dict_keys(['example_sla_dag']) retrieved from /home/airflow/.local/lib/python3.7/site-packages/airflow/example_dags/example_sla_dag.py
[2025-03-16T08:42:39.049+0000] {logging_mixin.py:120} INFO - [2025-03-16T08:42:39.048+0000] {dag.py:2585} INFO - Sync 1 DAGs
[2025-03-16T08:42:39.101+0000] {logging_mixin.py:120} INFO - [2025-03-16T08:42:39.101+0000] {dag.py:3340} INFO - Setting next_dagrun for example_sla_dag to 2025-03-16T08:40:00+00:00, run_after=2025-03-16T08:42:00+00:00
[2025-03-16T08:42:39.131+0000] {processor.py:176} INFO - Processing /home/airflow/.local/lib/python3.7/site-packages/airflow/example_dags/example_sla_dag.py took 0.205 seconds
[2025-03-16T08:43:09.826+0000] {processor.py:154} INFO - Started process (PID=1362) to work on /home/airflow/.local/lib/python3.7/site-packages/airflow/example_dags/example_sla_dag.py
[2025-03-16T08:43:09.830+0000] {processor.py:756} INFO - Processing file /home/airflow/.local/lib/python3.7/site-packages/airflow/example_dags/example_sla_dag.py for tasks to queue
[2025-03-16T08:43:09.831+0000] {logging_mixin.py:120} INFO - [2025-03-16T08:43:09.831+0000] {dagbag.py:537} INFO - Filling up the DagBag from /home/airflow/.local/lib/python3.7/site-packages/airflow/example_dags/example_sla_dag.py
[2025-03-16T08:43:09.909+0000] {processor.py:766} INFO - DAG(s) dict_keys(['example_sla_dag']) retrieved from /home/airflow/.local/lib/python3.7/site-packages/airflow/example_dags/example_sla_dag.py
[2025-03-16T08:43:10.127+0000] {logging_mixin.py:120} INFO - [2025-03-16T08:43:10.127+0000] {dag.py:2585} INFO - Sync 1 DAGs
[2025-03-16T08:43:10.248+0000] {logging_mixin.py:120} INFO - [2025-03-16T08:43:10.247+0000] {dag.py:3340} INFO - Setting next_dagrun for example_sla_dag to 2025-03-16T08:40:00+00:00, run_after=2025-03-16T08:42:00+00:00
[2025-03-16T08:43:10.291+0000] {processor.py:176} INFO - Processing /home/airflow/.local/lib/python3.7/site-packages/airflow/example_dags/example_sla_dag.py took 0.470 seconds
[2025-03-16T08:43:40.708+0000] {processor.py:154} INFO - Started process (PID=1418) to work on /home/airflow/.local/lib/python3.7/site-packages/airflow/example_dags/example_sla_dag.py
[2025-03-16T08:43:40.709+0000] {processor.py:756} INFO - Processing file /home/airflow/.local/lib/python3.7/site-packages/airflow/example_dags/example_sla_dag.py for tasks to queue
[2025-03-16T08:43:40.710+0000] {logging_mixin.py:120} INFO - [2025-03-16T08:43:40.710+0000] {dagbag.py:537} INFO - Filling up the DagBag from /home/airflow/.local/lib/python3.7/site-packages/airflow/example_dags/example_sla_dag.py
[2025-03-16T08:43:40.750+0000] {processor.py:766} INFO - DAG(s) dict_keys(['example_sla_dag']) retrieved from /home/airflow/.local/lib/python3.7/site-packages/airflow/example_dags/example_sla_dag.py
[2025-03-16T08:43:40.830+0000] {logging_mixin.py:120} INFO - [2025-03-16T08:43:40.830+0000] {dag.py:2585} INFO - Sync 1 DAGs
[2025-03-16T08:43:40.882+0000] {logging_mixin.py:120} INFO - [2025-03-16T08:43:40.881+0000] {dag.py:3340} INFO - Setting next_dagrun for example_sla_dag to 2025-03-16T08:40:00+00:00, run_after=2025-03-16T08:42:00+00:00
[2025-03-16T08:43:40.914+0000] {processor.py:176} INFO - Processing /home/airflow/.local/lib/python3.7/site-packages/airflow/example_dags/example_sla_dag.py took 0.212 seconds
[2025-03-16T08:44:11.121+0000] {processor.py:154} INFO - Started process (PID=1472) to work on /home/airflow/.local/lib/python3.7/site-packages/airflow/example_dags/example_sla_dag.py
[2025-03-16T08:44:11.124+0000] {processor.py:756} INFO - Processing file /home/airflow/.local/lib/python3.7/site-packages/airflow/example_dags/example_sla_dag.py for tasks to queue
[2025-03-16T08:44:11.125+0000] {logging_mixin.py:120} INFO - [2025-03-16T08:44:11.125+0000] {dagbag.py:537} INFO - Filling up the DagBag from /home/airflow/.local/lib/python3.7/site-packages/airflow/example_dags/example_sla_dag.py
[2025-03-16T08:44:11.166+0000] {processor.py:766} INFO - DAG(s) dict_keys(['example_sla_dag']) retrieved from /home/airflow/.local/lib/python3.7/site-packages/airflow/example_dags/example_sla_dag.py
[2025-03-16T08:44:11.232+0000] {logging_mixin.py:120} INFO - [2025-03-16T08:44:11.232+0000] {dag.py:2585} INFO - Sync 1 DAGs
[2025-03-16T08:44:11.268+0000] {logging_mixin.py:120} INFO - [2025-03-16T08:44:11.267+0000] {dag.py:3340} INFO - Setting next_dagrun for example_sla_dag to 2025-03-16T08:42:00+00:00, run_after=2025-03-16T08:44:00+00:00
[2025-03-16T08:44:11.292+0000] {processor.py:176} INFO - Processing /home/airflow/.local/lib/python3.7/site-packages/airflow/example_dags/example_sla_dag.py took 0.177 seconds
[2025-03-16T08:44:41.339+0000] {processor.py:154} INFO - Started process (PID=1537) to work on /home/airflow/.local/lib/python3.7/site-packages/airflow/example_dags/example_sla_dag.py
[2025-03-16T08:44:41.341+0000] {processor.py:756} INFO - Processing file /home/airflow/.local/lib/python3.7/site-packages/airflow/example_dags/example_sla_dag.py for tasks to queue
[2025-03-16T08:44:41.346+0000] {logging_mixin.py:120} INFO - [2025-03-16T08:44:41.346+0000] {dagbag.py:537} INFO - Filling up the DagBag from /home/airflow/.local/lib/python3.7/site-packages/airflow/example_dags/example_sla_dag.py
[2025-03-16T08:44:41.407+0000] {processor.py:766} INFO - DAG(s) dict_keys(['example_sla_dag']) retrieved from /home/airflow/.local/lib/python3.7/site-packages/airflow/example_dags/example_sla_dag.py
[2025-03-16T08:44:41.479+0000] {logging_mixin.py:120} INFO - [2025-03-16T08:44:41.479+0000] {dag.py:2585} INFO - Sync 1 DAGs
[2025-03-16T08:44:41.513+0000] {logging_mixin.py:120} INFO - [2025-03-16T08:44:41.513+0000] {dag.py:3340} INFO - Setting next_dagrun for example_sla_dag to 2025-03-16T08:42:00+00:00, run_after=2025-03-16T08:44:00+00:00
[2025-03-16T08:44:41.535+0000] {processor.py:176} INFO - Processing /home/airflow/.local/lib/python3.7/site-packages/airflow/example_dags/example_sla_dag.py took 0.203 seconds
[2025-03-16T08:45:11.658+0000] {processor.py:154} INFO - Started process (PID=1591) to work on /home/airflow/.local/lib/python3.7/site-packages/airflow/example_dags/example_sla_dag.py
[2025-03-16T08:45:11.659+0000] {processor.py:756} INFO - Processing file /home/airflow/.local/lib/python3.7/site-packages/airflow/example_dags/example_sla_dag.py for tasks to queue
[2025-03-16T08:45:11.660+0000] {logging_mixin.py:120} INFO - [2025-03-16T08:45:11.660+0000] {dagbag.py:537} INFO - Filling up the DagBag from /home/airflow/.local/lib/python3.7/site-packages/airflow/example_dags/example_sla_dag.py
[2025-03-16T08:45:11.709+0000] {processor.py:766} INFO - DAG(s) dict_keys(['example_sla_dag']) retrieved from /home/airflow/.local/lib/python3.7/site-packages/airflow/example_dags/example_sla_dag.py
[2025-03-16T08:45:11.785+0000] {logging_mixin.py:120} INFO - [2025-03-16T08:45:11.785+0000] {dag.py:2585} INFO - Sync 1 DAGs
[2025-03-16T08:45:11.827+0000] {logging_mixin.py:120} INFO - [2025-03-16T08:45:11.827+0000] {dag.py:3340} INFO - Setting next_dagrun for example_sla_dag to 2025-03-16T08:42:00+00:00, run_after=2025-03-16T08:44:00+00:00
[2025-03-16T08:45:11.849+0000] {processor.py:176} INFO - Processing /home/airflow/.local/lib/python3.7/site-packages/airflow/example_dags/example_sla_dag.py took 0.198 seconds
[2025-03-16T08:45:42.635+0000] {processor.py:154} INFO - Started process (PID=1652) to work on /home/airflow/.local/lib/python3.7/site-packages/airflow/example_dags/example_sla_dag.py
[2025-03-16T08:45:42.636+0000] {processor.py:756} INFO - Processing file /home/airflow/.local/lib/python3.7/site-packages/airflow/example_dags/example_sla_dag.py for tasks to queue
[2025-03-16T08:45:42.637+0000] {logging_mixin.py:120} INFO - [2025-03-16T08:45:42.637+0000] {dagbag.py:537} INFO - Filling up the DagBag from /home/airflow/.local/lib/python3.7/site-packages/airflow/example_dags/example_sla_dag.py
[2025-03-16T08:45:42.678+0000] {processor.py:766} INFO - DAG(s) dict_keys(['example_sla_dag']) retrieved from /home/airflow/.local/lib/python3.7/site-packages/airflow/example_dags/example_sla_dag.py
[2025-03-16T08:45:42.746+0000] {logging_mixin.py:120} INFO - [2025-03-16T08:45:42.746+0000] {dag.py:2585} INFO - Sync 1 DAGs
[2025-03-16T08:45:42.795+0000] {logging_mixin.py:120} INFO - [2025-03-16T08:45:42.794+0000] {dag.py:3340} INFO - Setting next_dagrun for example_sla_dag to 2025-03-16T08:42:00+00:00, run_after=2025-03-16T08:44:00+00:00
[2025-03-16T08:45:42.814+0000] {processor.py:176} INFO - Processing /home/airflow/.local/lib/python3.7/site-packages/airflow/example_dags/example_sla_dag.py took 0.184 seconds
[2025-03-16T08:46:13.635+0000] {processor.py:154} INFO - Started process (PID=1706) to work on /home/airflow/.local/lib/python3.7/site-packages/airflow/example_dags/example_sla_dag.py
[2025-03-16T08:46:13.637+0000] {processor.py:756} INFO - Processing file /home/airflow/.local/lib/python3.7/site-packages/airflow/example_dags/example_sla_dag.py for tasks to queue
[2025-03-16T08:46:13.638+0000] {logging_mixin.py:120} INFO - [2025-03-16T08:46:13.638+0000] {dagbag.py:537} INFO - Filling up the DagBag from /home/airflow/.local/lib/python3.7/site-packages/airflow/example_dags/example_sla_dag.py
[2025-03-16T08:46:13.681+0000] {processor.py:766} INFO - DAG(s) dict_keys(['example_sla_dag']) retrieved from /home/airflow/.local/lib/python3.7/site-packages/airflow/example_dags/example_sla_dag.py
[2025-03-16T08:46:13.808+0000] {logging_mixin.py:120} INFO - [2025-03-16T08:46:13.807+0000] {dag.py:2585} INFO - Sync 1 DAGs
[2025-03-16T08:46:13.872+0000] {logging_mixin.py:120} INFO - [2025-03-16T08:46:13.872+0000] {dag.py:3340} INFO - Setting next_dagrun for example_sla_dag to 2025-03-16T08:44:00+00:00, run_after=2025-03-16T08:46:00+00:00
[2025-03-16T08:46:13.909+0000] {processor.py:176} INFO - Processing /home/airflow/.local/lib/python3.7/site-packages/airflow/example_dags/example_sla_dag.py took 0.279 seconds
[2025-03-16T08:46:43.970+0000] {processor.py:154} INFO - Started process (PID=1769) to work on /home/airflow/.local/lib/python3.7/site-packages/airflow/example_dags/example_sla_dag.py
[2025-03-16T08:46:43.971+0000] {processor.py:756} INFO - Processing file /home/airflow/.local/lib/python3.7/site-packages/airflow/example_dags/example_sla_dag.py for tasks to queue
[2025-03-16T08:46:43.972+0000] {logging_mixin.py:120} INFO - [2025-03-16T08:46:43.972+0000] {dagbag.py:537} INFO - Filling up the DagBag from /home/airflow/.local/lib/python3.7/site-packages/airflow/example_dags/example_sla_dag.py
[2025-03-16T08:46:44.000+0000] {processor.py:766} INFO - DAG(s) dict_keys(['example_sla_dag']) retrieved from /home/airflow/.local/lib/python3.7/site-packages/airflow/example_dags/example_sla_dag.py
[2025-03-16T08:46:44.055+0000] {logging_mixin.py:120} INFO - [2025-03-16T08:46:44.055+0000] {dag.py:2585} INFO - Sync 1 DAGs
[2025-03-16T08:46:44.100+0000] {logging_mixin.py:120} INFO - [2025-03-16T08:46:44.100+0000] {dag.py:3340} INFO - Setting next_dagrun for example_sla_dag to 2025-03-16T08:44:00+00:00, run_after=2025-03-16T08:46:00+00:00
[2025-03-16T08:46:44.123+0000] {processor.py:176} INFO - Processing /home/airflow/.local/lib/python3.7/site-packages/airflow/example_dags/example_sla_dag.py took 0.158 seconds
[2025-03-16T08:47:14.927+0000] {processor.py:154} INFO - Started process (PID=1823) to work on /home/airflow/.local/lib/python3.7/site-packages/airflow/example_dags/example_sla_dag.py
[2025-03-16T08:47:14.928+0000] {processor.py:756} INFO - Processing file /home/airflow/.local/lib/python3.7/site-packages/airflow/example_dags/example_sla_dag.py for tasks to queue
[2025-03-16T08:47:14.929+0000] {logging_mixin.py:120} INFO - [2025-03-16T08:47:14.929+0000] {dagbag.py:537} INFO - Filling up the DagBag from /home/airflow/.local/lib/python3.7/site-packages/airflow/example_dags/example_sla_dag.py
[2025-03-16T08:47:14.962+0000] {processor.py:766} INFO - DAG(s) dict_keys(['example_sla_dag']) retrieved from /home/airflow/.local/lib/python3.7/site-packages/airflow/example_dags/example_sla_dag.py
[2025-03-16T08:47:15.008+0000] {logging_mixin.py:120} INFO - [2025-03-16T08:47:15.008+0000] {dag.py:2585} INFO - Sync 1 DAGs
[2025-03-16T08:47:15.040+0000] {logging_mixin.py:120} INFO - [2025-03-16T08:47:15.040+0000] {dag.py:3340} INFO - Setting next_dagrun for example_sla_dag to 2025-03-16T08:44:00+00:00, run_after=2025-03-16T08:46:00+00:00
[2025-03-16T08:47:15.061+0000] {processor.py:176} INFO - Processing /home/airflow/.local/lib/python3.7/site-packages/airflow/example_dags/example_sla_dag.py took 0.141 seconds
[2025-03-16T08:47:45.343+0000] {processor.py:154} INFO - Started process (PID=1886) to work on /home/airflow/.local/lib/python3.7/site-packages/airflow/example_dags/example_sla_dag.py
[2025-03-16T08:47:45.344+0000] {processor.py:756} INFO - Processing file /home/airflow/.local/lib/python3.7/site-packages/airflow/example_dags/example_sla_dag.py for tasks to queue
[2025-03-16T08:47:45.345+0000] {logging_mixin.py:120} INFO - [2025-03-16T08:47:45.344+0000] {dagbag.py:537} INFO - Filling up the DagBag from /home/airflow/.local/lib/python3.7/site-packages/airflow/example_dags/example_sla_dag.py
[2025-03-16T08:47:45.386+0000] {processor.py:766} INFO - DAG(s) dict_keys(['example_sla_dag']) retrieved from /home/airflow/.local/lib/python3.7/site-packages/airflow/example_dags/example_sla_dag.py
[2025-03-16T08:47:45.452+0000] {logging_mixin.py:120} INFO - [2025-03-16T08:47:45.451+0000] {dag.py:2585} INFO - Sync 1 DAGs
[2025-03-16T08:47:45.506+0000] {logging_mixin.py:120} INFO - [2025-03-16T08:47:45.506+0000] {dag.py:3340} INFO - Setting next_dagrun for example_sla_dag to 2025-03-16T08:44:00+00:00, run_after=2025-03-16T08:46:00+00:00
[2025-03-16T08:47:45.537+0000] {processor.py:176} INFO - Processing /home/airflow/.local/lib/python3.7/site-packages/airflow/example_dags/example_sla_dag.py took 0.199 seconds
[2025-03-16T08:48:16.422+0000] {processor.py:154} INFO - Started process (PID=1940) to work on /home/airflow/.local/lib/python3.7/site-packages/airflow/example_dags/example_sla_dag.py
[2025-03-16T08:48:16.423+0000] {processor.py:756} INFO - Processing file /home/airflow/.local/lib/python3.7/site-packages/airflow/example_dags/example_sla_dag.py for tasks to queue
[2025-03-16T08:48:16.424+0000] {logging_mixin.py:120} INFO - [2025-03-16T08:48:16.424+0000] {dagbag.py:537} INFO - Filling up the DagBag from /home/airflow/.local/lib/python3.7/site-packages/airflow/example_dags/example_sla_dag.py
[2025-03-16T08:48:16.466+0000] {processor.py:766} INFO - DAG(s) dict_keys(['example_sla_dag']) retrieved from /home/airflow/.local/lib/python3.7/site-packages/airflow/example_dags/example_sla_dag.py
[2025-03-16T08:48:16.544+0000] {logging_mixin.py:120} INFO - [2025-03-16T08:48:16.543+0000] {dag.py:2585} INFO - Sync 1 DAGs
[2025-03-16T08:48:16.608+0000] {logging_mixin.py:120} INFO - [2025-03-16T08:48:16.608+0000] {dag.py:3340} INFO - Setting next_dagrun for example_sla_dag to 2025-03-16T08:46:00+00:00, run_after=2025-03-16T08:48:00+00:00
[2025-03-16T08:48:16.641+0000] {processor.py:176} INFO - Processing /home/airflow/.local/lib/python3.7/site-packages/airflow/example_dags/example_sla_dag.py took 0.224 seconds
[2025-03-16T08:48:47.263+0000] {processor.py:154} INFO - Started process (PID=2002) to work on /home/airflow/.local/lib/python3.7/site-packages/airflow/example_dags/example_sla_dag.py
[2025-03-16T08:48:47.265+0000] {processor.py:756} INFO - Processing file /home/airflow/.local/lib/python3.7/site-packages/airflow/example_dags/example_sla_dag.py for tasks to queue
[2025-03-16T08:48:47.266+0000] {logging_mixin.py:120} INFO - [2025-03-16T08:48:47.266+0000] {dagbag.py:537} INFO - Filling up the DagBag from /home/airflow/.local/lib/python3.7/site-packages/airflow/example_dags/example_sla_dag.py
[2025-03-16T08:48:47.302+0000] {processor.py:766} INFO - DAG(s) dict_keys(['example_sla_dag']) retrieved from /home/airflow/.local/lib/python3.7/site-packages/airflow/example_dags/example_sla_dag.py
[2025-03-16T08:48:47.377+0000] {logging_mixin.py:120} INFO - [2025-03-16T08:48:47.376+0000] {dag.py:2585} INFO - Sync 1 DAGs
[2025-03-16T08:48:47.414+0000] {logging_mixin.py:120} INFO - [2025-03-16T08:48:47.413+0000] {dag.py:3340} INFO - Setting next_dagrun for example_sla_dag to 2025-03-16T08:46:00+00:00, run_after=2025-03-16T08:48:00+00:00
[2025-03-16T08:48:47.433+0000] {processor.py:176} INFO - Processing /home/airflow/.local/lib/python3.7/site-packages/airflow/example_dags/example_sla_dag.py took 0.175 seconds
[2025-03-16T08:49:17.952+0000] {processor.py:154} INFO - Started process (PID=2057) to work on /home/airflow/.local/lib/python3.7/site-packages/airflow/example_dags/example_sla_dag.py
[2025-03-16T08:49:17.953+0000] {processor.py:756} INFO - Processing file /home/airflow/.local/lib/python3.7/site-packages/airflow/example_dags/example_sla_dag.py for tasks to queue
[2025-03-16T08:49:17.953+0000] {logging_mixin.py:120} INFO - [2025-03-16T08:49:17.953+0000] {dagbag.py:537} INFO - Filling up the DagBag from /home/airflow/.local/lib/python3.7/site-packages/airflow/example_dags/example_sla_dag.py
[2025-03-16T08:49:17.980+0000] {processor.py:766} INFO - DAG(s) dict_keys(['example_sla_dag']) retrieved from /home/airflow/.local/lib/python3.7/site-packages/airflow/example_dags/example_sla_dag.py
[2025-03-16T08:49:18.044+0000] {logging_mixin.py:120} INFO - [2025-03-16T08:49:18.043+0000] {dag.py:2585} INFO - Sync 1 DAGs
[2025-03-16T08:49:18.080+0000] {logging_mixin.py:120} INFO - [2025-03-16T08:49:18.080+0000] {dag.py:3340} INFO - Setting next_dagrun for example_sla_dag to 2025-03-16T08:46:00+00:00, run_after=2025-03-16T08:48:00+00:00
[2025-03-16T08:49:18.107+0000] {processor.py:176} INFO - Processing /home/airflow/.local/lib/python3.7/site-packages/airflow/example_dags/example_sla_dag.py took 0.161 seconds
[2025-03-16T08:49:48.461+0000] {processor.py:154} INFO - Started process (PID=2120) to work on /home/airflow/.local/lib/python3.7/site-packages/airflow/example_dags/example_sla_dag.py
[2025-03-16T08:49:48.463+0000] {processor.py:756} INFO - Processing file /home/airflow/.local/lib/python3.7/site-packages/airflow/example_dags/example_sla_dag.py for tasks to queue
[2025-03-16T08:49:48.464+0000] {logging_mixin.py:120} INFO - [2025-03-16T08:49:48.463+0000] {dagbag.py:537} INFO - Filling up the DagBag from /home/airflow/.local/lib/python3.7/site-packages/airflow/example_dags/example_sla_dag.py
[2025-03-16T08:49:48.507+0000] {processor.py:766} INFO - DAG(s) dict_keys(['example_sla_dag']) retrieved from /home/airflow/.local/lib/python3.7/site-packages/airflow/example_dags/example_sla_dag.py
[2025-03-16T08:49:48.576+0000] {logging_mixin.py:120} INFO - [2025-03-16T08:49:48.576+0000] {dag.py:2585} INFO - Sync 1 DAGs
[2025-03-16T08:49:48.632+0000] {logging_mixin.py:120} INFO - [2025-03-16T08:49:48.631+0000] {dag.py:3340} INFO - Setting next_dagrun for example_sla_dag to 2025-03-16T08:46:00+00:00, run_after=2025-03-16T08:48:00+00:00
[2025-03-16T08:49:48.663+0000] {processor.py:176} INFO - Processing /home/airflow/.local/lib/python3.7/site-packages/airflow/example_dags/example_sla_dag.py took 0.208 seconds
[2025-03-16T08:50:19.067+0000] {processor.py:154} INFO - Started process (PID=2174) to work on /home/airflow/.local/lib/python3.7/site-packages/airflow/example_dags/example_sla_dag.py
[2025-03-16T08:50:19.070+0000] {processor.py:756} INFO - Processing file /home/airflow/.local/lib/python3.7/site-packages/airflow/example_dags/example_sla_dag.py for tasks to queue
[2025-03-16T08:50:19.071+0000] {logging_mixin.py:120} INFO - [2025-03-16T08:50:19.071+0000] {dagbag.py:537} INFO - Filling up the DagBag from /home/airflow/.local/lib/python3.7/site-packages/airflow/example_dags/example_sla_dag.py
[2025-03-16T08:50:19.113+0000] {processor.py:766} INFO - DAG(s) dict_keys(['example_sla_dag']) retrieved from /home/airflow/.local/lib/python3.7/site-packages/airflow/example_dags/example_sla_dag.py
[2025-03-16T08:50:19.180+0000] {logging_mixin.py:120} INFO - [2025-03-16T08:50:19.180+0000] {dag.py:2585} INFO - Sync 1 DAGs
[2025-03-16T08:50:19.230+0000] {logging_mixin.py:120} INFO - [2025-03-16T08:50:19.230+0000] {dag.py:3340} INFO - Setting next_dagrun for example_sla_dag to 2025-03-16T08:48:00+00:00, run_after=2025-03-16T08:50:00+00:00
[2025-03-16T08:50:19.251+0000] {processor.py:176} INFO - Processing /home/airflow/.local/lib/python3.7/site-packages/airflow/example_dags/example_sla_dag.py took 0.190 seconds
[2025-03-16T08:50:49.281+0000] {processor.py:154} INFO - Started process (PID=2237) to work on /home/airflow/.local/lib/python3.7/site-packages/airflow/example_dags/example_sla_dag.py
[2025-03-16T08:50:49.282+0000] {processor.py:756} INFO - Processing file /home/airflow/.local/lib/python3.7/site-packages/airflow/example_dags/example_sla_dag.py for tasks to queue
[2025-03-16T08:50:49.283+0000] {logging_mixin.py:120} INFO - [2025-03-16T08:50:49.282+0000] {dagbag.py:537} INFO - Filling up the DagBag from /home/airflow/.local/lib/python3.7/site-packages/airflow/example_dags/example_sla_dag.py
[2025-03-16T08:50:49.319+0000] {processor.py:766} INFO - DAG(s) dict_keys(['example_sla_dag']) retrieved from /home/airflow/.local/lib/python3.7/site-packages/airflow/example_dags/example_sla_dag.py
[2025-03-16T08:50:49.382+0000] {logging_mixin.py:120} INFO - [2025-03-16T08:50:49.382+0000] {dag.py:2585} INFO - Sync 1 DAGs
[2025-03-16T08:50:49.436+0000] {logging_mixin.py:120} INFO - [2025-03-16T08:50:49.436+0000] {dag.py:3340} INFO - Setting next_dagrun for example_sla_dag to 2025-03-16T08:48:00+00:00, run_after=2025-03-16T08:50:00+00:00
[2025-03-16T08:50:49.464+0000] {processor.py:176} INFO - Processing /home/airflow/.local/lib/python3.7/site-packages/airflow/example_dags/example_sla_dag.py took 0.188 seconds
[2025-03-16T08:51:20.606+0000] {processor.py:154} INFO - Started process (PID=2299) to work on /home/airflow/.local/lib/python3.7/site-packages/airflow/example_dags/example_sla_dag.py
[2025-03-16T08:51:20.609+0000] {processor.py:756} INFO - Processing file /home/airflow/.local/lib/python3.7/site-packages/airflow/example_dags/example_sla_dag.py for tasks to queue
[2025-03-16T08:51:20.615+0000] {logging_mixin.py:120} INFO - [2025-03-16T08:51:20.615+0000] {dagbag.py:537} INFO - Filling up the DagBag from /home/airflow/.local/lib/python3.7/site-packages/airflow/example_dags/example_sla_dag.py
[2025-03-16T08:51:20.702+0000] {processor.py:766} INFO - DAG(s) dict_keys(['example_sla_dag']) retrieved from /home/airflow/.local/lib/python3.7/site-packages/airflow/example_dags/example_sla_dag.py
[2025-03-16T08:51:20.840+0000] {logging_mixin.py:120} INFO - [2025-03-16T08:51:20.840+0000] {dag.py:2585} INFO - Sync 1 DAGs
[2025-03-16T08:51:20.898+0000] {logging_mixin.py:120} INFO - [2025-03-16T08:51:20.898+0000] {dag.py:3340} INFO - Setting next_dagrun for example_sla_dag to 2025-03-16T08:48:00+00:00, run_after=2025-03-16T08:50:00+00:00
[2025-03-16T08:51:20.937+0000] {processor.py:176} INFO - Processing /home/airflow/.local/lib/python3.7/site-packages/airflow/example_dags/example_sla_dag.py took 0.343 seconds
[2025-03-16T08:51:50.991+0000] {processor.py:154} INFO - Started process (PID=2356) to work on /home/airflow/.local/lib/python3.7/site-packages/airflow/example_dags/example_sla_dag.py
[2025-03-16T08:51:50.992+0000] {processor.py:756} INFO - Processing file /home/airflow/.local/lib/python3.7/site-packages/airflow/example_dags/example_sla_dag.py for tasks to queue
[2025-03-16T08:51:50.993+0000] {logging_mixin.py:120} INFO - [2025-03-16T08:51:50.993+0000] {dagbag.py:537} INFO - Filling up the DagBag from /home/airflow/.local/lib/python3.7/site-packages/airflow/example_dags/example_sla_dag.py
[2025-03-16T08:51:51.018+0000] {processor.py:766} INFO - DAG(s) dict_keys(['example_sla_dag']) retrieved from /home/airflow/.local/lib/python3.7/site-packages/airflow/example_dags/example_sla_dag.py
[2025-03-16T08:51:51.068+0000] {logging_mixin.py:120} INFO - [2025-03-16T08:51:51.068+0000] {dag.py:2585} INFO - Sync 1 DAGs
[2025-03-16T08:51:51.104+0000] {logging_mixin.py:120} INFO - [2025-03-16T08:51:51.104+0000] {dag.py:3340} INFO - Setting next_dagrun for example_sla_dag to 2025-03-16T08:48:00+00:00, run_after=2025-03-16T08:50:00+00:00
[2025-03-16T08:51:51.132+0000] {processor.py:176} INFO - Processing /home/airflow/.local/lib/python3.7/site-packages/airflow/example_dags/example_sla_dag.py took 0.144 seconds
[2025-03-16T08:52:21.571+0000] {processor.py:154} INFO - Started process (PID=2416) to work on /home/airflow/.local/lib/python3.7/site-packages/airflow/example_dags/example_sla_dag.py
[2025-03-16T08:52:21.574+0000] {processor.py:756} INFO - Processing file /home/airflow/.local/lib/python3.7/site-packages/airflow/example_dags/example_sla_dag.py for tasks to queue
[2025-03-16T08:52:21.575+0000] {logging_mixin.py:120} INFO - [2025-03-16T08:52:21.575+0000] {dagbag.py:537} INFO - Filling up the DagBag from /home/airflow/.local/lib/python3.7/site-packages/airflow/example_dags/example_sla_dag.py
[2025-03-16T08:52:21.664+0000] {processor.py:766} INFO - DAG(s) dict_keys(['example_sla_dag']) retrieved from /home/airflow/.local/lib/python3.7/site-packages/airflow/example_dags/example_sla_dag.py
[2025-03-16T08:52:21.742+0000] {logging_mixin.py:120} INFO - [2025-03-16T08:52:21.741+0000] {dag.py:2585} INFO - Sync 1 DAGs
[2025-03-16T08:52:21.816+0000] {logging_mixin.py:120} INFO - [2025-03-16T08:52:21.816+0000] {dag.py:3340} INFO - Setting next_dagrun for example_sla_dag to 2025-03-16T08:50:00+00:00, run_after=2025-03-16T08:52:00+00:00
[2025-03-16T08:52:21.851+0000] {processor.py:176} INFO - Processing /home/airflow/.local/lib/python3.7/site-packages/airflow/example_dags/example_sla_dag.py took 0.289 seconds
[2025-03-16T08:52:52.721+0000] {processor.py:154} INFO - Started process (PID=2472) to work on /home/airflow/.local/lib/python3.7/site-packages/airflow/example_dags/example_sla_dag.py
[2025-03-16T08:52:52.722+0000] {processor.py:756} INFO - Processing file /home/airflow/.local/lib/python3.7/site-packages/airflow/example_dags/example_sla_dag.py for tasks to queue
[2025-03-16T08:52:52.723+0000] {logging_mixin.py:120} INFO - [2025-03-16T08:52:52.723+0000] {dagbag.py:537} INFO - Filling up the DagBag from /home/airflow/.local/lib/python3.7/site-packages/airflow/example_dags/example_sla_dag.py
[2025-03-16T08:52:52.760+0000] {processor.py:766} INFO - DAG(s) dict_keys(['example_sla_dag']) retrieved from /home/airflow/.local/lib/python3.7/site-packages/airflow/example_dags/example_sla_dag.py
[2025-03-16T08:52:52.824+0000] {logging_mixin.py:120} INFO - [2025-03-16T08:52:52.824+0000] {dag.py:2585} INFO - Sync 1 DAGs
[2025-03-16T08:52:52.872+0000] {logging_mixin.py:120} INFO - [2025-03-16T08:52:52.872+0000] {dag.py:3340} INFO - Setting next_dagrun for example_sla_dag to 2025-03-16T08:50:00+00:00, run_after=2025-03-16T08:52:00+00:00
[2025-03-16T08:52:52.892+0000] {processor.py:176} INFO - Processing /home/airflow/.local/lib/python3.7/site-packages/airflow/example_dags/example_sla_dag.py took 0.176 seconds
[2025-03-16T08:53:23.330+0000] {processor.py:154} INFO - Started process (PID=2534) to work on /home/airflow/.local/lib/python3.7/site-packages/airflow/example_dags/example_sla_dag.py
[2025-03-16T08:53:23.333+0000] {processor.py:756} INFO - Processing file /home/airflow/.local/lib/python3.7/site-packages/airflow/example_dags/example_sla_dag.py for tasks to queue
[2025-03-16T08:53:23.334+0000] {logging_mixin.py:120} INFO - [2025-03-16T08:53:23.334+0000] {dagbag.py:537} INFO - Filling up the DagBag from /home/airflow/.local/lib/python3.7/site-packages/airflow/example_dags/example_sla_dag.py
[2025-03-16T08:53:23.407+0000] {processor.py:766} INFO - DAG(s) dict_keys(['example_sla_dag']) retrieved from /home/airflow/.local/lib/python3.7/site-packages/airflow/example_dags/example_sla_dag.py
[2025-03-16T08:53:23.491+0000] {logging_mixin.py:120} INFO - [2025-03-16T08:53:23.491+0000] {dag.py:2585} INFO - Sync 1 DAGs
[2025-03-16T08:53:23.618+0000] {logging_mixin.py:120} INFO - [2025-03-16T08:53:23.616+0000] {dag.py:3340} INFO - Setting next_dagrun for example_sla_dag to 2025-03-16T08:50:00+00:00, run_after=2025-03-16T08:52:00+00:00
[2025-03-16T08:53:23.673+0000] {processor.py:176} INFO - Processing /home/airflow/.local/lib/python3.7/site-packages/airflow/example_dags/example_sla_dag.py took 0.354 seconds
[2025-03-16T08:53:54.160+0000] {processor.py:154} INFO - Started process (PID=2591) to work on /home/airflow/.local/lib/python3.7/site-packages/airflow/example_dags/example_sla_dag.py
[2025-03-16T08:53:54.161+0000] {processor.py:756} INFO - Processing file /home/airflow/.local/lib/python3.7/site-packages/airflow/example_dags/example_sla_dag.py for tasks to queue
[2025-03-16T08:53:54.161+0000] {logging_mixin.py:120} INFO - [2025-03-16T08:53:54.161+0000] {dagbag.py:537} INFO - Filling up the DagBag from /home/airflow/.local/lib/python3.7/site-packages/airflow/example_dags/example_sla_dag.py
[2025-03-16T08:53:54.189+0000] {processor.py:766} INFO - DAG(s) dict_keys(['example_sla_dag']) retrieved from /home/airflow/.local/lib/python3.7/site-packages/airflow/example_dags/example_sla_dag.py
[2025-03-16T08:53:54.242+0000] {logging_mixin.py:120} INFO - [2025-03-16T08:53:54.242+0000] {dag.py:2585} INFO - Sync 1 DAGs
[2025-03-16T08:53:54.280+0000] {logging_mixin.py:120} INFO - [2025-03-16T08:53:54.280+0000] {dag.py:3340} INFO - Setting next_dagrun for example_sla_dag to 2025-03-16T08:50:00+00:00, run_after=2025-03-16T08:52:00+00:00
[2025-03-16T08:53:54.309+0000] {processor.py:176} INFO - Processing /home/airflow/.local/lib/python3.7/site-packages/airflow/example_dags/example_sla_dag.py took 0.153 seconds
[2025-03-16T08:54:25.039+0000] {processor.py:154} INFO - Started process (PID=2651) to work on /home/airflow/.local/lib/python3.7/site-packages/airflow/example_dags/example_sla_dag.py
[2025-03-16T08:54:25.040+0000] {processor.py:756} INFO - Processing file /home/airflow/.local/lib/python3.7/site-packages/airflow/example_dags/example_sla_dag.py for tasks to queue
[2025-03-16T08:54:25.041+0000] {logging_mixin.py:120} INFO - [2025-03-16T08:54:25.041+0000] {dagbag.py:537} INFO - Filling up the DagBag from /home/airflow/.local/lib/python3.7/site-packages/airflow/example_dags/example_sla_dag.py
[2025-03-16T08:54:25.082+0000] {processor.py:766} INFO - DAG(s) dict_keys(['example_sla_dag']) retrieved from /home/airflow/.local/lib/python3.7/site-packages/airflow/example_dags/example_sla_dag.py
[2025-03-16T08:54:25.147+0000] {logging_mixin.py:120} INFO - [2025-03-16T08:54:25.147+0000] {dag.py:2585} INFO - Sync 1 DAGs
[2025-03-16T08:54:25.199+0000] {logging_mixin.py:120} INFO - [2025-03-16T08:54:25.199+0000] {dag.py:3340} INFO - Setting next_dagrun for example_sla_dag to 2025-03-16T08:52:00+00:00, run_after=2025-03-16T08:54:00+00:00
[2025-03-16T08:54:25.229+0000] {processor.py:176} INFO - Processing /home/airflow/.local/lib/python3.7/site-packages/airflow/example_dags/example_sla_dag.py took 0.195 seconds
[2025-03-16T08:54:55.306+0000] {processor.py:154} INFO - Started process (PID=2707) to work on /home/airflow/.local/lib/python3.7/site-packages/airflow/example_dags/example_sla_dag.py
[2025-03-16T08:54:55.307+0000] {processor.py:756} INFO - Processing file /home/airflow/.local/lib/python3.7/site-packages/airflow/example_dags/example_sla_dag.py for tasks to queue
[2025-03-16T08:54:55.308+0000] {logging_mixin.py:120} INFO - [2025-03-16T08:54:55.308+0000] {dagbag.py:537} INFO - Filling up the DagBag from /home/airflow/.local/lib/python3.7/site-packages/airflow/example_dags/example_sla_dag.py
[2025-03-16T08:54:55.350+0000] {processor.py:766} INFO - DAG(s) dict_keys(['example_sla_dag']) retrieved from /home/airflow/.local/lib/python3.7/site-packages/airflow/example_dags/example_sla_dag.py
[2025-03-16T08:54:55.434+0000] {logging_mixin.py:120} INFO - [2025-03-16T08:54:55.434+0000] {dag.py:2585} INFO - Sync 1 DAGs
[2025-03-16T08:54:55.491+0000] {logging_mixin.py:120} INFO - [2025-03-16T08:54:55.491+0000] {dag.py:3340} INFO - Setting next_dagrun for example_sla_dag to 2025-03-16T08:52:00+00:00, run_after=2025-03-16T08:54:00+00:00
[2025-03-16T08:54:55.520+0000] {processor.py:176} INFO - Processing /home/airflow/.local/lib/python3.7/site-packages/airflow/example_dags/example_sla_dag.py took 0.221 seconds
[2025-03-16T08:55:25.833+0000] {processor.py:154} INFO - Started process (PID=2759) to work on /home/airflow/.local/lib/python3.7/site-packages/airflow/example_dags/example_sla_dag.py
[2025-03-16T08:55:25.834+0000] {processor.py:756} INFO - Processing file /home/airflow/.local/lib/python3.7/site-packages/airflow/example_dags/example_sla_dag.py for tasks to queue
[2025-03-16T08:55:25.835+0000] {logging_mixin.py:120} INFO - [2025-03-16T08:55:25.834+0000] {dagbag.py:537} INFO - Filling up the DagBag from /home/airflow/.local/lib/python3.7/site-packages/airflow/example_dags/example_sla_dag.py
[2025-03-16T08:55:25.861+0000] {processor.py:766} INFO - DAG(s) dict_keys(['example_sla_dag']) retrieved from /home/airflow/.local/lib/python3.7/site-packages/airflow/example_dags/example_sla_dag.py
[2025-03-16T08:55:25.909+0000] {logging_mixin.py:120} INFO - [2025-03-16T08:55:25.909+0000] {dag.py:2585} INFO - Sync 1 DAGs
[2025-03-16T08:55:25.943+0000] {logging_mixin.py:120} INFO - [2025-03-16T08:55:25.943+0000] {dag.py:3340} INFO - Setting next_dagrun for example_sla_dag to 2025-03-16T08:52:00+00:00, run_after=2025-03-16T08:54:00+00:00
[2025-03-16T08:55:25.982+0000] {processor.py:176} INFO - Processing /home/airflow/.local/lib/python3.7/site-packages/airflow/example_dags/example_sla_dag.py took 0.154 seconds
[2025-03-16T08:55:56.181+0000] {processor.py:154} INFO - Started process (PID=2821) to work on /home/airflow/.local/lib/python3.7/site-packages/airflow/example_dags/example_sla_dag.py
[2025-03-16T08:55:56.184+0000] {processor.py:756} INFO - Processing file /home/airflow/.local/lib/python3.7/site-packages/airflow/example_dags/example_sla_dag.py for tasks to queue
[2025-03-16T08:55:56.185+0000] {logging_mixin.py:120} INFO - [2025-03-16T08:55:56.185+0000] {dagbag.py:537} INFO - Filling up the DagBag from /home/airflow/.local/lib/python3.7/site-packages/airflow/example_dags/example_sla_dag.py
[2025-03-16T08:55:56.234+0000] {processor.py:766} INFO - DAG(s) dict_keys(['example_sla_dag']) retrieved from /home/airflow/.local/lib/python3.7/site-packages/airflow/example_dags/example_sla_dag.py
[2025-03-16T08:55:56.314+0000] {logging_mixin.py:120} INFO - [2025-03-16T08:55:56.314+0000] {dag.py:2585} INFO - Sync 1 DAGs
[2025-03-16T08:55:56.353+0000] {logging_mixin.py:120} INFO - [2025-03-16T08:55:56.353+0000] {dag.py:3340} INFO - Setting next_dagrun for example_sla_dag to 2025-03-16T08:52:00+00:00, run_after=2025-03-16T08:54:00+00:00
[2025-03-16T08:55:56.374+0000] {processor.py:176} INFO - Processing /home/airflow/.local/lib/python3.7/site-packages/airflow/example_dags/example_sla_dag.py took 0.199 seconds
[2025-03-16T08:56:26.611+0000] {processor.py:154} INFO - Started process (PID=2876) to work on /home/airflow/.local/lib/python3.7/site-packages/airflow/example_dags/example_sla_dag.py
[2025-03-16T08:56:26.613+0000] {processor.py:756} INFO - Processing file /home/airflow/.local/lib/python3.7/site-packages/airflow/example_dags/example_sla_dag.py for tasks to queue
[2025-03-16T08:56:26.614+0000] {logging_mixin.py:120} INFO - [2025-03-16T08:56:26.614+0000] {dagbag.py:537} INFO - Filling up the DagBag from /home/airflow/.local/lib/python3.7/site-packages/airflow/example_dags/example_sla_dag.py
[2025-03-16T08:56:26.656+0000] {processor.py:766} INFO - DAG(s) dict_keys(['example_sla_dag']) retrieved from /home/airflow/.local/lib/python3.7/site-packages/airflow/example_dags/example_sla_dag.py
[2025-03-16T08:56:26.710+0000] {logging_mixin.py:120} INFO - [2025-03-16T08:56:26.710+0000] {dag.py:2585} INFO - Sync 1 DAGs
[2025-03-16T08:56:26.743+0000] {logging_mixin.py:120} INFO - [2025-03-16T08:56:26.742+0000] {dag.py:3340} INFO - Setting next_dagrun for example_sla_dag to 2025-03-16T08:54:00+00:00, run_after=2025-03-16T08:56:00+00:00
[2025-03-16T08:56:26.764+0000] {processor.py:176} INFO - Processing /home/airflow/.local/lib/python3.7/site-packages/airflow/example_dags/example_sla_dag.py took 0.158 seconds
