[2025-03-16T08:31:36.769+0000] {processor.py:154} INFO - Started process (PID=43) to work on /home/airflow/.local/lib/python3.7/site-packages/airflow/example_dags/example_skip_dag.py
[2025-03-16T08:31:36.775+0000] {processor.py:756} INFO - Processing file /home/airflow/.local/lib/python3.7/site-packages/airflow/example_dags/example_skip_dag.py for tasks to queue
[2025-03-16T08:31:36.776+0000] {logging_mixin.py:120} INFO - [2025-03-16T08:31:36.776+0000] {dagbag.py:537} INFO - Filling up the DagBag from /home/airflow/.local/lib/python3.7/site-packages/airflow/example_dags/example_skip_dag.py
[2025-03-16T08:31:36.837+0000] {processor.py:766} INFO - DAG(s) dict_keys(['example_skip_dag']) retrieved from /home/airflow/.local/lib/python3.7/site-packages/airflow/example_dags/example_skip_dag.py
[2025-03-16T08:31:37.320+0000] {logging_mixin.py:120} INFO - [2025-03-16T08:31:37.320+0000] {manager.py:507} INFO - Created Permission View: can read on DAG:example_skip_dag
[2025-03-16T08:31:37.351+0000] {logging_mixin.py:120} INFO - [2025-03-16T08:31:37.351+0000] {manager.py:507} INFO - Created Permission View: can edit on DAG:example_skip_dag
[2025-03-16T08:31:37.371+0000] {logging_mixin.py:120} INFO - [2025-03-16T08:31:37.371+0000] {manager.py:507} INFO - Created Permission View: can delete on DAG:example_skip_dag
[2025-03-16T08:31:37.372+0000] {logging_mixin.py:120} INFO - [2025-03-16T08:31:37.371+0000] {dag.py:2585} INFO - Sync 1 DAGs
[2025-03-16T08:31:37.414+0000] {logging_mixin.py:120} INFO - [2025-03-16T08:31:37.414+0000] {dag.py:2606} INFO - Creating ORM DAG for example_skip_dag
[2025-03-16T08:31:37.454+0000] {logging_mixin.py:120} INFO - [2025-03-16T08:31:37.453+0000] {dag.py:3340} INFO - Setting next_dagrun for example_skip_dag to 2025-03-15T08:31:37.452671+00:00, run_after=2025-03-16T08:31:37.452671+00:00
[2025-03-16T08:31:37.512+0000] {processor.py:176} INFO - Processing /home/airflow/.local/lib/python3.7/site-packages/airflow/example_dags/example_skip_dag.py took 0.762 seconds
[2025-03-16T08:32:07.946+0000] {processor.py:154} INFO - Started process (PID=97) to work on /home/airflow/.local/lib/python3.7/site-packages/airflow/example_dags/example_skip_dag.py
[2025-03-16T08:32:07.948+0000] {processor.py:756} INFO - Processing file /home/airflow/.local/lib/python3.7/site-packages/airflow/example_dags/example_skip_dag.py for tasks to queue
[2025-03-16T08:32:07.948+0000] {logging_mixin.py:120} INFO - [2025-03-16T08:32:07.948+0000] {dagbag.py:537} INFO - Filling up the DagBag from /home/airflow/.local/lib/python3.7/site-packages/airflow/example_dags/example_skip_dag.py
[2025-03-16T08:32:07.964+0000] {processor.py:766} INFO - DAG(s) dict_keys(['example_skip_dag']) retrieved from /home/airflow/.local/lib/python3.7/site-packages/airflow/example_dags/example_skip_dag.py
[2025-03-16T08:32:08.011+0000] {logging_mixin.py:120} INFO - [2025-03-16T08:32:08.011+0000] {dag.py:2585} INFO - Sync 1 DAGs
[2025-03-16T08:32:08.041+0000] {logging_mixin.py:120} INFO - [2025-03-16T08:32:08.041+0000] {dag.py:3340} INFO - Setting next_dagrun for example_skip_dag to 2025-03-15T08:32:08.041301+00:00, run_after=2025-03-16T08:32:08.041301+00:00
[2025-03-16T08:32:08.063+0000] {processor.py:176} INFO - Processing /home/airflow/.local/lib/python3.7/site-packages/airflow/example_dags/example_skip_dag.py took 0.120 seconds
[2025-03-16T08:32:38.691+0000] {processor.py:154} INFO - Started process (PID=161) to work on /home/airflow/.local/lib/python3.7/site-packages/airflow/example_dags/example_skip_dag.py
[2025-03-16T08:32:38.694+0000] {processor.py:756} INFO - Processing file /home/airflow/.local/lib/python3.7/site-packages/airflow/example_dags/example_skip_dag.py for tasks to queue
[2025-03-16T08:32:38.695+0000] {logging_mixin.py:120} INFO - [2025-03-16T08:32:38.695+0000] {dagbag.py:537} INFO - Filling up the DagBag from /home/airflow/.local/lib/python3.7/site-packages/airflow/example_dags/example_skip_dag.py
[2025-03-16T08:32:38.743+0000] {processor.py:766} INFO - DAG(s) dict_keys(['example_skip_dag']) retrieved from /home/airflow/.local/lib/python3.7/site-packages/airflow/example_dags/example_skip_dag.py
[2025-03-16T08:32:38.882+0000] {logging_mixin.py:120} INFO - [2025-03-16T08:32:38.881+0000] {dag.py:2585} INFO - Sync 1 DAGs
[2025-03-16T08:32:38.943+0000] {logging_mixin.py:120} INFO - [2025-03-16T08:32:38.942+0000] {dag.py:3340} INFO - Setting next_dagrun for example_skip_dag to 2025-03-15T08:32:38.942451+00:00, run_after=2025-03-16T08:32:38.942451+00:00
[2025-03-16T08:32:39.008+0000] {processor.py:176} INFO - Processing /home/airflow/.local/lib/python3.7/site-packages/airflow/example_dags/example_skip_dag.py took 0.324 seconds
[2025-03-16T08:33:09.171+0000] {processor.py:154} INFO - Started process (PID=215) to work on /home/airflow/.local/lib/python3.7/site-packages/airflow/example_dags/example_skip_dag.py
[2025-03-16T08:33:09.173+0000] {processor.py:756} INFO - Processing file /home/airflow/.local/lib/python3.7/site-packages/airflow/example_dags/example_skip_dag.py for tasks to queue
[2025-03-16T08:33:09.174+0000] {logging_mixin.py:120} INFO - [2025-03-16T08:33:09.174+0000] {dagbag.py:537} INFO - Filling up the DagBag from /home/airflow/.local/lib/python3.7/site-packages/airflow/example_dags/example_skip_dag.py
[2025-03-16T08:33:09.206+0000] {processor.py:766} INFO - DAG(s) dict_keys(['example_skip_dag']) retrieved from /home/airflow/.local/lib/python3.7/site-packages/airflow/example_dags/example_skip_dag.py
[2025-03-16T08:33:09.291+0000] {logging_mixin.py:120} INFO - [2025-03-16T08:33:09.291+0000] {dag.py:2585} INFO - Sync 1 DAGs
[2025-03-16T08:33:09.340+0000] {logging_mixin.py:120} INFO - [2025-03-16T08:33:09.340+0000] {dag.py:3340} INFO - Setting next_dagrun for example_skip_dag to 2025-03-15T08:33:09.339721+00:00, run_after=2025-03-16T08:33:09.339721+00:00
[2025-03-16T08:33:09.366+0000] {processor.py:176} INFO - Processing /home/airflow/.local/lib/python3.7/site-packages/airflow/example_dags/example_skip_dag.py took 0.200 seconds
[2025-03-16T08:33:40.206+0000] {processor.py:154} INFO - Started process (PID=278) to work on /home/airflow/.local/lib/python3.7/site-packages/airflow/example_dags/example_skip_dag.py
[2025-03-16T08:33:40.207+0000] {processor.py:756} INFO - Processing file /home/airflow/.local/lib/python3.7/site-packages/airflow/example_dags/example_skip_dag.py for tasks to queue
[2025-03-16T08:33:40.212+0000] {logging_mixin.py:120} INFO - [2025-03-16T08:33:40.208+0000] {dagbag.py:537} INFO - Filling up the DagBag from /home/airflow/.local/lib/python3.7/site-packages/airflow/example_dags/example_skip_dag.py
[2025-03-16T08:33:40.261+0000] {processor.py:766} INFO - DAG(s) dict_keys(['example_skip_dag']) retrieved from /home/airflow/.local/lib/python3.7/site-packages/airflow/example_dags/example_skip_dag.py
[2025-03-16T08:33:40.382+0000] {logging_mixin.py:120} INFO - [2025-03-16T08:33:40.381+0000] {dag.py:2585} INFO - Sync 1 DAGs
[2025-03-16T08:33:40.471+0000] {logging_mixin.py:120} INFO - [2025-03-16T08:33:40.471+0000] {dag.py:3340} INFO - Setting next_dagrun for example_skip_dag to 2025-03-15T08:33:40.470775+00:00, run_after=2025-03-16T08:33:40.470775+00:00
[2025-03-16T08:33:40.510+0000] {processor.py:176} INFO - Processing /home/airflow/.local/lib/python3.7/site-packages/airflow/example_dags/example_skip_dag.py took 0.316 seconds
[2025-03-16T08:34:11.043+0000] {processor.py:154} INFO - Started process (PID=332) to work on /home/airflow/.local/lib/python3.7/site-packages/airflow/example_dags/example_skip_dag.py
[2025-03-16T08:34:11.045+0000] {processor.py:756} INFO - Processing file /home/airflow/.local/lib/python3.7/site-packages/airflow/example_dags/example_skip_dag.py for tasks to queue
[2025-03-16T08:34:11.047+0000] {logging_mixin.py:120} INFO - [2025-03-16T08:34:11.047+0000] {dagbag.py:537} INFO - Filling up the DagBag from /home/airflow/.local/lib/python3.7/site-packages/airflow/example_dags/example_skip_dag.py
[2025-03-16T08:34:11.075+0000] {processor.py:766} INFO - DAG(s) dict_keys(['example_skip_dag']) retrieved from /home/airflow/.local/lib/python3.7/site-packages/airflow/example_dags/example_skip_dag.py
[2025-03-16T08:34:11.149+0000] {logging_mixin.py:120} INFO - [2025-03-16T08:34:11.148+0000] {dag.py:2585} INFO - Sync 1 DAGs
[2025-03-16T08:34:11.210+0000] {logging_mixin.py:120} INFO - [2025-03-16T08:34:11.210+0000] {dag.py:3340} INFO - Setting next_dagrun for example_skip_dag to 2025-03-15T08:34:11.209879+00:00, run_after=2025-03-16T08:34:11.209879+00:00
[2025-03-16T08:34:11.246+0000] {processor.py:176} INFO - Processing /home/airflow/.local/lib/python3.7/site-packages/airflow/example_dags/example_skip_dag.py took 0.209 seconds
[2025-03-16T08:34:41.929+0000] {processor.py:154} INFO - Started process (PID=394) to work on /home/airflow/.local/lib/python3.7/site-packages/airflow/example_dags/example_skip_dag.py
[2025-03-16T08:34:41.932+0000] {processor.py:756} INFO - Processing file /home/airflow/.local/lib/python3.7/site-packages/airflow/example_dags/example_skip_dag.py for tasks to queue
[2025-03-16T08:34:41.933+0000] {logging_mixin.py:120} INFO - [2025-03-16T08:34:41.932+0000] {dagbag.py:537} INFO - Filling up the DagBag from /home/airflow/.local/lib/python3.7/site-packages/airflow/example_dags/example_skip_dag.py
[2025-03-16T08:34:41.973+0000] {processor.py:766} INFO - DAG(s) dict_keys(['example_skip_dag']) retrieved from /home/airflow/.local/lib/python3.7/site-packages/airflow/example_dags/example_skip_dag.py
[2025-03-16T08:34:42.113+0000] {logging_mixin.py:120} INFO - [2025-03-16T08:34:42.112+0000] {dag.py:2585} INFO - Sync 1 DAGs
[2025-03-16T08:34:42.160+0000] {logging_mixin.py:120} INFO - [2025-03-16T08:34:42.160+0000] {dag.py:3340} INFO - Setting next_dagrun for example_skip_dag to 2025-03-15T08:34:42.159662+00:00, run_after=2025-03-16T08:34:42.159662+00:00
[2025-03-16T08:34:42.191+0000] {processor.py:176} INFO - Processing /home/airflow/.local/lib/python3.7/site-packages/airflow/example_dags/example_skip_dag.py took 0.272 seconds
[2025-03-16T08:35:12.295+0000] {processor.py:154} INFO - Started process (PID=448) to work on /home/airflow/.local/lib/python3.7/site-packages/airflow/example_dags/example_skip_dag.py
[2025-03-16T08:35:12.296+0000] {processor.py:756} INFO - Processing file /home/airflow/.local/lib/python3.7/site-packages/airflow/example_dags/example_skip_dag.py for tasks to queue
[2025-03-16T08:35:12.297+0000] {logging_mixin.py:120} INFO - [2025-03-16T08:35:12.297+0000] {dagbag.py:537} INFO - Filling up the DagBag from /home/airflow/.local/lib/python3.7/site-packages/airflow/example_dags/example_skip_dag.py
[2025-03-16T08:35:12.314+0000] {processor.py:766} INFO - DAG(s) dict_keys(['example_skip_dag']) retrieved from /home/airflow/.local/lib/python3.7/site-packages/airflow/example_dags/example_skip_dag.py
[2025-03-16T08:35:12.364+0000] {logging_mixin.py:120} INFO - [2025-03-16T08:35:12.364+0000] {dag.py:2585} INFO - Sync 1 DAGs
[2025-03-16T08:35:12.397+0000] {logging_mixin.py:120} INFO - [2025-03-16T08:35:12.397+0000] {dag.py:3340} INFO - Setting next_dagrun for example_skip_dag to 2025-03-15T08:35:12.397503+00:00, run_after=2025-03-16T08:35:12.397503+00:00
[2025-03-16T08:35:12.419+0000] {processor.py:176} INFO - Processing /home/airflow/.local/lib/python3.7/site-packages/airflow/example_dags/example_skip_dag.py took 0.128 seconds
[2025-03-16T08:35:42.864+0000] {processor.py:154} INFO - Started process (PID=511) to work on /home/airflow/.local/lib/python3.7/site-packages/airflow/example_dags/example_skip_dag.py
[2025-03-16T08:35:42.865+0000] {processor.py:756} INFO - Processing file /home/airflow/.local/lib/python3.7/site-packages/airflow/example_dags/example_skip_dag.py for tasks to queue
[2025-03-16T08:35:42.866+0000] {logging_mixin.py:120} INFO - [2025-03-16T08:35:42.866+0000] {dagbag.py:537} INFO - Filling up the DagBag from /home/airflow/.local/lib/python3.7/site-packages/airflow/example_dags/example_skip_dag.py
[2025-03-16T08:35:42.911+0000] {processor.py:766} INFO - DAG(s) dict_keys(['example_skip_dag']) retrieved from /home/airflow/.local/lib/python3.7/site-packages/airflow/example_dags/example_skip_dag.py
[2025-03-16T08:35:42.977+0000] {logging_mixin.py:120} INFO - [2025-03-16T08:35:42.977+0000] {dag.py:2585} INFO - Sync 1 DAGs
[2025-03-16T08:35:43.023+0000] {logging_mixin.py:120} INFO - [2025-03-16T08:35:43.022+0000] {dag.py:3340} INFO - Setting next_dagrun for example_skip_dag to 2025-03-15T08:35:43.022395+00:00, run_after=2025-03-16T08:35:43.022395+00:00
[2025-03-16T08:35:43.065+0000] {processor.py:176} INFO - Processing /home/airflow/.local/lib/python3.7/site-packages/airflow/example_dags/example_skip_dag.py took 0.215 seconds
[2025-03-16T08:36:13.922+0000] {processor.py:154} INFO - Started process (PID=565) to work on /home/airflow/.local/lib/python3.7/site-packages/airflow/example_dags/example_skip_dag.py
[2025-03-16T08:36:13.924+0000] {processor.py:756} INFO - Processing file /home/airflow/.local/lib/python3.7/site-packages/airflow/example_dags/example_skip_dag.py for tasks to queue
[2025-03-16T08:36:13.925+0000] {logging_mixin.py:120} INFO - [2025-03-16T08:36:13.925+0000] {dagbag.py:537} INFO - Filling up the DagBag from /home/airflow/.local/lib/python3.7/site-packages/airflow/example_dags/example_skip_dag.py
[2025-03-16T08:36:13.952+0000] {processor.py:766} INFO - DAG(s) dict_keys(['example_skip_dag']) retrieved from /home/airflow/.local/lib/python3.7/site-packages/airflow/example_dags/example_skip_dag.py
[2025-03-16T08:36:14.029+0000] {logging_mixin.py:120} INFO - [2025-03-16T08:36:14.029+0000] {dag.py:2585} INFO - Sync 1 DAGs
[2025-03-16T08:36:14.083+0000] {logging_mixin.py:120} INFO - [2025-03-16T08:36:14.082+0000] {dag.py:3340} INFO - Setting next_dagrun for example_skip_dag to 2025-03-15T08:36:14.082459+00:00, run_after=2025-03-16T08:36:14.082459+00:00
[2025-03-16T08:36:14.126+0000] {processor.py:176} INFO - Processing /home/airflow/.local/lib/python3.7/site-packages/airflow/example_dags/example_skip_dag.py took 0.209 seconds
[2025-03-16T08:36:44.825+0000] {processor.py:154} INFO - Started process (PID=628) to work on /home/airflow/.local/lib/python3.7/site-packages/airflow/example_dags/example_skip_dag.py
[2025-03-16T08:36:44.828+0000] {processor.py:756} INFO - Processing file /home/airflow/.local/lib/python3.7/site-packages/airflow/example_dags/example_skip_dag.py for tasks to queue
[2025-03-16T08:36:44.829+0000] {logging_mixin.py:120} INFO - [2025-03-16T08:36:44.829+0000] {dagbag.py:537} INFO - Filling up the DagBag from /home/airflow/.local/lib/python3.7/site-packages/airflow/example_dags/example_skip_dag.py
[2025-03-16T08:36:44.881+0000] {processor.py:766} INFO - DAG(s) dict_keys(['example_skip_dag']) retrieved from /home/airflow/.local/lib/python3.7/site-packages/airflow/example_dags/example_skip_dag.py
[2025-03-16T08:36:45.000+0000] {logging_mixin.py:120} INFO - [2025-03-16T08:36:45.000+0000] {dag.py:2585} INFO - Sync 1 DAGs
[2025-03-16T08:36:45.090+0000] {logging_mixin.py:120} INFO - [2025-03-16T08:36:45.090+0000] {dag.py:3340} INFO - Setting next_dagrun for example_skip_dag to 2025-03-15T08:36:45.089886+00:00, run_after=2025-03-16T08:36:45.089886+00:00
[2025-03-16T08:36:45.160+0000] {processor.py:176} INFO - Processing /home/airflow/.local/lib/python3.7/site-packages/airflow/example_dags/example_skip_dag.py took 0.349 seconds
[2025-03-16T08:37:15.262+0000] {processor.py:154} INFO - Started process (PID=681) to work on /home/airflow/.local/lib/python3.7/site-packages/airflow/example_dags/example_skip_dag.py
[2025-03-16T08:37:15.264+0000] {processor.py:756} INFO - Processing file /home/airflow/.local/lib/python3.7/site-packages/airflow/example_dags/example_skip_dag.py for tasks to queue
[2025-03-16T08:37:15.265+0000] {logging_mixin.py:120} INFO - [2025-03-16T08:37:15.264+0000] {dagbag.py:537} INFO - Filling up the DagBag from /home/airflow/.local/lib/python3.7/site-packages/airflow/example_dags/example_skip_dag.py
[2025-03-16T08:37:15.283+0000] {processor.py:766} INFO - DAG(s) dict_keys(['example_skip_dag']) retrieved from /home/airflow/.local/lib/python3.7/site-packages/airflow/example_dags/example_skip_dag.py
[2025-03-16T08:37:15.333+0000] {logging_mixin.py:120} INFO - [2025-03-16T08:37:15.333+0000] {dag.py:2585} INFO - Sync 1 DAGs
[2025-03-16T08:37:15.365+0000] {logging_mixin.py:120} INFO - [2025-03-16T08:37:15.365+0000] {dag.py:3340} INFO - Setting next_dagrun for example_skip_dag to 2025-03-15T08:37:15.364938+00:00, run_after=2025-03-16T08:37:15.364938+00:00
[2025-03-16T08:37:15.389+0000] {processor.py:176} INFO - Processing /home/airflow/.local/lib/python3.7/site-packages/airflow/example_dags/example_skip_dag.py took 0.131 seconds
[2025-03-16T08:37:46.407+0000] {processor.py:154} INFO - Started process (PID=744) to work on /home/airflow/.local/lib/python3.7/site-packages/airflow/example_dags/example_skip_dag.py
[2025-03-16T08:37:46.409+0000] {processor.py:756} INFO - Processing file /home/airflow/.local/lib/python3.7/site-packages/airflow/example_dags/example_skip_dag.py for tasks to queue
[2025-03-16T08:37:46.410+0000] {logging_mixin.py:120} INFO - [2025-03-16T08:37:46.409+0000] {dagbag.py:537} INFO - Filling up the DagBag from /home/airflow/.local/lib/python3.7/site-packages/airflow/example_dags/example_skip_dag.py
[2025-03-16T08:37:46.456+0000] {processor.py:766} INFO - DAG(s) dict_keys(['example_skip_dag']) retrieved from /home/airflow/.local/lib/python3.7/site-packages/airflow/example_dags/example_skip_dag.py
[2025-03-16T08:37:46.570+0000] {logging_mixin.py:120} INFO - [2025-03-16T08:37:46.570+0000] {dag.py:2585} INFO - Sync 1 DAGs
[2025-03-16T08:37:46.662+0000] {logging_mixin.py:120} INFO - [2025-03-16T08:37:46.662+0000] {dag.py:3340} INFO - Setting next_dagrun for example_skip_dag to 2025-03-15T08:37:46.662102+00:00, run_after=2025-03-16T08:37:46.662102+00:00
[2025-03-16T08:37:46.738+0000] {processor.py:176} INFO - Processing /home/airflow/.local/lib/python3.7/site-packages/airflow/example_dags/example_skip_dag.py took 0.336 seconds
[2025-03-16T08:38:17.508+0000] {processor.py:154} INFO - Started process (PID=799) to work on /home/airflow/.local/lib/python3.7/site-packages/airflow/example_dags/example_skip_dag.py
[2025-03-16T08:38:17.511+0000] {processor.py:756} INFO - Processing file /home/airflow/.local/lib/python3.7/site-packages/airflow/example_dags/example_skip_dag.py for tasks to queue
[2025-03-16T08:38:17.512+0000] {logging_mixin.py:120} INFO - [2025-03-16T08:38:17.512+0000] {dagbag.py:537} INFO - Filling up the DagBag from /home/airflow/.local/lib/python3.7/site-packages/airflow/example_dags/example_skip_dag.py
[2025-03-16T08:38:17.543+0000] {processor.py:766} INFO - DAG(s) dict_keys(['example_skip_dag']) retrieved from /home/airflow/.local/lib/python3.7/site-packages/airflow/example_dags/example_skip_dag.py
[2025-03-16T08:38:17.658+0000] {logging_mixin.py:120} INFO - [2025-03-16T08:38:17.657+0000] {dag.py:2585} INFO - Sync 1 DAGs
[2025-03-16T08:38:17.734+0000] {logging_mixin.py:120} INFO - [2025-03-16T08:38:17.734+0000] {dag.py:3340} INFO - Setting next_dagrun for example_skip_dag to 2025-03-15T08:38:17.734324+00:00, run_after=2025-03-16T08:38:17.734324+00:00
[2025-03-16T08:38:17.767+0000] {processor.py:176} INFO - Processing /home/airflow/.local/lib/python3.7/site-packages/airflow/example_dags/example_skip_dag.py took 0.265 seconds
[2025-03-16T08:38:48.035+0000] {processor.py:154} INFO - Started process (PID=862) to work on /home/airflow/.local/lib/python3.7/site-packages/airflow/example_dags/example_skip_dag.py
[2025-03-16T08:38:48.038+0000] {processor.py:756} INFO - Processing file /home/airflow/.local/lib/python3.7/site-packages/airflow/example_dags/example_skip_dag.py for tasks to queue
[2025-03-16T08:38:48.040+0000] {logging_mixin.py:120} INFO - [2025-03-16T08:38:48.039+0000] {dagbag.py:537} INFO - Filling up the DagBag from /home/airflow/.local/lib/python3.7/site-packages/airflow/example_dags/example_skip_dag.py
[2025-03-16T08:38:48.091+0000] {processor.py:766} INFO - DAG(s) dict_keys(['example_skip_dag']) retrieved from /home/airflow/.local/lib/python3.7/site-packages/airflow/example_dags/example_skip_dag.py
[2025-03-16T08:38:48.192+0000] {logging_mixin.py:120} INFO - [2025-03-16T08:38:48.191+0000] {dag.py:2585} INFO - Sync 1 DAGs
[2025-03-16T08:38:48.238+0000] {logging_mixin.py:120} INFO - [2025-03-16T08:38:48.237+0000] {dag.py:3340} INFO - Setting next_dagrun for example_skip_dag to 2025-03-15T08:38:48.237517+00:00, run_after=2025-03-16T08:38:48.237517+00:00
[2025-03-16T08:38:48.290+0000] {processor.py:176} INFO - Processing /home/airflow/.local/lib/python3.7/site-packages/airflow/example_dags/example_skip_dag.py took 0.268 seconds
[2025-03-16T08:39:18.897+0000] {processor.py:154} INFO - Started process (PID=916) to work on /home/airflow/.local/lib/python3.7/site-packages/airflow/example_dags/example_skip_dag.py
[2025-03-16T08:39:18.899+0000] {processor.py:756} INFO - Processing file /home/airflow/.local/lib/python3.7/site-packages/airflow/example_dags/example_skip_dag.py for tasks to queue
[2025-03-16T08:39:18.900+0000] {logging_mixin.py:120} INFO - [2025-03-16T08:39:18.899+0000] {dagbag.py:537} INFO - Filling up the DagBag from /home/airflow/.local/lib/python3.7/site-packages/airflow/example_dags/example_skip_dag.py
[2025-03-16T08:39:18.935+0000] {processor.py:766} INFO - DAG(s) dict_keys(['example_skip_dag']) retrieved from /home/airflow/.local/lib/python3.7/site-packages/airflow/example_dags/example_skip_dag.py
[2025-03-16T08:39:19.037+0000] {logging_mixin.py:120} INFO - [2025-03-16T08:39:19.036+0000] {dag.py:2585} INFO - Sync 1 DAGs
[2025-03-16T08:39:19.097+0000] {logging_mixin.py:120} INFO - [2025-03-16T08:39:19.097+0000] {dag.py:3340} INFO - Setting next_dagrun for example_skip_dag to 2025-03-15T08:39:19.095019+00:00, run_after=2025-03-16T08:39:19.095019+00:00
[2025-03-16T08:39:19.136+0000] {processor.py:176} INFO - Processing /home/airflow/.local/lib/python3.7/site-packages/airflow/example_dags/example_skip_dag.py took 0.245 seconds
[2025-03-16T08:39:49.450+0000] {processor.py:154} INFO - Started process (PID=970) to work on /home/airflow/.local/lib/python3.7/site-packages/airflow/example_dags/example_skip_dag.py
[2025-03-16T08:39:49.452+0000] {processor.py:756} INFO - Processing file /home/airflow/.local/lib/python3.7/site-packages/airflow/example_dags/example_skip_dag.py for tasks to queue
[2025-03-16T08:39:49.454+0000] {logging_mixin.py:120} INFO - [2025-03-16T08:39:49.453+0000] {dagbag.py:537} INFO - Filling up the DagBag from /home/airflow/.local/lib/python3.7/site-packages/airflow/example_dags/example_skip_dag.py
[2025-03-16T08:39:49.481+0000] {processor.py:766} INFO - DAG(s) dict_keys(['example_skip_dag']) retrieved from /home/airflow/.local/lib/python3.7/site-packages/airflow/example_dags/example_skip_dag.py
[2025-03-16T08:39:49.557+0000] {logging_mixin.py:120} INFO - [2025-03-16T08:39:49.556+0000] {dag.py:2585} INFO - Sync 1 DAGs
[2025-03-16T08:39:49.611+0000] {logging_mixin.py:120} INFO - [2025-03-16T08:39:49.611+0000] {dag.py:3340} INFO - Setting next_dagrun for example_skip_dag to 2025-03-15T08:39:49.610836+00:00, run_after=2025-03-16T08:39:49.610836+00:00
[2025-03-16T08:39:49.644+0000] {processor.py:176} INFO - Processing /home/airflow/.local/lib/python3.7/site-packages/airflow/example_dags/example_skip_dag.py took 0.198 seconds
[2025-03-16T08:40:20.127+0000] {processor.py:154} INFO - Started process (PID=1033) to work on /home/airflow/.local/lib/python3.7/site-packages/airflow/example_dags/example_skip_dag.py
[2025-03-16T08:40:20.131+0000] {processor.py:756} INFO - Processing file /home/airflow/.local/lib/python3.7/site-packages/airflow/example_dags/example_skip_dag.py for tasks to queue
[2025-03-16T08:40:20.137+0000] {logging_mixin.py:120} INFO - [2025-03-16T08:40:20.137+0000] {dagbag.py:537} INFO - Filling up the DagBag from /home/airflow/.local/lib/python3.7/site-packages/airflow/example_dags/example_skip_dag.py
[2025-03-16T08:40:20.178+0000] {processor.py:766} INFO - DAG(s) dict_keys(['example_skip_dag']) retrieved from /home/airflow/.local/lib/python3.7/site-packages/airflow/example_dags/example_skip_dag.py
[2025-03-16T08:40:20.275+0000] {logging_mixin.py:120} INFO - [2025-03-16T08:40:20.275+0000] {dag.py:2585} INFO - Sync 1 DAGs
[2025-03-16T08:40:20.343+0000] {logging_mixin.py:120} INFO - [2025-03-16T08:40:20.343+0000] {dag.py:3340} INFO - Setting next_dagrun for example_skip_dag to 2025-03-15T08:40:20.343225+00:00, run_after=2025-03-16T08:40:20.343225+00:00
[2025-03-16T08:40:20.382+0000] {processor.py:176} INFO - Processing /home/airflow/.local/lib/python3.7/site-packages/airflow/example_dags/example_skip_dag.py took 0.262 seconds
[2025-03-16T08:40:50.521+0000] {processor.py:154} INFO - Started process (PID=1087) to work on /home/airflow/.local/lib/python3.7/site-packages/airflow/example_dags/example_skip_dag.py
[2025-03-16T08:40:50.522+0000] {processor.py:756} INFO - Processing file /home/airflow/.local/lib/python3.7/site-packages/airflow/example_dags/example_skip_dag.py for tasks to queue
[2025-03-16T08:40:50.523+0000] {logging_mixin.py:120} INFO - [2025-03-16T08:40:50.522+0000] {dagbag.py:537} INFO - Filling up the DagBag from /home/airflow/.local/lib/python3.7/site-packages/airflow/example_dags/example_skip_dag.py
[2025-03-16T08:40:50.556+0000] {processor.py:766} INFO - DAG(s) dict_keys(['example_skip_dag']) retrieved from /home/airflow/.local/lib/python3.7/site-packages/airflow/example_dags/example_skip_dag.py
[2025-03-16T08:40:50.634+0000] {logging_mixin.py:120} INFO - [2025-03-16T08:40:50.634+0000] {dag.py:2585} INFO - Sync 1 DAGs
[2025-03-16T08:40:50.682+0000] {logging_mixin.py:120} INFO - [2025-03-16T08:40:50.682+0000] {dag.py:3340} INFO - Setting next_dagrun for example_skip_dag to 2025-03-15T08:40:50.682096+00:00, run_after=2025-03-16T08:40:50.682096+00:00
[2025-03-16T08:40:50.727+0000] {processor.py:176} INFO - Processing /home/airflow/.local/lib/python3.7/site-packages/airflow/example_dags/example_skip_dag.py took 0.212 seconds
[2025-03-16T08:41:21.418+0000] {processor.py:154} INFO - Started process (PID=1150) to work on /home/airflow/.local/lib/python3.7/site-packages/airflow/example_dags/example_skip_dag.py
[2025-03-16T08:41:21.422+0000] {processor.py:756} INFO - Processing file /home/airflow/.local/lib/python3.7/site-packages/airflow/example_dags/example_skip_dag.py for tasks to queue
[2025-03-16T08:41:21.423+0000] {logging_mixin.py:120} INFO - [2025-03-16T08:41:21.423+0000] {dagbag.py:537} INFO - Filling up the DagBag from /home/airflow/.local/lib/python3.7/site-packages/airflow/example_dags/example_skip_dag.py
[2025-03-16T08:41:21.488+0000] {processor.py:766} INFO - DAG(s) dict_keys(['example_skip_dag']) retrieved from /home/airflow/.local/lib/python3.7/site-packages/airflow/example_dags/example_skip_dag.py
[2025-03-16T08:41:21.601+0000] {logging_mixin.py:120} INFO - [2025-03-16T08:41:21.601+0000] {dag.py:2585} INFO - Sync 1 DAGs
[2025-03-16T08:41:21.656+0000] {logging_mixin.py:120} INFO - [2025-03-16T08:41:21.655+0000] {dag.py:3340} INFO - Setting next_dagrun for example_skip_dag to 2025-03-15T08:41:21.655398+00:00, run_after=2025-03-16T08:41:21.655398+00:00
[2025-03-16T08:41:21.692+0000] {processor.py:176} INFO - Processing /home/airflow/.local/lib/python3.7/site-packages/airflow/example_dags/example_skip_dag.py took 0.287 seconds
[2025-03-16T08:41:51.846+0000] {processor.py:154} INFO - Started process (PID=1204) to work on /home/airflow/.local/lib/python3.7/site-packages/airflow/example_dags/example_skip_dag.py
[2025-03-16T08:41:51.848+0000] {processor.py:756} INFO - Processing file /home/airflow/.local/lib/python3.7/site-packages/airflow/example_dags/example_skip_dag.py for tasks to queue
[2025-03-16T08:41:51.849+0000] {logging_mixin.py:120} INFO - [2025-03-16T08:41:51.849+0000] {dagbag.py:537} INFO - Filling up the DagBag from /home/airflow/.local/lib/python3.7/site-packages/airflow/example_dags/example_skip_dag.py
[2025-03-16T08:41:51.901+0000] {processor.py:766} INFO - DAG(s) dict_keys(['example_skip_dag']) retrieved from /home/airflow/.local/lib/python3.7/site-packages/airflow/example_dags/example_skip_dag.py
[2025-03-16T08:41:52.002+0000] {logging_mixin.py:120} INFO - [2025-03-16T08:41:52.002+0000] {dag.py:2585} INFO - Sync 1 DAGs
[2025-03-16T08:41:52.053+0000] {logging_mixin.py:120} INFO - [2025-03-16T08:41:52.053+0000] {dag.py:3340} INFO - Setting next_dagrun for example_skip_dag to 2025-03-15T08:41:52.052823+00:00, run_after=2025-03-16T08:41:52.052823+00:00
[2025-03-16T08:41:52.086+0000] {processor.py:176} INFO - Processing /home/airflow/.local/lib/python3.7/site-packages/airflow/example_dags/example_skip_dag.py took 0.248 seconds
[2025-03-16T08:42:22.472+0000] {processor.py:154} INFO - Started process (PID=1267) to work on /home/airflow/.local/lib/python3.7/site-packages/airflow/example_dags/example_skip_dag.py
[2025-03-16T08:42:22.475+0000] {processor.py:756} INFO - Processing file /home/airflow/.local/lib/python3.7/site-packages/airflow/example_dags/example_skip_dag.py for tasks to queue
[2025-03-16T08:42:22.476+0000] {logging_mixin.py:120} INFO - [2025-03-16T08:42:22.476+0000] {dagbag.py:537} INFO - Filling up the DagBag from /home/airflow/.local/lib/python3.7/site-packages/airflow/example_dags/example_skip_dag.py
[2025-03-16T08:42:22.527+0000] {processor.py:766} INFO - DAG(s) dict_keys(['example_skip_dag']) retrieved from /home/airflow/.local/lib/python3.7/site-packages/airflow/example_dags/example_skip_dag.py
[2025-03-16T08:42:22.620+0000] {logging_mixin.py:120} INFO - [2025-03-16T08:42:22.619+0000] {dag.py:2585} INFO - Sync 1 DAGs
[2025-03-16T08:42:22.692+0000] {logging_mixin.py:120} INFO - [2025-03-16T08:42:22.691+0000] {dag.py:3340} INFO - Setting next_dagrun for example_skip_dag to 2025-03-15T08:42:22.691428+00:00, run_after=2025-03-16T08:42:22.691428+00:00
[2025-03-16T08:42:22.772+0000] {processor.py:176} INFO - Processing /home/airflow/.local/lib/python3.7/site-packages/airflow/example_dags/example_skip_dag.py took 0.311 seconds
[2025-03-16T08:42:53.539+0000] {processor.py:154} INFO - Started process (PID=1321) to work on /home/airflow/.local/lib/python3.7/site-packages/airflow/example_dags/example_skip_dag.py
[2025-03-16T08:42:53.542+0000] {processor.py:756} INFO - Processing file /home/airflow/.local/lib/python3.7/site-packages/airflow/example_dags/example_skip_dag.py for tasks to queue
[2025-03-16T08:42:53.543+0000] {logging_mixin.py:120} INFO - [2025-03-16T08:42:53.542+0000] {dagbag.py:537} INFO - Filling up the DagBag from /home/airflow/.local/lib/python3.7/site-packages/airflow/example_dags/example_skip_dag.py
[2025-03-16T08:42:53.582+0000] {processor.py:766} INFO - DAG(s) dict_keys(['example_skip_dag']) retrieved from /home/airflow/.local/lib/python3.7/site-packages/airflow/example_dags/example_skip_dag.py
[2025-03-16T08:42:53.659+0000] {logging_mixin.py:120} INFO - [2025-03-16T08:42:53.659+0000] {dag.py:2585} INFO - Sync 1 DAGs
[2025-03-16T08:42:53.726+0000] {logging_mixin.py:120} INFO - [2025-03-16T08:42:53.726+0000] {dag.py:3340} INFO - Setting next_dagrun for example_skip_dag to 2025-03-15T08:42:53.726141+00:00, run_after=2025-03-16T08:42:53.726141+00:00
[2025-03-16T08:42:53.778+0000] {processor.py:176} INFO - Processing /home/airflow/.local/lib/python3.7/site-packages/airflow/example_dags/example_skip_dag.py took 0.244 seconds
[2025-03-16T08:43:24.485+0000] {processor.py:154} INFO - Started process (PID=1384) to work on /home/airflow/.local/lib/python3.7/site-packages/airflow/example_dags/example_skip_dag.py
[2025-03-16T08:43:24.488+0000] {processor.py:756} INFO - Processing file /home/airflow/.local/lib/python3.7/site-packages/airflow/example_dags/example_skip_dag.py for tasks to queue
[2025-03-16T08:43:24.491+0000] {logging_mixin.py:120} INFO - [2025-03-16T08:43:24.491+0000] {dagbag.py:537} INFO - Filling up the DagBag from /home/airflow/.local/lib/python3.7/site-packages/airflow/example_dags/example_skip_dag.py
[2025-03-16T08:43:24.572+0000] {processor.py:766} INFO - DAG(s) dict_keys(['example_skip_dag']) retrieved from /home/airflow/.local/lib/python3.7/site-packages/airflow/example_dags/example_skip_dag.py
[2025-03-16T08:43:24.695+0000] {logging_mixin.py:120} INFO - [2025-03-16T08:43:24.694+0000] {dag.py:2585} INFO - Sync 1 DAGs
[2025-03-16T08:43:24.767+0000] {logging_mixin.py:120} INFO - [2025-03-16T08:43:24.767+0000] {dag.py:3340} INFO - Setting next_dagrun for example_skip_dag to 2025-03-15T08:43:24.766989+00:00, run_after=2025-03-16T08:43:24.766989+00:00
[2025-03-16T08:43:24.827+0000] {processor.py:176} INFO - Processing /home/airflow/.local/lib/python3.7/site-packages/airflow/example_dags/example_skip_dag.py took 0.352 seconds
[2025-03-16T08:43:55.254+0000] {processor.py:154} INFO - Started process (PID=1438) to work on /home/airflow/.local/lib/python3.7/site-packages/airflow/example_dags/example_skip_dag.py
[2025-03-16T08:43:55.255+0000] {processor.py:756} INFO - Processing file /home/airflow/.local/lib/python3.7/site-packages/airflow/example_dags/example_skip_dag.py for tasks to queue
[2025-03-16T08:43:55.257+0000] {logging_mixin.py:120} INFO - [2025-03-16T08:43:55.257+0000] {dagbag.py:537} INFO - Filling up the DagBag from /home/airflow/.local/lib/python3.7/site-packages/airflow/example_dags/example_skip_dag.py
[2025-03-16T08:43:55.291+0000] {processor.py:766} INFO - DAG(s) dict_keys(['example_skip_dag']) retrieved from /home/airflow/.local/lib/python3.7/site-packages/airflow/example_dags/example_skip_dag.py
[2025-03-16T08:43:55.368+0000] {logging_mixin.py:120} INFO - [2025-03-16T08:43:55.368+0000] {dag.py:2585} INFO - Sync 1 DAGs
[2025-03-16T08:43:55.417+0000] {logging_mixin.py:120} INFO - [2025-03-16T08:43:55.417+0000] {dag.py:3340} INFO - Setting next_dagrun for example_skip_dag to 2025-03-15T08:43:55.416803+00:00, run_after=2025-03-16T08:43:55.416803+00:00
[2025-03-16T08:43:55.448+0000] {processor.py:176} INFO - Processing /home/airflow/.local/lib/python3.7/site-packages/airflow/example_dags/example_skip_dag.py took 0.202 seconds
[2025-03-16T08:44:26.229+0000] {processor.py:154} INFO - Started process (PID=1502) to work on /home/airflow/.local/lib/python3.7/site-packages/airflow/example_dags/example_skip_dag.py
[2025-03-16T08:44:26.232+0000] {processor.py:756} INFO - Processing file /home/airflow/.local/lib/python3.7/site-packages/airflow/example_dags/example_skip_dag.py for tasks to queue
[2025-03-16T08:44:26.233+0000] {logging_mixin.py:120} INFO - [2025-03-16T08:44:26.233+0000] {dagbag.py:537} INFO - Filling up the DagBag from /home/airflow/.local/lib/python3.7/site-packages/airflow/example_dags/example_skip_dag.py
[2025-03-16T08:44:26.287+0000] {processor.py:766} INFO - DAG(s) dict_keys(['example_skip_dag']) retrieved from /home/airflow/.local/lib/python3.7/site-packages/airflow/example_dags/example_skip_dag.py
[2025-03-16T08:44:26.351+0000] {logging_mixin.py:120} INFO - [2025-03-16T08:44:26.350+0000] {dag.py:2585} INFO - Sync 1 DAGs
[2025-03-16T08:44:26.399+0000] {logging_mixin.py:120} INFO - [2025-03-16T08:44:26.399+0000] {dag.py:3340} INFO - Setting next_dagrun for example_skip_dag to 2025-03-15T08:44:26.399104+00:00, run_after=2025-03-16T08:44:26.399104+00:00
[2025-03-16T08:44:26.429+0000] {processor.py:176} INFO - Processing /home/airflow/.local/lib/python3.7/site-packages/airflow/example_dags/example_skip_dag.py took 0.215 seconds
[2025-03-16T08:44:56.624+0000] {processor.py:154} INFO - Started process (PID=1556) to work on /home/airflow/.local/lib/python3.7/site-packages/airflow/example_dags/example_skip_dag.py
[2025-03-16T08:44:56.625+0000] {processor.py:756} INFO - Processing file /home/airflow/.local/lib/python3.7/site-packages/airflow/example_dags/example_skip_dag.py for tasks to queue
[2025-03-16T08:44:56.627+0000] {logging_mixin.py:120} INFO - [2025-03-16T08:44:56.626+0000] {dagbag.py:537} INFO - Filling up the DagBag from /home/airflow/.local/lib/python3.7/site-packages/airflow/example_dags/example_skip_dag.py
[2025-03-16T08:44:56.655+0000] {processor.py:766} INFO - DAG(s) dict_keys(['example_skip_dag']) retrieved from /home/airflow/.local/lib/python3.7/site-packages/airflow/example_dags/example_skip_dag.py
[2025-03-16T08:44:56.770+0000] {logging_mixin.py:120} INFO - [2025-03-16T08:44:56.770+0000] {dag.py:2585} INFO - Sync 1 DAGs
[2025-03-16T08:44:56.857+0000] {logging_mixin.py:120} INFO - [2025-03-16T08:44:56.857+0000] {dag.py:3340} INFO - Setting next_dagrun for example_skip_dag to 2025-03-15T08:44:56.857013+00:00, run_after=2025-03-16T08:44:56.857013+00:00
[2025-03-16T08:44:56.910+0000] {processor.py:176} INFO - Processing /home/airflow/.local/lib/python3.7/site-packages/airflow/example_dags/example_skip_dag.py took 0.300 seconds
[2025-03-16T08:45:27.759+0000] {processor.py:154} INFO - Started process (PID=1619) to work on /home/airflow/.local/lib/python3.7/site-packages/airflow/example_dags/example_skip_dag.py
[2025-03-16T08:45:27.762+0000] {processor.py:756} INFO - Processing file /home/airflow/.local/lib/python3.7/site-packages/airflow/example_dags/example_skip_dag.py for tasks to queue
[2025-03-16T08:45:27.763+0000] {logging_mixin.py:120} INFO - [2025-03-16T08:45:27.763+0000] {dagbag.py:537} INFO - Filling up the DagBag from /home/airflow/.local/lib/python3.7/site-packages/airflow/example_dags/example_skip_dag.py
[2025-03-16T08:45:27.821+0000] {processor.py:766} INFO - DAG(s) dict_keys(['example_skip_dag']) retrieved from /home/airflow/.local/lib/python3.7/site-packages/airflow/example_dags/example_skip_dag.py
[2025-03-16T08:45:27.896+0000] {logging_mixin.py:120} INFO - [2025-03-16T08:45:27.896+0000] {dag.py:2585} INFO - Sync 1 DAGs
[2025-03-16T08:45:27.947+0000] {logging_mixin.py:120} INFO - [2025-03-16T08:45:27.947+0000] {dag.py:3340} INFO - Setting next_dagrun for example_skip_dag to 2025-03-15T08:45:27.946746+00:00, run_after=2025-03-16T08:45:27.946746+00:00
[2025-03-16T08:45:27.991+0000] {processor.py:176} INFO - Processing /home/airflow/.local/lib/python3.7/site-packages/airflow/example_dags/example_skip_dag.py took 0.244 seconds
[2025-03-16T08:45:58.226+0000] {processor.py:154} INFO - Started process (PID=1673) to work on /home/airflow/.local/lib/python3.7/site-packages/airflow/example_dags/example_skip_dag.py
[2025-03-16T08:45:58.227+0000] {processor.py:756} INFO - Processing file /home/airflow/.local/lib/python3.7/site-packages/airflow/example_dags/example_skip_dag.py for tasks to queue
[2025-03-16T08:45:58.227+0000] {logging_mixin.py:120} INFO - [2025-03-16T08:45:58.227+0000] {dagbag.py:537} INFO - Filling up the DagBag from /home/airflow/.local/lib/python3.7/site-packages/airflow/example_dags/example_skip_dag.py
[2025-03-16T08:45:58.246+0000] {processor.py:766} INFO - DAG(s) dict_keys(['example_skip_dag']) retrieved from /home/airflow/.local/lib/python3.7/site-packages/airflow/example_dags/example_skip_dag.py
[2025-03-16T08:45:58.304+0000] {logging_mixin.py:120} INFO - [2025-03-16T08:45:58.303+0000] {dag.py:2585} INFO - Sync 1 DAGs
[2025-03-16T08:45:58.355+0000] {logging_mixin.py:120} INFO - [2025-03-16T08:45:58.355+0000] {dag.py:3340} INFO - Setting next_dagrun for example_skip_dag to 2025-03-15T08:45:58.355074+00:00, run_after=2025-03-16T08:45:58.355074+00:00
[2025-03-16T08:45:58.394+0000] {processor.py:176} INFO - Processing /home/airflow/.local/lib/python3.7/site-packages/airflow/example_dags/example_skip_dag.py took 0.173 seconds
[2025-03-16T08:46:29.048+0000] {processor.py:154} INFO - Started process (PID=1736) to work on /home/airflow/.local/lib/python3.7/site-packages/airflow/example_dags/example_skip_dag.py
[2025-03-16T08:46:29.050+0000] {processor.py:756} INFO - Processing file /home/airflow/.local/lib/python3.7/site-packages/airflow/example_dags/example_skip_dag.py for tasks to queue
[2025-03-16T08:46:29.052+0000] {logging_mixin.py:120} INFO - [2025-03-16T08:46:29.051+0000] {dagbag.py:537} INFO - Filling up the DagBag from /home/airflow/.local/lib/python3.7/site-packages/airflow/example_dags/example_skip_dag.py
[2025-03-16T08:46:29.110+0000] {processor.py:766} INFO - DAG(s) dict_keys(['example_skip_dag']) retrieved from /home/airflow/.local/lib/python3.7/site-packages/airflow/example_dags/example_skip_dag.py
[2025-03-16T08:46:29.322+0000] {logging_mixin.py:120} INFO - [2025-03-16T08:46:29.321+0000] {dag.py:2585} INFO - Sync 1 DAGs
[2025-03-16T08:46:29.418+0000] {logging_mixin.py:120} INFO - [2025-03-16T08:46:29.418+0000] {dag.py:3340} INFO - Setting next_dagrun for example_skip_dag to 2025-03-15T08:46:29.417933+00:00, run_after=2025-03-16T08:46:29.417933+00:00
[2025-03-16T08:46:29.486+0000] {processor.py:176} INFO - Processing /home/airflow/.local/lib/python3.7/site-packages/airflow/example_dags/example_skip_dag.py took 0.460 seconds
[2025-03-16T08:46:59.725+0000] {processor.py:154} INFO - Started process (PID=1790) to work on /home/airflow/.local/lib/python3.7/site-packages/airflow/example_dags/example_skip_dag.py
[2025-03-16T08:46:59.727+0000] {processor.py:756} INFO - Processing file /home/airflow/.local/lib/python3.7/site-packages/airflow/example_dags/example_skip_dag.py for tasks to queue
[2025-03-16T08:46:59.728+0000] {logging_mixin.py:120} INFO - [2025-03-16T08:46:59.728+0000] {dagbag.py:537} INFO - Filling up the DagBag from /home/airflow/.local/lib/python3.7/site-packages/airflow/example_dags/example_skip_dag.py
[2025-03-16T08:46:59.770+0000] {processor.py:766} INFO - DAG(s) dict_keys(['example_skip_dag']) retrieved from /home/airflow/.local/lib/python3.7/site-packages/airflow/example_dags/example_skip_dag.py
[2025-03-16T08:46:59.918+0000] {logging_mixin.py:120} INFO - [2025-03-16T08:46:59.913+0000] {dag.py:2585} INFO - Sync 1 DAGs
[2025-03-16T08:47:00.034+0000] {logging_mixin.py:120} INFO - [2025-03-16T08:47:00.034+0000] {dag.py:3340} INFO - Setting next_dagrun for example_skip_dag to 2025-03-15T08:47:00.033979+00:00, run_after=2025-03-16T08:47:00.033979+00:00
[2025-03-16T08:47:00.100+0000] {processor.py:176} INFO - Processing /home/airflow/.local/lib/python3.7/site-packages/airflow/example_dags/example_skip_dag.py took 0.381 seconds
[2025-03-16T08:47:30.854+0000] {processor.py:154} INFO - Started process (PID=1853) to work on /home/airflow/.local/lib/python3.7/site-packages/airflow/example_dags/example_skip_dag.py
[2025-03-16T08:47:30.855+0000] {processor.py:756} INFO - Processing file /home/airflow/.local/lib/python3.7/site-packages/airflow/example_dags/example_skip_dag.py for tasks to queue
[2025-03-16T08:47:30.856+0000] {logging_mixin.py:120} INFO - [2025-03-16T08:47:30.856+0000] {dagbag.py:537} INFO - Filling up the DagBag from /home/airflow/.local/lib/python3.7/site-packages/airflow/example_dags/example_skip_dag.py
[2025-03-16T08:47:30.880+0000] {processor.py:766} INFO - DAG(s) dict_keys(['example_skip_dag']) retrieved from /home/airflow/.local/lib/python3.7/site-packages/airflow/example_dags/example_skip_dag.py
[2025-03-16T08:47:30.944+0000] {logging_mixin.py:120} INFO - [2025-03-16T08:47:30.944+0000] {dag.py:2585} INFO - Sync 1 DAGs
[2025-03-16T08:47:31.026+0000] {logging_mixin.py:120} INFO - [2025-03-16T08:47:31.026+0000] {dag.py:3340} INFO - Setting next_dagrun for example_skip_dag to 2025-03-15T08:47:31.026103+00:00, run_after=2025-03-16T08:47:31.026103+00:00
[2025-03-16T08:47:31.059+0000] {processor.py:176} INFO - Processing /home/airflow/.local/lib/python3.7/site-packages/airflow/example_dags/example_skip_dag.py took 0.210 seconds
[2025-03-16T08:48:01.832+0000] {processor.py:154} INFO - Started process (PID=1907) to work on /home/airflow/.local/lib/python3.7/site-packages/airflow/example_dags/example_skip_dag.py
[2025-03-16T08:48:01.834+0000] {processor.py:756} INFO - Processing file /home/airflow/.local/lib/python3.7/site-packages/airflow/example_dags/example_skip_dag.py for tasks to queue
[2025-03-16T08:48:01.837+0000] {logging_mixin.py:120} INFO - [2025-03-16T08:48:01.837+0000] {dagbag.py:537} INFO - Filling up the DagBag from /home/airflow/.local/lib/python3.7/site-packages/airflow/example_dags/example_skip_dag.py
[2025-03-16T08:48:01.870+0000] {processor.py:766} INFO - DAG(s) dict_keys(['example_skip_dag']) retrieved from /home/airflow/.local/lib/python3.7/site-packages/airflow/example_dags/example_skip_dag.py
[2025-03-16T08:48:02.069+0000] {logging_mixin.py:120} INFO - [2025-03-16T08:48:02.069+0000] {dag.py:2585} INFO - Sync 1 DAGs
[2025-03-16T08:48:02.211+0000] {logging_mixin.py:120} INFO - [2025-03-16T08:48:02.210+0000] {dag.py:3340} INFO - Setting next_dagrun for example_skip_dag to 2025-03-15T08:48:02.210409+00:00, run_after=2025-03-16T08:48:02.210409+00:00
[2025-03-16T08:48:02.259+0000] {processor.py:176} INFO - Processing /home/airflow/.local/lib/python3.7/site-packages/airflow/example_dags/example_skip_dag.py took 0.434 seconds
[2025-03-16T08:48:32.725+0000] {processor.py:154} INFO - Started process (PID=1969) to work on /home/airflow/.local/lib/python3.7/site-packages/airflow/example_dags/example_skip_dag.py
[2025-03-16T08:48:32.727+0000] {processor.py:756} INFO - Processing file /home/airflow/.local/lib/python3.7/site-packages/airflow/example_dags/example_skip_dag.py for tasks to queue
[2025-03-16T08:48:32.730+0000] {logging_mixin.py:120} INFO - [2025-03-16T08:48:32.730+0000] {dagbag.py:537} INFO - Filling up the DagBag from /home/airflow/.local/lib/python3.7/site-packages/airflow/example_dags/example_skip_dag.py
[2025-03-16T08:48:32.783+0000] {processor.py:766} INFO - DAG(s) dict_keys(['example_skip_dag']) retrieved from /home/airflow/.local/lib/python3.7/site-packages/airflow/example_dags/example_skip_dag.py
[2025-03-16T08:48:32.915+0000] {logging_mixin.py:120} INFO - [2025-03-16T08:48:32.915+0000] {dag.py:2585} INFO - Sync 1 DAGs
[2025-03-16T08:48:33.034+0000] {logging_mixin.py:120} INFO - [2025-03-16T08:48:33.030+0000] {dag.py:3340} INFO - Setting next_dagrun for example_skip_dag to 2025-03-15T08:48:33.030338+00:00, run_after=2025-03-16T08:48:33.030338+00:00
[2025-03-16T08:48:33.104+0000] {processor.py:176} INFO - Processing /home/airflow/.local/lib/python3.7/site-packages/airflow/example_dags/example_skip_dag.py took 0.390 seconds
[2025-03-16T08:49:03.713+0000] {processor.py:154} INFO - Started process (PID=2023) to work on /home/airflow/.local/lib/python3.7/site-packages/airflow/example_dags/example_skip_dag.py
[2025-03-16T08:49:03.714+0000] {processor.py:756} INFO - Processing file /home/airflow/.local/lib/python3.7/site-packages/airflow/example_dags/example_skip_dag.py for tasks to queue
[2025-03-16T08:49:03.715+0000] {logging_mixin.py:120} INFO - [2025-03-16T08:49:03.715+0000] {dagbag.py:537} INFO - Filling up the DagBag from /home/airflow/.local/lib/python3.7/site-packages/airflow/example_dags/example_skip_dag.py
[2025-03-16T08:49:03.732+0000] {processor.py:766} INFO - DAG(s) dict_keys(['example_skip_dag']) retrieved from /home/airflow/.local/lib/python3.7/site-packages/airflow/example_dags/example_skip_dag.py
[2025-03-16T08:49:03.810+0000] {logging_mixin.py:120} INFO - [2025-03-16T08:49:03.809+0000] {dag.py:2585} INFO - Sync 1 DAGs
[2025-03-16T08:49:03.839+0000] {logging_mixin.py:120} INFO - [2025-03-16T08:49:03.839+0000] {dag.py:3340} INFO - Setting next_dagrun for example_skip_dag to 2025-03-15T08:49:03.839195+00:00, run_after=2025-03-16T08:49:03.839195+00:00
[2025-03-16T08:49:03.864+0000] {processor.py:176} INFO - Processing /home/airflow/.local/lib/python3.7/site-packages/airflow/example_dags/example_skip_dag.py took 0.155 seconds
[2025-03-16T08:49:34.671+0000] {processor.py:154} INFO - Started process (PID=2087) to work on /home/airflow/.local/lib/python3.7/site-packages/airflow/example_dags/example_skip_dag.py
[2025-03-16T08:49:34.672+0000] {processor.py:756} INFO - Processing file /home/airflow/.local/lib/python3.7/site-packages/airflow/example_dags/example_skip_dag.py for tasks to queue
[2025-03-16T08:49:34.672+0000] {logging_mixin.py:120} INFO - [2025-03-16T08:49:34.672+0000] {dagbag.py:537} INFO - Filling up the DagBag from /home/airflow/.local/lib/python3.7/site-packages/airflow/example_dags/example_skip_dag.py
[2025-03-16T08:49:34.690+0000] {processor.py:766} INFO - DAG(s) dict_keys(['example_skip_dag']) retrieved from /home/airflow/.local/lib/python3.7/site-packages/airflow/example_dags/example_skip_dag.py
[2025-03-16T08:49:34.742+0000] {logging_mixin.py:120} INFO - [2025-03-16T08:49:34.742+0000] {dag.py:2585} INFO - Sync 1 DAGs
[2025-03-16T08:49:34.775+0000] {logging_mixin.py:120} INFO - [2025-03-16T08:49:34.774+0000] {dag.py:3340} INFO - Setting next_dagrun for example_skip_dag to 2025-03-15T08:49:34.774631+00:00, run_after=2025-03-16T08:49:34.774631+00:00
[2025-03-16T08:49:34.801+0000] {processor.py:176} INFO - Processing /home/airflow/.local/lib/python3.7/site-packages/airflow/example_dags/example_skip_dag.py took 0.134 seconds
[2025-03-16T08:50:05.120+0000] {processor.py:154} INFO - Started process (PID=2141) to work on /home/airflow/.local/lib/python3.7/site-packages/airflow/example_dags/example_skip_dag.py
[2025-03-16T08:50:05.122+0000] {processor.py:756} INFO - Processing file /home/airflow/.local/lib/python3.7/site-packages/airflow/example_dags/example_skip_dag.py for tasks to queue
[2025-03-16T08:50:05.122+0000] {logging_mixin.py:120} INFO - [2025-03-16T08:50:05.122+0000] {dagbag.py:537} INFO - Filling up the DagBag from /home/airflow/.local/lib/python3.7/site-packages/airflow/example_dags/example_skip_dag.py
[2025-03-16T08:50:05.141+0000] {processor.py:766} INFO - DAG(s) dict_keys(['example_skip_dag']) retrieved from /home/airflow/.local/lib/python3.7/site-packages/airflow/example_dags/example_skip_dag.py
[2025-03-16T08:50:05.194+0000] {logging_mixin.py:120} INFO - [2025-03-16T08:50:05.194+0000] {dag.py:2585} INFO - Sync 1 DAGs
[2025-03-16T08:50:05.226+0000] {logging_mixin.py:120} INFO - [2025-03-16T08:50:05.226+0000] {dag.py:3340} INFO - Setting next_dagrun for example_skip_dag to 2025-03-15T08:50:05.226015+00:00, run_after=2025-03-16T08:50:05.226015+00:00
[2025-03-16T08:50:05.251+0000] {processor.py:176} INFO - Processing /home/airflow/.local/lib/python3.7/site-packages/airflow/example_dags/example_skip_dag.py took 0.136 seconds
[2025-03-16T08:50:35.720+0000] {processor.py:154} INFO - Started process (PID=2204) to work on /home/airflow/.local/lib/python3.7/site-packages/airflow/example_dags/example_skip_dag.py
[2025-03-16T08:50:35.721+0000] {processor.py:756} INFO - Processing file /home/airflow/.local/lib/python3.7/site-packages/airflow/example_dags/example_skip_dag.py for tasks to queue
[2025-03-16T08:50:35.722+0000] {logging_mixin.py:120} INFO - [2025-03-16T08:50:35.722+0000] {dagbag.py:537} INFO - Filling up the DagBag from /home/airflow/.local/lib/python3.7/site-packages/airflow/example_dags/example_skip_dag.py
[2025-03-16T08:50:35.745+0000] {processor.py:766} INFO - DAG(s) dict_keys(['example_skip_dag']) retrieved from /home/airflow/.local/lib/python3.7/site-packages/airflow/example_dags/example_skip_dag.py
[2025-03-16T08:50:35.825+0000] {logging_mixin.py:120} INFO - [2025-03-16T08:50:35.824+0000] {dag.py:2585} INFO - Sync 1 DAGs
[2025-03-16T08:50:35.859+0000] {logging_mixin.py:120} INFO - [2025-03-16T08:50:35.859+0000] {dag.py:3340} INFO - Setting next_dagrun for example_skip_dag to 2025-03-15T08:50:35.859125+00:00, run_after=2025-03-16T08:50:35.859125+00:00
[2025-03-16T08:50:35.883+0000] {processor.py:176} INFO - Processing /home/airflow/.local/lib/python3.7/site-packages/airflow/example_dags/example_skip_dag.py took 0.168 seconds
[2025-03-16T08:51:06.682+0000] {processor.py:154} INFO - Started process (PID=2258) to work on /home/airflow/.local/lib/python3.7/site-packages/airflow/example_dags/example_skip_dag.py
[2025-03-16T08:51:06.684+0000] {processor.py:756} INFO - Processing file /home/airflow/.local/lib/python3.7/site-packages/airflow/example_dags/example_skip_dag.py for tasks to queue
[2025-03-16T08:51:06.685+0000] {logging_mixin.py:120} INFO - [2025-03-16T08:51:06.685+0000] {dagbag.py:537} INFO - Filling up the DagBag from /home/airflow/.local/lib/python3.7/site-packages/airflow/example_dags/example_skip_dag.py
[2025-03-16T08:51:06.709+0000] {processor.py:766} INFO - DAG(s) dict_keys(['example_skip_dag']) retrieved from /home/airflow/.local/lib/python3.7/site-packages/airflow/example_dags/example_skip_dag.py
[2025-03-16T08:51:06.791+0000] {logging_mixin.py:120} INFO - [2025-03-16T08:51:06.791+0000] {dag.py:2585} INFO - Sync 1 DAGs
[2025-03-16T08:51:06.843+0000] {logging_mixin.py:120} INFO - [2025-03-16T08:51:06.843+0000] {dag.py:3340} INFO - Setting next_dagrun for example_skip_dag to 2025-03-15T08:51:06.842917+00:00, run_after=2025-03-16T08:51:06.842917+00:00
[2025-03-16T08:51:06.881+0000] {processor.py:176} INFO - Processing /home/airflow/.local/lib/python3.7/site-packages/airflow/example_dags/example_skip_dag.py took 0.206 seconds
[2025-03-16T08:51:37.359+0000] {processor.py:154} INFO - Started process (PID=2321) to work on /home/airflow/.local/lib/python3.7/site-packages/airflow/example_dags/example_skip_dag.py
[2025-03-16T08:51:37.360+0000] {processor.py:756} INFO - Processing file /home/airflow/.local/lib/python3.7/site-packages/airflow/example_dags/example_skip_dag.py for tasks to queue
[2025-03-16T08:51:37.362+0000] {logging_mixin.py:120} INFO - [2025-03-16T08:51:37.362+0000] {dagbag.py:537} INFO - Filling up the DagBag from /home/airflow/.local/lib/python3.7/site-packages/airflow/example_dags/example_skip_dag.py
[2025-03-16T08:51:37.384+0000] {processor.py:766} INFO - DAG(s) dict_keys(['example_skip_dag']) retrieved from /home/airflow/.local/lib/python3.7/site-packages/airflow/example_dags/example_skip_dag.py
[2025-03-16T08:51:37.444+0000] {logging_mixin.py:120} INFO - [2025-03-16T08:51:37.444+0000] {dag.py:2585} INFO - Sync 1 DAGs
[2025-03-16T08:51:37.477+0000] {logging_mixin.py:120} INFO - [2025-03-16T08:51:37.477+0000] {dag.py:3340} INFO - Setting next_dagrun for example_skip_dag to 2025-03-15T08:51:37.477216+00:00, run_after=2025-03-16T08:51:37.477216+00:00
[2025-03-16T08:51:37.502+0000] {processor.py:176} INFO - Processing /home/airflow/.local/lib/python3.7/site-packages/airflow/example_dags/example_skip_dag.py took 0.149 seconds
[2025-03-16T08:52:08.415+0000] {processor.py:154} INFO - Started process (PID=2375) to work on /home/airflow/.local/lib/python3.7/site-packages/airflow/example_dags/example_skip_dag.py
[2025-03-16T08:52:08.417+0000] {processor.py:756} INFO - Processing file /home/airflow/.local/lib/python3.7/site-packages/airflow/example_dags/example_skip_dag.py for tasks to queue
[2025-03-16T08:52:08.418+0000] {logging_mixin.py:120} INFO - [2025-03-16T08:52:08.418+0000] {dagbag.py:537} INFO - Filling up the DagBag from /home/airflow/.local/lib/python3.7/site-packages/airflow/example_dags/example_skip_dag.py
[2025-03-16T08:52:08.440+0000] {processor.py:766} INFO - DAG(s) dict_keys(['example_skip_dag']) retrieved from /home/airflow/.local/lib/python3.7/site-packages/airflow/example_dags/example_skip_dag.py
[2025-03-16T08:52:08.522+0000] {logging_mixin.py:120} INFO - [2025-03-16T08:52:08.521+0000] {dag.py:2585} INFO - Sync 1 DAGs
[2025-03-16T08:52:08.568+0000] {logging_mixin.py:120} INFO - [2025-03-16T08:52:08.567+0000] {dag.py:3340} INFO - Setting next_dagrun for example_skip_dag to 2025-03-15T08:52:08.567411+00:00, run_after=2025-03-16T08:52:08.567411+00:00
[2025-03-16T08:52:08.598+0000] {processor.py:176} INFO - Processing /home/airflow/.local/lib/python3.7/site-packages/airflow/example_dags/example_skip_dag.py took 0.187 seconds
[2025-03-16T08:52:38.952+0000] {processor.py:154} INFO - Started process (PID=2439) to work on /home/airflow/.local/lib/python3.7/site-packages/airflow/example_dags/example_skip_dag.py
[2025-03-16T08:52:38.954+0000] {processor.py:756} INFO - Processing file /home/airflow/.local/lib/python3.7/site-packages/airflow/example_dags/example_skip_dag.py for tasks to queue
[2025-03-16T08:52:38.955+0000] {logging_mixin.py:120} INFO - [2025-03-16T08:52:38.954+0000] {dagbag.py:537} INFO - Filling up the DagBag from /home/airflow/.local/lib/python3.7/site-packages/airflow/example_dags/example_skip_dag.py
[2025-03-16T08:52:38.972+0000] {processor.py:766} INFO - DAG(s) dict_keys(['example_skip_dag']) retrieved from /home/airflow/.local/lib/python3.7/site-packages/airflow/example_dags/example_skip_dag.py
[2025-03-16T08:52:39.022+0000] {logging_mixin.py:120} INFO - [2025-03-16T08:52:39.022+0000] {dag.py:2585} INFO - Sync 1 DAGs
[2025-03-16T08:52:39.055+0000] {logging_mixin.py:120} INFO - [2025-03-16T08:52:39.055+0000] {dag.py:3340} INFO - Setting next_dagrun for example_skip_dag to 2025-03-15T08:52:39.055022+00:00, run_after=2025-03-16T08:52:39.055022+00:00
[2025-03-16T08:52:39.078+0000] {processor.py:176} INFO - Processing /home/airflow/.local/lib/python3.7/site-packages/airflow/example_dags/example_skip_dag.py took 0.130 seconds
[2025-03-16T08:53:10.165+0000] {processor.py:154} INFO - Started process (PID=2500) to work on /home/airflow/.local/lib/python3.7/site-packages/airflow/example_dags/example_skip_dag.py
[2025-03-16T08:53:10.167+0000] {processor.py:756} INFO - Processing file /home/airflow/.local/lib/python3.7/site-packages/airflow/example_dags/example_skip_dag.py for tasks to queue
[2025-03-16T08:53:10.168+0000] {logging_mixin.py:120} INFO - [2025-03-16T08:53:10.168+0000] {dagbag.py:537} INFO - Filling up the DagBag from /home/airflow/.local/lib/python3.7/site-packages/airflow/example_dags/example_skip_dag.py
[2025-03-16T08:53:10.199+0000] {processor.py:766} INFO - DAG(s) dict_keys(['example_skip_dag']) retrieved from /home/airflow/.local/lib/python3.7/site-packages/airflow/example_dags/example_skip_dag.py
[2025-03-16T08:53:10.310+0000] {logging_mixin.py:120} INFO - [2025-03-16T08:53:10.310+0000] {dag.py:2585} INFO - Sync 1 DAGs
[2025-03-16T08:53:10.407+0000] {logging_mixin.py:120} INFO - [2025-03-16T08:53:10.407+0000] {dag.py:3340} INFO - Setting next_dagrun for example_skip_dag to 2025-03-15T08:53:10.407056+00:00, run_after=2025-03-16T08:53:10.407056+00:00
[2025-03-16T08:53:10.515+0000] {processor.py:176} INFO - Processing /home/airflow/.local/lib/python3.7/site-packages/airflow/example_dags/example_skip_dag.py took 0.357 seconds
[2025-03-16T08:53:40.939+0000] {processor.py:154} INFO - Started process (PID=2557) to work on /home/airflow/.local/lib/python3.7/site-packages/airflow/example_dags/example_skip_dag.py
[2025-03-16T08:53:40.940+0000] {processor.py:756} INFO - Processing file /home/airflow/.local/lib/python3.7/site-packages/airflow/example_dags/example_skip_dag.py for tasks to queue
[2025-03-16T08:53:40.941+0000] {logging_mixin.py:120} INFO - [2025-03-16T08:53:40.941+0000] {dagbag.py:537} INFO - Filling up the DagBag from /home/airflow/.local/lib/python3.7/site-packages/airflow/example_dags/example_skip_dag.py
[2025-03-16T08:53:40.972+0000] {processor.py:766} INFO - DAG(s) dict_keys(['example_skip_dag']) retrieved from /home/airflow/.local/lib/python3.7/site-packages/airflow/example_dags/example_skip_dag.py
[2025-03-16T08:53:41.057+0000] {logging_mixin.py:120} INFO - [2025-03-16T08:53:41.056+0000] {dag.py:2585} INFO - Sync 1 DAGs
[2025-03-16T08:53:41.113+0000] {logging_mixin.py:120} INFO - [2025-03-16T08:53:41.112+0000] {dag.py:3340} INFO - Setting next_dagrun for example_skip_dag to 2025-03-15T08:53:41.112262+00:00, run_after=2025-03-16T08:53:41.112262+00:00
[2025-03-16T08:53:41.146+0000] {processor.py:176} INFO - Processing /home/airflow/.local/lib/python3.7/site-packages/airflow/example_dags/example_skip_dag.py took 0.212 seconds
[2025-03-16T08:54:11.956+0000] {processor.py:154} INFO - Started process (PID=2611) to work on /home/airflow/.local/lib/python3.7/site-packages/airflow/example_dags/example_skip_dag.py
[2025-03-16T08:54:11.958+0000] {processor.py:756} INFO - Processing file /home/airflow/.local/lib/python3.7/site-packages/airflow/example_dags/example_skip_dag.py for tasks to queue
[2025-03-16T08:54:11.959+0000] {logging_mixin.py:120} INFO - [2025-03-16T08:54:11.959+0000] {dagbag.py:537} INFO - Filling up the DagBag from /home/airflow/.local/lib/python3.7/site-packages/airflow/example_dags/example_skip_dag.py
[2025-03-16T08:54:11.987+0000] {processor.py:766} INFO - DAG(s) dict_keys(['example_skip_dag']) retrieved from /home/airflow/.local/lib/python3.7/site-packages/airflow/example_dags/example_skip_dag.py
[2025-03-16T08:54:12.080+0000] {logging_mixin.py:120} INFO - [2025-03-16T08:54:12.079+0000] {dag.py:2585} INFO - Sync 1 DAGs
[2025-03-16T08:54:12.143+0000] {logging_mixin.py:120} INFO - [2025-03-16T08:54:12.142+0000] {dag.py:3340} INFO - Setting next_dagrun for example_skip_dag to 2025-03-15T08:54:12.142141+00:00, run_after=2025-03-16T08:54:12.142141+00:00
[2025-03-16T08:54:12.195+0000] {processor.py:176} INFO - Processing /home/airflow/.local/lib/python3.7/site-packages/airflow/example_dags/example_skip_dag.py took 0.244 seconds
[2025-03-16T08:54:42.547+0000] {processor.py:154} INFO - Started process (PID=2673) to work on /home/airflow/.local/lib/python3.7/site-packages/airflow/example_dags/example_skip_dag.py
[2025-03-16T08:54:42.549+0000] {processor.py:756} INFO - Processing file /home/airflow/.local/lib/python3.7/site-packages/airflow/example_dags/example_skip_dag.py for tasks to queue
[2025-03-16T08:54:42.550+0000] {logging_mixin.py:120} INFO - [2025-03-16T08:54:42.550+0000] {dagbag.py:537} INFO - Filling up the DagBag from /home/airflow/.local/lib/python3.7/site-packages/airflow/example_dags/example_skip_dag.py
[2025-03-16T08:54:42.583+0000] {processor.py:766} INFO - DAG(s) dict_keys(['example_skip_dag']) retrieved from /home/airflow/.local/lib/python3.7/site-packages/airflow/example_dags/example_skip_dag.py
[2025-03-16T08:54:42.687+0000] {logging_mixin.py:120} INFO - [2025-03-16T08:54:42.686+0000] {dag.py:2585} INFO - Sync 1 DAGs
[2025-03-16T08:54:42.752+0000] {logging_mixin.py:120} INFO - [2025-03-16T08:54:42.752+0000] {dag.py:3340} INFO - Setting next_dagrun for example_skip_dag to 2025-03-15T08:54:42.751730+00:00, run_after=2025-03-16T08:54:42.751730+00:00
[2025-03-16T08:54:42.789+0000] {processor.py:176} INFO - Processing /home/airflow/.local/lib/python3.7/site-packages/airflow/example_dags/example_skip_dag.py took 0.249 seconds
[2025-03-16T08:55:12.928+0000] {processor.py:154} INFO - Started process (PID=2727) to work on /home/airflow/.local/lib/python3.7/site-packages/airflow/example_dags/example_skip_dag.py
[2025-03-16T08:55:12.929+0000] {processor.py:756} INFO - Processing file /home/airflow/.local/lib/python3.7/site-packages/airflow/example_dags/example_skip_dag.py for tasks to queue
[2025-03-16T08:55:12.930+0000] {logging_mixin.py:120} INFO - [2025-03-16T08:55:12.930+0000] {dagbag.py:537} INFO - Filling up the DagBag from /home/airflow/.local/lib/python3.7/site-packages/airflow/example_dags/example_skip_dag.py
[2025-03-16T08:55:12.954+0000] {processor.py:766} INFO - DAG(s) dict_keys(['example_skip_dag']) retrieved from /home/airflow/.local/lib/python3.7/site-packages/airflow/example_dags/example_skip_dag.py
[2025-03-16T08:55:13.024+0000] {logging_mixin.py:120} INFO - [2025-03-16T08:55:13.023+0000] {dag.py:2585} INFO - Sync 1 DAGs
[2025-03-16T08:55:13.100+0000] {logging_mixin.py:120} INFO - [2025-03-16T08:55:13.099+0000] {dag.py:3340} INFO - Setting next_dagrun for example_skip_dag to 2025-03-15T08:55:13.099007+00:00, run_after=2025-03-16T08:55:13.099007+00:00
[2025-03-16T08:55:13.151+0000] {processor.py:176} INFO - Processing /home/airflow/.local/lib/python3.7/site-packages/airflow/example_dags/example_skip_dag.py took 0.228 seconds
[2025-03-16T08:55:43.553+0000] {processor.py:154} INFO - Started process (PID=2789) to work on /home/airflow/.local/lib/python3.7/site-packages/airflow/example_dags/example_skip_dag.py
[2025-03-16T08:55:43.555+0000] {processor.py:756} INFO - Processing file /home/airflow/.local/lib/python3.7/site-packages/airflow/example_dags/example_skip_dag.py for tasks to queue
[2025-03-16T08:55:43.556+0000] {logging_mixin.py:120} INFO - [2025-03-16T08:55:43.556+0000] {dagbag.py:537} INFO - Filling up the DagBag from /home/airflow/.local/lib/python3.7/site-packages/airflow/example_dags/example_skip_dag.py
[2025-03-16T08:55:43.580+0000] {processor.py:766} INFO - DAG(s) dict_keys(['example_skip_dag']) retrieved from /home/airflow/.local/lib/python3.7/site-packages/airflow/example_dags/example_skip_dag.py
[2025-03-16T08:55:43.650+0000] {logging_mixin.py:120} INFO - [2025-03-16T08:55:43.649+0000] {dag.py:2585} INFO - Sync 1 DAGs
[2025-03-16T08:55:43.697+0000] {logging_mixin.py:120} INFO - [2025-03-16T08:55:43.696+0000] {dag.py:3340} INFO - Setting next_dagrun for example_skip_dag to 2025-03-15T08:55:43.696420+00:00, run_after=2025-03-16T08:55:43.696420+00:00
[2025-03-16T08:55:43.727+0000] {processor.py:176} INFO - Processing /home/airflow/.local/lib/python3.7/site-packages/airflow/example_dags/example_skip_dag.py took 0.178 seconds
[2025-03-16T08:56:14.078+0000] {processor.py:154} INFO - Started process (PID=2843) to work on /home/airflow/.local/lib/python3.7/site-packages/airflow/example_dags/example_skip_dag.py
[2025-03-16T08:56:14.080+0000] {processor.py:756} INFO - Processing file /home/airflow/.local/lib/python3.7/site-packages/airflow/example_dags/example_skip_dag.py for tasks to queue
[2025-03-16T08:56:14.081+0000] {logging_mixin.py:120} INFO - [2025-03-16T08:56:14.081+0000] {dagbag.py:537} INFO - Filling up the DagBag from /home/airflow/.local/lib/python3.7/site-packages/airflow/example_dags/example_skip_dag.py
[2025-03-16T08:56:14.117+0000] {processor.py:766} INFO - DAG(s) dict_keys(['example_skip_dag']) retrieved from /home/airflow/.local/lib/python3.7/site-packages/airflow/example_dags/example_skip_dag.py
[2025-03-16T08:56:14.226+0000] {logging_mixin.py:120} INFO - [2025-03-16T08:56:14.226+0000] {dag.py:2585} INFO - Sync 1 DAGs
[2025-03-16T08:56:14.281+0000] {logging_mixin.py:120} INFO - [2025-03-16T08:56:14.281+0000] {dag.py:3340} INFO - Setting next_dagrun for example_skip_dag to 2025-03-15T08:56:14.280954+00:00, run_after=2025-03-16T08:56:14.280954+00:00
[2025-03-16T08:56:14.315+0000] {processor.py:176} INFO - Processing /home/airflow/.local/lib/python3.7/site-packages/airflow/example_dags/example_skip_dag.py took 0.245 seconds
[2025-03-16T08:56:44.611+0000] {processor.py:154} INFO - Started process (PID=2906) to work on /home/airflow/.local/lib/python3.7/site-packages/airflow/example_dags/example_skip_dag.py
[2025-03-16T08:56:44.612+0000] {processor.py:756} INFO - Processing file /home/airflow/.local/lib/python3.7/site-packages/airflow/example_dags/example_skip_dag.py for tasks to queue
[2025-03-16T08:56:44.613+0000] {logging_mixin.py:120} INFO - [2025-03-16T08:56:44.613+0000] {dagbag.py:537} INFO - Filling up the DagBag from /home/airflow/.local/lib/python3.7/site-packages/airflow/example_dags/example_skip_dag.py
[2025-03-16T08:56:44.639+0000] {processor.py:766} INFO - DAG(s) dict_keys(['example_skip_dag']) retrieved from /home/airflow/.local/lib/python3.7/site-packages/airflow/example_dags/example_skip_dag.py
[2025-03-16T08:56:44.709+0000] {logging_mixin.py:120} INFO - [2025-03-16T08:56:44.709+0000] {dag.py:2585} INFO - Sync 1 DAGs
[2025-03-16T08:56:44.759+0000] {logging_mixin.py:120} INFO - [2025-03-16T08:56:44.758+0000] {dag.py:3340} INFO - Setting next_dagrun for example_skip_dag to 2025-03-15T08:56:44.758067+00:00, run_after=2025-03-16T08:56:44.758067+00:00
[2025-03-16T08:56:44.797+0000] {processor.py:176} INFO - Processing /home/airflow/.local/lib/python3.7/site-packages/airflow/example_dags/example_skip_dag.py took 0.197 seconds
