[2025-03-16T08:31:45.394+0000] {processor.py:154} INFO - Started process (PID=66) to work on /home/airflow/.local/lib/python3.7/site-packages/airflow/example_dags/example_kubernetes_executor.py
[2025-03-16T08:31:45.403+0000] {processor.py:756} INFO - Processing file /home/airflow/.local/lib/python3.7/site-packages/airflow/example_dags/example_kubernetes_executor.py for tasks to queue
[2025-03-16T08:31:45.404+0000] {logging_mixin.py:120} INFO - [2025-03-16T08:31:45.404+0000] {dagbag.py:537} INFO - Filling up the DagBag from /home/airflow/.local/lib/python3.7/site-packages/airflow/example_dags/example_kubernetes_executor.py
[2025-03-16T08:31:45.567+0000] {processor.py:766} INFO - DAG(s) dict_keys(['example_kubernetes_executor']) retrieved from /home/airflow/.local/lib/python3.7/site-packages/airflow/example_dags/example_kubernetes_executor.py
[2025-03-16T08:31:46.441+0000] {logging_mixin.py:120} INFO - [2025-03-16T08:31:46.441+0000] {manager.py:507} INFO - Created Permission View: can read on DAG:example_kubernetes_executor
[2025-03-16T08:31:46.510+0000] {logging_mixin.py:120} INFO - [2025-03-16T08:31:46.510+0000] {manager.py:507} INFO - Created Permission View: can edit on DAG:example_kubernetes_executor
[2025-03-16T08:31:46.550+0000] {logging_mixin.py:120} INFO - [2025-03-16T08:31:46.550+0000] {manager.py:507} INFO - Created Permission View: can delete on DAG:example_kubernetes_executor
[2025-03-16T08:31:46.551+0000] {logging_mixin.py:120} INFO - [2025-03-16T08:31:46.551+0000] {dag.py:2585} INFO - Sync 1 DAGs
[2025-03-16T08:31:46.625+0000] {logging_mixin.py:120} INFO - [2025-03-16T08:31:46.624+0000] {dag.py:2606} INFO - Creating ORM DAG for example_kubernetes_executor
[2025-03-16T08:31:46.696+0000] {logging_mixin.py:120} INFO - [2025-03-16T08:31:46.696+0000] {dag.py:3340} INFO - Setting next_dagrun for example_kubernetes_executor to None, run_after=None
[2025-03-16T08:31:46.803+0000] {processor.py:176} INFO - Processing /home/airflow/.local/lib/python3.7/site-packages/airflow/example_dags/example_kubernetes_executor.py took 1.433 seconds
[2025-03-16T08:32:16.864+0000] {processor.py:154} INFO - Started process (PID=120) to work on /home/airflow/.local/lib/python3.7/site-packages/airflow/example_dags/example_kubernetes_executor.py
[2025-03-16T08:32:16.865+0000] {processor.py:756} INFO - Processing file /home/airflow/.local/lib/python3.7/site-packages/airflow/example_dags/example_kubernetes_executor.py for tasks to queue
[2025-03-16T08:32:16.866+0000] {logging_mixin.py:120} INFO - [2025-03-16T08:32:16.866+0000] {dagbag.py:537} INFO - Filling up the DagBag from /home/airflow/.local/lib/python3.7/site-packages/airflow/example_dags/example_kubernetes_executor.py
[2025-03-16T08:32:16.900+0000] {processor.py:766} INFO - DAG(s) dict_keys(['example_kubernetes_executor']) retrieved from /home/airflow/.local/lib/python3.7/site-packages/airflow/example_dags/example_kubernetes_executor.py
[2025-03-16T08:32:16.956+0000] {logging_mixin.py:120} INFO - [2025-03-16T08:32:16.956+0000] {dag.py:2585} INFO - Sync 1 DAGs
[2025-03-16T08:32:17.011+0000] {logging_mixin.py:120} INFO - [2025-03-16T08:32:17.011+0000] {dag.py:3340} INFO - Setting next_dagrun for example_kubernetes_executor to None, run_after=None
[2025-03-16T08:32:17.046+0000] {processor.py:176} INFO - Processing /home/airflow/.local/lib/python3.7/site-packages/airflow/example_dags/example_kubernetes_executor.py took 0.186 seconds
[2025-03-16T08:32:47.439+0000] {processor.py:154} INFO - Started process (PID=175) to work on /home/airflow/.local/lib/python3.7/site-packages/airflow/example_dags/example_kubernetes_executor.py
[2025-03-16T08:32:47.440+0000] {processor.py:756} INFO - Processing file /home/airflow/.local/lib/python3.7/site-packages/airflow/example_dags/example_kubernetes_executor.py for tasks to queue
[2025-03-16T08:32:47.441+0000] {logging_mixin.py:120} INFO - [2025-03-16T08:32:47.441+0000] {dagbag.py:537} INFO - Filling up the DagBag from /home/airflow/.local/lib/python3.7/site-packages/airflow/example_dags/example_kubernetes_executor.py
[2025-03-16T08:32:47.494+0000] {processor.py:766} INFO - DAG(s) dict_keys(['example_kubernetes_executor']) retrieved from /home/airflow/.local/lib/python3.7/site-packages/airflow/example_dags/example_kubernetes_executor.py
[2025-03-16T08:32:47.574+0000] {logging_mixin.py:120} INFO - [2025-03-16T08:32:47.573+0000] {dag.py:2585} INFO - Sync 1 DAGs
[2025-03-16T08:32:47.624+0000] {logging_mixin.py:120} INFO - [2025-03-16T08:32:47.623+0000] {dag.py:3340} INFO - Setting next_dagrun for example_kubernetes_executor to None, run_after=None
[2025-03-16T08:32:47.658+0000] {processor.py:176} INFO - Processing /home/airflow/.local/lib/python3.7/site-packages/airflow/example_dags/example_kubernetes_executor.py took 0.226 seconds
[2025-03-16T08:33:17.800+0000] {processor.py:154} INFO - Started process (PID=236) to work on /home/airflow/.local/lib/python3.7/site-packages/airflow/example_dags/example_kubernetes_executor.py
[2025-03-16T08:33:17.801+0000] {processor.py:756} INFO - Processing file /home/airflow/.local/lib/python3.7/site-packages/airflow/example_dags/example_kubernetes_executor.py for tasks to queue
[2025-03-16T08:33:17.802+0000] {logging_mixin.py:120} INFO - [2025-03-16T08:33:17.802+0000] {dagbag.py:537} INFO - Filling up the DagBag from /home/airflow/.local/lib/python3.7/site-packages/airflow/example_dags/example_kubernetes_executor.py
[2025-03-16T08:33:17.837+0000] {processor.py:766} INFO - DAG(s) dict_keys(['example_kubernetes_executor']) retrieved from /home/airflow/.local/lib/python3.7/site-packages/airflow/example_dags/example_kubernetes_executor.py
[2025-03-16T08:33:17.892+0000] {logging_mixin.py:120} INFO - [2025-03-16T08:33:17.892+0000] {dag.py:2585} INFO - Sync 1 DAGs
[2025-03-16T08:33:17.925+0000] {logging_mixin.py:120} INFO - [2025-03-16T08:33:17.924+0000] {dag.py:3340} INFO - Setting next_dagrun for example_kubernetes_executor to None, run_after=None
[2025-03-16T08:33:17.946+0000] {processor.py:176} INFO - Processing /home/airflow/.local/lib/python3.7/site-packages/airflow/example_dags/example_kubernetes_executor.py took 0.150 seconds
[2025-03-16T08:33:48.163+0000] {processor.py:154} INFO - Started process (PID=290) to work on /home/airflow/.local/lib/python3.7/site-packages/airflow/example_dags/example_kubernetes_executor.py
[2025-03-16T08:33:48.165+0000] {processor.py:756} INFO - Processing file /home/airflow/.local/lib/python3.7/site-packages/airflow/example_dags/example_kubernetes_executor.py for tasks to queue
[2025-03-16T08:33:48.166+0000] {logging_mixin.py:120} INFO - [2025-03-16T08:33:48.166+0000] {dagbag.py:537} INFO - Filling up the DagBag from /home/airflow/.local/lib/python3.7/site-packages/airflow/example_dags/example_kubernetes_executor.py
[2025-03-16T08:33:48.207+0000] {processor.py:766} INFO - DAG(s) dict_keys(['example_kubernetes_executor']) retrieved from /home/airflow/.local/lib/python3.7/site-packages/airflow/example_dags/example_kubernetes_executor.py
[2025-03-16T08:33:48.265+0000] {logging_mixin.py:120} INFO - [2025-03-16T08:33:48.265+0000] {dag.py:2585} INFO - Sync 1 DAGs
[2025-03-16T08:33:48.302+0000] {logging_mixin.py:120} INFO - [2025-03-16T08:33:48.301+0000] {dag.py:3340} INFO - Setting next_dagrun for example_kubernetes_executor to None, run_after=None
[2025-03-16T08:33:48.327+0000] {processor.py:176} INFO - Processing /home/airflow/.local/lib/python3.7/site-packages/airflow/example_dags/example_kubernetes_executor.py took 0.169 seconds
[2025-03-16T08:34:19.039+0000] {processor.py:154} INFO - Started process (PID=355) to work on /home/airflow/.local/lib/python3.7/site-packages/airflow/example_dags/example_kubernetes_executor.py
[2025-03-16T08:34:19.040+0000] {processor.py:756} INFO - Processing file /home/airflow/.local/lib/python3.7/site-packages/airflow/example_dags/example_kubernetes_executor.py for tasks to queue
[2025-03-16T08:34:19.041+0000] {logging_mixin.py:120} INFO - [2025-03-16T08:34:19.041+0000] {dagbag.py:537} INFO - Filling up the DagBag from /home/airflow/.local/lib/python3.7/site-packages/airflow/example_dags/example_kubernetes_executor.py
[2025-03-16T08:34:19.119+0000] {processor.py:766} INFO - DAG(s) dict_keys(['example_kubernetes_executor']) retrieved from /home/airflow/.local/lib/python3.7/site-packages/airflow/example_dags/example_kubernetes_executor.py
[2025-03-16T08:34:19.198+0000] {logging_mixin.py:120} INFO - [2025-03-16T08:34:19.197+0000] {dag.py:2585} INFO - Sync 1 DAGs
[2025-03-16T08:34:19.244+0000] {logging_mixin.py:120} INFO - [2025-03-16T08:34:19.244+0000] {dag.py:3340} INFO - Setting next_dagrun for example_kubernetes_executor to None, run_after=None
[2025-03-16T08:34:19.298+0000] {processor.py:176} INFO - Processing /home/airflow/.local/lib/python3.7/site-packages/airflow/example_dags/example_kubernetes_executor.py took 0.268 seconds
[2025-03-16T08:34:49.970+0000] {processor.py:154} INFO - Started process (PID=408) to work on /home/airflow/.local/lib/python3.7/site-packages/airflow/example_dags/example_kubernetes_executor.py
[2025-03-16T08:34:49.976+0000] {processor.py:756} INFO - Processing file /home/airflow/.local/lib/python3.7/site-packages/airflow/example_dags/example_kubernetes_executor.py for tasks to queue
[2025-03-16T08:34:49.977+0000] {logging_mixin.py:120} INFO - [2025-03-16T08:34:49.977+0000] {dagbag.py:537} INFO - Filling up the DagBag from /home/airflow/.local/lib/python3.7/site-packages/airflow/example_dags/example_kubernetes_executor.py
[2025-03-16T08:34:50.078+0000] {processor.py:766} INFO - DAG(s) dict_keys(['example_kubernetes_executor']) retrieved from /home/airflow/.local/lib/python3.7/site-packages/airflow/example_dags/example_kubernetes_executor.py
[2025-03-16T08:34:50.166+0000] {logging_mixin.py:120} INFO - [2025-03-16T08:34:50.166+0000] {dag.py:2585} INFO - Sync 1 DAGs
[2025-03-16T08:34:50.238+0000] {logging_mixin.py:120} INFO - [2025-03-16T08:34:50.238+0000] {dag.py:3340} INFO - Setting next_dagrun for example_kubernetes_executor to None, run_after=None
[2025-03-16T08:34:50.274+0000] {processor.py:176} INFO - Processing /home/airflow/.local/lib/python3.7/site-packages/airflow/example_dags/example_kubernetes_executor.py took 0.315 seconds
[2025-03-16T08:35:20.755+0000] {processor.py:154} INFO - Started process (PID=471) to work on /home/airflow/.local/lib/python3.7/site-packages/airflow/example_dags/example_kubernetes_executor.py
[2025-03-16T08:35:20.757+0000] {processor.py:756} INFO - Processing file /home/airflow/.local/lib/python3.7/site-packages/airflow/example_dags/example_kubernetes_executor.py for tasks to queue
[2025-03-16T08:35:20.758+0000] {logging_mixin.py:120} INFO - [2025-03-16T08:35:20.758+0000] {dagbag.py:537} INFO - Filling up the DagBag from /home/airflow/.local/lib/python3.7/site-packages/airflow/example_dags/example_kubernetes_executor.py
[2025-03-16T08:35:20.806+0000] {processor.py:766} INFO - DAG(s) dict_keys(['example_kubernetes_executor']) retrieved from /home/airflow/.local/lib/python3.7/site-packages/airflow/example_dags/example_kubernetes_executor.py
[2025-03-16T08:35:20.875+0000] {logging_mixin.py:120} INFO - [2025-03-16T08:35:20.875+0000] {dag.py:2585} INFO - Sync 1 DAGs
[2025-03-16T08:35:20.920+0000] {logging_mixin.py:120} INFO - [2025-03-16T08:35:20.919+0000] {dag.py:3340} INFO - Setting next_dagrun for example_kubernetes_executor to None, run_after=None
[2025-03-16T08:35:20.949+0000] {processor.py:176} INFO - Processing /home/airflow/.local/lib/python3.7/site-packages/airflow/example_dags/example_kubernetes_executor.py took 0.200 seconds
[2025-03-16T08:35:51.020+0000] {processor.py:154} INFO - Started process (PID=524) to work on /home/airflow/.local/lib/python3.7/site-packages/airflow/example_dags/example_kubernetes_executor.py
[2025-03-16T08:35:51.021+0000] {processor.py:756} INFO - Processing file /home/airflow/.local/lib/python3.7/site-packages/airflow/example_dags/example_kubernetes_executor.py for tasks to queue
[2025-03-16T08:35:51.022+0000] {logging_mixin.py:120} INFO - [2025-03-16T08:35:51.022+0000] {dagbag.py:537} INFO - Filling up the DagBag from /home/airflow/.local/lib/python3.7/site-packages/airflow/example_dags/example_kubernetes_executor.py
[2025-03-16T08:35:51.064+0000] {processor.py:766} INFO - DAG(s) dict_keys(['example_kubernetes_executor']) retrieved from /home/airflow/.local/lib/python3.7/site-packages/airflow/example_dags/example_kubernetes_executor.py
[2025-03-16T08:35:51.122+0000] {logging_mixin.py:120} INFO - [2025-03-16T08:35:51.122+0000] {dag.py:2585} INFO - Sync 1 DAGs
[2025-03-16T08:35:51.156+0000] {logging_mixin.py:120} INFO - [2025-03-16T08:35:51.156+0000] {dag.py:3340} INFO - Setting next_dagrun for example_kubernetes_executor to None, run_after=None
[2025-03-16T08:35:51.189+0000] {processor.py:176} INFO - Processing /home/airflow/.local/lib/python3.7/site-packages/airflow/example_dags/example_kubernetes_executor.py took 0.173 seconds
[2025-03-16T08:36:21.349+0000] {processor.py:154} INFO - Started process (PID=587) to work on /home/airflow/.local/lib/python3.7/site-packages/airflow/example_dags/example_kubernetes_executor.py
[2025-03-16T08:36:21.351+0000] {processor.py:756} INFO - Processing file /home/airflow/.local/lib/python3.7/site-packages/airflow/example_dags/example_kubernetes_executor.py for tasks to queue
[2025-03-16T08:36:21.352+0000] {logging_mixin.py:120} INFO - [2025-03-16T08:36:21.352+0000] {dagbag.py:537} INFO - Filling up the DagBag from /home/airflow/.local/lib/python3.7/site-packages/airflow/example_dags/example_kubernetes_executor.py
[2025-03-16T08:36:21.412+0000] {processor.py:766} INFO - DAG(s) dict_keys(['example_kubernetes_executor']) retrieved from /home/airflow/.local/lib/python3.7/site-packages/airflow/example_dags/example_kubernetes_executor.py
[2025-03-16T08:36:21.513+0000] {logging_mixin.py:120} INFO - [2025-03-16T08:36:21.513+0000] {dag.py:2585} INFO - Sync 1 DAGs
[2025-03-16T08:36:21.551+0000] {logging_mixin.py:120} INFO - [2025-03-16T08:36:21.551+0000] {dag.py:3340} INFO - Setting next_dagrun for example_kubernetes_executor to None, run_after=None
[2025-03-16T08:36:21.576+0000] {processor.py:176} INFO - Processing /home/airflow/.local/lib/python3.7/site-packages/airflow/example_dags/example_kubernetes_executor.py took 0.234 seconds
[2025-03-16T08:36:51.731+0000] {processor.py:154} INFO - Started process (PID=641) to work on /home/airflow/.local/lib/python3.7/site-packages/airflow/example_dags/example_kubernetes_executor.py
[2025-03-16T08:36:51.732+0000] {processor.py:756} INFO - Processing file /home/airflow/.local/lib/python3.7/site-packages/airflow/example_dags/example_kubernetes_executor.py for tasks to queue
[2025-03-16T08:36:51.734+0000] {logging_mixin.py:120} INFO - [2025-03-16T08:36:51.733+0000] {dagbag.py:537} INFO - Filling up the DagBag from /home/airflow/.local/lib/python3.7/site-packages/airflow/example_dags/example_kubernetes_executor.py
[2025-03-16T08:36:51.766+0000] {processor.py:766} INFO - DAG(s) dict_keys(['example_kubernetes_executor']) retrieved from /home/airflow/.local/lib/python3.7/site-packages/airflow/example_dags/example_kubernetes_executor.py
[2025-03-16T08:36:51.814+0000] {logging_mixin.py:120} INFO - [2025-03-16T08:36:51.814+0000] {dag.py:2585} INFO - Sync 1 DAGs
[2025-03-16T08:36:51.843+0000] {logging_mixin.py:120} INFO - [2025-03-16T08:36:51.843+0000] {dag.py:3340} INFO - Setting next_dagrun for example_kubernetes_executor to None, run_after=None
[2025-03-16T08:36:51.865+0000] {processor.py:176} INFO - Processing /home/airflow/.local/lib/python3.7/site-packages/airflow/example_dags/example_kubernetes_executor.py took 0.137 seconds
[2025-03-16T08:37:21.951+0000] {processor.py:154} INFO - Started process (PID=703) to work on /home/airflow/.local/lib/python3.7/site-packages/airflow/example_dags/example_kubernetes_executor.py
[2025-03-16T08:37:21.953+0000] {processor.py:756} INFO - Processing file /home/airflow/.local/lib/python3.7/site-packages/airflow/example_dags/example_kubernetes_executor.py for tasks to queue
[2025-03-16T08:37:21.955+0000] {logging_mixin.py:120} INFO - [2025-03-16T08:37:21.954+0000] {dagbag.py:537} INFO - Filling up the DagBag from /home/airflow/.local/lib/python3.7/site-packages/airflow/example_dags/example_kubernetes_executor.py
[2025-03-16T08:37:22.014+0000] {processor.py:766} INFO - DAG(s) dict_keys(['example_kubernetes_executor']) retrieved from /home/airflow/.local/lib/python3.7/site-packages/airflow/example_dags/example_kubernetes_executor.py
[2025-03-16T08:37:22.106+0000] {logging_mixin.py:120} INFO - [2025-03-16T08:37:22.106+0000] {dag.py:2585} INFO - Sync 1 DAGs
[2025-03-16T08:37:22.161+0000] {logging_mixin.py:120} INFO - [2025-03-16T08:37:22.161+0000] {dag.py:3340} INFO - Setting next_dagrun for example_kubernetes_executor to None, run_after=None
[2025-03-16T08:37:22.195+0000] {processor.py:176} INFO - Processing /home/airflow/.local/lib/python3.7/site-packages/airflow/example_dags/example_kubernetes_executor.py took 0.250 seconds
[2025-03-16T08:37:52.261+0000] {processor.py:154} INFO - Started process (PID=757) to work on /home/airflow/.local/lib/python3.7/site-packages/airflow/example_dags/example_kubernetes_executor.py
[2025-03-16T08:37:52.262+0000] {processor.py:756} INFO - Processing file /home/airflow/.local/lib/python3.7/site-packages/airflow/example_dags/example_kubernetes_executor.py for tasks to queue
[2025-03-16T08:37:52.263+0000] {logging_mixin.py:120} INFO - [2025-03-16T08:37:52.263+0000] {dagbag.py:537} INFO - Filling up the DagBag from /home/airflow/.local/lib/python3.7/site-packages/airflow/example_dags/example_kubernetes_executor.py
[2025-03-16T08:37:52.314+0000] {processor.py:766} INFO - DAG(s) dict_keys(['example_kubernetes_executor']) retrieved from /home/airflow/.local/lib/python3.7/site-packages/airflow/example_dags/example_kubernetes_executor.py
[2025-03-16T08:37:52.389+0000] {logging_mixin.py:120} INFO - [2025-03-16T08:37:52.388+0000] {dag.py:2585} INFO - Sync 1 DAGs
[2025-03-16T08:37:52.445+0000] {logging_mixin.py:120} INFO - [2025-03-16T08:37:52.444+0000] {dag.py:3340} INFO - Setting next_dagrun for example_kubernetes_executor to None, run_after=None
[2025-03-16T08:37:52.480+0000] {processor.py:176} INFO - Processing /home/airflow/.local/lib/python3.7/site-packages/airflow/example_dags/example_kubernetes_executor.py took 0.224 seconds
[2025-03-16T08:38:23.068+0000] {processor.py:154} INFO - Started process (PID=818) to work on /home/airflow/.local/lib/python3.7/site-packages/airflow/example_dags/example_kubernetes_executor.py
[2025-03-16T08:38:23.072+0000] {processor.py:756} INFO - Processing file /home/airflow/.local/lib/python3.7/site-packages/airflow/example_dags/example_kubernetes_executor.py for tasks to queue
[2025-03-16T08:38:23.073+0000] {logging_mixin.py:120} INFO - [2025-03-16T08:38:23.073+0000] {dagbag.py:537} INFO - Filling up the DagBag from /home/airflow/.local/lib/python3.7/site-packages/airflow/example_dags/example_kubernetes_executor.py
[2025-03-16T08:38:23.185+0000] {processor.py:766} INFO - DAG(s) dict_keys(['example_kubernetes_executor']) retrieved from /home/airflow/.local/lib/python3.7/site-packages/airflow/example_dags/example_kubernetes_executor.py
[2025-03-16T08:38:23.318+0000] {logging_mixin.py:120} INFO - [2025-03-16T08:38:23.318+0000] {dag.py:2585} INFO - Sync 1 DAGs
[2025-03-16T08:38:23.396+0000] {logging_mixin.py:120} INFO - [2025-03-16T08:38:23.396+0000] {dag.py:3340} INFO - Setting next_dagrun for example_kubernetes_executor to None, run_after=None
[2025-03-16T08:38:23.447+0000] {processor.py:176} INFO - Processing /home/airflow/.local/lib/python3.7/site-packages/airflow/example_dags/example_kubernetes_executor.py took 0.389 seconds
[2025-03-16T08:38:53.741+0000] {processor.py:154} INFO - Started process (PID=874) to work on /home/airflow/.local/lib/python3.7/site-packages/airflow/example_dags/example_kubernetes_executor.py
[2025-03-16T08:38:53.743+0000] {processor.py:756} INFO - Processing file /home/airflow/.local/lib/python3.7/site-packages/airflow/example_dags/example_kubernetes_executor.py for tasks to queue
[2025-03-16T08:38:53.745+0000] {logging_mixin.py:120} INFO - [2025-03-16T08:38:53.745+0000] {dagbag.py:537} INFO - Filling up the DagBag from /home/airflow/.local/lib/python3.7/site-packages/airflow/example_dags/example_kubernetes_executor.py
[2025-03-16T08:38:53.782+0000] {processor.py:766} INFO - DAG(s) dict_keys(['example_kubernetes_executor']) retrieved from /home/airflow/.local/lib/python3.7/site-packages/airflow/example_dags/example_kubernetes_executor.py
[2025-03-16T08:38:53.832+0000] {logging_mixin.py:120} INFO - [2025-03-16T08:38:53.832+0000] {dag.py:2585} INFO - Sync 1 DAGs
[2025-03-16T08:38:53.865+0000] {logging_mixin.py:120} INFO - [2025-03-16T08:38:53.865+0000] {dag.py:3340} INFO - Setting next_dagrun for example_kubernetes_executor to None, run_after=None
[2025-03-16T08:38:53.887+0000] {processor.py:176} INFO - Processing /home/airflow/.local/lib/python3.7/site-packages/airflow/example_dags/example_kubernetes_executor.py took 0.151 seconds
[2025-03-16T08:39:24.455+0000] {processor.py:154} INFO - Started process (PID=928) to work on /home/airflow/.local/lib/python3.7/site-packages/airflow/example_dags/example_kubernetes_executor.py
[2025-03-16T08:39:24.456+0000] {processor.py:756} INFO - Processing file /home/airflow/.local/lib/python3.7/site-packages/airflow/example_dags/example_kubernetes_executor.py for tasks to queue
[2025-03-16T08:39:24.457+0000] {logging_mixin.py:120} INFO - [2025-03-16T08:39:24.457+0000] {dagbag.py:537} INFO - Filling up the DagBag from /home/airflow/.local/lib/python3.7/site-packages/airflow/example_dags/example_kubernetes_executor.py
[2025-03-16T08:39:24.495+0000] {processor.py:766} INFO - DAG(s) dict_keys(['example_kubernetes_executor']) retrieved from /home/airflow/.local/lib/python3.7/site-packages/airflow/example_dags/example_kubernetes_executor.py
[2025-03-16T08:39:24.542+0000] {logging_mixin.py:120} INFO - [2025-03-16T08:39:24.542+0000] {dag.py:2585} INFO - Sync 1 DAGs
[2025-03-16T08:39:24.576+0000] {logging_mixin.py:120} INFO - [2025-03-16T08:39:24.575+0000] {dag.py:3340} INFO - Setting next_dagrun for example_kubernetes_executor to None, run_after=None
[2025-03-16T08:39:24.596+0000] {processor.py:176} INFO - Processing /home/airflow/.local/lib/python3.7/site-packages/airflow/example_dags/example_kubernetes_executor.py took 0.147 seconds
[2025-03-16T08:39:54.995+0000] {processor.py:154} INFO - Started process (PID=991) to work on /home/airflow/.local/lib/python3.7/site-packages/airflow/example_dags/example_kubernetes_executor.py
[2025-03-16T08:39:54.999+0000] {processor.py:756} INFO - Processing file /home/airflow/.local/lib/python3.7/site-packages/airflow/example_dags/example_kubernetes_executor.py for tasks to queue
[2025-03-16T08:39:55.000+0000] {logging_mixin.py:120} INFO - [2025-03-16T08:39:54.999+0000] {dagbag.py:537} INFO - Filling up the DagBag from /home/airflow/.local/lib/python3.7/site-packages/airflow/example_dags/example_kubernetes_executor.py
[2025-03-16T08:39:55.033+0000] {processor.py:766} INFO - DAG(s) dict_keys(['example_kubernetes_executor']) retrieved from /home/airflow/.local/lib/python3.7/site-packages/airflow/example_dags/example_kubernetes_executor.py
[2025-03-16T08:39:55.087+0000] {logging_mixin.py:120} INFO - [2025-03-16T08:39:55.085+0000] {dag.py:2585} INFO - Sync 1 DAGs
[2025-03-16T08:39:55.118+0000] {logging_mixin.py:120} INFO - [2025-03-16T08:39:55.118+0000] {dag.py:3340} INFO - Setting next_dagrun for example_kubernetes_executor to None, run_after=None
[2025-03-16T08:39:55.160+0000] {processor.py:176} INFO - Processing /home/airflow/.local/lib/python3.7/site-packages/airflow/example_dags/example_kubernetes_executor.py took 0.180 seconds
[2025-03-16T08:40:25.860+0000] {processor.py:154} INFO - Started process (PID=1045) to work on /home/airflow/.local/lib/python3.7/site-packages/airflow/example_dags/example_kubernetes_executor.py
[2025-03-16T08:40:25.861+0000] {processor.py:756} INFO - Processing file /home/airflow/.local/lib/python3.7/site-packages/airflow/example_dags/example_kubernetes_executor.py for tasks to queue
[2025-03-16T08:40:25.862+0000] {logging_mixin.py:120} INFO - [2025-03-16T08:40:25.862+0000] {dagbag.py:537} INFO - Filling up the DagBag from /home/airflow/.local/lib/python3.7/site-packages/airflow/example_dags/example_kubernetes_executor.py
[2025-03-16T08:40:25.918+0000] {processor.py:766} INFO - DAG(s) dict_keys(['example_kubernetes_executor']) retrieved from /home/airflow/.local/lib/python3.7/site-packages/airflow/example_dags/example_kubernetes_executor.py
[2025-03-16T08:40:25.999+0000] {logging_mixin.py:120} INFO - [2025-03-16T08:40:25.999+0000] {dag.py:2585} INFO - Sync 1 DAGs
[2025-03-16T08:40:26.061+0000] {logging_mixin.py:120} INFO - [2025-03-16T08:40:26.061+0000] {dag.py:3340} INFO - Setting next_dagrun for example_kubernetes_executor to None, run_after=None
[2025-03-16T08:40:26.092+0000] {processor.py:176} INFO - Processing /home/airflow/.local/lib/python3.7/site-packages/airflow/example_dags/example_kubernetes_executor.py took 0.239 seconds
[2025-03-16T08:40:56.191+0000] {processor.py:154} INFO - Started process (PID=1108) to work on /home/airflow/.local/lib/python3.7/site-packages/airflow/example_dags/example_kubernetes_executor.py
[2025-03-16T08:40:56.193+0000] {processor.py:756} INFO - Processing file /home/airflow/.local/lib/python3.7/site-packages/airflow/example_dags/example_kubernetes_executor.py for tasks to queue
[2025-03-16T08:40:56.194+0000] {logging_mixin.py:120} INFO - [2025-03-16T08:40:56.194+0000] {dagbag.py:537} INFO - Filling up the DagBag from /home/airflow/.local/lib/python3.7/site-packages/airflow/example_dags/example_kubernetes_executor.py
[2025-03-16T08:40:56.252+0000] {processor.py:766} INFO - DAG(s) dict_keys(['example_kubernetes_executor']) retrieved from /home/airflow/.local/lib/python3.7/site-packages/airflow/example_dags/example_kubernetes_executor.py
[2025-03-16T08:40:56.346+0000] {logging_mixin.py:120} INFO - [2025-03-16T08:40:56.345+0000] {dag.py:2585} INFO - Sync 1 DAGs
[2025-03-16T08:40:56.400+0000] {logging_mixin.py:120} INFO - [2025-03-16T08:40:56.400+0000] {dag.py:3340} INFO - Setting next_dagrun for example_kubernetes_executor to None, run_after=None
[2025-03-16T08:40:56.437+0000] {processor.py:176} INFO - Processing /home/airflow/.local/lib/python3.7/site-packages/airflow/example_dags/example_kubernetes_executor.py took 0.252 seconds
[2025-03-16T08:41:27.039+0000] {processor.py:154} INFO - Started process (PID=1162) to work on /home/airflow/.local/lib/python3.7/site-packages/airflow/example_dags/example_kubernetes_executor.py
[2025-03-16T08:41:27.043+0000] {processor.py:756} INFO - Processing file /home/airflow/.local/lib/python3.7/site-packages/airflow/example_dags/example_kubernetes_executor.py for tasks to queue
[2025-03-16T08:41:27.044+0000] {logging_mixin.py:120} INFO - [2025-03-16T08:41:27.043+0000] {dagbag.py:537} INFO - Filling up the DagBag from /home/airflow/.local/lib/python3.7/site-packages/airflow/example_dags/example_kubernetes_executor.py
[2025-03-16T08:41:27.133+0000] {processor.py:766} INFO - DAG(s) dict_keys(['example_kubernetes_executor']) retrieved from /home/airflow/.local/lib/python3.7/site-packages/airflow/example_dags/example_kubernetes_executor.py
[2025-03-16T08:41:27.253+0000] {logging_mixin.py:120} INFO - [2025-03-16T08:41:27.253+0000] {dag.py:2585} INFO - Sync 1 DAGs
[2025-03-16T08:41:27.305+0000] {logging_mixin.py:120} INFO - [2025-03-16T08:41:27.305+0000] {dag.py:3340} INFO - Setting next_dagrun for example_kubernetes_executor to None, run_after=None
[2025-03-16T08:41:27.330+0000] {processor.py:176} INFO - Processing /home/airflow/.local/lib/python3.7/site-packages/airflow/example_dags/example_kubernetes_executor.py took 0.296 seconds
[2025-03-16T08:41:57.686+0000] {processor.py:154} INFO - Started process (PID=1225) to work on /home/airflow/.local/lib/python3.7/site-packages/airflow/example_dags/example_kubernetes_executor.py
[2025-03-16T08:41:57.692+0000] {processor.py:756} INFO - Processing file /home/airflow/.local/lib/python3.7/site-packages/airflow/example_dags/example_kubernetes_executor.py for tasks to queue
[2025-03-16T08:41:57.693+0000] {logging_mixin.py:120} INFO - [2025-03-16T08:41:57.692+0000] {dagbag.py:537} INFO - Filling up the DagBag from /home/airflow/.local/lib/python3.7/site-packages/airflow/example_dags/example_kubernetes_executor.py
[2025-03-16T08:41:57.729+0000] {processor.py:766} INFO - DAG(s) dict_keys(['example_kubernetes_executor']) retrieved from /home/airflow/.local/lib/python3.7/site-packages/airflow/example_dags/example_kubernetes_executor.py
[2025-03-16T08:41:57.782+0000] {logging_mixin.py:120} INFO - [2025-03-16T08:41:57.782+0000] {dag.py:2585} INFO - Sync 1 DAGs
[2025-03-16T08:41:57.813+0000] {logging_mixin.py:120} INFO - [2025-03-16T08:41:57.813+0000] {dag.py:3340} INFO - Setting next_dagrun for example_kubernetes_executor to None, run_after=None
[2025-03-16T08:41:57.836+0000] {processor.py:176} INFO - Processing /home/airflow/.local/lib/python3.7/site-packages/airflow/example_dags/example_kubernetes_executor.py took 0.156 seconds
[2025-03-16T08:42:28.090+0000] {processor.py:154} INFO - Started process (PID=1279) to work on /home/airflow/.local/lib/python3.7/site-packages/airflow/example_dags/example_kubernetes_executor.py
[2025-03-16T08:42:28.092+0000] {processor.py:756} INFO - Processing file /home/airflow/.local/lib/python3.7/site-packages/airflow/example_dags/example_kubernetes_executor.py for tasks to queue
[2025-03-16T08:42:28.093+0000] {logging_mixin.py:120} INFO - [2025-03-16T08:42:28.092+0000] {dagbag.py:537} INFO - Filling up the DagBag from /home/airflow/.local/lib/python3.7/site-packages/airflow/example_dags/example_kubernetes_executor.py
[2025-03-16T08:42:28.135+0000] {processor.py:766} INFO - DAG(s) dict_keys(['example_kubernetes_executor']) retrieved from /home/airflow/.local/lib/python3.7/site-packages/airflow/example_dags/example_kubernetes_executor.py
[2025-03-16T08:42:28.204+0000] {logging_mixin.py:120} INFO - [2025-03-16T08:42:28.204+0000] {dag.py:2585} INFO - Sync 1 DAGs
[2025-03-16T08:42:28.239+0000] {logging_mixin.py:120} INFO - [2025-03-16T08:42:28.238+0000] {dag.py:3340} INFO - Setting next_dagrun for example_kubernetes_executor to None, run_after=None
[2025-03-16T08:42:28.264+0000] {processor.py:176} INFO - Processing /home/airflow/.local/lib/python3.7/site-packages/airflow/example_dags/example_kubernetes_executor.py took 0.180 seconds
[2025-03-16T08:42:58.524+0000] {processor.py:154} INFO - Started process (PID=1342) to work on /home/airflow/.local/lib/python3.7/site-packages/airflow/example_dags/example_kubernetes_executor.py
[2025-03-16T08:42:58.527+0000] {processor.py:756} INFO - Processing file /home/airflow/.local/lib/python3.7/site-packages/airflow/example_dags/example_kubernetes_executor.py for tasks to queue
[2025-03-16T08:42:58.528+0000] {logging_mixin.py:120} INFO - [2025-03-16T08:42:58.528+0000] {dagbag.py:537} INFO - Filling up the DagBag from /home/airflow/.local/lib/python3.7/site-packages/airflow/example_dags/example_kubernetes_executor.py
[2025-03-16T08:42:58.614+0000] {processor.py:766} INFO - DAG(s) dict_keys(['example_kubernetes_executor']) retrieved from /home/airflow/.local/lib/python3.7/site-packages/airflow/example_dags/example_kubernetes_executor.py
[2025-03-16T08:42:58.766+0000] {logging_mixin.py:120} INFO - [2025-03-16T08:42:58.766+0000] {dag.py:2585} INFO - Sync 1 DAGs
[2025-03-16T08:42:58.831+0000] {logging_mixin.py:120} INFO - [2025-03-16T08:42:58.830+0000] {dag.py:3340} INFO - Setting next_dagrun for example_kubernetes_executor to None, run_after=None
[2025-03-16T08:42:58.887+0000] {processor.py:176} INFO - Processing /home/airflow/.local/lib/python3.7/site-packages/airflow/example_dags/example_kubernetes_executor.py took 0.375 seconds
[2025-03-16T08:43:29.152+0000] {processor.py:154} INFO - Started process (PID=1396) to work on /home/airflow/.local/lib/python3.7/site-packages/airflow/example_dags/example_kubernetes_executor.py
[2025-03-16T08:43:29.153+0000] {processor.py:756} INFO - Processing file /home/airflow/.local/lib/python3.7/site-packages/airflow/example_dags/example_kubernetes_executor.py for tasks to queue
[2025-03-16T08:43:29.154+0000] {logging_mixin.py:120} INFO - [2025-03-16T08:43:29.154+0000] {dagbag.py:537} INFO - Filling up the DagBag from /home/airflow/.local/lib/python3.7/site-packages/airflow/example_dags/example_kubernetes_executor.py
[2025-03-16T08:43:29.228+0000] {processor.py:766} INFO - DAG(s) dict_keys(['example_kubernetes_executor']) retrieved from /home/airflow/.local/lib/python3.7/site-packages/airflow/example_dags/example_kubernetes_executor.py
[2025-03-16T08:43:29.303+0000] {logging_mixin.py:120} INFO - [2025-03-16T08:43:29.303+0000] {dag.py:2585} INFO - Sync 1 DAGs
[2025-03-16T08:43:29.338+0000] {logging_mixin.py:120} INFO - [2025-03-16T08:43:29.338+0000] {dag.py:3340} INFO - Setting next_dagrun for example_kubernetes_executor to None, run_after=None
[2025-03-16T08:43:29.361+0000] {processor.py:176} INFO - Processing /home/airflow/.local/lib/python3.7/site-packages/airflow/example_dags/example_kubernetes_executor.py took 0.217 seconds
[2025-03-16T08:43:59.565+0000] {processor.py:154} INFO - Started process (PID=1456) to work on /home/airflow/.local/lib/python3.7/site-packages/airflow/example_dags/example_kubernetes_executor.py
[2025-03-16T08:43:59.566+0000] {processor.py:756} INFO - Processing file /home/airflow/.local/lib/python3.7/site-packages/airflow/example_dags/example_kubernetes_executor.py for tasks to queue
[2025-03-16T08:43:59.567+0000] {logging_mixin.py:120} INFO - [2025-03-16T08:43:59.567+0000] {dagbag.py:537} INFO - Filling up the DagBag from /home/airflow/.local/lib/python3.7/site-packages/airflow/example_dags/example_kubernetes_executor.py
[2025-03-16T08:43:59.616+0000] {processor.py:766} INFO - DAG(s) dict_keys(['example_kubernetes_executor']) retrieved from /home/airflow/.local/lib/python3.7/site-packages/airflow/example_dags/example_kubernetes_executor.py
[2025-03-16T08:43:59.699+0000] {logging_mixin.py:120} INFO - [2025-03-16T08:43:59.699+0000] {dag.py:2585} INFO - Sync 1 DAGs
[2025-03-16T08:43:59.755+0000] {logging_mixin.py:120} INFO - [2025-03-16T08:43:59.755+0000] {dag.py:3340} INFO - Setting next_dagrun for example_kubernetes_executor to None, run_after=None
[2025-03-16T08:43:59.811+0000] {processor.py:176} INFO - Processing /home/airflow/.local/lib/python3.7/site-packages/airflow/example_dags/example_kubernetes_executor.py took 0.251 seconds
[2025-03-16T08:44:30.386+0000] {processor.py:154} INFO - Started process (PID=1514) to work on /home/airflow/.local/lib/python3.7/site-packages/airflow/example_dags/example_kubernetes_executor.py
[2025-03-16T08:44:30.387+0000] {processor.py:756} INFO - Processing file /home/airflow/.local/lib/python3.7/site-packages/airflow/example_dags/example_kubernetes_executor.py for tasks to queue
[2025-03-16T08:44:30.388+0000] {logging_mixin.py:120} INFO - [2025-03-16T08:44:30.388+0000] {dagbag.py:537} INFO - Filling up the DagBag from /home/airflow/.local/lib/python3.7/site-packages/airflow/example_dags/example_kubernetes_executor.py
[2025-03-16T08:44:30.429+0000] {processor.py:766} INFO - DAG(s) dict_keys(['example_kubernetes_executor']) retrieved from /home/airflow/.local/lib/python3.7/site-packages/airflow/example_dags/example_kubernetes_executor.py
[2025-03-16T08:44:30.489+0000] {logging_mixin.py:120} INFO - [2025-03-16T08:44:30.489+0000] {dag.py:2585} INFO - Sync 1 DAGs
[2025-03-16T08:44:30.521+0000] {logging_mixin.py:120} INFO - [2025-03-16T08:44:30.521+0000] {dag.py:3340} INFO - Setting next_dagrun for example_kubernetes_executor to None, run_after=None
[2025-03-16T08:44:30.544+0000] {processor.py:176} INFO - Processing /home/airflow/.local/lib/python3.7/site-packages/airflow/example_dags/example_kubernetes_executor.py took 0.162 seconds
[2025-03-16T08:45:01.056+0000] {processor.py:154} INFO - Started process (PID=1577) to work on /home/airflow/.local/lib/python3.7/site-packages/airflow/example_dags/example_kubernetes_executor.py
[2025-03-16T08:45:01.057+0000] {processor.py:756} INFO - Processing file /home/airflow/.local/lib/python3.7/site-packages/airflow/example_dags/example_kubernetes_executor.py for tasks to queue
[2025-03-16T08:45:01.058+0000] {logging_mixin.py:120} INFO - [2025-03-16T08:45:01.058+0000] {dagbag.py:537} INFO - Filling up the DagBag from /home/airflow/.local/lib/python3.7/site-packages/airflow/example_dags/example_kubernetes_executor.py
[2025-03-16T08:45:01.112+0000] {processor.py:766} INFO - DAG(s) dict_keys(['example_kubernetes_executor']) retrieved from /home/airflow/.local/lib/python3.7/site-packages/airflow/example_dags/example_kubernetes_executor.py
[2025-03-16T08:45:01.187+0000] {logging_mixin.py:120} INFO - [2025-03-16T08:45:01.187+0000] {dag.py:2585} INFO - Sync 1 DAGs
[2025-03-16T08:45:01.236+0000] {logging_mixin.py:120} INFO - [2025-03-16T08:45:01.236+0000] {dag.py:3340} INFO - Setting next_dagrun for example_kubernetes_executor to None, run_after=None
[2025-03-16T08:45:01.281+0000] {processor.py:176} INFO - Processing /home/airflow/.local/lib/python3.7/site-packages/airflow/example_dags/example_kubernetes_executor.py took 0.231 seconds
[2025-03-16T08:45:31.592+0000] {processor.py:154} INFO - Started process (PID=1631) to work on /home/airflow/.local/lib/python3.7/site-packages/airflow/example_dags/example_kubernetes_executor.py
[2025-03-16T08:45:31.593+0000] {processor.py:756} INFO - Processing file /home/airflow/.local/lib/python3.7/site-packages/airflow/example_dags/example_kubernetes_executor.py for tasks to queue
[2025-03-16T08:45:31.595+0000] {logging_mixin.py:120} INFO - [2025-03-16T08:45:31.594+0000] {dagbag.py:537} INFO - Filling up the DagBag from /home/airflow/.local/lib/python3.7/site-packages/airflow/example_dags/example_kubernetes_executor.py
[2025-03-16T08:45:31.653+0000] {processor.py:766} INFO - DAG(s) dict_keys(['example_kubernetes_executor']) retrieved from /home/airflow/.local/lib/python3.7/site-packages/airflow/example_dags/example_kubernetes_executor.py
[2025-03-16T08:45:31.720+0000] {logging_mixin.py:120} INFO - [2025-03-16T08:45:31.720+0000] {dag.py:2585} INFO - Sync 1 DAGs
[2025-03-16T08:45:31.754+0000] {logging_mixin.py:120} INFO - [2025-03-16T08:45:31.754+0000] {dag.py:3340} INFO - Setting next_dagrun for example_kubernetes_executor to None, run_after=None
[2025-03-16T08:45:31.779+0000] {processor.py:176} INFO - Processing /home/airflow/.local/lib/python3.7/site-packages/airflow/example_dags/example_kubernetes_executor.py took 0.194 seconds
[2025-03-16T08:46:02.720+0000] {processor.py:154} INFO - Started process (PID=1692) to work on /home/airflow/.local/lib/python3.7/site-packages/airflow/example_dags/example_kubernetes_executor.py
[2025-03-16T08:46:02.723+0000] {processor.py:756} INFO - Processing file /home/airflow/.local/lib/python3.7/site-packages/airflow/example_dags/example_kubernetes_executor.py for tasks to queue
[2025-03-16T08:46:02.724+0000] {logging_mixin.py:120} INFO - [2025-03-16T08:46:02.724+0000] {dagbag.py:537} INFO - Filling up the DagBag from /home/airflow/.local/lib/python3.7/site-packages/airflow/example_dags/example_kubernetes_executor.py
[2025-03-16T08:46:02.803+0000] {processor.py:766} INFO - DAG(s) dict_keys(['example_kubernetes_executor']) retrieved from /home/airflow/.local/lib/python3.7/site-packages/airflow/example_dags/example_kubernetes_executor.py
[2025-03-16T08:46:02.930+0000] {logging_mixin.py:120} INFO - [2025-03-16T08:46:02.929+0000] {dag.py:2585} INFO - Sync 1 DAGs
[2025-03-16T08:46:02.992+0000] {logging_mixin.py:120} INFO - [2025-03-16T08:46:02.992+0000] {dag.py:3340} INFO - Setting next_dagrun for example_kubernetes_executor to None, run_after=None
[2025-03-16T08:46:03.072+0000] {processor.py:176} INFO - Processing /home/airflow/.local/lib/python3.7/site-packages/airflow/example_dags/example_kubernetes_executor.py took 0.365 seconds
[2025-03-16T08:46:33.771+0000] {processor.py:154} INFO - Started process (PID=1748) to work on /home/airflow/.local/lib/python3.7/site-packages/airflow/example_dags/example_kubernetes_executor.py
[2025-03-16T08:46:33.772+0000] {processor.py:756} INFO - Processing file /home/airflow/.local/lib/python3.7/site-packages/airflow/example_dags/example_kubernetes_executor.py for tasks to queue
[2025-03-16T08:46:33.773+0000] {logging_mixin.py:120} INFO - [2025-03-16T08:46:33.773+0000] {dagbag.py:537} INFO - Filling up the DagBag from /home/airflow/.local/lib/python3.7/site-packages/airflow/example_dags/example_kubernetes_executor.py
[2025-03-16T08:46:33.818+0000] {processor.py:766} INFO - DAG(s) dict_keys(['example_kubernetes_executor']) retrieved from /home/airflow/.local/lib/python3.7/site-packages/airflow/example_dags/example_kubernetes_executor.py
[2025-03-16T08:46:33.886+0000] {logging_mixin.py:120} INFO - [2025-03-16T08:46:33.886+0000] {dag.py:2585} INFO - Sync 1 DAGs
[2025-03-16T08:46:33.930+0000] {logging_mixin.py:120} INFO - [2025-03-16T08:46:33.930+0000] {dag.py:3340} INFO - Setting next_dagrun for example_kubernetes_executor to None, run_after=None
[2025-03-16T08:46:33.959+0000] {processor.py:176} INFO - Processing /home/airflow/.local/lib/python3.7/site-packages/airflow/example_dags/example_kubernetes_executor.py took 0.193 seconds
[2025-03-16T08:47:04.400+0000] {processor.py:154} INFO - Started process (PID=1802) to work on /home/airflow/.local/lib/python3.7/site-packages/airflow/example_dags/example_kubernetes_executor.py
[2025-03-16T08:47:04.403+0000] {processor.py:756} INFO - Processing file /home/airflow/.local/lib/python3.7/site-packages/airflow/example_dags/example_kubernetes_executor.py for tasks to queue
[2025-03-16T08:47:04.405+0000] {logging_mixin.py:120} INFO - [2025-03-16T08:47:04.405+0000] {dagbag.py:537} INFO - Filling up the DagBag from /home/airflow/.local/lib/python3.7/site-packages/airflow/example_dags/example_kubernetes_executor.py
[2025-03-16T08:47:04.466+0000] {processor.py:766} INFO - DAG(s) dict_keys(['example_kubernetes_executor']) retrieved from /home/airflow/.local/lib/python3.7/site-packages/airflow/example_dags/example_kubernetes_executor.py
[2025-03-16T08:47:04.623+0000] {logging_mixin.py:120} INFO - [2025-03-16T08:47:04.622+0000] {dag.py:2585} INFO - Sync 1 DAGs
[2025-03-16T08:47:04.765+0000] {logging_mixin.py:120} INFO - [2025-03-16T08:47:04.764+0000] {dag.py:3340} INFO - Setting next_dagrun for example_kubernetes_executor to None, run_after=None
[2025-03-16T08:47:04.832+0000] {processor.py:176} INFO - Processing /home/airflow/.local/lib/python3.7/site-packages/airflow/example_dags/example_kubernetes_executor.py took 0.440 seconds
[2025-03-16T08:47:35.363+0000] {processor.py:154} INFO - Started process (PID=1865) to work on /home/airflow/.local/lib/python3.7/site-packages/airflow/example_dags/example_kubernetes_executor.py
[2025-03-16T08:47:35.364+0000] {processor.py:756} INFO - Processing file /home/airflow/.local/lib/python3.7/site-packages/airflow/example_dags/example_kubernetes_executor.py for tasks to queue
[2025-03-16T08:47:35.365+0000] {logging_mixin.py:120} INFO - [2025-03-16T08:47:35.365+0000] {dagbag.py:537} INFO - Filling up the DagBag from /home/airflow/.local/lib/python3.7/site-packages/airflow/example_dags/example_kubernetes_executor.py
[2025-03-16T08:47:35.418+0000] {processor.py:766} INFO - DAG(s) dict_keys(['example_kubernetes_executor']) retrieved from /home/airflow/.local/lib/python3.7/site-packages/airflow/example_dags/example_kubernetes_executor.py
[2025-03-16T08:47:35.522+0000] {logging_mixin.py:120} INFO - [2025-03-16T08:47:35.521+0000] {dag.py:2585} INFO - Sync 1 DAGs
[2025-03-16T08:47:35.588+0000] {logging_mixin.py:120} INFO - [2025-03-16T08:47:35.588+0000] {dag.py:3340} INFO - Setting next_dagrun for example_kubernetes_executor to None, run_after=None
[2025-03-16T08:47:35.621+0000] {processor.py:176} INFO - Processing /home/airflow/.local/lib/python3.7/site-packages/airflow/example_dags/example_kubernetes_executor.py took 0.263 seconds
[2025-03-16T08:48:05.883+0000] {processor.py:154} INFO - Started process (PID=1926) to work on /home/airflow/.local/lib/python3.7/site-packages/airflow/example_dags/example_kubernetes_executor.py
[2025-03-16T08:48:05.886+0000] {processor.py:756} INFO - Processing file /home/airflow/.local/lib/python3.7/site-packages/airflow/example_dags/example_kubernetes_executor.py for tasks to queue
[2025-03-16T08:48:05.887+0000] {logging_mixin.py:120} INFO - [2025-03-16T08:48:05.887+0000] {dagbag.py:537} INFO - Filling up the DagBag from /home/airflow/.local/lib/python3.7/site-packages/airflow/example_dags/example_kubernetes_executor.py
[2025-03-16T08:48:05.943+0000] {processor.py:766} INFO - DAG(s) dict_keys(['example_kubernetes_executor']) retrieved from /home/airflow/.local/lib/python3.7/site-packages/airflow/example_dags/example_kubernetes_executor.py
[2025-03-16T08:48:06.087+0000] {logging_mixin.py:120} INFO - [2025-03-16T08:48:06.086+0000] {dag.py:2585} INFO - Sync 1 DAGs
[2025-03-16T08:48:06.189+0000] {logging_mixin.py:120} INFO - [2025-03-16T08:48:06.189+0000] {dag.py:3340} INFO - Setting next_dagrun for example_kubernetes_executor to None, run_after=None
[2025-03-16T08:48:06.269+0000] {processor.py:176} INFO - Processing /home/airflow/.local/lib/python3.7/site-packages/airflow/example_dags/example_kubernetes_executor.py took 0.393 seconds
[2025-03-16T08:48:37.284+0000] {processor.py:154} INFO - Started process (PID=1981) to work on /home/airflow/.local/lib/python3.7/site-packages/airflow/example_dags/example_kubernetes_executor.py
[2025-03-16T08:48:37.286+0000] {processor.py:756} INFO - Processing file /home/airflow/.local/lib/python3.7/site-packages/airflow/example_dags/example_kubernetes_executor.py for tasks to queue
[2025-03-16T08:48:37.287+0000] {logging_mixin.py:120} INFO - [2025-03-16T08:48:37.287+0000] {dagbag.py:537} INFO - Filling up the DagBag from /home/airflow/.local/lib/python3.7/site-packages/airflow/example_dags/example_kubernetes_executor.py
[2025-03-16T08:48:37.354+0000] {processor.py:766} INFO - DAG(s) dict_keys(['example_kubernetes_executor']) retrieved from /home/airflow/.local/lib/python3.7/site-packages/airflow/example_dags/example_kubernetes_executor.py
[2025-03-16T08:48:37.443+0000] {logging_mixin.py:120} INFO - [2025-03-16T08:48:37.442+0000] {dag.py:2585} INFO - Sync 1 DAGs
[2025-03-16T08:48:37.522+0000] {logging_mixin.py:120} INFO - [2025-03-16T08:48:37.521+0000] {dag.py:3340} INFO - Setting next_dagrun for example_kubernetes_executor to None, run_after=None
[2025-03-16T08:48:37.595+0000] {processor.py:176} INFO - Processing /home/airflow/.local/lib/python3.7/site-packages/airflow/example_dags/example_kubernetes_executor.py took 0.322 seconds
[2025-03-16T08:49:08.286+0000] {processor.py:154} INFO - Started process (PID=2044) to work on /home/airflow/.local/lib/python3.7/site-packages/airflow/example_dags/example_kubernetes_executor.py
[2025-03-16T08:49:08.287+0000] {processor.py:756} INFO - Processing file /home/airflow/.local/lib/python3.7/site-packages/airflow/example_dags/example_kubernetes_executor.py for tasks to queue
[2025-03-16T08:49:08.288+0000] {logging_mixin.py:120} INFO - [2025-03-16T08:49:08.288+0000] {dagbag.py:537} INFO - Filling up the DagBag from /home/airflow/.local/lib/python3.7/site-packages/airflow/example_dags/example_kubernetes_executor.py
[2025-03-16T08:49:08.387+0000] {processor.py:766} INFO - DAG(s) dict_keys(['example_kubernetes_executor']) retrieved from /home/airflow/.local/lib/python3.7/site-packages/airflow/example_dags/example_kubernetes_executor.py
[2025-03-16T08:49:08.609+0000] {logging_mixin.py:120} INFO - [2025-03-16T08:49:08.608+0000] {dag.py:2585} INFO - Sync 1 DAGs
[2025-03-16T08:49:08.705+0000] {logging_mixin.py:120} INFO - [2025-03-16T08:49:08.705+0000] {dag.py:3340} INFO - Setting next_dagrun for example_kubernetes_executor to None, run_after=None
[2025-03-16T08:49:08.779+0000] {processor.py:176} INFO - Processing /home/airflow/.local/lib/python3.7/site-packages/airflow/example_dags/example_kubernetes_executor.py took 0.501 seconds
[2025-03-16T08:49:38.906+0000] {processor.py:154} INFO - Started process (PID=2098) to work on /home/airflow/.local/lib/python3.7/site-packages/airflow/example_dags/example_kubernetes_executor.py
[2025-03-16T08:49:38.909+0000] {processor.py:756} INFO - Processing file /home/airflow/.local/lib/python3.7/site-packages/airflow/example_dags/example_kubernetes_executor.py for tasks to queue
[2025-03-16T08:49:38.910+0000] {logging_mixin.py:120} INFO - [2025-03-16T08:49:38.910+0000] {dagbag.py:537} INFO - Filling up the DagBag from /home/airflow/.local/lib/python3.7/site-packages/airflow/example_dags/example_kubernetes_executor.py
[2025-03-16T08:49:38.943+0000] {processor.py:766} INFO - DAG(s) dict_keys(['example_kubernetes_executor']) retrieved from /home/airflow/.local/lib/python3.7/site-packages/airflow/example_dags/example_kubernetes_executor.py
[2025-03-16T08:49:39.020+0000] {logging_mixin.py:120} INFO - [2025-03-16T08:49:39.019+0000] {dag.py:2585} INFO - Sync 1 DAGs
[2025-03-16T08:49:39.064+0000] {logging_mixin.py:120} INFO - [2025-03-16T08:49:39.064+0000] {dag.py:3340} INFO - Setting next_dagrun for example_kubernetes_executor to None, run_after=None
[2025-03-16T08:49:39.099+0000] {processor.py:176} INFO - Processing /home/airflow/.local/lib/python3.7/site-packages/airflow/example_dags/example_kubernetes_executor.py took 0.199 seconds
[2025-03-16T08:50:09.881+0000] {processor.py:154} INFO - Started process (PID=2162) to work on /home/airflow/.local/lib/python3.7/site-packages/airflow/example_dags/example_kubernetes_executor.py
[2025-03-16T08:50:09.884+0000] {processor.py:756} INFO - Processing file /home/airflow/.local/lib/python3.7/site-packages/airflow/example_dags/example_kubernetes_executor.py for tasks to queue
[2025-03-16T08:50:09.885+0000] {logging_mixin.py:120} INFO - [2025-03-16T08:50:09.884+0000] {dagbag.py:537} INFO - Filling up the DagBag from /home/airflow/.local/lib/python3.7/site-packages/airflow/example_dags/example_kubernetes_executor.py
[2025-03-16T08:50:09.945+0000] {processor.py:766} INFO - DAG(s) dict_keys(['example_kubernetes_executor']) retrieved from /home/airflow/.local/lib/python3.7/site-packages/airflow/example_dags/example_kubernetes_executor.py
[2025-03-16T08:50:10.017+0000] {logging_mixin.py:120} INFO - [2025-03-16T08:50:10.016+0000] {dag.py:2585} INFO - Sync 1 DAGs
[2025-03-16T08:50:10.075+0000] {logging_mixin.py:120} INFO - [2025-03-16T08:50:10.074+0000] {dag.py:3340} INFO - Setting next_dagrun for example_kubernetes_executor to None, run_after=None
[2025-03-16T08:50:10.109+0000] {processor.py:176} INFO - Processing /home/airflow/.local/lib/python3.7/site-packages/airflow/example_dags/example_kubernetes_executor.py took 0.243 seconds
[2025-03-16T08:50:41.170+0000] {processor.py:154} INFO - Started process (PID=2216) to work on /home/airflow/.local/lib/python3.7/site-packages/airflow/example_dags/example_kubernetes_executor.py
[2025-03-16T08:50:41.174+0000] {processor.py:756} INFO - Processing file /home/airflow/.local/lib/python3.7/site-packages/airflow/example_dags/example_kubernetes_executor.py for tasks to queue
[2025-03-16T08:50:41.175+0000] {logging_mixin.py:120} INFO - [2025-03-16T08:50:41.175+0000] {dagbag.py:537} INFO - Filling up the DagBag from /home/airflow/.local/lib/python3.7/site-packages/airflow/example_dags/example_kubernetes_executor.py
[2025-03-16T08:50:41.239+0000] {processor.py:766} INFO - DAG(s) dict_keys(['example_kubernetes_executor']) retrieved from /home/airflow/.local/lib/python3.7/site-packages/airflow/example_dags/example_kubernetes_executor.py
[2025-03-16T08:50:41.328+0000] {logging_mixin.py:120} INFO - [2025-03-16T08:50:41.328+0000] {dag.py:2585} INFO - Sync 1 DAGs
[2025-03-16T08:50:41.385+0000] {logging_mixin.py:120} INFO - [2025-03-16T08:50:41.384+0000] {dag.py:3340} INFO - Setting next_dagrun for example_kubernetes_executor to None, run_after=None
[2025-03-16T08:50:41.429+0000] {processor.py:176} INFO - Processing /home/airflow/.local/lib/python3.7/site-packages/airflow/example_dags/example_kubernetes_executor.py took 0.265 seconds
[2025-03-16T08:51:11.489+0000] {processor.py:154} INFO - Started process (PID=2278) to work on /home/airflow/.local/lib/python3.7/site-packages/airflow/example_dags/example_kubernetes_executor.py
[2025-03-16T08:51:11.491+0000] {processor.py:756} INFO - Processing file /home/airflow/.local/lib/python3.7/site-packages/airflow/example_dags/example_kubernetes_executor.py for tasks to queue
[2025-03-16T08:51:11.491+0000] {logging_mixin.py:120} INFO - [2025-03-16T08:51:11.491+0000] {dagbag.py:537} INFO - Filling up the DagBag from /home/airflow/.local/lib/python3.7/site-packages/airflow/example_dags/example_kubernetes_executor.py
[2025-03-16T08:51:11.549+0000] {processor.py:766} INFO - DAG(s) dict_keys(['example_kubernetes_executor']) retrieved from /home/airflow/.local/lib/python3.7/site-packages/airflow/example_dags/example_kubernetes_executor.py
[2025-03-16T08:51:11.611+0000] {logging_mixin.py:120} INFO - [2025-03-16T08:51:11.611+0000] {dag.py:2585} INFO - Sync 1 DAGs
[2025-03-16T08:51:11.642+0000] {logging_mixin.py:120} INFO - [2025-03-16T08:51:11.642+0000] {dag.py:3340} INFO - Setting next_dagrun for example_kubernetes_executor to None, run_after=None
[2025-03-16T08:51:11.664+0000] {processor.py:176} INFO - Processing /home/airflow/.local/lib/python3.7/site-packages/airflow/example_dags/example_kubernetes_executor.py took 0.187 seconds
[2025-03-16T08:51:41.775+0000] {processor.py:154} INFO - Started process (PID=2332) to work on /home/airflow/.local/lib/python3.7/site-packages/airflow/example_dags/example_kubernetes_executor.py
[2025-03-16T08:51:41.776+0000] {processor.py:756} INFO - Processing file /home/airflow/.local/lib/python3.7/site-packages/airflow/example_dags/example_kubernetes_executor.py for tasks to queue
[2025-03-16T08:51:41.777+0000] {logging_mixin.py:120} INFO - [2025-03-16T08:51:41.777+0000] {dagbag.py:537} INFO - Filling up the DagBag from /home/airflow/.local/lib/python3.7/site-packages/airflow/example_dags/example_kubernetes_executor.py
[2025-03-16T08:51:41.815+0000] {processor.py:766} INFO - DAG(s) dict_keys(['example_kubernetes_executor']) retrieved from /home/airflow/.local/lib/python3.7/site-packages/airflow/example_dags/example_kubernetes_executor.py
[2025-03-16T08:51:41.867+0000] {logging_mixin.py:120} INFO - [2025-03-16T08:51:41.867+0000] {dag.py:2585} INFO - Sync 1 DAGs
[2025-03-16T08:51:41.908+0000] {logging_mixin.py:120} INFO - [2025-03-16T08:51:41.908+0000] {dag.py:3340} INFO - Setting next_dagrun for example_kubernetes_executor to None, run_after=None
[2025-03-16T08:51:41.948+0000] {processor.py:176} INFO - Processing /home/airflow/.local/lib/python3.7/site-packages/airflow/example_dags/example_kubernetes_executor.py took 0.176 seconds
[2025-03-16T08:52:12.588+0000] {processor.py:154} INFO - Started process (PID=2396) to work on /home/airflow/.local/lib/python3.7/site-packages/airflow/example_dags/example_kubernetes_executor.py
[2025-03-16T08:52:12.590+0000] {processor.py:756} INFO - Processing file /home/airflow/.local/lib/python3.7/site-packages/airflow/example_dags/example_kubernetes_executor.py for tasks to queue
[2025-03-16T08:52:12.591+0000] {logging_mixin.py:120} INFO - [2025-03-16T08:52:12.591+0000] {dagbag.py:537} INFO - Filling up the DagBag from /home/airflow/.local/lib/python3.7/site-packages/airflow/example_dags/example_kubernetes_executor.py
[2025-03-16T08:52:12.626+0000] {processor.py:766} INFO - DAG(s) dict_keys(['example_kubernetes_executor']) retrieved from /home/airflow/.local/lib/python3.7/site-packages/airflow/example_dags/example_kubernetes_executor.py
[2025-03-16T08:52:12.677+0000] {logging_mixin.py:120} INFO - [2025-03-16T08:52:12.677+0000] {dag.py:2585} INFO - Sync 1 DAGs
[2025-03-16T08:52:12.712+0000] {logging_mixin.py:120} INFO - [2025-03-16T08:52:12.712+0000] {dag.py:3340} INFO - Setting next_dagrun for example_kubernetes_executor to None, run_after=None
[2025-03-16T08:52:12.738+0000] {processor.py:176} INFO - Processing /home/airflow/.local/lib/python3.7/site-packages/airflow/example_dags/example_kubernetes_executor.py took 0.154 seconds
[2025-03-16T08:52:43.528+0000] {processor.py:154} INFO - Started process (PID=2450) to work on /home/airflow/.local/lib/python3.7/site-packages/airflow/example_dags/example_kubernetes_executor.py
[2025-03-16T08:52:43.530+0000] {processor.py:756} INFO - Processing file /home/airflow/.local/lib/python3.7/site-packages/airflow/example_dags/example_kubernetes_executor.py for tasks to queue
[2025-03-16T08:52:43.531+0000] {logging_mixin.py:120} INFO - [2025-03-16T08:52:43.530+0000] {dagbag.py:537} INFO - Filling up the DagBag from /home/airflow/.local/lib/python3.7/site-packages/airflow/example_dags/example_kubernetes_executor.py
[2025-03-16T08:52:43.564+0000] {processor.py:766} INFO - DAG(s) dict_keys(['example_kubernetes_executor']) retrieved from /home/airflow/.local/lib/python3.7/site-packages/airflow/example_dags/example_kubernetes_executor.py
[2025-03-16T08:52:43.625+0000] {logging_mixin.py:120} INFO - [2025-03-16T08:52:43.625+0000] {dag.py:2585} INFO - Sync 1 DAGs
[2025-03-16T08:52:43.662+0000] {logging_mixin.py:120} INFO - [2025-03-16T08:52:43.661+0000] {dag.py:3340} INFO - Setting next_dagrun for example_kubernetes_executor to None, run_after=None
[2025-03-16T08:52:43.688+0000] {processor.py:176} INFO - Processing /home/airflow/.local/lib/python3.7/site-packages/airflow/example_dags/example_kubernetes_executor.py took 0.165 seconds
[2025-03-16T08:53:13.756+0000] {processor.py:154} INFO - Started process (PID=2513) to work on /home/airflow/.local/lib/python3.7/site-packages/airflow/example_dags/example_kubernetes_executor.py
[2025-03-16T08:53:13.758+0000] {processor.py:756} INFO - Processing file /home/airflow/.local/lib/python3.7/site-packages/airflow/example_dags/example_kubernetes_executor.py for tasks to queue
[2025-03-16T08:53:13.759+0000] {logging_mixin.py:120} INFO - [2025-03-16T08:53:13.759+0000] {dagbag.py:537} INFO - Filling up the DagBag from /home/airflow/.local/lib/python3.7/site-packages/airflow/example_dags/example_kubernetes_executor.py
[2025-03-16T08:53:13.793+0000] {processor.py:766} INFO - DAG(s) dict_keys(['example_kubernetes_executor']) retrieved from /home/airflow/.local/lib/python3.7/site-packages/airflow/example_dags/example_kubernetes_executor.py
[2025-03-16T08:53:13.848+0000] {logging_mixin.py:120} INFO - [2025-03-16T08:53:13.847+0000] {dag.py:2585} INFO - Sync 1 DAGs
[2025-03-16T08:53:13.880+0000] {logging_mixin.py:120} INFO - [2025-03-16T08:53:13.880+0000] {dag.py:3340} INFO - Setting next_dagrun for example_kubernetes_executor to None, run_after=None
[2025-03-16T08:53:13.904+0000] {processor.py:176} INFO - Processing /home/airflow/.local/lib/python3.7/site-packages/airflow/example_dags/example_kubernetes_executor.py took 0.153 seconds
[2025-03-16T08:53:44.464+0000] {processor.py:154} INFO - Started process (PID=2568) to work on /home/airflow/.local/lib/python3.7/site-packages/airflow/example_dags/example_kubernetes_executor.py
[2025-03-16T08:53:44.465+0000] {processor.py:756} INFO - Processing file /home/airflow/.local/lib/python3.7/site-packages/airflow/example_dags/example_kubernetes_executor.py for tasks to queue
[2025-03-16T08:53:44.466+0000] {logging_mixin.py:120} INFO - [2025-03-16T08:53:44.465+0000] {dagbag.py:537} INFO - Filling up the DagBag from /home/airflow/.local/lib/python3.7/site-packages/airflow/example_dags/example_kubernetes_executor.py
[2025-03-16T08:53:44.514+0000] {processor.py:766} INFO - DAG(s) dict_keys(['example_kubernetes_executor']) retrieved from /home/airflow/.local/lib/python3.7/site-packages/airflow/example_dags/example_kubernetes_executor.py
[2025-03-16T08:53:44.585+0000] {logging_mixin.py:120} INFO - [2025-03-16T08:53:44.585+0000] {dag.py:2585} INFO - Sync 1 DAGs
[2025-03-16T08:53:44.622+0000] {logging_mixin.py:120} INFO - [2025-03-16T08:53:44.622+0000] {dag.py:3340} INFO - Setting next_dagrun for example_kubernetes_executor to None, run_after=None
[2025-03-16T08:53:44.657+0000] {processor.py:176} INFO - Processing /home/airflow/.local/lib/python3.7/site-packages/airflow/example_dags/example_kubernetes_executor.py took 0.198 seconds
[2025-03-16T08:54:14.749+0000] {processor.py:154} INFO - Started process (PID=2631) to work on /home/airflow/.local/lib/python3.7/site-packages/airflow/example_dags/example_kubernetes_executor.py
[2025-03-16T08:54:14.751+0000] {processor.py:756} INFO - Processing file /home/airflow/.local/lib/python3.7/site-packages/airflow/example_dags/example_kubernetes_executor.py for tasks to queue
[2025-03-16T08:54:14.752+0000] {logging_mixin.py:120} INFO - [2025-03-16T08:54:14.752+0000] {dagbag.py:537} INFO - Filling up the DagBag from /home/airflow/.local/lib/python3.7/site-packages/airflow/example_dags/example_kubernetes_executor.py
[2025-03-16T08:54:14.803+0000] {processor.py:766} INFO - DAG(s) dict_keys(['example_kubernetes_executor']) retrieved from /home/airflow/.local/lib/python3.7/site-packages/airflow/example_dags/example_kubernetes_executor.py
[2025-03-16T08:54:14.877+0000] {logging_mixin.py:120} INFO - [2025-03-16T08:54:14.877+0000] {dag.py:2585} INFO - Sync 1 DAGs
[2025-03-16T08:54:14.912+0000] {logging_mixin.py:120} INFO - [2025-03-16T08:54:14.912+0000] {dag.py:3340} INFO - Setting next_dagrun for example_kubernetes_executor to None, run_after=None
[2025-03-16T08:54:14.935+0000] {processor.py:176} INFO - Processing /home/airflow/.local/lib/python3.7/site-packages/airflow/example_dags/example_kubernetes_executor.py took 0.191 seconds
[2025-03-16T08:54:45.082+0000] {processor.py:154} INFO - Started process (PID=2684) to work on /home/airflow/.local/lib/python3.7/site-packages/airflow/example_dags/example_kubernetes_executor.py
[2025-03-16T08:54:45.083+0000] {processor.py:756} INFO - Processing file /home/airflow/.local/lib/python3.7/site-packages/airflow/example_dags/example_kubernetes_executor.py for tasks to queue
[2025-03-16T08:54:45.084+0000] {logging_mixin.py:120} INFO - [2025-03-16T08:54:45.084+0000] {dagbag.py:537} INFO - Filling up the DagBag from /home/airflow/.local/lib/python3.7/site-packages/airflow/example_dags/example_kubernetes_executor.py
[2025-03-16T08:54:45.139+0000] {processor.py:766} INFO - DAG(s) dict_keys(['example_kubernetes_executor']) retrieved from /home/airflow/.local/lib/python3.7/site-packages/airflow/example_dags/example_kubernetes_executor.py
[2025-03-16T08:54:45.223+0000] {logging_mixin.py:120} INFO - [2025-03-16T08:54:45.223+0000] {dag.py:2585} INFO - Sync 1 DAGs
[2025-03-16T08:54:45.273+0000] {logging_mixin.py:120} INFO - [2025-03-16T08:54:45.273+0000] {dag.py:3340} INFO - Setting next_dagrun for example_kubernetes_executor to None, run_after=None
[2025-03-16T08:54:45.299+0000] {processor.py:176} INFO - Processing /home/airflow/.local/lib/python3.7/site-packages/airflow/example_dags/example_kubernetes_executor.py took 0.223 seconds
[2025-03-16T08:55:15.923+0000] {processor.py:154} INFO - Started process (PID=2747) to work on /home/airflow/.local/lib/python3.7/site-packages/airflow/example_dags/example_kubernetes_executor.py
[2025-03-16T08:55:15.926+0000] {processor.py:756} INFO - Processing file /home/airflow/.local/lib/python3.7/site-packages/airflow/example_dags/example_kubernetes_executor.py for tasks to queue
[2025-03-16T08:55:15.927+0000] {logging_mixin.py:120} INFO - [2025-03-16T08:55:15.927+0000] {dagbag.py:537} INFO - Filling up the DagBag from /home/airflow/.local/lib/python3.7/site-packages/airflow/example_dags/example_kubernetes_executor.py
[2025-03-16T08:55:16.031+0000] {processor.py:766} INFO - DAG(s) dict_keys(['example_kubernetes_executor']) retrieved from /home/airflow/.local/lib/python3.7/site-packages/airflow/example_dags/example_kubernetes_executor.py
[2025-03-16T08:55:16.154+0000] {logging_mixin.py:120} INFO - [2025-03-16T08:55:16.154+0000] {dag.py:2585} INFO - Sync 1 DAGs
[2025-03-16T08:55:16.203+0000] {logging_mixin.py:120} INFO - [2025-03-16T08:55:16.203+0000] {dag.py:3340} INFO - Setting next_dagrun for example_kubernetes_executor to None, run_after=None
[2025-03-16T08:55:16.236+0000] {processor.py:176} INFO - Processing /home/airflow/.local/lib/python3.7/site-packages/airflow/example_dags/example_kubernetes_executor.py took 0.320 seconds
[2025-03-16T08:55:47.095+0000] {processor.py:154} INFO - Started process (PID=2800) to work on /home/airflow/.local/lib/python3.7/site-packages/airflow/example_dags/example_kubernetes_executor.py
[2025-03-16T08:55:47.096+0000] {processor.py:756} INFO - Processing file /home/airflow/.local/lib/python3.7/site-packages/airflow/example_dags/example_kubernetes_executor.py for tasks to queue
[2025-03-16T08:55:47.097+0000] {logging_mixin.py:120} INFO - [2025-03-16T08:55:47.097+0000] {dagbag.py:537} INFO - Filling up the DagBag from /home/airflow/.local/lib/python3.7/site-packages/airflow/example_dags/example_kubernetes_executor.py
[2025-03-16T08:55:47.131+0000] {processor.py:766} INFO - DAG(s) dict_keys(['example_kubernetes_executor']) retrieved from /home/airflow/.local/lib/python3.7/site-packages/airflow/example_dags/example_kubernetes_executor.py
[2025-03-16T08:55:47.190+0000] {logging_mixin.py:120} INFO - [2025-03-16T08:55:47.189+0000] {dag.py:2585} INFO - Sync 1 DAGs
[2025-03-16T08:55:47.222+0000] {logging_mixin.py:120} INFO - [2025-03-16T08:55:47.222+0000] {dag.py:3340} INFO - Setting next_dagrun for example_kubernetes_executor to None, run_after=None
[2025-03-16T08:55:47.246+0000] {processor.py:176} INFO - Processing /home/airflow/.local/lib/python3.7/site-packages/airflow/example_dags/example_kubernetes_executor.py took 0.156 seconds
[2025-03-16T08:56:17.865+0000] {processor.py:154} INFO - Started process (PID=2863) to work on /home/airflow/.local/lib/python3.7/site-packages/airflow/example_dags/example_kubernetes_executor.py
[2025-03-16T08:56:17.866+0000] {processor.py:756} INFO - Processing file /home/airflow/.local/lib/python3.7/site-packages/airflow/example_dags/example_kubernetes_executor.py for tasks to queue
[2025-03-16T08:56:17.866+0000] {logging_mixin.py:120} INFO - [2025-03-16T08:56:17.866+0000] {dagbag.py:537} INFO - Filling up the DagBag from /home/airflow/.local/lib/python3.7/site-packages/airflow/example_dags/example_kubernetes_executor.py
[2025-03-16T08:56:17.911+0000] {processor.py:766} INFO - DAG(s) dict_keys(['example_kubernetes_executor']) retrieved from /home/airflow/.local/lib/python3.7/site-packages/airflow/example_dags/example_kubernetes_executor.py
[2025-03-16T08:56:17.994+0000] {logging_mixin.py:120} INFO - [2025-03-16T08:56:17.994+0000] {dag.py:2585} INFO - Sync 1 DAGs
[2025-03-16T08:56:18.071+0000] {logging_mixin.py:120} INFO - [2025-03-16T08:56:18.071+0000] {dag.py:3340} INFO - Setting next_dagrun for example_kubernetes_executor to None, run_after=None
[2025-03-16T08:56:18.100+0000] {processor.py:176} INFO - Processing /home/airflow/.local/lib/python3.7/site-packages/airflow/example_dags/example_kubernetes_executor.py took 0.241 seconds
[2025-03-16T08:56:48.173+0000] {processor.py:154} INFO - Started process (PID=2917) to work on /home/airflow/.local/lib/python3.7/site-packages/airflow/example_dags/example_kubernetes_executor.py
[2025-03-16T08:56:48.174+0000] {processor.py:756} INFO - Processing file /home/airflow/.local/lib/python3.7/site-packages/airflow/example_dags/example_kubernetes_executor.py for tasks to queue
[2025-03-16T08:56:48.175+0000] {logging_mixin.py:120} INFO - [2025-03-16T08:56:48.175+0000] {dagbag.py:537} INFO - Filling up the DagBag from /home/airflow/.local/lib/python3.7/site-packages/airflow/example_dags/example_kubernetes_executor.py
[2025-03-16T08:56:48.208+0000] {processor.py:766} INFO - DAG(s) dict_keys(['example_kubernetes_executor']) retrieved from /home/airflow/.local/lib/python3.7/site-packages/airflow/example_dags/example_kubernetes_executor.py
[2025-03-16T08:56:48.256+0000] {logging_mixin.py:120} INFO - [2025-03-16T08:56:48.256+0000] {dag.py:2585} INFO - Sync 1 DAGs
[2025-03-16T08:56:48.311+0000] {logging_mixin.py:120} INFO - [2025-03-16T08:56:48.311+0000] {dag.py:3340} INFO - Setting next_dagrun for example_kubernetes_executor to None, run_after=None
[2025-03-16T08:56:48.334+0000] {processor.py:176} INFO - Processing /home/airflow/.local/lib/python3.7/site-packages/airflow/example_dags/example_kubernetes_executor.py took 0.165 seconds
