[2025-03-16T08:31:35.002+0000] {processor.py:154} INFO - Started process (PID=38) to work on /home/airflow/.local/lib/python3.7/site-packages/airflow/example_dags/example_branch_day_of_week_operator.py
[2025-03-16T08:31:35.003+0000] {processor.py:756} INFO - Processing file /home/airflow/.local/lib/python3.7/site-packages/airflow/example_dags/example_branch_day_of_week_operator.py for tasks to queue
[2025-03-16T08:31:35.004+0000] {logging_mixin.py:120} INFO - [2025-03-16T08:31:35.003+0000] {dagbag.py:537} INFO - Filling up the DagBag from /home/airflow/.local/lib/python3.7/site-packages/airflow/example_dags/example_branch_day_of_week_operator.py
[2025-03-16T08:31:35.031+0000] {processor.py:766} INFO - DAG(s) dict_keys(['example_weekday_branch_operator']) retrieved from /home/airflow/.local/lib/python3.7/site-packages/airflow/example_dags/example_branch_day_of_week_operator.py
[2025-03-16T08:31:35.267+0000] {logging_mixin.py:120} INFO - [2025-03-16T08:31:35.267+0000] {manager.py:507} INFO - Created Permission View: can read on DAG:example_weekday_branch_operator
[2025-03-16T08:31:35.297+0000] {logging_mixin.py:120} INFO - [2025-03-16T08:31:35.297+0000] {manager.py:507} INFO - Created Permission View: can edit on DAG:example_weekday_branch_operator
[2025-03-16T08:31:35.328+0000] {logging_mixin.py:120} INFO - [2025-03-16T08:31:35.328+0000] {manager.py:507} INFO - Created Permission View: can delete on DAG:example_weekday_branch_operator
[2025-03-16T08:31:35.329+0000] {logging_mixin.py:120} INFO - [2025-03-16T08:31:35.328+0000] {dag.py:2585} INFO - Sync 1 DAGs
[2025-03-16T08:31:35.403+0000] {logging_mixin.py:120} INFO - [2025-03-16T08:31:35.403+0000] {dag.py:2606} INFO - Creating ORM DAG for example_weekday_branch_operator
[2025-03-16T08:31:35.490+0000] {logging_mixin.py:120} INFO - [2025-03-16T08:31:35.485+0000] {dag.py:3340} INFO - Setting next_dagrun for example_weekday_branch_operator to 2025-03-15T00:00:00+00:00, run_after=2025-03-16T00:00:00+00:00
[2025-03-16T08:31:35.565+0000] {processor.py:176} INFO - Processing /home/airflow/.local/lib/python3.7/site-packages/airflow/example_dags/example_branch_day_of_week_operator.py took 0.569 seconds
[2025-03-16T08:32:06.263+0000] {processor.py:154} INFO - Started process (PID=92) to work on /home/airflow/.local/lib/python3.7/site-packages/airflow/example_dags/example_branch_day_of_week_operator.py
[2025-03-16T08:32:06.265+0000] {processor.py:756} INFO - Processing file /home/airflow/.local/lib/python3.7/site-packages/airflow/example_dags/example_branch_day_of_week_operator.py for tasks to queue
[2025-03-16T08:32:06.266+0000] {logging_mixin.py:120} INFO - [2025-03-16T08:32:06.266+0000] {dagbag.py:537} INFO - Filling up the DagBag from /home/airflow/.local/lib/python3.7/site-packages/airflow/example_dags/example_branch_day_of_week_operator.py
[2025-03-16T08:32:06.294+0000] {processor.py:766} INFO - DAG(s) dict_keys(['example_weekday_branch_operator']) retrieved from /home/airflow/.local/lib/python3.7/site-packages/airflow/example_dags/example_branch_day_of_week_operator.py
[2025-03-16T08:32:06.384+0000] {logging_mixin.py:120} INFO - [2025-03-16T08:32:06.384+0000] {dag.py:2585} INFO - Sync 1 DAGs
[2025-03-16T08:32:06.442+0000] {logging_mixin.py:120} INFO - [2025-03-16T08:32:06.442+0000] {dag.py:3340} INFO - Setting next_dagrun for example_weekday_branch_operator to 2025-03-15T00:00:00+00:00, run_after=2025-03-16T00:00:00+00:00
[2025-03-16T08:32:06.478+0000] {processor.py:176} INFO - Processing /home/airflow/.local/lib/python3.7/site-packages/airflow/example_dags/example_branch_day_of_week_operator.py took 0.221 seconds
[2025-03-16T08:32:37.268+0000] {processor.py:154} INFO - Started process (PID=156) to work on /home/airflow/.local/lib/python3.7/site-packages/airflow/example_dags/example_branch_day_of_week_operator.py
[2025-03-16T08:32:37.271+0000] {processor.py:756} INFO - Processing file /home/airflow/.local/lib/python3.7/site-packages/airflow/example_dags/example_branch_day_of_week_operator.py for tasks to queue
[2025-03-16T08:32:37.275+0000] {logging_mixin.py:120} INFO - [2025-03-16T08:32:37.274+0000] {dagbag.py:537} INFO - Filling up the DagBag from /home/airflow/.local/lib/python3.7/site-packages/airflow/example_dags/example_branch_day_of_week_operator.py
[2025-03-16T08:32:37.331+0000] {processor.py:766} INFO - DAG(s) dict_keys(['example_weekday_branch_operator']) retrieved from /home/airflow/.local/lib/python3.7/site-packages/airflow/example_dags/example_branch_day_of_week_operator.py
[2025-03-16T08:32:37.493+0000] {logging_mixin.py:120} INFO - [2025-03-16T08:32:37.493+0000] {dag.py:2585} INFO - Sync 1 DAGs
[2025-03-16T08:32:37.654+0000] {logging_mixin.py:120} INFO - [2025-03-16T08:32:37.654+0000] {dag.py:3340} INFO - Setting next_dagrun for example_weekday_branch_operator to 2025-03-15T00:00:00+00:00, run_after=2025-03-16T00:00:00+00:00
[2025-03-16T08:32:37.706+0000] {processor.py:176} INFO - Processing /home/airflow/.local/lib/python3.7/site-packages/airflow/example_dags/example_branch_day_of_week_operator.py took 0.448 seconds
[2025-03-16T08:33:08.296+0000] {processor.py:154} INFO - Started process (PID=209) to work on /home/airflow/.local/lib/python3.7/site-packages/airflow/example_dags/example_branch_day_of_week_operator.py
[2025-03-16T08:33:08.297+0000] {processor.py:756} INFO - Processing file /home/airflow/.local/lib/python3.7/site-packages/airflow/example_dags/example_branch_day_of_week_operator.py for tasks to queue
[2025-03-16T08:33:08.300+0000] {logging_mixin.py:120} INFO - [2025-03-16T08:33:08.298+0000] {dagbag.py:537} INFO - Filling up the DagBag from /home/airflow/.local/lib/python3.7/site-packages/airflow/example_dags/example_branch_day_of_week_operator.py
[2025-03-16T08:33:08.354+0000] {processor.py:766} INFO - DAG(s) dict_keys(['example_weekday_branch_operator']) retrieved from /home/airflow/.local/lib/python3.7/site-packages/airflow/example_dags/example_branch_day_of_week_operator.py
[2025-03-16T08:33:08.452+0000] {logging_mixin.py:120} INFO - [2025-03-16T08:33:08.452+0000] {dag.py:2585} INFO - Sync 1 DAGs
[2025-03-16T08:33:08.507+0000] {logging_mixin.py:120} INFO - [2025-03-16T08:33:08.507+0000] {dag.py:3340} INFO - Setting next_dagrun for example_weekday_branch_operator to 2025-03-15T00:00:00+00:00, run_after=2025-03-16T00:00:00+00:00
[2025-03-16T08:33:08.539+0000] {processor.py:176} INFO - Processing /home/airflow/.local/lib/python3.7/site-packages/airflow/example_dags/example_branch_day_of_week_operator.py took 0.250 seconds
[2025-03-16T08:33:38.720+0000] {processor.py:154} INFO - Started process (PID=272) to work on /home/airflow/.local/lib/python3.7/site-packages/airflow/example_dags/example_branch_day_of_week_operator.py
[2025-03-16T08:33:38.724+0000] {processor.py:756} INFO - Processing file /home/airflow/.local/lib/python3.7/site-packages/airflow/example_dags/example_branch_day_of_week_operator.py for tasks to queue
[2025-03-16T08:33:38.727+0000] {logging_mixin.py:120} INFO - [2025-03-16T08:33:38.725+0000] {dagbag.py:537} INFO - Filling up the DagBag from /home/airflow/.local/lib/python3.7/site-packages/airflow/example_dags/example_branch_day_of_week_operator.py
[2025-03-16T08:33:38.792+0000] {processor.py:766} INFO - DAG(s) dict_keys(['example_weekday_branch_operator']) retrieved from /home/airflow/.local/lib/python3.7/site-packages/airflow/example_dags/example_branch_day_of_week_operator.py
[2025-03-16T08:33:38.962+0000] {logging_mixin.py:120} INFO - [2025-03-16T08:33:38.961+0000] {dag.py:2585} INFO - Sync 1 DAGs
[2025-03-16T08:33:39.079+0000] {logging_mixin.py:120} INFO - [2025-03-16T08:33:39.079+0000] {dag.py:3340} INFO - Setting next_dagrun for example_weekday_branch_operator to 2025-03-15T00:00:00+00:00, run_after=2025-03-16T00:00:00+00:00
[2025-03-16T08:33:39.181+0000] {processor.py:176} INFO - Processing /home/airflow/.local/lib/python3.7/site-packages/airflow/example_dags/example_branch_day_of_week_operator.py took 0.473 seconds
[2025-03-16T08:34:09.325+0000] {processor.py:154} INFO - Started process (PID=327) to work on /home/airflow/.local/lib/python3.7/site-packages/airflow/example_dags/example_branch_day_of_week_operator.py
[2025-03-16T08:34:09.326+0000] {processor.py:756} INFO - Processing file /home/airflow/.local/lib/python3.7/site-packages/airflow/example_dags/example_branch_day_of_week_operator.py for tasks to queue
[2025-03-16T08:34:09.326+0000] {logging_mixin.py:120} INFO - [2025-03-16T08:34:09.326+0000] {dagbag.py:537} INFO - Filling up the DagBag from /home/airflow/.local/lib/python3.7/site-packages/airflow/example_dags/example_branch_day_of_week_operator.py
[2025-03-16T08:34:09.346+0000] {processor.py:766} INFO - DAG(s) dict_keys(['example_weekday_branch_operator']) retrieved from /home/airflow/.local/lib/python3.7/site-packages/airflow/example_dags/example_branch_day_of_week_operator.py
[2025-03-16T08:34:09.396+0000] {logging_mixin.py:120} INFO - [2025-03-16T08:34:09.396+0000] {dag.py:2585} INFO - Sync 1 DAGs
[2025-03-16T08:34:09.435+0000] {logging_mixin.py:120} INFO - [2025-03-16T08:34:09.435+0000] {dag.py:3340} INFO - Setting next_dagrun for example_weekday_branch_operator to 2025-03-15T00:00:00+00:00, run_after=2025-03-16T00:00:00+00:00
[2025-03-16T08:34:09.471+0000] {processor.py:176} INFO - Processing /home/airflow/.local/lib/python3.7/site-packages/airflow/example_dags/example_branch_day_of_week_operator.py took 0.150 seconds
[2025-03-16T08:34:39.856+0000] {processor.py:154} INFO - Started process (PID=389) to work on /home/airflow/.local/lib/python3.7/site-packages/airflow/example_dags/example_branch_day_of_week_operator.py
[2025-03-16T08:34:39.859+0000] {processor.py:756} INFO - Processing file /home/airflow/.local/lib/python3.7/site-packages/airflow/example_dags/example_branch_day_of_week_operator.py for tasks to queue
[2025-03-16T08:34:39.860+0000] {logging_mixin.py:120} INFO - [2025-03-16T08:34:39.860+0000] {dagbag.py:537} INFO - Filling up the DagBag from /home/airflow/.local/lib/python3.7/site-packages/airflow/example_dags/example_branch_day_of_week_operator.py
[2025-03-16T08:34:39.927+0000] {processor.py:766} INFO - DAG(s) dict_keys(['example_weekday_branch_operator']) retrieved from /home/airflow/.local/lib/python3.7/site-packages/airflow/example_dags/example_branch_day_of_week_operator.py
[2025-03-16T08:34:40.049+0000] {logging_mixin.py:120} INFO - [2025-03-16T08:34:40.049+0000] {dag.py:2585} INFO - Sync 1 DAGs
[2025-03-16T08:34:40.133+0000] {logging_mixin.py:120} INFO - [2025-03-16T08:34:40.133+0000] {dag.py:3340} INFO - Setting next_dagrun for example_weekday_branch_operator to 2025-03-15T00:00:00+00:00, run_after=2025-03-16T00:00:00+00:00
[2025-03-16T08:34:40.208+0000] {processor.py:176} INFO - Processing /home/airflow/.local/lib/python3.7/site-packages/airflow/example_dags/example_branch_day_of_week_operator.py took 0.364 seconds
[2025-03-16T08:35:10.780+0000] {processor.py:154} INFO - Started process (PID=443) to work on /home/airflow/.local/lib/python3.7/site-packages/airflow/example_dags/example_branch_day_of_week_operator.py
[2025-03-16T08:35:10.784+0000] {processor.py:756} INFO - Processing file /home/airflow/.local/lib/python3.7/site-packages/airflow/example_dags/example_branch_day_of_week_operator.py for tasks to queue
[2025-03-16T08:35:10.785+0000] {logging_mixin.py:120} INFO - [2025-03-16T08:35:10.784+0000] {dagbag.py:537} INFO - Filling up the DagBag from /home/airflow/.local/lib/python3.7/site-packages/airflow/example_dags/example_branch_day_of_week_operator.py
[2025-03-16T08:35:10.811+0000] {processor.py:766} INFO - DAG(s) dict_keys(['example_weekday_branch_operator']) retrieved from /home/airflow/.local/lib/python3.7/site-packages/airflow/example_dags/example_branch_day_of_week_operator.py
[2025-03-16T08:35:10.883+0000] {logging_mixin.py:120} INFO - [2025-03-16T08:35:10.882+0000] {dag.py:2585} INFO - Sync 1 DAGs
[2025-03-16T08:35:10.932+0000] {logging_mixin.py:120} INFO - [2025-03-16T08:35:10.931+0000] {dag.py:3340} INFO - Setting next_dagrun for example_weekday_branch_operator to 2025-03-15T00:00:00+00:00, run_after=2025-03-16T00:00:00+00:00
[2025-03-16T08:35:10.960+0000] {processor.py:176} INFO - Processing /home/airflow/.local/lib/python3.7/site-packages/airflow/example_dags/example_branch_day_of_week_operator.py took 0.188 seconds
[2025-03-16T08:35:41.041+0000] {processor.py:154} INFO - Started process (PID=497) to work on /home/airflow/.local/lib/python3.7/site-packages/airflow/example_dags/example_branch_day_of_week_operator.py
[2025-03-16T08:35:41.043+0000] {processor.py:756} INFO - Processing file /home/airflow/.local/lib/python3.7/site-packages/airflow/example_dags/example_branch_day_of_week_operator.py for tasks to queue
[2025-03-16T08:35:41.044+0000] {logging_mixin.py:120} INFO - [2025-03-16T08:35:41.043+0000] {dagbag.py:537} INFO - Filling up the DagBag from /home/airflow/.local/lib/python3.7/site-packages/airflow/example_dags/example_branch_day_of_week_operator.py
[2025-03-16T08:35:41.085+0000] {processor.py:766} INFO - DAG(s) dict_keys(['example_weekday_branch_operator']) retrieved from /home/airflow/.local/lib/python3.7/site-packages/airflow/example_dags/example_branch_day_of_week_operator.py
[2025-03-16T08:35:41.153+0000] {logging_mixin.py:120} INFO - [2025-03-16T08:35:41.153+0000] {dag.py:2585} INFO - Sync 1 DAGs
[2025-03-16T08:35:41.201+0000] {logging_mixin.py:120} INFO - [2025-03-16T08:35:41.200+0000] {dag.py:3340} INFO - Setting next_dagrun for example_weekday_branch_operator to 2025-03-15T00:00:00+00:00, run_after=2025-03-16T00:00:00+00:00
[2025-03-16T08:35:41.248+0000] {processor.py:176} INFO - Processing /home/airflow/.local/lib/python3.7/site-packages/airflow/example_dags/example_branch_day_of_week_operator.py took 0.213 seconds
[2025-03-16T08:36:12.081+0000] {processor.py:154} INFO - Started process (PID=560) to work on /home/airflow/.local/lib/python3.7/site-packages/airflow/example_dags/example_branch_day_of_week_operator.py
[2025-03-16T08:36:12.084+0000] {processor.py:756} INFO - Processing file /home/airflow/.local/lib/python3.7/site-packages/airflow/example_dags/example_branch_day_of_week_operator.py for tasks to queue
[2025-03-16T08:36:12.086+0000] {logging_mixin.py:120} INFO - [2025-03-16T08:36:12.086+0000] {dagbag.py:537} INFO - Filling up the DagBag from /home/airflow/.local/lib/python3.7/site-packages/airflow/example_dags/example_branch_day_of_week_operator.py
[2025-03-16T08:36:12.119+0000] {processor.py:766} INFO - DAG(s) dict_keys(['example_weekday_branch_operator']) retrieved from /home/airflow/.local/lib/python3.7/site-packages/airflow/example_dags/example_branch_day_of_week_operator.py
[2025-03-16T08:36:12.198+0000] {logging_mixin.py:120} INFO - [2025-03-16T08:36:12.198+0000] {dag.py:2585} INFO - Sync 1 DAGs
[2025-03-16T08:36:12.257+0000] {logging_mixin.py:120} INFO - [2025-03-16T08:36:12.257+0000] {dag.py:3340} INFO - Setting next_dagrun for example_weekday_branch_operator to 2025-03-15T00:00:00+00:00, run_after=2025-03-16T00:00:00+00:00
[2025-03-16T08:36:12.289+0000] {processor.py:176} INFO - Processing /home/airflow/.local/lib/python3.7/site-packages/airflow/example_dags/example_branch_day_of_week_operator.py took 0.229 seconds
[2025-03-16T08:36:42.873+0000] {processor.py:154} INFO - Started process (PID=614) to work on /home/airflow/.local/lib/python3.7/site-packages/airflow/example_dags/example_branch_day_of_week_operator.py
[2025-03-16T08:36:42.874+0000] {processor.py:756} INFO - Processing file /home/airflow/.local/lib/python3.7/site-packages/airflow/example_dags/example_branch_day_of_week_operator.py for tasks to queue
[2025-03-16T08:36:42.875+0000] {logging_mixin.py:120} INFO - [2025-03-16T08:36:42.874+0000] {dagbag.py:537} INFO - Filling up the DagBag from /home/airflow/.local/lib/python3.7/site-packages/airflow/example_dags/example_branch_day_of_week_operator.py
[2025-03-16T08:36:42.912+0000] {processor.py:766} INFO - DAG(s) dict_keys(['example_weekday_branch_operator']) retrieved from /home/airflow/.local/lib/python3.7/site-packages/airflow/example_dags/example_branch_day_of_week_operator.py
[2025-03-16T08:36:42.986+0000] {logging_mixin.py:120} INFO - [2025-03-16T08:36:42.986+0000] {dag.py:2585} INFO - Sync 1 DAGs
[2025-03-16T08:36:43.038+0000] {logging_mixin.py:120} INFO - [2025-03-16T08:36:43.038+0000] {dag.py:3340} INFO - Setting next_dagrun for example_weekday_branch_operator to 2025-03-15T00:00:00+00:00, run_after=2025-03-16T00:00:00+00:00
[2025-03-16T08:36:43.067+0000] {processor.py:176} INFO - Processing /home/airflow/.local/lib/python3.7/site-packages/airflow/example_dags/example_branch_day_of_week_operator.py took 0.200 seconds
[2025-03-16T08:37:13.439+0000] {processor.py:154} INFO - Started process (PID=676) to work on /home/airflow/.local/lib/python3.7/site-packages/airflow/example_dags/example_branch_day_of_week_operator.py
[2025-03-16T08:37:13.441+0000] {processor.py:756} INFO - Processing file /home/airflow/.local/lib/python3.7/site-packages/airflow/example_dags/example_branch_day_of_week_operator.py for tasks to queue
[2025-03-16T08:37:13.442+0000] {logging_mixin.py:120} INFO - [2025-03-16T08:37:13.442+0000] {dagbag.py:537} INFO - Filling up the DagBag from /home/airflow/.local/lib/python3.7/site-packages/airflow/example_dags/example_branch_day_of_week_operator.py
[2025-03-16T08:37:13.474+0000] {processor.py:766} INFO - DAG(s) dict_keys(['example_weekday_branch_operator']) retrieved from /home/airflow/.local/lib/python3.7/site-packages/airflow/example_dags/example_branch_day_of_week_operator.py
[2025-03-16T08:37:13.545+0000] {logging_mixin.py:120} INFO - [2025-03-16T08:37:13.545+0000] {dag.py:2585} INFO - Sync 1 DAGs
[2025-03-16T08:37:13.603+0000] {logging_mixin.py:120} INFO - [2025-03-16T08:37:13.602+0000] {dag.py:3340} INFO - Setting next_dagrun for example_weekday_branch_operator to 2025-03-15T00:00:00+00:00, run_after=2025-03-16T00:00:00+00:00
[2025-03-16T08:37:13.644+0000] {processor.py:176} INFO - Processing /home/airflow/.local/lib/python3.7/site-packages/airflow/example_dags/example_branch_day_of_week_operator.py took 0.212 seconds
[2025-03-16T08:37:44.412+0000] {processor.py:154} INFO - Started process (PID=730) to work on /home/airflow/.local/lib/python3.7/site-packages/airflow/example_dags/example_branch_day_of_week_operator.py
[2025-03-16T08:37:44.413+0000] {processor.py:756} INFO - Processing file /home/airflow/.local/lib/python3.7/site-packages/airflow/example_dags/example_branch_day_of_week_operator.py for tasks to queue
[2025-03-16T08:37:44.414+0000] {logging_mixin.py:120} INFO - [2025-03-16T08:37:44.414+0000] {dagbag.py:537} INFO - Filling up the DagBag from /home/airflow/.local/lib/python3.7/site-packages/airflow/example_dags/example_branch_day_of_week_operator.py
[2025-03-16T08:37:44.447+0000] {processor.py:766} INFO - DAG(s) dict_keys(['example_weekday_branch_operator']) retrieved from /home/airflow/.local/lib/python3.7/site-packages/airflow/example_dags/example_branch_day_of_week_operator.py
[2025-03-16T08:37:44.526+0000] {logging_mixin.py:120} INFO - [2025-03-16T08:37:44.526+0000] {dag.py:2585} INFO - Sync 1 DAGs
[2025-03-16T08:37:44.586+0000] {logging_mixin.py:120} INFO - [2025-03-16T08:37:44.585+0000] {dag.py:3340} INFO - Setting next_dagrun for example_weekday_branch_operator to 2025-03-15T00:00:00+00:00, run_after=2025-03-16T00:00:00+00:00
[2025-03-16T08:37:44.619+0000] {processor.py:176} INFO - Processing /home/airflow/.local/lib/python3.7/site-packages/airflow/example_dags/example_branch_day_of_week_operator.py took 0.215 seconds
[2025-03-16T08:38:14.902+0000] {processor.py:154} INFO - Started process (PID=794) to work on /home/airflow/.local/lib/python3.7/site-packages/airflow/example_dags/example_branch_day_of_week_operator.py
[2025-03-16T08:38:14.904+0000] {processor.py:756} INFO - Processing file /home/airflow/.local/lib/python3.7/site-packages/airflow/example_dags/example_branch_day_of_week_operator.py for tasks to queue
[2025-03-16T08:38:14.905+0000] {logging_mixin.py:120} INFO - [2025-03-16T08:38:14.905+0000] {dagbag.py:537} INFO - Filling up the DagBag from /home/airflow/.local/lib/python3.7/site-packages/airflow/example_dags/example_branch_day_of_week_operator.py
[2025-03-16T08:38:14.932+0000] {processor.py:766} INFO - DAG(s) dict_keys(['example_weekday_branch_operator']) retrieved from /home/airflow/.local/lib/python3.7/site-packages/airflow/example_dags/example_branch_day_of_week_operator.py
[2025-03-16T08:38:15.000+0000] {logging_mixin.py:120} INFO - [2025-03-16T08:38:15.000+0000] {dag.py:2585} INFO - Sync 1 DAGs
[2025-03-16T08:38:15.052+0000] {logging_mixin.py:120} INFO - [2025-03-16T08:38:15.051+0000] {dag.py:3340} INFO - Setting next_dagrun for example_weekday_branch_operator to 2025-03-15T00:00:00+00:00, run_after=2025-03-16T00:00:00+00:00
[2025-03-16T08:38:15.081+0000] {processor.py:176} INFO - Processing /home/airflow/.local/lib/python3.7/site-packages/airflow/example_dags/example_branch_day_of_week_operator.py took 0.185 seconds
[2025-03-16T08:38:45.363+0000] {processor.py:154} INFO - Started process (PID=848) to work on /home/airflow/.local/lib/python3.7/site-packages/airflow/example_dags/example_branch_day_of_week_operator.py
[2025-03-16T08:38:45.367+0000] {processor.py:756} INFO - Processing file /home/airflow/.local/lib/python3.7/site-packages/airflow/example_dags/example_branch_day_of_week_operator.py for tasks to queue
[2025-03-16T08:38:45.368+0000] {logging_mixin.py:120} INFO - [2025-03-16T08:38:45.368+0000] {dagbag.py:537} INFO - Filling up the DagBag from /home/airflow/.local/lib/python3.7/site-packages/airflow/example_dags/example_branch_day_of_week_operator.py
[2025-03-16T08:38:45.399+0000] {processor.py:766} INFO - DAG(s) dict_keys(['example_weekday_branch_operator']) retrieved from /home/airflow/.local/lib/python3.7/site-packages/airflow/example_dags/example_branch_day_of_week_operator.py
[2025-03-16T08:38:45.484+0000] {logging_mixin.py:120} INFO - [2025-03-16T08:38:45.483+0000] {dag.py:2585} INFO - Sync 1 DAGs
[2025-03-16T08:38:45.540+0000] {logging_mixin.py:120} INFO - [2025-03-16T08:38:45.540+0000] {dag.py:3340} INFO - Setting next_dagrun for example_weekday_branch_operator to 2025-03-15T00:00:00+00:00, run_after=2025-03-16T00:00:00+00:00
[2025-03-16T08:38:45.575+0000] {processor.py:176} INFO - Processing /home/airflow/.local/lib/python3.7/site-packages/airflow/example_dags/example_branch_day_of_week_operator.py took 0.218 seconds
[2025-03-16T08:39:16.071+0000] {processor.py:154} INFO - Started process (PID=911) to work on /home/airflow/.local/lib/python3.7/site-packages/airflow/example_dags/example_branch_day_of_week_operator.py
[2025-03-16T08:39:16.074+0000] {processor.py:756} INFO - Processing file /home/airflow/.local/lib/python3.7/site-packages/airflow/example_dags/example_branch_day_of_week_operator.py for tasks to queue
[2025-03-16T08:39:16.075+0000] {logging_mixin.py:120} INFO - [2025-03-16T08:39:16.075+0000] {dagbag.py:537} INFO - Filling up the DagBag from /home/airflow/.local/lib/python3.7/site-packages/airflow/example_dags/example_branch_day_of_week_operator.py
[2025-03-16T08:39:16.147+0000] {processor.py:766} INFO - DAG(s) dict_keys(['example_weekday_branch_operator']) retrieved from /home/airflow/.local/lib/python3.7/site-packages/airflow/example_dags/example_branch_day_of_week_operator.py
[2025-03-16T08:39:16.317+0000] {logging_mixin.py:120} INFO - [2025-03-16T08:39:16.317+0000] {dag.py:2585} INFO - Sync 1 DAGs
[2025-03-16T08:39:16.413+0000] {logging_mixin.py:120} INFO - [2025-03-16T08:39:16.413+0000] {dag.py:3340} INFO - Setting next_dagrun for example_weekday_branch_operator to 2025-03-15T00:00:00+00:00, run_after=2025-03-16T00:00:00+00:00
[2025-03-16T08:39:16.477+0000] {processor.py:176} INFO - Processing /home/airflow/.local/lib/python3.7/site-packages/airflow/example_dags/example_branch_day_of_week_operator.py took 0.419 seconds
[2025-03-16T08:39:46.706+0000] {processor.py:154} INFO - Started process (PID=965) to work on /home/airflow/.local/lib/python3.7/site-packages/airflow/example_dags/example_branch_day_of_week_operator.py
[2025-03-16T08:39:46.707+0000] {processor.py:756} INFO - Processing file /home/airflow/.local/lib/python3.7/site-packages/airflow/example_dags/example_branch_day_of_week_operator.py for tasks to queue
[2025-03-16T08:39:46.708+0000] {logging_mixin.py:120} INFO - [2025-03-16T08:39:46.708+0000] {dagbag.py:537} INFO - Filling up the DagBag from /home/airflow/.local/lib/python3.7/site-packages/airflow/example_dags/example_branch_day_of_week_operator.py
[2025-03-16T08:39:46.739+0000] {processor.py:766} INFO - DAG(s) dict_keys(['example_weekday_branch_operator']) retrieved from /home/airflow/.local/lib/python3.7/site-packages/airflow/example_dags/example_branch_day_of_week_operator.py
[2025-03-16T08:39:46.822+0000] {logging_mixin.py:120} INFO - [2025-03-16T08:39:46.822+0000] {dag.py:2585} INFO - Sync 1 DAGs
[2025-03-16T08:39:46.865+0000] {logging_mixin.py:120} INFO - [2025-03-16T08:39:46.865+0000] {dag.py:3340} INFO - Setting next_dagrun for example_weekday_branch_operator to 2025-03-15T00:00:00+00:00, run_after=2025-03-16T00:00:00+00:00
[2025-03-16T08:39:46.887+0000] {processor.py:176} INFO - Processing /home/airflow/.local/lib/python3.7/site-packages/airflow/example_dags/example_branch_day_of_week_operator.py took 0.185 seconds
[2025-03-16T08:40:17.129+0000] {processor.py:154} INFO - Started process (PID=1028) to work on /home/airflow/.local/lib/python3.7/site-packages/airflow/example_dags/example_branch_day_of_week_operator.py
[2025-03-16T08:40:17.130+0000] {processor.py:756} INFO - Processing file /home/airflow/.local/lib/python3.7/site-packages/airflow/example_dags/example_branch_day_of_week_operator.py for tasks to queue
[2025-03-16T08:40:17.131+0000] {logging_mixin.py:120} INFO - [2025-03-16T08:40:17.130+0000] {dagbag.py:537} INFO - Filling up the DagBag from /home/airflow/.local/lib/python3.7/site-packages/airflow/example_dags/example_branch_day_of_week_operator.py
[2025-03-16T08:40:17.161+0000] {processor.py:766} INFO - DAG(s) dict_keys(['example_weekday_branch_operator']) retrieved from /home/airflow/.local/lib/python3.7/site-packages/airflow/example_dags/example_branch_day_of_week_operator.py
[2025-03-16T08:40:17.247+0000] {logging_mixin.py:120} INFO - [2025-03-16T08:40:17.246+0000] {dag.py:2585} INFO - Sync 1 DAGs
[2025-03-16T08:40:17.302+0000] {logging_mixin.py:120} INFO - [2025-03-16T08:40:17.302+0000] {dag.py:3340} INFO - Setting next_dagrun for example_weekday_branch_operator to 2025-03-15T00:00:00+00:00, run_after=2025-03-16T00:00:00+00:00
[2025-03-16T08:40:17.335+0000] {processor.py:176} INFO - Processing /home/airflow/.local/lib/python3.7/site-packages/airflow/example_dags/example_branch_day_of_week_operator.py took 0.213 seconds
[2025-03-16T08:40:47.966+0000] {processor.py:154} INFO - Started process (PID=1082) to work on /home/airflow/.local/lib/python3.7/site-packages/airflow/example_dags/example_branch_day_of_week_operator.py
[2025-03-16T08:40:47.967+0000] {processor.py:756} INFO - Processing file /home/airflow/.local/lib/python3.7/site-packages/airflow/example_dags/example_branch_day_of_week_operator.py for tasks to queue
[2025-03-16T08:40:47.968+0000] {logging_mixin.py:120} INFO - [2025-03-16T08:40:47.968+0000] {dagbag.py:537} INFO - Filling up the DagBag from /home/airflow/.local/lib/python3.7/site-packages/airflow/example_dags/example_branch_day_of_week_operator.py
[2025-03-16T08:40:47.993+0000] {processor.py:766} INFO - DAG(s) dict_keys(['example_weekday_branch_operator']) retrieved from /home/airflow/.local/lib/python3.7/site-packages/airflow/example_dags/example_branch_day_of_week_operator.py
[2025-03-16T08:40:48.061+0000] {logging_mixin.py:120} INFO - [2025-03-16T08:40:48.061+0000] {dag.py:2585} INFO - Sync 1 DAGs
[2025-03-16T08:40:48.109+0000] {logging_mixin.py:120} INFO - [2025-03-16T08:40:48.109+0000] {dag.py:3340} INFO - Setting next_dagrun for example_weekday_branch_operator to 2025-03-15T00:00:00+00:00, run_after=2025-03-16T00:00:00+00:00
[2025-03-16T08:40:48.138+0000] {processor.py:176} INFO - Processing /home/airflow/.local/lib/python3.7/site-packages/airflow/example_dags/example_branch_day_of_week_operator.py took 0.177 seconds
[2025-03-16T08:41:19.338+0000] {processor.py:154} INFO - Started process (PID=1145) to work on /home/airflow/.local/lib/python3.7/site-packages/airflow/example_dags/example_branch_day_of_week_operator.py
[2025-03-16T08:41:19.339+0000] {processor.py:756} INFO - Processing file /home/airflow/.local/lib/python3.7/site-packages/airflow/example_dags/example_branch_day_of_week_operator.py for tasks to queue
[2025-03-16T08:41:19.340+0000] {logging_mixin.py:120} INFO - [2025-03-16T08:41:19.340+0000] {dagbag.py:537} INFO - Filling up the DagBag from /home/airflow/.local/lib/python3.7/site-packages/airflow/example_dags/example_branch_day_of_week_operator.py
[2025-03-16T08:41:19.367+0000] {processor.py:766} INFO - DAG(s) dict_keys(['example_weekday_branch_operator']) retrieved from /home/airflow/.local/lib/python3.7/site-packages/airflow/example_dags/example_branch_day_of_week_operator.py
[2025-03-16T08:41:19.437+0000] {logging_mixin.py:120} INFO - [2025-03-16T08:41:19.437+0000] {dag.py:2585} INFO - Sync 1 DAGs
[2025-03-16T08:41:19.490+0000] {logging_mixin.py:120} INFO - [2025-03-16T08:41:19.490+0000] {dag.py:3340} INFO - Setting next_dagrun for example_weekday_branch_operator to 2025-03-15T00:00:00+00:00, run_after=2025-03-16T00:00:00+00:00
[2025-03-16T08:41:19.529+0000] {processor.py:176} INFO - Processing /home/airflow/.local/lib/python3.7/site-packages/airflow/example_dags/example_branch_day_of_week_operator.py took 0.198 seconds
[2025-03-16T08:41:50.099+0000] {processor.py:154} INFO - Started process (PID=1199) to work on /home/airflow/.local/lib/python3.7/site-packages/airflow/example_dags/example_branch_day_of_week_operator.py
[2025-03-16T08:41:50.100+0000] {processor.py:756} INFO - Processing file /home/airflow/.local/lib/python3.7/site-packages/airflow/example_dags/example_branch_day_of_week_operator.py for tasks to queue
[2025-03-16T08:41:50.101+0000] {logging_mixin.py:120} INFO - [2025-03-16T08:41:50.100+0000] {dagbag.py:537} INFO - Filling up the DagBag from /home/airflow/.local/lib/python3.7/site-packages/airflow/example_dags/example_branch_day_of_week_operator.py
[2025-03-16T08:41:50.135+0000] {processor.py:766} INFO - DAG(s) dict_keys(['example_weekday_branch_operator']) retrieved from /home/airflow/.local/lib/python3.7/site-packages/airflow/example_dags/example_branch_day_of_week_operator.py
[2025-03-16T08:41:50.214+0000] {logging_mixin.py:120} INFO - [2025-03-16T08:41:50.214+0000] {dag.py:2585} INFO - Sync 1 DAGs
[2025-03-16T08:41:50.265+0000] {logging_mixin.py:120} INFO - [2025-03-16T08:41:50.264+0000] {dag.py:3340} INFO - Setting next_dagrun for example_weekday_branch_operator to 2025-03-15T00:00:00+00:00, run_after=2025-03-16T00:00:00+00:00
[2025-03-16T08:41:50.294+0000] {processor.py:176} INFO - Processing /home/airflow/.local/lib/python3.7/site-packages/airflow/example_dags/example_branch_day_of_week_operator.py took 0.202 seconds
[2025-03-16T08:42:21.432+0000] {processor.py:154} INFO - Started process (PID=1262) to work on /home/airflow/.local/lib/python3.7/site-packages/airflow/example_dags/example_branch_day_of_week_operator.py
[2025-03-16T08:42:21.435+0000] {processor.py:756} INFO - Processing file /home/airflow/.local/lib/python3.7/site-packages/airflow/example_dags/example_branch_day_of_week_operator.py for tasks to queue
[2025-03-16T08:42:21.439+0000] {logging_mixin.py:120} INFO - [2025-03-16T08:42:21.438+0000] {dagbag.py:537} INFO - Filling up the DagBag from /home/airflow/.local/lib/python3.7/site-packages/airflow/example_dags/example_branch_day_of_week_operator.py
[2025-03-16T08:42:21.493+0000] {processor.py:766} INFO - DAG(s) dict_keys(['example_weekday_branch_operator']) retrieved from /home/airflow/.local/lib/python3.7/site-packages/airflow/example_dags/example_branch_day_of_week_operator.py
[2025-03-16T08:42:21.583+0000] {logging_mixin.py:120} INFO - [2025-03-16T08:42:21.583+0000] {dag.py:2585} INFO - Sync 1 DAGs
[2025-03-16T08:42:21.635+0000] {logging_mixin.py:120} INFO - [2025-03-16T08:42:21.635+0000] {dag.py:3340} INFO - Setting next_dagrun for example_weekday_branch_operator to 2025-03-15T00:00:00+00:00, run_after=2025-03-16T00:00:00+00:00
[2025-03-16T08:42:21.686+0000] {processor.py:176} INFO - Processing /home/airflow/.local/lib/python3.7/site-packages/airflow/example_dags/example_branch_day_of_week_operator.py took 0.267 seconds
[2025-03-16T08:42:51.927+0000] {processor.py:154} INFO - Started process (PID=1316) to work on /home/airflow/.local/lib/python3.7/site-packages/airflow/example_dags/example_branch_day_of_week_operator.py
[2025-03-16T08:42:51.929+0000] {processor.py:756} INFO - Processing file /home/airflow/.local/lib/python3.7/site-packages/airflow/example_dags/example_branch_day_of_week_operator.py for tasks to queue
[2025-03-16T08:42:51.931+0000] {logging_mixin.py:120} INFO - [2025-03-16T08:42:51.931+0000] {dagbag.py:537} INFO - Filling up the DagBag from /home/airflow/.local/lib/python3.7/site-packages/airflow/example_dags/example_branch_day_of_week_operator.py
[2025-03-16T08:42:51.962+0000] {processor.py:766} INFO - DAG(s) dict_keys(['example_weekday_branch_operator']) retrieved from /home/airflow/.local/lib/python3.7/site-packages/airflow/example_dags/example_branch_day_of_week_operator.py
[2025-03-16T08:42:52.050+0000] {logging_mixin.py:120} INFO - [2025-03-16T08:42:52.050+0000] {dag.py:2585} INFO - Sync 1 DAGs
[2025-03-16T08:42:52.101+0000] {logging_mixin.py:120} INFO - [2025-03-16T08:42:52.101+0000] {dag.py:3340} INFO - Setting next_dagrun for example_weekday_branch_operator to 2025-03-15T00:00:00+00:00, run_after=2025-03-16T00:00:00+00:00
[2025-03-16T08:42:52.145+0000] {processor.py:176} INFO - Processing /home/airflow/.local/lib/python3.7/site-packages/airflow/example_dags/example_branch_day_of_week_operator.py took 0.225 seconds
[2025-03-16T08:43:23.189+0000] {processor.py:154} INFO - Started process (PID=1379) to work on /home/airflow/.local/lib/python3.7/site-packages/airflow/example_dags/example_branch_day_of_week_operator.py
[2025-03-16T08:43:23.193+0000] {processor.py:756} INFO - Processing file /home/airflow/.local/lib/python3.7/site-packages/airflow/example_dags/example_branch_day_of_week_operator.py for tasks to queue
[2025-03-16T08:43:23.194+0000] {logging_mixin.py:120} INFO - [2025-03-16T08:43:23.194+0000] {dagbag.py:537} INFO - Filling up the DagBag from /home/airflow/.local/lib/python3.7/site-packages/airflow/example_dags/example_branch_day_of_week_operator.py
[2025-03-16T08:43:23.246+0000] {processor.py:766} INFO - DAG(s) dict_keys(['example_weekday_branch_operator']) retrieved from /home/airflow/.local/lib/python3.7/site-packages/airflow/example_dags/example_branch_day_of_week_operator.py
[2025-03-16T08:43:23.374+0000] {logging_mixin.py:120} INFO - [2025-03-16T08:43:23.373+0000] {dag.py:2585} INFO - Sync 1 DAGs
[2025-03-16T08:43:23.489+0000] {logging_mixin.py:120} INFO - [2025-03-16T08:43:23.488+0000] {dag.py:3340} INFO - Setting next_dagrun for example_weekday_branch_operator to 2025-03-15T00:00:00+00:00, run_after=2025-03-16T00:00:00+00:00
[2025-03-16T08:43:23.562+0000] {processor.py:176} INFO - Processing /home/airflow/.local/lib/python3.7/site-packages/airflow/example_dags/example_branch_day_of_week_operator.py took 0.384 seconds
[2025-03-16T08:43:54.354+0000] {processor.py:154} INFO - Started process (PID=1433) to work on /home/airflow/.local/lib/python3.7/site-packages/airflow/example_dags/example_branch_day_of_week_operator.py
[2025-03-16T08:43:54.355+0000] {processor.py:756} INFO - Processing file /home/airflow/.local/lib/python3.7/site-packages/airflow/example_dags/example_branch_day_of_week_operator.py for tasks to queue
[2025-03-16T08:43:54.356+0000] {logging_mixin.py:120} INFO - [2025-03-16T08:43:54.356+0000] {dagbag.py:537} INFO - Filling up the DagBag from /home/airflow/.local/lib/python3.7/site-packages/airflow/example_dags/example_branch_day_of_week_operator.py
[2025-03-16T08:43:54.386+0000] {processor.py:766} INFO - DAG(s) dict_keys(['example_weekday_branch_operator']) retrieved from /home/airflow/.local/lib/python3.7/site-packages/airflow/example_dags/example_branch_day_of_week_operator.py
[2025-03-16T08:43:54.460+0000] {logging_mixin.py:120} INFO - [2025-03-16T08:43:54.459+0000] {dag.py:2585} INFO - Sync 1 DAGs
[2025-03-16T08:43:54.529+0000] {logging_mixin.py:120} INFO - [2025-03-16T08:43:54.529+0000] {dag.py:3340} INFO - Setting next_dagrun for example_weekday_branch_operator to 2025-03-15T00:00:00+00:00, run_after=2025-03-16T00:00:00+00:00
[2025-03-16T08:43:54.560+0000] {processor.py:176} INFO - Processing /home/airflow/.local/lib/python3.7/site-packages/airflow/example_dags/example_branch_day_of_week_operator.py took 0.214 seconds
[2025-03-16T08:44:24.719+0000] {processor.py:154} INFO - Started process (PID=1497) to work on /home/airflow/.local/lib/python3.7/site-packages/airflow/example_dags/example_branch_day_of_week_operator.py
[2025-03-16T08:44:24.723+0000] {processor.py:756} INFO - Processing file /home/airflow/.local/lib/python3.7/site-packages/airflow/example_dags/example_branch_day_of_week_operator.py for tasks to queue
[2025-03-16T08:44:24.724+0000] {logging_mixin.py:120} INFO - [2025-03-16T08:44:24.724+0000] {dagbag.py:537} INFO - Filling up the DagBag from /home/airflow/.local/lib/python3.7/site-packages/airflow/example_dags/example_branch_day_of_week_operator.py
[2025-03-16T08:44:24.790+0000] {processor.py:766} INFO - DAG(s) dict_keys(['example_weekday_branch_operator']) retrieved from /home/airflow/.local/lib/python3.7/site-packages/airflow/example_dags/example_branch_day_of_week_operator.py
[2025-03-16T08:44:24.954+0000] {logging_mixin.py:120} INFO - [2025-03-16T08:44:24.951+0000] {dag.py:2585} INFO - Sync 1 DAGs
[2025-03-16T08:44:25.072+0000] {logging_mixin.py:120} INFO - [2025-03-16T08:44:25.071+0000] {dag.py:3340} INFO - Setting next_dagrun for example_weekday_branch_operator to 2025-03-15T00:00:00+00:00, run_after=2025-03-16T00:00:00+00:00
[2025-03-16T08:44:25.113+0000] {processor.py:176} INFO - Processing /home/airflow/.local/lib/python3.7/site-packages/airflow/example_dags/example_branch_day_of_week_operator.py took 0.416 seconds
[2025-03-16T08:44:55.723+0000] {processor.py:154} INFO - Started process (PID=1551) to work on /home/airflow/.local/lib/python3.7/site-packages/airflow/example_dags/example_branch_day_of_week_operator.py
[2025-03-16T08:44:55.724+0000] {processor.py:756} INFO - Processing file /home/airflow/.local/lib/python3.7/site-packages/airflow/example_dags/example_branch_day_of_week_operator.py for tasks to queue
[2025-03-16T08:44:55.727+0000] {logging_mixin.py:120} INFO - [2025-03-16T08:44:55.726+0000] {dagbag.py:537} INFO - Filling up the DagBag from /home/airflow/.local/lib/python3.7/site-packages/airflow/example_dags/example_branch_day_of_week_operator.py
[2025-03-16T08:44:55.758+0000] {processor.py:766} INFO - DAG(s) dict_keys(['example_weekday_branch_operator']) retrieved from /home/airflow/.local/lib/python3.7/site-packages/airflow/example_dags/example_branch_day_of_week_operator.py
[2025-03-16T08:44:55.833+0000] {logging_mixin.py:120} INFO - [2025-03-16T08:44:55.833+0000] {dag.py:2585} INFO - Sync 1 DAGs
[2025-03-16T08:44:55.881+0000] {logging_mixin.py:120} INFO - [2025-03-16T08:44:55.881+0000] {dag.py:3340} INFO - Setting next_dagrun for example_weekday_branch_operator to 2025-03-15T00:00:00+00:00, run_after=2025-03-16T00:00:00+00:00
[2025-03-16T08:44:55.917+0000] {processor.py:176} INFO - Processing /home/airflow/.local/lib/python3.7/site-packages/airflow/example_dags/example_branch_day_of_week_operator.py took 0.200 seconds
[2025-03-16T08:45:26.367+0000] {processor.py:154} INFO - Started process (PID=1614) to work on /home/airflow/.local/lib/python3.7/site-packages/airflow/example_dags/example_branch_day_of_week_operator.py
[2025-03-16T08:45:26.372+0000] {processor.py:756} INFO - Processing file /home/airflow/.local/lib/python3.7/site-packages/airflow/example_dags/example_branch_day_of_week_operator.py for tasks to queue
[2025-03-16T08:45:26.373+0000] {logging_mixin.py:120} INFO - [2025-03-16T08:45:26.373+0000] {dagbag.py:537} INFO - Filling up the DagBag from /home/airflow/.local/lib/python3.7/site-packages/airflow/example_dags/example_branch_day_of_week_operator.py
[2025-03-16T08:45:26.437+0000] {processor.py:766} INFO - DAG(s) dict_keys(['example_weekday_branch_operator']) retrieved from /home/airflow/.local/lib/python3.7/site-packages/airflow/example_dags/example_branch_day_of_week_operator.py
[2025-03-16T08:45:26.528+0000] {logging_mixin.py:120} INFO - [2025-03-16T08:45:26.527+0000] {dag.py:2585} INFO - Sync 1 DAGs
[2025-03-16T08:45:26.582+0000] {logging_mixin.py:120} INFO - [2025-03-16T08:45:26.582+0000] {dag.py:3340} INFO - Setting next_dagrun for example_weekday_branch_operator to 2025-03-15T00:00:00+00:00, run_after=2025-03-16T00:00:00+00:00
[2025-03-16T08:45:26.634+0000] {processor.py:176} INFO - Processing /home/airflow/.local/lib/python3.7/site-packages/airflow/example_dags/example_branch_day_of_week_operator.py took 0.277 seconds
[2025-03-16T08:45:57.183+0000] {processor.py:154} INFO - Started process (PID=1668) to work on /home/airflow/.local/lib/python3.7/site-packages/airflow/example_dags/example_branch_day_of_week_operator.py
[2025-03-16T08:45:57.185+0000] {processor.py:756} INFO - Processing file /home/airflow/.local/lib/python3.7/site-packages/airflow/example_dags/example_branch_day_of_week_operator.py for tasks to queue
[2025-03-16T08:45:57.186+0000] {logging_mixin.py:120} INFO - [2025-03-16T08:45:57.185+0000] {dagbag.py:537} INFO - Filling up the DagBag from /home/airflow/.local/lib/python3.7/site-packages/airflow/example_dags/example_branch_day_of_week_operator.py
[2025-03-16T08:45:57.228+0000] {processor.py:766} INFO - DAG(s) dict_keys(['example_weekday_branch_operator']) retrieved from /home/airflow/.local/lib/python3.7/site-packages/airflow/example_dags/example_branch_day_of_week_operator.py
[2025-03-16T08:45:57.320+0000] {logging_mixin.py:120} INFO - [2025-03-16T08:45:57.319+0000] {dag.py:2585} INFO - Sync 1 DAGs
[2025-03-16T08:45:57.377+0000] {logging_mixin.py:120} INFO - [2025-03-16T08:45:57.377+0000] {dag.py:3340} INFO - Setting next_dagrun for example_weekday_branch_operator to 2025-03-15T00:00:00+00:00, run_after=2025-03-16T00:00:00+00:00
[2025-03-16T08:45:57.418+0000] {processor.py:176} INFO - Processing /home/airflow/.local/lib/python3.7/site-packages/airflow/example_dags/example_branch_day_of_week_operator.py took 0.245 seconds
[2025-03-16T08:46:27.566+0000] {processor.py:154} INFO - Started process (PID=1729) to work on /home/airflow/.local/lib/python3.7/site-packages/airflow/example_dags/example_branch_day_of_week_operator.py
[2025-03-16T08:46:27.569+0000] {processor.py:756} INFO - Processing file /home/airflow/.local/lib/python3.7/site-packages/airflow/example_dags/example_branch_day_of_week_operator.py for tasks to queue
[2025-03-16T08:46:27.570+0000] {logging_mixin.py:120} INFO - [2025-03-16T08:46:27.570+0000] {dagbag.py:537} INFO - Filling up the DagBag from /home/airflow/.local/lib/python3.7/site-packages/airflow/example_dags/example_branch_day_of_week_operator.py
[2025-03-16T08:46:27.628+0000] {processor.py:766} INFO - DAG(s) dict_keys(['example_weekday_branch_operator']) retrieved from /home/airflow/.local/lib/python3.7/site-packages/airflow/example_dags/example_branch_day_of_week_operator.py
[2025-03-16T08:46:27.701+0000] {logging_mixin.py:120} INFO - [2025-03-16T08:46:27.701+0000] {dag.py:2585} INFO - Sync 1 DAGs
[2025-03-16T08:46:27.750+0000] {logging_mixin.py:120} INFO - [2025-03-16T08:46:27.750+0000] {dag.py:3340} INFO - Setting next_dagrun for example_weekday_branch_operator to 2025-03-15T00:00:00+00:00, run_after=2025-03-16T00:00:00+00:00
[2025-03-16T08:46:27.803+0000] {processor.py:176} INFO - Processing /home/airflow/.local/lib/python3.7/site-packages/airflow/example_dags/example_branch_day_of_week_operator.py took 0.253 seconds
[2025-03-16T08:46:58.607+0000] {processor.py:154} INFO - Started process (PID=1785) to work on /home/airflow/.local/lib/python3.7/site-packages/airflow/example_dags/example_branch_day_of_week_operator.py
[2025-03-16T08:46:58.609+0000] {processor.py:756} INFO - Processing file /home/airflow/.local/lib/python3.7/site-packages/airflow/example_dags/example_branch_day_of_week_operator.py for tasks to queue
[2025-03-16T08:46:58.610+0000] {logging_mixin.py:120} INFO - [2025-03-16T08:46:58.610+0000] {dagbag.py:537} INFO - Filling up the DagBag from /home/airflow/.local/lib/python3.7/site-packages/airflow/example_dags/example_branch_day_of_week_operator.py
[2025-03-16T08:46:58.653+0000] {processor.py:766} INFO - DAG(s) dict_keys(['example_weekday_branch_operator']) retrieved from /home/airflow/.local/lib/python3.7/site-packages/airflow/example_dags/example_branch_day_of_week_operator.py
[2025-03-16T08:46:58.779+0000] {logging_mixin.py:120} INFO - [2025-03-16T08:46:58.778+0000] {dag.py:2585} INFO - Sync 1 DAGs
[2025-03-16T08:46:58.834+0000] {logging_mixin.py:120} INFO - [2025-03-16T08:46:58.834+0000] {dag.py:3340} INFO - Setting next_dagrun for example_weekday_branch_operator to 2025-03-15T00:00:00+00:00, run_after=2025-03-16T00:00:00+00:00
[2025-03-16T08:46:58.870+0000] {processor.py:176} INFO - Processing /home/airflow/.local/lib/python3.7/site-packages/airflow/example_dags/example_branch_day_of_week_operator.py took 0.270 seconds
[2025-03-16T08:47:29.525+0000] {processor.py:154} INFO - Started process (PID=1848) to work on /home/airflow/.local/lib/python3.7/site-packages/airflow/example_dags/example_branch_day_of_week_operator.py
[2025-03-16T08:47:29.526+0000] {processor.py:756} INFO - Processing file /home/airflow/.local/lib/python3.7/site-packages/airflow/example_dags/example_branch_day_of_week_operator.py for tasks to queue
[2025-03-16T08:47:29.529+0000] {logging_mixin.py:120} INFO - [2025-03-16T08:47:29.529+0000] {dagbag.py:537} INFO - Filling up the DagBag from /home/airflow/.local/lib/python3.7/site-packages/airflow/example_dags/example_branch_day_of_week_operator.py
[2025-03-16T08:47:29.590+0000] {processor.py:766} INFO - DAG(s) dict_keys(['example_weekday_branch_operator']) retrieved from /home/airflow/.local/lib/python3.7/site-packages/airflow/example_dags/example_branch_day_of_week_operator.py
[2025-03-16T08:47:29.728+0000] {logging_mixin.py:120} INFO - [2025-03-16T08:47:29.728+0000] {dag.py:2585} INFO - Sync 1 DAGs
[2025-03-16T08:47:29.823+0000] {logging_mixin.py:120} INFO - [2025-03-16T08:47:29.823+0000] {dag.py:3340} INFO - Setting next_dagrun for example_weekday_branch_operator to 2025-03-15T00:00:00+00:00, run_after=2025-03-16T00:00:00+00:00
[2025-03-16T08:47:29.882+0000] {processor.py:176} INFO - Processing /home/airflow/.local/lib/python3.7/site-packages/airflow/example_dags/example_branch_day_of_week_operator.py took 0.373 seconds
[2025-03-16T08:48:00.037+0000] {processor.py:154} INFO - Started process (PID=1902) to work on /home/airflow/.local/lib/python3.7/site-packages/airflow/example_dags/example_branch_day_of_week_operator.py
[2025-03-16T08:48:00.040+0000] {processor.py:756} INFO - Processing file /home/airflow/.local/lib/python3.7/site-packages/airflow/example_dags/example_branch_day_of_week_operator.py for tasks to queue
[2025-03-16T08:48:00.042+0000] {logging_mixin.py:120} INFO - [2025-03-16T08:48:00.041+0000] {dagbag.py:537} INFO - Filling up the DagBag from /home/airflow/.local/lib/python3.7/site-packages/airflow/example_dags/example_branch_day_of_week_operator.py
[2025-03-16T08:48:00.071+0000] {processor.py:766} INFO - DAG(s) dict_keys(['example_weekday_branch_operator']) retrieved from /home/airflow/.local/lib/python3.7/site-packages/airflow/example_dags/example_branch_day_of_week_operator.py
[2025-03-16T08:48:00.178+0000] {logging_mixin.py:120} INFO - [2025-03-16T08:48:00.178+0000] {dag.py:2585} INFO - Sync 1 DAGs
[2025-03-16T08:48:00.215+0000] {logging_mixin.py:120} INFO - [2025-03-16T08:48:00.215+0000] {dag.py:3340} INFO - Setting next_dagrun for example_weekday_branch_operator to 2025-03-15T00:00:00+00:00, run_after=2025-03-16T00:00:00+00:00
[2025-03-16T08:48:00.240+0000] {processor.py:176} INFO - Processing /home/airflow/.local/lib/python3.7/site-packages/airflow/example_dags/example_branch_day_of_week_operator.py took 0.208 seconds
[2025-03-16T08:48:30.398+0000] {processor.py:154} INFO - Started process (PID=1962) to work on /home/airflow/.local/lib/python3.7/site-packages/airflow/example_dags/example_branch_day_of_week_operator.py
[2025-03-16T08:48:30.400+0000] {processor.py:756} INFO - Processing file /home/airflow/.local/lib/python3.7/site-packages/airflow/example_dags/example_branch_day_of_week_operator.py for tasks to queue
[2025-03-16T08:48:30.401+0000] {logging_mixin.py:120} INFO - [2025-03-16T08:48:30.401+0000] {dagbag.py:537} INFO - Filling up the DagBag from /home/airflow/.local/lib/python3.7/site-packages/airflow/example_dags/example_branch_day_of_week_operator.py
[2025-03-16T08:48:30.429+0000] {processor.py:766} INFO - DAG(s) dict_keys(['example_weekday_branch_operator']) retrieved from /home/airflow/.local/lib/python3.7/site-packages/airflow/example_dags/example_branch_day_of_week_operator.py
[2025-03-16T08:48:30.510+0000] {logging_mixin.py:120} INFO - [2025-03-16T08:48:30.509+0000] {dag.py:2585} INFO - Sync 1 DAGs
[2025-03-16T08:48:30.570+0000] {logging_mixin.py:120} INFO - [2025-03-16T08:48:30.570+0000] {dag.py:3340} INFO - Setting next_dagrun for example_weekday_branch_operator to 2025-03-15T00:00:00+00:00, run_after=2025-03-16T00:00:00+00:00
[2025-03-16T08:48:30.610+0000] {processor.py:176} INFO - Processing /home/airflow/.local/lib/python3.7/site-packages/airflow/example_dags/example_branch_day_of_week_operator.py took 0.218 seconds
[2025-03-16T08:49:01.092+0000] {processor.py:154} INFO - Started process (PID=2018) to work on /home/airflow/.local/lib/python3.7/site-packages/airflow/example_dags/example_branch_day_of_week_operator.py
[2025-03-16T08:49:01.094+0000] {processor.py:756} INFO - Processing file /home/airflow/.local/lib/python3.7/site-packages/airflow/example_dags/example_branch_day_of_week_operator.py for tasks to queue
[2025-03-16T08:49:01.095+0000] {logging_mixin.py:120} INFO - [2025-03-16T08:49:01.094+0000] {dagbag.py:537} INFO - Filling up the DagBag from /home/airflow/.local/lib/python3.7/site-packages/airflow/example_dags/example_branch_day_of_week_operator.py
[2025-03-16T08:49:01.117+0000] {processor.py:766} INFO - DAG(s) dict_keys(['example_weekday_branch_operator']) retrieved from /home/airflow/.local/lib/python3.7/site-packages/airflow/example_dags/example_branch_day_of_week_operator.py
[2025-03-16T08:49:01.187+0000] {logging_mixin.py:120} INFO - [2025-03-16T08:49:01.187+0000] {dag.py:2585} INFO - Sync 1 DAGs
[2025-03-16T08:49:01.275+0000] {logging_mixin.py:120} INFO - [2025-03-16T08:49:01.275+0000] {dag.py:3340} INFO - Setting next_dagrun for example_weekday_branch_operator to 2025-03-15T00:00:00+00:00, run_after=2025-03-16T00:00:00+00:00
[2025-03-16T08:49:01.302+0000] {processor.py:176} INFO - Processing /home/airflow/.local/lib/python3.7/site-packages/airflow/example_dags/example_branch_day_of_week_operator.py took 0.214 seconds
[2025-03-16T08:49:32.023+0000] {processor.py:154} INFO - Started process (PID=2082) to work on /home/airflow/.local/lib/python3.7/site-packages/airflow/example_dags/example_branch_day_of_week_operator.py
[2025-03-16T08:49:32.026+0000] {processor.py:756} INFO - Processing file /home/airflow/.local/lib/python3.7/site-packages/airflow/example_dags/example_branch_day_of_week_operator.py for tasks to queue
[2025-03-16T08:49:32.027+0000] {logging_mixin.py:120} INFO - [2025-03-16T08:49:32.027+0000] {dagbag.py:537} INFO - Filling up the DagBag from /home/airflow/.local/lib/python3.7/site-packages/airflow/example_dags/example_branch_day_of_week_operator.py
[2025-03-16T08:49:32.071+0000] {processor.py:766} INFO - DAG(s) dict_keys(['example_weekday_branch_operator']) retrieved from /home/airflow/.local/lib/python3.7/site-packages/airflow/example_dags/example_branch_day_of_week_operator.py
[2025-03-16T08:49:32.143+0000] {logging_mixin.py:120} INFO - [2025-03-16T08:49:32.143+0000] {dag.py:2585} INFO - Sync 1 DAGs
[2025-03-16T08:49:32.192+0000] {logging_mixin.py:120} INFO - [2025-03-16T08:49:32.191+0000] {dag.py:3340} INFO - Setting next_dagrun for example_weekday_branch_operator to 2025-03-15T00:00:00+00:00, run_after=2025-03-16T00:00:00+00:00
[2025-03-16T08:49:32.223+0000] {processor.py:176} INFO - Processing /home/airflow/.local/lib/python3.7/site-packages/airflow/example_dags/example_branch_day_of_week_operator.py took 0.207 seconds
[2025-03-16T08:50:02.535+0000] {processor.py:154} INFO - Started process (PID=2136) to work on /home/airflow/.local/lib/python3.7/site-packages/airflow/example_dags/example_branch_day_of_week_operator.py
[2025-03-16T08:50:02.537+0000] {processor.py:756} INFO - Processing file /home/airflow/.local/lib/python3.7/site-packages/airflow/example_dags/example_branch_day_of_week_operator.py for tasks to queue
[2025-03-16T08:50:02.538+0000] {logging_mixin.py:120} INFO - [2025-03-16T08:50:02.537+0000] {dagbag.py:537} INFO - Filling up the DagBag from /home/airflow/.local/lib/python3.7/site-packages/airflow/example_dags/example_branch_day_of_week_operator.py
[2025-03-16T08:50:02.557+0000] {processor.py:766} INFO - DAG(s) dict_keys(['example_weekday_branch_operator']) retrieved from /home/airflow/.local/lib/python3.7/site-packages/airflow/example_dags/example_branch_day_of_week_operator.py
[2025-03-16T08:50:02.608+0000] {logging_mixin.py:120} INFO - [2025-03-16T08:50:02.608+0000] {dag.py:2585} INFO - Sync 1 DAGs
[2025-03-16T08:50:02.644+0000] {logging_mixin.py:120} INFO - [2025-03-16T08:50:02.644+0000] {dag.py:3340} INFO - Setting next_dagrun for example_weekday_branch_operator to 2025-03-15T00:00:00+00:00, run_after=2025-03-16T00:00:00+00:00
[2025-03-16T08:50:02.668+0000] {processor.py:176} INFO - Processing /home/airflow/.local/lib/python3.7/site-packages/airflow/example_dags/example_branch_day_of_week_operator.py took 0.139 seconds
[2025-03-16T08:50:33.087+0000] {processor.py:154} INFO - Started process (PID=2199) to work on /home/airflow/.local/lib/python3.7/site-packages/airflow/example_dags/example_branch_day_of_week_operator.py
[2025-03-16T08:50:33.090+0000] {processor.py:756} INFO - Processing file /home/airflow/.local/lib/python3.7/site-packages/airflow/example_dags/example_branch_day_of_week_operator.py for tasks to queue
[2025-03-16T08:50:33.092+0000] {logging_mixin.py:120} INFO - [2025-03-16T08:50:33.092+0000] {dagbag.py:537} INFO - Filling up the DagBag from /home/airflow/.local/lib/python3.7/site-packages/airflow/example_dags/example_branch_day_of_week_operator.py
[2025-03-16T08:50:33.122+0000] {processor.py:766} INFO - DAG(s) dict_keys(['example_weekday_branch_operator']) retrieved from /home/airflow/.local/lib/python3.7/site-packages/airflow/example_dags/example_branch_day_of_week_operator.py
[2025-03-16T08:50:33.190+0000] {logging_mixin.py:120} INFO - [2025-03-16T08:50:33.189+0000] {dag.py:2585} INFO - Sync 1 DAGs
[2025-03-16T08:50:33.245+0000] {logging_mixin.py:120} INFO - [2025-03-16T08:50:33.245+0000] {dag.py:3340} INFO - Setting next_dagrun for example_weekday_branch_operator to 2025-03-15T00:00:00+00:00, run_after=2025-03-16T00:00:00+00:00
[2025-03-16T08:50:33.278+0000] {processor.py:176} INFO - Processing /home/airflow/.local/lib/python3.7/site-packages/airflow/example_dags/example_branch_day_of_week_operator.py took 0.200 seconds
[2025-03-16T08:51:04.029+0000] {processor.py:154} INFO - Started process (PID=2253) to work on /home/airflow/.local/lib/python3.7/site-packages/airflow/example_dags/example_branch_day_of_week_operator.py
[2025-03-16T08:51:04.030+0000] {processor.py:756} INFO - Processing file /home/airflow/.local/lib/python3.7/site-packages/airflow/example_dags/example_branch_day_of_week_operator.py for tasks to queue
[2025-03-16T08:51:04.031+0000] {logging_mixin.py:120} INFO - [2025-03-16T08:51:04.031+0000] {dagbag.py:537} INFO - Filling up the DagBag from /home/airflow/.local/lib/python3.7/site-packages/airflow/example_dags/example_branch_day_of_week_operator.py
[2025-03-16T08:51:04.067+0000] {processor.py:766} INFO - DAG(s) dict_keys(['example_weekday_branch_operator']) retrieved from /home/airflow/.local/lib/python3.7/site-packages/airflow/example_dags/example_branch_day_of_week_operator.py
[2025-03-16T08:51:04.151+0000] {logging_mixin.py:120} INFO - [2025-03-16T08:51:04.151+0000] {dag.py:2585} INFO - Sync 1 DAGs
[2025-03-16T08:51:04.208+0000] {logging_mixin.py:120} INFO - [2025-03-16T08:51:04.208+0000] {dag.py:3340} INFO - Setting next_dagrun for example_weekday_branch_operator to 2025-03-15T00:00:00+00:00, run_after=2025-03-16T00:00:00+00:00
[2025-03-16T08:51:04.243+0000] {processor.py:176} INFO - Processing /home/airflow/.local/lib/python3.7/site-packages/airflow/example_dags/example_branch_day_of_week_operator.py took 0.221 seconds
[2025-03-16T08:51:34.709+0000] {processor.py:154} INFO - Started process (PID=2316) to work on /home/airflow/.local/lib/python3.7/site-packages/airflow/example_dags/example_branch_day_of_week_operator.py
[2025-03-16T08:51:34.710+0000] {processor.py:756} INFO - Processing file /home/airflow/.local/lib/python3.7/site-packages/airflow/example_dags/example_branch_day_of_week_operator.py for tasks to queue
[2025-03-16T08:51:34.712+0000] {logging_mixin.py:120} INFO - [2025-03-16T08:51:34.711+0000] {dagbag.py:537} INFO - Filling up the DagBag from /home/airflow/.local/lib/python3.7/site-packages/airflow/example_dags/example_branch_day_of_week_operator.py
[2025-03-16T08:51:34.739+0000] {processor.py:766} INFO - DAG(s) dict_keys(['example_weekday_branch_operator']) retrieved from /home/airflow/.local/lib/python3.7/site-packages/airflow/example_dags/example_branch_day_of_week_operator.py
[2025-03-16T08:51:34.793+0000] {logging_mixin.py:120} INFO - [2025-03-16T08:51:34.792+0000] {dag.py:2585} INFO - Sync 1 DAGs
[2025-03-16T08:51:34.827+0000] {logging_mixin.py:120} INFO - [2025-03-16T08:51:34.827+0000] {dag.py:3340} INFO - Setting next_dagrun for example_weekday_branch_operator to 2025-03-15T00:00:00+00:00, run_after=2025-03-16T00:00:00+00:00
[2025-03-16T08:51:34.848+0000] {processor.py:176} INFO - Processing /home/airflow/.local/lib/python3.7/site-packages/airflow/example_dags/example_branch_day_of_week_operator.py took 0.144 seconds
[2025-03-16T08:52:05.634+0000] {processor.py:154} INFO - Started process (PID=2370) to work on /home/airflow/.local/lib/python3.7/site-packages/airflow/example_dags/example_branch_day_of_week_operator.py
[2025-03-16T08:52:05.640+0000] {processor.py:756} INFO - Processing file /home/airflow/.local/lib/python3.7/site-packages/airflow/example_dags/example_branch_day_of_week_operator.py for tasks to queue
[2025-03-16T08:52:05.645+0000] {logging_mixin.py:120} INFO - [2025-03-16T08:52:05.642+0000] {dagbag.py:537} INFO - Filling up the DagBag from /home/airflow/.local/lib/python3.7/site-packages/airflow/example_dags/example_branch_day_of_week_operator.py
[2025-03-16T08:52:05.701+0000] {processor.py:766} INFO - DAG(s) dict_keys(['example_weekday_branch_operator']) retrieved from /home/airflow/.local/lib/python3.7/site-packages/airflow/example_dags/example_branch_day_of_week_operator.py
[2025-03-16T08:52:05.804+0000] {logging_mixin.py:120} INFO - [2025-03-16T08:52:05.804+0000] {dag.py:2585} INFO - Sync 1 DAGs
[2025-03-16T08:52:05.859+0000] {logging_mixin.py:120} INFO - [2025-03-16T08:52:05.859+0000] {dag.py:3340} INFO - Setting next_dagrun for example_weekday_branch_operator to 2025-03-15T00:00:00+00:00, run_after=2025-03-16T00:00:00+00:00
[2025-03-16T08:52:05.889+0000] {processor.py:176} INFO - Processing /home/airflow/.local/lib/python3.7/site-packages/airflow/example_dags/example_branch_day_of_week_operator.py took 0.266 seconds
[2025-03-16T08:52:36.493+0000] {processor.py:154} INFO - Started process (PID=2434) to work on /home/airflow/.local/lib/python3.7/site-packages/airflow/example_dags/example_branch_day_of_week_operator.py
[2025-03-16T08:52:36.495+0000] {processor.py:756} INFO - Processing file /home/airflow/.local/lib/python3.7/site-packages/airflow/example_dags/example_branch_day_of_week_operator.py for tasks to queue
[2025-03-16T08:52:36.496+0000] {logging_mixin.py:120} INFO - [2025-03-16T08:52:36.496+0000] {dagbag.py:537} INFO - Filling up the DagBag from /home/airflow/.local/lib/python3.7/site-packages/airflow/example_dags/example_branch_day_of_week_operator.py
[2025-03-16T08:52:36.517+0000] {processor.py:766} INFO - DAG(s) dict_keys(['example_weekday_branch_operator']) retrieved from /home/airflow/.local/lib/python3.7/site-packages/airflow/example_dags/example_branch_day_of_week_operator.py
[2025-03-16T08:52:36.587+0000] {logging_mixin.py:120} INFO - [2025-03-16T08:52:36.587+0000] {dag.py:2585} INFO - Sync 1 DAGs
[2025-03-16T08:52:36.624+0000] {logging_mixin.py:120} INFO - [2025-03-16T08:52:36.623+0000] {dag.py:3340} INFO - Setting next_dagrun for example_weekday_branch_operator to 2025-03-15T00:00:00+00:00, run_after=2025-03-16T00:00:00+00:00
[2025-03-16T08:52:36.648+0000] {processor.py:176} INFO - Processing /home/airflow/.local/lib/python3.7/site-packages/airflow/example_dags/example_branch_day_of_week_operator.py took 0.161 seconds
[2025-03-16T08:53:07.476+0000] {processor.py:154} INFO - Started process (PID=2488) to work on /home/airflow/.local/lib/python3.7/site-packages/airflow/example_dags/example_branch_day_of_week_operator.py
[2025-03-16T08:53:07.478+0000] {processor.py:756} INFO - Processing file /home/airflow/.local/lib/python3.7/site-packages/airflow/example_dags/example_branch_day_of_week_operator.py for tasks to queue
[2025-03-16T08:53:07.480+0000] {logging_mixin.py:120} INFO - [2025-03-16T08:53:07.480+0000] {dagbag.py:537} INFO - Filling up the DagBag from /home/airflow/.local/lib/python3.7/site-packages/airflow/example_dags/example_branch_day_of_week_operator.py
[2025-03-16T08:53:07.511+0000] {processor.py:766} INFO - DAG(s) dict_keys(['example_weekday_branch_operator']) retrieved from /home/airflow/.local/lib/python3.7/site-packages/airflow/example_dags/example_branch_day_of_week_operator.py
[2025-03-16T08:53:07.590+0000] {logging_mixin.py:120} INFO - [2025-03-16T08:53:07.589+0000] {dag.py:2585} INFO - Sync 1 DAGs
[2025-03-16T08:53:07.652+0000] {logging_mixin.py:120} INFO - [2025-03-16T08:53:07.651+0000] {dag.py:3340} INFO - Setting next_dagrun for example_weekday_branch_operator to 2025-03-15T00:00:00+00:00, run_after=2025-03-16T00:00:00+00:00
[2025-03-16T08:53:07.682+0000] {processor.py:176} INFO - Processing /home/airflow/.local/lib/python3.7/site-packages/airflow/example_dags/example_branch_day_of_week_operator.py took 0.212 seconds
[2025-03-16T08:53:38.237+0000] {processor.py:154} INFO - Started process (PID=2552) to work on /home/airflow/.local/lib/python3.7/site-packages/airflow/example_dags/example_branch_day_of_week_operator.py
[2025-03-16T08:53:38.238+0000] {processor.py:756} INFO - Processing file /home/airflow/.local/lib/python3.7/site-packages/airflow/example_dags/example_branch_day_of_week_operator.py for tasks to queue
[2025-03-16T08:53:38.239+0000] {logging_mixin.py:120} INFO - [2025-03-16T08:53:38.239+0000] {dagbag.py:537} INFO - Filling up the DagBag from /home/airflow/.local/lib/python3.7/site-packages/airflow/example_dags/example_branch_day_of_week_operator.py
[2025-03-16T08:53:38.259+0000] {processor.py:766} INFO - DAG(s) dict_keys(['example_weekday_branch_operator']) retrieved from /home/airflow/.local/lib/python3.7/site-packages/airflow/example_dags/example_branch_day_of_week_operator.py
[2025-03-16T08:53:38.323+0000] {logging_mixin.py:120} INFO - [2025-03-16T08:53:38.323+0000] {dag.py:2585} INFO - Sync 1 DAGs
[2025-03-16T08:53:38.359+0000] {logging_mixin.py:120} INFO - [2025-03-16T08:53:38.359+0000] {dag.py:3340} INFO - Setting next_dagrun for example_weekday_branch_operator to 2025-03-15T00:00:00+00:00, run_after=2025-03-16T00:00:00+00:00
[2025-03-16T08:53:38.388+0000] {processor.py:176} INFO - Processing /home/airflow/.local/lib/python3.7/site-packages/airflow/example_dags/example_branch_day_of_week_operator.py took 0.155 seconds
[2025-03-16T08:54:08.936+0000] {processor.py:154} INFO - Started process (PID=2606) to work on /home/airflow/.local/lib/python3.7/site-packages/airflow/example_dags/example_branch_day_of_week_operator.py
[2025-03-16T08:54:08.937+0000] {processor.py:756} INFO - Processing file /home/airflow/.local/lib/python3.7/site-packages/airflow/example_dags/example_branch_day_of_week_operator.py for tasks to queue
[2025-03-16T08:54:08.938+0000] {logging_mixin.py:120} INFO - [2025-03-16T08:54:08.938+0000] {dagbag.py:537} INFO - Filling up the DagBag from /home/airflow/.local/lib/python3.7/site-packages/airflow/example_dags/example_branch_day_of_week_operator.py
[2025-03-16T08:54:08.988+0000] {processor.py:766} INFO - DAG(s) dict_keys(['example_weekday_branch_operator']) retrieved from /home/airflow/.local/lib/python3.7/site-packages/airflow/example_dags/example_branch_day_of_week_operator.py
[2025-03-16T08:54:09.076+0000] {logging_mixin.py:120} INFO - [2025-03-16T08:54:09.075+0000] {dag.py:2585} INFO - Sync 1 DAGs
[2025-03-16T08:54:09.146+0000] {logging_mixin.py:120} INFO - [2025-03-16T08:54:09.146+0000] {dag.py:3340} INFO - Setting next_dagrun for example_weekday_branch_operator to 2025-03-15T00:00:00+00:00, run_after=2025-03-16T00:00:00+00:00
[2025-03-16T08:54:09.179+0000] {processor.py:176} INFO - Processing /home/airflow/.local/lib/python3.7/site-packages/airflow/example_dags/example_branch_day_of_week_operator.py took 0.249 seconds
[2025-03-16T08:54:39.926+0000] {processor.py:154} INFO - Started process (PID=2668) to work on /home/airflow/.local/lib/python3.7/site-packages/airflow/example_dags/example_branch_day_of_week_operator.py
[2025-03-16T08:54:39.928+0000] {processor.py:756} INFO - Processing file /home/airflow/.local/lib/python3.7/site-packages/airflow/example_dags/example_branch_day_of_week_operator.py for tasks to queue
[2025-03-16T08:54:39.929+0000] {logging_mixin.py:120} INFO - [2025-03-16T08:54:39.929+0000] {dagbag.py:537} INFO - Filling up the DagBag from /home/airflow/.local/lib/python3.7/site-packages/airflow/example_dags/example_branch_day_of_week_operator.py
[2025-03-16T08:54:39.961+0000] {processor.py:766} INFO - DAG(s) dict_keys(['example_weekday_branch_operator']) retrieved from /home/airflow/.local/lib/python3.7/site-packages/airflow/example_dags/example_branch_day_of_week_operator.py
[2025-03-16T08:54:40.015+0000] {logging_mixin.py:120} INFO - [2025-03-16T08:54:40.015+0000] {dag.py:2585} INFO - Sync 1 DAGs
[2025-03-16T08:54:40.065+0000] {logging_mixin.py:120} INFO - [2025-03-16T08:54:40.064+0000] {dag.py:3340} INFO - Setting next_dagrun for example_weekday_branch_operator to 2025-03-15T00:00:00+00:00, run_after=2025-03-16T00:00:00+00:00
[2025-03-16T08:54:40.090+0000] {processor.py:176} INFO - Processing /home/airflow/.local/lib/python3.7/site-packages/airflow/example_dags/example_branch_day_of_week_operator.py took 0.170 seconds
[2025-03-16T08:55:10.336+0000] {processor.py:154} INFO - Started process (PID=2722) to work on /home/airflow/.local/lib/python3.7/site-packages/airflow/example_dags/example_branch_day_of_week_operator.py
[2025-03-16T08:55:10.337+0000] {processor.py:756} INFO - Processing file /home/airflow/.local/lib/python3.7/site-packages/airflow/example_dags/example_branch_day_of_week_operator.py for tasks to queue
[2025-03-16T08:55:10.338+0000] {logging_mixin.py:120} INFO - [2025-03-16T08:55:10.338+0000] {dagbag.py:537} INFO - Filling up the DagBag from /home/airflow/.local/lib/python3.7/site-packages/airflow/example_dags/example_branch_day_of_week_operator.py
[2025-03-16T08:55:10.358+0000] {processor.py:766} INFO - DAG(s) dict_keys(['example_weekday_branch_operator']) retrieved from /home/airflow/.local/lib/python3.7/site-packages/airflow/example_dags/example_branch_day_of_week_operator.py
[2025-03-16T08:55:10.406+0000] {logging_mixin.py:120} INFO - [2025-03-16T08:55:10.405+0000] {dag.py:2585} INFO - Sync 1 DAGs
[2025-03-16T08:55:10.452+0000] {logging_mixin.py:120} INFO - [2025-03-16T08:55:10.452+0000] {dag.py:3340} INFO - Setting next_dagrun for example_weekday_branch_operator to 2025-03-15T00:00:00+00:00, run_after=2025-03-16T00:00:00+00:00
[2025-03-16T08:55:10.473+0000] {processor.py:176} INFO - Processing /home/airflow/.local/lib/python3.7/site-packages/airflow/example_dags/example_branch_day_of_week_operator.py took 0.141 seconds
[2025-03-16T08:55:40.731+0000] {processor.py:154} INFO - Started process (PID=2784) to work on /home/airflow/.local/lib/python3.7/site-packages/airflow/example_dags/example_branch_day_of_week_operator.py
[2025-03-16T08:55:40.733+0000] {processor.py:756} INFO - Processing file /home/airflow/.local/lib/python3.7/site-packages/airflow/example_dags/example_branch_day_of_week_operator.py for tasks to queue
[2025-03-16T08:55:40.735+0000] {logging_mixin.py:120} INFO - [2025-03-16T08:55:40.735+0000] {dagbag.py:537} INFO - Filling up the DagBag from /home/airflow/.local/lib/python3.7/site-packages/airflow/example_dags/example_branch_day_of_week_operator.py
[2025-03-16T08:55:40.763+0000] {processor.py:766} INFO - DAG(s) dict_keys(['example_weekday_branch_operator']) retrieved from /home/airflow/.local/lib/python3.7/site-packages/airflow/example_dags/example_branch_day_of_week_operator.py
[2025-03-16T08:55:40.903+0000] {logging_mixin.py:120} INFO - [2025-03-16T08:55:40.903+0000] {dag.py:2585} INFO - Sync 1 DAGs
[2025-03-16T08:55:40.962+0000] {logging_mixin.py:120} INFO - [2025-03-16T08:55:40.962+0000] {dag.py:3340} INFO - Setting next_dagrun for example_weekday_branch_operator to 2025-03-15T00:00:00+00:00, run_after=2025-03-16T00:00:00+00:00
[2025-03-16T08:55:40.993+0000] {processor.py:176} INFO - Processing /home/airflow/.local/lib/python3.7/site-packages/airflow/example_dags/example_branch_day_of_week_operator.py took 0.268 seconds
[2025-03-16T08:56:11.260+0000] {processor.py:154} INFO - Started process (PID=2838) to work on /home/airflow/.local/lib/python3.7/site-packages/airflow/example_dags/example_branch_day_of_week_operator.py
[2025-03-16T08:56:11.262+0000] {processor.py:756} INFO - Processing file /home/airflow/.local/lib/python3.7/site-packages/airflow/example_dags/example_branch_day_of_week_operator.py for tasks to queue
[2025-03-16T08:56:11.263+0000] {logging_mixin.py:120} INFO - [2025-03-16T08:56:11.262+0000] {dagbag.py:537} INFO - Filling up the DagBag from /home/airflow/.local/lib/python3.7/site-packages/airflow/example_dags/example_branch_day_of_week_operator.py
[2025-03-16T08:56:11.292+0000] {processor.py:766} INFO - DAG(s) dict_keys(['example_weekday_branch_operator']) retrieved from /home/airflow/.local/lib/python3.7/site-packages/airflow/example_dags/example_branch_day_of_week_operator.py
[2025-03-16T08:56:11.363+0000] {logging_mixin.py:120} INFO - [2025-03-16T08:56:11.363+0000] {dag.py:2585} INFO - Sync 1 DAGs
[2025-03-16T08:56:11.420+0000] {logging_mixin.py:120} INFO - [2025-03-16T08:56:11.420+0000] {dag.py:3340} INFO - Setting next_dagrun for example_weekday_branch_operator to 2025-03-15T00:00:00+00:00, run_after=2025-03-16T00:00:00+00:00
[2025-03-16T08:56:11.459+0000] {processor.py:176} INFO - Processing /home/airflow/.local/lib/python3.7/site-packages/airflow/example_dags/example_branch_day_of_week_operator.py took 0.205 seconds
[2025-03-16T08:56:41.941+0000] {processor.py:154} INFO - Started process (PID=2901) to work on /home/airflow/.local/lib/python3.7/site-packages/airflow/example_dags/example_branch_day_of_week_operator.py
[2025-03-16T08:56:41.943+0000] {processor.py:756} INFO - Processing file /home/airflow/.local/lib/python3.7/site-packages/airflow/example_dags/example_branch_day_of_week_operator.py for tasks to queue
[2025-03-16T08:56:41.944+0000] {logging_mixin.py:120} INFO - [2025-03-16T08:56:41.943+0000] {dagbag.py:537} INFO - Filling up the DagBag from /home/airflow/.local/lib/python3.7/site-packages/airflow/example_dags/example_branch_day_of_week_operator.py
[2025-03-16T08:56:41.974+0000] {processor.py:766} INFO - DAG(s) dict_keys(['example_weekday_branch_operator']) retrieved from /home/airflow/.local/lib/python3.7/site-packages/airflow/example_dags/example_branch_day_of_week_operator.py
[2025-03-16T08:56:42.042+0000] {logging_mixin.py:120} INFO - [2025-03-16T08:56:42.042+0000] {dag.py:2585} INFO - Sync 1 DAGs
[2025-03-16T08:56:42.097+0000] {logging_mixin.py:120} INFO - [2025-03-16T08:56:42.097+0000] {dag.py:3340} INFO - Setting next_dagrun for example_weekday_branch_operator to 2025-03-15T00:00:00+00:00, run_after=2025-03-16T00:00:00+00:00
[2025-03-16T08:56:42.126+0000] {processor.py:176} INFO - Processing /home/airflow/.local/lib/python3.7/site-packages/airflow/example_dags/example_branch_day_of_week_operator.py took 0.191 seconds
