[2025-03-16T08:31:37.274+0000] {processor.py:154} INFO - Started process (PID=44) to work on /home/airflow/.local/lib/python3.7/site-packages/airflow/example_dags/example_branch_operator_decorator.py
[2025-03-16T08:31:37.277+0000] {processor.py:756} INFO - Processing file /home/airflow/.local/lib/python3.7/site-packages/airflow/example_dags/example_branch_operator_decorator.py for tasks to queue
[2025-03-16T08:31:37.278+0000] {logging_mixin.py:120} INFO - [2025-03-16T08:31:37.278+0000] {dagbag.py:537} INFO - Filling up the DagBag from /home/airflow/.local/lib/python3.7/site-packages/airflow/example_dags/example_branch_operator_decorator.py
[2025-03-16T08:31:37.349+0000] {processor.py:766} INFO - DAG(s) dict_keys(['example_branch_python_operator_decorator']) retrieved from /home/airflow/.local/lib/python3.7/site-packages/airflow/example_dags/example_branch_operator_decorator.py
[2025-03-16T08:31:37.746+0000] {logging_mixin.py:120} INFO - [2025-03-16T08:31:37.746+0000] {manager.py:507} INFO - Created Permission View: can read on DAG:example_branch_python_operator_decorator
[2025-03-16T08:31:37.788+0000] {logging_mixin.py:120} INFO - [2025-03-16T08:31:37.788+0000] {manager.py:507} INFO - Created Permission View: can edit on DAG:example_branch_python_operator_decorator
[2025-03-16T08:31:37.817+0000] {logging_mixin.py:120} INFO - [2025-03-16T08:31:37.816+0000] {manager.py:507} INFO - Created Permission View: can delete on DAG:example_branch_python_operator_decorator
[2025-03-16T08:31:37.817+0000] {logging_mixin.py:120} INFO - [2025-03-16T08:31:37.817+0000] {dag.py:2585} INFO - Sync 1 DAGs
[2025-03-16T08:31:37.882+0000] {logging_mixin.py:120} INFO - [2025-03-16T08:31:37.882+0000] {dag.py:2606} INFO - Creating ORM DAG for example_branch_python_operator_decorator
[2025-03-16T08:31:37.926+0000] {logging_mixin.py:120} INFO - [2025-03-16T08:31:37.926+0000] {dag.py:3340} INFO - Setting next_dagrun for example_branch_python_operator_decorator to 2025-03-15T00:00:00+00:00, run_after=2025-03-16T00:00:00+00:00
[2025-03-16T08:31:37.989+0000] {processor.py:176} INFO - Processing /home/airflow/.local/lib/python3.7/site-packages/airflow/example_dags/example_branch_operator_decorator.py took 0.724 seconds
[2025-03-16T08:32:08.088+0000] {processor.py:154} INFO - Started process (PID=98) to work on /home/airflow/.local/lib/python3.7/site-packages/airflow/example_dags/example_branch_operator_decorator.py
[2025-03-16T08:32:08.090+0000] {processor.py:756} INFO - Processing file /home/airflow/.local/lib/python3.7/site-packages/airflow/example_dags/example_branch_operator_decorator.py for tasks to queue
[2025-03-16T08:32:08.091+0000] {logging_mixin.py:120} INFO - [2025-03-16T08:32:08.090+0000] {dagbag.py:537} INFO - Filling up the DagBag from /home/airflow/.local/lib/python3.7/site-packages/airflow/example_dags/example_branch_operator_decorator.py
[2025-03-16T08:32:08.123+0000] {processor.py:766} INFO - DAG(s) dict_keys(['example_branch_python_operator_decorator']) retrieved from /home/airflow/.local/lib/python3.7/site-packages/airflow/example_dags/example_branch_operator_decorator.py
[2025-03-16T08:32:08.171+0000] {logging_mixin.py:120} INFO - [2025-03-16T08:32:08.171+0000] {dag.py:2585} INFO - Sync 1 DAGs
[2025-03-16T08:32:08.217+0000] {logging_mixin.py:120} INFO - [2025-03-16T08:32:08.216+0000] {dag.py:3340} INFO - Setting next_dagrun for example_branch_python_operator_decorator to 2025-03-15T00:00:00+00:00, run_after=2025-03-16T00:00:00+00:00
[2025-03-16T08:32:08.240+0000] {processor.py:176} INFO - Processing /home/airflow/.local/lib/python3.7/site-packages/airflow/example_dags/example_branch_operator_decorator.py took 0.155 seconds
[2025-03-16T08:32:38.709+0000] {processor.py:154} INFO - Started process (PID=162) to work on /home/airflow/.local/lib/python3.7/site-packages/airflow/example_dags/example_branch_operator_decorator.py
[2025-03-16T08:32:38.712+0000] {processor.py:756} INFO - Processing file /home/airflow/.local/lib/python3.7/site-packages/airflow/example_dags/example_branch_operator_decorator.py for tasks to queue
[2025-03-16T08:32:38.713+0000] {logging_mixin.py:120} INFO - [2025-03-16T08:32:38.713+0000] {dagbag.py:537} INFO - Filling up the DagBag from /home/airflow/.local/lib/python3.7/site-packages/airflow/example_dags/example_branch_operator_decorator.py
[2025-03-16T08:32:38.762+0000] {processor.py:766} INFO - DAG(s) dict_keys(['example_branch_python_operator_decorator']) retrieved from /home/airflow/.local/lib/python3.7/site-packages/airflow/example_dags/example_branch_operator_decorator.py
[2025-03-16T08:32:38.837+0000] {logging_mixin.py:120} INFO - [2025-03-16T08:32:38.837+0000] {dag.py:2585} INFO - Sync 1 DAGs
[2025-03-16T08:32:38.887+0000] {logging_mixin.py:120} INFO - [2025-03-16T08:32:38.887+0000] {dag.py:3340} INFO - Setting next_dagrun for example_branch_python_operator_decorator to 2025-03-15T00:00:00+00:00, run_after=2025-03-16T00:00:00+00:00
[2025-03-16T08:32:38.933+0000] {processor.py:176} INFO - Processing /home/airflow/.local/lib/python3.7/site-packages/airflow/example_dags/example_branch_operator_decorator.py took 0.237 seconds
[2025-03-16T08:33:09.021+0000] {processor.py:154} INFO - Started process (PID=214) to work on /home/airflow/.local/lib/python3.7/site-packages/airflow/example_dags/example_branch_operator_decorator.py
[2025-03-16T08:33:09.023+0000] {processor.py:756} INFO - Processing file /home/airflow/.local/lib/python3.7/site-packages/airflow/example_dags/example_branch_operator_decorator.py for tasks to queue
[2025-03-16T08:33:09.023+0000] {logging_mixin.py:120} INFO - [2025-03-16T08:33:09.023+0000] {dagbag.py:537} INFO - Filling up the DagBag from /home/airflow/.local/lib/python3.7/site-packages/airflow/example_dags/example_branch_operator_decorator.py
[2025-03-16T08:33:09.049+0000] {processor.py:766} INFO - DAG(s) dict_keys(['example_branch_python_operator_decorator']) retrieved from /home/airflow/.local/lib/python3.7/site-packages/airflow/example_dags/example_branch_operator_decorator.py
[2025-03-16T08:33:09.095+0000] {logging_mixin.py:120} INFO - [2025-03-16T08:33:09.095+0000] {dag.py:2585} INFO - Sync 1 DAGs
[2025-03-16T08:33:09.124+0000] {logging_mixin.py:120} INFO - [2025-03-16T08:33:09.124+0000] {dag.py:3340} INFO - Setting next_dagrun for example_branch_python_operator_decorator to 2025-03-15T00:00:00+00:00, run_after=2025-03-16T00:00:00+00:00
[2025-03-16T08:33:09.144+0000] {processor.py:176} INFO - Processing /home/airflow/.local/lib/python3.7/site-packages/airflow/example_dags/example_branch_operator_decorator.py took 0.128 seconds
[2025-03-16T08:33:39.900+0000] {processor.py:154} INFO - Started process (PID=277) to work on /home/airflow/.local/lib/python3.7/site-packages/airflow/example_dags/example_branch_operator_decorator.py
[2025-03-16T08:33:39.903+0000] {processor.py:756} INFO - Processing file /home/airflow/.local/lib/python3.7/site-packages/airflow/example_dags/example_branch_operator_decorator.py for tasks to queue
[2025-03-16T08:33:39.904+0000] {logging_mixin.py:120} INFO - [2025-03-16T08:33:39.904+0000] {dagbag.py:537} INFO - Filling up the DagBag from /home/airflow/.local/lib/python3.7/site-packages/airflow/example_dags/example_branch_operator_decorator.py
[2025-03-16T08:33:39.960+0000] {processor.py:766} INFO - DAG(s) dict_keys(['example_branch_python_operator_decorator']) retrieved from /home/airflow/.local/lib/python3.7/site-packages/airflow/example_dags/example_branch_operator_decorator.py
[2025-03-16T08:33:40.060+0000] {logging_mixin.py:120} INFO - [2025-03-16T08:33:40.060+0000] {dag.py:2585} INFO - Sync 1 DAGs
[2025-03-16T08:33:40.128+0000] {logging_mixin.py:120} INFO - [2025-03-16T08:33:40.128+0000] {dag.py:3340} INFO - Setting next_dagrun for example_branch_python_operator_decorator to 2025-03-15T00:00:00+00:00, run_after=2025-03-16T00:00:00+00:00
[2025-03-16T08:33:40.158+0000] {processor.py:176} INFO - Processing /home/airflow/.local/lib/python3.7/site-packages/airflow/example_dags/example_branch_operator_decorator.py took 0.271 seconds
[2025-03-16T08:34:11.085+0000] {processor.py:154} INFO - Started process (PID=333) to work on /home/airflow/.local/lib/python3.7/site-packages/airflow/example_dags/example_branch_operator_decorator.py
[2025-03-16T08:34:11.087+0000] {processor.py:756} INFO - Processing file /home/airflow/.local/lib/python3.7/site-packages/airflow/example_dags/example_branch_operator_decorator.py for tasks to queue
[2025-03-16T08:34:11.088+0000] {logging_mixin.py:120} INFO - [2025-03-16T08:34:11.088+0000] {dagbag.py:537} INFO - Filling up the DagBag from /home/airflow/.local/lib/python3.7/site-packages/airflow/example_dags/example_branch_operator_decorator.py
[2025-03-16T08:34:11.134+0000] {processor.py:766} INFO - DAG(s) dict_keys(['example_branch_python_operator_decorator']) retrieved from /home/airflow/.local/lib/python3.7/site-packages/airflow/example_dags/example_branch_operator_decorator.py
[2025-03-16T08:34:11.221+0000] {logging_mixin.py:120} INFO - [2025-03-16T08:34:11.221+0000] {dag.py:2585} INFO - Sync 1 DAGs
[2025-03-16T08:34:11.278+0000] {logging_mixin.py:120} INFO - [2025-03-16T08:34:11.277+0000] {dag.py:3340} INFO - Setting next_dagrun for example_branch_python_operator_decorator to 2025-03-15T00:00:00+00:00, run_after=2025-03-16T00:00:00+00:00
[2025-03-16T08:34:11.320+0000] {processor.py:176} INFO - Processing /home/airflow/.local/lib/python3.7/site-packages/airflow/example_dags/example_branch_operator_decorator.py took 0.240 seconds
[2025-03-16T08:34:41.993+0000] {processor.py:154} INFO - Started process (PID=395) to work on /home/airflow/.local/lib/python3.7/site-packages/airflow/example_dags/example_branch_operator_decorator.py
[2025-03-16T08:34:41.995+0000] {processor.py:756} INFO - Processing file /home/airflow/.local/lib/python3.7/site-packages/airflow/example_dags/example_branch_operator_decorator.py for tasks to queue
[2025-03-16T08:34:41.999+0000] {logging_mixin.py:120} INFO - [2025-03-16T08:34:41.998+0000] {dagbag.py:537} INFO - Filling up the DagBag from /home/airflow/.local/lib/python3.7/site-packages/airflow/example_dags/example_branch_operator_decorator.py
[2025-03-16T08:34:42.086+0000] {processor.py:766} INFO - DAG(s) dict_keys(['example_branch_python_operator_decorator']) retrieved from /home/airflow/.local/lib/python3.7/site-packages/airflow/example_dags/example_branch_operator_decorator.py
[2025-03-16T08:34:42.177+0000] {logging_mixin.py:120} INFO - [2025-03-16T08:34:42.176+0000] {dag.py:2585} INFO - Sync 1 DAGs
[2025-03-16T08:34:42.230+0000] {logging_mixin.py:120} INFO - [2025-03-16T08:34:42.230+0000] {dag.py:3340} INFO - Setting next_dagrun for example_branch_python_operator_decorator to 2025-03-15T00:00:00+00:00, run_after=2025-03-16T00:00:00+00:00
[2025-03-16T08:34:42.268+0000] {processor.py:176} INFO - Processing /home/airflow/.local/lib/python3.7/site-packages/airflow/example_dags/example_branch_operator_decorator.py took 0.286 seconds
[2025-03-16T08:35:12.445+0000] {processor.py:154} INFO - Started process (PID=449) to work on /home/airflow/.local/lib/python3.7/site-packages/airflow/example_dags/example_branch_operator_decorator.py
[2025-03-16T08:35:12.447+0000] {processor.py:756} INFO - Processing file /home/airflow/.local/lib/python3.7/site-packages/airflow/example_dags/example_branch_operator_decorator.py for tasks to queue
[2025-03-16T08:35:12.448+0000] {logging_mixin.py:120} INFO - [2025-03-16T08:35:12.448+0000] {dagbag.py:537} INFO - Filling up the DagBag from /home/airflow/.local/lib/python3.7/site-packages/airflow/example_dags/example_branch_operator_decorator.py
[2025-03-16T08:35:12.492+0000] {processor.py:766} INFO - DAG(s) dict_keys(['example_branch_python_operator_decorator']) retrieved from /home/airflow/.local/lib/python3.7/site-packages/airflow/example_dags/example_branch_operator_decorator.py
[2025-03-16T08:35:12.564+0000] {logging_mixin.py:120} INFO - [2025-03-16T08:35:12.563+0000] {dag.py:2585} INFO - Sync 1 DAGs
[2025-03-16T08:35:12.618+0000] {logging_mixin.py:120} INFO - [2025-03-16T08:35:12.618+0000] {dag.py:3340} INFO - Setting next_dagrun for example_branch_python_operator_decorator to 2025-03-15T00:00:00+00:00, run_after=2025-03-16T00:00:00+00:00
[2025-03-16T08:35:12.649+0000] {processor.py:176} INFO - Processing /home/airflow/.local/lib/python3.7/site-packages/airflow/example_dags/example_branch_operator_decorator.py took 0.209 seconds
[2025-03-16T08:35:42.932+0000] {processor.py:154} INFO - Started process (PID=512) to work on /home/airflow/.local/lib/python3.7/site-packages/airflow/example_dags/example_branch_operator_decorator.py
[2025-03-16T08:35:42.936+0000] {processor.py:756} INFO - Processing file /home/airflow/.local/lib/python3.7/site-packages/airflow/example_dags/example_branch_operator_decorator.py for tasks to queue
[2025-03-16T08:35:42.937+0000] {logging_mixin.py:120} INFO - [2025-03-16T08:35:42.936+0000] {dagbag.py:537} INFO - Filling up the DagBag from /home/airflow/.local/lib/python3.7/site-packages/airflow/example_dags/example_branch_operator_decorator.py
[2025-03-16T08:35:43.023+0000] {processor.py:766} INFO - DAG(s) dict_keys(['example_branch_python_operator_decorator']) retrieved from /home/airflow/.local/lib/python3.7/site-packages/airflow/example_dags/example_branch_operator_decorator.py
[2025-03-16T08:35:43.168+0000] {logging_mixin.py:120} INFO - [2025-03-16T08:35:43.167+0000] {dag.py:2585} INFO - Sync 1 DAGs
[2025-03-16T08:35:43.271+0000] {logging_mixin.py:120} INFO - [2025-03-16T08:35:43.267+0000] {dag.py:3340} INFO - Setting next_dagrun for example_branch_python_operator_decorator to 2025-03-15T00:00:00+00:00, run_after=2025-03-16T00:00:00+00:00
[2025-03-16T08:35:43.328+0000] {processor.py:176} INFO - Processing /home/airflow/.local/lib/python3.7/site-packages/airflow/example_dags/example_branch_operator_decorator.py took 0.407 seconds
[2025-03-16T08:36:13.958+0000] {processor.py:154} INFO - Started process (PID=566) to work on /home/airflow/.local/lib/python3.7/site-packages/airflow/example_dags/example_branch_operator_decorator.py
[2025-03-16T08:36:13.960+0000] {processor.py:756} INFO - Processing file /home/airflow/.local/lib/python3.7/site-packages/airflow/example_dags/example_branch_operator_decorator.py for tasks to queue
[2025-03-16T08:36:13.961+0000] {logging_mixin.py:120} INFO - [2025-03-16T08:36:13.961+0000] {dagbag.py:537} INFO - Filling up the DagBag from /home/airflow/.local/lib/python3.7/site-packages/airflow/example_dags/example_branch_operator_decorator.py
[2025-03-16T08:36:14.013+0000] {processor.py:766} INFO - DAG(s) dict_keys(['example_branch_python_operator_decorator']) retrieved from /home/airflow/.local/lib/python3.7/site-packages/airflow/example_dags/example_branch_operator_decorator.py
[2025-03-16T08:36:14.093+0000] {logging_mixin.py:120} INFO - [2025-03-16T08:36:14.092+0000] {dag.py:2585} INFO - Sync 1 DAGs
[2025-03-16T08:36:14.155+0000] {logging_mixin.py:120} INFO - [2025-03-16T08:36:14.155+0000] {dag.py:3340} INFO - Setting next_dagrun for example_branch_python_operator_decorator to 2025-03-15T00:00:00+00:00, run_after=2025-03-16T00:00:00+00:00
[2025-03-16T08:36:14.193+0000] {processor.py:176} INFO - Processing /home/airflow/.local/lib/python3.7/site-packages/airflow/example_dags/example_branch_operator_decorator.py took 0.240 seconds
[2025-03-16T08:36:44.906+0000] {processor.py:154} INFO - Started process (PID=629) to work on /home/airflow/.local/lib/python3.7/site-packages/airflow/example_dags/example_branch_operator_decorator.py
[2025-03-16T08:36:44.909+0000] {processor.py:756} INFO - Processing file /home/airflow/.local/lib/python3.7/site-packages/airflow/example_dags/example_branch_operator_decorator.py for tasks to queue
[2025-03-16T08:36:44.910+0000] {logging_mixin.py:120} INFO - [2025-03-16T08:36:44.910+0000] {dagbag.py:537} INFO - Filling up the DagBag from /home/airflow/.local/lib/python3.7/site-packages/airflow/example_dags/example_branch_operator_decorator.py
[2025-03-16T08:36:44.971+0000] {processor.py:766} INFO - DAG(s) dict_keys(['example_branch_python_operator_decorator']) retrieved from /home/airflow/.local/lib/python3.7/site-packages/airflow/example_dags/example_branch_operator_decorator.py
[2025-03-16T08:36:45.092+0000] {logging_mixin.py:120} INFO - [2025-03-16T08:36:45.091+0000] {dag.py:2585} INFO - Sync 1 DAGs
[2025-03-16T08:36:45.200+0000] {logging_mixin.py:120} INFO - [2025-03-16T08:36:45.199+0000] {dag.py:3340} INFO - Setting next_dagrun for example_branch_python_operator_decorator to 2025-03-15T00:00:00+00:00, run_after=2025-03-16T00:00:00+00:00
[2025-03-16T08:36:45.302+0000] {processor.py:176} INFO - Processing /home/airflow/.local/lib/python3.7/site-packages/airflow/example_dags/example_branch_operator_decorator.py took 0.408 seconds
[2025-03-16T08:37:15.423+0000] {processor.py:154} INFO - Started process (PID=682) to work on /home/airflow/.local/lib/python3.7/site-packages/airflow/example_dags/example_branch_operator_decorator.py
[2025-03-16T08:37:15.424+0000] {processor.py:756} INFO - Processing file /home/airflow/.local/lib/python3.7/site-packages/airflow/example_dags/example_branch_operator_decorator.py for tasks to queue
[2025-03-16T08:37:15.425+0000] {logging_mixin.py:120} INFO - [2025-03-16T08:37:15.425+0000] {dagbag.py:537} INFO - Filling up the DagBag from /home/airflow/.local/lib/python3.7/site-packages/airflow/example_dags/example_branch_operator_decorator.py
[2025-03-16T08:37:15.459+0000] {processor.py:766} INFO - DAG(s) dict_keys(['example_branch_python_operator_decorator']) retrieved from /home/airflow/.local/lib/python3.7/site-packages/airflow/example_dags/example_branch_operator_decorator.py
[2025-03-16T08:37:15.518+0000] {logging_mixin.py:120} INFO - [2025-03-16T08:37:15.518+0000] {dag.py:2585} INFO - Sync 1 DAGs
[2025-03-16T08:37:15.557+0000] {logging_mixin.py:120} INFO - [2025-03-16T08:37:15.557+0000] {dag.py:3340} INFO - Setting next_dagrun for example_branch_python_operator_decorator to 2025-03-15T00:00:00+00:00, run_after=2025-03-16T00:00:00+00:00
[2025-03-16T08:37:15.581+0000] {processor.py:176} INFO - Processing /home/airflow/.local/lib/python3.7/site-packages/airflow/example_dags/example_branch_operator_decorator.py took 0.165 seconds
[2025-03-16T08:37:46.483+0000] {processor.py:154} INFO - Started process (PID=745) to work on /home/airflow/.local/lib/python3.7/site-packages/airflow/example_dags/example_branch_operator_decorator.py
[2025-03-16T08:37:46.487+0000] {processor.py:756} INFO - Processing file /home/airflow/.local/lib/python3.7/site-packages/airflow/example_dags/example_branch_operator_decorator.py for tasks to queue
[2025-03-16T08:37:46.488+0000] {logging_mixin.py:120} INFO - [2025-03-16T08:37:46.487+0000] {dagbag.py:537} INFO - Filling up the DagBag from /home/airflow/.local/lib/python3.7/site-packages/airflow/example_dags/example_branch_operator_decorator.py
[2025-03-16T08:37:46.578+0000] {processor.py:766} INFO - DAG(s) dict_keys(['example_branch_python_operator_decorator']) retrieved from /home/airflow/.local/lib/python3.7/site-packages/airflow/example_dags/example_branch_operator_decorator.py
[2025-03-16T08:37:46.722+0000] {logging_mixin.py:120} INFO - [2025-03-16T08:37:46.722+0000] {dag.py:2585} INFO - Sync 1 DAGs
[2025-03-16T08:37:46.821+0000] {logging_mixin.py:120} INFO - [2025-03-16T08:37:46.821+0000] {dag.py:3340} INFO - Setting next_dagrun for example_branch_python_operator_decorator to 2025-03-15T00:00:00+00:00, run_after=2025-03-16T00:00:00+00:00
[2025-03-16T08:37:46.891+0000] {processor.py:176} INFO - Processing /home/airflow/.local/lib/python3.7/site-packages/airflow/example_dags/example_branch_operator_decorator.py took 0.419 seconds
[2025-03-16T08:38:17.521+0000] {processor.py:154} INFO - Started process (PID=800) to work on /home/airflow/.local/lib/python3.7/site-packages/airflow/example_dags/example_branch_operator_decorator.py
[2025-03-16T08:38:17.523+0000] {processor.py:756} INFO - Processing file /home/airflow/.local/lib/python3.7/site-packages/airflow/example_dags/example_branch_operator_decorator.py for tasks to queue
[2025-03-16T08:38:17.525+0000] {logging_mixin.py:120} INFO - [2025-03-16T08:38:17.524+0000] {dagbag.py:537} INFO - Filling up the DagBag from /home/airflow/.local/lib/python3.7/site-packages/airflow/example_dags/example_branch_operator_decorator.py
[2025-03-16T08:38:17.582+0000] {processor.py:766} INFO - DAG(s) dict_keys(['example_branch_python_operator_decorator']) retrieved from /home/airflow/.local/lib/python3.7/site-packages/airflow/example_dags/example_branch_operator_decorator.py
[2025-03-16T08:38:17.716+0000] {logging_mixin.py:120} INFO - [2025-03-16T08:38:17.715+0000] {dag.py:2585} INFO - Sync 1 DAGs
[2025-03-16T08:38:17.767+0000] {logging_mixin.py:120} INFO - [2025-03-16T08:38:17.767+0000] {dag.py:3340} INFO - Setting next_dagrun for example_branch_python_operator_decorator to 2025-03-15T00:00:00+00:00, run_after=2025-03-16T00:00:00+00:00
[2025-03-16T08:38:17.795+0000] {processor.py:176} INFO - Processing /home/airflow/.local/lib/python3.7/site-packages/airflow/example_dags/example_branch_operator_decorator.py took 0.281 seconds
[2025-03-16T08:38:48.053+0000] {processor.py:154} INFO - Started process (PID=863) to work on /home/airflow/.local/lib/python3.7/site-packages/airflow/example_dags/example_branch_operator_decorator.py
[2025-03-16T08:38:48.057+0000] {processor.py:756} INFO - Processing file /home/airflow/.local/lib/python3.7/site-packages/airflow/example_dags/example_branch_operator_decorator.py for tasks to queue
[2025-03-16T08:38:48.058+0000] {logging_mixin.py:120} INFO - [2025-03-16T08:38:48.058+0000] {dagbag.py:537} INFO - Filling up the DagBag from /home/airflow/.local/lib/python3.7/site-packages/airflow/example_dags/example_branch_operator_decorator.py
[2025-03-16T08:38:48.124+0000] {processor.py:766} INFO - DAG(s) dict_keys(['example_branch_python_operator_decorator']) retrieved from /home/airflow/.local/lib/python3.7/site-packages/airflow/example_dags/example_branch_operator_decorator.py
[2025-03-16T08:38:48.240+0000] {logging_mixin.py:120} INFO - [2025-03-16T08:38:48.239+0000] {dag.py:2585} INFO - Sync 1 DAGs
[2025-03-16T08:38:48.294+0000] {logging_mixin.py:120} INFO - [2025-03-16T08:38:48.294+0000] {dag.py:3340} INFO - Setting next_dagrun for example_branch_python_operator_decorator to 2025-03-15T00:00:00+00:00, run_after=2025-03-16T00:00:00+00:00
[2025-03-16T08:38:48.333+0000] {processor.py:176} INFO - Processing /home/airflow/.local/lib/python3.7/site-packages/airflow/example_dags/example_branch_operator_decorator.py took 0.292 seconds
[2025-03-16T08:39:18.910+0000] {processor.py:154} INFO - Started process (PID=917) to work on /home/airflow/.local/lib/python3.7/site-packages/airflow/example_dags/example_branch_operator_decorator.py
[2025-03-16T08:39:18.912+0000] {processor.py:756} INFO - Processing file /home/airflow/.local/lib/python3.7/site-packages/airflow/example_dags/example_branch_operator_decorator.py for tasks to queue
[2025-03-16T08:39:18.913+0000] {logging_mixin.py:120} INFO - [2025-03-16T08:39:18.913+0000] {dagbag.py:537} INFO - Filling up the DagBag from /home/airflow/.local/lib/python3.7/site-packages/airflow/example_dags/example_branch_operator_decorator.py
[2025-03-16T08:39:18.977+0000] {processor.py:766} INFO - DAG(s) dict_keys(['example_branch_python_operator_decorator']) retrieved from /home/airflow/.local/lib/python3.7/site-packages/airflow/example_dags/example_branch_operator_decorator.py
[2025-03-16T08:39:19.075+0000] {logging_mixin.py:120} INFO - [2025-03-16T08:39:19.074+0000] {dag.py:2585} INFO - Sync 1 DAGs
[2025-03-16T08:39:19.130+0000] {logging_mixin.py:120} INFO - [2025-03-16T08:39:19.129+0000] {dag.py:3340} INFO - Setting next_dagrun for example_branch_python_operator_decorator to 2025-03-15T00:00:00+00:00, run_after=2025-03-16T00:00:00+00:00
[2025-03-16T08:39:19.162+0000] {processor.py:176} INFO - Processing /home/airflow/.local/lib/python3.7/site-packages/airflow/example_dags/example_branch_operator_decorator.py took 0.258 seconds
[2025-03-16T08:39:49.471+0000] {processor.py:154} INFO - Started process (PID=971) to work on /home/airflow/.local/lib/python3.7/site-packages/airflow/example_dags/example_branch_operator_decorator.py
[2025-03-16T08:39:49.473+0000] {processor.py:756} INFO - Processing file /home/airflow/.local/lib/python3.7/site-packages/airflow/example_dags/example_branch_operator_decorator.py for tasks to queue
[2025-03-16T08:39:49.474+0000] {logging_mixin.py:120} INFO - [2025-03-16T08:39:49.474+0000] {dagbag.py:537} INFO - Filling up the DagBag from /home/airflow/.local/lib/python3.7/site-packages/airflow/example_dags/example_branch_operator_decorator.py
[2025-03-16T08:39:49.520+0000] {processor.py:766} INFO - DAG(s) dict_keys(['example_branch_python_operator_decorator']) retrieved from /home/airflow/.local/lib/python3.7/site-packages/airflow/example_dags/example_branch_operator_decorator.py
[2025-03-16T08:39:49.597+0000] {logging_mixin.py:120} INFO - [2025-03-16T08:39:49.597+0000] {dag.py:2585} INFO - Sync 1 DAGs
[2025-03-16T08:39:49.649+0000] {logging_mixin.py:120} INFO - [2025-03-16T08:39:49.648+0000] {dag.py:3340} INFO - Setting next_dagrun for example_branch_python_operator_decorator to 2025-03-15T00:00:00+00:00, run_after=2025-03-16T00:00:00+00:00
[2025-03-16T08:39:49.681+0000] {processor.py:176} INFO - Processing /home/airflow/.local/lib/python3.7/site-packages/airflow/example_dags/example_branch_operator_decorator.py took 0.219 seconds
[2025-03-16T08:40:20.147+0000] {processor.py:154} INFO - Started process (PID=1034) to work on /home/airflow/.local/lib/python3.7/site-packages/airflow/example_dags/example_branch_operator_decorator.py
[2025-03-16T08:40:20.150+0000] {processor.py:756} INFO - Processing file /home/airflow/.local/lib/python3.7/site-packages/airflow/example_dags/example_branch_operator_decorator.py for tasks to queue
[2025-03-16T08:40:20.151+0000] {logging_mixin.py:120} INFO - [2025-03-16T08:40:20.151+0000] {dagbag.py:537} INFO - Filling up the DagBag from /home/airflow/.local/lib/python3.7/site-packages/airflow/example_dags/example_branch_operator_decorator.py
[2025-03-16T08:40:20.241+0000] {processor.py:766} INFO - DAG(s) dict_keys(['example_branch_python_operator_decorator']) retrieved from /home/airflow/.local/lib/python3.7/site-packages/airflow/example_dags/example_branch_operator_decorator.py
[2025-03-16T08:40:20.359+0000] {logging_mixin.py:120} INFO - [2025-03-16T08:40:20.359+0000] {dag.py:2585} INFO - Sync 1 DAGs
[2025-03-16T08:40:20.409+0000] {logging_mixin.py:120} INFO - [2025-03-16T08:40:20.409+0000] {dag.py:3340} INFO - Setting next_dagrun for example_branch_python_operator_decorator to 2025-03-15T00:00:00+00:00, run_after=2025-03-16T00:00:00+00:00
[2025-03-16T08:40:20.445+0000] {processor.py:176} INFO - Processing /home/airflow/.local/lib/python3.7/site-packages/airflow/example_dags/example_branch_operator_decorator.py took 0.306 seconds
[2025-03-16T08:40:50.543+0000] {processor.py:154} INFO - Started process (PID=1088) to work on /home/airflow/.local/lib/python3.7/site-packages/airflow/example_dags/example_branch_operator_decorator.py
[2025-03-16T08:40:50.545+0000] {processor.py:756} INFO - Processing file /home/airflow/.local/lib/python3.7/site-packages/airflow/example_dags/example_branch_operator_decorator.py for tasks to queue
[2025-03-16T08:40:50.548+0000] {logging_mixin.py:120} INFO - [2025-03-16T08:40:50.546+0000] {dagbag.py:537} INFO - Filling up the DagBag from /home/airflow/.local/lib/python3.7/site-packages/airflow/example_dags/example_branch_operator_decorator.py
[2025-03-16T08:40:50.606+0000] {processor.py:766} INFO - DAG(s) dict_keys(['example_branch_python_operator_decorator']) retrieved from /home/airflow/.local/lib/python3.7/site-packages/airflow/example_dags/example_branch_operator_decorator.py
[2025-03-16T08:40:50.681+0000] {logging_mixin.py:120} INFO - [2025-03-16T08:40:50.681+0000] {dag.py:2585} INFO - Sync 1 DAGs
[2025-03-16T08:40:50.736+0000] {logging_mixin.py:120} INFO - [2025-03-16T08:40:50.736+0000] {dag.py:3340} INFO - Setting next_dagrun for example_branch_python_operator_decorator to 2025-03-15T00:00:00+00:00, run_after=2025-03-16T00:00:00+00:00
[2025-03-16T08:40:50.794+0000] {processor.py:176} INFO - Processing /home/airflow/.local/lib/python3.7/site-packages/airflow/example_dags/example_branch_operator_decorator.py took 0.257 seconds
[2025-03-16T08:41:21.431+0000] {processor.py:154} INFO - Started process (PID=1151) to work on /home/airflow/.local/lib/python3.7/site-packages/airflow/example_dags/example_branch_operator_decorator.py
[2025-03-16T08:41:21.437+0000] {processor.py:756} INFO - Processing file /home/airflow/.local/lib/python3.7/site-packages/airflow/example_dags/example_branch_operator_decorator.py for tasks to queue
[2025-03-16T08:41:21.440+0000] {logging_mixin.py:120} INFO - [2025-03-16T08:41:21.440+0000] {dagbag.py:537} INFO - Filling up the DagBag from /home/airflow/.local/lib/python3.7/site-packages/airflow/example_dags/example_branch_operator_decorator.py
[2025-03-16T08:41:21.504+0000] {processor.py:766} INFO - DAG(s) dict_keys(['example_branch_python_operator_decorator']) retrieved from /home/airflow/.local/lib/python3.7/site-packages/airflow/example_dags/example_branch_operator_decorator.py
[2025-03-16T08:41:21.598+0000] {logging_mixin.py:120} INFO - [2025-03-16T08:41:21.597+0000] {dag.py:2585} INFO - Sync 1 DAGs
[2025-03-16T08:41:21.658+0000] {logging_mixin.py:120} INFO - [2025-03-16T08:41:21.658+0000] {dag.py:3340} INFO - Setting next_dagrun for example_branch_python_operator_decorator to 2025-03-15T00:00:00+00:00, run_after=2025-03-16T00:00:00+00:00
[2025-03-16T08:41:21.691+0000] {processor.py:176} INFO - Processing /home/airflow/.local/lib/python3.7/site-packages/airflow/example_dags/example_branch_operator_decorator.py took 0.267 seconds
[2025-03-16T08:41:51.880+0000] {processor.py:154} INFO - Started process (PID=1205) to work on /home/airflow/.local/lib/python3.7/site-packages/airflow/example_dags/example_branch_operator_decorator.py
[2025-03-16T08:41:51.883+0000] {processor.py:756} INFO - Processing file /home/airflow/.local/lib/python3.7/site-packages/airflow/example_dags/example_branch_operator_decorator.py for tasks to queue
[2025-03-16T08:41:51.886+0000] {logging_mixin.py:120} INFO - [2025-03-16T08:41:51.884+0000] {dagbag.py:537} INFO - Filling up the DagBag from /home/airflow/.local/lib/python3.7/site-packages/airflow/example_dags/example_branch_operator_decorator.py
[2025-03-16T08:41:51.958+0000] {processor.py:766} INFO - DAG(s) dict_keys(['example_branch_python_operator_decorator']) retrieved from /home/airflow/.local/lib/python3.7/site-packages/airflow/example_dags/example_branch_operator_decorator.py
[2025-03-16T08:41:52.042+0000] {logging_mixin.py:120} INFO - [2025-03-16T08:41:52.041+0000] {dag.py:2585} INFO - Sync 1 DAGs
[2025-03-16T08:41:52.100+0000] {logging_mixin.py:120} INFO - [2025-03-16T08:41:52.099+0000] {dag.py:3340} INFO - Setting next_dagrun for example_branch_python_operator_decorator to 2025-03-15T00:00:00+00:00, run_after=2025-03-16T00:00:00+00:00
[2025-03-16T08:41:52.144+0000] {processor.py:176} INFO - Processing /home/airflow/.local/lib/python3.7/site-packages/airflow/example_dags/example_branch_operator_decorator.py took 0.276 seconds
[2025-03-16T08:42:22.601+0000] {processor.py:154} INFO - Started process (PID=1268) to work on /home/airflow/.local/lib/python3.7/site-packages/airflow/example_dags/example_branch_operator_decorator.py
[2025-03-16T08:42:22.603+0000] {processor.py:756} INFO - Processing file /home/airflow/.local/lib/python3.7/site-packages/airflow/example_dags/example_branch_operator_decorator.py for tasks to queue
[2025-03-16T08:42:22.604+0000] {logging_mixin.py:120} INFO - [2025-03-16T08:42:22.604+0000] {dagbag.py:537} INFO - Filling up the DagBag from /home/airflow/.local/lib/python3.7/site-packages/airflow/example_dags/example_branch_operator_decorator.py
[2025-03-16T08:42:22.691+0000] {processor.py:766} INFO - DAG(s) dict_keys(['example_branch_python_operator_decorator']) retrieved from /home/airflow/.local/lib/python3.7/site-packages/airflow/example_dags/example_branch_operator_decorator.py
[2025-03-16T08:42:22.767+0000] {logging_mixin.py:120} INFO - [2025-03-16T08:42:22.766+0000] {dag.py:2585} INFO - Sync 1 DAGs
[2025-03-16T08:42:22.816+0000] {logging_mixin.py:120} INFO - [2025-03-16T08:42:22.816+0000] {dag.py:3340} INFO - Setting next_dagrun for example_branch_python_operator_decorator to 2025-03-15T00:00:00+00:00, run_after=2025-03-16T00:00:00+00:00
[2025-03-16T08:42:22.856+0000] {processor.py:176} INFO - Processing /home/airflow/.local/lib/python3.7/site-packages/airflow/example_dags/example_branch_operator_decorator.py took 0.266 seconds
[2025-03-16T08:42:53.813+0000] {processor.py:154} INFO - Started process (PID=1322) to work on /home/airflow/.local/lib/python3.7/site-packages/airflow/example_dags/example_branch_operator_decorator.py
[2025-03-16T08:42:53.815+0000] {processor.py:756} INFO - Processing file /home/airflow/.local/lib/python3.7/site-packages/airflow/example_dags/example_branch_operator_decorator.py for tasks to queue
[2025-03-16T08:42:53.816+0000] {logging_mixin.py:120} INFO - [2025-03-16T08:42:53.816+0000] {dagbag.py:537} INFO - Filling up the DagBag from /home/airflow/.local/lib/python3.7/site-packages/airflow/example_dags/example_branch_operator_decorator.py
[2025-03-16T08:42:53.864+0000] {processor.py:766} INFO - DAG(s) dict_keys(['example_branch_python_operator_decorator']) retrieved from /home/airflow/.local/lib/python3.7/site-packages/airflow/example_dags/example_branch_operator_decorator.py
[2025-03-16T08:42:53.954+0000] {logging_mixin.py:120} INFO - [2025-03-16T08:42:53.954+0000] {dag.py:2585} INFO - Sync 1 DAGs
[2025-03-16T08:42:54.014+0000] {logging_mixin.py:120} INFO - [2025-03-16T08:42:54.013+0000] {dag.py:3340} INFO - Setting next_dagrun for example_branch_python_operator_decorator to 2025-03-15T00:00:00+00:00, run_after=2025-03-16T00:00:00+00:00
[2025-03-16T08:42:54.046+0000] {processor.py:176} INFO - Processing /home/airflow/.local/lib/python3.7/site-packages/airflow/example_dags/example_branch_operator_decorator.py took 0.239 seconds
[2025-03-16T08:43:24.699+0000] {processor.py:154} INFO - Started process (PID=1385) to work on /home/airflow/.local/lib/python3.7/site-packages/airflow/example_dags/example_branch_operator_decorator.py
[2025-03-16T08:43:24.702+0000] {processor.py:756} INFO - Processing file /home/airflow/.local/lib/python3.7/site-packages/airflow/example_dags/example_branch_operator_decorator.py for tasks to queue
[2025-03-16T08:43:24.703+0000] {logging_mixin.py:120} INFO - [2025-03-16T08:43:24.703+0000] {dagbag.py:537} INFO - Filling up the DagBag from /home/airflow/.local/lib/python3.7/site-packages/airflow/example_dags/example_branch_operator_decorator.py
[2025-03-16T08:43:24.756+0000] {processor.py:766} INFO - DAG(s) dict_keys(['example_branch_python_operator_decorator']) retrieved from /home/airflow/.local/lib/python3.7/site-packages/airflow/example_dags/example_branch_operator_decorator.py
[2025-03-16T08:43:24.828+0000] {logging_mixin.py:120} INFO - [2025-03-16T08:43:24.828+0000] {dag.py:2585} INFO - Sync 1 DAGs
[2025-03-16T08:43:24.876+0000] {logging_mixin.py:120} INFO - [2025-03-16T08:43:24.876+0000] {dag.py:3340} INFO - Setting next_dagrun for example_branch_python_operator_decorator to 2025-03-15T00:00:00+00:00, run_after=2025-03-16T00:00:00+00:00
[2025-03-16T08:43:24.912+0000] {processor.py:176} INFO - Processing /home/airflow/.local/lib/python3.7/site-packages/airflow/example_dags/example_branch_operator_decorator.py took 0.220 seconds
[2025-03-16T08:43:55.273+0000] {processor.py:154} INFO - Started process (PID=1439) to work on /home/airflow/.local/lib/python3.7/site-packages/airflow/example_dags/example_branch_operator_decorator.py
[2025-03-16T08:43:55.274+0000] {processor.py:756} INFO - Processing file /home/airflow/.local/lib/python3.7/site-packages/airflow/example_dags/example_branch_operator_decorator.py for tasks to queue
[2025-03-16T08:43:55.275+0000] {logging_mixin.py:120} INFO - [2025-03-16T08:43:55.275+0000] {dagbag.py:537} INFO - Filling up the DagBag from /home/airflow/.local/lib/python3.7/site-packages/airflow/example_dags/example_branch_operator_decorator.py
[2025-03-16T08:43:55.324+0000] {processor.py:766} INFO - DAG(s) dict_keys(['example_branch_python_operator_decorator']) retrieved from /home/airflow/.local/lib/python3.7/site-packages/airflow/example_dags/example_branch_operator_decorator.py
[2025-03-16T08:43:55.399+0000] {logging_mixin.py:120} INFO - [2025-03-16T08:43:55.399+0000] {dag.py:2585} INFO - Sync 1 DAGs
[2025-03-16T08:43:55.449+0000] {logging_mixin.py:120} INFO - [2025-03-16T08:43:55.449+0000] {dag.py:3340} INFO - Setting next_dagrun for example_branch_python_operator_decorator to 2025-03-15T00:00:00+00:00, run_after=2025-03-16T00:00:00+00:00
[2025-03-16T08:43:55.478+0000] {processor.py:176} INFO - Processing /home/airflow/.local/lib/python3.7/site-packages/airflow/example_dags/example_branch_operator_decorator.py took 0.210 seconds
[2025-03-16T08:44:26.287+0000] {processor.py:154} INFO - Started process (PID=1503) to work on /home/airflow/.local/lib/python3.7/site-packages/airflow/example_dags/example_branch_operator_decorator.py
[2025-03-16T08:44:26.289+0000] {processor.py:756} INFO - Processing file /home/airflow/.local/lib/python3.7/site-packages/airflow/example_dags/example_branch_operator_decorator.py for tasks to queue
[2025-03-16T08:44:26.290+0000] {logging_mixin.py:120} INFO - [2025-03-16T08:44:26.290+0000] {dagbag.py:537} INFO - Filling up the DagBag from /home/airflow/.local/lib/python3.7/site-packages/airflow/example_dags/example_branch_operator_decorator.py
[2025-03-16T08:44:26.332+0000] {processor.py:766} INFO - DAG(s) dict_keys(['example_branch_python_operator_decorator']) retrieved from /home/airflow/.local/lib/python3.7/site-packages/airflow/example_dags/example_branch_operator_decorator.py
[2025-03-16T08:44:26.402+0000] {logging_mixin.py:120} INFO - [2025-03-16T08:44:26.402+0000] {dag.py:2585} INFO - Sync 1 DAGs
[2025-03-16T08:44:26.446+0000] {logging_mixin.py:120} INFO - [2025-03-16T08:44:26.446+0000] {dag.py:3340} INFO - Setting next_dagrun for example_branch_python_operator_decorator to 2025-03-15T00:00:00+00:00, run_after=2025-03-16T00:00:00+00:00
[2025-03-16T08:44:26.475+0000] {processor.py:176} INFO - Processing /home/airflow/.local/lib/python3.7/site-packages/airflow/example_dags/example_branch_operator_decorator.py took 0.193 seconds
[2025-03-16T08:44:56.638+0000] {processor.py:154} INFO - Started process (PID=1557) to work on /home/airflow/.local/lib/python3.7/site-packages/airflow/example_dags/example_branch_operator_decorator.py
[2025-03-16T08:44:56.640+0000] {processor.py:756} INFO - Processing file /home/airflow/.local/lib/python3.7/site-packages/airflow/example_dags/example_branch_operator_decorator.py for tasks to queue
[2025-03-16T08:44:56.640+0000] {logging_mixin.py:120} INFO - [2025-03-16T08:44:56.640+0000] {dagbag.py:537} INFO - Filling up the DagBag from /home/airflow/.local/lib/python3.7/site-packages/airflow/example_dags/example_branch_operator_decorator.py
[2025-03-16T08:44:56.733+0000] {processor.py:766} INFO - DAG(s) dict_keys(['example_branch_python_operator_decorator']) retrieved from /home/airflow/.local/lib/python3.7/site-packages/airflow/example_dags/example_branch_operator_decorator.py
[2025-03-16T08:44:56.880+0000] {logging_mixin.py:120} INFO - [2025-03-16T08:44:56.880+0000] {dag.py:2585} INFO - Sync 1 DAGs
[2025-03-16T08:44:56.937+0000] {logging_mixin.py:120} INFO - [2025-03-16T08:44:56.937+0000] {dag.py:3340} INFO - Setting next_dagrun for example_branch_python_operator_decorator to 2025-03-15T00:00:00+00:00, run_after=2025-03-16T00:00:00+00:00
[2025-03-16T08:44:56.976+0000] {processor.py:176} INFO - Processing /home/airflow/.local/lib/python3.7/site-packages/airflow/example_dags/example_branch_operator_decorator.py took 0.344 seconds
[2025-03-16T08:45:27.805+0000] {processor.py:154} INFO - Started process (PID=1620) to work on /home/airflow/.local/lib/python3.7/site-packages/airflow/example_dags/example_branch_operator_decorator.py
[2025-03-16T08:45:27.808+0000] {processor.py:756} INFO - Processing file /home/airflow/.local/lib/python3.7/site-packages/airflow/example_dags/example_branch_operator_decorator.py for tasks to queue
[2025-03-16T08:45:27.809+0000] {logging_mixin.py:120} INFO - [2025-03-16T08:45:27.809+0000] {dagbag.py:537} INFO - Filling up the DagBag from /home/airflow/.local/lib/python3.7/site-packages/airflow/example_dags/example_branch_operator_decorator.py
[2025-03-16T08:45:27.909+0000] {processor.py:766} INFO - DAG(s) dict_keys(['example_branch_python_operator_decorator']) retrieved from /home/airflow/.local/lib/python3.7/site-packages/airflow/example_dags/example_branch_operator_decorator.py
[2025-03-16T08:45:28.039+0000] {logging_mixin.py:120} INFO - [2025-03-16T08:45:28.039+0000] {dag.py:2585} INFO - Sync 1 DAGs
[2025-03-16T08:45:28.171+0000] {logging_mixin.py:120} INFO - [2025-03-16T08:45:28.170+0000] {dag.py:3340} INFO - Setting next_dagrun for example_branch_python_operator_decorator to 2025-03-15T00:00:00+00:00, run_after=2025-03-16T00:00:00+00:00
[2025-03-16T08:45:28.214+0000] {processor.py:176} INFO - Processing /home/airflow/.local/lib/python3.7/site-packages/airflow/example_dags/example_branch_operator_decorator.py took 0.417 seconds
[2025-03-16T08:45:58.449+0000] {processor.py:154} INFO - Started process (PID=1674) to work on /home/airflow/.local/lib/python3.7/site-packages/airflow/example_dags/example_branch_operator_decorator.py
[2025-03-16T08:45:58.451+0000] {processor.py:756} INFO - Processing file /home/airflow/.local/lib/python3.7/site-packages/airflow/example_dags/example_branch_operator_decorator.py for tasks to queue
[2025-03-16T08:45:58.452+0000] {logging_mixin.py:120} INFO - [2025-03-16T08:45:58.452+0000] {dagbag.py:537} INFO - Filling up the DagBag from /home/airflow/.local/lib/python3.7/site-packages/airflow/example_dags/example_branch_operator_decorator.py
[2025-03-16T08:45:58.515+0000] {processor.py:766} INFO - DAG(s) dict_keys(['example_branch_python_operator_decorator']) retrieved from /home/airflow/.local/lib/python3.7/site-packages/airflow/example_dags/example_branch_operator_decorator.py
[2025-03-16T08:45:58.591+0000] {logging_mixin.py:120} INFO - [2025-03-16T08:45:58.591+0000] {dag.py:2585} INFO - Sync 1 DAGs
[2025-03-16T08:45:58.654+0000] {logging_mixin.py:120} INFO - [2025-03-16T08:45:58.654+0000] {dag.py:3340} INFO - Setting next_dagrun for example_branch_python_operator_decorator to 2025-03-15T00:00:00+00:00, run_after=2025-03-16T00:00:00+00:00
[2025-03-16T08:45:58.684+0000] {processor.py:176} INFO - Processing /home/airflow/.local/lib/python3.7/site-packages/airflow/example_dags/example_branch_operator_decorator.py took 0.240 seconds
[2025-03-16T08:46:29.057+0000] {processor.py:154} INFO - Started process (PID=1737) to work on /home/airflow/.local/lib/python3.7/site-packages/airflow/example_dags/example_branch_operator_decorator.py
[2025-03-16T08:46:29.061+0000] {processor.py:756} INFO - Processing file /home/airflow/.local/lib/python3.7/site-packages/airflow/example_dags/example_branch_operator_decorator.py for tasks to queue
[2025-03-16T08:46:29.064+0000] {logging_mixin.py:120} INFO - [2025-03-16T08:46:29.062+0000] {dagbag.py:537} INFO - Filling up the DagBag from /home/airflow/.local/lib/python3.7/site-packages/airflow/example_dags/example_branch_operator_decorator.py
[2025-03-16T08:46:29.170+0000] {processor.py:766} INFO - DAG(s) dict_keys(['example_branch_python_operator_decorator']) retrieved from /home/airflow/.local/lib/python3.7/site-packages/airflow/example_dags/example_branch_operator_decorator.py
[2025-03-16T08:46:29.395+0000] {logging_mixin.py:120} INFO - [2025-03-16T08:46:29.395+0000] {dag.py:2585} INFO - Sync 1 DAGs
[2025-03-16T08:46:29.480+0000] {logging_mixin.py:120} INFO - [2025-03-16T08:46:29.479+0000] {dag.py:3340} INFO - Setting next_dagrun for example_branch_python_operator_decorator to 2025-03-15T00:00:00+00:00, run_after=2025-03-16T00:00:00+00:00
[2025-03-16T08:46:29.545+0000] {processor.py:176} INFO - Processing /home/airflow/.local/lib/python3.7/site-packages/airflow/example_dags/example_branch_operator_decorator.py took 0.495 seconds
[2025-03-16T08:46:59.741+0000] {processor.py:154} INFO - Started process (PID=1791) to work on /home/airflow/.local/lib/python3.7/site-packages/airflow/example_dags/example_branch_operator_decorator.py
[2025-03-16T08:46:59.742+0000] {processor.py:756} INFO - Processing file /home/airflow/.local/lib/python3.7/site-packages/airflow/example_dags/example_branch_operator_decorator.py for tasks to queue
[2025-03-16T08:46:59.743+0000] {logging_mixin.py:120} INFO - [2025-03-16T08:46:59.743+0000] {dagbag.py:537} INFO - Filling up the DagBag from /home/airflow/.local/lib/python3.7/site-packages/airflow/example_dags/example_branch_operator_decorator.py
[2025-03-16T08:46:59.795+0000] {processor.py:766} INFO - DAG(s) dict_keys(['example_branch_python_operator_decorator']) retrieved from /home/airflow/.local/lib/python3.7/site-packages/airflow/example_dags/example_branch_operator_decorator.py
[2025-03-16T08:46:59.902+0000] {logging_mixin.py:120} INFO - [2025-03-16T08:46:59.901+0000] {dag.py:2585} INFO - Sync 1 DAGs
[2025-03-16T08:46:59.993+0000] {logging_mixin.py:120} INFO - [2025-03-16T08:46:59.992+0000] {dag.py:3340} INFO - Setting next_dagrun for example_branch_python_operator_decorator to 2025-03-15T00:00:00+00:00, run_after=2025-03-16T00:00:00+00:00
[2025-03-16T08:47:00.071+0000] {processor.py:176} INFO - Processing /home/airflow/.local/lib/python3.7/site-packages/airflow/example_dags/example_branch_operator_decorator.py took 0.340 seconds
[2025-03-16T08:47:31.103+0000] {processor.py:154} INFO - Started process (PID=1854) to work on /home/airflow/.local/lib/python3.7/site-packages/airflow/example_dags/example_branch_operator_decorator.py
[2025-03-16T08:47:31.105+0000] {processor.py:756} INFO - Processing file /home/airflow/.local/lib/python3.7/site-packages/airflow/example_dags/example_branch_operator_decorator.py for tasks to queue
[2025-03-16T08:47:31.106+0000] {logging_mixin.py:120} INFO - [2025-03-16T08:47:31.106+0000] {dagbag.py:537} INFO - Filling up the DagBag from /home/airflow/.local/lib/python3.7/site-packages/airflow/example_dags/example_branch_operator_decorator.py
[2025-03-16T08:47:31.150+0000] {processor.py:766} INFO - DAG(s) dict_keys(['example_branch_python_operator_decorator']) retrieved from /home/airflow/.local/lib/python3.7/site-packages/airflow/example_dags/example_branch_operator_decorator.py
[2025-03-16T08:47:31.255+0000] {logging_mixin.py:120} INFO - [2025-03-16T08:47:31.254+0000] {dag.py:2585} INFO - Sync 1 DAGs
[2025-03-16T08:47:31.345+0000] {logging_mixin.py:120} INFO - [2025-03-16T08:47:31.345+0000] {dag.py:3340} INFO - Setting next_dagrun for example_branch_python_operator_decorator to 2025-03-15T00:00:00+00:00, run_after=2025-03-16T00:00:00+00:00
[2025-03-16T08:47:31.408+0000] {processor.py:176} INFO - Processing /home/airflow/.local/lib/python3.7/site-packages/airflow/example_dags/example_branch_operator_decorator.py took 0.315 seconds
[2025-03-16T08:48:01.870+0000] {processor.py:154} INFO - Started process (PID=1908) to work on /home/airflow/.local/lib/python3.7/site-packages/airflow/example_dags/example_branch_operator_decorator.py
[2025-03-16T08:48:01.872+0000] {processor.py:756} INFO - Processing file /home/airflow/.local/lib/python3.7/site-packages/airflow/example_dags/example_branch_operator_decorator.py for tasks to queue
[2025-03-16T08:48:01.874+0000] {logging_mixin.py:120} INFO - [2025-03-16T08:48:01.874+0000] {dagbag.py:537} INFO - Filling up the DagBag from /home/airflow/.local/lib/python3.7/site-packages/airflow/example_dags/example_branch_operator_decorator.py
[2025-03-16T08:48:02.011+0000] {processor.py:766} INFO - DAG(s) dict_keys(['example_branch_python_operator_decorator']) retrieved from /home/airflow/.local/lib/python3.7/site-packages/airflow/example_dags/example_branch_operator_decorator.py
[2025-03-16T08:48:02.158+0000] {logging_mixin.py:120} INFO - [2025-03-16T08:48:02.158+0000] {dag.py:2585} INFO - Sync 1 DAGs
[2025-03-16T08:48:02.217+0000] {logging_mixin.py:120} INFO - [2025-03-16T08:48:02.216+0000] {dag.py:3340} INFO - Setting next_dagrun for example_branch_python_operator_decorator to 2025-03-15T00:00:00+00:00, run_after=2025-03-16T00:00:00+00:00
[2025-03-16T08:48:02.263+0000] {processor.py:176} INFO - Processing /home/airflow/.local/lib/python3.7/site-packages/airflow/example_dags/example_branch_operator_decorator.py took 0.400 seconds
[2025-03-16T08:48:32.834+0000] {processor.py:154} INFO - Started process (PID=1970) to work on /home/airflow/.local/lib/python3.7/site-packages/airflow/example_dags/example_branch_operator_decorator.py
[2025-03-16T08:48:32.842+0000] {processor.py:756} INFO - Processing file /home/airflow/.local/lib/python3.7/site-packages/airflow/example_dags/example_branch_operator_decorator.py for tasks to queue
[2025-03-16T08:48:32.843+0000] {logging_mixin.py:120} INFO - [2025-03-16T08:48:32.843+0000] {dagbag.py:537} INFO - Filling up the DagBag from /home/airflow/.local/lib/python3.7/site-packages/airflow/example_dags/example_branch_operator_decorator.py
[2025-03-16T08:48:32.930+0000] {processor.py:766} INFO - DAG(s) dict_keys(['example_branch_python_operator_decorator']) retrieved from /home/airflow/.local/lib/python3.7/site-packages/airflow/example_dags/example_branch_operator_decorator.py
[2025-03-16T08:48:33.088+0000] {logging_mixin.py:120} INFO - [2025-03-16T08:48:33.087+0000] {dag.py:2585} INFO - Sync 1 DAGs
[2025-03-16T08:48:33.170+0000] {logging_mixin.py:120} INFO - [2025-03-16T08:48:33.169+0000] {dag.py:3340} INFO - Setting next_dagrun for example_branch_python_operator_decorator to 2025-03-15T00:00:00+00:00, run_after=2025-03-16T00:00:00+00:00
[2025-03-16T08:48:33.202+0000] {processor.py:176} INFO - Processing /home/airflow/.local/lib/python3.7/site-packages/airflow/example_dags/example_branch_operator_decorator.py took 0.377 seconds
[2025-03-16T08:49:03.889+0000] {processor.py:154} INFO - Started process (PID=2024) to work on /home/airflow/.local/lib/python3.7/site-packages/airflow/example_dags/example_branch_operator_decorator.py
[2025-03-16T08:49:03.890+0000] {processor.py:756} INFO - Processing file /home/airflow/.local/lib/python3.7/site-packages/airflow/example_dags/example_branch_operator_decorator.py for tasks to queue
[2025-03-16T08:49:03.891+0000] {logging_mixin.py:120} INFO - [2025-03-16T08:49:03.891+0000] {dagbag.py:537} INFO - Filling up the DagBag from /home/airflow/.local/lib/python3.7/site-packages/airflow/example_dags/example_branch_operator_decorator.py
[2025-03-16T08:49:03.923+0000] {processor.py:766} INFO - DAG(s) dict_keys(['example_branch_python_operator_decorator']) retrieved from /home/airflow/.local/lib/python3.7/site-packages/airflow/example_dags/example_branch_operator_decorator.py
[2025-03-16T08:49:03.973+0000] {logging_mixin.py:120} INFO - [2025-03-16T08:49:03.973+0000] {dag.py:2585} INFO - Sync 1 DAGs
[2025-03-16T08:49:04.009+0000] {logging_mixin.py:120} INFO - [2025-03-16T08:49:04.009+0000] {dag.py:3340} INFO - Setting next_dagrun for example_branch_python_operator_decorator to 2025-03-15T00:00:00+00:00, run_after=2025-03-16T00:00:00+00:00
[2025-03-16T08:49:04.037+0000] {processor.py:176} INFO - Processing /home/airflow/.local/lib/python3.7/site-packages/airflow/example_dags/example_branch_operator_decorator.py took 0.152 seconds
[2025-03-16T08:49:34.828+0000] {processor.py:154} INFO - Started process (PID=2088) to work on /home/airflow/.local/lib/python3.7/site-packages/airflow/example_dags/example_branch_operator_decorator.py
[2025-03-16T08:49:34.830+0000] {processor.py:756} INFO - Processing file /home/airflow/.local/lib/python3.7/site-packages/airflow/example_dags/example_branch_operator_decorator.py for tasks to queue
[2025-03-16T08:49:34.831+0000] {logging_mixin.py:120} INFO - [2025-03-16T08:49:34.831+0000] {dagbag.py:537} INFO - Filling up the DagBag from /home/airflow/.local/lib/python3.7/site-packages/airflow/example_dags/example_branch_operator_decorator.py
[2025-03-16T08:49:34.876+0000] {processor.py:766} INFO - DAG(s) dict_keys(['example_branch_python_operator_decorator']) retrieved from /home/airflow/.local/lib/python3.7/site-packages/airflow/example_dags/example_branch_operator_decorator.py
[2025-03-16T08:49:34.977+0000] {logging_mixin.py:120} INFO - [2025-03-16T08:49:34.977+0000] {dag.py:2585} INFO - Sync 1 DAGs
[2025-03-16T08:49:35.055+0000] {logging_mixin.py:120} INFO - [2025-03-16T08:49:35.054+0000] {dag.py:3340} INFO - Setting next_dagrun for example_branch_python_operator_decorator to 2025-03-15T00:00:00+00:00, run_after=2025-03-16T00:00:00+00:00
[2025-03-16T08:49:35.090+0000] {processor.py:176} INFO - Processing /home/airflow/.local/lib/python3.7/site-packages/airflow/example_dags/example_branch_operator_decorator.py took 0.267 seconds
[2025-03-16T08:50:05.282+0000] {processor.py:154} INFO - Started process (PID=2142) to work on /home/airflow/.local/lib/python3.7/site-packages/airflow/example_dags/example_branch_operator_decorator.py
[2025-03-16T08:50:05.285+0000] {processor.py:756} INFO - Processing file /home/airflow/.local/lib/python3.7/site-packages/airflow/example_dags/example_branch_operator_decorator.py for tasks to queue
[2025-03-16T08:50:05.286+0000] {logging_mixin.py:120} INFO - [2025-03-16T08:50:05.286+0000] {dagbag.py:537} INFO - Filling up the DagBag from /home/airflow/.local/lib/python3.7/site-packages/airflow/example_dags/example_branch_operator_decorator.py
[2025-03-16T08:50:05.354+0000] {processor.py:766} INFO - DAG(s) dict_keys(['example_branch_python_operator_decorator']) retrieved from /home/airflow/.local/lib/python3.7/site-packages/airflow/example_dags/example_branch_operator_decorator.py
[2025-03-16T08:50:05.439+0000] {logging_mixin.py:120} INFO - [2025-03-16T08:50:05.439+0000] {dag.py:2585} INFO - Sync 1 DAGs
[2025-03-16T08:50:05.493+0000] {logging_mixin.py:120} INFO - [2025-03-16T08:50:05.492+0000] {dag.py:3340} INFO - Setting next_dagrun for example_branch_python_operator_decorator to 2025-03-15T00:00:00+00:00, run_after=2025-03-16T00:00:00+00:00
[2025-03-16T08:50:05.523+0000] {processor.py:176} INFO - Processing /home/airflow/.local/lib/python3.7/site-packages/airflow/example_dags/example_branch_operator_decorator.py took 0.248 seconds
[2025-03-16T08:50:35.912+0000] {processor.py:154} INFO - Started process (PID=2205) to work on /home/airflow/.local/lib/python3.7/site-packages/airflow/example_dags/example_branch_operator_decorator.py
[2025-03-16T08:50:35.914+0000] {processor.py:756} INFO - Processing file /home/airflow/.local/lib/python3.7/site-packages/airflow/example_dags/example_branch_operator_decorator.py for tasks to queue
[2025-03-16T08:50:35.915+0000] {logging_mixin.py:120} INFO - [2025-03-16T08:50:35.915+0000] {dagbag.py:537} INFO - Filling up the DagBag from /home/airflow/.local/lib/python3.7/site-packages/airflow/example_dags/example_branch_operator_decorator.py
[2025-03-16T08:50:35.962+0000] {processor.py:766} INFO - DAG(s) dict_keys(['example_branch_python_operator_decorator']) retrieved from /home/airflow/.local/lib/python3.7/site-packages/airflow/example_dags/example_branch_operator_decorator.py
[2025-03-16T08:50:36.047+0000] {logging_mixin.py:120} INFO - [2025-03-16T08:50:36.046+0000] {dag.py:2585} INFO - Sync 1 DAGs
[2025-03-16T08:50:36.101+0000] {logging_mixin.py:120} INFO - [2025-03-16T08:50:36.100+0000] {dag.py:3340} INFO - Setting next_dagrun for example_branch_python_operator_decorator to 2025-03-15T00:00:00+00:00, run_after=2025-03-16T00:00:00+00:00
[2025-03-16T08:50:36.132+0000] {processor.py:176} INFO - Processing /home/airflow/.local/lib/python3.7/site-packages/airflow/example_dags/example_branch_operator_decorator.py took 0.225 seconds
[2025-03-16T08:51:06.726+0000] {processor.py:154} INFO - Started process (PID=2259) to work on /home/airflow/.local/lib/python3.7/site-packages/airflow/example_dags/example_branch_operator_decorator.py
[2025-03-16T08:51:06.731+0000] {processor.py:756} INFO - Processing file /home/airflow/.local/lib/python3.7/site-packages/airflow/example_dags/example_branch_operator_decorator.py for tasks to queue
[2025-03-16T08:51:06.732+0000] {logging_mixin.py:120} INFO - [2025-03-16T08:51:06.732+0000] {dagbag.py:537} INFO - Filling up the DagBag from /home/airflow/.local/lib/python3.7/site-packages/airflow/example_dags/example_branch_operator_decorator.py
[2025-03-16T08:51:06.781+0000] {processor.py:766} INFO - DAG(s) dict_keys(['example_branch_python_operator_decorator']) retrieved from /home/airflow/.local/lib/python3.7/site-packages/airflow/example_dags/example_branch_operator_decorator.py
[2025-03-16T08:51:06.864+0000] {logging_mixin.py:120} INFO - [2025-03-16T08:51:06.863+0000] {dag.py:2585} INFO - Sync 1 DAGs
[2025-03-16T08:51:06.916+0000] {logging_mixin.py:120} INFO - [2025-03-16T08:51:06.916+0000] {dag.py:3340} INFO - Setting next_dagrun for example_branch_python_operator_decorator to 2025-03-15T00:00:00+00:00, run_after=2025-03-16T00:00:00+00:00
[2025-03-16T08:51:06.951+0000] {processor.py:176} INFO - Processing /home/airflow/.local/lib/python3.7/site-packages/airflow/example_dags/example_branch_operator_decorator.py took 0.232 seconds
[2025-03-16T08:51:37.528+0000] {processor.py:154} INFO - Started process (PID=2322) to work on /home/airflow/.local/lib/python3.7/site-packages/airflow/example_dags/example_branch_operator_decorator.py
[2025-03-16T08:51:37.530+0000] {processor.py:756} INFO - Processing file /home/airflow/.local/lib/python3.7/site-packages/airflow/example_dags/example_branch_operator_decorator.py for tasks to queue
[2025-03-16T08:51:37.530+0000] {logging_mixin.py:120} INFO - [2025-03-16T08:51:37.530+0000] {dagbag.py:537} INFO - Filling up the DagBag from /home/airflow/.local/lib/python3.7/site-packages/airflow/example_dags/example_branch_operator_decorator.py
[2025-03-16T08:51:37.561+0000] {processor.py:766} INFO - DAG(s) dict_keys(['example_branch_python_operator_decorator']) retrieved from /home/airflow/.local/lib/python3.7/site-packages/airflow/example_dags/example_branch_operator_decorator.py
[2025-03-16T08:51:37.611+0000] {logging_mixin.py:120} INFO - [2025-03-16T08:51:37.610+0000] {dag.py:2585} INFO - Sync 1 DAGs
[2025-03-16T08:51:37.658+0000] {logging_mixin.py:120} INFO - [2025-03-16T08:51:37.658+0000] {dag.py:3340} INFO - Setting next_dagrun for example_branch_python_operator_decorator to 2025-03-15T00:00:00+00:00, run_after=2025-03-16T00:00:00+00:00
[2025-03-16T08:51:37.695+0000] {processor.py:176} INFO - Processing /home/airflow/.local/lib/python3.7/site-packages/airflow/example_dags/example_branch_operator_decorator.py took 0.172 seconds
[2025-03-16T08:52:08.644+0000] {processor.py:154} INFO - Started process (PID=2384) to work on /home/airflow/.local/lib/python3.7/site-packages/airflow/example_dags/example_branch_operator_decorator.py
[2025-03-16T08:52:08.646+0000] {processor.py:756} INFO - Processing file /home/airflow/.local/lib/python3.7/site-packages/airflow/example_dags/example_branch_operator_decorator.py for tasks to queue
[2025-03-16T08:52:08.647+0000] {logging_mixin.py:120} INFO - [2025-03-16T08:52:08.646+0000] {dagbag.py:537} INFO - Filling up the DagBag from /home/airflow/.local/lib/python3.7/site-packages/airflow/example_dags/example_branch_operator_decorator.py
[2025-03-16T08:52:08.696+0000] {processor.py:766} INFO - DAG(s) dict_keys(['example_branch_python_operator_decorator']) retrieved from /home/airflow/.local/lib/python3.7/site-packages/airflow/example_dags/example_branch_operator_decorator.py
[2025-03-16T08:52:08.764+0000] {logging_mixin.py:120} INFO - [2025-03-16T08:52:08.764+0000] {dag.py:2585} INFO - Sync 1 DAGs
[2025-03-16T08:52:08.817+0000] {logging_mixin.py:120} INFO - [2025-03-16T08:52:08.817+0000] {dag.py:3340} INFO - Setting next_dagrun for example_branch_python_operator_decorator to 2025-03-15T00:00:00+00:00, run_after=2025-03-16T00:00:00+00:00
[2025-03-16T08:52:08.881+0000] {processor.py:176} INFO - Processing /home/airflow/.local/lib/python3.7/site-packages/airflow/example_dags/example_branch_operator_decorator.py took 0.249 seconds
[2025-03-16T08:52:39.103+0000] {processor.py:154} INFO - Started process (PID=2440) to work on /home/airflow/.local/lib/python3.7/site-packages/airflow/example_dags/example_branch_operator_decorator.py
[2025-03-16T08:52:39.105+0000] {processor.py:756} INFO - Processing file /home/airflow/.local/lib/python3.7/site-packages/airflow/example_dags/example_branch_operator_decorator.py for tasks to queue
[2025-03-16T08:52:39.105+0000] {logging_mixin.py:120} INFO - [2025-03-16T08:52:39.105+0000] {dagbag.py:537} INFO - Filling up the DagBag from /home/airflow/.local/lib/python3.7/site-packages/airflow/example_dags/example_branch_operator_decorator.py
[2025-03-16T08:52:39.137+0000] {processor.py:766} INFO - DAG(s) dict_keys(['example_branch_python_operator_decorator']) retrieved from /home/airflow/.local/lib/python3.7/site-packages/airflow/example_dags/example_branch_operator_decorator.py
[2025-03-16T08:52:39.191+0000] {logging_mixin.py:120} INFO - [2025-03-16T08:52:39.190+0000] {dag.py:2585} INFO - Sync 1 DAGs
[2025-03-16T08:52:39.226+0000] {logging_mixin.py:120} INFO - [2025-03-16T08:52:39.226+0000] {dag.py:3340} INFO - Setting next_dagrun for example_branch_python_operator_decorator to 2025-03-15T00:00:00+00:00, run_after=2025-03-16T00:00:00+00:00
[2025-03-16T08:52:39.252+0000] {processor.py:176} INFO - Processing /home/airflow/.local/lib/python3.7/site-packages/airflow/example_dags/example_branch_operator_decorator.py took 0.153 seconds
[2025-03-16T08:53:10.343+0000] {processor.py:154} INFO - Started process (PID=2501) to work on /home/airflow/.local/lib/python3.7/site-packages/airflow/example_dags/example_branch_operator_decorator.py
[2025-03-16T08:53:10.346+0000] {processor.py:756} INFO - Processing file /home/airflow/.local/lib/python3.7/site-packages/airflow/example_dags/example_branch_operator_decorator.py for tasks to queue
[2025-03-16T08:53:10.347+0000] {logging_mixin.py:120} INFO - [2025-03-16T08:53:10.347+0000] {dagbag.py:537} INFO - Filling up the DagBag from /home/airflow/.local/lib/python3.7/site-packages/airflow/example_dags/example_branch_operator_decorator.py
[2025-03-16T08:53:10.411+0000] {processor.py:766} INFO - DAG(s) dict_keys(['example_branch_python_operator_decorator']) retrieved from /home/airflow/.local/lib/python3.7/site-packages/airflow/example_dags/example_branch_operator_decorator.py
[2025-03-16T08:53:10.514+0000] {logging_mixin.py:120} INFO - [2025-03-16T08:53:10.514+0000] {dag.py:2585} INFO - Sync 1 DAGs
[2025-03-16T08:53:10.582+0000] {logging_mixin.py:120} INFO - [2025-03-16T08:53:10.582+0000] {dag.py:3340} INFO - Setting next_dagrun for example_branch_python_operator_decorator to 2025-03-15T00:00:00+00:00, run_after=2025-03-16T00:00:00+00:00
[2025-03-16T08:53:10.651+0000] {processor.py:176} INFO - Processing /home/airflow/.local/lib/python3.7/site-packages/airflow/example_dags/example_branch_operator_decorator.py took 0.320 seconds
[2025-03-16T08:53:40.985+0000] {processor.py:154} INFO - Started process (PID=2558) to work on /home/airflow/.local/lib/python3.7/site-packages/airflow/example_dags/example_branch_operator_decorator.py
[2025-03-16T08:53:40.986+0000] {processor.py:756} INFO - Processing file /home/airflow/.local/lib/python3.7/site-packages/airflow/example_dags/example_branch_operator_decorator.py for tasks to queue
[2025-03-16T08:53:40.988+0000] {logging_mixin.py:120} INFO - [2025-03-16T08:53:40.987+0000] {dagbag.py:537} INFO - Filling up the DagBag from /home/airflow/.local/lib/python3.7/site-packages/airflow/example_dags/example_branch_operator_decorator.py
[2025-03-16T08:53:41.036+0000] {processor.py:766} INFO - DAG(s) dict_keys(['example_branch_python_operator_decorator']) retrieved from /home/airflow/.local/lib/python3.7/site-packages/airflow/example_dags/example_branch_operator_decorator.py
[2025-03-16T08:53:41.121+0000] {logging_mixin.py:120} INFO - [2025-03-16T08:53:41.121+0000] {dag.py:2585} INFO - Sync 1 DAGs
[2025-03-16T08:53:41.175+0000] {logging_mixin.py:120} INFO - [2025-03-16T08:53:41.175+0000] {dag.py:3340} INFO - Setting next_dagrun for example_branch_python_operator_decorator to 2025-03-15T00:00:00+00:00, run_after=2025-03-16T00:00:00+00:00
[2025-03-16T08:53:41.215+0000] {processor.py:176} INFO - Processing /home/airflow/.local/lib/python3.7/site-packages/airflow/example_dags/example_branch_operator_decorator.py took 0.240 seconds
[2025-03-16T08:54:11.969+0000] {processor.py:154} INFO - Started process (PID=2612) to work on /home/airflow/.local/lib/python3.7/site-packages/airflow/example_dags/example_branch_operator_decorator.py
[2025-03-16T08:54:11.971+0000] {processor.py:756} INFO - Processing file /home/airflow/.local/lib/python3.7/site-packages/airflow/example_dags/example_branch_operator_decorator.py for tasks to queue
[2025-03-16T08:54:11.972+0000] {logging_mixin.py:120} INFO - [2025-03-16T08:54:11.972+0000] {dagbag.py:537} INFO - Filling up the DagBag from /home/airflow/.local/lib/python3.7/site-packages/airflow/example_dags/example_branch_operator_decorator.py
[2025-03-16T08:54:12.044+0000] {processor.py:766} INFO - DAG(s) dict_keys(['example_branch_python_operator_decorator']) retrieved from /home/airflow/.local/lib/python3.7/site-packages/airflow/example_dags/example_branch_operator_decorator.py
[2025-03-16T08:54:12.138+0000] {logging_mixin.py:120} INFO - [2025-03-16T08:54:12.137+0000] {dag.py:2585} INFO - Sync 1 DAGs
[2025-03-16T08:54:12.225+0000] {logging_mixin.py:120} INFO - [2025-03-16T08:54:12.225+0000] {dag.py:3340} INFO - Setting next_dagrun for example_branch_python_operator_decorator to 2025-03-15T00:00:00+00:00, run_after=2025-03-16T00:00:00+00:00
[2025-03-16T08:54:12.332+0000] {processor.py:176} INFO - Processing /home/airflow/.local/lib/python3.7/site-packages/airflow/example_dags/example_branch_operator_decorator.py took 0.370 seconds
[2025-03-16T08:54:42.624+0000] {processor.py:154} INFO - Started process (PID=2674) to work on /home/airflow/.local/lib/python3.7/site-packages/airflow/example_dags/example_branch_operator_decorator.py
[2025-03-16T08:54:42.628+0000] {processor.py:756} INFO - Processing file /home/airflow/.local/lib/python3.7/site-packages/airflow/example_dags/example_branch_operator_decorator.py for tasks to queue
[2025-03-16T08:54:42.630+0000] {logging_mixin.py:120} INFO - [2025-03-16T08:54:42.629+0000] {dagbag.py:537} INFO - Filling up the DagBag from /home/airflow/.local/lib/python3.7/site-packages/airflow/example_dags/example_branch_operator_decorator.py
[2025-03-16T08:54:42.690+0000] {processor.py:766} INFO - DAG(s) dict_keys(['example_branch_python_operator_decorator']) retrieved from /home/airflow/.local/lib/python3.7/site-packages/airflow/example_dags/example_branch_operator_decorator.py
[2025-03-16T08:54:42.780+0000] {logging_mixin.py:120} INFO - [2025-03-16T08:54:42.779+0000] {dag.py:2585} INFO - Sync 1 DAGs
[2025-03-16T08:54:42.831+0000] {logging_mixin.py:120} INFO - [2025-03-16T08:54:42.831+0000] {dag.py:3340} INFO - Setting next_dagrun for example_branch_python_operator_decorator to 2025-03-15T00:00:00+00:00, run_after=2025-03-16T00:00:00+00:00
[2025-03-16T08:54:42.863+0000] {processor.py:176} INFO - Processing /home/airflow/.local/lib/python3.7/site-packages/airflow/example_dags/example_branch_operator_decorator.py took 0.248 seconds
[2025-03-16T08:55:12.961+0000] {processor.py:154} INFO - Started process (PID=2728) to work on /home/airflow/.local/lib/python3.7/site-packages/airflow/example_dags/example_branch_operator_decorator.py
[2025-03-16T08:55:12.963+0000] {processor.py:756} INFO - Processing file /home/airflow/.local/lib/python3.7/site-packages/airflow/example_dags/example_branch_operator_decorator.py for tasks to queue
[2025-03-16T08:55:12.963+0000] {logging_mixin.py:120} INFO - [2025-03-16T08:55:12.963+0000] {dagbag.py:537} INFO - Filling up the DagBag from /home/airflow/.local/lib/python3.7/site-packages/airflow/example_dags/example_branch_operator_decorator.py
[2025-03-16T08:55:13.008+0000] {processor.py:766} INFO - DAG(s) dict_keys(['example_branch_python_operator_decorator']) retrieved from /home/airflow/.local/lib/python3.7/site-packages/airflow/example_dags/example_branch_operator_decorator.py
[2025-03-16T08:55:13.122+0000] {logging_mixin.py:120} INFO - [2025-03-16T08:55:13.121+0000] {dag.py:2585} INFO - Sync 1 DAGs
[2025-03-16T08:55:13.177+0000] {logging_mixin.py:120} INFO - [2025-03-16T08:55:13.177+0000] {dag.py:3340} INFO - Setting next_dagrun for example_branch_python_operator_decorator to 2025-03-15T00:00:00+00:00, run_after=2025-03-16T00:00:00+00:00
[2025-03-16T08:55:13.209+0000] {processor.py:176} INFO - Processing /home/airflow/.local/lib/python3.7/site-packages/airflow/example_dags/example_branch_operator_decorator.py took 0.254 seconds
[2025-03-16T08:55:43.581+0000] {processor.py:154} INFO - Started process (PID=2790) to work on /home/airflow/.local/lib/python3.7/site-packages/airflow/example_dags/example_branch_operator_decorator.py
[2025-03-16T08:55:43.583+0000] {processor.py:756} INFO - Processing file /home/airflow/.local/lib/python3.7/site-packages/airflow/example_dags/example_branch_operator_decorator.py for tasks to queue
[2025-03-16T08:55:43.584+0000] {logging_mixin.py:120} INFO - [2025-03-16T08:55:43.583+0000] {dagbag.py:537} INFO - Filling up the DagBag from /home/airflow/.local/lib/python3.7/site-packages/airflow/example_dags/example_branch_operator_decorator.py
[2025-03-16T08:55:43.630+0000] {processor.py:766} INFO - DAG(s) dict_keys(['example_branch_python_operator_decorator']) retrieved from /home/airflow/.local/lib/python3.7/site-packages/airflow/example_dags/example_branch_operator_decorator.py
[2025-03-16T08:55:43.702+0000] {logging_mixin.py:120} INFO - [2025-03-16T08:55:43.701+0000] {dag.py:2585} INFO - Sync 1 DAGs
[2025-03-16T08:55:43.747+0000] {logging_mixin.py:120} INFO - [2025-03-16T08:55:43.747+0000] {dag.py:3340} INFO - Setting next_dagrun for example_branch_python_operator_decorator to 2025-03-15T00:00:00+00:00, run_after=2025-03-16T00:00:00+00:00
[2025-03-16T08:55:43.782+0000] {processor.py:176} INFO - Processing /home/airflow/.local/lib/python3.7/site-packages/airflow/example_dags/example_branch_operator_decorator.py took 0.207 seconds
[2025-03-16T08:56:14.090+0000] {processor.py:154} INFO - Started process (PID=2844) to work on /home/airflow/.local/lib/python3.7/site-packages/airflow/example_dags/example_branch_operator_decorator.py
[2025-03-16T08:56:14.092+0000] {processor.py:756} INFO - Processing file /home/airflow/.local/lib/python3.7/site-packages/airflow/example_dags/example_branch_operator_decorator.py for tasks to queue
[2025-03-16T08:56:14.093+0000] {logging_mixin.py:120} INFO - [2025-03-16T08:56:14.093+0000] {dagbag.py:537} INFO - Filling up the DagBag from /home/airflow/.local/lib/python3.7/site-packages/airflow/example_dags/example_branch_operator_decorator.py
[2025-03-16T08:56:14.155+0000] {processor.py:766} INFO - DAG(s) dict_keys(['example_branch_python_operator_decorator']) retrieved from /home/airflow/.local/lib/python3.7/site-packages/airflow/example_dags/example_branch_operator_decorator.py
[2025-03-16T08:56:14.266+0000] {logging_mixin.py:120} INFO - [2025-03-16T08:56:14.266+0000] {dag.py:2585} INFO - Sync 1 DAGs
[2025-03-16T08:56:14.322+0000] {logging_mixin.py:120} INFO - [2025-03-16T08:56:14.321+0000] {dag.py:3340} INFO - Setting next_dagrun for example_branch_python_operator_decorator to 2025-03-15T00:00:00+00:00, run_after=2025-03-16T00:00:00+00:00
[2025-03-16T08:56:14.358+0000] {processor.py:176} INFO - Processing /home/airflow/.local/lib/python3.7/site-packages/airflow/example_dags/example_branch_operator_decorator.py took 0.275 seconds
[2025-03-16T08:56:44.687+0000] {processor.py:154} INFO - Started process (PID=2907) to work on /home/airflow/.local/lib/python3.7/site-packages/airflow/example_dags/example_branch_operator_decorator.py
[2025-03-16T08:56:44.688+0000] {processor.py:756} INFO - Processing file /home/airflow/.local/lib/python3.7/site-packages/airflow/example_dags/example_branch_operator_decorator.py for tasks to queue
[2025-03-16T08:56:44.689+0000] {logging_mixin.py:120} INFO - [2025-03-16T08:56:44.689+0000] {dagbag.py:537} INFO - Filling up the DagBag from /home/airflow/.local/lib/python3.7/site-packages/airflow/example_dags/example_branch_operator_decorator.py
[2025-03-16T08:56:44.731+0000] {processor.py:766} INFO - DAG(s) dict_keys(['example_branch_python_operator_decorator']) retrieved from /home/airflow/.local/lib/python3.7/site-packages/airflow/example_dags/example_branch_operator_decorator.py
[2025-03-16T08:56:44.806+0000] {logging_mixin.py:120} INFO - [2025-03-16T08:56:44.806+0000] {dag.py:2585} INFO - Sync 1 DAGs
[2025-03-16T08:56:44.863+0000] {logging_mixin.py:120} INFO - [2025-03-16T08:56:44.863+0000] {dag.py:3340} INFO - Setting next_dagrun for example_branch_python_operator_decorator to 2025-03-15T00:00:00+00:00, run_after=2025-03-16T00:00:00+00:00
[2025-03-16T08:56:44.906+0000] {processor.py:176} INFO - Processing /home/airflow/.local/lib/python3.7/site-packages/airflow/example_dags/example_branch_operator_decorator.py took 0.225 seconds
