[2025-03-16T08:31:46.911+0000] {processor.py:154} INFO - Started process (PID=68) to work on /home/airflow/.local/lib/python3.7/site-packages/airflow/example_dags/example_trigger_target_dag.py
[2025-03-16T08:31:46.919+0000] {processor.py:756} INFO - Processing file /home/airflow/.local/lib/python3.7/site-packages/airflow/example_dags/example_trigger_target_dag.py for tasks to queue
[2025-03-16T08:31:46.922+0000] {logging_mixin.py:120} INFO - [2025-03-16T08:31:46.922+0000] {dagbag.py:537} INFO - Filling up the DagBag from /home/airflow/.local/lib/python3.7/site-packages/airflow/example_dags/example_trigger_target_dag.py
[2025-03-16T08:31:47.036+0000] {processor.py:766} INFO - DAG(s) dict_keys(['example_trigger_target_dag']) retrieved from /home/airflow/.local/lib/python3.7/site-packages/airflow/example_dags/example_trigger_target_dag.py
[2025-03-16T08:31:47.705+0000] {logging_mixin.py:120} INFO - [2025-03-16T08:31:47.705+0000] {manager.py:507} INFO - Created Permission View: can read on DAG:example_trigger_target_dag
[2025-03-16T08:31:47.737+0000] {logging_mixin.py:120} INFO - [2025-03-16T08:31:47.737+0000] {manager.py:507} INFO - Created Permission View: can edit on DAG:example_trigger_target_dag
[2025-03-16T08:31:47.759+0000] {logging_mixin.py:120} INFO - [2025-03-16T08:31:47.758+0000] {manager.py:507} INFO - Created Permission View: can delete on DAG:example_trigger_target_dag
[2025-03-16T08:31:47.761+0000] {logging_mixin.py:120} INFO - [2025-03-16T08:31:47.759+0000] {dag.py:2585} INFO - Sync 1 DAGs
[2025-03-16T08:31:47.804+0000] {logging_mixin.py:120} INFO - [2025-03-16T08:31:47.803+0000] {dag.py:2606} INFO - Creating ORM DAG for example_trigger_target_dag
[2025-03-16T08:31:47.842+0000] {logging_mixin.py:120} INFO - [2025-03-16T08:31:47.842+0000] {dag.py:3340} INFO - Setting next_dagrun for example_trigger_target_dag to None, run_after=None
[2025-03-16T08:31:47.905+0000] {processor.py:176} INFO - Processing /home/airflow/.local/lib/python3.7/site-packages/airflow/example_dags/example_trigger_target_dag.py took 1.009 seconds
[2025-03-16T08:32:18.020+0000] {processor.py:154} INFO - Started process (PID=122) to work on /home/airflow/.local/lib/python3.7/site-packages/airflow/example_dags/example_trigger_target_dag.py
[2025-03-16T08:32:18.021+0000] {processor.py:756} INFO - Processing file /home/airflow/.local/lib/python3.7/site-packages/airflow/example_dags/example_trigger_target_dag.py for tasks to queue
[2025-03-16T08:32:18.022+0000] {logging_mixin.py:120} INFO - [2025-03-16T08:32:18.022+0000] {dagbag.py:537} INFO - Filling up the DagBag from /home/airflow/.local/lib/python3.7/site-packages/airflow/example_dags/example_trigger_target_dag.py
[2025-03-16T08:32:18.048+0000] {processor.py:766} INFO - DAG(s) dict_keys(['example_trigger_target_dag']) retrieved from /home/airflow/.local/lib/python3.7/site-packages/airflow/example_dags/example_trigger_target_dag.py
[2025-03-16T08:32:18.095+0000] {logging_mixin.py:120} INFO - [2025-03-16T08:32:18.095+0000] {dag.py:2585} INFO - Sync 1 DAGs
[2025-03-16T08:32:18.126+0000] {logging_mixin.py:120} INFO - [2025-03-16T08:32:18.125+0000] {dag.py:3340} INFO - Setting next_dagrun for example_trigger_target_dag to None, run_after=None
[2025-03-16T08:32:18.147+0000] {processor.py:176} INFO - Processing /home/airflow/.local/lib/python3.7/site-packages/airflow/example_dags/example_trigger_target_dag.py took 0.132 seconds
[2025-03-16T08:32:48.721+0000] {processor.py:154} INFO - Started process (PID=185) to work on /home/airflow/.local/lib/python3.7/site-packages/airflow/example_dags/example_trigger_target_dag.py
[2025-03-16T08:32:48.723+0000] {processor.py:756} INFO - Processing file /home/airflow/.local/lib/python3.7/site-packages/airflow/example_dags/example_trigger_target_dag.py for tasks to queue
[2025-03-16T08:32:48.724+0000] {logging_mixin.py:120} INFO - [2025-03-16T08:32:48.724+0000] {dagbag.py:537} INFO - Filling up the DagBag from /home/airflow/.local/lib/python3.7/site-packages/airflow/example_dags/example_trigger_target_dag.py
[2025-03-16T08:32:48.772+0000] {processor.py:766} INFO - DAG(s) dict_keys(['example_trigger_target_dag']) retrieved from /home/airflow/.local/lib/python3.7/site-packages/airflow/example_dags/example_trigger_target_dag.py
[2025-03-16T08:32:48.865+0000] {logging_mixin.py:120} INFO - [2025-03-16T08:32:48.863+0000] {dag.py:2585} INFO - Sync 1 DAGs
[2025-03-16T08:32:48.941+0000] {logging_mixin.py:120} INFO - [2025-03-16T08:32:48.940+0000] {dag.py:3340} INFO - Setting next_dagrun for example_trigger_target_dag to None, run_after=None
[2025-03-16T08:32:48.974+0000] {processor.py:176} INFO - Processing /home/airflow/.local/lib/python3.7/site-packages/airflow/example_dags/example_trigger_target_dag.py took 0.258 seconds
[2025-03-16T08:33:19.373+0000] {processor.py:154} INFO - Started process (PID=239) to work on /home/airflow/.local/lib/python3.7/site-packages/airflow/example_dags/example_trigger_target_dag.py
[2025-03-16T08:33:19.375+0000] {processor.py:756} INFO - Processing file /home/airflow/.local/lib/python3.7/site-packages/airflow/example_dags/example_trigger_target_dag.py for tasks to queue
[2025-03-16T08:33:19.376+0000] {logging_mixin.py:120} INFO - [2025-03-16T08:33:19.376+0000] {dagbag.py:537} INFO - Filling up the DagBag from /home/airflow/.local/lib/python3.7/site-packages/airflow/example_dags/example_trigger_target_dag.py
[2025-03-16T08:33:19.416+0000] {processor.py:766} INFO - DAG(s) dict_keys(['example_trigger_target_dag']) retrieved from /home/airflow/.local/lib/python3.7/site-packages/airflow/example_dags/example_trigger_target_dag.py
[2025-03-16T08:33:19.487+0000] {logging_mixin.py:120} INFO - [2025-03-16T08:33:19.487+0000] {dag.py:2585} INFO - Sync 1 DAGs
[2025-03-16T08:33:19.536+0000] {logging_mixin.py:120} INFO - [2025-03-16T08:33:19.535+0000] {dag.py:3340} INFO - Setting next_dagrun for example_trigger_target_dag to None, run_after=None
[2025-03-16T08:33:19.570+0000] {processor.py:176} INFO - Processing /home/airflow/.local/lib/python3.7/site-packages/airflow/example_dags/example_trigger_target_dag.py took 0.204 seconds
[2025-03-16T08:33:49.807+0000] {processor.py:154} INFO - Started process (PID=293) to work on /home/airflow/.local/lib/python3.7/site-packages/airflow/example_dags/example_trigger_target_dag.py
[2025-03-16T08:33:49.809+0000] {processor.py:756} INFO - Processing file /home/airflow/.local/lib/python3.7/site-packages/airflow/example_dags/example_trigger_target_dag.py for tasks to queue
[2025-03-16T08:33:49.810+0000] {logging_mixin.py:120} INFO - [2025-03-16T08:33:49.810+0000] {dagbag.py:537} INFO - Filling up the DagBag from /home/airflow/.local/lib/python3.7/site-packages/airflow/example_dags/example_trigger_target_dag.py
[2025-03-16T08:33:49.849+0000] {processor.py:766} INFO - DAG(s) dict_keys(['example_trigger_target_dag']) retrieved from /home/airflow/.local/lib/python3.7/site-packages/airflow/example_dags/example_trigger_target_dag.py
[2025-03-16T08:33:49.963+0000] {logging_mixin.py:120} INFO - [2025-03-16T08:33:49.963+0000] {dag.py:2585} INFO - Sync 1 DAGs
[2025-03-16T08:33:50.022+0000] {logging_mixin.py:120} INFO - [2025-03-16T08:33:50.022+0000] {dag.py:3340} INFO - Setting next_dagrun for example_trigger_target_dag to None, run_after=None
[2025-03-16T08:33:50.049+0000] {processor.py:176} INFO - Processing /home/airflow/.local/lib/python3.7/site-packages/airflow/example_dags/example_trigger_target_dag.py took 0.248 seconds
[2025-03-16T08:34:20.373+0000] {processor.py:154} INFO - Started process (PID=357) to work on /home/airflow/.local/lib/python3.7/site-packages/airflow/example_dags/example_trigger_target_dag.py
[2025-03-16T08:34:20.374+0000] {processor.py:756} INFO - Processing file /home/airflow/.local/lib/python3.7/site-packages/airflow/example_dags/example_trigger_target_dag.py for tasks to queue
[2025-03-16T08:34:20.375+0000] {logging_mixin.py:120} INFO - [2025-03-16T08:34:20.375+0000] {dagbag.py:537} INFO - Filling up the DagBag from /home/airflow/.local/lib/python3.7/site-packages/airflow/example_dags/example_trigger_target_dag.py
[2025-03-16T08:34:20.429+0000] {processor.py:766} INFO - DAG(s) dict_keys(['example_trigger_target_dag']) retrieved from /home/airflow/.local/lib/python3.7/site-packages/airflow/example_dags/example_trigger_target_dag.py
[2025-03-16T08:34:20.500+0000] {logging_mixin.py:120} INFO - [2025-03-16T08:34:20.500+0000] {dag.py:2585} INFO - Sync 1 DAGs
[2025-03-16T08:34:20.552+0000] {logging_mixin.py:120} INFO - [2025-03-16T08:34:20.552+0000] {dag.py:3340} INFO - Setting next_dagrun for example_trigger_target_dag to None, run_after=None
[2025-03-16T08:34:20.588+0000] {processor.py:176} INFO - Processing /home/airflow/.local/lib/python3.7/site-packages/airflow/example_dags/example_trigger_target_dag.py took 0.221 seconds
[2025-03-16T08:34:51.326+0000] {processor.py:154} INFO - Started process (PID=410) to work on /home/airflow/.local/lib/python3.7/site-packages/airflow/example_dags/example_trigger_target_dag.py
[2025-03-16T08:34:51.328+0000] {processor.py:756} INFO - Processing file /home/airflow/.local/lib/python3.7/site-packages/airflow/example_dags/example_trigger_target_dag.py for tasks to queue
[2025-03-16T08:34:51.330+0000] {logging_mixin.py:120} INFO - [2025-03-16T08:34:51.329+0000] {dagbag.py:537} INFO - Filling up the DagBag from /home/airflow/.local/lib/python3.7/site-packages/airflow/example_dags/example_trigger_target_dag.py
[2025-03-16T08:34:51.370+0000] {processor.py:766} INFO - DAG(s) dict_keys(['example_trigger_target_dag']) retrieved from /home/airflow/.local/lib/python3.7/site-packages/airflow/example_dags/example_trigger_target_dag.py
[2025-03-16T08:34:51.451+0000] {logging_mixin.py:120} INFO - [2025-03-16T08:34:51.450+0000] {dag.py:2585} INFO - Sync 1 DAGs
[2025-03-16T08:34:51.518+0000] {logging_mixin.py:120} INFO - [2025-03-16T08:34:51.518+0000] {dag.py:3340} INFO - Setting next_dagrun for example_trigger_target_dag to None, run_after=None
[2025-03-16T08:34:51.563+0000] {processor.py:176} INFO - Processing /home/airflow/.local/lib/python3.7/site-packages/airflow/example_dags/example_trigger_target_dag.py took 0.243 seconds
[2025-03-16T08:35:21.997+0000] {processor.py:154} INFO - Started process (PID=473) to work on /home/airflow/.local/lib/python3.7/site-packages/airflow/example_dags/example_trigger_target_dag.py
[2025-03-16T08:35:21.999+0000] {processor.py:756} INFO - Processing file /home/airflow/.local/lib/python3.7/site-packages/airflow/example_dags/example_trigger_target_dag.py for tasks to queue
[2025-03-16T08:35:22.003+0000] {logging_mixin.py:120} INFO - [2025-03-16T08:35:22.000+0000] {dagbag.py:537} INFO - Filling up the DagBag from /home/airflow/.local/lib/python3.7/site-packages/airflow/example_dags/example_trigger_target_dag.py
[2025-03-16T08:35:22.041+0000] {processor.py:766} INFO - DAG(s) dict_keys(['example_trigger_target_dag']) retrieved from /home/airflow/.local/lib/python3.7/site-packages/airflow/example_dags/example_trigger_target_dag.py
[2025-03-16T08:35:22.139+0000] {logging_mixin.py:120} INFO - [2025-03-16T08:35:22.139+0000] {dag.py:2585} INFO - Sync 1 DAGs
[2025-03-16T08:35:22.193+0000] {logging_mixin.py:120} INFO - [2025-03-16T08:35:22.192+0000] {dag.py:3340} INFO - Setting next_dagrun for example_trigger_target_dag to None, run_after=None
[2025-03-16T08:35:22.233+0000] {processor.py:176} INFO - Processing /home/airflow/.local/lib/python3.7/site-packages/airflow/example_dags/example_trigger_target_dag.py took 0.241 seconds
[2025-03-16T08:35:52.672+0000] {processor.py:154} INFO - Started process (PID=527) to work on /home/airflow/.local/lib/python3.7/site-packages/airflow/example_dags/example_trigger_target_dag.py
[2025-03-16T08:35:52.675+0000] {processor.py:756} INFO - Processing file /home/airflow/.local/lib/python3.7/site-packages/airflow/example_dags/example_trigger_target_dag.py for tasks to queue
[2025-03-16T08:35:52.679+0000] {logging_mixin.py:120} INFO - [2025-03-16T08:35:52.678+0000] {dagbag.py:537} INFO - Filling up the DagBag from /home/airflow/.local/lib/python3.7/site-packages/airflow/example_dags/example_trigger_target_dag.py
[2025-03-16T08:35:52.721+0000] {processor.py:766} INFO - DAG(s) dict_keys(['example_trigger_target_dag']) retrieved from /home/airflow/.local/lib/python3.7/site-packages/airflow/example_dags/example_trigger_target_dag.py
[2025-03-16T08:35:52.796+0000] {logging_mixin.py:120} INFO - [2025-03-16T08:35:52.796+0000] {dag.py:2585} INFO - Sync 1 DAGs
[2025-03-16T08:35:52.841+0000] {logging_mixin.py:120} INFO - [2025-03-16T08:35:52.840+0000] {dag.py:3340} INFO - Setting next_dagrun for example_trigger_target_dag to None, run_after=None
[2025-03-16T08:35:52.868+0000] {processor.py:176} INFO - Processing /home/airflow/.local/lib/python3.7/site-packages/airflow/example_dags/example_trigger_target_dag.py took 0.201 seconds
[2025-03-16T08:36:23.111+0000] {processor.py:154} INFO - Started process (PID=590) to work on /home/airflow/.local/lib/python3.7/site-packages/airflow/example_dags/example_trigger_target_dag.py
[2025-03-16T08:36:23.113+0000] {processor.py:756} INFO - Processing file /home/airflow/.local/lib/python3.7/site-packages/airflow/example_dags/example_trigger_target_dag.py for tasks to queue
[2025-03-16T08:36:23.114+0000] {logging_mixin.py:120} INFO - [2025-03-16T08:36:23.114+0000] {dagbag.py:537} INFO - Filling up the DagBag from /home/airflow/.local/lib/python3.7/site-packages/airflow/example_dags/example_trigger_target_dag.py
[2025-03-16T08:36:23.153+0000] {processor.py:766} INFO - DAG(s) dict_keys(['example_trigger_target_dag']) retrieved from /home/airflow/.local/lib/python3.7/site-packages/airflow/example_dags/example_trigger_target_dag.py
[2025-03-16T08:36:23.229+0000] {logging_mixin.py:120} INFO - [2025-03-16T08:36:23.229+0000] {dag.py:2585} INFO - Sync 1 DAGs
[2025-03-16T08:36:23.275+0000] {logging_mixin.py:120} INFO - [2025-03-16T08:36:23.274+0000] {dag.py:3340} INFO - Setting next_dagrun for example_trigger_target_dag to None, run_after=None
[2025-03-16T08:36:23.307+0000] {processor.py:176} INFO - Processing /home/airflow/.local/lib/python3.7/site-packages/airflow/example_dags/example_trigger_target_dag.py took 0.201 seconds
[2025-03-16T08:36:54.058+0000] {processor.py:154} INFO - Started process (PID=644) to work on /home/airflow/.local/lib/python3.7/site-packages/airflow/example_dags/example_trigger_target_dag.py
[2025-03-16T08:36:54.059+0000] {processor.py:756} INFO - Processing file /home/airflow/.local/lib/python3.7/site-packages/airflow/example_dags/example_trigger_target_dag.py for tasks to queue
[2025-03-16T08:36:54.060+0000] {logging_mixin.py:120} INFO - [2025-03-16T08:36:54.060+0000] {dagbag.py:537} INFO - Filling up the DagBag from /home/airflow/.local/lib/python3.7/site-packages/airflow/example_dags/example_trigger_target_dag.py
[2025-03-16T08:36:54.096+0000] {processor.py:766} INFO - DAG(s) dict_keys(['example_trigger_target_dag']) retrieved from /home/airflow/.local/lib/python3.7/site-packages/airflow/example_dags/example_trigger_target_dag.py
[2025-03-16T08:36:54.166+0000] {logging_mixin.py:120} INFO - [2025-03-16T08:36:54.165+0000] {dag.py:2585} INFO - Sync 1 DAGs
[2025-03-16T08:36:54.221+0000] {logging_mixin.py:120} INFO - [2025-03-16T08:36:54.220+0000] {dag.py:3340} INFO - Setting next_dagrun for example_trigger_target_dag to None, run_after=None
[2025-03-16T08:36:54.256+0000] {processor.py:176} INFO - Processing /home/airflow/.local/lib/python3.7/site-packages/airflow/example_dags/example_trigger_target_dag.py took 0.203 seconds
[2025-03-16T08:37:24.418+0000] {processor.py:154} INFO - Started process (PID=706) to work on /home/airflow/.local/lib/python3.7/site-packages/airflow/example_dags/example_trigger_target_dag.py
[2025-03-16T08:37:24.420+0000] {processor.py:756} INFO - Processing file /home/airflow/.local/lib/python3.7/site-packages/airflow/example_dags/example_trigger_target_dag.py for tasks to queue
[2025-03-16T08:37:24.421+0000] {logging_mixin.py:120} INFO - [2025-03-16T08:37:24.420+0000] {dagbag.py:537} INFO - Filling up the DagBag from /home/airflow/.local/lib/python3.7/site-packages/airflow/example_dags/example_trigger_target_dag.py
[2025-03-16T08:37:24.461+0000] {processor.py:766} INFO - DAG(s) dict_keys(['example_trigger_target_dag']) retrieved from /home/airflow/.local/lib/python3.7/site-packages/airflow/example_dags/example_trigger_target_dag.py
[2025-03-16T08:37:24.540+0000] {logging_mixin.py:120} INFO - [2025-03-16T08:37:24.540+0000] {dag.py:2585} INFO - Sync 1 DAGs
[2025-03-16T08:37:24.620+0000] {logging_mixin.py:120} INFO - [2025-03-16T08:37:24.620+0000] {dag.py:3340} INFO - Setting next_dagrun for example_trigger_target_dag to None, run_after=None
[2025-03-16T08:37:24.681+0000] {processor.py:176} INFO - Processing /home/airflow/.local/lib/python3.7/site-packages/airflow/example_dags/example_trigger_target_dag.py took 0.270 seconds
[2025-03-16T08:37:55.595+0000] {processor.py:154} INFO - Started process (PID=760) to work on /home/airflow/.local/lib/python3.7/site-packages/airflow/example_dags/example_trigger_target_dag.py
[2025-03-16T08:37:55.596+0000] {processor.py:756} INFO - Processing file /home/airflow/.local/lib/python3.7/site-packages/airflow/example_dags/example_trigger_target_dag.py for tasks to queue
[2025-03-16T08:37:55.597+0000] {logging_mixin.py:120} INFO - [2025-03-16T08:37:55.597+0000] {dagbag.py:537} INFO - Filling up the DagBag from /home/airflow/.local/lib/python3.7/site-packages/airflow/example_dags/example_trigger_target_dag.py
[2025-03-16T08:37:55.636+0000] {processor.py:766} INFO - DAG(s) dict_keys(['example_trigger_target_dag']) retrieved from /home/airflow/.local/lib/python3.7/site-packages/airflow/example_dags/example_trigger_target_dag.py
[2025-03-16T08:37:55.714+0000] {logging_mixin.py:120} INFO - [2025-03-16T08:37:55.714+0000] {dag.py:2585} INFO - Sync 1 DAGs
[2025-03-16T08:37:55.765+0000] {logging_mixin.py:120} INFO - [2025-03-16T08:37:55.765+0000] {dag.py:3340} INFO - Setting next_dagrun for example_trigger_target_dag to None, run_after=None
[2025-03-16T08:37:55.799+0000] {processor.py:176} INFO - Processing /home/airflow/.local/lib/python3.7/site-packages/airflow/example_dags/example_trigger_target_dag.py took 0.209 seconds
[2025-03-16T08:38:26.068+0000] {processor.py:154} INFO - Started process (PID=824) to work on /home/airflow/.local/lib/python3.7/site-packages/airflow/example_dags/example_trigger_target_dag.py
[2025-03-16T08:38:26.070+0000] {processor.py:756} INFO - Processing file /home/airflow/.local/lib/python3.7/site-packages/airflow/example_dags/example_trigger_target_dag.py for tasks to queue
[2025-03-16T08:38:26.071+0000] {logging_mixin.py:120} INFO - [2025-03-16T08:38:26.071+0000] {dagbag.py:537} INFO - Filling up the DagBag from /home/airflow/.local/lib/python3.7/site-packages/airflow/example_dags/example_trigger_target_dag.py
[2025-03-16T08:38:26.115+0000] {processor.py:766} INFO - DAG(s) dict_keys(['example_trigger_target_dag']) retrieved from /home/airflow/.local/lib/python3.7/site-packages/airflow/example_dags/example_trigger_target_dag.py
[2025-03-16T08:38:26.217+0000] {logging_mixin.py:120} INFO - [2025-03-16T08:38:26.217+0000] {dag.py:2585} INFO - Sync 1 DAGs
[2025-03-16T08:38:26.274+0000] {logging_mixin.py:120} INFO - [2025-03-16T08:38:26.273+0000] {dag.py:3340} INFO - Setting next_dagrun for example_trigger_target_dag to None, run_after=None
[2025-03-16T08:38:26.327+0000] {processor.py:176} INFO - Processing /home/airflow/.local/lib/python3.7/site-packages/airflow/example_dags/example_trigger_target_dag.py took 0.264 seconds
[2025-03-16T08:38:57.173+0000] {processor.py:154} INFO - Started process (PID=878) to work on /home/airflow/.local/lib/python3.7/site-packages/airflow/example_dags/example_trigger_target_dag.py
[2025-03-16T08:38:57.175+0000] {processor.py:756} INFO - Processing file /home/airflow/.local/lib/python3.7/site-packages/airflow/example_dags/example_trigger_target_dag.py for tasks to queue
[2025-03-16T08:38:57.176+0000] {logging_mixin.py:120} INFO - [2025-03-16T08:38:57.176+0000] {dagbag.py:537} INFO - Filling up the DagBag from /home/airflow/.local/lib/python3.7/site-packages/airflow/example_dags/example_trigger_target_dag.py
[2025-03-16T08:38:57.217+0000] {processor.py:766} INFO - DAG(s) dict_keys(['example_trigger_target_dag']) retrieved from /home/airflow/.local/lib/python3.7/site-packages/airflow/example_dags/example_trigger_target_dag.py
[2025-03-16T08:38:57.299+0000] {logging_mixin.py:120} INFO - [2025-03-16T08:38:57.298+0000] {dag.py:2585} INFO - Sync 1 DAGs
[2025-03-16T08:38:57.378+0000] {logging_mixin.py:120} INFO - [2025-03-16T08:38:57.377+0000] {dag.py:3340} INFO - Setting next_dagrun for example_trigger_target_dag to None, run_after=None
[2025-03-16T08:38:57.408+0000] {processor.py:176} INFO - Processing /home/airflow/.local/lib/python3.7/site-packages/airflow/example_dags/example_trigger_target_dag.py took 0.240 seconds
[2025-03-16T08:39:27.692+0000] {processor.py:154} INFO - Started process (PID=941) to work on /home/airflow/.local/lib/python3.7/site-packages/airflow/example_dags/example_trigger_target_dag.py
[2025-03-16T08:39:27.693+0000] {processor.py:756} INFO - Processing file /home/airflow/.local/lib/python3.7/site-packages/airflow/example_dags/example_trigger_target_dag.py for tasks to queue
[2025-03-16T08:39:27.696+0000] {logging_mixin.py:120} INFO - [2025-03-16T08:39:27.696+0000] {dagbag.py:537} INFO - Filling up the DagBag from /home/airflow/.local/lib/python3.7/site-packages/airflow/example_dags/example_trigger_target_dag.py
[2025-03-16T08:39:27.778+0000] {processor.py:766} INFO - DAG(s) dict_keys(['example_trigger_target_dag']) retrieved from /home/airflow/.local/lib/python3.7/site-packages/airflow/example_dags/example_trigger_target_dag.py
[2025-03-16T08:39:27.932+0000] {logging_mixin.py:120} INFO - [2025-03-16T08:39:27.931+0000] {dag.py:2585} INFO - Sync 1 DAGs
[2025-03-16T08:39:27.977+0000] {logging_mixin.py:120} INFO - [2025-03-16T08:39:27.977+0000] {dag.py:3340} INFO - Setting next_dagrun for example_trigger_target_dag to None, run_after=None
[2025-03-16T08:39:28.027+0000] {processor.py:176} INFO - Processing /home/airflow/.local/lib/python3.7/site-packages/airflow/example_dags/example_trigger_target_dag.py took 0.350 seconds
[2025-03-16T08:39:58.359+0000] {processor.py:154} INFO - Started process (PID=995) to work on /home/airflow/.local/lib/python3.7/site-packages/airflow/example_dags/example_trigger_target_dag.py
[2025-03-16T08:39:58.361+0000] {processor.py:756} INFO - Processing file /home/airflow/.local/lib/python3.7/site-packages/airflow/example_dags/example_trigger_target_dag.py for tasks to queue
[2025-03-16T08:39:58.362+0000] {logging_mixin.py:120} INFO - [2025-03-16T08:39:58.362+0000] {dagbag.py:537} INFO - Filling up the DagBag from /home/airflow/.local/lib/python3.7/site-packages/airflow/example_dags/example_trigger_target_dag.py
[2025-03-16T08:39:58.400+0000] {processor.py:766} INFO - DAG(s) dict_keys(['example_trigger_target_dag']) retrieved from /home/airflow/.local/lib/python3.7/site-packages/airflow/example_dags/example_trigger_target_dag.py
[2025-03-16T08:39:58.499+0000] {logging_mixin.py:120} INFO - [2025-03-16T08:39:58.499+0000] {dag.py:2585} INFO - Sync 1 DAGs
[2025-03-16T08:39:58.548+0000] {logging_mixin.py:120} INFO - [2025-03-16T08:39:58.547+0000] {dag.py:3340} INFO - Setting next_dagrun for example_trigger_target_dag to None, run_after=None
[2025-03-16T08:39:58.583+0000] {processor.py:176} INFO - Processing /home/airflow/.local/lib/python3.7/site-packages/airflow/example_dags/example_trigger_target_dag.py took 0.230 seconds
[2025-03-16T08:40:29.375+0000] {processor.py:154} INFO - Started process (PID=1058) to work on /home/airflow/.local/lib/python3.7/site-packages/airflow/example_dags/example_trigger_target_dag.py
[2025-03-16T08:40:29.376+0000] {processor.py:756} INFO - Processing file /home/airflow/.local/lib/python3.7/site-packages/airflow/example_dags/example_trigger_target_dag.py for tasks to queue
[2025-03-16T08:40:29.380+0000] {logging_mixin.py:120} INFO - [2025-03-16T08:40:29.379+0000] {dagbag.py:537} INFO - Filling up the DagBag from /home/airflow/.local/lib/python3.7/site-packages/airflow/example_dags/example_trigger_target_dag.py
[2025-03-16T08:40:29.453+0000] {processor.py:766} INFO - DAG(s) dict_keys(['example_trigger_target_dag']) retrieved from /home/airflow/.local/lib/python3.7/site-packages/airflow/example_dags/example_trigger_target_dag.py
[2025-03-16T08:40:29.544+0000] {logging_mixin.py:120} INFO - [2025-03-16T08:40:29.543+0000] {dag.py:2585} INFO - Sync 1 DAGs
[2025-03-16T08:40:29.590+0000] {logging_mixin.py:120} INFO - [2025-03-16T08:40:29.590+0000] {dag.py:3340} INFO - Setting next_dagrun for example_trigger_target_dag to None, run_after=None
[2025-03-16T08:40:29.637+0000] {processor.py:176} INFO - Processing /home/airflow/.local/lib/python3.7/site-packages/airflow/example_dags/example_trigger_target_dag.py took 0.277 seconds
[2025-03-16T08:40:59.738+0000] {processor.py:154} INFO - Started process (PID=1111) to work on /home/airflow/.local/lib/python3.7/site-packages/airflow/example_dags/example_trigger_target_dag.py
[2025-03-16T08:40:59.740+0000] {processor.py:756} INFO - Processing file /home/airflow/.local/lib/python3.7/site-packages/airflow/example_dags/example_trigger_target_dag.py for tasks to queue
[2025-03-16T08:40:59.741+0000] {logging_mixin.py:120} INFO - [2025-03-16T08:40:59.740+0000] {dagbag.py:537} INFO - Filling up the DagBag from /home/airflow/.local/lib/python3.7/site-packages/airflow/example_dags/example_trigger_target_dag.py
[2025-03-16T08:40:59.773+0000] {processor.py:766} INFO - DAG(s) dict_keys(['example_trigger_target_dag']) retrieved from /home/airflow/.local/lib/python3.7/site-packages/airflow/example_dags/example_trigger_target_dag.py
[2025-03-16T08:40:59.834+0000] {logging_mixin.py:120} INFO - [2025-03-16T08:40:59.834+0000] {dag.py:2585} INFO - Sync 1 DAGs
[2025-03-16T08:40:59.873+0000] {logging_mixin.py:120} INFO - [2025-03-16T08:40:59.872+0000] {dag.py:3340} INFO - Setting next_dagrun for example_trigger_target_dag to None, run_after=None
[2025-03-16T08:40:59.897+0000] {processor.py:176} INFO - Processing /home/airflow/.local/lib/python3.7/site-packages/airflow/example_dags/example_trigger_target_dag.py took 0.163 seconds
[2025-03-16T08:41:30.416+0000] {processor.py:154} INFO - Started process (PID=1165) to work on /home/airflow/.local/lib/python3.7/site-packages/airflow/example_dags/example_trigger_target_dag.py
[2025-03-16T08:41:30.419+0000] {processor.py:756} INFO - Processing file /home/airflow/.local/lib/python3.7/site-packages/airflow/example_dags/example_trigger_target_dag.py for tasks to queue
[2025-03-16T08:41:30.420+0000] {logging_mixin.py:120} INFO - [2025-03-16T08:41:30.420+0000] {dagbag.py:537} INFO - Filling up the DagBag from /home/airflow/.local/lib/python3.7/site-packages/airflow/example_dags/example_trigger_target_dag.py
[2025-03-16T08:41:30.465+0000] {processor.py:766} INFO - DAG(s) dict_keys(['example_trigger_target_dag']) retrieved from /home/airflow/.local/lib/python3.7/site-packages/airflow/example_dags/example_trigger_target_dag.py
[2025-03-16T08:41:30.544+0000] {logging_mixin.py:120} INFO - [2025-03-16T08:41:30.544+0000] {dag.py:2585} INFO - Sync 1 DAGs
[2025-03-16T08:41:30.584+0000] {logging_mixin.py:120} INFO - [2025-03-16T08:41:30.584+0000] {dag.py:3340} INFO - Setting next_dagrun for example_trigger_target_dag to None, run_after=None
[2025-03-16T08:41:30.664+0000] {processor.py:176} INFO - Processing /home/airflow/.local/lib/python3.7/site-packages/airflow/example_dags/example_trigger_target_dag.py took 0.258 seconds
[2025-03-16T08:42:00.890+0000] {processor.py:154} INFO - Started process (PID=1228) to work on /home/airflow/.local/lib/python3.7/site-packages/airflow/example_dags/example_trigger_target_dag.py
[2025-03-16T08:42:00.891+0000] {processor.py:756} INFO - Processing file /home/airflow/.local/lib/python3.7/site-packages/airflow/example_dags/example_trigger_target_dag.py for tasks to queue
[2025-03-16T08:42:00.892+0000] {logging_mixin.py:120} INFO - [2025-03-16T08:42:00.892+0000] {dagbag.py:537} INFO - Filling up the DagBag from /home/airflow/.local/lib/python3.7/site-packages/airflow/example_dags/example_trigger_target_dag.py
[2025-03-16T08:42:00.918+0000] {processor.py:766} INFO - DAG(s) dict_keys(['example_trigger_target_dag']) retrieved from /home/airflow/.local/lib/python3.7/site-packages/airflow/example_dags/example_trigger_target_dag.py
[2025-03-16T08:42:00.974+0000] {logging_mixin.py:120} INFO - [2025-03-16T08:42:00.973+0000] {dag.py:2585} INFO - Sync 1 DAGs
[2025-03-16T08:42:01.013+0000] {logging_mixin.py:120} INFO - [2025-03-16T08:42:01.013+0000] {dag.py:3340} INFO - Setting next_dagrun for example_trigger_target_dag to None, run_after=None
[2025-03-16T08:42:01.038+0000] {processor.py:176} INFO - Processing /home/airflow/.local/lib/python3.7/site-packages/airflow/example_dags/example_trigger_target_dag.py took 0.153 seconds
[2025-03-16T08:42:31.324+0000] {processor.py:154} INFO - Started process (PID=1282) to work on /home/airflow/.local/lib/python3.7/site-packages/airflow/example_dags/example_trigger_target_dag.py
[2025-03-16T08:42:31.326+0000] {processor.py:756} INFO - Processing file /home/airflow/.local/lib/python3.7/site-packages/airflow/example_dags/example_trigger_target_dag.py for tasks to queue
[2025-03-16T08:42:31.327+0000] {logging_mixin.py:120} INFO - [2025-03-16T08:42:31.327+0000] {dagbag.py:537} INFO - Filling up the DagBag from /home/airflow/.local/lib/python3.7/site-packages/airflow/example_dags/example_trigger_target_dag.py
[2025-03-16T08:42:31.395+0000] {processor.py:766} INFO - DAG(s) dict_keys(['example_trigger_target_dag']) retrieved from /home/airflow/.local/lib/python3.7/site-packages/airflow/example_dags/example_trigger_target_dag.py
[2025-03-16T08:42:31.485+0000] {logging_mixin.py:120} INFO - [2025-03-16T08:42:31.485+0000] {dag.py:2585} INFO - Sync 1 DAGs
[2025-03-16T08:42:31.522+0000] {logging_mixin.py:120} INFO - [2025-03-16T08:42:31.522+0000] {dag.py:3340} INFO - Setting next_dagrun for example_trigger_target_dag to None, run_after=None
[2025-03-16T08:42:31.548+0000] {processor.py:176} INFO - Processing /home/airflow/.local/lib/python3.7/site-packages/airflow/example_dags/example_trigger_target_dag.py took 0.232 seconds
[2025-03-16T08:43:01.713+0000] {processor.py:154} INFO - Started process (PID=1345) to work on /home/airflow/.local/lib/python3.7/site-packages/airflow/example_dags/example_trigger_target_dag.py
[2025-03-16T08:43:01.717+0000] {processor.py:756} INFO - Processing file /home/airflow/.local/lib/python3.7/site-packages/airflow/example_dags/example_trigger_target_dag.py for tasks to queue
[2025-03-16T08:43:01.718+0000] {logging_mixin.py:120} INFO - [2025-03-16T08:43:01.718+0000] {dagbag.py:537} INFO - Filling up the DagBag from /home/airflow/.local/lib/python3.7/site-packages/airflow/example_dags/example_trigger_target_dag.py
[2025-03-16T08:43:01.768+0000] {processor.py:766} INFO - DAG(s) dict_keys(['example_trigger_target_dag']) retrieved from /home/airflow/.local/lib/python3.7/site-packages/airflow/example_dags/example_trigger_target_dag.py
[2025-03-16T08:43:01.903+0000] {logging_mixin.py:120} INFO - [2025-03-16T08:43:01.903+0000] {dag.py:2585} INFO - Sync 1 DAGs
[2025-03-16T08:43:01.965+0000] {logging_mixin.py:120} INFO - [2025-03-16T08:43:01.965+0000] {dag.py:3340} INFO - Setting next_dagrun for example_trigger_target_dag to None, run_after=None
[2025-03-16T08:43:02.014+0000] {processor.py:176} INFO - Processing /home/airflow/.local/lib/python3.7/site-packages/airflow/example_dags/example_trigger_target_dag.py took 0.308 seconds
[2025-03-16T08:43:32.498+0000] {processor.py:154} INFO - Started process (PID=1399) to work on /home/airflow/.local/lib/python3.7/site-packages/airflow/example_dags/example_trigger_target_dag.py
[2025-03-16T08:43:32.500+0000] {processor.py:756} INFO - Processing file /home/airflow/.local/lib/python3.7/site-packages/airflow/example_dags/example_trigger_target_dag.py for tasks to queue
[2025-03-16T08:43:32.500+0000] {logging_mixin.py:120} INFO - [2025-03-16T08:43:32.500+0000] {dagbag.py:537} INFO - Filling up the DagBag from /home/airflow/.local/lib/python3.7/site-packages/airflow/example_dags/example_trigger_target_dag.py
[2025-03-16T08:43:32.525+0000] {processor.py:766} INFO - DAG(s) dict_keys(['example_trigger_target_dag']) retrieved from /home/airflow/.local/lib/python3.7/site-packages/airflow/example_dags/example_trigger_target_dag.py
[2025-03-16T08:43:32.575+0000] {logging_mixin.py:120} INFO - [2025-03-16T08:43:32.575+0000] {dag.py:2585} INFO - Sync 1 DAGs
[2025-03-16T08:43:32.608+0000] {logging_mixin.py:120} INFO - [2025-03-16T08:43:32.608+0000] {dag.py:3340} INFO - Setting next_dagrun for example_trigger_target_dag to None, run_after=None
[2025-03-16T08:43:32.630+0000] {processor.py:176} INFO - Processing /home/airflow/.local/lib/python3.7/site-packages/airflow/example_dags/example_trigger_target_dag.py took 0.136 seconds
[2025-03-16T08:44:02.846+0000] {processor.py:154} INFO - Started process (PID=1462) to work on /home/airflow/.local/lib/python3.7/site-packages/airflow/example_dags/example_trigger_target_dag.py
[2025-03-16T08:44:02.847+0000] {processor.py:756} INFO - Processing file /home/airflow/.local/lib/python3.7/site-packages/airflow/example_dags/example_trigger_target_dag.py for tasks to queue
[2025-03-16T08:44:02.848+0000] {logging_mixin.py:120} INFO - [2025-03-16T08:44:02.848+0000] {dagbag.py:537} INFO - Filling up the DagBag from /home/airflow/.local/lib/python3.7/site-packages/airflow/example_dags/example_trigger_target_dag.py
[2025-03-16T08:44:02.890+0000] {processor.py:766} INFO - DAG(s) dict_keys(['example_trigger_target_dag']) retrieved from /home/airflow/.local/lib/python3.7/site-packages/airflow/example_dags/example_trigger_target_dag.py
[2025-03-16T08:44:02.977+0000] {logging_mixin.py:120} INFO - [2025-03-16T08:44:02.977+0000] {dag.py:2585} INFO - Sync 1 DAGs
[2025-03-16T08:44:03.017+0000] {logging_mixin.py:120} INFO - [2025-03-16T08:44:03.017+0000] {dag.py:3340} INFO - Setting next_dagrun for example_trigger_target_dag to None, run_after=None
[2025-03-16T08:44:03.042+0000] {processor.py:176} INFO - Processing /home/airflow/.local/lib/python3.7/site-packages/airflow/example_dags/example_trigger_target_dag.py took 0.204 seconds
[2025-03-16T08:44:33.663+0000] {processor.py:154} INFO - Started process (PID=1517) to work on /home/airflow/.local/lib/python3.7/site-packages/airflow/example_dags/example_trigger_target_dag.py
[2025-03-16T08:44:33.665+0000] {processor.py:756} INFO - Processing file /home/airflow/.local/lib/python3.7/site-packages/airflow/example_dags/example_trigger_target_dag.py for tasks to queue
[2025-03-16T08:44:33.665+0000] {logging_mixin.py:120} INFO - [2025-03-16T08:44:33.665+0000] {dagbag.py:537} INFO - Filling up the DagBag from /home/airflow/.local/lib/python3.7/site-packages/airflow/example_dags/example_trigger_target_dag.py
[2025-03-16T08:44:33.691+0000] {processor.py:766} INFO - DAG(s) dict_keys(['example_trigger_target_dag']) retrieved from /home/airflow/.local/lib/python3.7/site-packages/airflow/example_dags/example_trigger_target_dag.py
[2025-03-16T08:44:33.740+0000] {logging_mixin.py:120} INFO - [2025-03-16T08:44:33.740+0000] {dag.py:2585} INFO - Sync 1 DAGs
[2025-03-16T08:44:33.775+0000] {logging_mixin.py:120} INFO - [2025-03-16T08:44:33.775+0000] {dag.py:3340} INFO - Setting next_dagrun for example_trigger_target_dag to None, run_after=None
[2025-03-16T08:44:33.798+0000] {processor.py:176} INFO - Processing /home/airflow/.local/lib/python3.7/site-packages/airflow/example_dags/example_trigger_target_dag.py took 0.138 seconds
[2025-03-16T08:45:04.380+0000] {processor.py:154} INFO - Started process (PID=1580) to work on /home/airflow/.local/lib/python3.7/site-packages/airflow/example_dags/example_trigger_target_dag.py
[2025-03-16T08:45:04.381+0000] {processor.py:756} INFO - Processing file /home/airflow/.local/lib/python3.7/site-packages/airflow/example_dags/example_trigger_target_dag.py for tasks to queue
[2025-03-16T08:45:04.382+0000] {logging_mixin.py:120} INFO - [2025-03-16T08:45:04.382+0000] {dagbag.py:537} INFO - Filling up the DagBag from /home/airflow/.local/lib/python3.7/site-packages/airflow/example_dags/example_trigger_target_dag.py
[2025-03-16T08:45:04.422+0000] {processor.py:766} INFO - DAG(s) dict_keys(['example_trigger_target_dag']) retrieved from /home/airflow/.local/lib/python3.7/site-packages/airflow/example_dags/example_trigger_target_dag.py
[2025-03-16T08:45:04.552+0000] {logging_mixin.py:120} INFO - [2025-03-16T08:45:04.551+0000] {dag.py:2585} INFO - Sync 1 DAGs
[2025-03-16T08:45:04.595+0000] {logging_mixin.py:120} INFO - [2025-03-16T08:45:04.595+0000] {dag.py:3340} INFO - Setting next_dagrun for example_trigger_target_dag to None, run_after=None
[2025-03-16T08:45:04.623+0000] {processor.py:176} INFO - Processing /home/airflow/.local/lib/python3.7/site-packages/airflow/example_dags/example_trigger_target_dag.py took 0.256 seconds
[2025-03-16T08:45:34.999+0000] {processor.py:154} INFO - Started process (PID=1634) to work on /home/airflow/.local/lib/python3.7/site-packages/airflow/example_dags/example_trigger_target_dag.py
[2025-03-16T08:45:35.001+0000] {processor.py:756} INFO - Processing file /home/airflow/.local/lib/python3.7/site-packages/airflow/example_dags/example_trigger_target_dag.py for tasks to queue
[2025-03-16T08:45:35.002+0000] {logging_mixin.py:120} INFO - [2025-03-16T08:45:35.002+0000] {dagbag.py:537} INFO - Filling up the DagBag from /home/airflow/.local/lib/python3.7/site-packages/airflow/example_dags/example_trigger_target_dag.py
[2025-03-16T08:45:35.035+0000] {processor.py:766} INFO - DAG(s) dict_keys(['example_trigger_target_dag']) retrieved from /home/airflow/.local/lib/python3.7/site-packages/airflow/example_dags/example_trigger_target_dag.py
[2025-03-16T08:45:35.087+0000] {logging_mixin.py:120} INFO - [2025-03-16T08:45:35.086+0000] {dag.py:2585} INFO - Sync 1 DAGs
[2025-03-16T08:45:35.120+0000] {logging_mixin.py:120} INFO - [2025-03-16T08:45:35.120+0000] {dag.py:3340} INFO - Setting next_dagrun for example_trigger_target_dag to None, run_after=None
[2025-03-16T08:45:35.143+0000] {processor.py:176} INFO - Processing /home/airflow/.local/lib/python3.7/site-packages/airflow/example_dags/example_trigger_target_dag.py took 0.148 seconds
[2025-03-16T08:46:05.377+0000] {processor.py:154} INFO - Started process (PID=1697) to work on /home/airflow/.local/lib/python3.7/site-packages/airflow/example_dags/example_trigger_target_dag.py
[2025-03-16T08:46:05.378+0000] {processor.py:756} INFO - Processing file /home/airflow/.local/lib/python3.7/site-packages/airflow/example_dags/example_trigger_target_dag.py for tasks to queue
[2025-03-16T08:46:05.379+0000] {logging_mixin.py:120} INFO - [2025-03-16T08:46:05.378+0000] {dagbag.py:537} INFO - Filling up the DagBag from /home/airflow/.local/lib/python3.7/site-packages/airflow/example_dags/example_trigger_target_dag.py
[2025-03-16T08:46:05.413+0000] {processor.py:766} INFO - DAG(s) dict_keys(['example_trigger_target_dag']) retrieved from /home/airflow/.local/lib/python3.7/site-packages/airflow/example_dags/example_trigger_target_dag.py
[2025-03-16T08:46:05.475+0000] {logging_mixin.py:120} INFO - [2025-03-16T08:46:05.474+0000] {dag.py:2585} INFO - Sync 1 DAGs
[2025-03-16T08:46:05.517+0000] {logging_mixin.py:120} INFO - [2025-03-16T08:46:05.517+0000] {dag.py:3340} INFO - Setting next_dagrun for example_trigger_target_dag to None, run_after=None
[2025-03-16T08:46:05.542+0000] {processor.py:176} INFO - Processing /home/airflow/.local/lib/python3.7/site-packages/airflow/example_dags/example_trigger_target_dag.py took 0.170 seconds
[2025-03-16T08:46:36.229+0000] {processor.py:154} INFO - Started process (PID=1751) to work on /home/airflow/.local/lib/python3.7/site-packages/airflow/example_dags/example_trigger_target_dag.py
[2025-03-16T08:46:36.231+0000] {processor.py:756} INFO - Processing file /home/airflow/.local/lib/python3.7/site-packages/airflow/example_dags/example_trigger_target_dag.py for tasks to queue
[2025-03-16T08:46:36.232+0000] {logging_mixin.py:120} INFO - [2025-03-16T08:46:36.232+0000] {dagbag.py:537} INFO - Filling up the DagBag from /home/airflow/.local/lib/python3.7/site-packages/airflow/example_dags/example_trigger_target_dag.py
[2025-03-16T08:46:36.272+0000] {processor.py:766} INFO - DAG(s) dict_keys(['example_trigger_target_dag']) retrieved from /home/airflow/.local/lib/python3.7/site-packages/airflow/example_dags/example_trigger_target_dag.py
[2025-03-16T08:46:36.339+0000] {logging_mixin.py:120} INFO - [2025-03-16T08:46:36.338+0000] {dag.py:2585} INFO - Sync 1 DAGs
[2025-03-16T08:46:36.374+0000] {logging_mixin.py:120} INFO - [2025-03-16T08:46:36.373+0000] {dag.py:3340} INFO - Setting next_dagrun for example_trigger_target_dag to None, run_after=None
[2025-03-16T08:46:36.407+0000] {processor.py:176} INFO - Processing /home/airflow/.local/lib/python3.7/site-packages/airflow/example_dags/example_trigger_target_dag.py took 0.186 seconds
[2025-03-16T08:47:06.667+0000] {processor.py:154} INFO - Started process (PID=1814) to work on /home/airflow/.local/lib/python3.7/site-packages/airflow/example_dags/example_trigger_target_dag.py
[2025-03-16T08:47:06.669+0000] {processor.py:756} INFO - Processing file /home/airflow/.local/lib/python3.7/site-packages/airflow/example_dags/example_trigger_target_dag.py for tasks to queue
[2025-03-16T08:47:06.670+0000] {logging_mixin.py:120} INFO - [2025-03-16T08:47:06.670+0000] {dagbag.py:537} INFO - Filling up the DagBag from /home/airflow/.local/lib/python3.7/site-packages/airflow/example_dags/example_trigger_target_dag.py
[2025-03-16T08:47:06.706+0000] {processor.py:766} INFO - DAG(s) dict_keys(['example_trigger_target_dag']) retrieved from /home/airflow/.local/lib/python3.7/site-packages/airflow/example_dags/example_trigger_target_dag.py
[2025-03-16T08:47:06.785+0000] {logging_mixin.py:120} INFO - [2025-03-16T08:47:06.785+0000] {dag.py:2585} INFO - Sync 1 DAGs
[2025-03-16T08:47:06.825+0000] {logging_mixin.py:120} INFO - [2025-03-16T08:47:06.825+0000] {dag.py:3340} INFO - Setting next_dagrun for example_trigger_target_dag to None, run_after=None
[2025-03-16T08:47:06.849+0000] {processor.py:176} INFO - Processing /home/airflow/.local/lib/python3.7/site-packages/airflow/example_dags/example_trigger_target_dag.py took 0.187 seconds
[2025-03-16T08:47:36.905+0000] {processor.py:154} INFO - Started process (PID=1868) to work on /home/airflow/.local/lib/python3.7/site-packages/airflow/example_dags/example_trigger_target_dag.py
[2025-03-16T08:47:36.906+0000] {processor.py:756} INFO - Processing file /home/airflow/.local/lib/python3.7/site-packages/airflow/example_dags/example_trigger_target_dag.py for tasks to queue
[2025-03-16T08:47:36.907+0000] {logging_mixin.py:120} INFO - [2025-03-16T08:47:36.907+0000] {dagbag.py:537} INFO - Filling up the DagBag from /home/airflow/.local/lib/python3.7/site-packages/airflow/example_dags/example_trigger_target_dag.py
[2025-03-16T08:47:36.943+0000] {processor.py:766} INFO - DAG(s) dict_keys(['example_trigger_target_dag']) retrieved from /home/airflow/.local/lib/python3.7/site-packages/airflow/example_dags/example_trigger_target_dag.py
[2025-03-16T08:47:37.018+0000] {logging_mixin.py:120} INFO - [2025-03-16T08:47:37.017+0000] {dag.py:2585} INFO - Sync 1 DAGs
[2025-03-16T08:47:37.073+0000] {logging_mixin.py:120} INFO - [2025-03-16T08:47:37.073+0000] {dag.py:3340} INFO - Setting next_dagrun for example_trigger_target_dag to None, run_after=None
[2025-03-16T08:47:37.114+0000] {processor.py:176} INFO - Processing /home/airflow/.local/lib/python3.7/site-packages/airflow/example_dags/example_trigger_target_dag.py took 0.215 seconds
[2025-03-16T08:48:07.893+0000] {processor.py:154} INFO - Started process (PID=1931) to work on /home/airflow/.local/lib/python3.7/site-packages/airflow/example_dags/example_trigger_target_dag.py
[2025-03-16T08:48:07.897+0000] {processor.py:756} INFO - Processing file /home/airflow/.local/lib/python3.7/site-packages/airflow/example_dags/example_trigger_target_dag.py for tasks to queue
[2025-03-16T08:48:07.898+0000] {logging_mixin.py:120} INFO - [2025-03-16T08:48:07.898+0000] {dagbag.py:537} INFO - Filling up the DagBag from /home/airflow/.local/lib/python3.7/site-packages/airflow/example_dags/example_trigger_target_dag.py
[2025-03-16T08:48:07.966+0000] {processor.py:766} INFO - DAG(s) dict_keys(['example_trigger_target_dag']) retrieved from /home/airflow/.local/lib/python3.7/site-packages/airflow/example_dags/example_trigger_target_dag.py
[2025-03-16T08:48:08.078+0000] {logging_mixin.py:120} INFO - [2025-03-16T08:48:08.078+0000] {dag.py:2585} INFO - Sync 1 DAGs
[2025-03-16T08:48:08.193+0000] {logging_mixin.py:120} INFO - [2025-03-16T08:48:08.192+0000] {dag.py:3340} INFO - Setting next_dagrun for example_trigger_target_dag to None, run_after=None
[2025-03-16T08:48:08.255+0000] {processor.py:176} INFO - Processing /home/airflow/.local/lib/python3.7/site-packages/airflow/example_dags/example_trigger_target_dag.py took 0.374 seconds
[2025-03-16T08:48:38.896+0000] {processor.py:154} INFO - Started process (PID=1984) to work on /home/airflow/.local/lib/python3.7/site-packages/airflow/example_dags/example_trigger_target_dag.py
[2025-03-16T08:48:38.898+0000] {processor.py:756} INFO - Processing file /home/airflow/.local/lib/python3.7/site-packages/airflow/example_dags/example_trigger_target_dag.py for tasks to queue
[2025-03-16T08:48:38.899+0000] {logging_mixin.py:120} INFO - [2025-03-16T08:48:38.899+0000] {dagbag.py:537} INFO - Filling up the DagBag from /home/airflow/.local/lib/python3.7/site-packages/airflow/example_dags/example_trigger_target_dag.py
[2025-03-16T08:48:38.937+0000] {processor.py:766} INFO - DAG(s) dict_keys(['example_trigger_target_dag']) retrieved from /home/airflow/.local/lib/python3.7/site-packages/airflow/example_dags/example_trigger_target_dag.py
[2025-03-16T08:48:39.016+0000] {logging_mixin.py:120} INFO - [2025-03-16T08:48:39.016+0000] {dag.py:2585} INFO - Sync 1 DAGs
[2025-03-16T08:48:39.066+0000] {logging_mixin.py:120} INFO - [2025-03-16T08:48:39.066+0000] {dag.py:3340} INFO - Setting next_dagrun for example_trigger_target_dag to None, run_after=None
[2025-03-16T08:48:39.097+0000] {processor.py:176} INFO - Processing /home/airflow/.local/lib/python3.7/site-packages/airflow/example_dags/example_trigger_target_dag.py took 0.207 seconds
[2025-03-16T08:49:09.184+0000] {processor.py:154} INFO - Started process (PID=2046) to work on /home/airflow/.local/lib/python3.7/site-packages/airflow/example_dags/example_trigger_target_dag.py
[2025-03-16T08:49:09.185+0000] {processor.py:756} INFO - Processing file /home/airflow/.local/lib/python3.7/site-packages/airflow/example_dags/example_trigger_target_dag.py for tasks to queue
[2025-03-16T08:49:09.186+0000] {logging_mixin.py:120} INFO - [2025-03-16T08:49:09.186+0000] {dagbag.py:537} INFO - Filling up the DagBag from /home/airflow/.local/lib/python3.7/site-packages/airflow/example_dags/example_trigger_target_dag.py
[2025-03-16T08:49:09.212+0000] {processor.py:766} INFO - DAG(s) dict_keys(['example_trigger_target_dag']) retrieved from /home/airflow/.local/lib/python3.7/site-packages/airflow/example_dags/example_trigger_target_dag.py
[2025-03-16T08:49:09.300+0000] {logging_mixin.py:120} INFO - [2025-03-16T08:49:09.300+0000] {dag.py:2585} INFO - Sync 1 DAGs
[2025-03-16T08:49:09.338+0000] {logging_mixin.py:120} INFO - [2025-03-16T08:49:09.337+0000] {dag.py:3340} INFO - Setting next_dagrun for example_trigger_target_dag to None, run_after=None
[2025-03-16T08:49:09.413+0000] {processor.py:176} INFO - Processing /home/airflow/.local/lib/python3.7/site-packages/airflow/example_dags/example_trigger_target_dag.py took 0.234 seconds
[2025-03-16T08:49:39.681+0000] {processor.py:154} INFO - Started process (PID=2101) to work on /home/airflow/.local/lib/python3.7/site-packages/airflow/example_dags/example_trigger_target_dag.py
[2025-03-16T08:49:39.683+0000] {processor.py:756} INFO - Processing file /home/airflow/.local/lib/python3.7/site-packages/airflow/example_dags/example_trigger_target_dag.py for tasks to queue
[2025-03-16T08:49:39.684+0000] {logging_mixin.py:120} INFO - [2025-03-16T08:49:39.683+0000] {dagbag.py:537} INFO - Filling up the DagBag from /home/airflow/.local/lib/python3.7/site-packages/airflow/example_dags/example_trigger_target_dag.py
[2025-03-16T08:49:39.707+0000] {processor.py:766} INFO - DAG(s) dict_keys(['example_trigger_target_dag']) retrieved from /home/airflow/.local/lib/python3.7/site-packages/airflow/example_dags/example_trigger_target_dag.py
[2025-03-16T08:49:39.757+0000] {logging_mixin.py:120} INFO - [2025-03-16T08:49:39.757+0000] {dag.py:2585} INFO - Sync 1 DAGs
[2025-03-16T08:49:39.788+0000] {logging_mixin.py:120} INFO - [2025-03-16T08:49:39.788+0000] {dag.py:3340} INFO - Setting next_dagrun for example_trigger_target_dag to None, run_after=None
[2025-03-16T08:49:39.810+0000] {processor.py:176} INFO - Processing /home/airflow/.local/lib/python3.7/site-packages/airflow/example_dags/example_trigger_target_dag.py took 0.132 seconds
[2025-03-16T08:50:10.387+0000] {processor.py:154} INFO - Started process (PID=2164) to work on /home/airflow/.local/lib/python3.7/site-packages/airflow/example_dags/example_trigger_target_dag.py
[2025-03-16T08:50:10.389+0000] {processor.py:756} INFO - Processing file /home/airflow/.local/lib/python3.7/site-packages/airflow/example_dags/example_trigger_target_dag.py for tasks to queue
[2025-03-16T08:50:10.390+0000] {logging_mixin.py:120} INFO - [2025-03-16T08:50:10.389+0000] {dagbag.py:537} INFO - Filling up the DagBag from /home/airflow/.local/lib/python3.7/site-packages/airflow/example_dags/example_trigger_target_dag.py
[2025-03-16T08:50:10.449+0000] {processor.py:766} INFO - DAG(s) dict_keys(['example_trigger_target_dag']) retrieved from /home/airflow/.local/lib/python3.7/site-packages/airflow/example_dags/example_trigger_target_dag.py
[2025-03-16T08:50:10.566+0000] {logging_mixin.py:120} INFO - [2025-03-16T08:50:10.565+0000] {dag.py:2585} INFO - Sync 1 DAGs
[2025-03-16T08:50:10.601+0000] {logging_mixin.py:120} INFO - [2025-03-16T08:50:10.600+0000] {dag.py:3340} INFO - Setting next_dagrun for example_trigger_target_dag to None, run_after=None
[2025-03-16T08:50:10.625+0000] {processor.py:176} INFO - Processing /home/airflow/.local/lib/python3.7/site-packages/airflow/example_dags/example_trigger_target_dag.py took 0.244 seconds
[2025-03-16T08:50:41.710+0000] {processor.py:154} INFO - Started process (PID=2218) to work on /home/airflow/.local/lib/python3.7/site-packages/airflow/example_dags/example_trigger_target_dag.py
[2025-03-16T08:50:41.712+0000] {processor.py:756} INFO - Processing file /home/airflow/.local/lib/python3.7/site-packages/airflow/example_dags/example_trigger_target_dag.py for tasks to queue
[2025-03-16T08:50:41.713+0000] {logging_mixin.py:120} INFO - [2025-03-16T08:50:41.713+0000] {dagbag.py:537} INFO - Filling up the DagBag from /home/airflow/.local/lib/python3.7/site-packages/airflow/example_dags/example_trigger_target_dag.py
[2025-03-16T08:50:41.747+0000] {processor.py:766} INFO - DAG(s) dict_keys(['example_trigger_target_dag']) retrieved from /home/airflow/.local/lib/python3.7/site-packages/airflow/example_dags/example_trigger_target_dag.py
[2025-03-16T08:50:41.804+0000] {logging_mixin.py:120} INFO - [2025-03-16T08:50:41.804+0000] {dag.py:2585} INFO - Sync 1 DAGs
[2025-03-16T08:50:41.835+0000] {logging_mixin.py:120} INFO - [2025-03-16T08:50:41.834+0000] {dag.py:3340} INFO - Setting next_dagrun for example_trigger_target_dag to None, run_after=None
[2025-03-16T08:50:41.855+0000] {processor.py:176} INFO - Processing /home/airflow/.local/lib/python3.7/site-packages/airflow/example_dags/example_trigger_target_dag.py took 0.150 seconds
[2025-03-16T08:51:12.716+0000] {processor.py:154} INFO - Started process (PID=2281) to work on /home/airflow/.local/lib/python3.7/site-packages/airflow/example_dags/example_trigger_target_dag.py
[2025-03-16T08:51:12.717+0000] {processor.py:756} INFO - Processing file /home/airflow/.local/lib/python3.7/site-packages/airflow/example_dags/example_trigger_target_dag.py for tasks to queue
[2025-03-16T08:51:12.718+0000] {logging_mixin.py:120} INFO - [2025-03-16T08:51:12.718+0000] {dagbag.py:537} INFO - Filling up the DagBag from /home/airflow/.local/lib/python3.7/site-packages/airflow/example_dags/example_trigger_target_dag.py
[2025-03-16T08:51:12.754+0000] {processor.py:766} INFO - DAG(s) dict_keys(['example_trigger_target_dag']) retrieved from /home/airflow/.local/lib/python3.7/site-packages/airflow/example_dags/example_trigger_target_dag.py
[2025-03-16T08:51:12.828+0000] {logging_mixin.py:120} INFO - [2025-03-16T08:51:12.828+0000] {dag.py:2585} INFO - Sync 1 DAGs
[2025-03-16T08:51:12.880+0000] {logging_mixin.py:120} INFO - [2025-03-16T08:51:12.879+0000] {dag.py:3340} INFO - Setting next_dagrun for example_trigger_target_dag to None, run_after=None
[2025-03-16T08:51:12.908+0000] {processor.py:176} INFO - Processing /home/airflow/.local/lib/python3.7/site-packages/airflow/example_dags/example_trigger_target_dag.py took 0.196 seconds
[2025-03-16T08:51:42.935+0000] {processor.py:154} INFO - Started process (PID=2334) to work on /home/airflow/.local/lib/python3.7/site-packages/airflow/example_dags/example_trigger_target_dag.py
[2025-03-16T08:51:42.936+0000] {processor.py:756} INFO - Processing file /home/airflow/.local/lib/python3.7/site-packages/airflow/example_dags/example_trigger_target_dag.py for tasks to queue
[2025-03-16T08:51:42.937+0000] {logging_mixin.py:120} INFO - [2025-03-16T08:51:42.936+0000] {dagbag.py:537} INFO - Filling up the DagBag from /home/airflow/.local/lib/python3.7/site-packages/airflow/example_dags/example_trigger_target_dag.py
[2025-03-16T08:51:42.968+0000] {processor.py:766} INFO - DAG(s) dict_keys(['example_trigger_target_dag']) retrieved from /home/airflow/.local/lib/python3.7/site-packages/airflow/example_dags/example_trigger_target_dag.py
[2025-03-16T08:51:43.036+0000] {logging_mixin.py:120} INFO - [2025-03-16T08:51:43.036+0000] {dag.py:2585} INFO - Sync 1 DAGs
[2025-03-16T08:51:43.067+0000] {logging_mixin.py:120} INFO - [2025-03-16T08:51:43.067+0000] {dag.py:3340} INFO - Setting next_dagrun for example_trigger_target_dag to None, run_after=None
[2025-03-16T08:51:43.093+0000] {processor.py:176} INFO - Processing /home/airflow/.local/lib/python3.7/site-packages/airflow/example_dags/example_trigger_target_dag.py took 0.162 seconds
[2025-03-16T08:52:13.840+0000] {processor.py:154} INFO - Started process (PID=2399) to work on /home/airflow/.local/lib/python3.7/site-packages/airflow/example_dags/example_trigger_target_dag.py
[2025-03-16T08:52:13.842+0000] {processor.py:756} INFO - Processing file /home/airflow/.local/lib/python3.7/site-packages/airflow/example_dags/example_trigger_target_dag.py for tasks to queue
[2025-03-16T08:52:13.843+0000] {logging_mixin.py:120} INFO - [2025-03-16T08:52:13.842+0000] {dagbag.py:537} INFO - Filling up the DagBag from /home/airflow/.local/lib/python3.7/site-packages/airflow/example_dags/example_trigger_target_dag.py
[2025-03-16T08:52:13.881+0000] {processor.py:766} INFO - DAG(s) dict_keys(['example_trigger_target_dag']) retrieved from /home/airflow/.local/lib/python3.7/site-packages/airflow/example_dags/example_trigger_target_dag.py
[2025-03-16T08:52:13.956+0000] {logging_mixin.py:120} INFO - [2025-03-16T08:52:13.956+0000] {dag.py:2585} INFO - Sync 1 DAGs
[2025-03-16T08:52:14.008+0000] {logging_mixin.py:120} INFO - [2025-03-16T08:52:14.007+0000] {dag.py:3340} INFO - Setting next_dagrun for example_trigger_target_dag to None, run_after=None
[2025-03-16T08:52:14.038+0000] {processor.py:176} INFO - Processing /home/airflow/.local/lib/python3.7/site-packages/airflow/example_dags/example_trigger_target_dag.py took 0.204 seconds
[2025-03-16T08:52:44.794+0000] {processor.py:154} INFO - Started process (PID=2453) to work on /home/airflow/.local/lib/python3.7/site-packages/airflow/example_dags/example_trigger_target_dag.py
[2025-03-16T08:52:44.796+0000] {processor.py:756} INFO - Processing file /home/airflow/.local/lib/python3.7/site-packages/airflow/example_dags/example_trigger_target_dag.py for tasks to queue
[2025-03-16T08:52:44.797+0000] {logging_mixin.py:120} INFO - [2025-03-16T08:52:44.797+0000] {dagbag.py:537} INFO - Filling up the DagBag from /home/airflow/.local/lib/python3.7/site-packages/airflow/example_dags/example_trigger_target_dag.py
[2025-03-16T08:52:44.836+0000] {processor.py:766} INFO - DAG(s) dict_keys(['example_trigger_target_dag']) retrieved from /home/airflow/.local/lib/python3.7/site-packages/airflow/example_dags/example_trigger_target_dag.py
[2025-03-16T08:52:44.908+0000] {logging_mixin.py:120} INFO - [2025-03-16T08:52:44.908+0000] {dag.py:2585} INFO - Sync 1 DAGs
[2025-03-16T08:52:44.959+0000] {logging_mixin.py:120} INFO - [2025-03-16T08:52:44.959+0000] {dag.py:3340} INFO - Setting next_dagrun for example_trigger_target_dag to None, run_after=None
[2025-03-16T08:52:45.005+0000] {processor.py:176} INFO - Processing /home/airflow/.local/lib/python3.7/site-packages/airflow/example_dags/example_trigger_target_dag.py took 0.217 seconds
[2025-03-16T08:53:15.116+0000] {processor.py:154} INFO - Started process (PID=2515) to work on /home/airflow/.local/lib/python3.7/site-packages/airflow/example_dags/example_trigger_target_dag.py
[2025-03-16T08:53:15.117+0000] {processor.py:756} INFO - Processing file /home/airflow/.local/lib/python3.7/site-packages/airflow/example_dags/example_trigger_target_dag.py for tasks to queue
[2025-03-16T08:53:15.119+0000] {logging_mixin.py:120} INFO - [2025-03-16T08:53:15.118+0000] {dagbag.py:537} INFO - Filling up the DagBag from /home/airflow/.local/lib/python3.7/site-packages/airflow/example_dags/example_trigger_target_dag.py
[2025-03-16T08:53:15.165+0000] {processor.py:766} INFO - DAG(s) dict_keys(['example_trigger_target_dag']) retrieved from /home/airflow/.local/lib/python3.7/site-packages/airflow/example_dags/example_trigger_target_dag.py
[2025-03-16T08:53:15.233+0000] {logging_mixin.py:120} INFO - [2025-03-16T08:53:15.233+0000] {dag.py:2585} INFO - Sync 1 DAGs
[2025-03-16T08:53:15.274+0000] {logging_mixin.py:120} INFO - [2025-03-16T08:53:15.274+0000] {dag.py:3340} INFO - Setting next_dagrun for example_trigger_target_dag to None, run_after=None
[2025-03-16T08:53:15.311+0000] {processor.py:176} INFO - Processing /home/airflow/.local/lib/python3.7/site-packages/airflow/example_dags/example_trigger_target_dag.py took 0.201 seconds
[2025-03-16T08:53:45.672+0000] {processor.py:154} INFO - Started process (PID=2570) to work on /home/airflow/.local/lib/python3.7/site-packages/airflow/example_dags/example_trigger_target_dag.py
[2025-03-16T08:53:45.673+0000] {processor.py:756} INFO - Processing file /home/airflow/.local/lib/python3.7/site-packages/airflow/example_dags/example_trigger_target_dag.py for tasks to queue
[2025-03-16T08:53:45.674+0000] {logging_mixin.py:120} INFO - [2025-03-16T08:53:45.674+0000] {dagbag.py:537} INFO - Filling up the DagBag from /home/airflow/.local/lib/python3.7/site-packages/airflow/example_dags/example_trigger_target_dag.py
[2025-03-16T08:53:45.724+0000] {processor.py:766} INFO - DAG(s) dict_keys(['example_trigger_target_dag']) retrieved from /home/airflow/.local/lib/python3.7/site-packages/airflow/example_dags/example_trigger_target_dag.py
[2025-03-16T08:53:45.822+0000] {logging_mixin.py:120} INFO - [2025-03-16T08:53:45.822+0000] {dag.py:2585} INFO - Sync 1 DAGs
[2025-03-16T08:53:45.885+0000] {logging_mixin.py:120} INFO - [2025-03-16T08:53:45.884+0000] {dag.py:3340} INFO - Setting next_dagrun for example_trigger_target_dag to None, run_after=None
[2025-03-16T08:53:45.920+0000] {processor.py:176} INFO - Processing /home/airflow/.local/lib/python3.7/site-packages/airflow/example_dags/example_trigger_target_dag.py took 0.257 seconds
[2025-03-16T08:54:15.990+0000] {processor.py:154} INFO - Started process (PID=2633) to work on /home/airflow/.local/lib/python3.7/site-packages/airflow/example_dags/example_trigger_target_dag.py
[2025-03-16T08:54:15.992+0000] {processor.py:756} INFO - Processing file /home/airflow/.local/lib/python3.7/site-packages/airflow/example_dags/example_trigger_target_dag.py for tasks to queue
[2025-03-16T08:54:15.993+0000] {logging_mixin.py:120} INFO - [2025-03-16T08:54:15.993+0000] {dagbag.py:537} INFO - Filling up the DagBag from /home/airflow/.local/lib/python3.7/site-packages/airflow/example_dags/example_trigger_target_dag.py
[2025-03-16T08:54:16.047+0000] {processor.py:766} INFO - DAG(s) dict_keys(['example_trigger_target_dag']) retrieved from /home/airflow/.local/lib/python3.7/site-packages/airflow/example_dags/example_trigger_target_dag.py
[2025-03-16T08:54:16.147+0000] {logging_mixin.py:120} INFO - [2025-03-16T08:54:16.146+0000] {dag.py:2585} INFO - Sync 1 DAGs
[2025-03-16T08:54:16.206+0000] {logging_mixin.py:120} INFO - [2025-03-16T08:54:16.206+0000] {dag.py:3340} INFO - Setting next_dagrun for example_trigger_target_dag to None, run_after=None
[2025-03-16T08:54:16.261+0000] {processor.py:176} INFO - Processing /home/airflow/.local/lib/python3.7/site-packages/airflow/example_dags/example_trigger_target_dag.py took 0.277 seconds
[2025-03-16T08:54:46.318+0000] {processor.py:154} INFO - Started process (PID=2686) to work on /home/airflow/.local/lib/python3.7/site-packages/airflow/example_dags/example_trigger_target_dag.py
[2025-03-16T08:54:46.319+0000] {processor.py:756} INFO - Processing file /home/airflow/.local/lib/python3.7/site-packages/airflow/example_dags/example_trigger_target_dag.py for tasks to queue
[2025-03-16T08:54:46.320+0000] {logging_mixin.py:120} INFO - [2025-03-16T08:54:46.320+0000] {dagbag.py:537} INFO - Filling up the DagBag from /home/airflow/.local/lib/python3.7/site-packages/airflow/example_dags/example_trigger_target_dag.py
[2025-03-16T08:54:46.372+0000] {processor.py:766} INFO - DAG(s) dict_keys(['example_trigger_target_dag']) retrieved from /home/airflow/.local/lib/python3.7/site-packages/airflow/example_dags/example_trigger_target_dag.py
[2025-03-16T08:54:46.474+0000] {logging_mixin.py:120} INFO - [2025-03-16T08:54:46.474+0000] {dag.py:2585} INFO - Sync 1 DAGs
[2025-03-16T08:54:46.588+0000] {logging_mixin.py:120} INFO - [2025-03-16T08:54:46.587+0000] {dag.py:3340} INFO - Setting next_dagrun for example_trigger_target_dag to None, run_after=None
[2025-03-16T08:54:46.625+0000] {processor.py:176} INFO - Processing /home/airflow/.local/lib/python3.7/site-packages/airflow/example_dags/example_trigger_target_dag.py took 0.312 seconds
[2025-03-16T08:55:17.155+0000] {processor.py:154} INFO - Started process (PID=2749) to work on /home/airflow/.local/lib/python3.7/site-packages/airflow/example_dags/example_trigger_target_dag.py
[2025-03-16T08:55:17.158+0000] {processor.py:756} INFO - Processing file /home/airflow/.local/lib/python3.7/site-packages/airflow/example_dags/example_trigger_target_dag.py for tasks to queue
[2025-03-16T08:55:17.159+0000] {logging_mixin.py:120} INFO - [2025-03-16T08:55:17.159+0000] {dagbag.py:537} INFO - Filling up the DagBag from /home/airflow/.local/lib/python3.7/site-packages/airflow/example_dags/example_trigger_target_dag.py
[2025-03-16T08:55:17.198+0000] {processor.py:766} INFO - DAG(s) dict_keys(['example_trigger_target_dag']) retrieved from /home/airflow/.local/lib/python3.7/site-packages/airflow/example_dags/example_trigger_target_dag.py
[2025-03-16T08:55:17.301+0000] {logging_mixin.py:120} INFO - [2025-03-16T08:55:17.300+0000] {dag.py:2585} INFO - Sync 1 DAGs
[2025-03-16T08:55:17.355+0000] {logging_mixin.py:120} INFO - [2025-03-16T08:55:17.354+0000] {dag.py:3340} INFO - Setting next_dagrun for example_trigger_target_dag to None, run_after=None
[2025-03-16T08:55:17.401+0000] {processor.py:176} INFO - Processing /home/airflow/.local/lib/python3.7/site-packages/airflow/example_dags/example_trigger_target_dag.py took 0.254 seconds
[2025-03-16T08:55:48.141+0000] {processor.py:154} INFO - Started process (PID=2802) to work on /home/airflow/.local/lib/python3.7/site-packages/airflow/example_dags/example_trigger_target_dag.py
[2025-03-16T08:55:48.142+0000] {processor.py:756} INFO - Processing file /home/airflow/.local/lib/python3.7/site-packages/airflow/example_dags/example_trigger_target_dag.py for tasks to queue
[2025-03-16T08:55:48.143+0000] {logging_mixin.py:120} INFO - [2025-03-16T08:55:48.143+0000] {dagbag.py:537} INFO - Filling up the DagBag from /home/airflow/.local/lib/python3.7/site-packages/airflow/example_dags/example_trigger_target_dag.py
[2025-03-16T08:55:48.185+0000] {processor.py:766} INFO - DAG(s) dict_keys(['example_trigger_target_dag']) retrieved from /home/airflow/.local/lib/python3.7/site-packages/airflow/example_dags/example_trigger_target_dag.py
[2025-03-16T08:55:48.266+0000] {logging_mixin.py:120} INFO - [2025-03-16T08:55:48.266+0000] {dag.py:2585} INFO - Sync 1 DAGs
[2025-03-16T08:55:48.323+0000] {logging_mixin.py:120} INFO - [2025-03-16T08:55:48.322+0000] {dag.py:3340} INFO - Setting next_dagrun for example_trigger_target_dag to None, run_after=None
[2025-03-16T08:55:48.350+0000] {processor.py:176} INFO - Processing /home/airflow/.local/lib/python3.7/site-packages/airflow/example_dags/example_trigger_target_dag.py took 0.215 seconds
[2025-03-16T08:56:18.894+0000] {processor.py:154} INFO - Started process (PID=2865) to work on /home/airflow/.local/lib/python3.7/site-packages/airflow/example_dags/example_trigger_target_dag.py
[2025-03-16T08:56:18.896+0000] {processor.py:756} INFO - Processing file /home/airflow/.local/lib/python3.7/site-packages/airflow/example_dags/example_trigger_target_dag.py for tasks to queue
[2025-03-16T08:56:18.897+0000] {logging_mixin.py:120} INFO - [2025-03-16T08:56:18.896+0000] {dagbag.py:537} INFO - Filling up the DagBag from /home/airflow/.local/lib/python3.7/site-packages/airflow/example_dags/example_trigger_target_dag.py
[2025-03-16T08:56:18.967+0000] {processor.py:766} INFO - DAG(s) dict_keys(['example_trigger_target_dag']) retrieved from /home/airflow/.local/lib/python3.7/site-packages/airflow/example_dags/example_trigger_target_dag.py
[2025-03-16T08:56:19.053+0000] {logging_mixin.py:120} INFO - [2025-03-16T08:56:19.052+0000] {dag.py:2585} INFO - Sync 1 DAGs
[2025-03-16T08:56:19.106+0000] {logging_mixin.py:120} INFO - [2025-03-16T08:56:19.105+0000] {dag.py:3340} INFO - Setting next_dagrun for example_trigger_target_dag to None, run_after=None
[2025-03-16T08:56:19.163+0000] {processor.py:176} INFO - Processing /home/airflow/.local/lib/python3.7/site-packages/airflow/example_dags/example_trigger_target_dag.py took 0.275 seconds
[2025-03-16T08:56:49.355+0000] {processor.py:154} INFO - Started process (PID=2919) to work on /home/airflow/.local/lib/python3.7/site-packages/airflow/example_dags/example_trigger_target_dag.py
[2025-03-16T08:56:49.356+0000] {processor.py:756} INFO - Processing file /home/airflow/.local/lib/python3.7/site-packages/airflow/example_dags/example_trigger_target_dag.py for tasks to queue
[2025-03-16T08:56:49.357+0000] {logging_mixin.py:120} INFO - [2025-03-16T08:56:49.357+0000] {dagbag.py:537} INFO - Filling up the DagBag from /home/airflow/.local/lib/python3.7/site-packages/airflow/example_dags/example_trigger_target_dag.py
[2025-03-16T08:56:49.384+0000] {processor.py:766} INFO - DAG(s) dict_keys(['example_trigger_target_dag']) retrieved from /home/airflow/.local/lib/python3.7/site-packages/airflow/example_dags/example_trigger_target_dag.py
[2025-03-16T08:56:49.435+0000] {logging_mixin.py:120} INFO - [2025-03-16T08:56:49.435+0000] {dag.py:2585} INFO - Sync 1 DAGs
[2025-03-16T08:56:49.469+0000] {logging_mixin.py:120} INFO - [2025-03-16T08:56:49.469+0000] {dag.py:3340} INFO - Setting next_dagrun for example_trigger_target_dag to None, run_after=None
[2025-03-16T08:56:49.492+0000] {processor.py:176} INFO - Processing /home/airflow/.local/lib/python3.7/site-packages/airflow/example_dags/example_trigger_target_dag.py took 0.142 seconds
