[2025-03-16T08:31:37.577+0000] {processor.py:154} INFO - Started process (PID=45) to work on /home/airflow/.local/lib/python3.7/site-packages/airflow/example_dags/example_branch_python_dop_operator_3.py
[2025-03-16T08:31:37.578+0000] {processor.py:756} INFO - Processing file /home/airflow/.local/lib/python3.7/site-packages/airflow/example_dags/example_branch_python_dop_operator_3.py for tasks to queue
[2025-03-16T08:31:37.579+0000] {logging_mixin.py:120} INFO - [2025-03-16T08:31:37.579+0000] {dagbag.py:537} INFO - Filling up the DagBag from /home/airflow/.local/lib/python3.7/site-packages/airflow/example_dags/example_branch_python_dop_operator_3.py
[2025-03-16T08:31:37.659+0000] {processor.py:766} INFO - DAG(s) dict_keys(['example_branch_dop_operator_v3']) retrieved from /home/airflow/.local/lib/python3.7/site-packages/airflow/example_dags/example_branch_python_dop_operator_3.py
[2025-03-16T08:31:37.939+0000] {logging_mixin.py:120} INFO - [2025-03-16T08:31:37.939+0000] {manager.py:507} INFO - Created Permission View: can read on DAG:example_branch_dop_operator_v3
[2025-03-16T08:31:37.970+0000] {logging_mixin.py:120} INFO - [2025-03-16T08:31:37.970+0000] {manager.py:507} INFO - Created Permission View: can edit on DAG:example_branch_dop_operator_v3
[2025-03-16T08:31:37.987+0000] {logging_mixin.py:120} INFO - [2025-03-16T08:31:37.987+0000] {manager.py:507} INFO - Created Permission View: can delete on DAG:example_branch_dop_operator_v3
[2025-03-16T08:31:37.987+0000] {logging_mixin.py:120} INFO - [2025-03-16T08:31:37.987+0000] {dag.py:2585} INFO - Sync 1 DAGs
[2025-03-16T08:31:38.039+0000] {logging_mixin.py:120} INFO - [2025-03-16T08:31:38.038+0000] {dag.py:2606} INFO - Creating ORM DAG for example_branch_dop_operator_v3
[2025-03-16T08:31:38.094+0000] {logging_mixin.py:120} INFO - [2025-03-16T08:31:38.094+0000] {dag.py:3340} INFO - Setting next_dagrun for example_branch_dop_operator_v3 to 2025-03-16T08:30:00+00:00, run_after=2025-03-16T08:31:00+00:00
[2025-03-16T08:31:38.159+0000] {processor.py:176} INFO - Processing /home/airflow/.local/lib/python3.7/site-packages/airflow/example_dags/example_branch_python_dop_operator_3.py took 0.589 seconds
[2025-03-16T08:32:08.265+0000] {processor.py:154} INFO - Started process (PID=99) to work on /home/airflow/.local/lib/python3.7/site-packages/airflow/example_dags/example_branch_python_dop_operator_3.py
[2025-03-16T08:32:08.266+0000] {processor.py:756} INFO - Processing file /home/airflow/.local/lib/python3.7/site-packages/airflow/example_dags/example_branch_python_dop_operator_3.py for tasks to queue
[2025-03-16T08:32:08.267+0000] {logging_mixin.py:120} INFO - [2025-03-16T08:32:08.267+0000] {dagbag.py:537} INFO - Filling up the DagBag from /home/airflow/.local/lib/python3.7/site-packages/airflow/example_dags/example_branch_python_dop_operator_3.py
[2025-03-16T08:32:08.295+0000] {processor.py:766} INFO - DAG(s) dict_keys(['example_branch_dop_operator_v3']) retrieved from /home/airflow/.local/lib/python3.7/site-packages/airflow/example_dags/example_branch_python_dop_operator_3.py
[2025-03-16T08:32:08.342+0000] {logging_mixin.py:120} INFO - [2025-03-16T08:32:08.342+0000] {dag.py:2585} INFO - Sync 1 DAGs
[2025-03-16T08:32:08.377+0000] {logging_mixin.py:120} INFO - [2025-03-16T08:32:08.377+0000] {dag.py:3340} INFO - Setting next_dagrun for example_branch_dop_operator_v3 to 2025-03-16T08:31:00+00:00, run_after=2025-03-16T08:32:00+00:00
[2025-03-16T08:32:08.402+0000] {processor.py:176} INFO - Processing /home/airflow/.local/lib/python3.7/site-packages/airflow/example_dags/example_branch_python_dop_operator_3.py took 0.141 seconds
[2025-03-16T08:32:38.981+0000] {processor.py:154} INFO - Started process (PID=163) to work on /home/airflow/.local/lib/python3.7/site-packages/airflow/example_dags/example_branch_python_dop_operator_3.py
[2025-03-16T08:32:38.982+0000] {processor.py:756} INFO - Processing file /home/airflow/.local/lib/python3.7/site-packages/airflow/example_dags/example_branch_python_dop_operator_3.py for tasks to queue
[2025-03-16T08:32:38.983+0000] {logging_mixin.py:120} INFO - [2025-03-16T08:32:38.983+0000] {dagbag.py:537} INFO - Filling up the DagBag from /home/airflow/.local/lib/python3.7/site-packages/airflow/example_dags/example_branch_python_dop_operator_3.py
[2025-03-16T08:32:39.032+0000] {processor.py:766} INFO - DAG(s) dict_keys(['example_branch_dop_operator_v3']) retrieved from /home/airflow/.local/lib/python3.7/site-packages/airflow/example_dags/example_branch_python_dop_operator_3.py
[2025-03-16T08:32:39.108+0000] {logging_mixin.py:120} INFO - [2025-03-16T08:32:39.108+0000] {dag.py:2585} INFO - Sync 1 DAGs
[2025-03-16T08:32:39.163+0000] {logging_mixin.py:120} INFO - [2025-03-16T08:32:39.162+0000] {dag.py:3340} INFO - Setting next_dagrun for example_branch_dop_operator_v3 to 2025-03-16T08:31:00+00:00, run_after=2025-03-16T08:32:00+00:00
[2025-03-16T08:32:39.197+0000] {processor.py:176} INFO - Processing /home/airflow/.local/lib/python3.7/site-packages/airflow/example_dags/example_branch_python_dop_operator_3.py took 0.222 seconds
[2025-03-16T08:33:09.397+0000] {processor.py:154} INFO - Started process (PID=216) to work on /home/airflow/.local/lib/python3.7/site-packages/airflow/example_dags/example_branch_python_dop_operator_3.py
[2025-03-16T08:33:09.399+0000] {processor.py:756} INFO - Processing file /home/airflow/.local/lib/python3.7/site-packages/airflow/example_dags/example_branch_python_dop_operator_3.py for tasks to queue
[2025-03-16T08:33:09.400+0000] {logging_mixin.py:120} INFO - [2025-03-16T08:33:09.400+0000] {dagbag.py:537} INFO - Filling up the DagBag from /home/airflow/.local/lib/python3.7/site-packages/airflow/example_dags/example_branch_python_dop_operator_3.py
[2025-03-16T08:33:09.432+0000] {processor.py:766} INFO - DAG(s) dict_keys(['example_branch_dop_operator_v3']) retrieved from /home/airflow/.local/lib/python3.7/site-packages/airflow/example_dags/example_branch_python_dop_operator_3.py
[2025-03-16T08:33:09.486+0000] {logging_mixin.py:120} INFO - [2025-03-16T08:33:09.486+0000] {dag.py:2585} INFO - Sync 1 DAGs
[2025-03-16T08:33:09.552+0000] {logging_mixin.py:120} INFO - [2025-03-16T08:33:09.551+0000] {dag.py:3340} INFO - Setting next_dagrun for example_branch_dop_operator_v3 to 2025-03-16T08:32:00+00:00, run_after=2025-03-16T08:33:00+00:00
[2025-03-16T08:33:09.581+0000] {processor.py:176} INFO - Processing /home/airflow/.local/lib/python3.7/site-packages/airflow/example_dags/example_branch_python_dop_operator_3.py took 0.190 seconds
[2025-03-16T08:33:40.223+0000] {processor.py:154} INFO - Started process (PID=279) to work on /home/airflow/.local/lib/python3.7/site-packages/airflow/example_dags/example_branch_python_dop_operator_3.py
[2025-03-16T08:33:40.226+0000] {processor.py:756} INFO - Processing file /home/airflow/.local/lib/python3.7/site-packages/airflow/example_dags/example_branch_python_dop_operator_3.py for tasks to queue
[2025-03-16T08:33:40.227+0000] {logging_mixin.py:120} INFO - [2025-03-16T08:33:40.227+0000] {dagbag.py:537} INFO - Filling up the DagBag from /home/airflow/.local/lib/python3.7/site-packages/airflow/example_dags/example_branch_python_dop_operator_3.py
[2025-03-16T08:33:40.314+0000] {processor.py:766} INFO - DAG(s) dict_keys(['example_branch_dop_operator_v3']) retrieved from /home/airflow/.local/lib/python3.7/site-packages/airflow/example_dags/example_branch_python_dop_operator_3.py
[2025-03-16T08:33:40.387+0000] {logging_mixin.py:120} INFO - [2025-03-16T08:33:40.386+0000] {dag.py:2585} INFO - Sync 1 DAGs
[2025-03-16T08:33:40.451+0000] {logging_mixin.py:120} INFO - [2025-03-16T08:33:40.450+0000] {dag.py:3340} INFO - Setting next_dagrun for example_branch_dop_operator_v3 to 2025-03-16T08:32:00+00:00, run_after=2025-03-16T08:33:00+00:00
[2025-03-16T08:33:40.493+0000] {processor.py:176} INFO - Processing /home/airflow/.local/lib/python3.7/site-packages/airflow/example_dags/example_branch_python_dop_operator_3.py took 0.282 seconds
[2025-03-16T08:34:11.292+0000] {processor.py:154} INFO - Started process (PID=334) to work on /home/airflow/.local/lib/python3.7/site-packages/airflow/example_dags/example_branch_python_dop_operator_3.py
[2025-03-16T08:34:11.294+0000] {processor.py:756} INFO - Processing file /home/airflow/.local/lib/python3.7/site-packages/airflow/example_dags/example_branch_python_dop_operator_3.py for tasks to queue
[2025-03-16T08:34:11.295+0000] {logging_mixin.py:120} INFO - [2025-03-16T08:34:11.295+0000] {dagbag.py:537} INFO - Filling up the DagBag from /home/airflow/.local/lib/python3.7/site-packages/airflow/example_dags/example_branch_python_dop_operator_3.py
[2025-03-16T08:34:11.341+0000] {processor.py:766} INFO - DAG(s) dict_keys(['example_branch_dop_operator_v3']) retrieved from /home/airflow/.local/lib/python3.7/site-packages/airflow/example_dags/example_branch_python_dop_operator_3.py
[2025-03-16T08:34:11.397+0000] {logging_mixin.py:120} INFO - [2025-03-16T08:34:11.397+0000] {dag.py:2585} INFO - Sync 1 DAGs
[2025-03-16T08:34:11.446+0000] {logging_mixin.py:120} INFO - [2025-03-16T08:34:11.446+0000] {dag.py:3340} INFO - Setting next_dagrun for example_branch_dop_operator_v3 to 2025-03-16T08:33:00+00:00, run_after=2025-03-16T08:34:00+00:00
[2025-03-16T08:34:11.485+0000] {processor.py:176} INFO - Processing /home/airflow/.local/lib/python3.7/site-packages/airflow/example_dags/example_branch_python_dop_operator_3.py took 0.199 seconds
[2025-03-16T08:34:42.235+0000] {processor.py:154} INFO - Started process (PID=396) to work on /home/airflow/.local/lib/python3.7/site-packages/airflow/example_dags/example_branch_python_dop_operator_3.py
[2025-03-16T08:34:42.236+0000] {processor.py:756} INFO - Processing file /home/airflow/.local/lib/python3.7/site-packages/airflow/example_dags/example_branch_python_dop_operator_3.py for tasks to queue
[2025-03-16T08:34:42.237+0000] {logging_mixin.py:120} INFO - [2025-03-16T08:34:42.237+0000] {dagbag.py:537} INFO - Filling up the DagBag from /home/airflow/.local/lib/python3.7/site-packages/airflow/example_dags/example_branch_python_dop_operator_3.py
[2025-03-16T08:34:42.285+0000] {processor.py:766} INFO - DAG(s) dict_keys(['example_branch_dop_operator_v3']) retrieved from /home/airflow/.local/lib/python3.7/site-packages/airflow/example_dags/example_branch_python_dop_operator_3.py
[2025-03-16T08:34:42.336+0000] {logging_mixin.py:120} INFO - [2025-03-16T08:34:42.335+0000] {dag.py:2585} INFO - Sync 1 DAGs
[2025-03-16T08:34:42.378+0000] {logging_mixin.py:120} INFO - [2025-03-16T08:34:42.378+0000] {dag.py:3340} INFO - Setting next_dagrun for example_branch_dop_operator_v3 to 2025-03-16T08:33:00+00:00, run_after=2025-03-16T08:34:00+00:00
[2025-03-16T08:34:42.402+0000] {processor.py:176} INFO - Processing /home/airflow/.local/lib/python3.7/site-packages/airflow/example_dags/example_branch_python_dop_operator_3.py took 0.173 seconds
[2025-03-16T08:35:12.456+0000] {processor.py:154} INFO - Started process (PID=450) to work on /home/airflow/.local/lib/python3.7/site-packages/airflow/example_dags/example_branch_python_dop_operator_3.py
[2025-03-16T08:35:12.458+0000] {processor.py:756} INFO - Processing file /home/airflow/.local/lib/python3.7/site-packages/airflow/example_dags/example_branch_python_dop_operator_3.py for tasks to queue
[2025-03-16T08:35:12.458+0000] {logging_mixin.py:120} INFO - [2025-03-16T08:35:12.458+0000] {dagbag.py:537} INFO - Filling up the DagBag from /home/airflow/.local/lib/python3.7/site-packages/airflow/example_dags/example_branch_python_dop_operator_3.py
[2025-03-16T08:35:12.501+0000] {processor.py:766} INFO - DAG(s) dict_keys(['example_branch_dop_operator_v3']) retrieved from /home/airflow/.local/lib/python3.7/site-packages/airflow/example_dags/example_branch_python_dop_operator_3.py
[2025-03-16T08:35:12.568+0000] {logging_mixin.py:120} INFO - [2025-03-16T08:35:12.568+0000] {dag.py:2585} INFO - Sync 1 DAGs
[2025-03-16T08:35:12.628+0000] {logging_mixin.py:120} INFO - [2025-03-16T08:35:12.628+0000] {dag.py:3340} INFO - Setting next_dagrun for example_branch_dop_operator_v3 to 2025-03-16T08:34:00+00:00, run_after=2025-03-16T08:35:00+00:00
[2025-03-16T08:35:12.660+0000] {processor.py:176} INFO - Processing /home/airflow/.local/lib/python3.7/site-packages/airflow/example_dags/example_branch_python_dop_operator_3.py took 0.209 seconds
[2025-03-16T08:35:43.133+0000] {processor.py:154} INFO - Started process (PID=513) to work on /home/airflow/.local/lib/python3.7/site-packages/airflow/example_dags/example_branch_python_dop_operator_3.py
[2025-03-16T08:35:43.134+0000] {processor.py:756} INFO - Processing file /home/airflow/.local/lib/python3.7/site-packages/airflow/example_dags/example_branch_python_dop_operator_3.py for tasks to queue
[2025-03-16T08:35:43.137+0000] {logging_mixin.py:120} INFO - [2025-03-16T08:35:43.137+0000] {dagbag.py:537} INFO - Filling up the DagBag from /home/airflow/.local/lib/python3.7/site-packages/airflow/example_dags/example_branch_python_dop_operator_3.py
[2025-03-16T08:35:43.223+0000] {processor.py:766} INFO - DAG(s) dict_keys(['example_branch_dop_operator_v3']) retrieved from /home/airflow/.local/lib/python3.7/site-packages/airflow/example_dags/example_branch_python_dop_operator_3.py
[2025-03-16T08:35:43.308+0000] {logging_mixin.py:120} INFO - [2025-03-16T08:35:43.308+0000] {dag.py:2585} INFO - Sync 1 DAGs
[2025-03-16T08:35:43.364+0000] {logging_mixin.py:120} INFO - [2025-03-16T08:35:43.364+0000] {dag.py:3340} INFO - Setting next_dagrun for example_branch_dop_operator_v3 to 2025-03-16T08:34:00+00:00, run_after=2025-03-16T08:35:00+00:00
[2025-03-16T08:35:43.393+0000] {processor.py:176} INFO - Processing /home/airflow/.local/lib/python3.7/site-packages/airflow/example_dags/example_branch_python_dop_operator_3.py took 0.273 seconds
[2025-03-16T08:36:14.172+0000] {processor.py:154} INFO - Started process (PID=567) to work on /home/airflow/.local/lib/python3.7/site-packages/airflow/example_dags/example_branch_python_dop_operator_3.py
[2025-03-16T08:36:14.173+0000] {processor.py:756} INFO - Processing file /home/airflow/.local/lib/python3.7/site-packages/airflow/example_dags/example_branch_python_dop_operator_3.py for tasks to queue
[2025-03-16T08:36:14.174+0000] {logging_mixin.py:120} INFO - [2025-03-16T08:36:14.174+0000] {dagbag.py:537} INFO - Filling up the DagBag from /home/airflow/.local/lib/python3.7/site-packages/airflow/example_dags/example_branch_python_dop_operator_3.py
[2025-03-16T08:36:14.229+0000] {processor.py:766} INFO - DAG(s) dict_keys(['example_branch_dop_operator_v3']) retrieved from /home/airflow/.local/lib/python3.7/site-packages/airflow/example_dags/example_branch_python_dop_operator_3.py
[2025-03-16T08:36:14.289+0000] {logging_mixin.py:120} INFO - [2025-03-16T08:36:14.288+0000] {dag.py:2585} INFO - Sync 1 DAGs
[2025-03-16T08:36:14.327+0000] {logging_mixin.py:120} INFO - [2025-03-16T08:36:14.327+0000] {dag.py:3340} INFO - Setting next_dagrun for example_branch_dop_operator_v3 to 2025-03-16T08:35:00+00:00, run_after=2025-03-16T08:36:00+00:00
[2025-03-16T08:36:14.351+0000] {processor.py:176} INFO - Processing /home/airflow/.local/lib/python3.7/site-packages/airflow/example_dags/example_branch_python_dop_operator_3.py took 0.185 seconds
[2025-03-16T08:36:45.236+0000] {processor.py:154} INFO - Started process (PID=630) to work on /home/airflow/.local/lib/python3.7/site-packages/airflow/example_dags/example_branch_python_dop_operator_3.py
[2025-03-16T08:36:45.257+0000] {processor.py:756} INFO - Processing file /home/airflow/.local/lib/python3.7/site-packages/airflow/example_dags/example_branch_python_dop_operator_3.py for tasks to queue
[2025-03-16T08:36:45.258+0000] {logging_mixin.py:120} INFO - [2025-03-16T08:36:45.258+0000] {dagbag.py:537} INFO - Filling up the DagBag from /home/airflow/.local/lib/python3.7/site-packages/airflow/example_dags/example_branch_python_dop_operator_3.py
[2025-03-16T08:36:45.368+0000] {processor.py:766} INFO - DAG(s) dict_keys(['example_branch_dop_operator_v3']) retrieved from /home/airflow/.local/lib/python3.7/site-packages/airflow/example_dags/example_branch_python_dop_operator_3.py
[2025-03-16T08:36:45.455+0000] {logging_mixin.py:120} INFO - [2025-03-16T08:36:45.455+0000] {dag.py:2585} INFO - Sync 1 DAGs
[2025-03-16T08:36:45.520+0000] {logging_mixin.py:120} INFO - [2025-03-16T08:36:45.520+0000] {dag.py:3340} INFO - Setting next_dagrun for example_branch_dop_operator_v3 to 2025-03-16T08:35:00+00:00, run_after=2025-03-16T08:36:00+00:00
[2025-03-16T08:36:45.558+0000] {processor.py:176} INFO - Processing /home/airflow/.local/lib/python3.7/site-packages/airflow/example_dags/example_branch_python_dop_operator_3.py took 0.346 seconds
[2025-03-16T08:37:15.616+0000] {processor.py:154} INFO - Started process (PID=683) to work on /home/airflow/.local/lib/python3.7/site-packages/airflow/example_dags/example_branch_python_dop_operator_3.py
[2025-03-16T08:37:15.617+0000] {processor.py:756} INFO - Processing file /home/airflow/.local/lib/python3.7/site-packages/airflow/example_dags/example_branch_python_dop_operator_3.py for tasks to queue
[2025-03-16T08:37:15.618+0000] {logging_mixin.py:120} INFO - [2025-03-16T08:37:15.618+0000] {dagbag.py:537} INFO - Filling up the DagBag from /home/airflow/.local/lib/python3.7/site-packages/airflow/example_dags/example_branch_python_dop_operator_3.py
[2025-03-16T08:37:15.657+0000] {processor.py:766} INFO - DAG(s) dict_keys(['example_branch_dop_operator_v3']) retrieved from /home/airflow/.local/lib/python3.7/site-packages/airflow/example_dags/example_branch_python_dop_operator_3.py
[2025-03-16T08:37:15.721+0000] {logging_mixin.py:120} INFO - [2025-03-16T08:37:15.721+0000] {dag.py:2585} INFO - Sync 1 DAGs
[2025-03-16T08:37:15.818+0000] {logging_mixin.py:120} INFO - [2025-03-16T08:37:15.817+0000] {dag.py:3340} INFO - Setting next_dagrun for example_branch_dop_operator_v3 to 2025-03-16T08:36:00+00:00, run_after=2025-03-16T08:37:00+00:00
[2025-03-16T08:37:15.848+0000] {processor.py:176} INFO - Processing /home/airflow/.local/lib/python3.7/site-packages/airflow/example_dags/example_branch_python_dop_operator_3.py took 0.237 seconds
[2025-03-16T08:37:46.802+0000] {processor.py:154} INFO - Started process (PID=746) to work on /home/airflow/.local/lib/python3.7/site-packages/airflow/example_dags/example_branch_python_dop_operator_3.py
[2025-03-16T08:37:46.804+0000] {processor.py:756} INFO - Processing file /home/airflow/.local/lib/python3.7/site-packages/airflow/example_dags/example_branch_python_dop_operator_3.py for tasks to queue
[2025-03-16T08:37:46.804+0000] {logging_mixin.py:120} INFO - [2025-03-16T08:37:46.804+0000] {dagbag.py:537} INFO - Filling up the DagBag from /home/airflow/.local/lib/python3.7/site-packages/airflow/example_dags/example_branch_python_dop_operator_3.py
[2025-03-16T08:37:46.848+0000] {processor.py:766} INFO - DAG(s) dict_keys(['example_branch_dop_operator_v3']) retrieved from /home/airflow/.local/lib/python3.7/site-packages/airflow/example_dags/example_branch_python_dop_operator_3.py
[2025-03-16T08:37:46.924+0000] {logging_mixin.py:120} INFO - [2025-03-16T08:37:46.924+0000] {dag.py:2585} INFO - Sync 1 DAGs
[2025-03-16T08:37:47.025+0000] {logging_mixin.py:120} INFO - [2025-03-16T08:37:47.024+0000] {dag.py:3340} INFO - Setting next_dagrun for example_branch_dop_operator_v3 to 2025-03-16T08:36:00+00:00, run_after=2025-03-16T08:37:00+00:00
[2025-03-16T08:37:47.087+0000] {processor.py:176} INFO - Processing /home/airflow/.local/lib/python3.7/site-packages/airflow/example_dags/example_branch_python_dop_operator_3.py took 0.294 seconds
[2025-03-16T08:38:17.801+0000] {processor.py:154} INFO - Started process (PID=801) to work on /home/airflow/.local/lib/python3.7/site-packages/airflow/example_dags/example_branch_python_dop_operator_3.py
[2025-03-16T08:38:17.802+0000] {processor.py:756} INFO - Processing file /home/airflow/.local/lib/python3.7/site-packages/airflow/example_dags/example_branch_python_dop_operator_3.py for tasks to queue
[2025-03-16T08:38:17.803+0000] {logging_mixin.py:120} INFO - [2025-03-16T08:38:17.803+0000] {dagbag.py:537} INFO - Filling up the DagBag from /home/airflow/.local/lib/python3.7/site-packages/airflow/example_dags/example_branch_python_dop_operator_3.py
[2025-03-16T08:38:17.841+0000] {processor.py:766} INFO - DAG(s) dict_keys(['example_branch_dop_operator_v3']) retrieved from /home/airflow/.local/lib/python3.7/site-packages/airflow/example_dags/example_branch_python_dop_operator_3.py
[2025-03-16T08:38:17.909+0000] {logging_mixin.py:120} INFO - [2025-03-16T08:38:17.908+0000] {dag.py:2585} INFO - Sync 1 DAGs
[2025-03-16T08:38:17.962+0000] {logging_mixin.py:120} INFO - [2025-03-16T08:38:17.962+0000] {dag.py:3340} INFO - Setting next_dagrun for example_branch_dop_operator_v3 to 2025-03-16T08:37:00+00:00, run_after=2025-03-16T08:38:00+00:00
[2025-03-16T08:38:17.992+0000] {processor.py:176} INFO - Processing /home/airflow/.local/lib/python3.7/site-packages/airflow/example_dags/example_branch_python_dop_operator_3.py took 0.196 seconds
[2025-03-16T08:38:48.366+0000] {processor.py:154} INFO - Started process (PID=864) to work on /home/airflow/.local/lib/python3.7/site-packages/airflow/example_dags/example_branch_python_dop_operator_3.py
[2025-03-16T08:38:48.369+0000] {processor.py:756} INFO - Processing file /home/airflow/.local/lib/python3.7/site-packages/airflow/example_dags/example_branch_python_dop_operator_3.py for tasks to queue
[2025-03-16T08:38:48.370+0000] {logging_mixin.py:120} INFO - [2025-03-16T08:38:48.370+0000] {dagbag.py:537} INFO - Filling up the DagBag from /home/airflow/.local/lib/python3.7/site-packages/airflow/example_dags/example_branch_python_dop_operator_3.py
[2025-03-16T08:38:48.418+0000] {processor.py:766} INFO - DAG(s) dict_keys(['example_branch_dop_operator_v3']) retrieved from /home/airflow/.local/lib/python3.7/site-packages/airflow/example_dags/example_branch_python_dop_operator_3.py
[2025-03-16T08:38:48.495+0000] {logging_mixin.py:120} INFO - [2025-03-16T08:38:48.495+0000] {dag.py:2585} INFO - Sync 1 DAGs
[2025-03-16T08:38:48.550+0000] {logging_mixin.py:120} INFO - [2025-03-16T08:38:48.550+0000] {dag.py:3340} INFO - Setting next_dagrun for example_branch_dop_operator_v3 to 2025-03-16T08:37:00+00:00, run_after=2025-03-16T08:38:00+00:00
[2025-03-16T08:38:48.602+0000] {processor.py:176} INFO - Processing /home/airflow/.local/lib/python3.7/site-packages/airflow/example_dags/example_branch_python_dop_operator_3.py took 0.246 seconds
[2025-03-16T08:39:19.176+0000] {processor.py:154} INFO - Started process (PID=918) to work on /home/airflow/.local/lib/python3.7/site-packages/airflow/example_dags/example_branch_python_dop_operator_3.py
[2025-03-16T08:39:19.178+0000] {processor.py:756} INFO - Processing file /home/airflow/.local/lib/python3.7/site-packages/airflow/example_dags/example_branch_python_dop_operator_3.py for tasks to queue
[2025-03-16T08:39:19.179+0000] {logging_mixin.py:120} INFO - [2025-03-16T08:39:19.179+0000] {dagbag.py:537} INFO - Filling up the DagBag from /home/airflow/.local/lib/python3.7/site-packages/airflow/example_dags/example_branch_python_dop_operator_3.py
[2025-03-16T08:39:19.218+0000] {processor.py:766} INFO - DAG(s) dict_keys(['example_branch_dop_operator_v3']) retrieved from /home/airflow/.local/lib/python3.7/site-packages/airflow/example_dags/example_branch_python_dop_operator_3.py
[2025-03-16T08:39:19.292+0000] {logging_mixin.py:120} INFO - [2025-03-16T08:39:19.291+0000] {dag.py:2585} INFO - Sync 1 DAGs
[2025-03-16T08:39:19.363+0000] {logging_mixin.py:120} INFO - [2025-03-16T08:39:19.362+0000] {dag.py:3340} INFO - Setting next_dagrun for example_branch_dop_operator_v3 to 2025-03-16T08:38:00+00:00, run_after=2025-03-16T08:39:00+00:00
[2025-03-16T08:39:19.398+0000] {processor.py:176} INFO - Processing /home/airflow/.local/lib/python3.7/site-packages/airflow/example_dags/example_branch_python_dop_operator_3.py took 0.227 seconds
[2025-03-16T08:39:49.682+0000] {processor.py:154} INFO - Started process (PID=972) to work on /home/airflow/.local/lib/python3.7/site-packages/airflow/example_dags/example_branch_python_dop_operator_3.py
[2025-03-16T08:39:49.683+0000] {processor.py:756} INFO - Processing file /home/airflow/.local/lib/python3.7/site-packages/airflow/example_dags/example_branch_python_dop_operator_3.py for tasks to queue
[2025-03-16T08:39:49.684+0000] {logging_mixin.py:120} INFO - [2025-03-16T08:39:49.684+0000] {dagbag.py:537} INFO - Filling up the DagBag from /home/airflow/.local/lib/python3.7/site-packages/airflow/example_dags/example_branch_python_dop_operator_3.py
[2025-03-16T08:39:49.724+0000] {processor.py:766} INFO - DAG(s) dict_keys(['example_branch_dop_operator_v3']) retrieved from /home/airflow/.local/lib/python3.7/site-packages/airflow/example_dags/example_branch_python_dop_operator_3.py
[2025-03-16T08:39:49.798+0000] {logging_mixin.py:120} INFO - [2025-03-16T08:39:49.798+0000] {dag.py:2585} INFO - Sync 1 DAGs
[2025-03-16T08:39:49.873+0000] {logging_mixin.py:120} INFO - [2025-03-16T08:39:49.872+0000] {dag.py:3340} INFO - Setting next_dagrun for example_branch_dop_operator_v3 to 2025-03-16T08:38:00+00:00, run_after=2025-03-16T08:39:00+00:00
[2025-03-16T08:39:49.905+0000] {processor.py:176} INFO - Processing /home/airflow/.local/lib/python3.7/site-packages/airflow/example_dags/example_branch_python_dop_operator_3.py took 0.230 seconds
[2025-03-16T08:40:20.420+0000] {processor.py:154} INFO - Started process (PID=1035) to work on /home/airflow/.local/lib/python3.7/site-packages/airflow/example_dags/example_branch_python_dop_operator_3.py
[2025-03-16T08:40:20.422+0000] {processor.py:756} INFO - Processing file /home/airflow/.local/lib/python3.7/site-packages/airflow/example_dags/example_branch_python_dop_operator_3.py for tasks to queue
[2025-03-16T08:40:20.423+0000] {logging_mixin.py:120} INFO - [2025-03-16T08:40:20.423+0000] {dagbag.py:537} INFO - Filling up the DagBag from /home/airflow/.local/lib/python3.7/site-packages/airflow/example_dags/example_branch_python_dop_operator_3.py
[2025-03-16T08:40:20.466+0000] {processor.py:766} INFO - DAG(s) dict_keys(['example_branch_dop_operator_v3']) retrieved from /home/airflow/.local/lib/python3.7/site-packages/airflow/example_dags/example_branch_python_dop_operator_3.py
[2025-03-16T08:40:20.542+0000] {logging_mixin.py:120} INFO - [2025-03-16T08:40:20.542+0000] {dag.py:2585} INFO - Sync 1 DAGs
[2025-03-16T08:40:20.602+0000] {logging_mixin.py:120} INFO - [2025-03-16T08:40:20.601+0000] {dag.py:3340} INFO - Setting next_dagrun for example_branch_dop_operator_v3 to 2025-03-16T08:39:00+00:00, run_after=2025-03-16T08:40:00+00:00
[2025-03-16T08:40:20.635+0000] {processor.py:176} INFO - Processing /home/airflow/.local/lib/python3.7/site-packages/airflow/example_dags/example_branch_python_dop_operator_3.py took 0.222 seconds
[2025-03-16T08:40:50.812+0000] {processor.py:154} INFO - Started process (PID=1089) to work on /home/airflow/.local/lib/python3.7/site-packages/airflow/example_dags/example_branch_python_dop_operator_3.py
[2025-03-16T08:40:50.814+0000] {processor.py:756} INFO - Processing file /home/airflow/.local/lib/python3.7/site-packages/airflow/example_dags/example_branch_python_dop_operator_3.py for tasks to queue
[2025-03-16T08:40:50.815+0000] {logging_mixin.py:120} INFO - [2025-03-16T08:40:50.815+0000] {dagbag.py:537} INFO - Filling up the DagBag from /home/airflow/.local/lib/python3.7/site-packages/airflow/example_dags/example_branch_python_dop_operator_3.py
[2025-03-16T08:40:50.859+0000] {processor.py:766} INFO - DAG(s) dict_keys(['example_branch_dop_operator_v3']) retrieved from /home/airflow/.local/lib/python3.7/site-packages/airflow/example_dags/example_branch_python_dop_operator_3.py
[2025-03-16T08:40:50.930+0000] {logging_mixin.py:120} INFO - [2025-03-16T08:40:50.930+0000] {dag.py:2585} INFO - Sync 1 DAGs
[2025-03-16T08:40:50.984+0000] {logging_mixin.py:120} INFO - [2025-03-16T08:40:50.984+0000] {dag.py:3340} INFO - Setting next_dagrun for example_branch_dop_operator_v3 to 2025-03-16T08:39:00+00:00, run_after=2025-03-16T08:40:00+00:00
[2025-03-16T08:40:51.014+0000] {processor.py:176} INFO - Processing /home/airflow/.local/lib/python3.7/site-packages/airflow/example_dags/example_branch_python_dop_operator_3.py took 0.210 seconds
[2025-03-16T08:41:21.733+0000] {processor.py:154} INFO - Started process (PID=1152) to work on /home/airflow/.local/lib/python3.7/site-packages/airflow/example_dags/example_branch_python_dop_operator_3.py
[2025-03-16T08:41:21.736+0000] {processor.py:756} INFO - Processing file /home/airflow/.local/lib/python3.7/site-packages/airflow/example_dags/example_branch_python_dop_operator_3.py for tasks to queue
[2025-03-16T08:41:21.739+0000] {logging_mixin.py:120} INFO - [2025-03-16T08:41:21.738+0000] {dagbag.py:537} INFO - Filling up the DagBag from /home/airflow/.local/lib/python3.7/site-packages/airflow/example_dags/example_branch_python_dop_operator_3.py
[2025-03-16T08:41:21.790+0000] {processor.py:766} INFO - DAG(s) dict_keys(['example_branch_dop_operator_v3']) retrieved from /home/airflow/.local/lib/python3.7/site-packages/airflow/example_dags/example_branch_python_dop_operator_3.py
[2025-03-16T08:41:21.872+0000] {logging_mixin.py:120} INFO - [2025-03-16T08:41:21.872+0000] {dag.py:2585} INFO - Sync 1 DAGs
[2025-03-16T08:41:21.942+0000] {logging_mixin.py:120} INFO - [2025-03-16T08:41:21.942+0000] {dag.py:3340} INFO - Setting next_dagrun for example_branch_dop_operator_v3 to 2025-03-16T08:40:00+00:00, run_after=2025-03-16T08:41:00+00:00
[2025-03-16T08:41:21.978+0000] {processor.py:176} INFO - Processing /home/airflow/.local/lib/python3.7/site-packages/airflow/example_dags/example_branch_python_dop_operator_3.py took 0.251 seconds
[2025-03-16T08:41:52.175+0000] {processor.py:154} INFO - Started process (PID=1206) to work on /home/airflow/.local/lib/python3.7/site-packages/airflow/example_dags/example_branch_python_dop_operator_3.py
[2025-03-16T08:41:52.176+0000] {processor.py:756} INFO - Processing file /home/airflow/.local/lib/python3.7/site-packages/airflow/example_dags/example_branch_python_dop_operator_3.py for tasks to queue
[2025-03-16T08:41:52.177+0000] {logging_mixin.py:120} INFO - [2025-03-16T08:41:52.176+0000] {dagbag.py:537} INFO - Filling up the DagBag from /home/airflow/.local/lib/python3.7/site-packages/airflow/example_dags/example_branch_python_dop_operator_3.py
[2025-03-16T08:41:52.224+0000] {processor.py:766} INFO - DAG(s) dict_keys(['example_branch_dop_operator_v3']) retrieved from /home/airflow/.local/lib/python3.7/site-packages/airflow/example_dags/example_branch_python_dop_operator_3.py
[2025-03-16T08:41:52.312+0000] {logging_mixin.py:120} INFO - [2025-03-16T08:41:52.311+0000] {dag.py:2585} INFO - Sync 1 DAGs
[2025-03-16T08:41:52.372+0000] {logging_mixin.py:120} INFO - [2025-03-16T08:41:52.372+0000] {dag.py:3340} INFO - Setting next_dagrun for example_branch_dop_operator_v3 to 2025-03-16T08:40:00+00:00, run_after=2025-03-16T08:41:00+00:00
[2025-03-16T08:41:52.404+0000] {processor.py:176} INFO - Processing /home/airflow/.local/lib/python3.7/site-packages/airflow/example_dags/example_branch_python_dop_operator_3.py took 0.235 seconds
[2025-03-16T08:42:22.845+0000] {processor.py:154} INFO - Started process (PID=1269) to work on /home/airflow/.local/lib/python3.7/site-packages/airflow/example_dags/example_branch_python_dop_operator_3.py
[2025-03-16T08:42:22.847+0000] {processor.py:756} INFO - Processing file /home/airflow/.local/lib/python3.7/site-packages/airflow/example_dags/example_branch_python_dop_operator_3.py for tasks to queue
[2025-03-16T08:42:22.847+0000] {logging_mixin.py:120} INFO - [2025-03-16T08:42:22.847+0000] {dagbag.py:537} INFO - Filling up the DagBag from /home/airflow/.local/lib/python3.7/site-packages/airflow/example_dags/example_branch_python_dop_operator_3.py
[2025-03-16T08:42:22.884+0000] {processor.py:766} INFO - DAG(s) dict_keys(['example_branch_dop_operator_v3']) retrieved from /home/airflow/.local/lib/python3.7/site-packages/airflow/example_dags/example_branch_python_dop_operator_3.py
[2025-03-16T08:42:22.950+0000] {logging_mixin.py:120} INFO - [2025-03-16T08:42:22.950+0000] {dag.py:2585} INFO - Sync 1 DAGs
[2025-03-16T08:42:23.004+0000] {logging_mixin.py:120} INFO - [2025-03-16T08:42:23.004+0000] {dag.py:3340} INFO - Setting next_dagrun for example_branch_dop_operator_v3 to 2025-03-16T08:41:00+00:00, run_after=2025-03-16T08:42:00+00:00
[2025-03-16T08:42:23.054+0000] {processor.py:176} INFO - Processing /home/airflow/.local/lib/python3.7/site-packages/airflow/example_dags/example_branch_python_dop_operator_3.py took 0.219 seconds
[2025-03-16T08:42:53.825+0000] {processor.py:154} INFO - Started process (PID=1323) to work on /home/airflow/.local/lib/python3.7/site-packages/airflow/example_dags/example_branch_python_dop_operator_3.py
[2025-03-16T08:42:53.827+0000] {processor.py:756} INFO - Processing file /home/airflow/.local/lib/python3.7/site-packages/airflow/example_dags/example_branch_python_dop_operator_3.py for tasks to queue
[2025-03-16T08:42:53.829+0000] {logging_mixin.py:120} INFO - [2025-03-16T08:42:53.829+0000] {dagbag.py:537} INFO - Filling up the DagBag from /home/airflow/.local/lib/python3.7/site-packages/airflow/example_dags/example_branch_python_dop_operator_3.py
[2025-03-16T08:42:53.873+0000] {processor.py:766} INFO - DAG(s) dict_keys(['example_branch_dop_operator_v3']) retrieved from /home/airflow/.local/lib/python3.7/site-packages/airflow/example_dags/example_branch_python_dop_operator_3.py
[2025-03-16T08:42:53.957+0000] {logging_mixin.py:120} INFO - [2025-03-16T08:42:53.956+0000] {dag.py:2585} INFO - Sync 1 DAGs
[2025-03-16T08:42:54.022+0000] {logging_mixin.py:120} INFO - [2025-03-16T08:42:54.021+0000] {dag.py:3340} INFO - Setting next_dagrun for example_branch_dop_operator_v3 to 2025-03-16T08:41:00+00:00, run_after=2025-03-16T08:42:00+00:00
[2025-03-16T08:42:54.054+0000] {processor.py:176} INFO - Processing /home/airflow/.local/lib/python3.7/site-packages/airflow/example_dags/example_branch_python_dop_operator_3.py took 0.236 seconds
[2025-03-16T08:43:24.894+0000] {processor.py:154} INFO - Started process (PID=1386) to work on /home/airflow/.local/lib/python3.7/site-packages/airflow/example_dags/example_branch_python_dop_operator_3.py
[2025-03-16T08:43:24.896+0000] {processor.py:756} INFO - Processing file /home/airflow/.local/lib/python3.7/site-packages/airflow/example_dags/example_branch_python_dop_operator_3.py for tasks to queue
[2025-03-16T08:43:24.897+0000] {logging_mixin.py:120} INFO - [2025-03-16T08:43:24.896+0000] {dagbag.py:537} INFO - Filling up the DagBag from /home/airflow/.local/lib/python3.7/site-packages/airflow/example_dags/example_branch_python_dop_operator_3.py
[2025-03-16T08:43:24.935+0000] {processor.py:766} INFO - DAG(s) dict_keys(['example_branch_dop_operator_v3']) retrieved from /home/airflow/.local/lib/python3.7/site-packages/airflow/example_dags/example_branch_python_dop_operator_3.py
[2025-03-16T08:43:25.021+0000] {logging_mixin.py:120} INFO - [2025-03-16T08:43:25.021+0000] {dag.py:2585} INFO - Sync 1 DAGs
[2025-03-16T08:43:25.091+0000] {logging_mixin.py:120} INFO - [2025-03-16T08:43:25.091+0000] {dag.py:3340} INFO - Setting next_dagrun for example_branch_dop_operator_v3 to 2025-03-16T08:42:00+00:00, run_after=2025-03-16T08:43:00+00:00
[2025-03-16T08:43:25.157+0000] {processor.py:176} INFO - Processing /home/airflow/.local/lib/python3.7/site-packages/airflow/example_dags/example_branch_python_dop_operator_3.py took 0.270 seconds
[2025-03-16T08:43:55.486+0000] {processor.py:154} INFO - Started process (PID=1440) to work on /home/airflow/.local/lib/python3.7/site-packages/airflow/example_dags/example_branch_python_dop_operator_3.py
[2025-03-16T08:43:55.487+0000] {processor.py:756} INFO - Processing file /home/airflow/.local/lib/python3.7/site-packages/airflow/example_dags/example_branch_python_dop_operator_3.py for tasks to queue
[2025-03-16T08:43:55.488+0000] {logging_mixin.py:120} INFO - [2025-03-16T08:43:55.488+0000] {dagbag.py:537} INFO - Filling up the DagBag from /home/airflow/.local/lib/python3.7/site-packages/airflow/example_dags/example_branch_python_dop_operator_3.py
[2025-03-16T08:43:55.532+0000] {processor.py:766} INFO - DAG(s) dict_keys(['example_branch_dop_operator_v3']) retrieved from /home/airflow/.local/lib/python3.7/site-packages/airflow/example_dags/example_branch_python_dop_operator_3.py
[2025-03-16T08:43:55.611+0000] {logging_mixin.py:120} INFO - [2025-03-16T08:43:55.611+0000] {dag.py:2585} INFO - Sync 1 DAGs
[2025-03-16T08:43:55.681+0000] {logging_mixin.py:120} INFO - [2025-03-16T08:43:55.681+0000] {dag.py:3340} INFO - Setting next_dagrun for example_branch_dop_operator_v3 to 2025-03-16T08:42:00+00:00, run_after=2025-03-16T08:43:00+00:00
[2025-03-16T08:43:55.710+0000] {processor.py:176} INFO - Processing /home/airflow/.local/lib/python3.7/site-packages/airflow/example_dags/example_branch_python_dop_operator_3.py took 0.229 seconds
[2025-03-16T08:44:26.466+0000] {processor.py:154} INFO - Started process (PID=1504) to work on /home/airflow/.local/lib/python3.7/site-packages/airflow/example_dags/example_branch_python_dop_operator_3.py
[2025-03-16T08:44:26.468+0000] {processor.py:756} INFO - Processing file /home/airflow/.local/lib/python3.7/site-packages/airflow/example_dags/example_branch_python_dop_operator_3.py for tasks to queue
[2025-03-16T08:44:26.469+0000] {logging_mixin.py:120} INFO - [2025-03-16T08:44:26.468+0000] {dagbag.py:537} INFO - Filling up the DagBag from /home/airflow/.local/lib/python3.7/site-packages/airflow/example_dags/example_branch_python_dop_operator_3.py
[2025-03-16T08:44:26.506+0000] {processor.py:766} INFO - DAG(s) dict_keys(['example_branch_dop_operator_v3']) retrieved from /home/airflow/.local/lib/python3.7/site-packages/airflow/example_dags/example_branch_python_dop_operator_3.py
[2025-03-16T08:44:26.572+0000] {logging_mixin.py:120} INFO - [2025-03-16T08:44:26.571+0000] {dag.py:2585} INFO - Sync 1 DAGs
[2025-03-16T08:44:26.625+0000] {logging_mixin.py:120} INFO - [2025-03-16T08:44:26.624+0000] {dag.py:3340} INFO - Setting next_dagrun for example_branch_dop_operator_v3 to 2025-03-16T08:43:00+00:00, run_after=2025-03-16T08:44:00+00:00
[2025-03-16T08:44:26.657+0000] {processor.py:176} INFO - Processing /home/airflow/.local/lib/python3.7/site-packages/airflow/example_dags/example_branch_python_dop_operator_3.py took 0.196 seconds
[2025-03-16T08:44:56.957+0000] {processor.py:154} INFO - Started process (PID=1558) to work on /home/airflow/.local/lib/python3.7/site-packages/airflow/example_dags/example_branch_python_dop_operator_3.py
[2025-03-16T08:44:56.958+0000] {processor.py:756} INFO - Processing file /home/airflow/.local/lib/python3.7/site-packages/airflow/example_dags/example_branch_python_dop_operator_3.py for tasks to queue
[2025-03-16T08:44:56.959+0000] {logging_mixin.py:120} INFO - [2025-03-16T08:44:56.959+0000] {dagbag.py:537} INFO - Filling up the DagBag from /home/airflow/.local/lib/python3.7/site-packages/airflow/example_dags/example_branch_python_dop_operator_3.py
[2025-03-16T08:44:57.003+0000] {processor.py:766} INFO - DAG(s) dict_keys(['example_branch_dop_operator_v3']) retrieved from /home/airflow/.local/lib/python3.7/site-packages/airflow/example_dags/example_branch_python_dop_operator_3.py
[2025-03-16T08:44:57.090+0000] {logging_mixin.py:120} INFO - [2025-03-16T08:44:57.090+0000] {dag.py:2585} INFO - Sync 1 DAGs
[2025-03-16T08:44:57.159+0000] {logging_mixin.py:120} INFO - [2025-03-16T08:44:57.159+0000] {dag.py:3340} INFO - Setting next_dagrun for example_branch_dop_operator_v3 to 2025-03-16T08:43:00+00:00, run_after=2025-03-16T08:44:00+00:00
[2025-03-16T08:44:57.191+0000] {processor.py:176} INFO - Processing /home/airflow/.local/lib/python3.7/site-packages/airflow/example_dags/example_branch_python_dop_operator_3.py took 0.242 seconds
[2025-03-16T08:45:28.057+0000] {processor.py:154} INFO - Started process (PID=1621) to work on /home/airflow/.local/lib/python3.7/site-packages/airflow/example_dags/example_branch_python_dop_operator_3.py
[2025-03-16T08:45:28.060+0000] {processor.py:756} INFO - Processing file /home/airflow/.local/lib/python3.7/site-packages/airflow/example_dags/example_branch_python_dop_operator_3.py for tasks to queue
[2025-03-16T08:45:28.061+0000] {logging_mixin.py:120} INFO - [2025-03-16T08:45:28.061+0000] {dagbag.py:537} INFO - Filling up the DagBag from /home/airflow/.local/lib/python3.7/site-packages/airflow/example_dags/example_branch_python_dop_operator_3.py
[2025-03-16T08:45:28.119+0000] {processor.py:766} INFO - DAG(s) dict_keys(['example_branch_dop_operator_v3']) retrieved from /home/airflow/.local/lib/python3.7/site-packages/airflow/example_dags/example_branch_python_dop_operator_3.py
[2025-03-16T08:45:28.231+0000] {logging_mixin.py:120} INFO - [2025-03-16T08:45:28.231+0000] {dag.py:2585} INFO - Sync 1 DAGs
[2025-03-16T08:45:28.291+0000] {logging_mixin.py:120} INFO - [2025-03-16T08:45:28.290+0000] {dag.py:3340} INFO - Setting next_dagrun for example_branch_dop_operator_v3 to 2025-03-16T08:44:00+00:00, run_after=2025-03-16T08:45:00+00:00
[2025-03-16T08:45:28.348+0000] {processor.py:176} INFO - Processing /home/airflow/.local/lib/python3.7/site-packages/airflow/example_dags/example_branch_python_dop_operator_3.py took 0.298 seconds
[2025-03-16T08:45:58.486+0000] {processor.py:154} INFO - Started process (PID=1675) to work on /home/airflow/.local/lib/python3.7/site-packages/airflow/example_dags/example_branch_python_dop_operator_3.py
[2025-03-16T08:45:58.487+0000] {processor.py:756} INFO - Processing file /home/airflow/.local/lib/python3.7/site-packages/airflow/example_dags/example_branch_python_dop_operator_3.py for tasks to queue
[2025-03-16T08:45:58.489+0000] {logging_mixin.py:120} INFO - [2025-03-16T08:45:58.488+0000] {dagbag.py:537} INFO - Filling up the DagBag from /home/airflow/.local/lib/python3.7/site-packages/airflow/example_dags/example_branch_python_dop_operator_3.py
[2025-03-16T08:45:58.536+0000] {processor.py:766} INFO - DAG(s) dict_keys(['example_branch_dop_operator_v3']) retrieved from /home/airflow/.local/lib/python3.7/site-packages/airflow/example_dags/example_branch_python_dop_operator_3.py
[2025-03-16T08:45:58.613+0000] {logging_mixin.py:120} INFO - [2025-03-16T08:45:58.613+0000] {dag.py:2585} INFO - Sync 1 DAGs
[2025-03-16T08:45:58.675+0000] {logging_mixin.py:120} INFO - [2025-03-16T08:45:58.674+0000] {dag.py:3340} INFO - Setting next_dagrun for example_branch_dop_operator_v3 to 2025-03-16T08:44:00+00:00, run_after=2025-03-16T08:45:00+00:00
[2025-03-16T08:45:58.709+0000] {processor.py:176} INFO - Processing /home/airflow/.local/lib/python3.7/site-packages/airflow/example_dags/example_branch_python_dop_operator_3.py took 0.230 seconds
[2025-03-16T08:46:29.558+0000] {processor.py:154} INFO - Started process (PID=1738) to work on /home/airflow/.local/lib/python3.7/site-packages/airflow/example_dags/example_branch_python_dop_operator_3.py
[2025-03-16T08:46:29.561+0000] {processor.py:756} INFO - Processing file /home/airflow/.local/lib/python3.7/site-packages/airflow/example_dags/example_branch_python_dop_operator_3.py for tasks to queue
[2025-03-16T08:46:29.562+0000] {logging_mixin.py:120} INFO - [2025-03-16T08:46:29.561+0000] {dagbag.py:537} INFO - Filling up the DagBag from /home/airflow/.local/lib/python3.7/site-packages/airflow/example_dags/example_branch_python_dop_operator_3.py
[2025-03-16T08:46:29.637+0000] {processor.py:766} INFO - DAG(s) dict_keys(['example_branch_dop_operator_v3']) retrieved from /home/airflow/.local/lib/python3.7/site-packages/airflow/example_dags/example_branch_python_dop_operator_3.py
[2025-03-16T08:46:29.736+0000] {logging_mixin.py:120} INFO - [2025-03-16T08:46:29.736+0000] {dag.py:2585} INFO - Sync 1 DAGs
[2025-03-16T08:46:29.837+0000] {logging_mixin.py:120} INFO - [2025-03-16T08:46:29.836+0000] {dag.py:3340} INFO - Setting next_dagrun for example_branch_dop_operator_v3 to 2025-03-16T08:45:00+00:00, run_after=2025-03-16T08:46:00+00:00
[2025-03-16T08:46:29.889+0000] {processor.py:176} INFO - Processing /home/airflow/.local/lib/python3.7/site-packages/airflow/example_dags/example_branch_python_dop_operator_3.py took 0.347 seconds
[2025-03-16T08:47:00.139+0000] {processor.py:154} INFO - Started process (PID=1792) to work on /home/airflow/.local/lib/python3.7/site-packages/airflow/example_dags/example_branch_python_dop_operator_3.py
[2025-03-16T08:47:00.141+0000] {processor.py:756} INFO - Processing file /home/airflow/.local/lib/python3.7/site-packages/airflow/example_dags/example_branch_python_dop_operator_3.py for tasks to queue
[2025-03-16T08:47:00.142+0000] {logging_mixin.py:120} INFO - [2025-03-16T08:47:00.142+0000] {dagbag.py:537} INFO - Filling up the DagBag from /home/airflow/.local/lib/python3.7/site-packages/airflow/example_dags/example_branch_python_dop_operator_3.py
[2025-03-16T08:47:00.178+0000] {processor.py:766} INFO - DAG(s) dict_keys(['example_branch_dop_operator_v3']) retrieved from /home/airflow/.local/lib/python3.7/site-packages/airflow/example_dags/example_branch_python_dop_operator_3.py
[2025-03-16T08:47:00.239+0000] {logging_mixin.py:120} INFO - [2025-03-16T08:47:00.239+0000] {dag.py:2585} INFO - Sync 1 DAGs
[2025-03-16T08:47:00.283+0000] {logging_mixin.py:120} INFO - [2025-03-16T08:47:00.283+0000] {dag.py:3340} INFO - Setting next_dagrun for example_branch_dop_operator_v3 to 2025-03-16T08:46:00+00:00, run_after=2025-03-16T08:47:00+00:00
[2025-03-16T08:47:00.310+0000] {processor.py:176} INFO - Processing /home/airflow/.local/lib/python3.7/site-packages/airflow/example_dags/example_branch_python_dop_operator_3.py took 0.177 seconds
[2025-03-16T08:47:31.121+0000] {processor.py:154} INFO - Started process (PID=1855) to work on /home/airflow/.local/lib/python3.7/site-packages/airflow/example_dags/example_branch_python_dop_operator_3.py
[2025-03-16T08:47:31.124+0000] {processor.py:756} INFO - Processing file /home/airflow/.local/lib/python3.7/site-packages/airflow/example_dags/example_branch_python_dop_operator_3.py for tasks to queue
[2025-03-16T08:47:31.125+0000] {logging_mixin.py:120} INFO - [2025-03-16T08:47:31.124+0000] {dagbag.py:537} INFO - Filling up the DagBag from /home/airflow/.local/lib/python3.7/site-packages/airflow/example_dags/example_branch_python_dop_operator_3.py
[2025-03-16T08:47:31.195+0000] {processor.py:766} INFO - DAG(s) dict_keys(['example_branch_dop_operator_v3']) retrieved from /home/airflow/.local/lib/python3.7/site-packages/airflow/example_dags/example_branch_python_dop_operator_3.py
[2025-03-16T08:47:31.270+0000] {logging_mixin.py:120} INFO - [2025-03-16T08:47:31.270+0000] {dag.py:2585} INFO - Sync 1 DAGs
[2025-03-16T08:47:31.323+0000] {logging_mixin.py:120} INFO - [2025-03-16T08:47:31.323+0000] {dag.py:3340} INFO - Setting next_dagrun for example_branch_dop_operator_v3 to 2025-03-16T08:46:00+00:00, run_after=2025-03-16T08:47:00+00:00
[2025-03-16T08:47:31.379+0000] {processor.py:176} INFO - Processing /home/airflow/.local/lib/python3.7/site-packages/airflow/example_dags/example_branch_python_dop_operator_3.py took 0.266 seconds
[2025-03-16T08:48:02.295+0000] {processor.py:154} INFO - Started process (PID=1909) to work on /home/airflow/.local/lib/python3.7/site-packages/airflow/example_dags/example_branch_python_dop_operator_3.py
[2025-03-16T08:48:02.297+0000] {processor.py:756} INFO - Processing file /home/airflow/.local/lib/python3.7/site-packages/airflow/example_dags/example_branch_python_dop_operator_3.py for tasks to queue
[2025-03-16T08:48:02.297+0000] {logging_mixin.py:120} INFO - [2025-03-16T08:48:02.297+0000] {dagbag.py:537} INFO - Filling up the DagBag from /home/airflow/.local/lib/python3.7/site-packages/airflow/example_dags/example_branch_python_dop_operator_3.py
[2025-03-16T08:48:02.332+0000] {processor.py:766} INFO - DAG(s) dict_keys(['example_branch_dop_operator_v3']) retrieved from /home/airflow/.local/lib/python3.7/site-packages/airflow/example_dags/example_branch_python_dop_operator_3.py
[2025-03-16T08:48:02.404+0000] {logging_mixin.py:120} INFO - [2025-03-16T08:48:02.404+0000] {dag.py:2585} INFO - Sync 1 DAGs
[2025-03-16T08:48:02.448+0000] {logging_mixin.py:120} INFO - [2025-03-16T08:48:02.448+0000] {dag.py:3340} INFO - Setting next_dagrun for example_branch_dop_operator_v3 to 2025-03-16T08:47:00+00:00, run_after=2025-03-16T08:48:00+00:00
[2025-03-16T08:48:02.472+0000] {processor.py:176} INFO - Processing /home/airflow/.local/lib/python3.7/site-packages/airflow/example_dags/example_branch_python_dop_operator_3.py took 0.182 seconds
[2025-03-16T08:48:33.161+0000] {processor.py:154} INFO - Started process (PID=1971) to work on /home/airflow/.local/lib/python3.7/site-packages/airflow/example_dags/example_branch_python_dop_operator_3.py
[2025-03-16T08:48:33.163+0000] {processor.py:756} INFO - Processing file /home/airflow/.local/lib/python3.7/site-packages/airflow/example_dags/example_branch_python_dop_operator_3.py for tasks to queue
[2025-03-16T08:48:33.164+0000] {logging_mixin.py:120} INFO - [2025-03-16T08:48:33.164+0000] {dagbag.py:537} INFO - Filling up the DagBag from /home/airflow/.local/lib/python3.7/site-packages/airflow/example_dags/example_branch_python_dop_operator_3.py
[2025-03-16T08:48:33.206+0000] {processor.py:766} INFO - DAG(s) dict_keys(['example_branch_dop_operator_v3']) retrieved from /home/airflow/.local/lib/python3.7/site-packages/airflow/example_dags/example_branch_python_dop_operator_3.py
[2025-03-16T08:48:33.288+0000] {logging_mixin.py:120} INFO - [2025-03-16T08:48:33.288+0000] {dag.py:2585} INFO - Sync 1 DAGs
[2025-03-16T08:48:33.361+0000] {logging_mixin.py:120} INFO - [2025-03-16T08:48:33.360+0000] {dag.py:3340} INFO - Setting next_dagrun for example_branch_dop_operator_v3 to 2025-03-16T08:47:00+00:00, run_after=2025-03-16T08:48:00+00:00
[2025-03-16T08:48:33.405+0000] {processor.py:176} INFO - Processing /home/airflow/.local/lib/python3.7/site-packages/airflow/example_dags/example_branch_python_dop_operator_3.py took 0.250 seconds
[2025-03-16T08:49:04.064+0000] {processor.py:154} INFO - Started process (PID=2025) to work on /home/airflow/.local/lib/python3.7/site-packages/airflow/example_dags/example_branch_python_dop_operator_3.py
[2025-03-16T08:49:04.066+0000] {processor.py:756} INFO - Processing file /home/airflow/.local/lib/python3.7/site-packages/airflow/example_dags/example_branch_python_dop_operator_3.py for tasks to queue
[2025-03-16T08:49:04.067+0000] {logging_mixin.py:120} INFO - [2025-03-16T08:49:04.067+0000] {dagbag.py:537} INFO - Filling up the DagBag from /home/airflow/.local/lib/python3.7/site-packages/airflow/example_dags/example_branch_python_dop_operator_3.py
[2025-03-16T08:49:04.111+0000] {processor.py:766} INFO - DAG(s) dict_keys(['example_branch_dop_operator_v3']) retrieved from /home/airflow/.local/lib/python3.7/site-packages/airflow/example_dags/example_branch_python_dop_operator_3.py
[2025-03-16T08:49:04.191+0000] {logging_mixin.py:120} INFO - [2025-03-16T08:49:04.191+0000] {dag.py:2585} INFO - Sync 1 DAGs
[2025-03-16T08:49:04.249+0000] {logging_mixin.py:120} INFO - [2025-03-16T08:49:04.249+0000] {dag.py:3340} INFO - Setting next_dagrun for example_branch_dop_operator_v3 to 2025-03-16T08:48:00+00:00, run_after=2025-03-16T08:49:00+00:00
[2025-03-16T08:49:04.283+0000] {processor.py:176} INFO - Processing /home/airflow/.local/lib/python3.7/site-packages/airflow/example_dags/example_branch_python_dop_operator_3.py took 0.224 seconds
[2025-03-16T08:49:34.841+0000] {processor.py:154} INFO - Started process (PID=2089) to work on /home/airflow/.local/lib/python3.7/site-packages/airflow/example_dags/example_branch_python_dop_operator_3.py
[2025-03-16T08:49:34.842+0000] {processor.py:756} INFO - Processing file /home/airflow/.local/lib/python3.7/site-packages/airflow/example_dags/example_branch_python_dop_operator_3.py for tasks to queue
[2025-03-16T08:49:34.843+0000] {logging_mixin.py:120} INFO - [2025-03-16T08:49:34.843+0000] {dagbag.py:537} INFO - Filling up the DagBag from /home/airflow/.local/lib/python3.7/site-packages/airflow/example_dags/example_branch_python_dop_operator_3.py
[2025-03-16T08:49:34.885+0000] {processor.py:766} INFO - DAG(s) dict_keys(['example_branch_dop_operator_v3']) retrieved from /home/airflow/.local/lib/python3.7/site-packages/airflow/example_dags/example_branch_python_dop_operator_3.py
[2025-03-16T08:49:34.989+0000] {logging_mixin.py:120} INFO - [2025-03-16T08:49:34.987+0000] {dag.py:2585} INFO - Sync 1 DAGs
[2025-03-16T08:49:35.073+0000] {logging_mixin.py:120} INFO - [2025-03-16T08:49:35.072+0000] {dag.py:3340} INFO - Setting next_dagrun for example_branch_dop_operator_v3 to 2025-03-16T08:48:00+00:00, run_after=2025-03-16T08:49:00+00:00
[2025-03-16T08:49:35.109+0000] {processor.py:176} INFO - Processing /home/airflow/.local/lib/python3.7/site-packages/airflow/example_dags/example_branch_python_dop_operator_3.py took 0.274 seconds
[2025-03-16T08:50:05.295+0000] {processor.py:154} INFO - Started process (PID=2143) to work on /home/airflow/.local/lib/python3.7/site-packages/airflow/example_dags/example_branch_python_dop_operator_3.py
[2025-03-16T08:50:05.296+0000] {processor.py:756} INFO - Processing file /home/airflow/.local/lib/python3.7/site-packages/airflow/example_dags/example_branch_python_dop_operator_3.py for tasks to queue
[2025-03-16T08:50:05.297+0000] {logging_mixin.py:120} INFO - [2025-03-16T08:50:05.297+0000] {dagbag.py:537} INFO - Filling up the DagBag from /home/airflow/.local/lib/python3.7/site-packages/airflow/example_dags/example_branch_python_dop_operator_3.py
[2025-03-16T08:50:05.367+0000] {processor.py:766} INFO - DAG(s) dict_keys(['example_branch_dop_operator_v3']) retrieved from /home/airflow/.local/lib/python3.7/site-packages/airflow/example_dags/example_branch_python_dop_operator_3.py
[2025-03-16T08:50:05.445+0000] {logging_mixin.py:120} INFO - [2025-03-16T08:50:05.444+0000] {dag.py:2585} INFO - Sync 1 DAGs
[2025-03-16T08:50:05.503+0000] {logging_mixin.py:120} INFO - [2025-03-16T08:50:05.503+0000] {dag.py:3340} INFO - Setting next_dagrun for example_branch_dop_operator_v3 to 2025-03-16T08:49:00+00:00, run_after=2025-03-16T08:50:00+00:00
[2025-03-16T08:50:05.536+0000] {processor.py:176} INFO - Processing /home/airflow/.local/lib/python3.7/site-packages/airflow/example_dags/example_branch_python_dop_operator_3.py took 0.248 seconds
[2025-03-16T08:50:35.923+0000] {processor.py:154} INFO - Started process (PID=2206) to work on /home/airflow/.local/lib/python3.7/site-packages/airflow/example_dags/example_branch_python_dop_operator_3.py
[2025-03-16T08:50:35.926+0000] {processor.py:756} INFO - Processing file /home/airflow/.local/lib/python3.7/site-packages/airflow/example_dags/example_branch_python_dop_operator_3.py for tasks to queue
[2025-03-16T08:50:35.927+0000] {logging_mixin.py:120} INFO - [2025-03-16T08:50:35.927+0000] {dagbag.py:537} INFO - Filling up the DagBag from /home/airflow/.local/lib/python3.7/site-packages/airflow/example_dags/example_branch_python_dop_operator_3.py
[2025-03-16T08:50:35.970+0000] {processor.py:766} INFO - DAG(s) dict_keys(['example_branch_dop_operator_v3']) retrieved from /home/airflow/.local/lib/python3.7/site-packages/airflow/example_dags/example_branch_python_dop_operator_3.py
[2025-03-16T08:50:36.050+0000] {logging_mixin.py:120} INFO - [2025-03-16T08:50:36.050+0000] {dag.py:2585} INFO - Sync 1 DAGs
[2025-03-16T08:50:36.109+0000] {logging_mixin.py:120} INFO - [2025-03-16T08:50:36.109+0000] {dag.py:3340} INFO - Setting next_dagrun for example_branch_dop_operator_v3 to 2025-03-16T08:49:00+00:00, run_after=2025-03-16T08:50:00+00:00
[2025-03-16T08:50:36.152+0000] {processor.py:176} INFO - Processing /home/airflow/.local/lib/python3.7/site-packages/airflow/example_dags/example_branch_python_dop_operator_3.py took 0.235 seconds
[2025-03-16T08:51:06.926+0000] {processor.py:154} INFO - Started process (PID=2260) to work on /home/airflow/.local/lib/python3.7/site-packages/airflow/example_dags/example_branch_python_dop_operator_3.py
[2025-03-16T08:51:06.928+0000] {processor.py:756} INFO - Processing file /home/airflow/.local/lib/python3.7/site-packages/airflow/example_dags/example_branch_python_dop_operator_3.py for tasks to queue
[2025-03-16T08:51:06.929+0000] {logging_mixin.py:120} INFO - [2025-03-16T08:51:06.929+0000] {dagbag.py:537} INFO - Filling up the DagBag from /home/airflow/.local/lib/python3.7/site-packages/airflow/example_dags/example_branch_python_dop_operator_3.py
[2025-03-16T08:51:06.968+0000] {processor.py:766} INFO - DAG(s) dict_keys(['example_branch_dop_operator_v3']) retrieved from /home/airflow/.local/lib/python3.7/site-packages/airflow/example_dags/example_branch_python_dop_operator_3.py
[2025-03-16T08:51:07.056+0000] {logging_mixin.py:120} INFO - [2025-03-16T08:51:07.056+0000] {dag.py:2585} INFO - Sync 1 DAGs
[2025-03-16T08:51:07.121+0000] {logging_mixin.py:120} INFO - [2025-03-16T08:51:07.121+0000] {dag.py:3340} INFO - Setting next_dagrun for example_branch_dop_operator_v3 to 2025-03-16T08:50:00+00:00, run_after=2025-03-16T08:51:00+00:00
[2025-03-16T08:51:07.150+0000] {processor.py:176} INFO - Processing /home/airflow/.local/lib/python3.7/site-packages/airflow/example_dags/example_branch_python_dop_operator_3.py took 0.230 seconds
[2025-03-16T08:51:37.739+0000] {processor.py:154} INFO - Started process (PID=2323) to work on /home/airflow/.local/lib/python3.7/site-packages/airflow/example_dags/example_branch_python_dop_operator_3.py
[2025-03-16T08:51:37.740+0000] {processor.py:756} INFO - Processing file /home/airflow/.local/lib/python3.7/site-packages/airflow/example_dags/example_branch_python_dop_operator_3.py for tasks to queue
[2025-03-16T08:51:37.741+0000] {logging_mixin.py:120} INFO - [2025-03-16T08:51:37.741+0000] {dagbag.py:537} INFO - Filling up the DagBag from /home/airflow/.local/lib/python3.7/site-packages/airflow/example_dags/example_branch_python_dop_operator_3.py
[2025-03-16T08:51:37.783+0000] {processor.py:766} INFO - DAG(s) dict_keys(['example_branch_dop_operator_v3']) retrieved from /home/airflow/.local/lib/python3.7/site-packages/airflow/example_dags/example_branch_python_dop_operator_3.py
[2025-03-16T08:51:37.856+0000] {logging_mixin.py:120} INFO - [2025-03-16T08:51:37.855+0000] {dag.py:2585} INFO - Sync 1 DAGs
[2025-03-16T08:51:37.913+0000] {logging_mixin.py:120} INFO - [2025-03-16T08:51:37.913+0000] {dag.py:3340} INFO - Setting next_dagrun for example_branch_dop_operator_v3 to 2025-03-16T08:50:00+00:00, run_after=2025-03-16T08:51:00+00:00
[2025-03-16T08:51:37.949+0000] {processor.py:176} INFO - Processing /home/airflow/.local/lib/python3.7/site-packages/airflow/example_dags/example_branch_python_dop_operator_3.py took 0.219 seconds
[2025-03-16T08:52:08.666+0000] {processor.py:154} INFO - Started process (PID=2385) to work on /home/airflow/.local/lib/python3.7/site-packages/airflow/example_dags/example_branch_python_dop_operator_3.py
[2025-03-16T08:52:08.670+0000] {processor.py:756} INFO - Processing file /home/airflow/.local/lib/python3.7/site-packages/airflow/example_dags/example_branch_python_dop_operator_3.py for tasks to queue
[2025-03-16T08:52:08.674+0000] {logging_mixin.py:120} INFO - [2025-03-16T08:52:08.674+0000] {dagbag.py:537} INFO - Filling up the DagBag from /home/airflow/.local/lib/python3.7/site-packages/airflow/example_dags/example_branch_python_dop_operator_3.py
[2025-03-16T08:52:08.760+0000] {processor.py:766} INFO - DAG(s) dict_keys(['example_branch_dop_operator_v3']) retrieved from /home/airflow/.local/lib/python3.7/site-packages/airflow/example_dags/example_branch_python_dop_operator_3.py
[2025-03-16T08:52:08.917+0000] {logging_mixin.py:120} INFO - [2025-03-16T08:52:08.917+0000] {dag.py:2585} INFO - Sync 1 DAGs
[2025-03-16T08:52:09.051+0000] {logging_mixin.py:120} INFO - [2025-03-16T08:52:09.048+0000] {dag.py:3340} INFO - Setting next_dagrun for example_branch_dop_operator_v3 to 2025-03-16T08:51:00+00:00, run_after=2025-03-16T08:52:00+00:00
[2025-03-16T08:52:09.130+0000] {processor.py:176} INFO - Processing /home/airflow/.local/lib/python3.7/site-packages/airflow/example_dags/example_branch_python_dop_operator_3.py took 0.475 seconds
[2025-03-16T08:52:39.281+0000] {processor.py:154} INFO - Started process (PID=2441) to work on /home/airflow/.local/lib/python3.7/site-packages/airflow/example_dags/example_branch_python_dop_operator_3.py
[2025-03-16T08:52:39.282+0000] {processor.py:756} INFO - Processing file /home/airflow/.local/lib/python3.7/site-packages/airflow/example_dags/example_branch_python_dop_operator_3.py for tasks to queue
[2025-03-16T08:52:39.283+0000] {logging_mixin.py:120} INFO - [2025-03-16T08:52:39.283+0000] {dagbag.py:537} INFO - Filling up the DagBag from /home/airflow/.local/lib/python3.7/site-packages/airflow/example_dags/example_branch_python_dop_operator_3.py
[2025-03-16T08:52:39.317+0000] {processor.py:766} INFO - DAG(s) dict_keys(['example_branch_dop_operator_v3']) retrieved from /home/airflow/.local/lib/python3.7/site-packages/airflow/example_dags/example_branch_python_dop_operator_3.py
[2025-03-16T08:52:39.380+0000] {logging_mixin.py:120} INFO - [2025-03-16T08:52:39.380+0000] {dag.py:2585} INFO - Sync 1 DAGs
[2025-03-16T08:52:39.424+0000] {logging_mixin.py:120} INFO - [2025-03-16T08:52:39.424+0000] {dag.py:3340} INFO - Setting next_dagrun for example_branch_dop_operator_v3 to 2025-03-16T08:51:00+00:00, run_after=2025-03-16T08:52:00+00:00
[2025-03-16T08:52:39.447+0000] {processor.py:176} INFO - Processing /home/airflow/.local/lib/python3.7/site-packages/airflow/example_dags/example_branch_python_dop_operator_3.py took 0.170 seconds
[2025-03-16T08:53:10.591+0000] {processor.py:154} INFO - Started process (PID=2502) to work on /home/airflow/.local/lib/python3.7/site-packages/airflow/example_dags/example_branch_python_dop_operator_3.py
[2025-03-16T08:53:10.594+0000] {processor.py:756} INFO - Processing file /home/airflow/.local/lib/python3.7/site-packages/airflow/example_dags/example_branch_python_dop_operator_3.py for tasks to queue
[2025-03-16T08:53:10.596+0000] {logging_mixin.py:120} INFO - [2025-03-16T08:53:10.596+0000] {dagbag.py:537} INFO - Filling up the DagBag from /home/airflow/.local/lib/python3.7/site-packages/airflow/example_dags/example_branch_python_dop_operator_3.py
[2025-03-16T08:53:10.696+0000] {processor.py:766} INFO - DAG(s) dict_keys(['example_branch_dop_operator_v3']) retrieved from /home/airflow/.local/lib/python3.7/site-packages/airflow/example_dags/example_branch_python_dop_operator_3.py
[2025-03-16T08:53:10.826+0000] {logging_mixin.py:120} INFO - [2025-03-16T08:53:10.826+0000] {dag.py:2585} INFO - Sync 1 DAGs
[2025-03-16T08:53:10.948+0000] {logging_mixin.py:120} INFO - [2025-03-16T08:53:10.948+0000] {dag.py:3340} INFO - Setting next_dagrun for example_branch_dop_operator_v3 to 2025-03-16T08:52:00+00:00, run_after=2025-03-16T08:53:00+00:00
[2025-03-16T08:53:11.000+0000] {processor.py:176} INFO - Processing /home/airflow/.local/lib/python3.7/site-packages/airflow/example_dags/example_branch_python_dop_operator_3.py took 0.421 seconds
[2025-03-16T08:53:41.189+0000] {processor.py:154} INFO - Started process (PID=2559) to work on /home/airflow/.local/lib/python3.7/site-packages/airflow/example_dags/example_branch_python_dop_operator_3.py
[2025-03-16T08:53:41.190+0000] {processor.py:756} INFO - Processing file /home/airflow/.local/lib/python3.7/site-packages/airflow/example_dags/example_branch_python_dop_operator_3.py for tasks to queue
[2025-03-16T08:53:41.191+0000] {logging_mixin.py:120} INFO - [2025-03-16T08:53:41.191+0000] {dagbag.py:537} INFO - Filling up the DagBag from /home/airflow/.local/lib/python3.7/site-packages/airflow/example_dags/example_branch_python_dop_operator_3.py
[2025-03-16T08:53:41.230+0000] {processor.py:766} INFO - DAG(s) dict_keys(['example_branch_dop_operator_v3']) retrieved from /home/airflow/.local/lib/python3.7/site-packages/airflow/example_dags/example_branch_python_dop_operator_3.py
[2025-03-16T08:53:41.323+0000] {logging_mixin.py:120} INFO - [2025-03-16T08:53:41.323+0000] {dag.py:2585} INFO - Sync 1 DAGs
[2025-03-16T08:53:41.398+0000] {logging_mixin.py:120} INFO - [2025-03-16T08:53:41.398+0000] {dag.py:3340} INFO - Setting next_dagrun for example_branch_dop_operator_v3 to 2025-03-16T08:52:00+00:00, run_after=2025-03-16T08:53:00+00:00
[2025-03-16T08:53:41.430+0000] {processor.py:176} INFO - Processing /home/airflow/.local/lib/python3.7/site-packages/airflow/example_dags/example_branch_python_dop_operator_3.py took 0.247 seconds
[2025-03-16T08:54:12.248+0000] {processor.py:154} INFO - Started process (PID=2613) to work on /home/airflow/.local/lib/python3.7/site-packages/airflow/example_dags/example_branch_python_dop_operator_3.py
[2025-03-16T08:54:12.250+0000] {processor.py:756} INFO - Processing file /home/airflow/.local/lib/python3.7/site-packages/airflow/example_dags/example_branch_python_dop_operator_3.py for tasks to queue
[2025-03-16T08:54:12.251+0000] {logging_mixin.py:120} INFO - [2025-03-16T08:54:12.251+0000] {dagbag.py:537} INFO - Filling up the DagBag from /home/airflow/.local/lib/python3.7/site-packages/airflow/example_dags/example_branch_python_dop_operator_3.py
[2025-03-16T08:54:12.320+0000] {processor.py:766} INFO - DAG(s) dict_keys(['example_branch_dop_operator_v3']) retrieved from /home/airflow/.local/lib/python3.7/site-packages/airflow/example_dags/example_branch_python_dop_operator_3.py
[2025-03-16T08:54:12.434+0000] {logging_mixin.py:120} INFO - [2025-03-16T08:54:12.433+0000] {dag.py:2585} INFO - Sync 1 DAGs
[2025-03-16T08:54:12.517+0000] {logging_mixin.py:120} INFO - [2025-03-16T08:54:12.517+0000] {dag.py:3340} INFO - Setting next_dagrun for example_branch_dop_operator_v3 to 2025-03-16T08:53:00+00:00, run_after=2025-03-16T08:54:00+00:00
[2025-03-16T08:54:12.569+0000] {processor.py:176} INFO - Processing /home/airflow/.local/lib/python3.7/site-packages/airflow/example_dags/example_branch_python_dop_operator_3.py took 0.331 seconds
[2025-03-16T08:54:42.831+0000] {processor.py:154} INFO - Started process (PID=2675) to work on /home/airflow/.local/lib/python3.7/site-packages/airflow/example_dags/example_branch_python_dop_operator_3.py
[2025-03-16T08:54:42.832+0000] {processor.py:756} INFO - Processing file /home/airflow/.local/lib/python3.7/site-packages/airflow/example_dags/example_branch_python_dop_operator_3.py for tasks to queue
[2025-03-16T08:54:42.833+0000] {logging_mixin.py:120} INFO - [2025-03-16T08:54:42.833+0000] {dagbag.py:537} INFO - Filling up the DagBag from /home/airflow/.local/lib/python3.7/site-packages/airflow/example_dags/example_branch_python_dop_operator_3.py
[2025-03-16T08:54:42.877+0000] {processor.py:766} INFO - DAG(s) dict_keys(['example_branch_dop_operator_v3']) retrieved from /home/airflow/.local/lib/python3.7/site-packages/airflow/example_dags/example_branch_python_dop_operator_3.py
[2025-03-16T08:54:42.950+0000] {logging_mixin.py:120} INFO - [2025-03-16T08:54:42.950+0000] {dag.py:2585} INFO - Sync 1 DAGs
[2025-03-16T08:54:43.023+0000] {logging_mixin.py:120} INFO - [2025-03-16T08:54:43.022+0000] {dag.py:3340} INFO - Setting next_dagrun for example_branch_dop_operator_v3 to 2025-03-16T08:53:00+00:00, run_after=2025-03-16T08:54:00+00:00
[2025-03-16T08:54:43.054+0000] {processor.py:176} INFO - Processing /home/airflow/.local/lib/python3.7/site-packages/airflow/example_dags/example_branch_python_dop_operator_3.py took 0.229 seconds
[2025-03-16T08:55:13.195+0000] {processor.py:154} INFO - Started process (PID=2729) to work on /home/airflow/.local/lib/python3.7/site-packages/airflow/example_dags/example_branch_python_dop_operator_3.py
[2025-03-16T08:55:13.196+0000] {processor.py:756} INFO - Processing file /home/airflow/.local/lib/python3.7/site-packages/airflow/example_dags/example_branch_python_dop_operator_3.py for tasks to queue
[2025-03-16T08:55:13.197+0000] {logging_mixin.py:120} INFO - [2025-03-16T08:55:13.197+0000] {dagbag.py:537} INFO - Filling up the DagBag from /home/airflow/.local/lib/python3.7/site-packages/airflow/example_dags/example_branch_python_dop_operator_3.py
[2025-03-16T08:55:13.238+0000] {processor.py:766} INFO - DAG(s) dict_keys(['example_branch_dop_operator_v3']) retrieved from /home/airflow/.local/lib/python3.7/site-packages/airflow/example_dags/example_branch_python_dop_operator_3.py
[2025-03-16T08:55:13.318+0000] {logging_mixin.py:120} INFO - [2025-03-16T08:55:13.318+0000] {dag.py:2585} INFO - Sync 1 DAGs
[2025-03-16T08:55:13.386+0000] {logging_mixin.py:120} INFO - [2025-03-16T08:55:13.385+0000] {dag.py:3340} INFO - Setting next_dagrun for example_branch_dop_operator_v3 to 2025-03-16T08:54:00+00:00, run_after=2025-03-16T08:55:00+00:00
[2025-03-16T08:55:13.421+0000] {processor.py:176} INFO - Processing /home/airflow/.local/lib/python3.7/site-packages/airflow/example_dags/example_branch_python_dop_operator_3.py took 0.233 seconds
[2025-03-16T08:55:43.768+0000] {processor.py:154} INFO - Started process (PID=2791) to work on /home/airflow/.local/lib/python3.7/site-packages/airflow/example_dags/example_branch_python_dop_operator_3.py
[2025-03-16T08:55:43.770+0000] {processor.py:756} INFO - Processing file /home/airflow/.local/lib/python3.7/site-packages/airflow/example_dags/example_branch_python_dop_operator_3.py for tasks to queue
[2025-03-16T08:55:43.771+0000] {logging_mixin.py:120} INFO - [2025-03-16T08:55:43.770+0000] {dagbag.py:537} INFO - Filling up the DagBag from /home/airflow/.local/lib/python3.7/site-packages/airflow/example_dags/example_branch_python_dop_operator_3.py
[2025-03-16T08:55:43.820+0000] {processor.py:766} INFO - DAG(s) dict_keys(['example_branch_dop_operator_v3']) retrieved from /home/airflow/.local/lib/python3.7/site-packages/airflow/example_dags/example_branch_python_dop_operator_3.py
[2025-03-16T08:55:43.922+0000] {logging_mixin.py:120} INFO - [2025-03-16T08:55:43.922+0000] {dag.py:2585} INFO - Sync 1 DAGs
[2025-03-16T08:55:43.980+0000] {logging_mixin.py:120} INFO - [2025-03-16T08:55:43.980+0000] {dag.py:3340} INFO - Setting next_dagrun for example_branch_dop_operator_v3 to 2025-03-16T08:54:00+00:00, run_after=2025-03-16T08:55:00+00:00
[2025-03-16T08:55:44.015+0000] {processor.py:176} INFO - Processing /home/airflow/.local/lib/python3.7/site-packages/airflow/example_dags/example_branch_python_dop_operator_3.py took 0.253 seconds
[2025-03-16T08:56:14.362+0000] {processor.py:154} INFO - Started process (PID=2845) to work on /home/airflow/.local/lib/python3.7/site-packages/airflow/example_dags/example_branch_python_dop_operator_3.py
[2025-03-16T08:56:14.364+0000] {processor.py:756} INFO - Processing file /home/airflow/.local/lib/python3.7/site-packages/airflow/example_dags/example_branch_python_dop_operator_3.py for tasks to queue
[2025-03-16T08:56:14.365+0000] {logging_mixin.py:120} INFO - [2025-03-16T08:56:14.365+0000] {dagbag.py:537} INFO - Filling up the DagBag from /home/airflow/.local/lib/python3.7/site-packages/airflow/example_dags/example_branch_python_dop_operator_3.py
[2025-03-16T08:56:14.412+0000] {processor.py:766} INFO - DAG(s) dict_keys(['example_branch_dop_operator_v3']) retrieved from /home/airflow/.local/lib/python3.7/site-packages/airflow/example_dags/example_branch_python_dop_operator_3.py
[2025-03-16T08:56:14.485+0000] {logging_mixin.py:120} INFO - [2025-03-16T08:56:14.484+0000] {dag.py:2585} INFO - Sync 1 DAGs
[2025-03-16T08:56:14.543+0000] {logging_mixin.py:120} INFO - [2025-03-16T08:56:14.543+0000] {dag.py:3340} INFO - Setting next_dagrun for example_branch_dop_operator_v3 to 2025-03-16T08:55:00+00:00, run_after=2025-03-16T08:56:00+00:00
[2025-03-16T08:56:14.579+0000] {processor.py:176} INFO - Processing /home/airflow/.local/lib/python3.7/site-packages/airflow/example_dags/example_branch_python_dop_operator_3.py took 0.223 seconds
[2025-03-16T08:56:44.840+0000] {processor.py:154} INFO - Started process (PID=2908) to work on /home/airflow/.local/lib/python3.7/site-packages/airflow/example_dags/example_branch_python_dop_operator_3.py
[2025-03-16T08:56:44.841+0000] {processor.py:756} INFO - Processing file /home/airflow/.local/lib/python3.7/site-packages/airflow/example_dags/example_branch_python_dop_operator_3.py for tasks to queue
[2025-03-16T08:56:44.842+0000] {logging_mixin.py:120} INFO - [2025-03-16T08:56:44.842+0000] {dagbag.py:537} INFO - Filling up the DagBag from /home/airflow/.local/lib/python3.7/site-packages/airflow/example_dags/example_branch_python_dop_operator_3.py
[2025-03-16T08:56:44.898+0000] {processor.py:766} INFO - DAG(s) dict_keys(['example_branch_dop_operator_v3']) retrieved from /home/airflow/.local/lib/python3.7/site-packages/airflow/example_dags/example_branch_python_dop_operator_3.py
[2025-03-16T08:56:45.028+0000] {logging_mixin.py:120} INFO - [2025-03-16T08:56:45.027+0000] {dag.py:2585} INFO - Sync 1 DAGs
[2025-03-16T08:56:45.103+0000] {logging_mixin.py:120} INFO - [2025-03-16T08:56:45.103+0000] {dag.py:3340} INFO - Setting next_dagrun for example_branch_dop_operator_v3 to 2025-03-16T08:55:00+00:00, run_after=2025-03-16T08:56:00+00:00
[2025-03-16T08:56:45.143+0000] {processor.py:176} INFO - Processing /home/airflow/.local/lib/python3.7/site-packages/airflow/example_dags/example_branch_python_dop_operator_3.py took 0.309 seconds
