[2025-03-16T08:31:47.967+0000] {processor.py:154} INFO - Started process (PID=70) to work on /home/airflow/.local/lib/python3.7/site-packages/airflow/example_dags/example_dag_decorator.py
[2025-03-16T08:31:47.968+0000] {processor.py:756} INFO - Processing file /home/airflow/.local/lib/python3.7/site-packages/airflow/example_dags/example_dag_decorator.py for tasks to queue
[2025-03-16T08:31:47.970+0000] {logging_mixin.py:120} INFO - [2025-03-16T08:31:47.970+0000] {dagbag.py:537} INFO - Filling up the DagBag from /home/airflow/.local/lib/python3.7/site-packages/airflow/example_dags/example_dag_decorator.py
[2025-03-16T08:31:48.017+0000] {logging_mixin.py:120} INFO - [2025-03-16T08:31:48.016+0000] {taskmixin.py:205} WARNING - Dependency <Task(_PythonDecoratedOperator): prepare_email>, send_email already registered for DAG: example_dag_decorator
[2025-03-16T08:31:48.017+0000] {logging_mixin.py:120} INFO - [2025-03-16T08:31:48.017+0000] {taskmixin.py:205} WARNING - Dependency <Task(EmailOperator): send_email>, prepare_email already registered for DAG: example_dag_decorator
[2025-03-16T08:31:48.072+0000] {processor.py:766} INFO - DAG(s) dict_keys(['example_dag_decorator']) retrieved from /home/airflow/.local/lib/python3.7/site-packages/airflow/example_dags/example_dag_decorator.py
[2025-03-16T08:31:48.632+0000] {logging_mixin.py:120} INFO - [2025-03-16T08:31:48.632+0000] {manager.py:507} INFO - Created Permission View: can read on DAG:example_dag_decorator
[2025-03-16T08:31:48.681+0000] {logging_mixin.py:120} INFO - [2025-03-16T08:31:48.681+0000] {manager.py:507} INFO - Created Permission View: can edit on DAG:example_dag_decorator
[2025-03-16T08:31:48.723+0000] {logging_mixin.py:120} INFO - [2025-03-16T08:31:48.723+0000] {manager.py:507} INFO - Created Permission View: can delete on DAG:example_dag_decorator
[2025-03-16T08:31:48.724+0000] {logging_mixin.py:120} INFO - [2025-03-16T08:31:48.724+0000] {dag.py:2585} INFO - Sync 1 DAGs
[2025-03-16T08:31:48.794+0000] {logging_mixin.py:120} INFO - [2025-03-16T08:31:48.794+0000] {dag.py:2606} INFO - Creating ORM DAG for example_dag_decorator
[2025-03-16T08:31:48.830+0000] {logging_mixin.py:120} INFO - [2025-03-16T08:31:48.830+0000] {dag.py:3340} INFO - Setting next_dagrun for example_dag_decorator to None, run_after=None
[2025-03-16T08:31:48.895+0000] {processor.py:176} INFO - Processing /home/airflow/.local/lib/python3.7/site-packages/airflow/example_dags/example_dag_decorator.py took 0.935 seconds
[2025-03-16T08:32:19.044+0000] {processor.py:154} INFO - Started process (PID=124) to work on /home/airflow/.local/lib/python3.7/site-packages/airflow/example_dags/example_dag_decorator.py
[2025-03-16T08:32:19.045+0000] {processor.py:756} INFO - Processing file /home/airflow/.local/lib/python3.7/site-packages/airflow/example_dags/example_dag_decorator.py for tasks to queue
[2025-03-16T08:32:19.046+0000] {logging_mixin.py:120} INFO - [2025-03-16T08:32:19.046+0000] {dagbag.py:537} INFO - Filling up the DagBag from /home/airflow/.local/lib/python3.7/site-packages/airflow/example_dags/example_dag_decorator.py
[2025-03-16T08:32:19.071+0000] {logging_mixin.py:120} INFO - [2025-03-16T08:32:19.071+0000] {taskmixin.py:205} WARNING - Dependency <Task(_PythonDecoratedOperator): prepare_email>, send_email already registered for DAG: example_dag_decorator
[2025-03-16T08:32:19.072+0000] {logging_mixin.py:120} INFO - [2025-03-16T08:32:19.072+0000] {taskmixin.py:205} WARNING - Dependency <Task(EmailOperator): send_email>, prepare_email already registered for DAG: example_dag_decorator
[2025-03-16T08:32:19.096+0000] {processor.py:766} INFO - DAG(s) dict_keys(['example_dag_decorator']) retrieved from /home/airflow/.local/lib/python3.7/site-packages/airflow/example_dags/example_dag_decorator.py
[2025-03-16T08:32:19.267+0000] {logging_mixin.py:120} INFO - [2025-03-16T08:32:19.267+0000] {dag.py:2585} INFO - Sync 1 DAGs
[2025-03-16T08:32:19.311+0000] {logging_mixin.py:120} INFO - [2025-03-16T08:32:19.311+0000] {dag.py:3340} INFO - Setting next_dagrun for example_dag_decorator to None, run_after=None
[2025-03-16T08:32:19.343+0000] {processor.py:176} INFO - Processing /home/airflow/.local/lib/python3.7/site-packages/airflow/example_dags/example_dag_decorator.py took 0.304 seconds
[2025-03-16T08:32:50.111+0000] {processor.py:154} INFO - Started process (PID=187) to work on /home/airflow/.local/lib/python3.7/site-packages/airflow/example_dags/example_dag_decorator.py
[2025-03-16T08:32:50.117+0000] {processor.py:756} INFO - Processing file /home/airflow/.local/lib/python3.7/site-packages/airflow/example_dags/example_dag_decorator.py for tasks to queue
[2025-03-16T08:32:50.118+0000] {logging_mixin.py:120} INFO - [2025-03-16T08:32:50.118+0000] {dagbag.py:537} INFO - Filling up the DagBag from /home/airflow/.local/lib/python3.7/site-packages/airflow/example_dags/example_dag_decorator.py
[2025-03-16T08:32:50.196+0000] {logging_mixin.py:120} INFO - [2025-03-16T08:32:50.196+0000] {taskmixin.py:205} WARNING - Dependency <Task(_PythonDecoratedOperator): prepare_email>, send_email already registered for DAG: example_dag_decorator
[2025-03-16T08:32:50.196+0000] {logging_mixin.py:120} INFO - [2025-03-16T08:32:50.196+0000] {taskmixin.py:205} WARNING - Dependency <Task(EmailOperator): send_email>, prepare_email already registered for DAG: example_dag_decorator
[2025-03-16T08:32:50.255+0000] {processor.py:766} INFO - DAG(s) dict_keys(['example_dag_decorator']) retrieved from /home/airflow/.local/lib/python3.7/site-packages/airflow/example_dags/example_dag_decorator.py
[2025-03-16T08:32:50.518+0000] {logging_mixin.py:120} INFO - [2025-03-16T08:32:50.518+0000] {dag.py:2585} INFO - Sync 1 DAGs
[2025-03-16T08:32:50.583+0000] {logging_mixin.py:120} INFO - [2025-03-16T08:32:50.582+0000] {dag.py:3340} INFO - Setting next_dagrun for example_dag_decorator to None, run_after=None
[2025-03-16T08:32:50.625+0000] {processor.py:176} INFO - Processing /home/airflow/.local/lib/python3.7/site-packages/airflow/example_dags/example_dag_decorator.py took 0.531 seconds
[2025-03-16T08:33:20.759+0000] {processor.py:154} INFO - Started process (PID=241) to work on /home/airflow/.local/lib/python3.7/site-packages/airflow/example_dags/example_dag_decorator.py
[2025-03-16T08:33:20.760+0000] {processor.py:756} INFO - Processing file /home/airflow/.local/lib/python3.7/site-packages/airflow/example_dags/example_dag_decorator.py for tasks to queue
[2025-03-16T08:33:20.761+0000] {logging_mixin.py:120} INFO - [2025-03-16T08:33:20.760+0000] {dagbag.py:537} INFO - Filling up the DagBag from /home/airflow/.local/lib/python3.7/site-packages/airflow/example_dags/example_dag_decorator.py
[2025-03-16T08:33:20.781+0000] {logging_mixin.py:120} INFO - [2025-03-16T08:33:20.781+0000] {taskmixin.py:205} WARNING - Dependency <Task(_PythonDecoratedOperator): prepare_email>, send_email already registered for DAG: example_dag_decorator
[2025-03-16T08:33:20.781+0000] {logging_mixin.py:120} INFO - [2025-03-16T08:33:20.781+0000] {taskmixin.py:205} WARNING - Dependency <Task(EmailOperator): send_email>, prepare_email already registered for DAG: example_dag_decorator
[2025-03-16T08:33:20.797+0000] {processor.py:766} INFO - DAG(s) dict_keys(['example_dag_decorator']) retrieved from /home/airflow/.local/lib/python3.7/site-packages/airflow/example_dags/example_dag_decorator.py
[2025-03-16T08:33:20.911+0000] {logging_mixin.py:120} INFO - [2025-03-16T08:33:20.911+0000] {dag.py:2585} INFO - Sync 1 DAGs
[2025-03-16T08:33:20.948+0000] {logging_mixin.py:120} INFO - [2025-03-16T08:33:20.948+0000] {dag.py:3340} INFO - Setting next_dagrun for example_dag_decorator to None, run_after=None
[2025-03-16T08:33:20.974+0000] {processor.py:176} INFO - Processing /home/airflow/.local/lib/python3.7/site-packages/airflow/example_dags/example_dag_decorator.py took 0.219 seconds
[2025-03-16T08:33:51.084+0000] {processor.py:154} INFO - Started process (PID=305) to work on /home/airflow/.local/lib/python3.7/site-packages/airflow/example_dags/example_dag_decorator.py
[2025-03-16T08:33:51.091+0000] {processor.py:756} INFO - Processing file /home/airflow/.local/lib/python3.7/site-packages/airflow/example_dags/example_dag_decorator.py for tasks to queue
[2025-03-16T08:33:51.093+0000] {logging_mixin.py:120} INFO - [2025-03-16T08:33:51.092+0000] {dagbag.py:537} INFO - Filling up the DagBag from /home/airflow/.local/lib/python3.7/site-packages/airflow/example_dags/example_dag_decorator.py
[2025-03-16T08:33:51.138+0000] {logging_mixin.py:120} INFO - [2025-03-16T08:33:51.138+0000] {taskmixin.py:205} WARNING - Dependency <Task(_PythonDecoratedOperator): prepare_email>, send_email already registered for DAG: example_dag_decorator
[2025-03-16T08:33:51.139+0000] {logging_mixin.py:120} INFO - [2025-03-16T08:33:51.139+0000] {taskmixin.py:205} WARNING - Dependency <Task(EmailOperator): send_email>, prepare_email already registered for DAG: example_dag_decorator
[2025-03-16T08:33:51.168+0000] {processor.py:766} INFO - DAG(s) dict_keys(['example_dag_decorator']) retrieved from /home/airflow/.local/lib/python3.7/site-packages/airflow/example_dags/example_dag_decorator.py
[2025-03-16T08:33:51.515+0000] {logging_mixin.py:120} INFO - [2025-03-16T08:33:51.514+0000] {dag.py:2585} INFO - Sync 1 DAGs
[2025-03-16T08:33:51.634+0000] {logging_mixin.py:120} INFO - [2025-03-16T08:33:51.633+0000] {dag.py:3340} INFO - Setting next_dagrun for example_dag_decorator to None, run_after=None
[2025-03-16T08:33:51.709+0000] {processor.py:176} INFO - Processing /home/airflow/.local/lib/python3.7/site-packages/airflow/example_dags/example_dag_decorator.py took 0.643 seconds
[2025-03-16T08:34:21.815+0000] {processor.py:154} INFO - Started process (PID=359) to work on /home/airflow/.local/lib/python3.7/site-packages/airflow/example_dags/example_dag_decorator.py
[2025-03-16T08:34:21.817+0000] {processor.py:756} INFO - Processing file /home/airflow/.local/lib/python3.7/site-packages/airflow/example_dags/example_dag_decorator.py for tasks to queue
[2025-03-16T08:34:21.818+0000] {logging_mixin.py:120} INFO - [2025-03-16T08:34:21.818+0000] {dagbag.py:537} INFO - Filling up the DagBag from /home/airflow/.local/lib/python3.7/site-packages/airflow/example_dags/example_dag_decorator.py
[2025-03-16T08:34:21.856+0000] {logging_mixin.py:120} INFO - [2025-03-16T08:34:21.856+0000] {taskmixin.py:205} WARNING - Dependency <Task(_PythonDecoratedOperator): prepare_email>, send_email already registered for DAG: example_dag_decorator
[2025-03-16T08:34:21.857+0000] {logging_mixin.py:120} INFO - [2025-03-16T08:34:21.857+0000] {taskmixin.py:205} WARNING - Dependency <Task(EmailOperator): send_email>, prepare_email already registered for DAG: example_dag_decorator
[2025-03-16T08:34:21.889+0000] {processor.py:766} INFO - DAG(s) dict_keys(['example_dag_decorator']) retrieved from /home/airflow/.local/lib/python3.7/site-packages/airflow/example_dags/example_dag_decorator.py
[2025-03-16T08:34:22.070+0000] {logging_mixin.py:120} INFO - [2025-03-16T08:34:22.070+0000] {dag.py:2585} INFO - Sync 1 DAGs
[2025-03-16T08:34:22.107+0000] {logging_mixin.py:120} INFO - [2025-03-16T08:34:22.107+0000] {dag.py:3340} INFO - Setting next_dagrun for example_dag_decorator to None, run_after=None
[2025-03-16T08:34:22.132+0000] {processor.py:176} INFO - Processing /home/airflow/.local/lib/python3.7/site-packages/airflow/example_dags/example_dag_decorator.py took 0.323 seconds
[2025-03-16T08:34:52.575+0000] {processor.py:154} INFO - Started process (PID=419) to work on /home/airflow/.local/lib/python3.7/site-packages/airflow/example_dags/example_dag_decorator.py
[2025-03-16T08:34:52.578+0000] {processor.py:756} INFO - Processing file /home/airflow/.local/lib/python3.7/site-packages/airflow/example_dags/example_dag_decorator.py for tasks to queue
[2025-03-16T08:34:52.581+0000] {logging_mixin.py:120} INFO - [2025-03-16T08:34:52.580+0000] {dagbag.py:537} INFO - Filling up the DagBag from /home/airflow/.local/lib/python3.7/site-packages/airflow/example_dags/example_dag_decorator.py
[2025-03-16T08:34:52.692+0000] {logging_mixin.py:120} INFO - [2025-03-16T08:34:52.691+0000] {taskmixin.py:205} WARNING - Dependency <Task(_PythonDecoratedOperator): prepare_email>, send_email already registered for DAG: example_dag_decorator
[2025-03-16T08:34:52.692+0000] {logging_mixin.py:120} INFO - [2025-03-16T08:34:52.692+0000] {taskmixin.py:205} WARNING - Dependency <Task(EmailOperator): send_email>, prepare_email already registered for DAG: example_dag_decorator
[2025-03-16T08:34:52.732+0000] {processor.py:766} INFO - DAG(s) dict_keys(['example_dag_decorator']) retrieved from /home/airflow/.local/lib/python3.7/site-packages/airflow/example_dags/example_dag_decorator.py
[2025-03-16T08:34:52.904+0000] {logging_mixin.py:120} INFO - [2025-03-16T08:34:52.903+0000] {dag.py:2585} INFO - Sync 1 DAGs
[2025-03-16T08:34:53.008+0000] {logging_mixin.py:120} INFO - [2025-03-16T08:34:53.008+0000] {dag.py:3340} INFO - Setting next_dagrun for example_dag_decorator to None, run_after=None
[2025-03-16T08:34:53.053+0000] {processor.py:176} INFO - Processing /home/airflow/.local/lib/python3.7/site-packages/airflow/example_dags/example_dag_decorator.py took 0.491 seconds
[2025-03-16T08:35:23.265+0000] {processor.py:154} INFO - Started process (PID=475) to work on /home/airflow/.local/lib/python3.7/site-packages/airflow/example_dags/example_dag_decorator.py
[2025-03-16T08:35:23.266+0000] {processor.py:756} INFO - Processing file /home/airflow/.local/lib/python3.7/site-packages/airflow/example_dags/example_dag_decorator.py for tasks to queue
[2025-03-16T08:35:23.267+0000] {logging_mixin.py:120} INFO - [2025-03-16T08:35:23.267+0000] {dagbag.py:537} INFO - Filling up the DagBag from /home/airflow/.local/lib/python3.7/site-packages/airflow/example_dags/example_dag_decorator.py
[2025-03-16T08:35:23.295+0000] {logging_mixin.py:120} INFO - [2025-03-16T08:35:23.295+0000] {taskmixin.py:205} WARNING - Dependency <Task(_PythonDecoratedOperator): prepare_email>, send_email already registered for DAG: example_dag_decorator
[2025-03-16T08:35:23.295+0000] {logging_mixin.py:120} INFO - [2025-03-16T08:35:23.295+0000] {taskmixin.py:205} WARNING - Dependency <Task(EmailOperator): send_email>, prepare_email already registered for DAG: example_dag_decorator
[2025-03-16T08:35:23.317+0000] {processor.py:766} INFO - DAG(s) dict_keys(['example_dag_decorator']) retrieved from /home/airflow/.local/lib/python3.7/site-packages/airflow/example_dags/example_dag_decorator.py
[2025-03-16T08:35:23.478+0000] {logging_mixin.py:120} INFO - [2025-03-16T08:35:23.478+0000] {dag.py:2585} INFO - Sync 1 DAGs
[2025-03-16T08:35:23.521+0000] {logging_mixin.py:120} INFO - [2025-03-16T08:35:23.521+0000] {dag.py:3340} INFO - Setting next_dagrun for example_dag_decorator to None, run_after=None
[2025-03-16T08:35:23.559+0000] {processor.py:176} INFO - Processing /home/airflow/.local/lib/python3.7/site-packages/airflow/example_dags/example_dag_decorator.py took 0.299 seconds
[2025-03-16T08:35:53.933+0000] {processor.py:154} INFO - Started process (PID=536) to work on /home/airflow/.local/lib/python3.7/site-packages/airflow/example_dags/example_dag_decorator.py
[2025-03-16T08:35:53.936+0000] {processor.py:756} INFO - Processing file /home/airflow/.local/lib/python3.7/site-packages/airflow/example_dags/example_dag_decorator.py for tasks to queue
[2025-03-16T08:35:53.937+0000] {logging_mixin.py:120} INFO - [2025-03-16T08:35:53.937+0000] {dagbag.py:537} INFO - Filling up the DagBag from /home/airflow/.local/lib/python3.7/site-packages/airflow/example_dags/example_dag_decorator.py
[2025-03-16T08:35:53.994+0000] {logging_mixin.py:120} INFO - [2025-03-16T08:35:53.994+0000] {taskmixin.py:205} WARNING - Dependency <Task(_PythonDecoratedOperator): prepare_email>, send_email already registered for DAG: example_dag_decorator
[2025-03-16T08:35:53.994+0000] {logging_mixin.py:120} INFO - [2025-03-16T08:35:53.994+0000] {taskmixin.py:205} WARNING - Dependency <Task(EmailOperator): send_email>, prepare_email already registered for DAG: example_dag_decorator
[2025-03-16T08:35:54.042+0000] {processor.py:766} INFO - DAG(s) dict_keys(['example_dag_decorator']) retrieved from /home/airflow/.local/lib/python3.7/site-packages/airflow/example_dags/example_dag_decorator.py
[2025-03-16T08:35:54.316+0000] {logging_mixin.py:120} INFO - [2025-03-16T08:35:54.316+0000] {dag.py:2585} INFO - Sync 1 DAGs
[2025-03-16T08:35:54.370+0000] {logging_mixin.py:120} INFO - [2025-03-16T08:35:54.370+0000] {dag.py:3340} INFO - Setting next_dagrun for example_dag_decorator to None, run_after=None
[2025-03-16T08:35:54.435+0000] {processor.py:176} INFO - Processing /home/airflow/.local/lib/python3.7/site-packages/airflow/example_dags/example_dag_decorator.py took 0.522 seconds
[2025-03-16T08:36:24.499+0000] {processor.py:154} INFO - Started process (PID=592) to work on /home/airflow/.local/lib/python3.7/site-packages/airflow/example_dags/example_dag_decorator.py
[2025-03-16T08:36:24.500+0000] {processor.py:756} INFO - Processing file /home/airflow/.local/lib/python3.7/site-packages/airflow/example_dags/example_dag_decorator.py for tasks to queue
[2025-03-16T08:36:24.501+0000] {logging_mixin.py:120} INFO - [2025-03-16T08:36:24.501+0000] {dagbag.py:537} INFO - Filling up the DagBag from /home/airflow/.local/lib/python3.7/site-packages/airflow/example_dags/example_dag_decorator.py
[2025-03-16T08:36:24.520+0000] {logging_mixin.py:120} INFO - [2025-03-16T08:36:24.520+0000] {taskmixin.py:205} WARNING - Dependency <Task(_PythonDecoratedOperator): prepare_email>, send_email already registered for DAG: example_dag_decorator
[2025-03-16T08:36:24.520+0000] {logging_mixin.py:120} INFO - [2025-03-16T08:36:24.520+0000] {taskmixin.py:205} WARNING - Dependency <Task(EmailOperator): send_email>, prepare_email already registered for DAG: example_dag_decorator
[2025-03-16T08:36:24.536+0000] {processor.py:766} INFO - DAG(s) dict_keys(['example_dag_decorator']) retrieved from /home/airflow/.local/lib/python3.7/site-packages/airflow/example_dags/example_dag_decorator.py
[2025-03-16T08:36:24.646+0000] {logging_mixin.py:120} INFO - [2025-03-16T08:36:24.646+0000] {dag.py:2585} INFO - Sync 1 DAGs
[2025-03-16T08:36:24.679+0000] {logging_mixin.py:120} INFO - [2025-03-16T08:36:24.679+0000] {dag.py:3340} INFO - Setting next_dagrun for example_dag_decorator to None, run_after=None
[2025-03-16T08:36:24.703+0000] {processor.py:176} INFO - Processing /home/airflow/.local/lib/python3.7/site-packages/airflow/example_dags/example_dag_decorator.py took 0.209 seconds
[2025-03-16T08:36:55.322+0000] {processor.py:154} INFO - Started process (PID=646) to work on /home/airflow/.local/lib/python3.7/site-packages/airflow/example_dags/example_dag_decorator.py
[2025-03-16T08:36:55.325+0000] {processor.py:756} INFO - Processing file /home/airflow/.local/lib/python3.7/site-packages/airflow/example_dags/example_dag_decorator.py for tasks to queue
[2025-03-16T08:36:55.326+0000] {logging_mixin.py:120} INFO - [2025-03-16T08:36:55.326+0000] {dagbag.py:537} INFO - Filling up the DagBag from /home/airflow/.local/lib/python3.7/site-packages/airflow/example_dags/example_dag_decorator.py
[2025-03-16T08:36:55.387+0000] {logging_mixin.py:120} INFO - [2025-03-16T08:36:55.386+0000] {taskmixin.py:205} WARNING - Dependency <Task(_PythonDecoratedOperator): prepare_email>, send_email already registered for DAG: example_dag_decorator
[2025-03-16T08:36:55.388+0000] {logging_mixin.py:120} INFO - [2025-03-16T08:36:55.388+0000] {taskmixin.py:205} WARNING - Dependency <Task(EmailOperator): send_email>, prepare_email already registered for DAG: example_dag_decorator
[2025-03-16T08:36:55.427+0000] {processor.py:766} INFO - DAG(s) dict_keys(['example_dag_decorator']) retrieved from /home/airflow/.local/lib/python3.7/site-packages/airflow/example_dags/example_dag_decorator.py
[2025-03-16T08:36:55.588+0000] {logging_mixin.py:120} INFO - [2025-03-16T08:36:55.588+0000] {dag.py:2585} INFO - Sync 1 DAGs
[2025-03-16T08:36:55.637+0000] {logging_mixin.py:120} INFO - [2025-03-16T08:36:55.636+0000] {dag.py:3340} INFO - Setting next_dagrun for example_dag_decorator to None, run_after=None
[2025-03-16T08:36:55.668+0000] {processor.py:176} INFO - Processing /home/airflow/.local/lib/python3.7/site-packages/airflow/example_dags/example_dag_decorator.py took 0.353 seconds
[2025-03-16T08:37:25.750+0000] {processor.py:154} INFO - Started process (PID=708) to work on /home/airflow/.local/lib/python3.7/site-packages/airflow/example_dags/example_dag_decorator.py
[2025-03-16T08:37:25.752+0000] {processor.py:756} INFO - Processing file /home/airflow/.local/lib/python3.7/site-packages/airflow/example_dags/example_dag_decorator.py for tasks to queue
[2025-03-16T08:37:25.753+0000] {logging_mixin.py:120} INFO - [2025-03-16T08:37:25.753+0000] {dagbag.py:537} INFO - Filling up the DagBag from /home/airflow/.local/lib/python3.7/site-packages/airflow/example_dags/example_dag_decorator.py
[2025-03-16T08:37:25.784+0000] {logging_mixin.py:120} INFO - [2025-03-16T08:37:25.783+0000] {taskmixin.py:205} WARNING - Dependency <Task(_PythonDecoratedOperator): prepare_email>, send_email already registered for DAG: example_dag_decorator
[2025-03-16T08:37:25.784+0000] {logging_mixin.py:120} INFO - [2025-03-16T08:37:25.784+0000] {taskmixin.py:205} WARNING - Dependency <Task(EmailOperator): send_email>, prepare_email already registered for DAG: example_dag_decorator
[2025-03-16T08:37:25.813+0000] {processor.py:766} INFO - DAG(s) dict_keys(['example_dag_decorator']) retrieved from /home/airflow/.local/lib/python3.7/site-packages/airflow/example_dags/example_dag_decorator.py
[2025-03-16T08:37:26.025+0000] {logging_mixin.py:120} INFO - [2025-03-16T08:37:26.025+0000] {dag.py:2585} INFO - Sync 1 DAGs
[2025-03-16T08:37:26.084+0000] {logging_mixin.py:120} INFO - [2025-03-16T08:37:26.084+0000] {dag.py:3340} INFO - Setting next_dagrun for example_dag_decorator to None, run_after=None
[2025-03-16T08:37:26.139+0000] {processor.py:176} INFO - Processing /home/airflow/.local/lib/python3.7/site-packages/airflow/example_dags/example_dag_decorator.py took 0.396 seconds
[2025-03-16T08:37:56.855+0000] {processor.py:154} INFO - Started process (PID=762) to work on /home/airflow/.local/lib/python3.7/site-packages/airflow/example_dags/example_dag_decorator.py
[2025-03-16T08:37:56.857+0000] {processor.py:756} INFO - Processing file /home/airflow/.local/lib/python3.7/site-packages/airflow/example_dags/example_dag_decorator.py for tasks to queue
[2025-03-16T08:37:56.858+0000] {logging_mixin.py:120} INFO - [2025-03-16T08:37:56.857+0000] {dagbag.py:537} INFO - Filling up the DagBag from /home/airflow/.local/lib/python3.7/site-packages/airflow/example_dags/example_dag_decorator.py
[2025-03-16T08:37:56.889+0000] {logging_mixin.py:120} INFO - [2025-03-16T08:37:56.889+0000] {taskmixin.py:205} WARNING - Dependency <Task(_PythonDecoratedOperator): prepare_email>, send_email already registered for DAG: example_dag_decorator
[2025-03-16T08:37:56.889+0000] {logging_mixin.py:120} INFO - [2025-03-16T08:37:56.889+0000] {taskmixin.py:205} WARNING - Dependency <Task(EmailOperator): send_email>, prepare_email already registered for DAG: example_dag_decorator
[2025-03-16T08:37:56.914+0000] {processor.py:766} INFO - DAG(s) dict_keys(['example_dag_decorator']) retrieved from /home/airflow/.local/lib/python3.7/site-packages/airflow/example_dags/example_dag_decorator.py
[2025-03-16T08:37:57.086+0000] {logging_mixin.py:120} INFO - [2025-03-16T08:37:57.086+0000] {dag.py:2585} INFO - Sync 1 DAGs
[2025-03-16T08:37:57.146+0000] {logging_mixin.py:120} INFO - [2025-03-16T08:37:57.145+0000] {dag.py:3340} INFO - Setting next_dagrun for example_dag_decorator to None, run_after=None
[2025-03-16T08:37:57.184+0000] {processor.py:176} INFO - Processing /home/airflow/.local/lib/python3.7/site-packages/airflow/example_dags/example_dag_decorator.py took 0.334 seconds
[2025-03-16T08:38:27.416+0000] {processor.py:154} INFO - Started process (PID=826) to work on /home/airflow/.local/lib/python3.7/site-packages/airflow/example_dags/example_dag_decorator.py
[2025-03-16T08:38:27.419+0000] {processor.py:756} INFO - Processing file /home/airflow/.local/lib/python3.7/site-packages/airflow/example_dags/example_dag_decorator.py for tasks to queue
[2025-03-16T08:38:27.420+0000] {logging_mixin.py:120} INFO - [2025-03-16T08:38:27.420+0000] {dagbag.py:537} INFO - Filling up the DagBag from /home/airflow/.local/lib/python3.7/site-packages/airflow/example_dags/example_dag_decorator.py
[2025-03-16T08:38:27.463+0000] {logging_mixin.py:120} INFO - [2025-03-16T08:38:27.463+0000] {taskmixin.py:205} WARNING - Dependency <Task(_PythonDecoratedOperator): prepare_email>, send_email already registered for DAG: example_dag_decorator
[2025-03-16T08:38:27.464+0000] {logging_mixin.py:120} INFO - [2025-03-16T08:38:27.464+0000] {taskmixin.py:205} WARNING - Dependency <Task(EmailOperator): send_email>, prepare_email already registered for DAG: example_dag_decorator
[2025-03-16T08:38:27.490+0000] {processor.py:766} INFO - DAG(s) dict_keys(['example_dag_decorator']) retrieved from /home/airflow/.local/lib/python3.7/site-packages/airflow/example_dags/example_dag_decorator.py
[2025-03-16T08:38:27.723+0000] {logging_mixin.py:120} INFO - [2025-03-16T08:38:27.723+0000] {dag.py:2585} INFO - Sync 1 DAGs
[2025-03-16T08:38:27.782+0000] {logging_mixin.py:120} INFO - [2025-03-16T08:38:27.782+0000] {dag.py:3340} INFO - Setting next_dagrun for example_dag_decorator to None, run_after=None
[2025-03-16T08:38:27.819+0000] {processor.py:176} INFO - Processing /home/airflow/.local/lib/python3.7/site-packages/airflow/example_dags/example_dag_decorator.py took 0.412 seconds
[2025-03-16T08:38:58.461+0000] {processor.py:154} INFO - Started process (PID=880) to work on /home/airflow/.local/lib/python3.7/site-packages/airflow/example_dags/example_dag_decorator.py
[2025-03-16T08:38:58.463+0000] {processor.py:756} INFO - Processing file /home/airflow/.local/lib/python3.7/site-packages/airflow/example_dags/example_dag_decorator.py for tasks to queue
[2025-03-16T08:38:58.464+0000] {logging_mixin.py:120} INFO - [2025-03-16T08:38:58.463+0000] {dagbag.py:537} INFO - Filling up the DagBag from /home/airflow/.local/lib/python3.7/site-packages/airflow/example_dags/example_dag_decorator.py
[2025-03-16T08:38:58.490+0000] {logging_mixin.py:120} INFO - [2025-03-16T08:38:58.490+0000] {taskmixin.py:205} WARNING - Dependency <Task(_PythonDecoratedOperator): prepare_email>, send_email already registered for DAG: example_dag_decorator
[2025-03-16T08:38:58.491+0000] {logging_mixin.py:120} INFO - [2025-03-16T08:38:58.491+0000] {taskmixin.py:205} WARNING - Dependency <Task(EmailOperator): send_email>, prepare_email already registered for DAG: example_dag_decorator
[2025-03-16T08:38:58.514+0000] {processor.py:766} INFO - DAG(s) dict_keys(['example_dag_decorator']) retrieved from /home/airflow/.local/lib/python3.7/site-packages/airflow/example_dags/example_dag_decorator.py
[2025-03-16T08:38:58.669+0000] {logging_mixin.py:120} INFO - [2025-03-16T08:38:58.669+0000] {dag.py:2585} INFO - Sync 1 DAGs
[2025-03-16T08:38:58.736+0000] {logging_mixin.py:120} INFO - [2025-03-16T08:38:58.736+0000] {dag.py:3340} INFO - Setting next_dagrun for example_dag_decorator to None, run_after=None
[2025-03-16T08:38:58.812+0000] {processor.py:176} INFO - Processing /home/airflow/.local/lib/python3.7/site-packages/airflow/example_dags/example_dag_decorator.py took 0.357 seconds
[2025-03-16T08:39:29.093+0000] {processor.py:154} INFO - Started process (PID=943) to work on /home/airflow/.local/lib/python3.7/site-packages/airflow/example_dags/example_dag_decorator.py
[2025-03-16T08:39:29.094+0000] {processor.py:756} INFO - Processing file /home/airflow/.local/lib/python3.7/site-packages/airflow/example_dags/example_dag_decorator.py for tasks to queue
[2025-03-16T08:39:29.096+0000] {logging_mixin.py:120} INFO - [2025-03-16T08:39:29.095+0000] {dagbag.py:537} INFO - Filling up the DagBag from /home/airflow/.local/lib/python3.7/site-packages/airflow/example_dags/example_dag_decorator.py
[2025-03-16T08:39:29.122+0000] {logging_mixin.py:120} INFO - [2025-03-16T08:39:29.122+0000] {taskmixin.py:205} WARNING - Dependency <Task(_PythonDecoratedOperator): prepare_email>, send_email already registered for DAG: example_dag_decorator
[2025-03-16T08:39:29.122+0000] {logging_mixin.py:120} INFO - [2025-03-16T08:39:29.122+0000] {taskmixin.py:205} WARNING - Dependency <Task(EmailOperator): send_email>, prepare_email already registered for DAG: example_dag_decorator
[2025-03-16T08:39:29.145+0000] {processor.py:766} INFO - DAG(s) dict_keys(['example_dag_decorator']) retrieved from /home/airflow/.local/lib/python3.7/site-packages/airflow/example_dags/example_dag_decorator.py
[2025-03-16T08:39:29.301+0000] {logging_mixin.py:120} INFO - [2025-03-16T08:39:29.301+0000] {dag.py:2585} INFO - Sync 1 DAGs
[2025-03-16T08:39:29.346+0000] {logging_mixin.py:120} INFO - [2025-03-16T08:39:29.346+0000] {dag.py:3340} INFO - Setting next_dagrun for example_dag_decorator to None, run_after=None
[2025-03-16T08:39:29.383+0000] {processor.py:176} INFO - Processing /home/airflow/.local/lib/python3.7/site-packages/airflow/example_dags/example_dag_decorator.py took 0.295 seconds
[2025-03-16T08:39:59.651+0000] {processor.py:154} INFO - Started process (PID=997) to work on /home/airflow/.local/lib/python3.7/site-packages/airflow/example_dags/example_dag_decorator.py
[2025-03-16T08:39:59.659+0000] {processor.py:756} INFO - Processing file /home/airflow/.local/lib/python3.7/site-packages/airflow/example_dags/example_dag_decorator.py for tasks to queue
[2025-03-16T08:39:59.660+0000] {logging_mixin.py:120} INFO - [2025-03-16T08:39:59.660+0000] {dagbag.py:537} INFO - Filling up the DagBag from /home/airflow/.local/lib/python3.7/site-packages/airflow/example_dags/example_dag_decorator.py
[2025-03-16T08:39:59.696+0000] {logging_mixin.py:120} INFO - [2025-03-16T08:39:59.696+0000] {taskmixin.py:205} WARNING - Dependency <Task(_PythonDecoratedOperator): prepare_email>, send_email already registered for DAG: example_dag_decorator
[2025-03-16T08:39:59.697+0000] {logging_mixin.py:120} INFO - [2025-03-16T08:39:59.697+0000] {taskmixin.py:205} WARNING - Dependency <Task(EmailOperator): send_email>, prepare_email already registered for DAG: example_dag_decorator
[2025-03-16T08:39:59.721+0000] {processor.py:766} INFO - DAG(s) dict_keys(['example_dag_decorator']) retrieved from /home/airflow/.local/lib/python3.7/site-packages/airflow/example_dags/example_dag_decorator.py
[2025-03-16T08:39:59.921+0000] {logging_mixin.py:120} INFO - [2025-03-16T08:39:59.921+0000] {dag.py:2585} INFO - Sync 1 DAGs
[2025-03-16T08:39:59.971+0000] {logging_mixin.py:120} INFO - [2025-03-16T08:39:59.970+0000] {dag.py:3340} INFO - Setting next_dagrun for example_dag_decorator to None, run_after=None
[2025-03-16T08:40:00.087+0000] {processor.py:176} INFO - Processing /home/airflow/.local/lib/python3.7/site-packages/airflow/example_dags/example_dag_decorator.py took 0.456 seconds
[2025-03-16T08:40:30.388+0000] {processor.py:154} INFO - Started process (PID=1060) to work on /home/airflow/.local/lib/python3.7/site-packages/airflow/example_dags/example_dag_decorator.py
[2025-03-16T08:40:30.389+0000] {processor.py:756} INFO - Processing file /home/airflow/.local/lib/python3.7/site-packages/airflow/example_dags/example_dag_decorator.py for tasks to queue
[2025-03-16T08:40:30.390+0000] {logging_mixin.py:120} INFO - [2025-03-16T08:40:30.389+0000] {dagbag.py:537} INFO - Filling up the DagBag from /home/airflow/.local/lib/python3.7/site-packages/airflow/example_dags/example_dag_decorator.py
[2025-03-16T08:40:30.459+0000] {logging_mixin.py:120} INFO - [2025-03-16T08:40:30.459+0000] {taskmixin.py:205} WARNING - Dependency <Task(_PythonDecoratedOperator): prepare_email>, send_email already registered for DAG: example_dag_decorator
[2025-03-16T08:40:30.460+0000] {logging_mixin.py:120} INFO - [2025-03-16T08:40:30.459+0000] {taskmixin.py:205} WARNING - Dependency <Task(EmailOperator): send_email>, prepare_email already registered for DAG: example_dag_decorator
[2025-03-16T08:40:30.501+0000] {processor.py:766} INFO - DAG(s) dict_keys(['example_dag_decorator']) retrieved from /home/airflow/.local/lib/python3.7/site-packages/airflow/example_dags/example_dag_decorator.py
[2025-03-16T08:40:30.766+0000] {logging_mixin.py:120} INFO - [2025-03-16T08:40:30.766+0000] {dag.py:2585} INFO - Sync 1 DAGs
[2025-03-16T08:40:30.821+0000] {logging_mixin.py:120} INFO - [2025-03-16T08:40:30.820+0000] {dag.py:3340} INFO - Setting next_dagrun for example_dag_decorator to None, run_after=None
[2025-03-16T08:40:30.856+0000] {processor.py:176} INFO - Processing /home/airflow/.local/lib/python3.7/site-packages/airflow/example_dags/example_dag_decorator.py took 0.480 seconds
[2025-03-16T08:41:01.027+0000] {processor.py:154} INFO - Started process (PID=1114) to work on /home/airflow/.local/lib/python3.7/site-packages/airflow/example_dags/example_dag_decorator.py
[2025-03-16T08:41:01.029+0000] {processor.py:756} INFO - Processing file /home/airflow/.local/lib/python3.7/site-packages/airflow/example_dags/example_dag_decorator.py for tasks to queue
[2025-03-16T08:41:01.031+0000] {logging_mixin.py:120} INFO - [2025-03-16T08:41:01.030+0000] {dagbag.py:537} INFO - Filling up the DagBag from /home/airflow/.local/lib/python3.7/site-packages/airflow/example_dags/example_dag_decorator.py
[2025-03-16T08:41:01.061+0000] {logging_mixin.py:120} INFO - [2025-03-16T08:41:01.060+0000] {taskmixin.py:205} WARNING - Dependency <Task(_PythonDecoratedOperator): prepare_email>, send_email already registered for DAG: example_dag_decorator
[2025-03-16T08:41:01.061+0000] {logging_mixin.py:120} INFO - [2025-03-16T08:41:01.061+0000] {taskmixin.py:205} WARNING - Dependency <Task(EmailOperator): send_email>, prepare_email already registered for DAG: example_dag_decorator
[2025-03-16T08:41:01.098+0000] {processor.py:766} INFO - DAG(s) dict_keys(['example_dag_decorator']) retrieved from /home/airflow/.local/lib/python3.7/site-packages/airflow/example_dags/example_dag_decorator.py
[2025-03-16T08:41:01.371+0000] {logging_mixin.py:120} INFO - [2025-03-16T08:41:01.368+0000] {dag.py:2585} INFO - Sync 1 DAGs
[2025-03-16T08:41:01.454+0000] {logging_mixin.py:120} INFO - [2025-03-16T08:41:01.454+0000] {dag.py:3340} INFO - Setting next_dagrun for example_dag_decorator to None, run_after=None
[2025-03-16T08:41:01.492+0000] {processor.py:176} INFO - Processing /home/airflow/.local/lib/python3.7/site-packages/airflow/example_dags/example_dag_decorator.py took 0.471 seconds
[2025-03-16T08:41:32.148+0000] {processor.py:154} INFO - Started process (PID=1177) to work on /home/airflow/.local/lib/python3.7/site-packages/airflow/example_dags/example_dag_decorator.py
[2025-03-16T08:41:32.152+0000] {processor.py:756} INFO - Processing file /home/airflow/.local/lib/python3.7/site-packages/airflow/example_dags/example_dag_decorator.py for tasks to queue
[2025-03-16T08:41:32.156+0000] {logging_mixin.py:120} INFO - [2025-03-16T08:41:32.155+0000] {dagbag.py:537} INFO - Filling up the DagBag from /home/airflow/.local/lib/python3.7/site-packages/airflow/example_dags/example_dag_decorator.py
[2025-03-16T08:41:32.223+0000] {logging_mixin.py:120} INFO - [2025-03-16T08:41:32.223+0000] {taskmixin.py:205} WARNING - Dependency <Task(_PythonDecoratedOperator): prepare_email>, send_email already registered for DAG: example_dag_decorator
[2025-03-16T08:41:32.224+0000] {logging_mixin.py:120} INFO - [2025-03-16T08:41:32.224+0000] {taskmixin.py:205} WARNING - Dependency <Task(EmailOperator): send_email>, prepare_email already registered for DAG: example_dag_decorator
[2025-03-16T08:41:32.271+0000] {processor.py:766} INFO - DAG(s) dict_keys(['example_dag_decorator']) retrieved from /home/airflow/.local/lib/python3.7/site-packages/airflow/example_dags/example_dag_decorator.py
[2025-03-16T08:41:32.572+0000] {logging_mixin.py:120} INFO - [2025-03-16T08:41:32.572+0000] {dag.py:2585} INFO - Sync 1 DAGs
[2025-03-16T08:41:32.617+0000] {logging_mixin.py:120} INFO - [2025-03-16T08:41:32.617+0000] {dag.py:3340} INFO - Setting next_dagrun for example_dag_decorator to None, run_after=None
[2025-03-16T08:41:32.665+0000] {processor.py:176} INFO - Processing /home/airflow/.local/lib/python3.7/site-packages/airflow/example_dags/example_dag_decorator.py took 0.530 seconds
[2025-03-16T08:42:03.394+0000] {processor.py:154} INFO - Started process (PID=1231) to work on /home/airflow/.local/lib/python3.7/site-packages/airflow/example_dags/example_dag_decorator.py
[2025-03-16T08:42:03.396+0000] {processor.py:756} INFO - Processing file /home/airflow/.local/lib/python3.7/site-packages/airflow/example_dags/example_dag_decorator.py for tasks to queue
[2025-03-16T08:42:03.398+0000] {logging_mixin.py:120} INFO - [2025-03-16T08:42:03.397+0000] {dagbag.py:537} INFO - Filling up the DagBag from /home/airflow/.local/lib/python3.7/site-packages/airflow/example_dags/example_dag_decorator.py
[2025-03-16T08:42:03.424+0000] {logging_mixin.py:120} INFO - [2025-03-16T08:42:03.424+0000] {taskmixin.py:205} WARNING - Dependency <Task(_PythonDecoratedOperator): prepare_email>, send_email already registered for DAG: example_dag_decorator
[2025-03-16T08:42:03.425+0000] {logging_mixin.py:120} INFO - [2025-03-16T08:42:03.424+0000] {taskmixin.py:205} WARNING - Dependency <Task(EmailOperator): send_email>, prepare_email already registered for DAG: example_dag_decorator
[2025-03-16T08:42:03.447+0000] {processor.py:766} INFO - DAG(s) dict_keys(['example_dag_decorator']) retrieved from /home/airflow/.local/lib/python3.7/site-packages/airflow/example_dags/example_dag_decorator.py
[2025-03-16T08:42:03.600+0000] {logging_mixin.py:120} INFO - [2025-03-16T08:42:03.600+0000] {dag.py:2585} INFO - Sync 1 DAGs
[2025-03-16T08:42:03.649+0000] {logging_mixin.py:120} INFO - [2025-03-16T08:42:03.649+0000] {dag.py:3340} INFO - Setting next_dagrun for example_dag_decorator to None, run_after=None
[2025-03-16T08:42:03.688+0000] {processor.py:176} INFO - Processing /home/airflow/.local/lib/python3.7/site-packages/airflow/example_dags/example_dag_decorator.py took 0.299 seconds
[2025-03-16T08:42:33.753+0000] {processor.py:154} INFO - Started process (PID=1294) to work on /home/airflow/.local/lib/python3.7/site-packages/airflow/example_dags/example_dag_decorator.py
[2025-03-16T08:42:33.756+0000] {processor.py:756} INFO - Processing file /home/airflow/.local/lib/python3.7/site-packages/airflow/example_dags/example_dag_decorator.py for tasks to queue
[2025-03-16T08:42:33.757+0000] {logging_mixin.py:120} INFO - [2025-03-16T08:42:33.757+0000] {dagbag.py:537} INFO - Filling up the DagBag from /home/airflow/.local/lib/python3.7/site-packages/airflow/example_dags/example_dag_decorator.py
[2025-03-16T08:42:33.814+0000] {logging_mixin.py:120} INFO - [2025-03-16T08:42:33.813+0000] {taskmixin.py:205} WARNING - Dependency <Task(_PythonDecoratedOperator): prepare_email>, send_email already registered for DAG: example_dag_decorator
[2025-03-16T08:42:33.814+0000] {logging_mixin.py:120} INFO - [2025-03-16T08:42:33.814+0000] {taskmixin.py:205} WARNING - Dependency <Task(EmailOperator): send_email>, prepare_email already registered for DAG: example_dag_decorator
[2025-03-16T08:42:33.836+0000] {processor.py:766} INFO - DAG(s) dict_keys(['example_dag_decorator']) retrieved from /home/airflow/.local/lib/python3.7/site-packages/airflow/example_dags/example_dag_decorator.py
[2025-03-16T08:42:34.167+0000] {logging_mixin.py:120} INFO - [2025-03-16T08:42:34.166+0000] {dag.py:2585} INFO - Sync 1 DAGs
[2025-03-16T08:42:34.262+0000] {logging_mixin.py:120} INFO - [2025-03-16T08:42:34.262+0000] {dag.py:3340} INFO - Setting next_dagrun for example_dag_decorator to None, run_after=None
[2025-03-16T08:42:34.319+0000] {processor.py:176} INFO - Processing /home/airflow/.local/lib/python3.7/site-packages/airflow/example_dags/example_dag_decorator.py took 0.576 seconds
[2025-03-16T08:43:04.790+0000] {processor.py:154} INFO - Started process (PID=1348) to work on /home/airflow/.local/lib/python3.7/site-packages/airflow/example_dags/example_dag_decorator.py
[2025-03-16T08:43:04.791+0000] {processor.py:756} INFO - Processing file /home/airflow/.local/lib/python3.7/site-packages/airflow/example_dags/example_dag_decorator.py for tasks to queue
[2025-03-16T08:43:04.793+0000] {logging_mixin.py:120} INFO - [2025-03-16T08:43:04.793+0000] {dagbag.py:537} INFO - Filling up the DagBag from /home/airflow/.local/lib/python3.7/site-packages/airflow/example_dags/example_dag_decorator.py
[2025-03-16T08:43:04.820+0000] {logging_mixin.py:120} INFO - [2025-03-16T08:43:04.820+0000] {taskmixin.py:205} WARNING - Dependency <Task(_PythonDecoratedOperator): prepare_email>, send_email already registered for DAG: example_dag_decorator
[2025-03-16T08:43:04.820+0000] {logging_mixin.py:120} INFO - [2025-03-16T08:43:04.820+0000] {taskmixin.py:205} WARNING - Dependency <Task(EmailOperator): send_email>, prepare_email already registered for DAG: example_dag_decorator
[2025-03-16T08:43:04.847+0000] {processor.py:766} INFO - DAG(s) dict_keys(['example_dag_decorator']) retrieved from /home/airflow/.local/lib/python3.7/site-packages/airflow/example_dags/example_dag_decorator.py
[2025-03-16T08:43:05.018+0000] {logging_mixin.py:120} INFO - [2025-03-16T08:43:05.018+0000] {dag.py:2585} INFO - Sync 1 DAGs
[2025-03-16T08:43:05.062+0000] {logging_mixin.py:120} INFO - [2025-03-16T08:43:05.062+0000] {dag.py:3340} INFO - Setting next_dagrun for example_dag_decorator to None, run_after=None
[2025-03-16T08:43:05.096+0000] {processor.py:176} INFO - Processing /home/airflow/.local/lib/python3.7/site-packages/airflow/example_dags/example_dag_decorator.py took 0.314 seconds
[2025-03-16T08:43:35.724+0000] {processor.py:154} INFO - Started process (PID=1411) to work on /home/airflow/.local/lib/python3.7/site-packages/airflow/example_dags/example_dag_decorator.py
[2025-03-16T08:43:35.728+0000] {processor.py:756} INFO - Processing file /home/airflow/.local/lib/python3.7/site-packages/airflow/example_dags/example_dag_decorator.py for tasks to queue
[2025-03-16T08:43:35.731+0000] {logging_mixin.py:120} INFO - [2025-03-16T08:43:35.729+0000] {dagbag.py:537} INFO - Filling up the DagBag from /home/airflow/.local/lib/python3.7/site-packages/airflow/example_dags/example_dag_decorator.py
[2025-03-16T08:43:35.831+0000] {logging_mixin.py:120} INFO - [2025-03-16T08:43:35.831+0000] {taskmixin.py:205} WARNING - Dependency <Task(_PythonDecoratedOperator): prepare_email>, send_email already registered for DAG: example_dag_decorator
[2025-03-16T08:43:35.836+0000] {logging_mixin.py:120} INFO - [2025-03-16T08:43:35.832+0000] {taskmixin.py:205} WARNING - Dependency <Task(EmailOperator): send_email>, prepare_email already registered for DAG: example_dag_decorator
[2025-03-16T08:43:35.896+0000] {processor.py:766} INFO - DAG(s) dict_keys(['example_dag_decorator']) retrieved from /home/airflow/.local/lib/python3.7/site-packages/airflow/example_dags/example_dag_decorator.py
[2025-03-16T08:43:36.197+0000] {logging_mixin.py:120} INFO - [2025-03-16T08:43:36.197+0000] {dag.py:2585} INFO - Sync 1 DAGs
[2025-03-16T08:43:36.252+0000] {logging_mixin.py:120} INFO - [2025-03-16T08:43:36.252+0000] {dag.py:3340} INFO - Setting next_dagrun for example_dag_decorator to None, run_after=None
[2025-03-16T08:43:36.297+0000] {processor.py:176} INFO - Processing /home/airflow/.local/lib/python3.7/site-packages/airflow/example_dags/example_dag_decorator.py took 0.586 seconds
[2025-03-16T08:44:06.891+0000] {processor.py:154} INFO - Started process (PID=1465) to work on /home/airflow/.local/lib/python3.7/site-packages/airflow/example_dags/example_dag_decorator.py
[2025-03-16T08:44:06.894+0000] {processor.py:756} INFO - Processing file /home/airflow/.local/lib/python3.7/site-packages/airflow/example_dags/example_dag_decorator.py for tasks to queue
[2025-03-16T08:44:06.895+0000] {logging_mixin.py:120} INFO - [2025-03-16T08:44:06.895+0000] {dagbag.py:537} INFO - Filling up the DagBag from /home/airflow/.local/lib/python3.7/site-packages/airflow/example_dags/example_dag_decorator.py
[2025-03-16T08:44:06.929+0000] {logging_mixin.py:120} INFO - [2025-03-16T08:44:06.929+0000] {taskmixin.py:205} WARNING - Dependency <Task(_PythonDecoratedOperator): prepare_email>, send_email already registered for DAG: example_dag_decorator
[2025-03-16T08:44:06.929+0000] {logging_mixin.py:120} INFO - [2025-03-16T08:44:06.929+0000] {taskmixin.py:205} WARNING - Dependency <Task(EmailOperator): send_email>, prepare_email already registered for DAG: example_dag_decorator
[2025-03-16T08:44:06.959+0000] {processor.py:766} INFO - DAG(s) dict_keys(['example_dag_decorator']) retrieved from /home/airflow/.local/lib/python3.7/site-packages/airflow/example_dags/example_dag_decorator.py
[2025-03-16T08:44:07.214+0000] {logging_mixin.py:120} INFO - [2025-03-16T08:44:07.214+0000] {dag.py:2585} INFO - Sync 1 DAGs
[2025-03-16T08:44:07.258+0000] {logging_mixin.py:120} INFO - [2025-03-16T08:44:07.258+0000] {dag.py:3340} INFO - Setting next_dagrun for example_dag_decorator to None, run_after=None
[2025-03-16T08:44:07.296+0000] {processor.py:176} INFO - Processing /home/airflow/.local/lib/python3.7/site-packages/airflow/example_dags/example_dag_decorator.py took 0.412 seconds
[2025-03-16T08:44:37.890+0000] {processor.py:154} INFO - Started process (PID=1529) to work on /home/airflow/.local/lib/python3.7/site-packages/airflow/example_dags/example_dag_decorator.py
[2025-03-16T08:44:37.893+0000] {processor.py:756} INFO - Processing file /home/airflow/.local/lib/python3.7/site-packages/airflow/example_dags/example_dag_decorator.py for tasks to queue
[2025-03-16T08:44:37.894+0000] {logging_mixin.py:120} INFO - [2025-03-16T08:44:37.894+0000] {dagbag.py:537} INFO - Filling up the DagBag from /home/airflow/.local/lib/python3.7/site-packages/airflow/example_dags/example_dag_decorator.py
[2025-03-16T08:44:37.956+0000] {logging_mixin.py:120} INFO - [2025-03-16T08:44:37.956+0000] {taskmixin.py:205} WARNING - Dependency <Task(_PythonDecoratedOperator): prepare_email>, send_email already registered for DAG: example_dag_decorator
[2025-03-16T08:44:37.956+0000] {logging_mixin.py:120} INFO - [2025-03-16T08:44:37.956+0000] {taskmixin.py:205} WARNING - Dependency <Task(EmailOperator): send_email>, prepare_email already registered for DAG: example_dag_decorator
[2025-03-16T08:44:38.036+0000] {processor.py:766} INFO - DAG(s) dict_keys(['example_dag_decorator']) retrieved from /home/airflow/.local/lib/python3.7/site-packages/airflow/example_dags/example_dag_decorator.py
[2025-03-16T08:44:38.230+0000] {logging_mixin.py:120} INFO - [2025-03-16T08:44:38.229+0000] {dag.py:2585} INFO - Sync 1 DAGs
[2025-03-16T08:44:38.283+0000] {logging_mixin.py:120} INFO - [2025-03-16T08:44:38.283+0000] {dag.py:3340} INFO - Setting next_dagrun for example_dag_decorator to None, run_after=None
[2025-03-16T08:44:38.328+0000] {processor.py:176} INFO - Processing /home/airflow/.local/lib/python3.7/site-packages/airflow/example_dags/example_dag_decorator.py took 0.449 seconds
[2025-03-16T08:45:08.418+0000] {processor.py:154} INFO - Started process (PID=1582) to work on /home/airflow/.local/lib/python3.7/site-packages/airflow/example_dags/example_dag_decorator.py
[2025-03-16T08:45:08.419+0000] {processor.py:756} INFO - Processing file /home/airflow/.local/lib/python3.7/site-packages/airflow/example_dags/example_dag_decorator.py for tasks to queue
[2025-03-16T08:45:08.419+0000] {logging_mixin.py:120} INFO - [2025-03-16T08:45:08.419+0000] {dagbag.py:537} INFO - Filling up the DagBag from /home/airflow/.local/lib/python3.7/site-packages/airflow/example_dags/example_dag_decorator.py
[2025-03-16T08:45:08.445+0000] {logging_mixin.py:120} INFO - [2025-03-16T08:45:08.445+0000] {taskmixin.py:205} WARNING - Dependency <Task(_PythonDecoratedOperator): prepare_email>, send_email already registered for DAG: example_dag_decorator
[2025-03-16T08:45:08.445+0000] {logging_mixin.py:120} INFO - [2025-03-16T08:45:08.445+0000] {taskmixin.py:205} WARNING - Dependency <Task(EmailOperator): send_email>, prepare_email already registered for DAG: example_dag_decorator
[2025-03-16T08:45:08.466+0000] {processor.py:766} INFO - DAG(s) dict_keys(['example_dag_decorator']) retrieved from /home/airflow/.local/lib/python3.7/site-packages/airflow/example_dags/example_dag_decorator.py
[2025-03-16T08:45:08.588+0000] {logging_mixin.py:120} INFO - [2025-03-16T08:45:08.588+0000] {dag.py:2585} INFO - Sync 1 DAGs
[2025-03-16T08:45:08.645+0000] {logging_mixin.py:120} INFO - [2025-03-16T08:45:08.644+0000] {dag.py:3340} INFO - Setting next_dagrun for example_dag_decorator to None, run_after=None
[2025-03-16T08:45:08.690+0000] {processor.py:176} INFO - Processing /home/airflow/.local/lib/python3.7/site-packages/airflow/example_dags/example_dag_decorator.py took 0.277 seconds
[2025-03-16T08:45:39.250+0000] {processor.py:154} INFO - Started process (PID=1646) to work on /home/airflow/.local/lib/python3.7/site-packages/airflow/example_dags/example_dag_decorator.py
[2025-03-16T08:45:39.252+0000] {processor.py:756} INFO - Processing file /home/airflow/.local/lib/python3.7/site-packages/airflow/example_dags/example_dag_decorator.py for tasks to queue
[2025-03-16T08:45:39.253+0000] {logging_mixin.py:120} INFO - [2025-03-16T08:45:39.253+0000] {dagbag.py:537} INFO - Filling up the DagBag from /home/airflow/.local/lib/python3.7/site-packages/airflow/example_dags/example_dag_decorator.py
[2025-03-16T08:45:39.312+0000] {logging_mixin.py:120} INFO - [2025-03-16T08:45:39.311+0000] {taskmixin.py:205} WARNING - Dependency <Task(_PythonDecoratedOperator): prepare_email>, send_email already registered for DAG: example_dag_decorator
[2025-03-16T08:45:39.313+0000] {logging_mixin.py:120} INFO - [2025-03-16T08:45:39.312+0000] {taskmixin.py:205} WARNING - Dependency <Task(EmailOperator): send_email>, prepare_email already registered for DAG: example_dag_decorator
[2025-03-16T08:45:39.358+0000] {processor.py:766} INFO - DAG(s) dict_keys(['example_dag_decorator']) retrieved from /home/airflow/.local/lib/python3.7/site-packages/airflow/example_dags/example_dag_decorator.py
[2025-03-16T08:45:39.693+0000] {logging_mixin.py:120} INFO - [2025-03-16T08:45:39.692+0000] {dag.py:2585} INFO - Sync 1 DAGs
[2025-03-16T08:45:39.801+0000] {logging_mixin.py:120} INFO - [2025-03-16T08:45:39.801+0000] {dag.py:3340} INFO - Setting next_dagrun for example_dag_decorator to None, run_after=None
[2025-03-16T08:45:39.883+0000] {processor.py:176} INFO - Processing /home/airflow/.local/lib/python3.7/site-packages/airflow/example_dags/example_dag_decorator.py took 0.648 seconds
[2025-03-16T08:46:10.438+0000] {processor.py:154} INFO - Started process (PID=1700) to work on /home/airflow/.local/lib/python3.7/site-packages/airflow/example_dags/example_dag_decorator.py
[2025-03-16T08:46:10.444+0000] {processor.py:756} INFO - Processing file /home/airflow/.local/lib/python3.7/site-packages/airflow/example_dags/example_dag_decorator.py for tasks to queue
[2025-03-16T08:46:10.445+0000] {logging_mixin.py:120} INFO - [2025-03-16T08:46:10.445+0000] {dagbag.py:537} INFO - Filling up the DagBag from /home/airflow/.local/lib/python3.7/site-packages/airflow/example_dags/example_dag_decorator.py
[2025-03-16T08:46:10.499+0000] {logging_mixin.py:120} INFO - [2025-03-16T08:46:10.498+0000] {taskmixin.py:205} WARNING - Dependency <Task(_PythonDecoratedOperator): prepare_email>, send_email already registered for DAG: example_dag_decorator
[2025-03-16T08:46:10.500+0000] {logging_mixin.py:120} INFO - [2025-03-16T08:46:10.499+0000] {taskmixin.py:205} WARNING - Dependency <Task(EmailOperator): send_email>, prepare_email already registered for DAG: example_dag_decorator
[2025-03-16T08:46:10.527+0000] {processor.py:766} INFO - DAG(s) dict_keys(['example_dag_decorator']) retrieved from /home/airflow/.local/lib/python3.7/site-packages/airflow/example_dags/example_dag_decorator.py
[2025-03-16T08:46:10.729+0000] {logging_mixin.py:120} INFO - [2025-03-16T08:46:10.728+0000] {dag.py:2585} INFO - Sync 1 DAGs
[2025-03-16T08:46:10.775+0000] {logging_mixin.py:120} INFO - [2025-03-16T08:46:10.775+0000] {dag.py:3340} INFO - Setting next_dagrun for example_dag_decorator to None, run_after=None
[2025-03-16T08:46:10.822+0000] {processor.py:176} INFO - Processing /home/airflow/.local/lib/python3.7/site-packages/airflow/example_dags/example_dag_decorator.py took 0.392 seconds
[2025-03-16T08:46:41.514+0000] {processor.py:154} INFO - Started process (PID=1763) to work on /home/airflow/.local/lib/python3.7/site-packages/airflow/example_dags/example_dag_decorator.py
[2025-03-16T08:46:41.515+0000] {processor.py:756} INFO - Processing file /home/airflow/.local/lib/python3.7/site-packages/airflow/example_dags/example_dag_decorator.py for tasks to queue
[2025-03-16T08:46:41.520+0000] {logging_mixin.py:120} INFO - [2025-03-16T08:46:41.519+0000] {dagbag.py:537} INFO - Filling up the DagBag from /home/airflow/.local/lib/python3.7/site-packages/airflow/example_dags/example_dag_decorator.py
[2025-03-16T08:46:41.576+0000] {logging_mixin.py:120} INFO - [2025-03-16T08:46:41.576+0000] {taskmixin.py:205} WARNING - Dependency <Task(_PythonDecoratedOperator): prepare_email>, send_email already registered for DAG: example_dag_decorator
[2025-03-16T08:46:41.577+0000] {logging_mixin.py:120} INFO - [2025-03-16T08:46:41.577+0000] {taskmixin.py:205} WARNING - Dependency <Task(EmailOperator): send_email>, prepare_email already registered for DAG: example_dag_decorator
[2025-03-16T08:46:41.625+0000] {processor.py:766} INFO - DAG(s) dict_keys(['example_dag_decorator']) retrieved from /home/airflow/.local/lib/python3.7/site-packages/airflow/example_dags/example_dag_decorator.py
[2025-03-16T08:46:41.946+0000] {logging_mixin.py:120} INFO - [2025-03-16T08:46:41.946+0000] {dag.py:2585} INFO - Sync 1 DAGs
[2025-03-16T08:46:42.021+0000] {logging_mixin.py:120} INFO - [2025-03-16T08:46:42.019+0000] {dag.py:3340} INFO - Setting next_dagrun for example_dag_decorator to None, run_after=None
[2025-03-16T08:46:42.107+0000] {processor.py:176} INFO - Processing /home/airflow/.local/lib/python3.7/site-packages/airflow/example_dags/example_dag_decorator.py took 0.609 seconds
[2025-03-16T08:47:12.732+0000] {processor.py:154} INFO - Started process (PID=1817) to work on /home/airflow/.local/lib/python3.7/site-packages/airflow/example_dags/example_dag_decorator.py
[2025-03-16T08:47:12.734+0000] {processor.py:756} INFO - Processing file /home/airflow/.local/lib/python3.7/site-packages/airflow/example_dags/example_dag_decorator.py for tasks to queue
[2025-03-16T08:47:12.735+0000] {logging_mixin.py:120} INFO - [2025-03-16T08:47:12.735+0000] {dagbag.py:537} INFO - Filling up the DagBag from /home/airflow/.local/lib/python3.7/site-packages/airflow/example_dags/example_dag_decorator.py
[2025-03-16T08:47:12.766+0000] {logging_mixin.py:120} INFO - [2025-03-16T08:47:12.765+0000] {taskmixin.py:205} WARNING - Dependency <Task(_PythonDecoratedOperator): prepare_email>, send_email already registered for DAG: example_dag_decorator
[2025-03-16T08:47:12.766+0000] {logging_mixin.py:120} INFO - [2025-03-16T08:47:12.766+0000] {taskmixin.py:205} WARNING - Dependency <Task(EmailOperator): send_email>, prepare_email already registered for DAG: example_dag_decorator
[2025-03-16T08:47:12.793+0000] {processor.py:766} INFO - DAG(s) dict_keys(['example_dag_decorator']) retrieved from /home/airflow/.local/lib/python3.7/site-packages/airflow/example_dags/example_dag_decorator.py
[2025-03-16T08:47:12.963+0000] {logging_mixin.py:120} INFO - [2025-03-16T08:47:12.962+0000] {dag.py:2585} INFO - Sync 1 DAGs
[2025-03-16T08:47:13.019+0000] {logging_mixin.py:120} INFO - [2025-03-16T08:47:13.019+0000] {dag.py:3340} INFO - Setting next_dagrun for example_dag_decorator to None, run_after=None
[2025-03-16T08:47:13.057+0000] {processor.py:176} INFO - Processing /home/airflow/.local/lib/python3.7/site-packages/airflow/example_dags/example_dag_decorator.py took 0.334 seconds
[2025-03-16T08:47:43.246+0000] {processor.py:154} INFO - Started process (PID=1879) to work on /home/airflow/.local/lib/python3.7/site-packages/airflow/example_dags/example_dag_decorator.py
[2025-03-16T08:47:43.247+0000] {processor.py:756} INFO - Processing file /home/airflow/.local/lib/python3.7/site-packages/airflow/example_dags/example_dag_decorator.py for tasks to queue
[2025-03-16T08:47:43.248+0000] {logging_mixin.py:120} INFO - [2025-03-16T08:47:43.248+0000] {dagbag.py:537} INFO - Filling up the DagBag from /home/airflow/.local/lib/python3.7/site-packages/airflow/example_dags/example_dag_decorator.py
[2025-03-16T08:47:43.275+0000] {logging_mixin.py:120} INFO - [2025-03-16T08:47:43.275+0000] {taskmixin.py:205} WARNING - Dependency <Task(_PythonDecoratedOperator): prepare_email>, send_email already registered for DAG: example_dag_decorator
[2025-03-16T08:47:43.275+0000] {logging_mixin.py:120} INFO - [2025-03-16T08:47:43.275+0000] {taskmixin.py:205} WARNING - Dependency <Task(EmailOperator): send_email>, prepare_email already registered for DAG: example_dag_decorator
[2025-03-16T08:47:43.299+0000] {processor.py:766} INFO - DAG(s) dict_keys(['example_dag_decorator']) retrieved from /home/airflow/.local/lib/python3.7/site-packages/airflow/example_dags/example_dag_decorator.py
[2025-03-16T08:47:43.485+0000] {logging_mixin.py:120} INFO - [2025-03-16T08:47:43.485+0000] {dag.py:2585} INFO - Sync 1 DAGs
[2025-03-16T08:47:43.539+0000] {logging_mixin.py:120} INFO - [2025-03-16T08:47:43.539+0000] {dag.py:3340} INFO - Setting next_dagrun for example_dag_decorator to None, run_after=None
[2025-03-16T08:47:43.572+0000] {processor.py:176} INFO - Processing /home/airflow/.local/lib/python3.7/site-packages/airflow/example_dags/example_dag_decorator.py took 0.332 seconds
[2025-03-16T08:48:14.339+0000] {processor.py:154} INFO - Started process (PID=1934) to work on /home/airflow/.local/lib/python3.7/site-packages/airflow/example_dags/example_dag_decorator.py
[2025-03-16T08:48:14.341+0000] {processor.py:756} INFO - Processing file /home/airflow/.local/lib/python3.7/site-packages/airflow/example_dags/example_dag_decorator.py for tasks to queue
[2025-03-16T08:48:14.342+0000] {logging_mixin.py:120} INFO - [2025-03-16T08:48:14.342+0000] {dagbag.py:537} INFO - Filling up the DagBag from /home/airflow/.local/lib/python3.7/site-packages/airflow/example_dags/example_dag_decorator.py
[2025-03-16T08:48:14.372+0000] {logging_mixin.py:120} INFO - [2025-03-16T08:48:14.372+0000] {taskmixin.py:205} WARNING - Dependency <Task(_PythonDecoratedOperator): prepare_email>, send_email already registered for DAG: example_dag_decorator
[2025-03-16T08:48:14.372+0000] {logging_mixin.py:120} INFO - [2025-03-16T08:48:14.372+0000] {taskmixin.py:205} WARNING - Dependency <Task(EmailOperator): send_email>, prepare_email already registered for DAG: example_dag_decorator
[2025-03-16T08:48:14.396+0000] {processor.py:766} INFO - DAG(s) dict_keys(['example_dag_decorator']) retrieved from /home/airflow/.local/lib/python3.7/site-packages/airflow/example_dags/example_dag_decorator.py
[2025-03-16T08:48:14.573+0000] {logging_mixin.py:120} INFO - [2025-03-16T08:48:14.573+0000] {dag.py:2585} INFO - Sync 1 DAGs
[2025-03-16T08:48:14.619+0000] {logging_mixin.py:120} INFO - [2025-03-16T08:48:14.619+0000] {dag.py:3340} INFO - Setting next_dagrun for example_dag_decorator to None, run_after=None
[2025-03-16T08:48:14.652+0000] {processor.py:176} INFO - Processing /home/airflow/.local/lib/python3.7/site-packages/airflow/example_dags/example_dag_decorator.py took 0.322 seconds
[2025-03-16T08:48:45.205+0000] {processor.py:154} INFO - Started process (PID=1996) to work on /home/airflow/.local/lib/python3.7/site-packages/airflow/example_dags/example_dag_decorator.py
[2025-03-16T08:48:45.207+0000] {processor.py:756} INFO - Processing file /home/airflow/.local/lib/python3.7/site-packages/airflow/example_dags/example_dag_decorator.py for tasks to queue
[2025-03-16T08:48:45.208+0000] {logging_mixin.py:120} INFO - [2025-03-16T08:48:45.208+0000] {dagbag.py:537} INFO - Filling up the DagBag from /home/airflow/.local/lib/python3.7/site-packages/airflow/example_dags/example_dag_decorator.py
[2025-03-16T08:48:45.235+0000] {logging_mixin.py:120} INFO - [2025-03-16T08:48:45.235+0000] {taskmixin.py:205} WARNING - Dependency <Task(_PythonDecoratedOperator): prepare_email>, send_email already registered for DAG: example_dag_decorator
[2025-03-16T08:48:45.236+0000] {logging_mixin.py:120} INFO - [2025-03-16T08:48:45.235+0000] {taskmixin.py:205} WARNING - Dependency <Task(EmailOperator): send_email>, prepare_email already registered for DAG: example_dag_decorator
[2025-03-16T08:48:45.260+0000] {processor.py:766} INFO - DAG(s) dict_keys(['example_dag_decorator']) retrieved from /home/airflow/.local/lib/python3.7/site-packages/airflow/example_dags/example_dag_decorator.py
[2025-03-16T08:48:45.468+0000] {logging_mixin.py:120} INFO - [2025-03-16T08:48:45.468+0000] {dag.py:2585} INFO - Sync 1 DAGs
[2025-03-16T08:48:45.520+0000] {logging_mixin.py:120} INFO - [2025-03-16T08:48:45.520+0000] {dag.py:3340} INFO - Setting next_dagrun for example_dag_decorator to None, run_after=None
[2025-03-16T08:48:45.557+0000] {processor.py:176} INFO - Processing /home/airflow/.local/lib/python3.7/site-packages/airflow/example_dags/example_dag_decorator.py took 0.360 seconds
[2025-03-16T08:49:15.700+0000] {processor.py:154} INFO - Started process (PID=2049) to work on /home/airflow/.local/lib/python3.7/site-packages/airflow/example_dags/example_dag_decorator.py
[2025-03-16T08:49:15.701+0000] {processor.py:756} INFO - Processing file /home/airflow/.local/lib/python3.7/site-packages/airflow/example_dags/example_dag_decorator.py for tasks to queue
[2025-03-16T08:49:15.702+0000] {logging_mixin.py:120} INFO - [2025-03-16T08:49:15.702+0000] {dagbag.py:537} INFO - Filling up the DagBag from /home/airflow/.local/lib/python3.7/site-packages/airflow/example_dags/example_dag_decorator.py
[2025-03-16T08:49:15.730+0000] {logging_mixin.py:120} INFO - [2025-03-16T08:49:15.730+0000] {taskmixin.py:205} WARNING - Dependency <Task(_PythonDecoratedOperator): prepare_email>, send_email already registered for DAG: example_dag_decorator
[2025-03-16T08:49:15.730+0000] {logging_mixin.py:120} INFO - [2025-03-16T08:49:15.730+0000] {taskmixin.py:205} WARNING - Dependency <Task(EmailOperator): send_email>, prepare_email already registered for DAG: example_dag_decorator
[2025-03-16T08:49:15.757+0000] {processor.py:766} INFO - DAG(s) dict_keys(['example_dag_decorator']) retrieved from /home/airflow/.local/lib/python3.7/site-packages/airflow/example_dags/example_dag_decorator.py
[2025-03-16T08:49:15.924+0000] {logging_mixin.py:120} INFO - [2025-03-16T08:49:15.924+0000] {dag.py:2585} INFO - Sync 1 DAGs
[2025-03-16T08:49:15.978+0000] {logging_mixin.py:120} INFO - [2025-03-16T08:49:15.978+0000] {dag.py:3340} INFO - Setting next_dagrun for example_dag_decorator to None, run_after=None
[2025-03-16T08:49:16.007+0000] {processor.py:176} INFO - Processing /home/airflow/.local/lib/python3.7/site-packages/airflow/example_dags/example_dag_decorator.py took 0.312 seconds
[2025-03-16T08:49:46.119+0000] {processor.py:154} INFO - Started process (PID=2113) to work on /home/airflow/.local/lib/python3.7/site-packages/airflow/example_dags/example_dag_decorator.py
[2025-03-16T08:49:46.120+0000] {processor.py:756} INFO - Processing file /home/airflow/.local/lib/python3.7/site-packages/airflow/example_dags/example_dag_decorator.py for tasks to queue
[2025-03-16T08:49:46.121+0000] {logging_mixin.py:120} INFO - [2025-03-16T08:49:46.121+0000] {dagbag.py:537} INFO - Filling up the DagBag from /home/airflow/.local/lib/python3.7/site-packages/airflow/example_dags/example_dag_decorator.py
[2025-03-16T08:49:46.163+0000] {logging_mixin.py:120} INFO - [2025-03-16T08:49:46.162+0000] {taskmixin.py:205} WARNING - Dependency <Task(_PythonDecoratedOperator): prepare_email>, send_email already registered for DAG: example_dag_decorator
[2025-03-16T08:49:46.163+0000] {logging_mixin.py:120} INFO - [2025-03-16T08:49:46.163+0000] {taskmixin.py:205} WARNING - Dependency <Task(EmailOperator): send_email>, prepare_email already registered for DAG: example_dag_decorator
[2025-03-16T08:49:46.198+0000] {processor.py:766} INFO - DAG(s) dict_keys(['example_dag_decorator']) retrieved from /home/airflow/.local/lib/python3.7/site-packages/airflow/example_dags/example_dag_decorator.py
[2025-03-16T08:49:46.307+0000] {logging_mixin.py:120} INFO - [2025-03-16T08:49:46.306+0000] {dag.py:2585} INFO - Sync 1 DAGs
[2025-03-16T08:49:46.334+0000] {logging_mixin.py:120} INFO - [2025-03-16T08:49:46.334+0000] {dag.py:3340} INFO - Setting next_dagrun for example_dag_decorator to None, run_after=None
[2025-03-16T08:49:46.358+0000] {processor.py:176} INFO - Processing /home/airflow/.local/lib/python3.7/site-packages/airflow/example_dags/example_dag_decorator.py took 0.243 seconds
[2025-03-16T08:50:16.702+0000] {processor.py:154} INFO - Started process (PID=2167) to work on /home/airflow/.local/lib/python3.7/site-packages/airflow/example_dags/example_dag_decorator.py
[2025-03-16T08:50:16.705+0000] {processor.py:756} INFO - Processing file /home/airflow/.local/lib/python3.7/site-packages/airflow/example_dags/example_dag_decorator.py for tasks to queue
[2025-03-16T08:50:16.709+0000] {logging_mixin.py:120} INFO - [2025-03-16T08:50:16.709+0000] {dagbag.py:537} INFO - Filling up the DagBag from /home/airflow/.local/lib/python3.7/site-packages/airflow/example_dags/example_dag_decorator.py
[2025-03-16T08:50:16.757+0000] {logging_mixin.py:120} INFO - [2025-03-16T08:50:16.756+0000] {taskmixin.py:205} WARNING - Dependency <Task(_PythonDecoratedOperator): prepare_email>, send_email already registered for DAG: example_dag_decorator
[2025-03-16T08:50:16.757+0000] {logging_mixin.py:120} INFO - [2025-03-16T08:50:16.757+0000] {taskmixin.py:205} WARNING - Dependency <Task(EmailOperator): send_email>, prepare_email already registered for DAG: example_dag_decorator
[2025-03-16T08:50:16.785+0000] {processor.py:766} INFO - DAG(s) dict_keys(['example_dag_decorator']) retrieved from /home/airflow/.local/lib/python3.7/site-packages/airflow/example_dags/example_dag_decorator.py
[2025-03-16T08:50:17.012+0000] {logging_mixin.py:120} INFO - [2025-03-16T08:50:17.012+0000] {dag.py:2585} INFO - Sync 1 DAGs
[2025-03-16T08:50:17.054+0000] {logging_mixin.py:120} INFO - [2025-03-16T08:50:17.054+0000] {dag.py:3340} INFO - Setting next_dagrun for example_dag_decorator to None, run_after=None
[2025-03-16T08:50:17.078+0000] {processor.py:176} INFO - Processing /home/airflow/.local/lib/python3.7/site-packages/airflow/example_dags/example_dag_decorator.py took 0.383 seconds
[2025-03-16T08:50:47.219+0000] {processor.py:154} INFO - Started process (PID=2230) to work on /home/airflow/.local/lib/python3.7/site-packages/airflow/example_dags/example_dag_decorator.py
[2025-03-16T08:50:47.221+0000] {processor.py:756} INFO - Processing file /home/airflow/.local/lib/python3.7/site-packages/airflow/example_dags/example_dag_decorator.py for tasks to queue
[2025-03-16T08:50:47.223+0000] {logging_mixin.py:120} INFO - [2025-03-16T08:50:47.222+0000] {dagbag.py:537} INFO - Filling up the DagBag from /home/airflow/.local/lib/python3.7/site-packages/airflow/example_dags/example_dag_decorator.py
[2025-03-16T08:50:47.255+0000] {logging_mixin.py:120} INFO - [2025-03-16T08:50:47.255+0000] {taskmixin.py:205} WARNING - Dependency <Task(_PythonDecoratedOperator): prepare_email>, send_email already registered for DAG: example_dag_decorator
[2025-03-16T08:50:47.256+0000] {logging_mixin.py:120} INFO - [2025-03-16T08:50:47.256+0000] {taskmixin.py:205} WARNING - Dependency <Task(EmailOperator): send_email>, prepare_email already registered for DAG: example_dag_decorator
[2025-03-16T08:50:47.281+0000] {processor.py:766} INFO - DAG(s) dict_keys(['example_dag_decorator']) retrieved from /home/airflow/.local/lib/python3.7/site-packages/airflow/example_dags/example_dag_decorator.py
[2025-03-16T08:50:47.458+0000] {logging_mixin.py:120} INFO - [2025-03-16T08:50:47.458+0000] {dag.py:2585} INFO - Sync 1 DAGs
[2025-03-16T08:50:47.496+0000] {logging_mixin.py:120} INFO - [2025-03-16T08:50:47.495+0000] {dag.py:3340} INFO - Setting next_dagrun for example_dag_decorator to None, run_after=None
[2025-03-16T08:50:47.520+0000] {processor.py:176} INFO - Processing /home/airflow/.local/lib/python3.7/site-packages/airflow/example_dags/example_dag_decorator.py took 0.309 seconds
[2025-03-16T08:51:18.197+0000] {processor.py:154} INFO - Started process (PID=2284) to work on /home/airflow/.local/lib/python3.7/site-packages/airflow/example_dags/example_dag_decorator.py
[2025-03-16T08:51:18.204+0000] {processor.py:756} INFO - Processing file /home/airflow/.local/lib/python3.7/site-packages/airflow/example_dags/example_dag_decorator.py for tasks to queue
[2025-03-16T08:51:18.205+0000] {logging_mixin.py:120} INFO - [2025-03-16T08:51:18.205+0000] {dagbag.py:537} INFO - Filling up the DagBag from /home/airflow/.local/lib/python3.7/site-packages/airflow/example_dags/example_dag_decorator.py
[2025-03-16T08:51:18.245+0000] {logging_mixin.py:120} INFO - [2025-03-16T08:51:18.245+0000] {taskmixin.py:205} WARNING - Dependency <Task(_PythonDecoratedOperator): prepare_email>, send_email already registered for DAG: example_dag_decorator
[2025-03-16T08:51:18.246+0000] {logging_mixin.py:120} INFO - [2025-03-16T08:51:18.246+0000] {taskmixin.py:205} WARNING - Dependency <Task(EmailOperator): send_email>, prepare_email already registered for DAG: example_dag_decorator
[2025-03-16T08:51:18.273+0000] {processor.py:766} INFO - DAG(s) dict_keys(['example_dag_decorator']) retrieved from /home/airflow/.local/lib/python3.7/site-packages/airflow/example_dags/example_dag_decorator.py
[2025-03-16T08:51:18.470+0000] {logging_mixin.py:120} INFO - [2025-03-16T08:51:18.469+0000] {dag.py:2585} INFO - Sync 1 DAGs
[2025-03-16T08:51:18.506+0000] {logging_mixin.py:120} INFO - [2025-03-16T08:51:18.505+0000] {dag.py:3340} INFO - Setting next_dagrun for example_dag_decorator to None, run_after=None
[2025-03-16T08:51:18.530+0000] {processor.py:176} INFO - Processing /home/airflow/.local/lib/python3.7/site-packages/airflow/example_dags/example_dag_decorator.py took 0.338 seconds
[2025-03-16T08:51:48.845+0000] {processor.py:154} INFO - Started process (PID=2347) to work on /home/airflow/.local/lib/python3.7/site-packages/airflow/example_dags/example_dag_decorator.py
[2025-03-16T08:51:48.847+0000] {processor.py:756} INFO - Processing file /home/airflow/.local/lib/python3.7/site-packages/airflow/example_dags/example_dag_decorator.py for tasks to queue
[2025-03-16T08:51:48.848+0000] {logging_mixin.py:120} INFO - [2025-03-16T08:51:48.848+0000] {dagbag.py:537} INFO - Filling up the DagBag from /home/airflow/.local/lib/python3.7/site-packages/airflow/example_dags/example_dag_decorator.py
[2025-03-16T08:51:48.878+0000] {logging_mixin.py:120} INFO - [2025-03-16T08:51:48.877+0000] {taskmixin.py:205} WARNING - Dependency <Task(_PythonDecoratedOperator): prepare_email>, send_email already registered for DAG: example_dag_decorator
[2025-03-16T08:51:48.878+0000] {logging_mixin.py:120} INFO - [2025-03-16T08:51:48.878+0000] {taskmixin.py:205} WARNING - Dependency <Task(EmailOperator): send_email>, prepare_email already registered for DAG: example_dag_decorator
[2025-03-16T08:51:48.903+0000] {processor.py:766} INFO - DAG(s) dict_keys(['example_dag_decorator']) retrieved from /home/airflow/.local/lib/python3.7/site-packages/airflow/example_dags/example_dag_decorator.py
[2025-03-16T08:51:49.053+0000] {logging_mixin.py:120} INFO - [2025-03-16T08:51:49.052+0000] {dag.py:2585} INFO - Sync 1 DAGs
[2025-03-16T08:51:49.107+0000] {logging_mixin.py:120} INFO - [2025-03-16T08:51:49.107+0000] {dag.py:3340} INFO - Setting next_dagrun for example_dag_decorator to None, run_after=None
[2025-03-16T08:51:49.135+0000] {processor.py:176} INFO - Processing /home/airflow/.local/lib/python3.7/site-packages/airflow/example_dags/example_dag_decorator.py took 0.296 seconds
[2025-03-16T08:52:19.330+0000] {processor.py:154} INFO - Started process (PID=2402) to work on /home/airflow/.local/lib/python3.7/site-packages/airflow/example_dags/example_dag_decorator.py
[2025-03-16T08:52:19.332+0000] {processor.py:756} INFO - Processing file /home/airflow/.local/lib/python3.7/site-packages/airflow/example_dags/example_dag_decorator.py for tasks to queue
[2025-03-16T08:52:19.333+0000] {logging_mixin.py:120} INFO - [2025-03-16T08:52:19.332+0000] {dagbag.py:537} INFO - Filling up the DagBag from /home/airflow/.local/lib/python3.7/site-packages/airflow/example_dags/example_dag_decorator.py
[2025-03-16T08:52:19.360+0000] {logging_mixin.py:120} INFO - [2025-03-16T08:52:19.360+0000] {taskmixin.py:205} WARNING - Dependency <Task(_PythonDecoratedOperator): prepare_email>, send_email already registered for DAG: example_dag_decorator
[2025-03-16T08:52:19.360+0000] {logging_mixin.py:120} INFO - [2025-03-16T08:52:19.360+0000] {taskmixin.py:205} WARNING - Dependency <Task(EmailOperator): send_email>, prepare_email already registered for DAG: example_dag_decorator
[2025-03-16T08:52:19.386+0000] {processor.py:766} INFO - DAG(s) dict_keys(['example_dag_decorator']) retrieved from /home/airflow/.local/lib/python3.7/site-packages/airflow/example_dags/example_dag_decorator.py
[2025-03-16T08:52:19.558+0000] {logging_mixin.py:120} INFO - [2025-03-16T08:52:19.557+0000] {dag.py:2585} INFO - Sync 1 DAGs
[2025-03-16T08:52:19.592+0000] {logging_mixin.py:120} INFO - [2025-03-16T08:52:19.592+0000] {dag.py:3340} INFO - Setting next_dagrun for example_dag_decorator to None, run_after=None
[2025-03-16T08:52:19.614+0000] {processor.py:176} INFO - Processing /home/airflow/.local/lib/python3.7/site-packages/airflow/example_dags/example_dag_decorator.py took 0.290 seconds
[2025-03-16T08:52:49.645+0000] {processor.py:154} INFO - Started process (PID=2465) to work on /home/airflow/.local/lib/python3.7/site-packages/airflow/example_dags/example_dag_decorator.py
[2025-03-16T08:52:49.646+0000] {processor.py:756} INFO - Processing file /home/airflow/.local/lib/python3.7/site-packages/airflow/example_dags/example_dag_decorator.py for tasks to queue
[2025-03-16T08:52:49.647+0000] {logging_mixin.py:120} INFO - [2025-03-16T08:52:49.647+0000] {dagbag.py:537} INFO - Filling up the DagBag from /home/airflow/.local/lib/python3.7/site-packages/airflow/example_dags/example_dag_decorator.py
[2025-03-16T08:52:49.681+0000] {logging_mixin.py:120} INFO - [2025-03-16T08:52:49.681+0000] {taskmixin.py:205} WARNING - Dependency <Task(_PythonDecoratedOperator): prepare_email>, send_email already registered for DAG: example_dag_decorator
[2025-03-16T08:52:49.682+0000] {logging_mixin.py:120} INFO - [2025-03-16T08:52:49.682+0000] {taskmixin.py:205} WARNING - Dependency <Task(EmailOperator): send_email>, prepare_email already registered for DAG: example_dag_decorator
[2025-03-16T08:52:49.710+0000] {processor.py:766} INFO - DAG(s) dict_keys(['example_dag_decorator']) retrieved from /home/airflow/.local/lib/python3.7/site-packages/airflow/example_dags/example_dag_decorator.py
[2025-03-16T08:52:49.909+0000] {logging_mixin.py:120} INFO - [2025-03-16T08:52:49.908+0000] {dag.py:2585} INFO - Sync 1 DAGs
[2025-03-16T08:52:49.939+0000] {logging_mixin.py:120} INFO - [2025-03-16T08:52:49.938+0000] {dag.py:3340} INFO - Setting next_dagrun for example_dag_decorator to None, run_after=None
[2025-03-16T08:52:49.972+0000] {processor.py:176} INFO - Processing /home/airflow/.local/lib/python3.7/site-packages/airflow/example_dags/example_dag_decorator.py took 0.333 seconds
[2025-03-16T08:53:20.234+0000] {processor.py:154} INFO - Started process (PID=2519) to work on /home/airflow/.local/lib/python3.7/site-packages/airflow/example_dags/example_dag_decorator.py
[2025-03-16T08:53:20.239+0000] {processor.py:756} INFO - Processing file /home/airflow/.local/lib/python3.7/site-packages/airflow/example_dags/example_dag_decorator.py for tasks to queue
[2025-03-16T08:53:20.241+0000] {logging_mixin.py:120} INFO - [2025-03-16T08:53:20.241+0000] {dagbag.py:537} INFO - Filling up the DagBag from /home/airflow/.local/lib/python3.7/site-packages/airflow/example_dags/example_dag_decorator.py
[2025-03-16T08:53:20.275+0000] {logging_mixin.py:120} INFO - [2025-03-16T08:53:20.275+0000] {taskmixin.py:205} WARNING - Dependency <Task(_PythonDecoratedOperator): prepare_email>, send_email already registered for DAG: example_dag_decorator
[2025-03-16T08:53:20.275+0000] {logging_mixin.py:120} INFO - [2025-03-16T08:53:20.275+0000] {taskmixin.py:205} WARNING - Dependency <Task(EmailOperator): send_email>, prepare_email already registered for DAG: example_dag_decorator
[2025-03-16T08:53:20.298+0000] {processor.py:766} INFO - DAG(s) dict_keys(['example_dag_decorator']) retrieved from /home/airflow/.local/lib/python3.7/site-packages/airflow/example_dags/example_dag_decorator.py
[2025-03-16T08:53:20.455+0000] {logging_mixin.py:120} INFO - [2025-03-16T08:53:20.455+0000] {dag.py:2585} INFO - Sync 1 DAGs
[2025-03-16T08:53:20.495+0000] {logging_mixin.py:120} INFO - [2025-03-16T08:53:20.495+0000] {dag.py:3340} INFO - Setting next_dagrun for example_dag_decorator to None, run_after=None
[2025-03-16T08:53:20.527+0000] {processor.py:176} INFO - Processing /home/airflow/.local/lib/python3.7/site-packages/airflow/example_dags/example_dag_decorator.py took 0.307 seconds
[2025-03-16T08:53:50.929+0000] {processor.py:154} INFO - Started process (PID=2583) to work on /home/airflow/.local/lib/python3.7/site-packages/airflow/example_dags/example_dag_decorator.py
[2025-03-16T08:53:50.930+0000] {processor.py:756} INFO - Processing file /home/airflow/.local/lib/python3.7/site-packages/airflow/example_dags/example_dag_decorator.py for tasks to queue
[2025-03-16T08:53:50.931+0000] {logging_mixin.py:120} INFO - [2025-03-16T08:53:50.931+0000] {dagbag.py:537} INFO - Filling up the DagBag from /home/airflow/.local/lib/python3.7/site-packages/airflow/example_dags/example_dag_decorator.py
[2025-03-16T08:53:50.962+0000] {logging_mixin.py:120} INFO - [2025-03-16T08:53:50.961+0000] {taskmixin.py:205} WARNING - Dependency <Task(_PythonDecoratedOperator): prepare_email>, send_email already registered for DAG: example_dag_decorator
[2025-03-16T08:53:50.962+0000] {logging_mixin.py:120} INFO - [2025-03-16T08:53:50.962+0000] {taskmixin.py:205} WARNING - Dependency <Task(EmailOperator): send_email>, prepare_email already registered for DAG: example_dag_decorator
[2025-03-16T08:53:50.986+0000] {processor.py:766} INFO - DAG(s) dict_keys(['example_dag_decorator']) retrieved from /home/airflow/.local/lib/python3.7/site-packages/airflow/example_dags/example_dag_decorator.py
[2025-03-16T08:53:51.184+0000] {logging_mixin.py:120} INFO - [2025-03-16T08:53:51.183+0000] {dag.py:2585} INFO - Sync 1 DAGs
[2025-03-16T08:53:51.246+0000] {logging_mixin.py:120} INFO - [2025-03-16T08:53:51.246+0000] {dag.py:3340} INFO - Setting next_dagrun for example_dag_decorator to None, run_after=None
[2025-03-16T08:53:51.272+0000] {processor.py:176} INFO - Processing /home/airflow/.local/lib/python3.7/site-packages/airflow/example_dags/example_dag_decorator.py took 0.352 seconds
[2025-03-16T08:54:21.649+0000] {processor.py:154} INFO - Started process (PID=2637) to work on /home/airflow/.local/lib/python3.7/site-packages/airflow/example_dags/example_dag_decorator.py
[2025-03-16T08:54:21.652+0000] {processor.py:756} INFO - Processing file /home/airflow/.local/lib/python3.7/site-packages/airflow/example_dags/example_dag_decorator.py for tasks to queue
[2025-03-16T08:54:21.653+0000] {logging_mixin.py:120} INFO - [2025-03-16T08:54:21.652+0000] {dagbag.py:537} INFO - Filling up the DagBag from /home/airflow/.local/lib/python3.7/site-packages/airflow/example_dags/example_dag_decorator.py
[2025-03-16T08:54:21.686+0000] {logging_mixin.py:120} INFO - [2025-03-16T08:54:21.686+0000] {taskmixin.py:205} WARNING - Dependency <Task(_PythonDecoratedOperator): prepare_email>, send_email already registered for DAG: example_dag_decorator
[2025-03-16T08:54:21.687+0000] {logging_mixin.py:120} INFO - [2025-03-16T08:54:21.687+0000] {taskmixin.py:205} WARNING - Dependency <Task(EmailOperator): send_email>, prepare_email already registered for DAG: example_dag_decorator
[2025-03-16T08:54:21.715+0000] {processor.py:766} INFO - DAG(s) dict_keys(['example_dag_decorator']) retrieved from /home/airflow/.local/lib/python3.7/site-packages/airflow/example_dags/example_dag_decorator.py
[2025-03-16T08:54:21.917+0000] {logging_mixin.py:120} INFO - [2025-03-16T08:54:21.916+0000] {dag.py:2585} INFO - Sync 1 DAGs
[2025-03-16T08:54:21.972+0000] {logging_mixin.py:120} INFO - [2025-03-16T08:54:21.972+0000] {dag.py:3340} INFO - Setting next_dagrun for example_dag_decorator to None, run_after=None
[2025-03-16T08:54:22.011+0000] {processor.py:176} INFO - Processing /home/airflow/.local/lib/python3.7/site-packages/airflow/example_dags/example_dag_decorator.py took 0.370 seconds
[2025-03-16T08:54:52.470+0000] {processor.py:154} INFO - Started process (PID=2699) to work on /home/airflow/.local/lib/python3.7/site-packages/airflow/example_dags/example_dag_decorator.py
[2025-03-16T08:54:52.473+0000] {processor.py:756} INFO - Processing file /home/airflow/.local/lib/python3.7/site-packages/airflow/example_dags/example_dag_decorator.py for tasks to queue
[2025-03-16T08:54:52.475+0000] {logging_mixin.py:120} INFO - [2025-03-16T08:54:52.474+0000] {dagbag.py:537} INFO - Filling up the DagBag from /home/airflow/.local/lib/python3.7/site-packages/airflow/example_dags/example_dag_decorator.py
[2025-03-16T08:54:52.506+0000] {logging_mixin.py:120} INFO - [2025-03-16T08:54:52.506+0000] {taskmixin.py:205} WARNING - Dependency <Task(_PythonDecoratedOperator): prepare_email>, send_email already registered for DAG: example_dag_decorator
[2025-03-16T08:54:52.507+0000] {logging_mixin.py:120} INFO - [2025-03-16T08:54:52.506+0000] {taskmixin.py:205} WARNING - Dependency <Task(EmailOperator): send_email>, prepare_email already registered for DAG: example_dag_decorator
[2025-03-16T08:54:52.539+0000] {processor.py:766} INFO - DAG(s) dict_keys(['example_dag_decorator']) retrieved from /home/airflow/.local/lib/python3.7/site-packages/airflow/example_dags/example_dag_decorator.py
[2025-03-16T08:54:52.734+0000] {logging_mixin.py:120} INFO - [2025-03-16T08:54:52.734+0000] {dag.py:2585} INFO - Sync 1 DAGs
[2025-03-16T08:54:52.769+0000] {logging_mixin.py:120} INFO - [2025-03-16T08:54:52.769+0000] {dag.py:3340} INFO - Setting next_dagrun for example_dag_decorator to None, run_after=None
[2025-03-16T08:54:52.790+0000] {processor.py:176} INFO - Processing /home/airflow/.local/lib/python3.7/site-packages/airflow/example_dags/example_dag_decorator.py took 0.328 seconds
[2025-03-16T08:55:22.999+0000] {processor.py:154} INFO - Started process (PID=2753) to work on /home/airflow/.local/lib/python3.7/site-packages/airflow/example_dags/example_dag_decorator.py
[2025-03-16T08:55:23.003+0000] {processor.py:756} INFO - Processing file /home/airflow/.local/lib/python3.7/site-packages/airflow/example_dags/example_dag_decorator.py for tasks to queue
[2025-03-16T08:55:23.005+0000] {logging_mixin.py:120} INFO - [2025-03-16T08:55:23.004+0000] {dagbag.py:537} INFO - Filling up the DagBag from /home/airflow/.local/lib/python3.7/site-packages/airflow/example_dags/example_dag_decorator.py
[2025-03-16T08:55:23.041+0000] {logging_mixin.py:120} INFO - [2025-03-16T08:55:23.040+0000] {taskmixin.py:205} WARNING - Dependency <Task(_PythonDecoratedOperator): prepare_email>, send_email already registered for DAG: example_dag_decorator
[2025-03-16T08:55:23.041+0000] {logging_mixin.py:120} INFO - [2025-03-16T08:55:23.041+0000] {taskmixin.py:205} WARNING - Dependency <Task(EmailOperator): send_email>, prepare_email already registered for DAG: example_dag_decorator
[2025-03-16T08:55:23.068+0000] {processor.py:766} INFO - DAG(s) dict_keys(['example_dag_decorator']) retrieved from /home/airflow/.local/lib/python3.7/site-packages/airflow/example_dags/example_dag_decorator.py
[2025-03-16T08:55:23.276+0000] {logging_mixin.py:120} INFO - [2025-03-16T08:55:23.275+0000] {dag.py:2585} INFO - Sync 1 DAGs
[2025-03-16T08:55:23.322+0000] {logging_mixin.py:120} INFO - [2025-03-16T08:55:23.322+0000] {dag.py:3340} INFO - Setting next_dagrun for example_dag_decorator to None, run_after=None
[2025-03-16T08:55:23.352+0000] {processor.py:176} INFO - Processing /home/airflow/.local/lib/python3.7/site-packages/airflow/example_dags/example_dag_decorator.py took 0.361 seconds
[2025-03-16T08:55:53.510+0000] {processor.py:154} INFO - Started process (PID=2816) to work on /home/airflow/.local/lib/python3.7/site-packages/airflow/example_dags/example_dag_decorator.py
[2025-03-16T08:55:53.521+0000] {processor.py:756} INFO - Processing file /home/airflow/.local/lib/python3.7/site-packages/airflow/example_dags/example_dag_decorator.py for tasks to queue
[2025-03-16T08:55:53.527+0000] {logging_mixin.py:120} INFO - [2025-03-16T08:55:53.527+0000] {dagbag.py:537} INFO - Filling up the DagBag from /home/airflow/.local/lib/python3.7/site-packages/airflow/example_dags/example_dag_decorator.py
[2025-03-16T08:55:53.557+0000] {logging_mixin.py:120} INFO - [2025-03-16T08:55:53.556+0000] {taskmixin.py:205} WARNING - Dependency <Task(_PythonDecoratedOperator): prepare_email>, send_email already registered for DAG: example_dag_decorator
[2025-03-16T08:55:53.557+0000] {logging_mixin.py:120} INFO - [2025-03-16T08:55:53.557+0000] {taskmixin.py:205} WARNING - Dependency <Task(EmailOperator): send_email>, prepare_email already registered for DAG: example_dag_decorator
[2025-03-16T08:55:53.587+0000] {processor.py:766} INFO - DAG(s) dict_keys(['example_dag_decorator']) retrieved from /home/airflow/.local/lib/python3.7/site-packages/airflow/example_dags/example_dag_decorator.py
[2025-03-16T08:55:53.709+0000] {logging_mixin.py:120} INFO - [2025-03-16T08:55:53.709+0000] {dag.py:2585} INFO - Sync 1 DAGs
[2025-03-16T08:55:53.739+0000] {logging_mixin.py:120} INFO - [2025-03-16T08:55:53.739+0000] {dag.py:3340} INFO - Setting next_dagrun for example_dag_decorator to None, run_after=None
[2025-03-16T08:55:53.769+0000] {processor.py:176} INFO - Processing /home/airflow/.local/lib/python3.7/site-packages/airflow/example_dags/example_dag_decorator.py took 0.266 seconds
[2025-03-16T08:56:23.836+0000] {processor.py:154} INFO - Started process (PID=2869) to work on /home/airflow/.local/lib/python3.7/site-packages/airflow/example_dags/example_dag_decorator.py
[2025-03-16T08:56:23.837+0000] {processor.py:756} INFO - Processing file /home/airflow/.local/lib/python3.7/site-packages/airflow/example_dags/example_dag_decorator.py for tasks to queue
[2025-03-16T08:56:23.838+0000] {logging_mixin.py:120} INFO - [2025-03-16T08:56:23.838+0000] {dagbag.py:537} INFO - Filling up the DagBag from /home/airflow/.local/lib/python3.7/site-packages/airflow/example_dags/example_dag_decorator.py
[2025-03-16T08:56:23.865+0000] {logging_mixin.py:120} INFO - [2025-03-16T08:56:23.864+0000] {taskmixin.py:205} WARNING - Dependency <Task(_PythonDecoratedOperator): prepare_email>, send_email already registered for DAG: example_dag_decorator
[2025-03-16T08:56:23.865+0000] {logging_mixin.py:120} INFO - [2025-03-16T08:56:23.865+0000] {taskmixin.py:205} WARNING - Dependency <Task(EmailOperator): send_email>, prepare_email already registered for DAG: example_dag_decorator
[2025-03-16T08:56:23.894+0000] {processor.py:766} INFO - DAG(s) dict_keys(['example_dag_decorator']) retrieved from /home/airflow/.local/lib/python3.7/site-packages/airflow/example_dags/example_dag_decorator.py
[2025-03-16T08:56:24.043+0000] {logging_mixin.py:120} INFO - [2025-03-16T08:56:24.042+0000] {dag.py:2585} INFO - Sync 1 DAGs
[2025-03-16T08:56:24.081+0000] {logging_mixin.py:120} INFO - [2025-03-16T08:56:24.081+0000] {dag.py:3340} INFO - Setting next_dagrun for example_dag_decorator to None, run_after=None
[2025-03-16T08:56:24.103+0000] {processor.py:176} INFO - Processing /home/airflow/.local/lib/python3.7/site-packages/airflow/example_dags/example_dag_decorator.py took 0.281 seconds
[2025-03-16T08:56:54.320+0000] {processor.py:154} INFO - Started process (PID=2933) to work on /home/airflow/.local/lib/python3.7/site-packages/airflow/example_dags/example_dag_decorator.py
[2025-03-16T08:56:54.323+0000] {processor.py:756} INFO - Processing file /home/airflow/.local/lib/python3.7/site-packages/airflow/example_dags/example_dag_decorator.py for tasks to queue
[2025-03-16T08:56:54.324+0000] {logging_mixin.py:120} INFO - [2025-03-16T08:56:54.323+0000] {dagbag.py:537} INFO - Filling up the DagBag from /home/airflow/.local/lib/python3.7/site-packages/airflow/example_dags/example_dag_decorator.py
[2025-03-16T08:56:54.348+0000] {logging_mixin.py:120} INFO - [2025-03-16T08:56:54.348+0000] {taskmixin.py:205} WARNING - Dependency <Task(_PythonDecoratedOperator): prepare_email>, send_email already registered for DAG: example_dag_decorator
[2025-03-16T08:56:54.348+0000] {logging_mixin.py:120} INFO - [2025-03-16T08:56:54.348+0000] {taskmixin.py:205} WARNING - Dependency <Task(EmailOperator): send_email>, prepare_email already registered for DAG: example_dag_decorator
[2025-03-16T08:56:54.369+0000] {processor.py:766} INFO - DAG(s) dict_keys(['example_dag_decorator']) retrieved from /home/airflow/.local/lib/python3.7/site-packages/airflow/example_dags/example_dag_decorator.py
[2025-03-16T08:56:54.480+0000] {logging_mixin.py:120} INFO - [2025-03-16T08:56:54.480+0000] {dag.py:2585} INFO - Sync 1 DAGs
[2025-03-16T08:56:54.508+0000] {logging_mixin.py:120} INFO - [2025-03-16T08:56:54.508+0000] {dag.py:3340} INFO - Setting next_dagrun for example_dag_decorator to None, run_after=None
[2025-03-16T08:56:54.541+0000] {processor.py:176} INFO - Processing /home/airflow/.local/lib/python3.7/site-packages/airflow/example_dags/example_dag_decorator.py took 0.224 seconds
