[2025-03-16T08:31:47.347+0000] {processor.py:154} INFO - Started process (PID=69) to work on /home/airflow/.local/lib/python3.7/site-packages/airflow/example_dags/example_branch_operator.py
[2025-03-16T08:31:47.354+0000] {processor.py:756} INFO - Processing file /home/airflow/.local/lib/python3.7/site-packages/airflow/example_dags/example_branch_operator.py for tasks to queue
[2025-03-16T08:31:47.361+0000] {logging_mixin.py:120} INFO - [2025-03-16T08:31:47.355+0000] {dagbag.py:537} INFO - Filling up the DagBag from /home/airflow/.local/lib/python3.7/site-packages/airflow/example_dags/example_branch_operator.py
[2025-03-16T08:31:47.461+0000] {processor.py:766} INFO - DAG(s) dict_keys(['example_branch_operator']) retrieved from /home/airflow/.local/lib/python3.7/site-packages/airflow/example_dags/example_branch_operator.py
[2025-03-16T08:31:47.982+0000] {logging_mixin.py:120} INFO - [2025-03-16T08:31:47.982+0000] {manager.py:507} INFO - Created Permission View: can read on DAG:example_branch_operator
[2025-03-16T08:31:48.013+0000] {logging_mixin.py:120} INFO - [2025-03-16T08:31:48.013+0000] {manager.py:507} INFO - Created Permission View: can edit on DAG:example_branch_operator
[2025-03-16T08:31:48.035+0000] {logging_mixin.py:120} INFO - [2025-03-16T08:31:48.035+0000] {manager.py:507} INFO - Created Permission View: can delete on DAG:example_branch_operator
[2025-03-16T08:31:48.035+0000] {logging_mixin.py:120} INFO - [2025-03-16T08:31:48.035+0000] {dag.py:2585} INFO - Sync 1 DAGs
[2025-03-16T08:31:48.083+0000] {logging_mixin.py:120} INFO - [2025-03-16T08:31:48.082+0000] {dag.py:2606} INFO - Creating ORM DAG for example_branch_operator
[2025-03-16T08:31:48.129+0000] {logging_mixin.py:120} INFO - [2025-03-16T08:31:48.128+0000] {dag.py:3340} INFO - Setting next_dagrun for example_branch_operator to 2025-03-15T00:00:00+00:00, run_after=2025-03-16T00:00:00+00:00
[2025-03-16T08:31:48.202+0000] {processor.py:176} INFO - Processing /home/airflow/.local/lib/python3.7/site-packages/airflow/example_dags/example_branch_operator.py took 0.869 seconds
[2025-03-16T08:32:19.032+0000] {processor.py:154} INFO - Started process (PID=123) to work on /home/airflow/.local/lib/python3.7/site-packages/airflow/example_dags/example_branch_operator.py
[2025-03-16T08:32:19.034+0000] {processor.py:756} INFO - Processing file /home/airflow/.local/lib/python3.7/site-packages/airflow/example_dags/example_branch_operator.py for tasks to queue
[2025-03-16T08:32:19.035+0000] {logging_mixin.py:120} INFO - [2025-03-16T08:32:19.034+0000] {dagbag.py:537} INFO - Filling up the DagBag from /home/airflow/.local/lib/python3.7/site-packages/airflow/example_dags/example_branch_operator.py
[2025-03-16T08:32:19.065+0000] {processor.py:766} INFO - DAG(s) dict_keys(['example_branch_operator']) retrieved from /home/airflow/.local/lib/python3.7/site-packages/airflow/example_dags/example_branch_operator.py
[2025-03-16T08:32:19.138+0000] {logging_mixin.py:120} INFO - [2025-03-16T08:32:19.137+0000] {dag.py:2585} INFO - Sync 1 DAGs
[2025-03-16T08:32:19.224+0000] {logging_mixin.py:120} INFO - [2025-03-16T08:32:19.223+0000] {dag.py:3340} INFO - Setting next_dagrun for example_branch_operator to 2025-03-15T00:00:00+00:00, run_after=2025-03-16T00:00:00+00:00
[2025-03-16T08:32:19.260+0000] {processor.py:176} INFO - Processing /home/airflow/.local/lib/python3.7/site-packages/airflow/example_dags/example_branch_operator.py took 0.233 seconds
[2025-03-16T08:32:50.075+0000] {processor.py:154} INFO - Started process (PID=186) to work on /home/airflow/.local/lib/python3.7/site-packages/airflow/example_dags/example_branch_operator.py
[2025-03-16T08:32:50.080+0000] {processor.py:756} INFO - Processing file /home/airflow/.local/lib/python3.7/site-packages/airflow/example_dags/example_branch_operator.py for tasks to queue
[2025-03-16T08:32:50.085+0000] {logging_mixin.py:120} INFO - [2025-03-16T08:32:50.085+0000] {dagbag.py:537} INFO - Filling up the DagBag from /home/airflow/.local/lib/python3.7/site-packages/airflow/example_dags/example_branch_operator.py
[2025-03-16T08:32:50.181+0000] {processor.py:766} INFO - DAG(s) dict_keys(['example_branch_operator']) retrieved from /home/airflow/.local/lib/python3.7/site-packages/airflow/example_dags/example_branch_operator.py
[2025-03-16T08:32:50.353+0000] {logging_mixin.py:120} INFO - [2025-03-16T08:32:50.352+0000] {dag.py:2585} INFO - Sync 1 DAGs
[2025-03-16T08:32:50.454+0000] {logging_mixin.py:120} INFO - [2025-03-16T08:32:50.454+0000] {dag.py:3340} INFO - Setting next_dagrun for example_branch_operator to 2025-03-15T00:00:00+00:00, run_after=2025-03-16T00:00:00+00:00
[2025-03-16T08:32:50.522+0000] {processor.py:176} INFO - Processing /home/airflow/.local/lib/python3.7/site-packages/airflow/example_dags/example_branch_operator.py took 0.463 seconds
[2025-03-16T08:33:20.585+0000] {processor.py:154} INFO - Started process (PID=240) to work on /home/airflow/.local/lib/python3.7/site-packages/airflow/example_dags/example_branch_operator.py
[2025-03-16T08:33:20.586+0000] {processor.py:756} INFO - Processing file /home/airflow/.local/lib/python3.7/site-packages/airflow/example_dags/example_branch_operator.py for tasks to queue
[2025-03-16T08:33:20.587+0000] {logging_mixin.py:120} INFO - [2025-03-16T08:33:20.587+0000] {dagbag.py:537} INFO - Filling up the DagBag from /home/airflow/.local/lib/python3.7/site-packages/airflow/example_dags/example_branch_operator.py
[2025-03-16T08:33:20.614+0000] {processor.py:766} INFO - DAG(s) dict_keys(['example_branch_operator']) retrieved from /home/airflow/.local/lib/python3.7/site-packages/airflow/example_dags/example_branch_operator.py
[2025-03-16T08:33:20.666+0000] {logging_mixin.py:120} INFO - [2025-03-16T08:33:20.666+0000] {dag.py:2585} INFO - Sync 1 DAGs
[2025-03-16T08:33:20.708+0000] {logging_mixin.py:120} INFO - [2025-03-16T08:33:20.708+0000] {dag.py:3340} INFO - Setting next_dagrun for example_branch_operator to 2025-03-15T00:00:00+00:00, run_after=2025-03-16T00:00:00+00:00
[2025-03-16T08:33:20.732+0000] {processor.py:176} INFO - Processing /home/airflow/.local/lib/python3.7/site-packages/airflow/example_dags/example_branch_operator.py took 0.152 seconds
[2025-03-16T08:33:51.060+0000] {processor.py:154} INFO - Started process (PID=304) to work on /home/airflow/.local/lib/python3.7/site-packages/airflow/example_dags/example_branch_operator.py
[2025-03-16T08:33:51.063+0000] {processor.py:756} INFO - Processing file /home/airflow/.local/lib/python3.7/site-packages/airflow/example_dags/example_branch_operator.py for tasks to queue
[2025-03-16T08:33:51.064+0000] {logging_mixin.py:120} INFO - [2025-03-16T08:33:51.064+0000] {dagbag.py:537} INFO - Filling up the DagBag from /home/airflow/.local/lib/python3.7/site-packages/airflow/example_dags/example_branch_operator.py
[2025-03-16T08:33:51.145+0000] {processor.py:766} INFO - DAG(s) dict_keys(['example_branch_operator']) retrieved from /home/airflow/.local/lib/python3.7/site-packages/airflow/example_dags/example_branch_operator.py
[2025-03-16T08:33:51.302+0000] {logging_mixin.py:120} INFO - [2025-03-16T08:33:51.302+0000] {dag.py:2585} INFO - Sync 1 DAGs
[2025-03-16T08:33:51.372+0000] {logging_mixin.py:120} INFO - [2025-03-16T08:33:51.372+0000] {dag.py:3340} INFO - Setting next_dagrun for example_branch_operator to 2025-03-15T00:00:00+00:00, run_after=2025-03-16T00:00:00+00:00
[2025-03-16T08:33:51.424+0000] {processor.py:176} INFO - Processing /home/airflow/.local/lib/python3.7/site-packages/airflow/example_dags/example_branch_operator.py took 0.378 seconds
[2025-03-16T08:34:21.626+0000] {processor.py:154} INFO - Started process (PID=358) to work on /home/airflow/.local/lib/python3.7/site-packages/airflow/example_dags/example_branch_operator.py
[2025-03-16T08:34:21.627+0000] {processor.py:756} INFO - Processing file /home/airflow/.local/lib/python3.7/site-packages/airflow/example_dags/example_branch_operator.py for tasks to queue
[2025-03-16T08:34:21.628+0000] {logging_mixin.py:120} INFO - [2025-03-16T08:34:21.627+0000] {dagbag.py:537} INFO - Filling up the DagBag from /home/airflow/.local/lib/python3.7/site-packages/airflow/example_dags/example_branch_operator.py
[2025-03-16T08:34:21.654+0000] {processor.py:766} INFO - DAG(s) dict_keys(['example_branch_operator']) retrieved from /home/airflow/.local/lib/python3.7/site-packages/airflow/example_dags/example_branch_operator.py
[2025-03-16T08:34:21.718+0000] {logging_mixin.py:120} INFO - [2025-03-16T08:34:21.718+0000] {dag.py:2585} INFO - Sync 1 DAGs
[2025-03-16T08:34:21.758+0000] {logging_mixin.py:120} INFO - [2025-03-16T08:34:21.757+0000] {dag.py:3340} INFO - Setting next_dagrun for example_branch_operator to 2025-03-15T00:00:00+00:00, run_after=2025-03-16T00:00:00+00:00
[2025-03-16T08:34:21.784+0000] {processor.py:176} INFO - Processing /home/airflow/.local/lib/python3.7/site-packages/airflow/example_dags/example_branch_operator.py took 0.164 seconds
[2025-03-16T08:34:52.550+0000] {processor.py:154} INFO - Started process (PID=418) to work on /home/airflow/.local/lib/python3.7/site-packages/airflow/example_dags/example_branch_operator.py
[2025-03-16T08:34:52.558+0000] {processor.py:756} INFO - Processing file /home/airflow/.local/lib/python3.7/site-packages/airflow/example_dags/example_branch_operator.py for tasks to queue
[2025-03-16T08:34:52.559+0000] {logging_mixin.py:120} INFO - [2025-03-16T08:34:52.558+0000] {dagbag.py:537} INFO - Filling up the DagBag from /home/airflow/.local/lib/python3.7/site-packages/airflow/example_dags/example_branch_operator.py
[2025-03-16T08:34:52.653+0000] {processor.py:766} INFO - DAG(s) dict_keys(['example_branch_operator']) retrieved from /home/airflow/.local/lib/python3.7/site-packages/airflow/example_dags/example_branch_operator.py
[2025-03-16T08:34:52.837+0000] {logging_mixin.py:120} INFO - [2025-03-16T08:34:52.836+0000] {dag.py:2585} INFO - Sync 1 DAGs
[2025-03-16T08:34:52.957+0000] {logging_mixin.py:120} INFO - [2025-03-16T08:34:52.957+0000] {dag.py:3340} INFO - Setting next_dagrun for example_branch_operator to 2025-03-15T00:00:00+00:00, run_after=2025-03-16T00:00:00+00:00
[2025-03-16T08:34:53.032+0000] {processor.py:176} INFO - Processing /home/airflow/.local/lib/python3.7/site-packages/airflow/example_dags/example_branch_operator.py took 0.493 seconds
[2025-03-16T08:35:23.251+0000] {processor.py:154} INFO - Started process (PID=474) to work on /home/airflow/.local/lib/python3.7/site-packages/airflow/example_dags/example_branch_operator.py
[2025-03-16T08:35:23.254+0000] {processor.py:756} INFO - Processing file /home/airflow/.local/lib/python3.7/site-packages/airflow/example_dags/example_branch_operator.py for tasks to queue
[2025-03-16T08:35:23.255+0000] {logging_mixin.py:120} INFO - [2025-03-16T08:35:23.255+0000] {dagbag.py:537} INFO - Filling up the DagBag from /home/airflow/.local/lib/python3.7/site-packages/airflow/example_dags/example_branch_operator.py
[2025-03-16T08:35:23.292+0000] {processor.py:766} INFO - DAG(s) dict_keys(['example_branch_operator']) retrieved from /home/airflow/.local/lib/python3.7/site-packages/airflow/example_dags/example_branch_operator.py
[2025-03-16T08:35:23.366+0000] {logging_mixin.py:120} INFO - [2025-03-16T08:35:23.365+0000] {dag.py:2585} INFO - Sync 1 DAGs
[2025-03-16T08:35:23.419+0000] {logging_mixin.py:120} INFO - [2025-03-16T08:35:23.418+0000] {dag.py:3340} INFO - Setting next_dagrun for example_branch_operator to 2025-03-15T00:00:00+00:00, run_after=2025-03-16T00:00:00+00:00
[2025-03-16T08:35:23.444+0000] {processor.py:176} INFO - Processing /home/airflow/.local/lib/python3.7/site-packages/airflow/example_dags/example_branch_operator.py took 0.199 seconds
[2025-03-16T08:35:53.911+0000] {processor.py:154} INFO - Started process (PID=535) to work on /home/airflow/.local/lib/python3.7/site-packages/airflow/example_dags/example_branch_operator.py
[2025-03-16T08:35:53.912+0000] {processor.py:756} INFO - Processing file /home/airflow/.local/lib/python3.7/site-packages/airflow/example_dags/example_branch_operator.py for tasks to queue
[2025-03-16T08:35:53.917+0000] {logging_mixin.py:120} INFO - [2025-03-16T08:35:53.916+0000] {dagbag.py:537} INFO - Filling up the DagBag from /home/airflow/.local/lib/python3.7/site-packages/airflow/example_dags/example_branch_operator.py
[2025-03-16T08:35:53.954+0000] {processor.py:766} INFO - DAG(s) dict_keys(['example_branch_operator']) retrieved from /home/airflow/.local/lib/python3.7/site-packages/airflow/example_dags/example_branch_operator.py
[2025-03-16T08:35:54.032+0000] {logging_mixin.py:120} INFO - [2025-03-16T08:35:54.032+0000] {dag.py:2585} INFO - Sync 1 DAGs
[2025-03-16T08:35:54.084+0000] {logging_mixin.py:120} INFO - [2025-03-16T08:35:54.084+0000] {dag.py:3340} INFO - Setting next_dagrun for example_branch_operator to 2025-03-15T00:00:00+00:00, run_after=2025-03-16T00:00:00+00:00
[2025-03-16T08:35:54.124+0000] {processor.py:176} INFO - Processing /home/airflow/.local/lib/python3.7/site-packages/airflow/example_dags/example_branch_operator.py took 0.227 seconds
[2025-03-16T08:36:24.330+0000] {processor.py:154} INFO - Started process (PID=591) to work on /home/airflow/.local/lib/python3.7/site-packages/airflow/example_dags/example_branch_operator.py
[2025-03-16T08:36:24.331+0000] {processor.py:756} INFO - Processing file /home/airflow/.local/lib/python3.7/site-packages/airflow/example_dags/example_branch_operator.py for tasks to queue
[2025-03-16T08:36:24.332+0000] {logging_mixin.py:120} INFO - [2025-03-16T08:36:24.332+0000] {dagbag.py:537} INFO - Filling up the DagBag from /home/airflow/.local/lib/python3.7/site-packages/airflow/example_dags/example_branch_operator.py
[2025-03-16T08:36:24.354+0000] {processor.py:766} INFO - DAG(s) dict_keys(['example_branch_operator']) retrieved from /home/airflow/.local/lib/python3.7/site-packages/airflow/example_dags/example_branch_operator.py
[2025-03-16T08:36:24.413+0000] {logging_mixin.py:120} INFO - [2025-03-16T08:36:24.412+0000] {dag.py:2585} INFO - Sync 1 DAGs
[2025-03-16T08:36:24.447+0000] {logging_mixin.py:120} INFO - [2025-03-16T08:36:24.447+0000] {dag.py:3340} INFO - Setting next_dagrun for example_branch_operator to 2025-03-15T00:00:00+00:00, run_after=2025-03-16T00:00:00+00:00
[2025-03-16T08:36:24.471+0000] {processor.py:176} INFO - Processing /home/airflow/.local/lib/python3.7/site-packages/airflow/example_dags/example_branch_operator.py took 0.147 seconds
[2025-03-16T08:36:55.307+0000] {processor.py:154} INFO - Started process (PID=645) to work on /home/airflow/.local/lib/python3.7/site-packages/airflow/example_dags/example_branch_operator.py
[2025-03-16T08:36:55.309+0000] {processor.py:756} INFO - Processing file /home/airflow/.local/lib/python3.7/site-packages/airflow/example_dags/example_branch_operator.py for tasks to queue
[2025-03-16T08:36:55.310+0000] {logging_mixin.py:120} INFO - [2025-03-16T08:36:55.310+0000] {dagbag.py:537} INFO - Filling up the DagBag from /home/airflow/.local/lib/python3.7/site-packages/airflow/example_dags/example_branch_operator.py
[2025-03-16T08:36:55.344+0000] {processor.py:766} INFO - DAG(s) dict_keys(['example_branch_operator']) retrieved from /home/airflow/.local/lib/python3.7/site-packages/airflow/example_dags/example_branch_operator.py
[2025-03-16T08:36:55.438+0000] {logging_mixin.py:120} INFO - [2025-03-16T08:36:55.438+0000] {dag.py:2585} INFO - Sync 1 DAGs
[2025-03-16T08:36:55.497+0000] {logging_mixin.py:120} INFO - [2025-03-16T08:36:55.497+0000] {dag.py:3340} INFO - Setting next_dagrun for example_branch_operator to 2025-03-15T00:00:00+00:00, run_after=2025-03-16T00:00:00+00:00
[2025-03-16T08:36:55.530+0000] {processor.py:176} INFO - Processing /home/airflow/.local/lib/python3.7/site-packages/airflow/example_dags/example_branch_operator.py took 0.227 seconds
[2025-03-16T08:37:25.738+0000] {processor.py:154} INFO - Started process (PID=707) to work on /home/airflow/.local/lib/python3.7/site-packages/airflow/example_dags/example_branch_operator.py
[2025-03-16T08:37:25.740+0000] {processor.py:756} INFO - Processing file /home/airflow/.local/lib/python3.7/site-packages/airflow/example_dags/example_branch_operator.py for tasks to queue
[2025-03-16T08:37:25.741+0000] {logging_mixin.py:120} INFO - [2025-03-16T08:37:25.741+0000] {dagbag.py:537} INFO - Filling up the DagBag from /home/airflow/.local/lib/python3.7/site-packages/airflow/example_dags/example_branch_operator.py
[2025-03-16T08:37:25.776+0000] {processor.py:766} INFO - DAG(s) dict_keys(['example_branch_operator']) retrieved from /home/airflow/.local/lib/python3.7/site-packages/airflow/example_dags/example_branch_operator.py
[2025-03-16T08:37:25.900+0000] {logging_mixin.py:120} INFO - [2025-03-16T08:37:25.899+0000] {dag.py:2585} INFO - Sync 1 DAGs
[2025-03-16T08:37:25.994+0000] {logging_mixin.py:120} INFO - [2025-03-16T08:37:25.994+0000] {dag.py:3340} INFO - Setting next_dagrun for example_branch_operator to 2025-03-15T00:00:00+00:00, run_after=2025-03-16T00:00:00+00:00
[2025-03-16T08:37:26.059+0000] {processor.py:176} INFO - Processing /home/airflow/.local/lib/python3.7/site-packages/airflow/example_dags/example_branch_operator.py took 0.328 seconds
[2025-03-16T08:37:56.843+0000] {processor.py:154} INFO - Started process (PID=761) to work on /home/airflow/.local/lib/python3.7/site-packages/airflow/example_dags/example_branch_operator.py
[2025-03-16T08:37:56.844+0000] {processor.py:756} INFO - Processing file /home/airflow/.local/lib/python3.7/site-packages/airflow/example_dags/example_branch_operator.py for tasks to queue
[2025-03-16T08:37:56.846+0000] {logging_mixin.py:120} INFO - [2025-03-16T08:37:56.845+0000] {dagbag.py:537} INFO - Filling up the DagBag from /home/airflow/.local/lib/python3.7/site-packages/airflow/example_dags/example_branch_operator.py
[2025-03-16T08:37:56.881+0000] {processor.py:766} INFO - DAG(s) dict_keys(['example_branch_operator']) retrieved from /home/airflow/.local/lib/python3.7/site-packages/airflow/example_dags/example_branch_operator.py
[2025-03-16T08:37:56.968+0000] {logging_mixin.py:120} INFO - [2025-03-16T08:37:56.967+0000] {dag.py:2585} INFO - Sync 1 DAGs
[2025-03-16T08:37:57.022+0000] {logging_mixin.py:120} INFO - [2025-03-16T08:37:57.022+0000] {dag.py:3340} INFO - Setting next_dagrun for example_branch_operator to 2025-03-15T00:00:00+00:00, run_after=2025-03-16T00:00:00+00:00
[2025-03-16T08:37:57.057+0000] {processor.py:176} INFO - Processing /home/airflow/.local/lib/python3.7/site-packages/airflow/example_dags/example_branch_operator.py took 0.220 seconds
[2025-03-16T08:38:27.396+0000] {processor.py:154} INFO - Started process (PID=825) to work on /home/airflow/.local/lib/python3.7/site-packages/airflow/example_dags/example_branch_operator.py
[2025-03-16T08:38:27.412+0000] {processor.py:756} INFO - Processing file /home/airflow/.local/lib/python3.7/site-packages/airflow/example_dags/example_branch_operator.py for tasks to queue
[2025-03-16T08:38:27.418+0000] {logging_mixin.py:120} INFO - [2025-03-16T08:38:27.417+0000] {dagbag.py:537} INFO - Filling up the DagBag from /home/airflow/.local/lib/python3.7/site-packages/airflow/example_dags/example_branch_operator.py
[2025-03-16T08:38:27.481+0000] {processor.py:766} INFO - DAG(s) dict_keys(['example_branch_operator']) retrieved from /home/airflow/.local/lib/python3.7/site-packages/airflow/example_dags/example_branch_operator.py
[2025-03-16T08:38:27.607+0000] {logging_mixin.py:120} INFO - [2025-03-16T08:38:27.606+0000] {dag.py:2585} INFO - Sync 1 DAGs
[2025-03-16T08:38:27.696+0000] {logging_mixin.py:120} INFO - [2025-03-16T08:38:27.695+0000] {dag.py:3340} INFO - Setting next_dagrun for example_branch_operator to 2025-03-15T00:00:00+00:00, run_after=2025-03-16T00:00:00+00:00
[2025-03-16T08:38:27.737+0000] {processor.py:176} INFO - Processing /home/airflow/.local/lib/python3.7/site-packages/airflow/example_dags/example_branch_operator.py took 0.358 seconds
[2025-03-16T08:38:58.449+0000] {processor.py:154} INFO - Started process (PID=879) to work on /home/airflow/.local/lib/python3.7/site-packages/airflow/example_dags/example_branch_operator.py
[2025-03-16T08:38:58.451+0000] {processor.py:756} INFO - Processing file /home/airflow/.local/lib/python3.7/site-packages/airflow/example_dags/example_branch_operator.py for tasks to queue
[2025-03-16T08:38:58.452+0000] {logging_mixin.py:120} INFO - [2025-03-16T08:38:58.452+0000] {dagbag.py:537} INFO - Filling up the DagBag from /home/airflow/.local/lib/python3.7/site-packages/airflow/example_dags/example_branch_operator.py
[2025-03-16T08:38:58.483+0000] {processor.py:766} INFO - DAG(s) dict_keys(['example_branch_operator']) retrieved from /home/airflow/.local/lib/python3.7/site-packages/airflow/example_dags/example_branch_operator.py
[2025-03-16T08:38:58.558+0000] {logging_mixin.py:120} INFO - [2025-03-16T08:38:58.558+0000] {dag.py:2585} INFO - Sync 1 DAGs
[2025-03-16T08:38:58.607+0000] {logging_mixin.py:120} INFO - [2025-03-16T08:38:58.607+0000] {dag.py:3340} INFO - Setting next_dagrun for example_branch_operator to 2025-03-15T00:00:00+00:00, run_after=2025-03-16T00:00:00+00:00
[2025-03-16T08:38:58.638+0000] {processor.py:176} INFO - Processing /home/airflow/.local/lib/python3.7/site-packages/airflow/example_dags/example_branch_operator.py took 0.197 seconds
[2025-03-16T08:39:29.082+0000] {processor.py:154} INFO - Started process (PID=942) to work on /home/airflow/.local/lib/python3.7/site-packages/airflow/example_dags/example_branch_operator.py
[2025-03-16T08:39:29.083+0000] {processor.py:756} INFO - Processing file /home/airflow/.local/lib/python3.7/site-packages/airflow/example_dags/example_branch_operator.py for tasks to queue
[2025-03-16T08:39:29.084+0000] {logging_mixin.py:120} INFO - [2025-03-16T08:39:29.084+0000] {dagbag.py:537} INFO - Filling up the DagBag from /home/airflow/.local/lib/python3.7/site-packages/airflow/example_dags/example_branch_operator.py
[2025-03-16T08:39:29.115+0000] {processor.py:766} INFO - DAG(s) dict_keys(['example_branch_operator']) retrieved from /home/airflow/.local/lib/python3.7/site-packages/airflow/example_dags/example_branch_operator.py
[2025-03-16T08:39:29.191+0000] {logging_mixin.py:120} INFO - [2025-03-16T08:39:29.191+0000] {dag.py:2585} INFO - Sync 1 DAGs
[2025-03-16T08:39:29.248+0000] {logging_mixin.py:120} INFO - [2025-03-16T08:39:29.248+0000] {dag.py:3340} INFO - Setting next_dagrun for example_branch_operator to 2025-03-15T00:00:00+00:00, run_after=2025-03-16T00:00:00+00:00
[2025-03-16T08:39:29.281+0000] {processor.py:176} INFO - Processing /home/airflow/.local/lib/python3.7/site-packages/airflow/example_dags/example_branch_operator.py took 0.205 seconds
[2025-03-16T08:39:59.626+0000] {processor.py:154} INFO - Started process (PID=996) to work on /home/airflow/.local/lib/python3.7/site-packages/airflow/example_dags/example_branch_operator.py
[2025-03-16T08:39:59.628+0000] {processor.py:756} INFO - Processing file /home/airflow/.local/lib/python3.7/site-packages/airflow/example_dags/example_branch_operator.py for tasks to queue
[2025-03-16T08:39:59.629+0000] {logging_mixin.py:120} INFO - [2025-03-16T08:39:59.629+0000] {dagbag.py:537} INFO - Filling up the DagBag from /home/airflow/.local/lib/python3.7/site-packages/airflow/example_dags/example_branch_operator.py
[2025-03-16T08:39:59.688+0000] {processor.py:766} INFO - DAG(s) dict_keys(['example_branch_operator']) retrieved from /home/airflow/.local/lib/python3.7/site-packages/airflow/example_dags/example_branch_operator.py
[2025-03-16T08:39:59.791+0000] {logging_mixin.py:120} INFO - [2025-03-16T08:39:59.790+0000] {dag.py:2585} INFO - Sync 1 DAGs
[2025-03-16T08:39:59.872+0000] {logging_mixin.py:120} INFO - [2025-03-16T08:39:59.872+0000] {dag.py:3340} INFO - Setting next_dagrun for example_branch_operator to 2025-03-15T00:00:00+00:00, run_after=2025-03-16T00:00:00+00:00
[2025-03-16T08:39:59.902+0000] {processor.py:176} INFO - Processing /home/airflow/.local/lib/python3.7/site-packages/airflow/example_dags/example_branch_operator.py took 0.283 seconds
[2025-03-16T08:40:30.083+0000] {processor.py:154} INFO - Started process (PID=1059) to work on /home/airflow/.local/lib/python3.7/site-packages/airflow/example_dags/example_branch_operator.py
[2025-03-16T08:40:30.085+0000] {processor.py:756} INFO - Processing file /home/airflow/.local/lib/python3.7/site-packages/airflow/example_dags/example_branch_operator.py for tasks to queue
[2025-03-16T08:40:30.086+0000] {logging_mixin.py:120} INFO - [2025-03-16T08:40:30.086+0000] {dagbag.py:537} INFO - Filling up the DagBag from /home/airflow/.local/lib/python3.7/site-packages/airflow/example_dags/example_branch_operator.py
[2025-03-16T08:40:30.123+0000] {processor.py:766} INFO - DAG(s) dict_keys(['example_branch_operator']) retrieved from /home/airflow/.local/lib/python3.7/site-packages/airflow/example_dags/example_branch_operator.py
[2025-03-16T08:40:30.256+0000] {logging_mixin.py:120} INFO - [2025-03-16T08:40:30.256+0000] {dag.py:2585} INFO - Sync 1 DAGs
[2025-03-16T08:40:30.305+0000] {logging_mixin.py:120} INFO - [2025-03-16T08:40:30.305+0000] {dag.py:3340} INFO - Setting next_dagrun for example_branch_operator to 2025-03-15T00:00:00+00:00, run_after=2025-03-16T00:00:00+00:00
[2025-03-16T08:40:30.336+0000] {processor.py:176} INFO - Processing /home/airflow/.local/lib/python3.7/site-packages/airflow/example_dags/example_branch_operator.py took 0.258 seconds
[2025-03-16T08:41:00.762+0000] {processor.py:154} INFO - Started process (PID=1113) to work on /home/airflow/.local/lib/python3.7/site-packages/airflow/example_dags/example_branch_operator.py
[2025-03-16T08:41:00.764+0000] {processor.py:756} INFO - Processing file /home/airflow/.local/lib/python3.7/site-packages/airflow/example_dags/example_branch_operator.py for tasks to queue
[2025-03-16T08:41:00.765+0000] {logging_mixin.py:120} INFO - [2025-03-16T08:41:00.764+0000] {dagbag.py:537} INFO - Filling up the DagBag from /home/airflow/.local/lib/python3.7/site-packages/airflow/example_dags/example_branch_operator.py
[2025-03-16T08:41:00.797+0000] {processor.py:766} INFO - DAG(s) dict_keys(['example_branch_operator']) retrieved from /home/airflow/.local/lib/python3.7/site-packages/airflow/example_dags/example_branch_operator.py
[2025-03-16T08:41:00.879+0000] {logging_mixin.py:120} INFO - [2025-03-16T08:41:00.878+0000] {dag.py:2585} INFO - Sync 1 DAGs
[2025-03-16T08:41:00.943+0000] {logging_mixin.py:120} INFO - [2025-03-16T08:41:00.943+0000] {dag.py:3340} INFO - Setting next_dagrun for example_branch_operator to 2025-03-15T00:00:00+00:00, run_after=2025-03-16T00:00:00+00:00
[2025-03-16T08:41:00.975+0000] {processor.py:176} INFO - Processing /home/airflow/.local/lib/python3.7/site-packages/airflow/example_dags/example_branch_operator.py took 0.219 seconds
[2025-03-16T08:41:31.694+0000] {processor.py:154} INFO - Started process (PID=1176) to work on /home/airflow/.local/lib/python3.7/site-packages/airflow/example_dags/example_branch_operator.py
[2025-03-16T08:41:31.698+0000] {processor.py:756} INFO - Processing file /home/airflow/.local/lib/python3.7/site-packages/airflow/example_dags/example_branch_operator.py for tasks to queue
[2025-03-16T08:41:31.699+0000] {logging_mixin.py:120} INFO - [2025-03-16T08:41:31.699+0000] {dagbag.py:537} INFO - Filling up the DagBag from /home/airflow/.local/lib/python3.7/site-packages/airflow/example_dags/example_branch_operator.py
[2025-03-16T08:41:31.760+0000] {processor.py:766} INFO - DAG(s) dict_keys(['example_branch_operator']) retrieved from /home/airflow/.local/lib/python3.7/site-packages/airflow/example_dags/example_branch_operator.py
[2025-03-16T08:41:31.894+0000] {logging_mixin.py:120} INFO - [2025-03-16T08:41:31.893+0000] {dag.py:2585} INFO - Sync 1 DAGs
[2025-03-16T08:41:32.008+0000] {logging_mixin.py:120} INFO - [2025-03-16T08:41:32.008+0000] {dag.py:3340} INFO - Setting next_dagrun for example_branch_operator to 2025-03-15T00:00:00+00:00, run_after=2025-03-16T00:00:00+00:00
[2025-03-16T08:41:32.073+0000] {processor.py:176} INFO - Processing /home/airflow/.local/lib/python3.7/site-packages/airflow/example_dags/example_branch_operator.py took 0.390 seconds
[2025-03-16T08:42:03.105+0000] {processor.py:154} INFO - Started process (PID=1230) to work on /home/airflow/.local/lib/python3.7/site-packages/airflow/example_dags/example_branch_operator.py
[2025-03-16T08:42:03.111+0000] {processor.py:756} INFO - Processing file /home/airflow/.local/lib/python3.7/site-packages/airflow/example_dags/example_branch_operator.py for tasks to queue
[2025-03-16T08:42:03.112+0000] {logging_mixin.py:120} INFO - [2025-03-16T08:42:03.112+0000] {dagbag.py:537} INFO - Filling up the DagBag from /home/airflow/.local/lib/python3.7/site-packages/airflow/example_dags/example_branch_operator.py
[2025-03-16T08:42:03.159+0000] {processor.py:766} INFO - DAG(s) dict_keys(['example_branch_operator']) retrieved from /home/airflow/.local/lib/python3.7/site-packages/airflow/example_dags/example_branch_operator.py
[2025-03-16T08:42:03.244+0000] {logging_mixin.py:120} INFO - [2025-03-16T08:42:03.244+0000] {dag.py:2585} INFO - Sync 1 DAGs
[2025-03-16T08:42:03.309+0000] {logging_mixin.py:120} INFO - [2025-03-16T08:42:03.309+0000] {dag.py:3340} INFO - Setting next_dagrun for example_branch_operator to 2025-03-15T00:00:00+00:00, run_after=2025-03-16T00:00:00+00:00
[2025-03-16T08:42:03.349+0000] {processor.py:176} INFO - Processing /home/airflow/.local/lib/python3.7/site-packages/airflow/example_dags/example_branch_operator.py took 0.260 seconds
[2025-03-16T08:42:33.493+0000] {processor.py:154} INFO - Started process (PID=1292) to work on /home/airflow/.local/lib/python3.7/site-packages/airflow/example_dags/example_branch_operator.py
[2025-03-16T08:42:33.495+0000] {processor.py:756} INFO - Processing file /home/airflow/.local/lib/python3.7/site-packages/airflow/example_dags/example_branch_operator.py for tasks to queue
[2025-03-16T08:42:33.496+0000] {logging_mixin.py:120} INFO - [2025-03-16T08:42:33.496+0000] {dagbag.py:537} INFO - Filling up the DagBag from /home/airflow/.local/lib/python3.7/site-packages/airflow/example_dags/example_branch_operator.py
[2025-03-16T08:42:33.528+0000] {processor.py:766} INFO - DAG(s) dict_keys(['example_branch_operator']) retrieved from /home/airflow/.local/lib/python3.7/site-packages/airflow/example_dags/example_branch_operator.py
[2025-03-16T08:42:33.605+0000] {logging_mixin.py:120} INFO - [2025-03-16T08:42:33.605+0000] {dag.py:2585} INFO - Sync 1 DAGs
[2025-03-16T08:42:33.654+0000] {logging_mixin.py:120} INFO - [2025-03-16T08:42:33.654+0000] {dag.py:3340} INFO - Setting next_dagrun for example_branch_operator to 2025-03-15T00:00:00+00:00, run_after=2025-03-16T00:00:00+00:00
[2025-03-16T08:42:33.687+0000] {processor.py:176} INFO - Processing /home/airflow/.local/lib/python3.7/site-packages/airflow/example_dags/example_branch_operator.py took 0.200 seconds
[2025-03-16T08:43:03.735+0000] {processor.py:154} INFO - Started process (PID=1346) to work on /home/airflow/.local/lib/python3.7/site-packages/airflow/example_dags/example_branch_operator.py
[2025-03-16T08:43:03.738+0000] {processor.py:756} INFO - Processing file /home/airflow/.local/lib/python3.7/site-packages/airflow/example_dags/example_branch_operator.py for tasks to queue
[2025-03-16T08:43:03.738+0000] {logging_mixin.py:120} INFO - [2025-03-16T08:43:03.738+0000] {dagbag.py:537} INFO - Filling up the DagBag from /home/airflow/.local/lib/python3.7/site-packages/airflow/example_dags/example_branch_operator.py
[2025-03-16T08:43:03.765+0000] {processor.py:766} INFO - DAG(s) dict_keys(['example_branch_operator']) retrieved from /home/airflow/.local/lib/python3.7/site-packages/airflow/example_dags/example_branch_operator.py
[2025-03-16T08:43:03.855+0000] {logging_mixin.py:120} INFO - [2025-03-16T08:43:03.855+0000] {dag.py:2585} INFO - Sync 1 DAGs
[2025-03-16T08:43:03.934+0000] {logging_mixin.py:120} INFO - [2025-03-16T08:43:03.933+0000] {dag.py:3340} INFO - Setting next_dagrun for example_branch_operator to 2025-03-15T00:00:00+00:00, run_after=2025-03-16T00:00:00+00:00
[2025-03-16T08:43:03.980+0000] {processor.py:176} INFO - Processing /home/airflow/.local/lib/python3.7/site-packages/airflow/example_dags/example_branch_operator.py took 0.251 seconds
[2025-03-16T08:43:34.515+0000] {processor.py:154} INFO - Started process (PID=1400) to work on /home/airflow/.local/lib/python3.7/site-packages/airflow/example_dags/example_branch_operator.py
[2025-03-16T08:43:34.516+0000] {processor.py:756} INFO - Processing file /home/airflow/.local/lib/python3.7/site-packages/airflow/example_dags/example_branch_operator.py for tasks to queue
[2025-03-16T08:43:34.518+0000] {logging_mixin.py:120} INFO - [2025-03-16T08:43:34.518+0000] {dagbag.py:537} INFO - Filling up the DagBag from /home/airflow/.local/lib/python3.7/site-packages/airflow/example_dags/example_branch_operator.py
[2025-03-16T08:43:34.539+0000] {processor.py:766} INFO - DAG(s) dict_keys(['example_branch_operator']) retrieved from /home/airflow/.local/lib/python3.7/site-packages/airflow/example_dags/example_branch_operator.py
[2025-03-16T08:43:34.595+0000] {logging_mixin.py:120} INFO - [2025-03-16T08:43:34.595+0000] {dag.py:2585} INFO - Sync 1 DAGs
[2025-03-16T08:43:34.632+0000] {logging_mixin.py:120} INFO - [2025-03-16T08:43:34.632+0000] {dag.py:3340} INFO - Setting next_dagrun for example_branch_operator to 2025-03-15T00:00:00+00:00, run_after=2025-03-16T00:00:00+00:00
[2025-03-16T08:43:34.667+0000] {processor.py:176} INFO - Processing /home/airflow/.local/lib/python3.7/site-packages/airflow/example_dags/example_branch_operator.py took 0.156 seconds
[2025-03-16T08:44:04.856+0000] {processor.py:154} INFO - Started process (PID=1463) to work on /home/airflow/.local/lib/python3.7/site-packages/airflow/example_dags/example_branch_operator.py
[2025-03-16T08:44:04.857+0000] {processor.py:756} INFO - Processing file /home/airflow/.local/lib/python3.7/site-packages/airflow/example_dags/example_branch_operator.py for tasks to queue
[2025-03-16T08:44:04.857+0000] {logging_mixin.py:120} INFO - [2025-03-16T08:44:04.857+0000] {dagbag.py:537} INFO - Filling up the DagBag from /home/airflow/.local/lib/python3.7/site-packages/airflow/example_dags/example_branch_operator.py
[2025-03-16T08:44:04.886+0000] {processor.py:766} INFO - DAG(s) dict_keys(['example_branch_operator']) retrieved from /home/airflow/.local/lib/python3.7/site-packages/airflow/example_dags/example_branch_operator.py
[2025-03-16T08:44:04.955+0000] {logging_mixin.py:120} INFO - [2025-03-16T08:44:04.955+0000] {dag.py:2585} INFO - Sync 1 DAGs
[2025-03-16T08:44:04.992+0000] {logging_mixin.py:120} INFO - [2025-03-16T08:44:04.992+0000] {dag.py:3340} INFO - Setting next_dagrun for example_branch_operator to 2025-03-15T00:00:00+00:00, run_after=2025-03-16T00:00:00+00:00
[2025-03-16T08:44:05.016+0000] {processor.py:176} INFO - Processing /home/airflow/.local/lib/python3.7/site-packages/airflow/example_dags/example_branch_operator.py took 0.167 seconds
[2025-03-16T08:44:35.680+0000] {processor.py:154} INFO - Started process (PID=1518) to work on /home/airflow/.local/lib/python3.7/site-packages/airflow/example_dags/example_branch_operator.py
[2025-03-16T08:44:35.682+0000] {processor.py:756} INFO - Processing file /home/airflow/.local/lib/python3.7/site-packages/airflow/example_dags/example_branch_operator.py for tasks to queue
[2025-03-16T08:44:35.683+0000] {logging_mixin.py:120} INFO - [2025-03-16T08:44:35.682+0000] {dagbag.py:537} INFO - Filling up the DagBag from /home/airflow/.local/lib/python3.7/site-packages/airflow/example_dags/example_branch_operator.py
[2025-03-16T08:44:35.709+0000] {processor.py:766} INFO - DAG(s) dict_keys(['example_branch_operator']) retrieved from /home/airflow/.local/lib/python3.7/site-packages/airflow/example_dags/example_branch_operator.py
[2025-03-16T08:44:35.766+0000] {logging_mixin.py:120} INFO - [2025-03-16T08:44:35.766+0000] {dag.py:2585} INFO - Sync 1 DAGs
[2025-03-16T08:44:35.799+0000] {logging_mixin.py:120} INFO - [2025-03-16T08:44:35.799+0000] {dag.py:3340} INFO - Setting next_dagrun for example_branch_operator to 2025-03-15T00:00:00+00:00, run_after=2025-03-16T00:00:00+00:00
[2025-03-16T08:44:35.831+0000] {processor.py:176} INFO - Processing /home/airflow/.local/lib/python3.7/site-packages/airflow/example_dags/example_branch_operator.py took 0.156 seconds
[2025-03-16T08:45:06.393+0000] {processor.py:154} INFO - Started process (PID=1581) to work on /home/airflow/.local/lib/python3.7/site-packages/airflow/example_dags/example_branch_operator.py
[2025-03-16T08:45:06.395+0000] {processor.py:756} INFO - Processing file /home/airflow/.local/lib/python3.7/site-packages/airflow/example_dags/example_branch_operator.py for tasks to queue
[2025-03-16T08:45:06.396+0000] {logging_mixin.py:120} INFO - [2025-03-16T08:45:06.396+0000] {dagbag.py:537} INFO - Filling up the DagBag from /home/airflow/.local/lib/python3.7/site-packages/airflow/example_dags/example_branch_operator.py
[2025-03-16T08:45:06.432+0000] {processor.py:766} INFO - DAG(s) dict_keys(['example_branch_operator']) retrieved from /home/airflow/.local/lib/python3.7/site-packages/airflow/example_dags/example_branch_operator.py
[2025-03-16T08:45:06.509+0000] {logging_mixin.py:120} INFO - [2025-03-16T08:45:06.509+0000] {dag.py:2585} INFO - Sync 1 DAGs
[2025-03-16T08:45:06.552+0000] {logging_mixin.py:120} INFO - [2025-03-16T08:45:06.552+0000] {dag.py:3340} INFO - Setting next_dagrun for example_branch_operator to 2025-03-15T00:00:00+00:00, run_after=2025-03-16T00:00:00+00:00
[2025-03-16T08:45:06.584+0000] {processor.py:176} INFO - Processing /home/airflow/.local/lib/python3.7/site-packages/airflow/example_dags/example_branch_operator.py took 0.196 seconds
[2025-03-16T08:45:37.031+0000] {processor.py:154} INFO - Started process (PID=1635) to work on /home/airflow/.local/lib/python3.7/site-packages/airflow/example_dags/example_branch_operator.py
[2025-03-16T08:45:37.034+0000] {processor.py:756} INFO - Processing file /home/airflow/.local/lib/python3.7/site-packages/airflow/example_dags/example_branch_operator.py for tasks to queue
[2025-03-16T08:45:37.035+0000] {logging_mixin.py:120} INFO - [2025-03-16T08:45:37.035+0000] {dagbag.py:537} INFO - Filling up the DagBag from /home/airflow/.local/lib/python3.7/site-packages/airflow/example_dags/example_branch_operator.py
[2025-03-16T08:45:37.072+0000] {processor.py:766} INFO - DAG(s) dict_keys(['example_branch_operator']) retrieved from /home/airflow/.local/lib/python3.7/site-packages/airflow/example_dags/example_branch_operator.py
[2025-03-16T08:45:37.164+0000] {logging_mixin.py:120} INFO - [2025-03-16T08:45:37.164+0000] {dag.py:2585} INFO - Sync 1 DAGs
[2025-03-16T08:45:37.210+0000] {logging_mixin.py:120} INFO - [2025-03-16T08:45:37.209+0000] {dag.py:3340} INFO - Setting next_dagrun for example_branch_operator to 2025-03-15T00:00:00+00:00, run_after=2025-03-16T00:00:00+00:00
[2025-03-16T08:45:37.235+0000] {processor.py:176} INFO - Processing /home/airflow/.local/lib/python3.7/site-packages/airflow/example_dags/example_branch_operator.py took 0.217 seconds
[2025-03-16T08:46:07.393+0000] {processor.py:154} INFO - Started process (PID=1698) to work on /home/airflow/.local/lib/python3.7/site-packages/airflow/example_dags/example_branch_operator.py
[2025-03-16T08:46:07.393+0000] {processor.py:756} INFO - Processing file /home/airflow/.local/lib/python3.7/site-packages/airflow/example_dags/example_branch_operator.py for tasks to queue
[2025-03-16T08:46:07.394+0000] {logging_mixin.py:120} INFO - [2025-03-16T08:46:07.394+0000] {dagbag.py:537} INFO - Filling up the DagBag from /home/airflow/.local/lib/python3.7/site-packages/airflow/example_dags/example_branch_operator.py
[2025-03-16T08:46:07.415+0000] {processor.py:766} INFO - DAG(s) dict_keys(['example_branch_operator']) retrieved from /home/airflow/.local/lib/python3.7/site-packages/airflow/example_dags/example_branch_operator.py
[2025-03-16T08:46:07.468+0000] {logging_mixin.py:120} INFO - [2025-03-16T08:46:07.468+0000] {dag.py:2585} INFO - Sync 1 DAGs
[2025-03-16T08:46:07.504+0000] {logging_mixin.py:120} INFO - [2025-03-16T08:46:07.504+0000] {dag.py:3340} INFO - Setting next_dagrun for example_branch_operator to 2025-03-15T00:00:00+00:00, run_after=2025-03-16T00:00:00+00:00
[2025-03-16T08:46:07.526+0000] {processor.py:176} INFO - Processing /home/airflow/.local/lib/python3.7/site-packages/airflow/example_dags/example_branch_operator.py took 0.137 seconds
[2025-03-16T08:46:38.411+0000] {processor.py:154} INFO - Started process (PID=1752) to work on /home/airflow/.local/lib/python3.7/site-packages/airflow/example_dags/example_branch_operator.py
[2025-03-16T08:46:38.413+0000] {processor.py:756} INFO - Processing file /home/airflow/.local/lib/python3.7/site-packages/airflow/example_dags/example_branch_operator.py for tasks to queue
[2025-03-16T08:46:38.414+0000] {logging_mixin.py:120} INFO - [2025-03-16T08:46:38.413+0000] {dagbag.py:537} INFO - Filling up the DagBag from /home/airflow/.local/lib/python3.7/site-packages/airflow/example_dags/example_branch_operator.py
[2025-03-16T08:46:38.446+0000] {processor.py:766} INFO - DAG(s) dict_keys(['example_branch_operator']) retrieved from /home/airflow/.local/lib/python3.7/site-packages/airflow/example_dags/example_branch_operator.py
[2025-03-16T08:46:38.515+0000] {logging_mixin.py:120} INFO - [2025-03-16T08:46:38.515+0000] {dag.py:2585} INFO - Sync 1 DAGs
[2025-03-16T08:46:38.567+0000] {logging_mixin.py:120} INFO - [2025-03-16T08:46:38.567+0000] {dag.py:3340} INFO - Setting next_dagrun for example_branch_operator to 2025-03-15T00:00:00+00:00, run_after=2025-03-16T00:00:00+00:00
[2025-03-16T08:46:38.590+0000] {processor.py:176} INFO - Processing /home/airflow/.local/lib/python3.7/site-packages/airflow/example_dags/example_branch_operator.py took 0.182 seconds
[2025-03-16T08:47:08.680+0000] {processor.py:154} INFO - Started process (PID=1815) to work on /home/airflow/.local/lib/python3.7/site-packages/airflow/example_dags/example_branch_operator.py
[2025-03-16T08:47:08.682+0000] {processor.py:756} INFO - Processing file /home/airflow/.local/lib/python3.7/site-packages/airflow/example_dags/example_branch_operator.py for tasks to queue
[2025-03-16T08:47:08.682+0000] {logging_mixin.py:120} INFO - [2025-03-16T08:47:08.682+0000] {dagbag.py:537} INFO - Filling up the DagBag from /home/airflow/.local/lib/python3.7/site-packages/airflow/example_dags/example_branch_operator.py
[2025-03-16T08:47:08.705+0000] {processor.py:766} INFO - DAG(s) dict_keys(['example_branch_operator']) retrieved from /home/airflow/.local/lib/python3.7/site-packages/airflow/example_dags/example_branch_operator.py
[2025-03-16T08:47:08.762+0000] {logging_mixin.py:120} INFO - [2025-03-16T08:47:08.761+0000] {dag.py:2585} INFO - Sync 1 DAGs
[2025-03-16T08:47:08.798+0000] {logging_mixin.py:120} INFO - [2025-03-16T08:47:08.798+0000] {dag.py:3340} INFO - Setting next_dagrun for example_branch_operator to 2025-03-15T00:00:00+00:00, run_after=2025-03-16T00:00:00+00:00
[2025-03-16T08:47:08.820+0000] {processor.py:176} INFO - Processing /home/airflow/.local/lib/python3.7/site-packages/airflow/example_dags/example_branch_operator.py took 0.145 seconds
[2025-03-16T08:47:39.160+0000] {processor.py:154} INFO - Started process (PID=1869) to work on /home/airflow/.local/lib/python3.7/site-packages/airflow/example_dags/example_branch_operator.py
[2025-03-16T08:47:39.161+0000] {processor.py:756} INFO - Processing file /home/airflow/.local/lib/python3.7/site-packages/airflow/example_dags/example_branch_operator.py for tasks to queue
[2025-03-16T08:47:39.162+0000] {logging_mixin.py:120} INFO - [2025-03-16T08:47:39.162+0000] {dagbag.py:537} INFO - Filling up the DagBag from /home/airflow/.local/lib/python3.7/site-packages/airflow/example_dags/example_branch_operator.py
[2025-03-16T08:47:39.182+0000] {processor.py:766} INFO - DAG(s) dict_keys(['example_branch_operator']) retrieved from /home/airflow/.local/lib/python3.7/site-packages/airflow/example_dags/example_branch_operator.py
[2025-03-16T08:47:39.241+0000] {logging_mixin.py:120} INFO - [2025-03-16T08:47:39.240+0000] {dag.py:2585} INFO - Sync 1 DAGs
[2025-03-16T08:47:39.273+0000] {logging_mixin.py:120} INFO - [2025-03-16T08:47:39.272+0000] {dag.py:3340} INFO - Setting next_dagrun for example_branch_operator to 2025-03-15T00:00:00+00:00, run_after=2025-03-16T00:00:00+00:00
[2025-03-16T08:47:39.294+0000] {processor.py:176} INFO - Processing /home/airflow/.local/lib/python3.7/site-packages/airflow/example_dags/example_branch_operator.py took 0.139 seconds
[2025-03-16T08:48:10.271+0000] {processor.py:154} INFO - Started process (PID=1932) to work on /home/airflow/.local/lib/python3.7/site-packages/airflow/example_dags/example_branch_operator.py
[2025-03-16T08:48:10.273+0000] {processor.py:756} INFO - Processing file /home/airflow/.local/lib/python3.7/site-packages/airflow/example_dags/example_branch_operator.py for tasks to queue
[2025-03-16T08:48:10.274+0000] {logging_mixin.py:120} INFO - [2025-03-16T08:48:10.274+0000] {dagbag.py:537} INFO - Filling up the DagBag from /home/airflow/.local/lib/python3.7/site-packages/airflow/example_dags/example_branch_operator.py
[2025-03-16T08:48:10.300+0000] {processor.py:766} INFO - DAG(s) dict_keys(['example_branch_operator']) retrieved from /home/airflow/.local/lib/python3.7/site-packages/airflow/example_dags/example_branch_operator.py
[2025-03-16T08:48:10.393+0000] {logging_mixin.py:120} INFO - [2025-03-16T08:48:10.393+0000] {dag.py:2585} INFO - Sync 1 DAGs
[2025-03-16T08:48:10.431+0000] {logging_mixin.py:120} INFO - [2025-03-16T08:48:10.431+0000] {dag.py:3340} INFO - Setting next_dagrun for example_branch_operator to 2025-03-15T00:00:00+00:00, run_after=2025-03-16T00:00:00+00:00
[2025-03-16T08:48:10.459+0000] {processor.py:176} INFO - Processing /home/airflow/.local/lib/python3.7/site-packages/airflow/example_dags/example_branch_operator.py took 0.191 seconds
[2025-03-16T08:48:41.136+0000] {processor.py:154} INFO - Started process (PID=1985) to work on /home/airflow/.local/lib/python3.7/site-packages/airflow/example_dags/example_branch_operator.py
[2025-03-16T08:48:41.138+0000] {processor.py:756} INFO - Processing file /home/airflow/.local/lib/python3.7/site-packages/airflow/example_dags/example_branch_operator.py for tasks to queue
[2025-03-16T08:48:41.139+0000] {logging_mixin.py:120} INFO - [2025-03-16T08:48:41.138+0000] {dagbag.py:537} INFO - Filling up the DagBag from /home/airflow/.local/lib/python3.7/site-packages/airflow/example_dags/example_branch_operator.py
[2025-03-16T08:48:41.159+0000] {processor.py:766} INFO - DAG(s) dict_keys(['example_branch_operator']) retrieved from /home/airflow/.local/lib/python3.7/site-packages/airflow/example_dags/example_branch_operator.py
[2025-03-16T08:48:41.208+0000] {logging_mixin.py:120} INFO - [2025-03-16T08:48:41.208+0000] {dag.py:2585} INFO - Sync 1 DAGs
[2025-03-16T08:48:41.239+0000] {logging_mixin.py:120} INFO - [2025-03-16T08:48:41.239+0000] {dag.py:3340} INFO - Setting next_dagrun for example_branch_operator to 2025-03-15T00:00:00+00:00, run_after=2025-03-16T00:00:00+00:00
[2025-03-16T08:48:41.261+0000] {processor.py:176} INFO - Processing /home/airflow/.local/lib/python3.7/site-packages/airflow/example_dags/example_branch_operator.py took 0.129 seconds
[2025-03-16T08:49:11.474+0000] {processor.py:154} INFO - Started process (PID=2048) to work on /home/airflow/.local/lib/python3.7/site-packages/airflow/example_dags/example_branch_operator.py
[2025-03-16T08:49:11.475+0000] {processor.py:756} INFO - Processing file /home/airflow/.local/lib/python3.7/site-packages/airflow/example_dags/example_branch_operator.py for tasks to queue
[2025-03-16T08:49:11.476+0000] {logging_mixin.py:120} INFO - [2025-03-16T08:49:11.476+0000] {dagbag.py:537} INFO - Filling up the DagBag from /home/airflow/.local/lib/python3.7/site-packages/airflow/example_dags/example_branch_operator.py
[2025-03-16T08:49:11.504+0000] {processor.py:766} INFO - DAG(s) dict_keys(['example_branch_operator']) retrieved from /home/airflow/.local/lib/python3.7/site-packages/airflow/example_dags/example_branch_operator.py
[2025-03-16T08:49:11.588+0000] {logging_mixin.py:120} INFO - [2025-03-16T08:49:11.588+0000] {dag.py:2585} INFO - Sync 1 DAGs
[2025-03-16T08:49:11.624+0000] {logging_mixin.py:120} INFO - [2025-03-16T08:49:11.624+0000] {dag.py:3340} INFO - Setting next_dagrun for example_branch_operator to 2025-03-15T00:00:00+00:00, run_after=2025-03-16T00:00:00+00:00
[2025-03-16T08:49:11.648+0000] {processor.py:176} INFO - Processing /home/airflow/.local/lib/python3.7/site-packages/airflow/example_dags/example_branch_operator.py took 0.178 seconds
[2025-03-16T08:49:41.861+0000] {processor.py:154} INFO - Started process (PID=2103) to work on /home/airflow/.local/lib/python3.7/site-packages/airflow/example_dags/example_branch_operator.py
[2025-03-16T08:49:41.863+0000] {processor.py:756} INFO - Processing file /home/airflow/.local/lib/python3.7/site-packages/airflow/example_dags/example_branch_operator.py for tasks to queue
[2025-03-16T08:49:41.863+0000] {logging_mixin.py:120} INFO - [2025-03-16T08:49:41.863+0000] {dagbag.py:537} INFO - Filling up the DagBag from /home/airflow/.local/lib/python3.7/site-packages/airflow/example_dags/example_branch_operator.py
[2025-03-16T08:49:41.884+0000] {processor.py:766} INFO - DAG(s) dict_keys(['example_branch_operator']) retrieved from /home/airflow/.local/lib/python3.7/site-packages/airflow/example_dags/example_branch_operator.py
[2025-03-16T08:49:41.967+0000] {logging_mixin.py:120} INFO - [2025-03-16T08:49:41.967+0000] {dag.py:2585} INFO - Sync 1 DAGs
[2025-03-16T08:49:42.013+0000] {logging_mixin.py:120} INFO - [2025-03-16T08:49:42.013+0000] {dag.py:3340} INFO - Setting next_dagrun for example_branch_operator to 2025-03-15T00:00:00+00:00, run_after=2025-03-16T00:00:00+00:00
[2025-03-16T08:49:42.049+0000] {processor.py:176} INFO - Processing /home/airflow/.local/lib/python3.7/site-packages/airflow/example_dags/example_branch_operator.py took 0.193 seconds
[2025-03-16T08:50:12.671+0000] {processor.py:154} INFO - Started process (PID=2166) to work on /home/airflow/.local/lib/python3.7/site-packages/airflow/example_dags/example_branch_operator.py
[2025-03-16T08:50:12.672+0000] {processor.py:756} INFO - Processing file /home/airflow/.local/lib/python3.7/site-packages/airflow/example_dags/example_branch_operator.py for tasks to queue
[2025-03-16T08:50:12.673+0000] {logging_mixin.py:120} INFO - [2025-03-16T08:50:12.673+0000] {dagbag.py:537} INFO - Filling up the DagBag from /home/airflow/.local/lib/python3.7/site-packages/airflow/example_dags/example_branch_operator.py
[2025-03-16T08:50:12.693+0000] {processor.py:766} INFO - DAG(s) dict_keys(['example_branch_operator']) retrieved from /home/airflow/.local/lib/python3.7/site-packages/airflow/example_dags/example_branch_operator.py
[2025-03-16T08:50:12.743+0000] {logging_mixin.py:120} INFO - [2025-03-16T08:50:12.743+0000] {dag.py:2585} INFO - Sync 1 DAGs
[2025-03-16T08:50:12.776+0000] {logging_mixin.py:120} INFO - [2025-03-16T08:50:12.775+0000] {dag.py:3340} INFO - Setting next_dagrun for example_branch_operator to 2025-03-15T00:00:00+00:00, run_after=2025-03-16T00:00:00+00:00
[2025-03-16T08:50:12.798+0000] {processor.py:176} INFO - Processing /home/airflow/.local/lib/python3.7/site-packages/airflow/example_dags/example_branch_operator.py took 0.131 seconds
[2025-03-16T08:50:42.903+0000] {processor.py:154} INFO - Started process (PID=2220) to work on /home/airflow/.local/lib/python3.7/site-packages/airflow/example_dags/example_branch_operator.py
[2025-03-16T08:50:42.905+0000] {processor.py:756} INFO - Processing file /home/airflow/.local/lib/python3.7/site-packages/airflow/example_dags/example_branch_operator.py for tasks to queue
[2025-03-16T08:50:42.906+0000] {logging_mixin.py:120} INFO - [2025-03-16T08:50:42.905+0000] {dagbag.py:537} INFO - Filling up the DagBag from /home/airflow/.local/lib/python3.7/site-packages/airflow/example_dags/example_branch_operator.py
[2025-03-16T08:50:42.941+0000] {processor.py:766} INFO - DAG(s) dict_keys(['example_branch_operator']) retrieved from /home/airflow/.local/lib/python3.7/site-packages/airflow/example_dags/example_branch_operator.py
[2025-03-16T08:50:43.019+0000] {logging_mixin.py:120} INFO - [2025-03-16T08:50:43.019+0000] {dag.py:2585} INFO - Sync 1 DAGs
[2025-03-16T08:50:43.083+0000] {logging_mixin.py:120} INFO - [2025-03-16T08:50:43.082+0000] {dag.py:3340} INFO - Setting next_dagrun for example_branch_operator to 2025-03-15T00:00:00+00:00, run_after=2025-03-16T00:00:00+00:00
[2025-03-16T08:50:43.121+0000] {processor.py:176} INFO - Processing /home/airflow/.local/lib/python3.7/site-packages/airflow/example_dags/example_branch_operator.py took 0.224 seconds
[2025-03-16T08:51:13.955+0000] {processor.py:154} INFO - Started process (PID=2283) to work on /home/airflow/.local/lib/python3.7/site-packages/airflow/example_dags/example_branch_operator.py
[2025-03-16T08:51:13.957+0000] {processor.py:756} INFO - Processing file /home/airflow/.local/lib/python3.7/site-packages/airflow/example_dags/example_branch_operator.py for tasks to queue
[2025-03-16T08:51:13.957+0000] {logging_mixin.py:120} INFO - [2025-03-16T08:51:13.957+0000] {dagbag.py:537} INFO - Filling up the DagBag from /home/airflow/.local/lib/python3.7/site-packages/airflow/example_dags/example_branch_operator.py
[2025-03-16T08:51:13.986+0000] {processor.py:766} INFO - DAG(s) dict_keys(['example_branch_operator']) retrieved from /home/airflow/.local/lib/python3.7/site-packages/airflow/example_dags/example_branch_operator.py
[2025-03-16T08:51:14.062+0000] {logging_mixin.py:120} INFO - [2025-03-16T08:51:14.062+0000] {dag.py:2585} INFO - Sync 1 DAGs
[2025-03-16T08:51:14.110+0000] {logging_mixin.py:120} INFO - [2025-03-16T08:51:14.109+0000] {dag.py:3340} INFO - Setting next_dagrun for example_branch_operator to 2025-03-15T00:00:00+00:00, run_after=2025-03-16T00:00:00+00:00
[2025-03-16T08:51:14.142+0000] {processor.py:176} INFO - Processing /home/airflow/.local/lib/python3.7/site-packages/airflow/example_dags/example_branch_operator.py took 0.191 seconds
[2025-03-16T08:51:44.489+0000] {processor.py:154} INFO - Started process (PID=2337) to work on /home/airflow/.local/lib/python3.7/site-packages/airflow/example_dags/example_branch_operator.py
[2025-03-16T08:51:44.491+0000] {processor.py:756} INFO - Processing file /home/airflow/.local/lib/python3.7/site-packages/airflow/example_dags/example_branch_operator.py for tasks to queue
[2025-03-16T08:51:44.492+0000] {logging_mixin.py:120} INFO - [2025-03-16T08:51:44.492+0000] {dagbag.py:537} INFO - Filling up the DagBag from /home/airflow/.local/lib/python3.7/site-packages/airflow/example_dags/example_branch_operator.py
[2025-03-16T08:51:44.523+0000] {processor.py:766} INFO - DAG(s) dict_keys(['example_branch_operator']) retrieved from /home/airflow/.local/lib/python3.7/site-packages/airflow/example_dags/example_branch_operator.py
[2025-03-16T08:51:44.598+0000] {logging_mixin.py:120} INFO - [2025-03-16T08:51:44.598+0000] {dag.py:2585} INFO - Sync 1 DAGs
[2025-03-16T08:51:44.652+0000] {logging_mixin.py:120} INFO - [2025-03-16T08:51:44.652+0000] {dag.py:3340} INFO - Setting next_dagrun for example_branch_operator to 2025-03-15T00:00:00+00:00, run_after=2025-03-16T00:00:00+00:00
[2025-03-16T08:51:44.728+0000] {processor.py:176} INFO - Processing /home/airflow/.local/lib/python3.7/site-packages/airflow/example_dags/example_branch_operator.py took 0.245 seconds
[2025-03-16T08:52:15.077+0000] {processor.py:154} INFO - Started process (PID=2400) to work on /home/airflow/.local/lib/python3.7/site-packages/airflow/example_dags/example_branch_operator.py
[2025-03-16T08:52:15.078+0000] {processor.py:756} INFO - Processing file /home/airflow/.local/lib/python3.7/site-packages/airflow/example_dags/example_branch_operator.py for tasks to queue
[2025-03-16T08:52:15.079+0000] {logging_mixin.py:120} INFO - [2025-03-16T08:52:15.079+0000] {dagbag.py:537} INFO - Filling up the DagBag from /home/airflow/.local/lib/python3.7/site-packages/airflow/example_dags/example_branch_operator.py
[2025-03-16T08:52:15.101+0000] {processor.py:766} INFO - DAG(s) dict_keys(['example_branch_operator']) retrieved from /home/airflow/.local/lib/python3.7/site-packages/airflow/example_dags/example_branch_operator.py
[2025-03-16T08:52:15.166+0000] {logging_mixin.py:120} INFO - [2025-03-16T08:52:15.165+0000] {dag.py:2585} INFO - Sync 1 DAGs
[2025-03-16T08:52:15.227+0000] {logging_mixin.py:120} INFO - [2025-03-16T08:52:15.227+0000] {dag.py:3340} INFO - Setting next_dagrun for example_branch_operator to 2025-03-15T00:00:00+00:00, run_after=2025-03-16T00:00:00+00:00
[2025-03-16T08:52:15.270+0000] {processor.py:176} INFO - Processing /home/airflow/.local/lib/python3.7/site-packages/airflow/example_dags/example_branch_operator.py took 0.197 seconds
[2025-03-16T08:52:46.135+0000] {processor.py:154} INFO - Started process (PID=2464) to work on /home/airflow/.local/lib/python3.7/site-packages/airflow/example_dags/example_branch_operator.py
[2025-03-16T08:52:46.139+0000] {processor.py:756} INFO - Processing file /home/airflow/.local/lib/python3.7/site-packages/airflow/example_dags/example_branch_operator.py for tasks to queue
[2025-03-16T08:52:46.140+0000] {logging_mixin.py:120} INFO - [2025-03-16T08:52:46.140+0000] {dagbag.py:537} INFO - Filling up the DagBag from /home/airflow/.local/lib/python3.7/site-packages/airflow/example_dags/example_branch_operator.py
[2025-03-16T08:52:46.208+0000] {processor.py:766} INFO - DAG(s) dict_keys(['example_branch_operator']) retrieved from /home/airflow/.local/lib/python3.7/site-packages/airflow/example_dags/example_branch_operator.py
[2025-03-16T08:52:46.360+0000] {logging_mixin.py:120} INFO - [2025-03-16T08:52:46.360+0000] {dag.py:2585} INFO - Sync 1 DAGs
[2025-03-16T08:52:46.506+0000] {logging_mixin.py:120} INFO - [2025-03-16T08:52:46.506+0000] {dag.py:3340} INFO - Setting next_dagrun for example_branch_operator to 2025-03-15T00:00:00+00:00, run_after=2025-03-16T00:00:00+00:00
[2025-03-16T08:52:46.575+0000] {processor.py:176} INFO - Processing /home/airflow/.local/lib/python3.7/site-packages/airflow/example_dags/example_branch_operator.py took 0.462 seconds
[2025-03-16T08:53:16.909+0000] {processor.py:154} INFO - Started process (PID=2518) to work on /home/airflow/.local/lib/python3.7/site-packages/airflow/example_dags/example_branch_operator.py
[2025-03-16T08:53:16.911+0000] {processor.py:756} INFO - Processing file /home/airflow/.local/lib/python3.7/site-packages/airflow/example_dags/example_branch_operator.py for tasks to queue
[2025-03-16T08:53:16.912+0000] {logging_mixin.py:120} INFO - [2025-03-16T08:53:16.912+0000] {dagbag.py:537} INFO - Filling up the DagBag from /home/airflow/.local/lib/python3.7/site-packages/airflow/example_dags/example_branch_operator.py
[2025-03-16T08:53:16.945+0000] {processor.py:766} INFO - DAG(s) dict_keys(['example_branch_operator']) retrieved from /home/airflow/.local/lib/python3.7/site-packages/airflow/example_dags/example_branch_operator.py
[2025-03-16T08:53:17.046+0000] {logging_mixin.py:120} INFO - [2025-03-16T08:53:17.045+0000] {dag.py:2585} INFO - Sync 1 DAGs
[2025-03-16T08:53:17.102+0000] {logging_mixin.py:120} INFO - [2025-03-16T08:53:17.101+0000] {dag.py:3340} INFO - Setting next_dagrun for example_branch_operator to 2025-03-15T00:00:00+00:00, run_after=2025-03-16T00:00:00+00:00
[2025-03-16T08:53:17.141+0000] {processor.py:176} INFO - Processing /home/airflow/.local/lib/python3.7/site-packages/airflow/example_dags/example_branch_operator.py took 0.239 seconds
[2025-03-16T08:53:47.453+0000] {processor.py:154} INFO - Started process (PID=2573) to work on /home/airflow/.local/lib/python3.7/site-packages/airflow/example_dags/example_branch_operator.py
[2025-03-16T08:53:47.455+0000] {processor.py:756} INFO - Processing file /home/airflow/.local/lib/python3.7/site-packages/airflow/example_dags/example_branch_operator.py for tasks to queue
[2025-03-16T08:53:47.459+0000] {logging_mixin.py:120} INFO - [2025-03-16T08:53:47.459+0000] {dagbag.py:537} INFO - Filling up the DagBag from /home/airflow/.local/lib/python3.7/site-packages/airflow/example_dags/example_branch_operator.py
[2025-03-16T08:53:47.496+0000] {processor.py:766} INFO - DAG(s) dict_keys(['example_branch_operator']) retrieved from /home/airflow/.local/lib/python3.7/site-packages/airflow/example_dags/example_branch_operator.py
[2025-03-16T08:53:47.641+0000] {logging_mixin.py:120} INFO - [2025-03-16T08:53:47.640+0000] {dag.py:2585} INFO - Sync 1 DAGs
[2025-03-16T08:53:47.747+0000] {logging_mixin.py:120} INFO - [2025-03-16T08:53:47.746+0000] {dag.py:3340} INFO - Setting next_dagrun for example_branch_operator to 2025-03-15T00:00:00+00:00, run_after=2025-03-16T00:00:00+00:00
[2025-03-16T08:53:47.818+0000] {processor.py:176} INFO - Processing /home/airflow/.local/lib/python3.7/site-packages/airflow/example_dags/example_branch_operator.py took 0.378 seconds
[2025-03-16T08:54:18.331+0000] {processor.py:154} INFO - Started process (PID=2636) to work on /home/airflow/.local/lib/python3.7/site-packages/airflow/example_dags/example_branch_operator.py
[2025-03-16T08:54:18.335+0000] {processor.py:756} INFO - Processing file /home/airflow/.local/lib/python3.7/site-packages/airflow/example_dags/example_branch_operator.py for tasks to queue
[2025-03-16T08:54:18.336+0000] {logging_mixin.py:120} INFO - [2025-03-16T08:54:18.335+0000] {dagbag.py:537} INFO - Filling up the DagBag from /home/airflow/.local/lib/python3.7/site-packages/airflow/example_dags/example_branch_operator.py
[2025-03-16T08:54:18.379+0000] {processor.py:766} INFO - DAG(s) dict_keys(['example_branch_operator']) retrieved from /home/airflow/.local/lib/python3.7/site-packages/airflow/example_dags/example_branch_operator.py
[2025-03-16T08:54:18.474+0000] {logging_mixin.py:120} INFO - [2025-03-16T08:54:18.473+0000] {dag.py:2585} INFO - Sync 1 DAGs
[2025-03-16T08:54:18.540+0000] {logging_mixin.py:120} INFO - [2025-03-16T08:54:18.540+0000] {dag.py:3340} INFO - Setting next_dagrun for example_branch_operator to 2025-03-15T00:00:00+00:00, run_after=2025-03-16T00:00:00+00:00
[2025-03-16T08:54:18.585+0000] {processor.py:176} INFO - Processing /home/airflow/.local/lib/python3.7/site-packages/airflow/example_dags/example_branch_operator.py took 0.259 seconds
[2025-03-16T08:54:48.692+0000] {processor.py:154} INFO - Started process (PID=2688) to work on /home/airflow/.local/lib/python3.7/site-packages/airflow/example_dags/example_branch_operator.py
[2025-03-16T08:54:48.695+0000] {processor.py:756} INFO - Processing file /home/airflow/.local/lib/python3.7/site-packages/airflow/example_dags/example_branch_operator.py for tasks to queue
[2025-03-16T08:54:48.696+0000] {logging_mixin.py:120} INFO - [2025-03-16T08:54:48.696+0000] {dagbag.py:537} INFO - Filling up the DagBag from /home/airflow/.local/lib/python3.7/site-packages/airflow/example_dags/example_branch_operator.py
[2025-03-16T08:54:48.736+0000] {processor.py:766} INFO - DAG(s) dict_keys(['example_branch_operator']) retrieved from /home/airflow/.local/lib/python3.7/site-packages/airflow/example_dags/example_branch_operator.py
[2025-03-16T08:54:48.812+0000] {logging_mixin.py:120} INFO - [2025-03-16T08:54:48.812+0000] {dag.py:2585} INFO - Sync 1 DAGs
[2025-03-16T08:54:48.867+0000] {logging_mixin.py:120} INFO - [2025-03-16T08:54:48.867+0000] {dag.py:3340} INFO - Setting next_dagrun for example_branch_operator to 2025-03-15T00:00:00+00:00, run_after=2025-03-16T00:00:00+00:00
[2025-03-16T08:54:48.928+0000] {processor.py:176} INFO - Processing /home/airflow/.local/lib/python3.7/site-packages/airflow/example_dags/example_branch_operator.py took 0.245 seconds
[2025-03-16T08:55:19.459+0000] {processor.py:154} INFO - Started process (PID=2751) to work on /home/airflow/.local/lib/python3.7/site-packages/airflow/example_dags/example_branch_operator.py
[2025-03-16T08:55:19.460+0000] {processor.py:756} INFO - Processing file /home/airflow/.local/lib/python3.7/site-packages/airflow/example_dags/example_branch_operator.py for tasks to queue
[2025-03-16T08:55:19.461+0000] {logging_mixin.py:120} INFO - [2025-03-16T08:55:19.461+0000] {dagbag.py:537} INFO - Filling up the DagBag from /home/airflow/.local/lib/python3.7/site-packages/airflow/example_dags/example_branch_operator.py
[2025-03-16T08:55:19.497+0000] {processor.py:766} INFO - DAG(s) dict_keys(['example_branch_operator']) retrieved from /home/airflow/.local/lib/python3.7/site-packages/airflow/example_dags/example_branch_operator.py
[2025-03-16T08:55:19.606+0000] {logging_mixin.py:120} INFO - [2025-03-16T08:55:19.606+0000] {dag.py:2585} INFO - Sync 1 DAGs
[2025-03-16T08:55:19.674+0000] {logging_mixin.py:120} INFO - [2025-03-16T08:55:19.673+0000] {dag.py:3340} INFO - Setting next_dagrun for example_branch_operator to 2025-03-15T00:00:00+00:00, run_after=2025-03-16T00:00:00+00:00
[2025-03-16T08:55:19.711+0000] {processor.py:176} INFO - Processing /home/airflow/.local/lib/python3.7/site-packages/airflow/example_dags/example_branch_operator.py took 0.258 seconds
[2025-03-16T08:55:51.264+0000] {processor.py:154} INFO - Started process (PID=2814) to work on /home/airflow/.local/lib/python3.7/site-packages/airflow/example_dags/example_branch_operator.py
[2025-03-16T08:55:51.267+0000] {processor.py:756} INFO - Processing file /home/airflow/.local/lib/python3.7/site-packages/airflow/example_dags/example_branch_operator.py for tasks to queue
[2025-03-16T08:55:51.268+0000] {logging_mixin.py:120} INFO - [2025-03-16T08:55:51.268+0000] {dagbag.py:537} INFO - Filling up the DagBag from /home/airflow/.local/lib/python3.7/site-packages/airflow/example_dags/example_branch_operator.py
[2025-03-16T08:55:51.311+0000] {processor.py:766} INFO - DAG(s) dict_keys(['example_branch_operator']) retrieved from /home/airflow/.local/lib/python3.7/site-packages/airflow/example_dags/example_branch_operator.py
[2025-03-16T08:55:51.383+0000] {logging_mixin.py:120} INFO - [2025-03-16T08:55:51.382+0000] {dag.py:2585} INFO - Sync 1 DAGs
[2025-03-16T08:55:51.428+0000] {logging_mixin.py:120} INFO - [2025-03-16T08:55:51.428+0000] {dag.py:3340} INFO - Setting next_dagrun for example_branch_operator to 2025-03-15T00:00:00+00:00, run_after=2025-03-16T00:00:00+00:00
[2025-03-16T08:55:51.457+0000] {processor.py:176} INFO - Processing /home/airflow/.local/lib/python3.7/site-packages/airflow/example_dags/example_branch_operator.py took 0.203 seconds
[2025-03-16T08:56:22.786+0000] {processor.py:154} INFO - Started process (PID=2868) to work on /home/airflow/.local/lib/python3.7/site-packages/airflow/example_dags/example_branch_operator.py
[2025-03-16T08:56:22.787+0000] {processor.py:756} INFO - Processing file /home/airflow/.local/lib/python3.7/site-packages/airflow/example_dags/example_branch_operator.py for tasks to queue
[2025-03-16T08:56:22.788+0000] {logging_mixin.py:120} INFO - [2025-03-16T08:56:22.788+0000] {dagbag.py:537} INFO - Filling up the DagBag from /home/airflow/.local/lib/python3.7/site-packages/airflow/example_dags/example_branch_operator.py
[2025-03-16T08:56:22.807+0000] {processor.py:766} INFO - DAG(s) dict_keys(['example_branch_operator']) retrieved from /home/airflow/.local/lib/python3.7/site-packages/airflow/example_dags/example_branch_operator.py
[2025-03-16T08:56:22.870+0000] {logging_mixin.py:120} INFO - [2025-03-16T08:56:22.870+0000] {dag.py:2585} INFO - Sync 1 DAGs
[2025-03-16T08:56:22.910+0000] {logging_mixin.py:120} INFO - [2025-03-16T08:56:22.910+0000] {dag.py:3340} INFO - Setting next_dagrun for example_branch_operator to 2025-03-15T00:00:00+00:00, run_after=2025-03-16T00:00:00+00:00
[2025-03-16T08:56:22.932+0000] {processor.py:176} INFO - Processing /home/airflow/.local/lib/python3.7/site-packages/airflow/example_dags/example_branch_operator.py took 0.153 seconds
[2025-03-16T08:56:53.975+0000] {processor.py:154} INFO - Started process (PID=2931) to work on /home/airflow/.local/lib/python3.7/site-packages/airflow/example_dags/example_branch_operator.py
[2025-03-16T08:56:53.976+0000] {processor.py:756} INFO - Processing file /home/airflow/.local/lib/python3.7/site-packages/airflow/example_dags/example_branch_operator.py for tasks to queue
[2025-03-16T08:56:53.977+0000] {logging_mixin.py:120} INFO - [2025-03-16T08:56:53.976+0000] {dagbag.py:537} INFO - Filling up the DagBag from /home/airflow/.local/lib/python3.7/site-packages/airflow/example_dags/example_branch_operator.py
[2025-03-16T08:56:53.996+0000] {processor.py:766} INFO - DAG(s) dict_keys(['example_branch_operator']) retrieved from /home/airflow/.local/lib/python3.7/site-packages/airflow/example_dags/example_branch_operator.py
[2025-03-16T08:56:54.043+0000] {logging_mixin.py:120} INFO - [2025-03-16T08:56:54.043+0000] {dag.py:2585} INFO - Sync 1 DAGs
[2025-03-16T08:56:54.077+0000] {logging_mixin.py:120} INFO - [2025-03-16T08:56:54.076+0000] {dag.py:3340} INFO - Setting next_dagrun for example_branch_operator to 2025-03-15T00:00:00+00:00, run_after=2025-03-16T00:00:00+00:00
[2025-03-16T08:56:54.102+0000] {processor.py:176} INFO - Processing /home/airflow/.local/lib/python3.7/site-packages/airflow/example_dags/example_branch_operator.py took 0.133 seconds
