[2025-03-16T08:31:42.444+0000] {processor.py:154} INFO - Started process (PID=62) to work on /home/airflow/.local/lib/python3.7/site-packages/airflow/example_dags/example_short_circuit_decorator.py
[2025-03-16T08:31:42.447+0000] {processor.py:756} INFO - Processing file /home/airflow/.local/lib/python3.7/site-packages/airflow/example_dags/example_short_circuit_decorator.py for tasks to queue
[2025-03-16T08:31:42.452+0000] {logging_mixin.py:120} INFO - [2025-03-16T08:31:42.452+0000] {dagbag.py:537} INFO - Filling up the DagBag from /home/airflow/.local/lib/python3.7/site-packages/airflow/example_dags/example_short_circuit_decorator.py
[2025-03-16T08:31:42.572+0000] {processor.py:766} INFO - DAG(s) dict_keys(['example_short_circuit_decorator']) retrieved from /home/airflow/.local/lib/python3.7/site-packages/airflow/example_dags/example_short_circuit_decorator.py
[2025-03-16T08:31:43.378+0000] {logging_mixin.py:120} INFO - [2025-03-16T08:31:43.378+0000] {manager.py:507} INFO - Created Permission View: can read on DAG:example_short_circuit_decorator
[2025-03-16T08:31:43.463+0000] {logging_mixin.py:120} INFO - [2025-03-16T08:31:43.463+0000] {manager.py:507} INFO - Created Permission View: can edit on DAG:example_short_circuit_decorator
[2025-03-16T08:31:43.497+0000] {logging_mixin.py:120} INFO - [2025-03-16T08:31:43.497+0000] {manager.py:507} INFO - Created Permission View: can delete on DAG:example_short_circuit_decorator
[2025-03-16T08:31:43.498+0000] {logging_mixin.py:120} INFO - [2025-03-16T08:31:43.498+0000] {dag.py:2585} INFO - Sync 1 DAGs
[2025-03-16T08:31:43.596+0000] {logging_mixin.py:120} INFO - [2025-03-16T08:31:43.596+0000] {dag.py:2606} INFO - Creating ORM DAG for example_short_circuit_decorator
[2025-03-16T08:31:43.650+0000] {logging_mixin.py:120} INFO - [2025-03-16T08:31:43.649+0000] {dag.py:3340} INFO - Setting next_dagrun for example_short_circuit_decorator to 2025-03-15T08:31:43.649622+00:00, run_after=2025-03-16T08:31:43.649622+00:00
[2025-03-16T08:31:43.736+0000] {processor.py:176} INFO - Processing /home/airflow/.local/lib/python3.7/site-packages/airflow/example_dags/example_short_circuit_decorator.py took 1.313 seconds
[2025-03-16T08:32:14.244+0000] {processor.py:154} INFO - Started process (PID=116) to work on /home/airflow/.local/lib/python3.7/site-packages/airflow/example_dags/example_short_circuit_decorator.py
[2025-03-16T08:32:14.245+0000] {processor.py:756} INFO - Processing file /home/airflow/.local/lib/python3.7/site-packages/airflow/example_dags/example_short_circuit_decorator.py for tasks to queue
[2025-03-16T08:32:14.246+0000] {logging_mixin.py:120} INFO - [2025-03-16T08:32:14.246+0000] {dagbag.py:537} INFO - Filling up the DagBag from /home/airflow/.local/lib/python3.7/site-packages/airflow/example_dags/example_short_circuit_decorator.py
[2025-03-16T08:32:14.305+0000] {processor.py:766} INFO - DAG(s) dict_keys(['example_short_circuit_decorator']) retrieved from /home/airflow/.local/lib/python3.7/site-packages/airflow/example_dags/example_short_circuit_decorator.py
[2025-03-16T08:32:14.384+0000] {logging_mixin.py:120} INFO - [2025-03-16T08:32:14.384+0000] {dag.py:2585} INFO - Sync 1 DAGs
[2025-03-16T08:32:14.430+0000] {logging_mixin.py:120} INFO - [2025-03-16T08:32:14.430+0000] {dag.py:3340} INFO - Setting next_dagrun for example_short_circuit_decorator to 2025-03-15T08:32:14.430092+00:00, run_after=2025-03-16T08:32:14.430092+00:00
[2025-03-16T08:32:14.464+0000] {processor.py:176} INFO - Processing /home/airflow/.local/lib/python3.7/site-packages/airflow/example_dags/example_short_circuit_decorator.py took 0.234 seconds
[2025-03-16T08:32:45.136+0000] {processor.py:154} INFO - Started process (PID=171) to work on /home/airflow/.local/lib/python3.7/site-packages/airflow/example_dags/example_short_circuit_decorator.py
[2025-03-16T08:32:45.142+0000] {processor.py:756} INFO - Processing file /home/airflow/.local/lib/python3.7/site-packages/airflow/example_dags/example_short_circuit_decorator.py for tasks to queue
[2025-03-16T08:32:45.144+0000] {logging_mixin.py:120} INFO - [2025-03-16T08:32:45.143+0000] {dagbag.py:537} INFO - Filling up the DagBag from /home/airflow/.local/lib/python3.7/site-packages/airflow/example_dags/example_short_circuit_decorator.py
[2025-03-16T08:32:45.200+0000] {processor.py:766} INFO - DAG(s) dict_keys(['example_short_circuit_decorator']) retrieved from /home/airflow/.local/lib/python3.7/site-packages/airflow/example_dags/example_short_circuit_decorator.py
[2025-03-16T08:32:45.285+0000] {logging_mixin.py:120} INFO - [2025-03-16T08:32:45.284+0000] {dag.py:2585} INFO - Sync 1 DAGs
[2025-03-16T08:32:45.339+0000] {logging_mixin.py:120} INFO - [2025-03-16T08:32:45.339+0000] {dag.py:3340} INFO - Setting next_dagrun for example_short_circuit_decorator to 2025-03-15T08:32:45.338845+00:00, run_after=2025-03-16T08:32:45.338845+00:00
[2025-03-16T08:32:45.370+0000] {processor.py:176} INFO - Processing /home/airflow/.local/lib/python3.7/site-packages/airflow/example_dags/example_short_circuit_decorator.py took 0.239 seconds
[2025-03-16T08:33:15.522+0000] {processor.py:154} INFO - Started process (PID=233) to work on /home/airflow/.local/lib/python3.7/site-packages/airflow/example_dags/example_short_circuit_decorator.py
[2025-03-16T08:33:15.525+0000] {processor.py:756} INFO - Processing file /home/airflow/.local/lib/python3.7/site-packages/airflow/example_dags/example_short_circuit_decorator.py for tasks to queue
[2025-03-16T08:33:15.527+0000] {logging_mixin.py:120} INFO - [2025-03-16T08:33:15.527+0000] {dagbag.py:537} INFO - Filling up the DagBag from /home/airflow/.local/lib/python3.7/site-packages/airflow/example_dags/example_short_circuit_decorator.py
[2025-03-16T08:33:15.598+0000] {processor.py:766} INFO - DAG(s) dict_keys(['example_short_circuit_decorator']) retrieved from /home/airflow/.local/lib/python3.7/site-packages/airflow/example_dags/example_short_circuit_decorator.py
[2025-03-16T08:33:15.675+0000] {logging_mixin.py:120} INFO - [2025-03-16T08:33:15.675+0000] {dag.py:2585} INFO - Sync 1 DAGs
[2025-03-16T08:33:15.722+0000] {logging_mixin.py:120} INFO - [2025-03-16T08:33:15.722+0000] {dag.py:3340} INFO - Setting next_dagrun for example_short_circuit_decorator to 2025-03-15T08:33:15.722375+00:00, run_after=2025-03-16T08:33:15.722375+00:00
[2025-03-16T08:33:15.750+0000] {processor.py:176} INFO - Processing /home/airflow/.local/lib/python3.7/site-packages/airflow/example_dags/example_short_circuit_decorator.py took 0.239 seconds
[2025-03-16T08:33:45.850+0000] {processor.py:154} INFO - Started process (PID=287) to work on /home/airflow/.local/lib/python3.7/site-packages/airflow/example_dags/example_short_circuit_decorator.py
[2025-03-16T08:33:45.855+0000] {processor.py:756} INFO - Processing file /home/airflow/.local/lib/python3.7/site-packages/airflow/example_dags/example_short_circuit_decorator.py for tasks to queue
[2025-03-16T08:33:45.857+0000] {logging_mixin.py:120} INFO - [2025-03-16T08:33:45.856+0000] {dagbag.py:537} INFO - Filling up the DagBag from /home/airflow/.local/lib/python3.7/site-packages/airflow/example_dags/example_short_circuit_decorator.py
[2025-03-16T08:33:45.917+0000] {processor.py:766} INFO - DAG(s) dict_keys(['example_short_circuit_decorator']) retrieved from /home/airflow/.local/lib/python3.7/site-packages/airflow/example_dags/example_short_circuit_decorator.py
[2025-03-16T08:33:46.010+0000] {logging_mixin.py:120} INFO - [2025-03-16T08:33:46.010+0000] {dag.py:2585} INFO - Sync 1 DAGs
[2025-03-16T08:33:46.073+0000] {logging_mixin.py:120} INFO - [2025-03-16T08:33:46.073+0000] {dag.py:3340} INFO - Setting next_dagrun for example_short_circuit_decorator to 2025-03-15T08:33:46.072717+00:00, run_after=2025-03-16T08:33:46.072717+00:00
[2025-03-16T08:33:46.107+0000] {processor.py:176} INFO - Processing /home/airflow/.local/lib/python3.7/site-packages/airflow/example_dags/example_short_circuit_decorator.py took 0.270 seconds
[2025-03-16T08:34:16.616+0000] {processor.py:154} INFO - Started process (PID=351) to work on /home/airflow/.local/lib/python3.7/site-packages/airflow/example_dags/example_short_circuit_decorator.py
[2025-03-16T08:34:16.619+0000] {processor.py:756} INFO - Processing file /home/airflow/.local/lib/python3.7/site-packages/airflow/example_dags/example_short_circuit_decorator.py for tasks to queue
[2025-03-16T08:34:16.620+0000] {logging_mixin.py:120} INFO - [2025-03-16T08:34:16.620+0000] {dagbag.py:537} INFO - Filling up the DagBag from /home/airflow/.local/lib/python3.7/site-packages/airflow/example_dags/example_short_circuit_decorator.py
[2025-03-16T08:34:16.708+0000] {processor.py:766} INFO - DAG(s) dict_keys(['example_short_circuit_decorator']) retrieved from /home/airflow/.local/lib/python3.7/site-packages/airflow/example_dags/example_short_circuit_decorator.py
[2025-03-16T08:34:16.782+0000] {logging_mixin.py:120} INFO - [2025-03-16T08:34:16.781+0000] {dag.py:2585} INFO - Sync 1 DAGs
[2025-03-16T08:34:16.849+0000] {logging_mixin.py:120} INFO - [2025-03-16T08:34:16.849+0000] {dag.py:3340} INFO - Setting next_dagrun for example_short_circuit_decorator to 2025-03-15T08:34:16.848297+00:00, run_after=2025-03-16T08:34:16.848297+00:00
[2025-03-16T08:34:16.898+0000] {processor.py:176} INFO - Processing /home/airflow/.local/lib/python3.7/site-packages/airflow/example_dags/example_short_circuit_decorator.py took 0.293 seconds
[2025-03-16T08:34:47.430+0000] {processor.py:154} INFO - Started process (PID=404) to work on /home/airflow/.local/lib/python3.7/site-packages/airflow/example_dags/example_short_circuit_decorator.py
[2025-03-16T08:34:47.433+0000] {processor.py:756} INFO - Processing file /home/airflow/.local/lib/python3.7/site-packages/airflow/example_dags/example_short_circuit_decorator.py for tasks to queue
[2025-03-16T08:34:47.434+0000] {logging_mixin.py:120} INFO - [2025-03-16T08:34:47.434+0000] {dagbag.py:537} INFO - Filling up the DagBag from /home/airflow/.local/lib/python3.7/site-packages/airflow/example_dags/example_short_circuit_decorator.py
[2025-03-16T08:34:47.496+0000] {processor.py:766} INFO - DAG(s) dict_keys(['example_short_circuit_decorator']) retrieved from /home/airflow/.local/lib/python3.7/site-packages/airflow/example_dags/example_short_circuit_decorator.py
[2025-03-16T08:34:47.599+0000] {logging_mixin.py:120} INFO - [2025-03-16T08:34:47.598+0000] {dag.py:2585} INFO - Sync 1 DAGs
[2025-03-16T08:34:47.659+0000] {logging_mixin.py:120} INFO - [2025-03-16T08:34:47.659+0000] {dag.py:3340} INFO - Setting next_dagrun for example_short_circuit_decorator to 2025-03-15T08:34:47.658709+00:00, run_after=2025-03-16T08:34:47.658709+00:00
[2025-03-16T08:34:47.716+0000] {processor.py:176} INFO - Processing /home/airflow/.local/lib/python3.7/site-packages/airflow/example_dags/example_short_circuit_decorator.py took 0.299 seconds
[2025-03-16T08:35:17.779+0000] {processor.py:154} INFO - Started process (PID=466) to work on /home/airflow/.local/lib/python3.7/site-packages/airflow/example_dags/example_short_circuit_decorator.py
[2025-03-16T08:35:17.783+0000] {processor.py:756} INFO - Processing file /home/airflow/.local/lib/python3.7/site-packages/airflow/example_dags/example_short_circuit_decorator.py for tasks to queue
[2025-03-16T08:35:17.787+0000] {logging_mixin.py:120} INFO - [2025-03-16T08:35:17.786+0000] {dagbag.py:537} INFO - Filling up the DagBag from /home/airflow/.local/lib/python3.7/site-packages/airflow/example_dags/example_short_circuit_decorator.py
[2025-03-16T08:35:17.919+0000] {processor.py:766} INFO - DAG(s) dict_keys(['example_short_circuit_decorator']) retrieved from /home/airflow/.local/lib/python3.7/site-packages/airflow/example_dags/example_short_circuit_decorator.py
[2025-03-16T08:35:18.103+0000] {logging_mixin.py:120} INFO - [2025-03-16T08:35:18.102+0000] {dag.py:2585} INFO - Sync 1 DAGs
[2025-03-16T08:35:18.185+0000] {logging_mixin.py:120} INFO - [2025-03-16T08:35:18.185+0000] {dag.py:3340} INFO - Setting next_dagrun for example_short_circuit_decorator to 2025-03-15T08:35:18.185285+00:00, run_after=2025-03-16T08:35:18.185285+00:00
[2025-03-16T08:35:18.232+0000] {processor.py:176} INFO - Processing /home/airflow/.local/lib/python3.7/site-packages/airflow/example_dags/example_short_circuit_decorator.py took 0.460 seconds
[2025-03-16T08:35:48.551+0000] {processor.py:154} INFO - Started process (PID=520) to work on /home/airflow/.local/lib/python3.7/site-packages/airflow/example_dags/example_short_circuit_decorator.py
[2025-03-16T08:35:48.552+0000] {processor.py:756} INFO - Processing file /home/airflow/.local/lib/python3.7/site-packages/airflow/example_dags/example_short_circuit_decorator.py for tasks to queue
[2025-03-16T08:35:48.553+0000] {logging_mixin.py:120} INFO - [2025-03-16T08:35:48.553+0000] {dagbag.py:537} INFO - Filling up the DagBag from /home/airflow/.local/lib/python3.7/site-packages/airflow/example_dags/example_short_circuit_decorator.py
[2025-03-16T08:35:48.632+0000] {processor.py:766} INFO - DAG(s) dict_keys(['example_short_circuit_decorator']) retrieved from /home/airflow/.local/lib/python3.7/site-packages/airflow/example_dags/example_short_circuit_decorator.py
[2025-03-16T08:35:48.698+0000] {logging_mixin.py:120} INFO - [2025-03-16T08:35:48.698+0000] {dag.py:2585} INFO - Sync 1 DAGs
[2025-03-16T08:35:48.735+0000] {logging_mixin.py:120} INFO - [2025-03-16T08:35:48.735+0000] {dag.py:3340} INFO - Setting next_dagrun for example_short_circuit_decorator to 2025-03-15T08:35:48.734845+00:00, run_after=2025-03-16T08:35:48.734845+00:00
[2025-03-16T08:35:48.760+0000] {processor.py:176} INFO - Processing /home/airflow/.local/lib/python3.7/site-packages/airflow/example_dags/example_short_circuit_decorator.py took 0.215 seconds
[2025-03-16T08:36:19.134+0000] {processor.py:154} INFO - Started process (PID=581) to work on /home/airflow/.local/lib/python3.7/site-packages/airflow/example_dags/example_short_circuit_decorator.py
[2025-03-16T08:36:19.137+0000] {processor.py:756} INFO - Processing file /home/airflow/.local/lib/python3.7/site-packages/airflow/example_dags/example_short_circuit_decorator.py for tasks to queue
[2025-03-16T08:36:19.139+0000] {logging_mixin.py:120} INFO - [2025-03-16T08:36:19.138+0000] {dagbag.py:537} INFO - Filling up the DagBag from /home/airflow/.local/lib/python3.7/site-packages/airflow/example_dags/example_short_circuit_decorator.py
[2025-03-16T08:36:19.255+0000] {processor.py:766} INFO - DAG(s) dict_keys(['example_short_circuit_decorator']) retrieved from /home/airflow/.local/lib/python3.7/site-packages/airflow/example_dags/example_short_circuit_decorator.py
[2025-03-16T08:36:19.328+0000] {logging_mixin.py:120} INFO - [2025-03-16T08:36:19.328+0000] {dag.py:2585} INFO - Sync 1 DAGs
[2025-03-16T08:36:19.375+0000] {logging_mixin.py:120} INFO - [2025-03-16T08:36:19.375+0000] {dag.py:3340} INFO - Setting next_dagrun for example_short_circuit_decorator to 2025-03-15T08:36:19.374849+00:00, run_after=2025-03-16T08:36:19.374849+00:00
[2025-03-16T08:36:19.435+0000] {processor.py:176} INFO - Processing /home/airflow/.local/lib/python3.7/site-packages/airflow/example_dags/example_short_circuit_decorator.py took 0.309 seconds
[2025-03-16T08:36:49.828+0000] {processor.py:154} INFO - Started process (PID=637) to work on /home/airflow/.local/lib/python3.7/site-packages/airflow/example_dags/example_short_circuit_decorator.py
[2025-03-16T08:36:49.832+0000] {processor.py:756} INFO - Processing file /home/airflow/.local/lib/python3.7/site-packages/airflow/example_dags/example_short_circuit_decorator.py for tasks to queue
[2025-03-16T08:36:49.834+0000] {logging_mixin.py:120} INFO - [2025-03-16T08:36:49.834+0000] {dagbag.py:537} INFO - Filling up the DagBag from /home/airflow/.local/lib/python3.7/site-packages/airflow/example_dags/example_short_circuit_decorator.py
[2025-03-16T08:36:49.889+0000] {processor.py:766} INFO - DAG(s) dict_keys(['example_short_circuit_decorator']) retrieved from /home/airflow/.local/lib/python3.7/site-packages/airflow/example_dags/example_short_circuit_decorator.py
[2025-03-16T08:36:49.982+0000] {logging_mixin.py:120} INFO - [2025-03-16T08:36:49.982+0000] {dag.py:2585} INFO - Sync 1 DAGs
[2025-03-16T08:36:50.042+0000] {logging_mixin.py:120} INFO - [2025-03-16T08:36:50.041+0000] {dag.py:3340} INFO - Setting next_dagrun for example_short_circuit_decorator to 2025-03-15T08:36:50.041357+00:00, run_after=2025-03-16T08:36:50.041357+00:00
[2025-03-16T08:36:50.075+0000] {processor.py:176} INFO - Processing /home/airflow/.local/lib/python3.7/site-packages/airflow/example_dags/example_short_circuit_decorator.py took 0.256 seconds
[2025-03-16T08:37:20.538+0000] {processor.py:154} INFO - Started process (PID=690) to work on /home/airflow/.local/lib/python3.7/site-packages/airflow/example_dags/example_short_circuit_decorator.py
[2025-03-16T08:37:20.541+0000] {processor.py:756} INFO - Processing file /home/airflow/.local/lib/python3.7/site-packages/airflow/example_dags/example_short_circuit_decorator.py for tasks to queue
[2025-03-16T08:37:20.542+0000] {logging_mixin.py:120} INFO - [2025-03-16T08:37:20.542+0000] {dagbag.py:537} INFO - Filling up the DagBag from /home/airflow/.local/lib/python3.7/site-packages/airflow/example_dags/example_short_circuit_decorator.py
[2025-03-16T08:37:20.597+0000] {processor.py:766} INFO - DAG(s) dict_keys(['example_short_circuit_decorator']) retrieved from /home/airflow/.local/lib/python3.7/site-packages/airflow/example_dags/example_short_circuit_decorator.py
[2025-03-16T08:37:20.699+0000] {logging_mixin.py:120} INFO - [2025-03-16T08:37:20.698+0000] {dag.py:2585} INFO - Sync 1 DAGs
[2025-03-16T08:37:20.771+0000] {logging_mixin.py:120} INFO - [2025-03-16T08:37:20.771+0000] {dag.py:3340} INFO - Setting next_dagrun for example_short_circuit_decorator to 2025-03-15T08:37:20.770980+00:00, run_after=2025-03-16T08:37:20.770980+00:00
[2025-03-16T08:37:20.848+0000] {processor.py:176} INFO - Processing /home/airflow/.local/lib/python3.7/site-packages/airflow/example_dags/example_short_circuit_decorator.py took 0.318 seconds
[2025-03-16T08:37:51.613+0000] {processor.py:154} INFO - Started process (PID=753) to work on /home/airflow/.local/lib/python3.7/site-packages/airflow/example_dags/example_short_circuit_decorator.py
[2025-03-16T08:37:51.615+0000] {processor.py:756} INFO - Processing file /home/airflow/.local/lib/python3.7/site-packages/airflow/example_dags/example_short_circuit_decorator.py for tasks to queue
[2025-03-16T08:37:51.616+0000] {logging_mixin.py:120} INFO - [2025-03-16T08:37:51.616+0000] {dagbag.py:537} INFO - Filling up the DagBag from /home/airflow/.local/lib/python3.7/site-packages/airflow/example_dags/example_short_circuit_decorator.py
[2025-03-16T08:37:51.682+0000] {processor.py:766} INFO - DAG(s) dict_keys(['example_short_circuit_decorator']) retrieved from /home/airflow/.local/lib/python3.7/site-packages/airflow/example_dags/example_short_circuit_decorator.py
[2025-03-16T08:37:51.757+0000] {logging_mixin.py:120} INFO - [2025-03-16T08:37:51.757+0000] {dag.py:2585} INFO - Sync 1 DAGs
[2025-03-16T08:37:51.809+0000] {logging_mixin.py:120} INFO - [2025-03-16T08:37:51.809+0000] {dag.py:3340} INFO - Setting next_dagrun for example_short_circuit_decorator to 2025-03-15T08:37:51.808847+00:00, run_after=2025-03-16T08:37:51.808847+00:00
[2025-03-16T08:37:51.838+0000] {processor.py:176} INFO - Processing /home/airflow/.local/lib/python3.7/site-packages/airflow/example_dags/example_short_circuit_decorator.py took 0.238 seconds
[2025-03-16T08:38:22.549+0000] {processor.py:154} INFO - Started process (PID=808) to work on /home/airflow/.local/lib/python3.7/site-packages/airflow/example_dags/example_short_circuit_decorator.py
[2025-03-16T08:38:22.551+0000] {processor.py:756} INFO - Processing file /home/airflow/.local/lib/python3.7/site-packages/airflow/example_dags/example_short_circuit_decorator.py for tasks to queue
[2025-03-16T08:38:22.551+0000] {logging_mixin.py:120} INFO - [2025-03-16T08:38:22.551+0000] {dagbag.py:537} INFO - Filling up the DagBag from /home/airflow/.local/lib/python3.7/site-packages/airflow/example_dags/example_short_circuit_decorator.py
[2025-03-16T08:38:22.593+0000] {processor.py:766} INFO - DAG(s) dict_keys(['example_short_circuit_decorator']) retrieved from /home/airflow/.local/lib/python3.7/site-packages/airflow/example_dags/example_short_circuit_decorator.py
[2025-03-16T08:38:22.679+0000] {logging_mixin.py:120} INFO - [2025-03-16T08:38:22.679+0000] {dag.py:2585} INFO - Sync 1 DAGs
[2025-03-16T08:38:22.728+0000] {logging_mixin.py:120} INFO - [2025-03-16T08:38:22.728+0000] {dag.py:3340} INFO - Setting next_dagrun for example_short_circuit_decorator to 2025-03-15T08:38:22.728276+00:00, run_after=2025-03-16T08:38:22.728276+00:00
[2025-03-16T08:38:22.763+0000] {processor.py:176} INFO - Processing /home/airflow/.local/lib/python3.7/site-packages/airflow/example_dags/example_short_circuit_decorator.py took 0.221 seconds
[2025-03-16T08:38:53.220+0000] {processor.py:154} INFO - Started process (PID=871) to work on /home/airflow/.local/lib/python3.7/site-packages/airflow/example_dags/example_short_circuit_decorator.py
[2025-03-16T08:38:53.222+0000] {processor.py:756} INFO - Processing file /home/airflow/.local/lib/python3.7/site-packages/airflow/example_dags/example_short_circuit_decorator.py for tasks to queue
[2025-03-16T08:38:53.223+0000] {logging_mixin.py:120} INFO - [2025-03-16T08:38:53.223+0000] {dagbag.py:537} INFO - Filling up the DagBag from /home/airflow/.local/lib/python3.7/site-packages/airflow/example_dags/example_short_circuit_decorator.py
[2025-03-16T08:38:53.270+0000] {processor.py:766} INFO - DAG(s) dict_keys(['example_short_circuit_decorator']) retrieved from /home/airflow/.local/lib/python3.7/site-packages/airflow/example_dags/example_short_circuit_decorator.py
[2025-03-16T08:38:53.351+0000] {logging_mixin.py:120} INFO - [2025-03-16T08:38:53.351+0000] {dag.py:2585} INFO - Sync 1 DAGs
[2025-03-16T08:38:53.407+0000] {logging_mixin.py:120} INFO - [2025-03-16T08:38:53.406+0000] {dag.py:3340} INFO - Setting next_dagrun for example_short_circuit_decorator to 2025-03-15T08:38:53.406328+00:00, run_after=2025-03-16T08:38:53.406328+00:00
[2025-03-16T08:38:53.464+0000] {processor.py:176} INFO - Processing /home/airflow/.local/lib/python3.7/site-packages/airflow/example_dags/example_short_circuit_decorator.py took 0.250 seconds
[2025-03-16T08:39:24.000+0000] {processor.py:154} INFO - Started process (PID=925) to work on /home/airflow/.local/lib/python3.7/site-packages/airflow/example_dags/example_short_circuit_decorator.py
[2025-03-16T08:39:24.002+0000] {processor.py:756} INFO - Processing file /home/airflow/.local/lib/python3.7/site-packages/airflow/example_dags/example_short_circuit_decorator.py for tasks to queue
[2025-03-16T08:39:24.003+0000] {logging_mixin.py:120} INFO - [2025-03-16T08:39:24.002+0000] {dagbag.py:537} INFO - Filling up the DagBag from /home/airflow/.local/lib/python3.7/site-packages/airflow/example_dags/example_short_circuit_decorator.py
[2025-03-16T08:39:24.048+0000] {processor.py:766} INFO - DAG(s) dict_keys(['example_short_circuit_decorator']) retrieved from /home/airflow/.local/lib/python3.7/site-packages/airflow/example_dags/example_short_circuit_decorator.py
[2025-03-16T08:39:24.167+0000] {logging_mixin.py:120} INFO - [2025-03-16T08:39:24.166+0000] {dag.py:2585} INFO - Sync 1 DAGs
[2025-03-16T08:39:24.226+0000] {logging_mixin.py:120} INFO - [2025-03-16T08:39:24.226+0000] {dag.py:3340} INFO - Setting next_dagrun for example_short_circuit_decorator to 2025-03-15T08:39:24.226166+00:00, run_after=2025-03-16T08:39:24.226166+00:00
[2025-03-16T08:39:24.248+0000] {processor.py:176} INFO - Processing /home/airflow/.local/lib/python3.7/site-packages/airflow/example_dags/example_short_circuit_decorator.py took 0.253 seconds
[2025-03-16T08:39:54.500+0000] {processor.py:154} INFO - Started process (PID=988) to work on /home/airflow/.local/lib/python3.7/site-packages/airflow/example_dags/example_short_circuit_decorator.py
[2025-03-16T08:39:54.502+0000] {processor.py:756} INFO - Processing file /home/airflow/.local/lib/python3.7/site-packages/airflow/example_dags/example_short_circuit_decorator.py for tasks to queue
[2025-03-16T08:39:54.503+0000] {logging_mixin.py:120} INFO - [2025-03-16T08:39:54.502+0000] {dagbag.py:537} INFO - Filling up the DagBag from /home/airflow/.local/lib/python3.7/site-packages/airflow/example_dags/example_short_circuit_decorator.py
[2025-03-16T08:39:54.546+0000] {processor.py:766} INFO - DAG(s) dict_keys(['example_short_circuit_decorator']) retrieved from /home/airflow/.local/lib/python3.7/site-packages/airflow/example_dags/example_short_circuit_decorator.py
[2025-03-16T08:39:54.621+0000] {logging_mixin.py:120} INFO - [2025-03-16T08:39:54.620+0000] {dag.py:2585} INFO - Sync 1 DAGs
[2025-03-16T08:39:54.678+0000] {logging_mixin.py:120} INFO - [2025-03-16T08:39:54.678+0000] {dag.py:3340} INFO - Setting next_dagrun for example_short_circuit_decorator to 2025-03-15T08:39:54.678136+00:00, run_after=2025-03-16T08:39:54.678136+00:00
[2025-03-16T08:39:54.718+0000] {processor.py:176} INFO - Processing /home/airflow/.local/lib/python3.7/site-packages/airflow/example_dags/example_short_circuit_decorator.py took 0.224 seconds
[2025-03-16T08:40:25.306+0000] {processor.py:154} INFO - Started process (PID=1042) to work on /home/airflow/.local/lib/python3.7/site-packages/airflow/example_dags/example_short_circuit_decorator.py
[2025-03-16T08:40:25.308+0000] {processor.py:756} INFO - Processing file /home/airflow/.local/lib/python3.7/site-packages/airflow/example_dags/example_short_circuit_decorator.py for tasks to queue
[2025-03-16T08:40:25.311+0000] {logging_mixin.py:120} INFO - [2025-03-16T08:40:25.311+0000] {dagbag.py:537} INFO - Filling up the DagBag from /home/airflow/.local/lib/python3.7/site-packages/airflow/example_dags/example_short_circuit_decorator.py
[2025-03-16T08:40:25.366+0000] {processor.py:766} INFO - DAG(s) dict_keys(['example_short_circuit_decorator']) retrieved from /home/airflow/.local/lib/python3.7/site-packages/airflow/example_dags/example_short_circuit_decorator.py
[2025-03-16T08:40:25.454+0000] {logging_mixin.py:120} INFO - [2025-03-16T08:40:25.454+0000] {dag.py:2585} INFO - Sync 1 DAGs
[2025-03-16T08:40:25.507+0000] {logging_mixin.py:120} INFO - [2025-03-16T08:40:25.507+0000] {dag.py:3340} INFO - Setting next_dagrun for example_short_circuit_decorator to 2025-03-15T08:40:25.506891+00:00, run_after=2025-03-16T08:40:25.506891+00:00
[2025-03-16T08:40:25.547+0000] {processor.py:176} INFO - Processing /home/airflow/.local/lib/python3.7/site-packages/airflow/example_dags/example_short_circuit_decorator.py took 0.248 seconds
[2025-03-16T08:40:55.628+0000] {processor.py:154} INFO - Started process (PID=1104) to work on /home/airflow/.local/lib/python3.7/site-packages/airflow/example_dags/example_short_circuit_decorator.py
[2025-03-16T08:40:55.634+0000] {processor.py:756} INFO - Processing file /home/airflow/.local/lib/python3.7/site-packages/airflow/example_dags/example_short_circuit_decorator.py for tasks to queue
[2025-03-16T08:40:55.635+0000] {logging_mixin.py:120} INFO - [2025-03-16T08:40:55.635+0000] {dagbag.py:537} INFO - Filling up the DagBag from /home/airflow/.local/lib/python3.7/site-packages/airflow/example_dags/example_short_circuit_decorator.py
[2025-03-16T08:40:55.700+0000] {processor.py:766} INFO - DAG(s) dict_keys(['example_short_circuit_decorator']) retrieved from /home/airflow/.local/lib/python3.7/site-packages/airflow/example_dags/example_short_circuit_decorator.py
[2025-03-16T08:40:55.771+0000] {logging_mixin.py:120} INFO - [2025-03-16T08:40:55.771+0000] {dag.py:2585} INFO - Sync 1 DAGs
[2025-03-16T08:40:55.814+0000] {logging_mixin.py:120} INFO - [2025-03-16T08:40:55.814+0000] {dag.py:3340} INFO - Setting next_dagrun for example_short_circuit_decorator to 2025-03-15T08:40:55.814168+00:00, run_after=2025-03-16T08:40:55.814168+00:00
[2025-03-16T08:40:55.841+0000] {processor.py:176} INFO - Processing /home/airflow/.local/lib/python3.7/site-packages/airflow/example_dags/example_short_circuit_decorator.py took 0.222 seconds
[2025-03-16T08:41:26.525+0000] {processor.py:154} INFO - Started process (PID=1159) to work on /home/airflow/.local/lib/python3.7/site-packages/airflow/example_dags/example_short_circuit_decorator.py
[2025-03-16T08:41:26.526+0000] {processor.py:756} INFO - Processing file /home/airflow/.local/lib/python3.7/site-packages/airflow/example_dags/example_short_circuit_decorator.py for tasks to queue
[2025-03-16T08:41:26.527+0000] {logging_mixin.py:120} INFO - [2025-03-16T08:41:26.527+0000] {dagbag.py:537} INFO - Filling up the DagBag from /home/airflow/.local/lib/python3.7/site-packages/airflow/example_dags/example_short_circuit_decorator.py
[2025-03-16T08:41:26.575+0000] {processor.py:766} INFO - DAG(s) dict_keys(['example_short_circuit_decorator']) retrieved from /home/airflow/.local/lib/python3.7/site-packages/airflow/example_dags/example_short_circuit_decorator.py
[2025-03-16T08:41:26.653+0000] {logging_mixin.py:120} INFO - [2025-03-16T08:41:26.653+0000] {dag.py:2585} INFO - Sync 1 DAGs
[2025-03-16T08:41:26.704+0000] {logging_mixin.py:120} INFO - [2025-03-16T08:41:26.704+0000] {dag.py:3340} INFO - Setting next_dagrun for example_short_circuit_decorator to 2025-03-15T08:41:26.704298+00:00, run_after=2025-03-16T08:41:26.704298+00:00
[2025-03-16T08:41:26.737+0000] {processor.py:176} INFO - Processing /home/airflow/.local/lib/python3.7/site-packages/airflow/example_dags/example_short_circuit_decorator.py took 0.219 seconds
[2025-03-16T08:41:56.916+0000] {processor.py:154} INFO - Started process (PID=1222) to work on /home/airflow/.local/lib/python3.7/site-packages/airflow/example_dags/example_short_circuit_decorator.py
[2025-03-16T08:41:56.917+0000] {processor.py:756} INFO - Processing file /home/airflow/.local/lib/python3.7/site-packages/airflow/example_dags/example_short_circuit_decorator.py for tasks to queue
[2025-03-16T08:41:56.918+0000] {logging_mixin.py:120} INFO - [2025-03-16T08:41:56.918+0000] {dagbag.py:537} INFO - Filling up the DagBag from /home/airflow/.local/lib/python3.7/site-packages/airflow/example_dags/example_short_circuit_decorator.py
[2025-03-16T08:41:57.051+0000] {processor.py:766} INFO - DAG(s) dict_keys(['example_short_circuit_decorator']) retrieved from /home/airflow/.local/lib/python3.7/site-packages/airflow/example_dags/example_short_circuit_decorator.py
[2025-03-16T08:41:57.160+0000] {logging_mixin.py:120} INFO - [2025-03-16T08:41:57.160+0000] {dag.py:2585} INFO - Sync 1 DAGs
[2025-03-16T08:41:57.251+0000] {logging_mixin.py:120} INFO - [2025-03-16T08:41:57.250+0000] {dag.py:3340} INFO - Setting next_dagrun for example_short_circuit_decorator to 2025-03-15T08:41:57.250577+00:00, run_after=2025-03-16T08:41:57.250577+00:00
[2025-03-16T08:41:57.305+0000] {processor.py:176} INFO - Processing /home/airflow/.local/lib/python3.7/site-packages/airflow/example_dags/example_short_circuit_decorator.py took 0.400 seconds
[2025-03-16T08:42:27.465+0000] {processor.py:154} INFO - Started process (PID=1276) to work on /home/airflow/.local/lib/python3.7/site-packages/airflow/example_dags/example_short_circuit_decorator.py
[2025-03-16T08:42:27.467+0000] {processor.py:756} INFO - Processing file /home/airflow/.local/lib/python3.7/site-packages/airflow/example_dags/example_short_circuit_decorator.py for tasks to queue
[2025-03-16T08:42:27.468+0000] {logging_mixin.py:120} INFO - [2025-03-16T08:42:27.468+0000] {dagbag.py:537} INFO - Filling up the DagBag from /home/airflow/.local/lib/python3.7/site-packages/airflow/example_dags/example_short_circuit_decorator.py
[2025-03-16T08:42:27.515+0000] {processor.py:766} INFO - DAG(s) dict_keys(['example_short_circuit_decorator']) retrieved from /home/airflow/.local/lib/python3.7/site-packages/airflow/example_dags/example_short_circuit_decorator.py
[2025-03-16T08:42:27.618+0000] {logging_mixin.py:120} INFO - [2025-03-16T08:42:27.618+0000] {dag.py:2585} INFO - Sync 1 DAGs
[2025-03-16T08:42:27.673+0000] {logging_mixin.py:120} INFO - [2025-03-16T08:42:27.673+0000] {dag.py:3340} INFO - Setting next_dagrun for example_short_circuit_decorator to 2025-03-15T08:42:27.673317+00:00, run_after=2025-03-16T08:42:27.673317+00:00
[2025-03-16T08:42:27.716+0000] {processor.py:176} INFO - Processing /home/airflow/.local/lib/python3.7/site-packages/airflow/example_dags/example_short_circuit_decorator.py took 0.258 seconds
[2025-03-16T08:42:57.805+0000] {processor.py:154} INFO - Started process (PID=1339) to work on /home/airflow/.local/lib/python3.7/site-packages/airflow/example_dags/example_short_circuit_decorator.py
[2025-03-16T08:42:57.810+0000] {processor.py:756} INFO - Processing file /home/airflow/.local/lib/python3.7/site-packages/airflow/example_dags/example_short_circuit_decorator.py for tasks to queue
[2025-03-16T08:42:57.815+0000] {logging_mixin.py:120} INFO - [2025-03-16T08:42:57.815+0000] {dagbag.py:537} INFO - Filling up the DagBag from /home/airflow/.local/lib/python3.7/site-packages/airflow/example_dags/example_short_circuit_decorator.py
[2025-03-16T08:42:57.917+0000] {processor.py:766} INFO - DAG(s) dict_keys(['example_short_circuit_decorator']) retrieved from /home/airflow/.local/lib/python3.7/site-packages/airflow/example_dags/example_short_circuit_decorator.py
[2025-03-16T08:42:58.022+0000] {logging_mixin.py:120} INFO - [2025-03-16T08:42:58.021+0000] {dag.py:2585} INFO - Sync 1 DAGs
[2025-03-16T08:42:58.075+0000] {logging_mixin.py:120} INFO - [2025-03-16T08:42:58.075+0000] {dag.py:3340} INFO - Setting next_dagrun for example_short_circuit_decorator to 2025-03-15T08:42:58.074929+00:00, run_after=2025-03-16T08:42:58.074929+00:00
[2025-03-16T08:42:58.140+0000] {processor.py:176} INFO - Processing /home/airflow/.local/lib/python3.7/site-packages/airflow/example_dags/example_short_circuit_decorator.py took 0.342 seconds
[2025-03-16T08:43:28.696+0000] {processor.py:154} INFO - Started process (PID=1393) to work on /home/airflow/.local/lib/python3.7/site-packages/airflow/example_dags/example_short_circuit_decorator.py
[2025-03-16T08:43:28.698+0000] {processor.py:756} INFO - Processing file /home/airflow/.local/lib/python3.7/site-packages/airflow/example_dags/example_short_circuit_decorator.py for tasks to queue
[2025-03-16T08:43:28.699+0000] {logging_mixin.py:120} INFO - [2025-03-16T08:43:28.698+0000] {dagbag.py:537} INFO - Filling up the DagBag from /home/airflow/.local/lib/python3.7/site-packages/airflow/example_dags/example_short_circuit_decorator.py
[2025-03-16T08:43:28.741+0000] {processor.py:766} INFO - DAG(s) dict_keys(['example_short_circuit_decorator']) retrieved from /home/airflow/.local/lib/python3.7/site-packages/airflow/example_dags/example_short_circuit_decorator.py
[2025-03-16T08:43:28.808+0000] {logging_mixin.py:120} INFO - [2025-03-16T08:43:28.808+0000] {dag.py:2585} INFO - Sync 1 DAGs
[2025-03-16T08:43:28.853+0000] {logging_mixin.py:120} INFO - [2025-03-16T08:43:28.853+0000] {dag.py:3340} INFO - Setting next_dagrun for example_short_circuit_decorator to 2025-03-15T08:43:28.852948+00:00, run_after=2025-03-16T08:43:28.852948+00:00
[2025-03-16T08:43:28.894+0000] {processor.py:176} INFO - Processing /home/airflow/.local/lib/python3.7/site-packages/airflow/example_dags/example_short_circuit_decorator.py took 0.215 seconds
[2025-03-16T08:43:59.043+0000] {processor.py:154} INFO - Started process (PID=1447) to work on /home/airflow/.local/lib/python3.7/site-packages/airflow/example_dags/example_short_circuit_decorator.py
[2025-03-16T08:43:59.044+0000] {processor.py:756} INFO - Processing file /home/airflow/.local/lib/python3.7/site-packages/airflow/example_dags/example_short_circuit_decorator.py for tasks to queue
[2025-03-16T08:43:59.045+0000] {logging_mixin.py:120} INFO - [2025-03-16T08:43:59.045+0000] {dagbag.py:537} INFO - Filling up the DagBag from /home/airflow/.local/lib/python3.7/site-packages/airflow/example_dags/example_short_circuit_decorator.py
[2025-03-16T08:43:59.104+0000] {processor.py:766} INFO - DAG(s) dict_keys(['example_short_circuit_decorator']) retrieved from /home/airflow/.local/lib/python3.7/site-packages/airflow/example_dags/example_short_circuit_decorator.py
[2025-03-16T08:43:59.200+0000] {logging_mixin.py:120} INFO - [2025-03-16T08:43:59.200+0000] {dag.py:2585} INFO - Sync 1 DAGs
[2025-03-16T08:43:59.255+0000] {logging_mixin.py:120} INFO - [2025-03-16T08:43:59.255+0000] {dag.py:3340} INFO - Setting next_dagrun for example_short_circuit_decorator to 2025-03-15T08:43:59.254734+00:00, run_after=2025-03-16T08:43:59.254734+00:00
[2025-03-16T08:43:59.293+0000] {processor.py:176} INFO - Processing /home/airflow/.local/lib/python3.7/site-packages/airflow/example_dags/example_short_circuit_decorator.py took 0.258 seconds
[2025-03-16T08:44:29.616+0000] {processor.py:154} INFO - Started process (PID=1511) to work on /home/airflow/.local/lib/python3.7/site-packages/airflow/example_dags/example_short_circuit_decorator.py
[2025-03-16T08:44:29.618+0000] {processor.py:756} INFO - Processing file /home/airflow/.local/lib/python3.7/site-packages/airflow/example_dags/example_short_circuit_decorator.py for tasks to queue
[2025-03-16T08:44:29.618+0000] {logging_mixin.py:120} INFO - [2025-03-16T08:44:29.618+0000] {dagbag.py:537} INFO - Filling up the DagBag from /home/airflow/.local/lib/python3.7/site-packages/airflow/example_dags/example_short_circuit_decorator.py
[2025-03-16T08:44:29.663+0000] {processor.py:766} INFO - DAG(s) dict_keys(['example_short_circuit_decorator']) retrieved from /home/airflow/.local/lib/python3.7/site-packages/airflow/example_dags/example_short_circuit_decorator.py
[2025-03-16T08:44:29.753+0000] {logging_mixin.py:120} INFO - [2025-03-16T08:44:29.753+0000] {dag.py:2585} INFO - Sync 1 DAGs
[2025-03-16T08:44:29.800+0000] {logging_mixin.py:120} INFO - [2025-03-16T08:44:29.800+0000] {dag.py:3340} INFO - Setting next_dagrun for example_short_circuit_decorator to 2025-03-15T08:44:29.799849+00:00, run_after=2025-03-16T08:44:29.799849+00:00
[2025-03-16T08:44:29.832+0000] {processor.py:176} INFO - Processing /home/airflow/.local/lib/python3.7/site-packages/airflow/example_dags/example_short_circuit_decorator.py took 0.222 seconds
[2025-03-16T08:45:00.113+0000] {processor.py:154} INFO - Started process (PID=1565) to work on /home/airflow/.local/lib/python3.7/site-packages/airflow/example_dags/example_short_circuit_decorator.py
[2025-03-16T08:45:00.114+0000] {processor.py:756} INFO - Processing file /home/airflow/.local/lib/python3.7/site-packages/airflow/example_dags/example_short_circuit_decorator.py for tasks to queue
[2025-03-16T08:45:00.115+0000] {logging_mixin.py:120} INFO - [2025-03-16T08:45:00.115+0000] {dagbag.py:537} INFO - Filling up the DagBag from /home/airflow/.local/lib/python3.7/site-packages/airflow/example_dags/example_short_circuit_decorator.py
[2025-03-16T08:45:00.162+0000] {processor.py:766} INFO - DAG(s) dict_keys(['example_short_circuit_decorator']) retrieved from /home/airflow/.local/lib/python3.7/site-packages/airflow/example_dags/example_short_circuit_decorator.py
[2025-03-16T08:45:00.296+0000] {logging_mixin.py:120} INFO - [2025-03-16T08:45:00.295+0000] {dag.py:2585} INFO - Sync 1 DAGs
[2025-03-16T08:45:00.400+0000] {logging_mixin.py:120} INFO - [2025-03-16T08:45:00.399+0000] {dag.py:3340} INFO - Setting next_dagrun for example_short_circuit_decorator to 2025-03-15T08:45:00.399043+00:00, run_after=2025-03-16T08:45:00.399043+00:00
[2025-03-16T08:45:00.470+0000] {processor.py:176} INFO - Processing /home/airflow/.local/lib/python3.7/site-packages/airflow/example_dags/example_short_circuit_decorator.py took 0.363 seconds
[2025-03-16T08:45:31.078+0000] {processor.py:154} INFO - Started process (PID=1628) to work on /home/airflow/.local/lib/python3.7/site-packages/airflow/example_dags/example_short_circuit_decorator.py
[2025-03-16T08:45:31.080+0000] {processor.py:756} INFO - Processing file /home/airflow/.local/lib/python3.7/site-packages/airflow/example_dags/example_short_circuit_decorator.py for tasks to queue
[2025-03-16T08:45:31.081+0000] {logging_mixin.py:120} INFO - [2025-03-16T08:45:31.081+0000] {dagbag.py:537} INFO - Filling up the DagBag from /home/airflow/.local/lib/python3.7/site-packages/airflow/example_dags/example_short_circuit_decorator.py
[2025-03-16T08:45:31.130+0000] {processor.py:766} INFO - DAG(s) dict_keys(['example_short_circuit_decorator']) retrieved from /home/airflow/.local/lib/python3.7/site-packages/airflow/example_dags/example_short_circuit_decorator.py
[2025-03-16T08:45:31.210+0000] {logging_mixin.py:120} INFO - [2025-03-16T08:45:31.210+0000] {dag.py:2585} INFO - Sync 1 DAGs
[2025-03-16T08:45:31.265+0000] {logging_mixin.py:120} INFO - [2025-03-16T08:45:31.265+0000] {dag.py:3340} INFO - Setting next_dagrun for example_short_circuit_decorator to 2025-03-15T08:45:31.264817+00:00, run_after=2025-03-16T08:45:31.264817+00:00
[2025-03-16T08:45:31.300+0000] {processor.py:176} INFO - Processing /home/airflow/.local/lib/python3.7/site-packages/airflow/example_dags/example_short_circuit_decorator.py took 0.227 seconds
[2025-03-16T08:46:01.750+0000] {processor.py:154} INFO - Started process (PID=1682) to work on /home/airflow/.local/lib/python3.7/site-packages/airflow/example_dags/example_short_circuit_decorator.py
[2025-03-16T08:46:01.759+0000] {processor.py:756} INFO - Processing file /home/airflow/.local/lib/python3.7/site-packages/airflow/example_dags/example_short_circuit_decorator.py for tasks to queue
[2025-03-16T08:46:01.762+0000] {logging_mixin.py:120} INFO - [2025-03-16T08:46:01.762+0000] {dagbag.py:537} INFO - Filling up the DagBag from /home/airflow/.local/lib/python3.7/site-packages/airflow/example_dags/example_short_circuit_decorator.py
[2025-03-16T08:46:01.881+0000] {processor.py:766} INFO - DAG(s) dict_keys(['example_short_circuit_decorator']) retrieved from /home/airflow/.local/lib/python3.7/site-packages/airflow/example_dags/example_short_circuit_decorator.py
[2025-03-16T08:46:01.992+0000] {logging_mixin.py:120} INFO - [2025-03-16T08:46:01.991+0000] {dag.py:2585} INFO - Sync 1 DAGs
[2025-03-16T08:46:02.053+0000] {logging_mixin.py:120} INFO - [2025-03-16T08:46:02.052+0000] {dag.py:3340} INFO - Setting next_dagrun for example_short_circuit_decorator to 2025-03-15T08:46:02.052111+00:00, run_after=2025-03-16T08:46:02.052111+00:00
[2025-03-16T08:46:02.149+0000] {processor.py:176} INFO - Processing /home/airflow/.local/lib/python3.7/site-packages/airflow/example_dags/example_short_circuit_decorator.py took 0.424 seconds
[2025-03-16T08:46:32.288+0000] {processor.py:154} INFO - Started process (PID=1744) to work on /home/airflow/.local/lib/python3.7/site-packages/airflow/example_dags/example_short_circuit_decorator.py
[2025-03-16T08:46:32.290+0000] {processor.py:756} INFO - Processing file /home/airflow/.local/lib/python3.7/site-packages/airflow/example_dags/example_short_circuit_decorator.py for tasks to queue
[2025-03-16T08:46:32.291+0000] {logging_mixin.py:120} INFO - [2025-03-16T08:46:32.291+0000] {dagbag.py:537} INFO - Filling up the DagBag from /home/airflow/.local/lib/python3.7/site-packages/airflow/example_dags/example_short_circuit_decorator.py
[2025-03-16T08:46:32.331+0000] {processor.py:766} INFO - DAG(s) dict_keys(['example_short_circuit_decorator']) retrieved from /home/airflow/.local/lib/python3.7/site-packages/airflow/example_dags/example_short_circuit_decorator.py
[2025-03-16T08:46:32.399+0000] {logging_mixin.py:120} INFO - [2025-03-16T08:46:32.399+0000] {dag.py:2585} INFO - Sync 1 DAGs
[2025-03-16T08:46:32.441+0000] {logging_mixin.py:120} INFO - [2025-03-16T08:46:32.441+0000] {dag.py:3340} INFO - Setting next_dagrun for example_short_circuit_decorator to 2025-03-15T08:46:32.441227+00:00, run_after=2025-03-16T08:46:32.441227+00:00
[2025-03-16T08:46:32.468+0000] {processor.py:176} INFO - Processing /home/airflow/.local/lib/python3.7/site-packages/airflow/example_dags/example_short_circuit_decorator.py took 0.185 seconds
[2025-03-16T08:47:02.846+0000] {processor.py:154} INFO - Started process (PID=1798) to work on /home/airflow/.local/lib/python3.7/site-packages/airflow/example_dags/example_short_circuit_decorator.py
[2025-03-16T08:47:02.848+0000] {processor.py:756} INFO - Processing file /home/airflow/.local/lib/python3.7/site-packages/airflow/example_dags/example_short_circuit_decorator.py for tasks to queue
[2025-03-16T08:47:02.849+0000] {logging_mixin.py:120} INFO - [2025-03-16T08:47:02.849+0000] {dagbag.py:537} INFO - Filling up the DagBag from /home/airflow/.local/lib/python3.7/site-packages/airflow/example_dags/example_short_circuit_decorator.py
[2025-03-16T08:47:02.898+0000] {processor.py:766} INFO - DAG(s) dict_keys(['example_short_circuit_decorator']) retrieved from /home/airflow/.local/lib/python3.7/site-packages/airflow/example_dags/example_short_circuit_decorator.py
[2025-03-16T08:47:02.988+0000] {logging_mixin.py:120} INFO - [2025-03-16T08:47:02.987+0000] {dag.py:2585} INFO - Sync 1 DAGs
[2025-03-16T08:47:03.051+0000] {logging_mixin.py:120} INFO - [2025-03-16T08:47:03.051+0000] {dag.py:3340} INFO - Setting next_dagrun for example_short_circuit_decorator to 2025-03-15T08:47:03.050703+00:00, run_after=2025-03-16T08:47:03.050703+00:00
[2025-03-16T08:47:03.091+0000] {processor.py:176} INFO - Processing /home/airflow/.local/lib/python3.7/site-packages/airflow/example_dags/example_short_circuit_decorator.py took 0.253 seconds
[2025-03-16T08:47:33.848+0000] {processor.py:154} INFO - Started process (PID=1861) to work on /home/airflow/.local/lib/python3.7/site-packages/airflow/example_dags/example_short_circuit_decorator.py
[2025-03-16T08:47:33.850+0000] {processor.py:756} INFO - Processing file /home/airflow/.local/lib/python3.7/site-packages/airflow/example_dags/example_short_circuit_decorator.py for tasks to queue
[2025-03-16T08:47:33.851+0000] {logging_mixin.py:120} INFO - [2025-03-16T08:47:33.851+0000] {dagbag.py:537} INFO - Filling up the DagBag from /home/airflow/.local/lib/python3.7/site-packages/airflow/example_dags/example_short_circuit_decorator.py
[2025-03-16T08:47:33.899+0000] {processor.py:766} INFO - DAG(s) dict_keys(['example_short_circuit_decorator']) retrieved from /home/airflow/.local/lib/python3.7/site-packages/airflow/example_dags/example_short_circuit_decorator.py
[2025-03-16T08:47:33.986+0000] {logging_mixin.py:120} INFO - [2025-03-16T08:47:33.985+0000] {dag.py:2585} INFO - Sync 1 DAGs
[2025-03-16T08:47:34.044+0000] {logging_mixin.py:120} INFO - [2025-03-16T08:47:34.043+0000] {dag.py:3340} INFO - Setting next_dagrun for example_short_circuit_decorator to 2025-03-15T08:47:34.043615+00:00, run_after=2025-03-16T08:47:34.043615+00:00
[2025-03-16T08:47:34.076+0000] {processor.py:176} INFO - Processing /home/airflow/.local/lib/python3.7/site-packages/airflow/example_dags/example_short_circuit_decorator.py took 0.234 seconds
[2025-03-16T08:48:04.242+0000] {processor.py:154} INFO - Started process (PID=1915) to work on /home/airflow/.local/lib/python3.7/site-packages/airflow/example_dags/example_short_circuit_decorator.py
[2025-03-16T08:48:04.244+0000] {processor.py:756} INFO - Processing file /home/airflow/.local/lib/python3.7/site-packages/airflow/example_dags/example_short_circuit_decorator.py for tasks to queue
[2025-03-16T08:48:04.245+0000] {logging_mixin.py:120} INFO - [2025-03-16T08:48:04.245+0000] {dagbag.py:537} INFO - Filling up the DagBag from /home/airflow/.local/lib/python3.7/site-packages/airflow/example_dags/example_short_circuit_decorator.py
[2025-03-16T08:48:04.290+0000] {processor.py:766} INFO - DAG(s) dict_keys(['example_short_circuit_decorator']) retrieved from /home/airflow/.local/lib/python3.7/site-packages/airflow/example_dags/example_short_circuit_decorator.py
[2025-03-16T08:48:04.367+0000] {logging_mixin.py:120} INFO - [2025-03-16T08:48:04.367+0000] {dag.py:2585} INFO - Sync 1 DAGs
[2025-03-16T08:48:04.421+0000] {logging_mixin.py:120} INFO - [2025-03-16T08:48:04.421+0000] {dag.py:3340} INFO - Setting next_dagrun for example_short_circuit_decorator to 2025-03-15T08:48:04.421099+00:00, run_after=2025-03-16T08:48:04.421099+00:00
[2025-03-16T08:48:04.454+0000] {processor.py:176} INFO - Processing /home/airflow/.local/lib/python3.7/site-packages/airflow/example_dags/example_short_circuit_decorator.py took 0.217 seconds
[2025-03-16T08:48:34.840+0000] {processor.py:154} INFO - Started process (PID=1977) to work on /home/airflow/.local/lib/python3.7/site-packages/airflow/example_dags/example_short_circuit_decorator.py
[2025-03-16T08:48:34.841+0000] {processor.py:756} INFO - Processing file /home/airflow/.local/lib/python3.7/site-packages/airflow/example_dags/example_short_circuit_decorator.py for tasks to queue
[2025-03-16T08:48:34.842+0000] {logging_mixin.py:120} INFO - [2025-03-16T08:48:34.842+0000] {dagbag.py:537} INFO - Filling up the DagBag from /home/airflow/.local/lib/python3.7/site-packages/airflow/example_dags/example_short_circuit_decorator.py
[2025-03-16T08:48:34.888+0000] {processor.py:766} INFO - DAG(s) dict_keys(['example_short_circuit_decorator']) retrieved from /home/airflow/.local/lib/python3.7/site-packages/airflow/example_dags/example_short_circuit_decorator.py
[2025-03-16T08:48:34.955+0000] {logging_mixin.py:120} INFO - [2025-03-16T08:48:34.954+0000] {dag.py:2585} INFO - Sync 1 DAGs
[2025-03-16T08:48:34.999+0000] {logging_mixin.py:120} INFO - [2025-03-16T08:48:34.998+0000] {dag.py:3340} INFO - Setting next_dagrun for example_short_circuit_decorator to 2025-03-15T08:48:34.998491+00:00, run_after=2025-03-16T08:48:34.998491+00:00
[2025-03-16T08:48:35.027+0000] {processor.py:176} INFO - Processing /home/airflow/.local/lib/python3.7/site-packages/airflow/example_dags/example_short_circuit_decorator.py took 0.195 seconds
[2025-03-16T08:49:05.729+0000] {processor.py:154} INFO - Started process (PID=2031) to work on /home/airflow/.local/lib/python3.7/site-packages/airflow/example_dags/example_short_circuit_decorator.py
[2025-03-16T08:49:05.730+0000] {processor.py:756} INFO - Processing file /home/airflow/.local/lib/python3.7/site-packages/airflow/example_dags/example_short_circuit_decorator.py for tasks to queue
[2025-03-16T08:49:05.731+0000] {logging_mixin.py:120} INFO - [2025-03-16T08:49:05.731+0000] {dagbag.py:537} INFO - Filling up the DagBag from /home/airflow/.local/lib/python3.7/site-packages/airflow/example_dags/example_short_circuit_decorator.py
[2025-03-16T08:49:05.781+0000] {processor.py:766} INFO - DAG(s) dict_keys(['example_short_circuit_decorator']) retrieved from /home/airflow/.local/lib/python3.7/site-packages/airflow/example_dags/example_short_circuit_decorator.py
[2025-03-16T08:49:05.878+0000] {logging_mixin.py:120} INFO - [2025-03-16T08:49:05.877+0000] {dag.py:2585} INFO - Sync 1 DAGs
[2025-03-16T08:49:05.950+0000] {logging_mixin.py:120} INFO - [2025-03-16T08:49:05.949+0000] {dag.py:3340} INFO - Setting next_dagrun for example_short_circuit_decorator to 2025-03-15T08:49:05.949418+00:00, run_after=2025-03-16T08:49:05.949418+00:00
[2025-03-16T08:49:06.015+0000] {processor.py:176} INFO - Processing /home/airflow/.local/lib/python3.7/site-packages/airflow/example_dags/example_short_circuit_decorator.py took 0.293 seconds
[2025-03-16T08:49:36.624+0000] {processor.py:154} INFO - Started process (PID=2095) to work on /home/airflow/.local/lib/python3.7/site-packages/airflow/example_dags/example_short_circuit_decorator.py
[2025-03-16T08:49:36.626+0000] {processor.py:756} INFO - Processing file /home/airflow/.local/lib/python3.7/site-packages/airflow/example_dags/example_short_circuit_decorator.py for tasks to queue
[2025-03-16T08:49:36.627+0000] {logging_mixin.py:120} INFO - [2025-03-16T08:49:36.627+0000] {dagbag.py:537} INFO - Filling up the DagBag from /home/airflow/.local/lib/python3.7/site-packages/airflow/example_dags/example_short_circuit_decorator.py
[2025-03-16T08:49:36.677+0000] {processor.py:766} INFO - DAG(s) dict_keys(['example_short_circuit_decorator']) retrieved from /home/airflow/.local/lib/python3.7/site-packages/airflow/example_dags/example_short_circuit_decorator.py
[2025-03-16T08:49:36.759+0000] {logging_mixin.py:120} INFO - [2025-03-16T08:49:36.759+0000] {dag.py:2585} INFO - Sync 1 DAGs
[2025-03-16T08:49:36.808+0000] {logging_mixin.py:120} INFO - [2025-03-16T08:49:36.808+0000] {dag.py:3340} INFO - Setting next_dagrun for example_short_circuit_decorator to 2025-03-15T08:49:36.807893+00:00, run_after=2025-03-16T08:49:36.807893+00:00
[2025-03-16T08:49:36.842+0000] {processor.py:176} INFO - Processing /home/airflow/.local/lib/python3.7/site-packages/airflow/example_dags/example_short_circuit_decorator.py took 0.224 seconds
[2025-03-16T08:50:07.183+0000] {processor.py:154} INFO - Started process (PID=2156) to work on /home/airflow/.local/lib/python3.7/site-packages/airflow/example_dags/example_short_circuit_decorator.py
[2025-03-16T08:50:07.184+0000] {processor.py:756} INFO - Processing file /home/airflow/.local/lib/python3.7/site-packages/airflow/example_dags/example_short_circuit_decorator.py for tasks to queue
[2025-03-16T08:50:07.185+0000] {logging_mixin.py:120} INFO - [2025-03-16T08:50:07.185+0000] {dagbag.py:537} INFO - Filling up the DagBag from /home/airflow/.local/lib/python3.7/site-packages/airflow/example_dags/example_short_circuit_decorator.py
[2025-03-16T08:50:07.284+0000] {processor.py:766} INFO - DAG(s) dict_keys(['example_short_circuit_decorator']) retrieved from /home/airflow/.local/lib/python3.7/site-packages/airflow/example_dags/example_short_circuit_decorator.py
[2025-03-16T08:50:07.402+0000] {logging_mixin.py:120} INFO - [2025-03-16T08:50:07.402+0000] {dag.py:2585} INFO - Sync 1 DAGs
[2025-03-16T08:50:07.460+0000] {logging_mixin.py:120} INFO - [2025-03-16T08:50:07.460+0000] {dag.py:3340} INFO - Setting next_dagrun for example_short_circuit_decorator to 2025-03-15T08:50:07.459388+00:00, run_after=2025-03-16T08:50:07.459388+00:00
[2025-03-16T08:50:07.516+0000] {processor.py:176} INFO - Processing /home/airflow/.local/lib/python3.7/site-packages/airflow/example_dags/example_short_circuit_decorator.py took 0.344 seconds
[2025-03-16T08:50:37.716+0000] {processor.py:154} INFO - Started process (PID=2212) to work on /home/airflow/.local/lib/python3.7/site-packages/airflow/example_dags/example_short_circuit_decorator.py
[2025-03-16T08:50:37.718+0000] {processor.py:756} INFO - Processing file /home/airflow/.local/lib/python3.7/site-packages/airflow/example_dags/example_short_circuit_decorator.py for tasks to queue
[2025-03-16T08:50:37.719+0000] {logging_mixin.py:120} INFO - [2025-03-16T08:50:37.719+0000] {dagbag.py:537} INFO - Filling up the DagBag from /home/airflow/.local/lib/python3.7/site-packages/airflow/example_dags/example_short_circuit_decorator.py
[2025-03-16T08:50:37.774+0000] {processor.py:766} INFO - DAG(s) dict_keys(['example_short_circuit_decorator']) retrieved from /home/airflow/.local/lib/python3.7/site-packages/airflow/example_dags/example_short_circuit_decorator.py
[2025-03-16T08:50:37.868+0000] {logging_mixin.py:120} INFO - [2025-03-16T08:50:37.868+0000] {dag.py:2585} INFO - Sync 1 DAGs
[2025-03-16T08:50:37.912+0000] {logging_mixin.py:120} INFO - [2025-03-16T08:50:37.912+0000] {dag.py:3340} INFO - Setting next_dagrun for example_short_circuit_decorator to 2025-03-15T08:50:37.911834+00:00, run_after=2025-03-16T08:50:37.911834+00:00
[2025-03-16T08:50:37.940+0000] {processor.py:176} INFO - Processing /home/airflow/.local/lib/python3.7/site-packages/airflow/example_dags/example_short_circuit_decorator.py took 0.230 seconds
[2025-03-16T08:51:08.647+0000] {processor.py:154} INFO - Started process (PID=2275) to work on /home/airflow/.local/lib/python3.7/site-packages/airflow/example_dags/example_short_circuit_decorator.py
[2025-03-16T08:51:08.650+0000] {processor.py:756} INFO - Processing file /home/airflow/.local/lib/python3.7/site-packages/airflow/example_dags/example_short_circuit_decorator.py for tasks to queue
[2025-03-16T08:51:08.651+0000] {logging_mixin.py:120} INFO - [2025-03-16T08:51:08.651+0000] {dagbag.py:537} INFO - Filling up the DagBag from /home/airflow/.local/lib/python3.7/site-packages/airflow/example_dags/example_short_circuit_decorator.py
[2025-03-16T08:51:08.745+0000] {processor.py:766} INFO - DAG(s) dict_keys(['example_short_circuit_decorator']) retrieved from /home/airflow/.local/lib/python3.7/site-packages/airflow/example_dags/example_short_circuit_decorator.py
[2025-03-16T08:51:08.906+0000] {logging_mixin.py:120} INFO - [2025-03-16T08:51:08.906+0000] {dag.py:2585} INFO - Sync 1 DAGs
[2025-03-16T08:51:08.988+0000] {logging_mixin.py:120} INFO - [2025-03-16T08:51:08.988+0000] {dag.py:3340} INFO - Setting next_dagrun for example_short_circuit_decorator to 2025-03-15T08:51:08.985977+00:00, run_after=2025-03-16T08:51:08.985977+00:00
[2025-03-16T08:51:09.041+0000] {processor.py:176} INFO - Processing /home/airflow/.local/lib/python3.7/site-packages/airflow/example_dags/example_short_circuit_decorator.py took 0.408 seconds
[2025-03-16T08:51:39.259+0000] {processor.py:154} INFO - Started process (PID=2329) to work on /home/airflow/.local/lib/python3.7/site-packages/airflow/example_dags/example_short_circuit_decorator.py
[2025-03-16T08:51:39.261+0000] {processor.py:756} INFO - Processing file /home/airflow/.local/lib/python3.7/site-packages/airflow/example_dags/example_short_circuit_decorator.py for tasks to queue
[2025-03-16T08:51:39.262+0000] {logging_mixin.py:120} INFO - [2025-03-16T08:51:39.262+0000] {dagbag.py:537} INFO - Filling up the DagBag from /home/airflow/.local/lib/python3.7/site-packages/airflow/example_dags/example_short_circuit_decorator.py
[2025-03-16T08:51:39.303+0000] {processor.py:766} INFO - DAG(s) dict_keys(['example_short_circuit_decorator']) retrieved from /home/airflow/.local/lib/python3.7/site-packages/airflow/example_dags/example_short_circuit_decorator.py
[2025-03-16T08:51:39.374+0000] {logging_mixin.py:120} INFO - [2025-03-16T08:51:39.374+0000] {dag.py:2585} INFO - Sync 1 DAGs
[2025-03-16T08:51:39.425+0000] {logging_mixin.py:120} INFO - [2025-03-16T08:51:39.425+0000] {dag.py:3340} INFO - Setting next_dagrun for example_short_circuit_decorator to 2025-03-15T08:51:39.425157+00:00, run_after=2025-03-16T08:51:39.425157+00:00
[2025-03-16T08:51:39.454+0000] {processor.py:176} INFO - Processing /home/airflow/.local/lib/python3.7/site-packages/airflow/example_dags/example_short_circuit_decorator.py took 0.200 seconds
[2025-03-16T08:52:09.943+0000] {processor.py:154} INFO - Started process (PID=2393) to work on /home/airflow/.local/lib/python3.7/site-packages/airflow/example_dags/example_short_circuit_decorator.py
[2025-03-16T08:52:09.945+0000] {processor.py:756} INFO - Processing file /home/airflow/.local/lib/python3.7/site-packages/airflow/example_dags/example_short_circuit_decorator.py for tasks to queue
[2025-03-16T08:52:09.947+0000] {logging_mixin.py:120} INFO - [2025-03-16T08:52:09.946+0000] {dagbag.py:537} INFO - Filling up the DagBag from /home/airflow/.local/lib/python3.7/site-packages/airflow/example_dags/example_short_circuit_decorator.py
[2025-03-16T08:52:10.008+0000] {processor.py:766} INFO - DAG(s) dict_keys(['example_short_circuit_decorator']) retrieved from /home/airflow/.local/lib/python3.7/site-packages/airflow/example_dags/example_short_circuit_decorator.py
[2025-03-16T08:52:10.114+0000] {logging_mixin.py:120} INFO - [2025-03-16T08:52:10.114+0000] {dag.py:2585} INFO - Sync 1 DAGs
[2025-03-16T08:52:10.186+0000] {logging_mixin.py:120} INFO - [2025-03-16T08:52:10.186+0000] {dag.py:3340} INFO - Setting next_dagrun for example_short_circuit_decorator to 2025-03-15T08:52:10.185744+00:00, run_after=2025-03-16T08:52:10.185744+00:00
[2025-03-16T08:52:10.244+0000] {processor.py:176} INFO - Processing /home/airflow/.local/lib/python3.7/site-packages/airflow/example_dags/example_short_circuit_decorator.py took 0.308 seconds
[2025-03-16T08:52:41.049+0000] {processor.py:154} INFO - Started process (PID=2447) to work on /home/airflow/.local/lib/python3.7/site-packages/airflow/example_dags/example_short_circuit_decorator.py
[2025-03-16T08:52:41.051+0000] {processor.py:756} INFO - Processing file /home/airflow/.local/lib/python3.7/site-packages/airflow/example_dags/example_short_circuit_decorator.py for tasks to queue
[2025-03-16T08:52:41.052+0000] {logging_mixin.py:120} INFO - [2025-03-16T08:52:41.052+0000] {dagbag.py:537} INFO - Filling up the DagBag from /home/airflow/.local/lib/python3.7/site-packages/airflow/example_dags/example_short_circuit_decorator.py
[2025-03-16T08:52:41.100+0000] {processor.py:766} INFO - DAG(s) dict_keys(['example_short_circuit_decorator']) retrieved from /home/airflow/.local/lib/python3.7/site-packages/airflow/example_dags/example_short_circuit_decorator.py
[2025-03-16T08:52:41.207+0000] {logging_mixin.py:120} INFO - [2025-03-16T08:52:41.206+0000] {dag.py:2585} INFO - Sync 1 DAGs
[2025-03-16T08:52:41.266+0000] {logging_mixin.py:120} INFO - [2025-03-16T08:52:41.265+0000] {dag.py:3340} INFO - Setting next_dagrun for example_short_circuit_decorator to 2025-03-15T08:52:41.265455+00:00, run_after=2025-03-16T08:52:41.265455+00:00
[2025-03-16T08:52:41.293+0000] {processor.py:176} INFO - Processing /home/airflow/.local/lib/python3.7/site-packages/airflow/example_dags/example_short_circuit_decorator.py took 0.250 seconds
[2025-03-16T08:53:12.068+0000] {processor.py:154} INFO - Started process (PID=2510) to work on /home/airflow/.local/lib/python3.7/site-packages/airflow/example_dags/example_short_circuit_decorator.py
[2025-03-16T08:53:12.072+0000] {processor.py:756} INFO - Processing file /home/airflow/.local/lib/python3.7/site-packages/airflow/example_dags/example_short_circuit_decorator.py for tasks to queue
[2025-03-16T08:53:12.075+0000] {logging_mixin.py:120} INFO - [2025-03-16T08:53:12.075+0000] {dagbag.py:537} INFO - Filling up the DagBag from /home/airflow/.local/lib/python3.7/site-packages/airflow/example_dags/example_short_circuit_decorator.py
[2025-03-16T08:53:12.175+0000] {processor.py:766} INFO - DAG(s) dict_keys(['example_short_circuit_decorator']) retrieved from /home/airflow/.local/lib/python3.7/site-packages/airflow/example_dags/example_short_circuit_decorator.py
[2025-03-16T08:53:12.353+0000] {logging_mixin.py:120} INFO - [2025-03-16T08:53:12.352+0000] {dag.py:2585} INFO - Sync 1 DAGs
[2025-03-16T08:53:12.450+0000] {logging_mixin.py:120} INFO - [2025-03-16T08:53:12.449+0000] {dag.py:3340} INFO - Setting next_dagrun for example_short_circuit_decorator to 2025-03-15T08:53:12.448567+00:00, run_after=2025-03-16T08:53:12.448567+00:00
[2025-03-16T08:53:12.518+0000] {processor.py:176} INFO - Processing /home/airflow/.local/lib/python3.7/site-packages/airflow/example_dags/example_short_circuit_decorator.py took 0.456 seconds
[2025-03-16T08:53:43.160+0000] {processor.py:154} INFO - Started process (PID=2565) to work on /home/airflow/.local/lib/python3.7/site-packages/airflow/example_dags/example_short_circuit_decorator.py
[2025-03-16T08:53:43.161+0000] {processor.py:756} INFO - Processing file /home/airflow/.local/lib/python3.7/site-packages/airflow/example_dags/example_short_circuit_decorator.py for tasks to queue
[2025-03-16T08:53:43.162+0000] {logging_mixin.py:120} INFO - [2025-03-16T08:53:43.162+0000] {dagbag.py:537} INFO - Filling up the DagBag from /home/airflow/.local/lib/python3.7/site-packages/airflow/example_dags/example_short_circuit_decorator.py
[2025-03-16T08:53:43.209+0000] {processor.py:766} INFO - DAG(s) dict_keys(['example_short_circuit_decorator']) retrieved from /home/airflow/.local/lib/python3.7/site-packages/airflow/example_dags/example_short_circuit_decorator.py
[2025-03-16T08:53:43.307+0000] {logging_mixin.py:120} INFO - [2025-03-16T08:53:43.306+0000] {dag.py:2585} INFO - Sync 1 DAGs
[2025-03-16T08:53:43.368+0000] {logging_mixin.py:120} INFO - [2025-03-16T08:53:43.368+0000] {dag.py:3340} INFO - Setting next_dagrun for example_short_circuit_decorator to 2025-03-15T08:53:43.367343+00:00, run_after=2025-03-16T08:53:43.367343+00:00
[2025-03-16T08:53:43.406+0000] {processor.py:176} INFO - Processing /home/airflow/.local/lib/python3.7/site-packages/airflow/example_dags/example_short_circuit_decorator.py took 0.252 seconds
[2025-03-16T08:54:14.368+0000] {processor.py:154} INFO - Started process (PID=2628) to work on /home/airflow/.local/lib/python3.7/site-packages/airflow/example_dags/example_short_circuit_decorator.py
[2025-03-16T08:54:14.371+0000] {processor.py:756} INFO - Processing file /home/airflow/.local/lib/python3.7/site-packages/airflow/example_dags/example_short_circuit_decorator.py for tasks to queue
[2025-03-16T08:54:14.372+0000] {logging_mixin.py:120} INFO - [2025-03-16T08:54:14.372+0000] {dagbag.py:537} INFO - Filling up the DagBag from /home/airflow/.local/lib/python3.7/site-packages/airflow/example_dags/example_short_circuit_decorator.py
[2025-03-16T08:54:14.432+0000] {processor.py:766} INFO - DAG(s) dict_keys(['example_short_circuit_decorator']) retrieved from /home/airflow/.local/lib/python3.7/site-packages/airflow/example_dags/example_short_circuit_decorator.py
[2025-03-16T08:54:14.548+0000] {logging_mixin.py:120} INFO - [2025-03-16T08:54:14.547+0000] {dag.py:2585} INFO - Sync 1 DAGs
[2025-03-16T08:54:14.613+0000] {logging_mixin.py:120} INFO - [2025-03-16T08:54:14.613+0000] {dag.py:3340} INFO - Setting next_dagrun for example_short_circuit_decorator to 2025-03-15T08:54:14.613143+00:00, run_after=2025-03-16T08:54:14.613143+00:00
[2025-03-16T08:54:14.645+0000] {processor.py:176} INFO - Processing /home/airflow/.local/lib/python3.7/site-packages/airflow/example_dags/example_short_circuit_decorator.py took 0.285 seconds
[2025-03-16T08:54:44.787+0000] {processor.py:154} INFO - Started process (PID=2681) to work on /home/airflow/.local/lib/python3.7/site-packages/airflow/example_dags/example_short_circuit_decorator.py
[2025-03-16T08:54:44.788+0000] {processor.py:756} INFO - Processing file /home/airflow/.local/lib/python3.7/site-packages/airflow/example_dags/example_short_circuit_decorator.py for tasks to queue
[2025-03-16T08:54:44.789+0000] {logging_mixin.py:120} INFO - [2025-03-16T08:54:44.789+0000] {dagbag.py:537} INFO - Filling up the DagBag from /home/airflow/.local/lib/python3.7/site-packages/airflow/example_dags/example_short_circuit_decorator.py
[2025-03-16T08:54:44.842+0000] {processor.py:766} INFO - DAG(s) dict_keys(['example_short_circuit_decorator']) retrieved from /home/airflow/.local/lib/python3.7/site-packages/airflow/example_dags/example_short_circuit_decorator.py
[2025-03-16T08:54:44.936+0000] {logging_mixin.py:120} INFO - [2025-03-16T08:54:44.936+0000] {dag.py:2585} INFO - Sync 1 DAGs
[2025-03-16T08:54:44.991+0000] {logging_mixin.py:120} INFO - [2025-03-16T08:54:44.991+0000] {dag.py:3340} INFO - Setting next_dagrun for example_short_circuit_decorator to 2025-03-15T08:54:44.991170+00:00, run_after=2025-03-16T08:54:44.991170+00:00
[2025-03-16T08:54:45.028+0000] {processor.py:176} INFO - Processing /home/airflow/.local/lib/python3.7/site-packages/airflow/example_dags/example_short_circuit_decorator.py took 0.247 seconds
[2025-03-16T08:55:15.298+0000] {processor.py:154} INFO - Started process (PID=2744) to work on /home/airflow/.local/lib/python3.7/site-packages/airflow/example_dags/example_short_circuit_decorator.py
[2025-03-16T08:55:15.300+0000] {processor.py:756} INFO - Processing file /home/airflow/.local/lib/python3.7/site-packages/airflow/example_dags/example_short_circuit_decorator.py for tasks to queue
[2025-03-16T08:55:15.301+0000] {logging_mixin.py:120} INFO - [2025-03-16T08:55:15.301+0000] {dagbag.py:537} INFO - Filling up the DagBag from /home/airflow/.local/lib/python3.7/site-packages/airflow/example_dags/example_short_circuit_decorator.py
[2025-03-16T08:55:15.396+0000] {processor.py:766} INFO - DAG(s) dict_keys(['example_short_circuit_decorator']) retrieved from /home/airflow/.local/lib/python3.7/site-packages/airflow/example_dags/example_short_circuit_decorator.py
[2025-03-16T08:55:15.554+0000] {logging_mixin.py:120} INFO - [2025-03-16T08:55:15.553+0000] {dag.py:2585} INFO - Sync 1 DAGs
[2025-03-16T08:55:15.662+0000] {logging_mixin.py:120} INFO - [2025-03-16T08:55:15.662+0000] {dag.py:3340} INFO - Setting next_dagrun for example_short_circuit_decorator to 2025-03-15T08:55:15.661563+00:00, run_after=2025-03-16T08:55:15.661563+00:00
[2025-03-16T08:55:15.735+0000] {processor.py:176} INFO - Processing /home/airflow/.local/lib/python3.7/site-packages/airflow/example_dags/example_short_circuit_decorator.py took 0.446 seconds
[2025-03-16T08:55:46.566+0000] {processor.py:154} INFO - Started process (PID=2797) to work on /home/airflow/.local/lib/python3.7/site-packages/airflow/example_dags/example_short_circuit_decorator.py
[2025-03-16T08:55:46.569+0000] {processor.py:756} INFO - Processing file /home/airflow/.local/lib/python3.7/site-packages/airflow/example_dags/example_short_circuit_decorator.py for tasks to queue
[2025-03-16T08:55:46.570+0000] {logging_mixin.py:120} INFO - [2025-03-16T08:55:46.570+0000] {dagbag.py:537} INFO - Filling up the DagBag from /home/airflow/.local/lib/python3.7/site-packages/airflow/example_dags/example_short_circuit_decorator.py
[2025-03-16T08:55:46.637+0000] {processor.py:766} INFO - DAG(s) dict_keys(['example_short_circuit_decorator']) retrieved from /home/airflow/.local/lib/python3.7/site-packages/airflow/example_dags/example_short_circuit_decorator.py
[2025-03-16T08:55:46.720+0000] {logging_mixin.py:120} INFO - [2025-03-16T08:55:46.719+0000] {dag.py:2585} INFO - Sync 1 DAGs
[2025-03-16T08:55:46.783+0000] {logging_mixin.py:120} INFO - [2025-03-16T08:55:46.782+0000] {dag.py:3340} INFO - Setting next_dagrun for example_short_circuit_decorator to 2025-03-15T08:55:46.782273+00:00, run_after=2025-03-16T08:55:46.782273+00:00
[2025-03-16T08:55:46.829+0000] {processor.py:176} INFO - Processing /home/airflow/.local/lib/python3.7/site-packages/airflow/example_dags/example_short_circuit_decorator.py took 0.274 seconds
[2025-03-16T08:56:17.369+0000] {processor.py:154} INFO - Started process (PID=2860) to work on /home/airflow/.local/lib/python3.7/site-packages/airflow/example_dags/example_short_circuit_decorator.py
[2025-03-16T08:56:17.370+0000] {processor.py:756} INFO - Processing file /home/airflow/.local/lib/python3.7/site-packages/airflow/example_dags/example_short_circuit_decorator.py for tasks to queue
[2025-03-16T08:56:17.371+0000] {logging_mixin.py:120} INFO - [2025-03-16T08:56:17.371+0000] {dagbag.py:537} INFO - Filling up the DagBag from /home/airflow/.local/lib/python3.7/site-packages/airflow/example_dags/example_short_circuit_decorator.py
[2025-03-16T08:56:17.416+0000] {processor.py:766} INFO - DAG(s) dict_keys(['example_short_circuit_decorator']) retrieved from /home/airflow/.local/lib/python3.7/site-packages/airflow/example_dags/example_short_circuit_decorator.py
[2025-03-16T08:56:17.519+0000] {logging_mixin.py:120} INFO - [2025-03-16T08:56:17.518+0000] {dag.py:2585} INFO - Sync 1 DAGs
[2025-03-16T08:56:17.574+0000] {logging_mixin.py:120} INFO - [2025-03-16T08:56:17.573+0000] {dag.py:3340} INFO - Setting next_dagrun for example_short_circuit_decorator to 2025-03-15T08:56:17.573075+00:00, run_after=2025-03-16T08:56:17.573075+00:00
[2025-03-16T08:56:17.615+0000] {processor.py:176} INFO - Processing /home/airflow/.local/lib/python3.7/site-packages/airflow/example_dags/example_short_circuit_decorator.py took 0.252 seconds
[2025-03-16T08:56:47.776+0000] {processor.py:154} INFO - Started process (PID=2914) to work on /home/airflow/.local/lib/python3.7/site-packages/airflow/example_dags/example_short_circuit_decorator.py
[2025-03-16T08:56:47.778+0000] {processor.py:756} INFO - Processing file /home/airflow/.local/lib/python3.7/site-packages/airflow/example_dags/example_short_circuit_decorator.py for tasks to queue
[2025-03-16T08:56:47.779+0000] {logging_mixin.py:120} INFO - [2025-03-16T08:56:47.779+0000] {dagbag.py:537} INFO - Filling up the DagBag from /home/airflow/.local/lib/python3.7/site-packages/airflow/example_dags/example_short_circuit_decorator.py
[2025-03-16T08:56:47.823+0000] {processor.py:766} INFO - DAG(s) dict_keys(['example_short_circuit_decorator']) retrieved from /home/airflow/.local/lib/python3.7/site-packages/airflow/example_dags/example_short_circuit_decorator.py
[2025-03-16T08:56:47.891+0000] {logging_mixin.py:120} INFO - [2025-03-16T08:56:47.891+0000] {dag.py:2585} INFO - Sync 1 DAGs
[2025-03-16T08:56:47.938+0000] {logging_mixin.py:120} INFO - [2025-03-16T08:56:47.938+0000] {dag.py:3340} INFO - Setting next_dagrun for example_short_circuit_decorator to 2025-03-15T08:56:47.937918+00:00, run_after=2025-03-16T08:56:47.937918+00:00
[2025-03-16T08:56:47.966+0000] {processor.py:176} INFO - Processing /home/airflow/.local/lib/python3.7/site-packages/airflow/example_dags/example_short_circuit_decorator.py took 0.201 seconds
