[2025-03-16T08:31:48.296+0000] {processor.py:154} INFO - Started process (PID=71) to work on /home/airflow/.local/lib/python3.7/site-packages/airflow/example_dags/example_branch_labels.py
[2025-03-16T08:31:48.297+0000] {processor.py:756} INFO - Processing file /home/airflow/.local/lib/python3.7/site-packages/airflow/example_dags/example_branch_labels.py for tasks to queue
[2025-03-16T08:31:48.301+0000] {logging_mixin.py:120} INFO - [2025-03-16T08:31:48.301+0000] {dagbag.py:537} INFO - Filling up the DagBag from /home/airflow/.local/lib/python3.7/site-packages/airflow/example_dags/example_branch_labels.py
[2025-03-16T08:31:48.380+0000] {processor.py:766} INFO - DAG(s) dict_keys(['example_branch_labels']) retrieved from /home/airflow/.local/lib/python3.7/site-packages/airflow/example_dags/example_branch_labels.py
[2025-03-16T08:31:48.909+0000] {logging_mixin.py:120} INFO - [2025-03-16T08:31:48.909+0000] {manager.py:507} INFO - Created Permission View: can read on DAG:example_branch_labels
[2025-03-16T08:31:48.929+0000] {logging_mixin.py:120} INFO - [2025-03-16T08:31:48.928+0000] {manager.py:507} INFO - Created Permission View: can edit on DAG:example_branch_labels
[2025-03-16T08:31:48.939+0000] {logging_mixin.py:120} INFO - [2025-03-16T08:31:48.938+0000] {manager.py:507} INFO - Created Permission View: can delete on DAG:example_branch_labels
[2025-03-16T08:31:48.939+0000] {logging_mixin.py:120} INFO - [2025-03-16T08:31:48.939+0000] {dag.py:2585} INFO - Sync 1 DAGs
[2025-03-16T08:31:48.972+0000] {logging_mixin.py:120} INFO - [2025-03-16T08:31:48.972+0000] {dag.py:2606} INFO - Creating ORM DAG for example_branch_labels
[2025-03-16T08:31:49.003+0000] {logging_mixin.py:120} INFO - [2025-03-16T08:31:49.003+0000] {dag.py:3340} INFO - Setting next_dagrun for example_branch_labels to 2025-03-15T00:00:00+00:00, run_after=2025-03-16T00:00:00+00:00
[2025-03-16T08:31:49.053+0000] {processor.py:176} INFO - Processing /home/airflow/.local/lib/python3.7/site-packages/airflow/example_dags/example_branch_labels.py took 0.778 seconds
[2025-03-16T08:32:19.296+0000] {processor.py:154} INFO - Started process (PID=125) to work on /home/airflow/.local/lib/python3.7/site-packages/airflow/example_dags/example_branch_labels.py
[2025-03-16T08:32:19.297+0000] {processor.py:756} INFO - Processing file /home/airflow/.local/lib/python3.7/site-packages/airflow/example_dags/example_branch_labels.py for tasks to queue
[2025-03-16T08:32:19.298+0000] {logging_mixin.py:120} INFO - [2025-03-16T08:32:19.297+0000] {dagbag.py:537} INFO - Filling up the DagBag from /home/airflow/.local/lib/python3.7/site-packages/airflow/example_dags/example_branch_labels.py
[2025-03-16T08:32:19.322+0000] {processor.py:766} INFO - DAG(s) dict_keys(['example_branch_labels']) retrieved from /home/airflow/.local/lib/python3.7/site-packages/airflow/example_dags/example_branch_labels.py
[2025-03-16T08:32:19.384+0000] {logging_mixin.py:120} INFO - [2025-03-16T08:32:19.384+0000] {dag.py:2585} INFO - Sync 1 DAGs
[2025-03-16T08:32:19.414+0000] {logging_mixin.py:120} INFO - [2025-03-16T08:32:19.413+0000] {dag.py:3340} INFO - Setting next_dagrun for example_branch_labels to 2025-03-15T00:00:00+00:00, run_after=2025-03-16T00:00:00+00:00
[2025-03-16T08:32:19.434+0000] {processor.py:176} INFO - Processing /home/airflow/.local/lib/python3.7/site-packages/airflow/example_dags/example_branch_labels.py took 0.143 seconds
[2025-03-16T08:32:50.591+0000] {processor.py:154} INFO - Started process (PID=188) to work on /home/airflow/.local/lib/python3.7/site-packages/airflow/example_dags/example_branch_labels.py
[2025-03-16T08:32:50.593+0000] {processor.py:756} INFO - Processing file /home/airflow/.local/lib/python3.7/site-packages/airflow/example_dags/example_branch_labels.py for tasks to queue
[2025-03-16T08:32:50.596+0000] {logging_mixin.py:120} INFO - [2025-03-16T08:32:50.594+0000] {dagbag.py:537} INFO - Filling up the DagBag from /home/airflow/.local/lib/python3.7/site-packages/airflow/example_dags/example_branch_labels.py
[2025-03-16T08:32:50.631+0000] {processor.py:766} INFO - DAG(s) dict_keys(['example_branch_labels']) retrieved from /home/airflow/.local/lib/python3.7/site-packages/airflow/example_dags/example_branch_labels.py
[2025-03-16T08:32:50.702+0000] {logging_mixin.py:120} INFO - [2025-03-16T08:32:50.701+0000] {dag.py:2585} INFO - Sync 1 DAGs
[2025-03-16T08:32:50.761+0000] {logging_mixin.py:120} INFO - [2025-03-16T08:32:50.761+0000] {dag.py:3340} INFO - Setting next_dagrun for example_branch_labels to 2025-03-15T00:00:00+00:00, run_after=2025-03-16T00:00:00+00:00
[2025-03-16T08:32:50.790+0000] {processor.py:176} INFO - Processing /home/airflow/.local/lib/python3.7/site-packages/airflow/example_dags/example_branch_labels.py took 0.213 seconds
[2025-03-16T08:33:21.005+0000] {processor.py:154} INFO - Started process (PID=242) to work on /home/airflow/.local/lib/python3.7/site-packages/airflow/example_dags/example_branch_labels.py
[2025-03-16T08:33:21.006+0000] {processor.py:756} INFO - Processing file /home/airflow/.local/lib/python3.7/site-packages/airflow/example_dags/example_branch_labels.py for tasks to queue
[2025-03-16T08:33:21.009+0000] {logging_mixin.py:120} INFO - [2025-03-16T08:33:21.007+0000] {dagbag.py:537} INFO - Filling up the DagBag from /home/airflow/.local/lib/python3.7/site-packages/airflow/example_dags/example_branch_labels.py
[2025-03-16T08:33:21.044+0000] {processor.py:766} INFO - DAG(s) dict_keys(['example_branch_labels']) retrieved from /home/airflow/.local/lib/python3.7/site-packages/airflow/example_dags/example_branch_labels.py
[2025-03-16T08:33:21.122+0000] {logging_mixin.py:120} INFO - [2025-03-16T08:33:21.122+0000] {dag.py:2585} INFO - Sync 1 DAGs
[2025-03-16T08:33:21.177+0000] {logging_mixin.py:120} INFO - [2025-03-16T08:33:21.176+0000] {dag.py:3340} INFO - Setting next_dagrun for example_branch_labels to 2025-03-15T00:00:00+00:00, run_after=2025-03-16T00:00:00+00:00
[2025-03-16T08:33:21.210+0000] {processor.py:176} INFO - Processing /home/airflow/.local/lib/python3.7/site-packages/airflow/example_dags/example_branch_labels.py took 0.211 seconds
[2025-03-16T08:33:51.469+0000] {processor.py:154} INFO - Started process (PID=306) to work on /home/airflow/.local/lib/python3.7/site-packages/airflow/example_dags/example_branch_labels.py
[2025-03-16T08:33:51.472+0000] {processor.py:756} INFO - Processing file /home/airflow/.local/lib/python3.7/site-packages/airflow/example_dags/example_branch_labels.py for tasks to queue
[2025-03-16T08:33:51.474+0000] {logging_mixin.py:120} INFO - [2025-03-16T08:33:51.473+0000] {dagbag.py:537} INFO - Filling up the DagBag from /home/airflow/.local/lib/python3.7/site-packages/airflow/example_dags/example_branch_labels.py
[2025-03-16T08:33:51.538+0000] {processor.py:766} INFO - DAG(s) dict_keys(['example_branch_labels']) retrieved from /home/airflow/.local/lib/python3.7/site-packages/airflow/example_dags/example_branch_labels.py
[2025-03-16T08:33:51.633+0000] {logging_mixin.py:120} INFO - [2025-03-16T08:33:51.633+0000] {dag.py:2585} INFO - Sync 1 DAGs
[2025-03-16T08:33:51.694+0000] {logging_mixin.py:120} INFO - [2025-03-16T08:33:51.694+0000] {dag.py:3340} INFO - Setting next_dagrun for example_branch_labels to 2025-03-15T00:00:00+00:00, run_after=2025-03-16T00:00:00+00:00
[2025-03-16T08:33:51.739+0000] {processor.py:176} INFO - Processing /home/airflow/.local/lib/python3.7/site-packages/airflow/example_dags/example_branch_labels.py took 0.277 seconds
[2025-03-16T08:34:21.829+0000] {processor.py:154} INFO - Started process (PID=360) to work on /home/airflow/.local/lib/python3.7/site-packages/airflow/example_dags/example_branch_labels.py
[2025-03-16T08:34:21.831+0000] {processor.py:756} INFO - Processing file /home/airflow/.local/lib/python3.7/site-packages/airflow/example_dags/example_branch_labels.py for tasks to queue
[2025-03-16T08:34:21.833+0000] {logging_mixin.py:120} INFO - [2025-03-16T08:34:21.833+0000] {dagbag.py:537} INFO - Filling up the DagBag from /home/airflow/.local/lib/python3.7/site-packages/airflow/example_dags/example_branch_labels.py
[2025-03-16T08:34:21.875+0000] {processor.py:766} INFO - DAG(s) dict_keys(['example_branch_labels']) retrieved from /home/airflow/.local/lib/python3.7/site-packages/airflow/example_dags/example_branch_labels.py
[2025-03-16T08:34:21.972+0000] {logging_mixin.py:120} INFO - [2025-03-16T08:34:21.972+0000] {dag.py:2585} INFO - Sync 1 DAGs
[2025-03-16T08:34:22.033+0000] {logging_mixin.py:120} INFO - [2025-03-16T08:34:22.032+0000] {dag.py:3340} INFO - Setting next_dagrun for example_branch_labels to 2025-03-15T00:00:00+00:00, run_after=2025-03-16T00:00:00+00:00
[2025-03-16T08:34:22.064+0000] {processor.py:176} INFO - Processing /home/airflow/.local/lib/python3.7/site-packages/airflow/example_dags/example_branch_labels.py took 0.241 seconds
[2025-03-16T08:34:53.093+0000] {processor.py:154} INFO - Started process (PID=422) to work on /home/airflow/.local/lib/python3.7/site-packages/airflow/example_dags/example_branch_labels.py
[2025-03-16T08:34:53.095+0000] {processor.py:756} INFO - Processing file /home/airflow/.local/lib/python3.7/site-packages/airflow/example_dags/example_branch_labels.py for tasks to queue
[2025-03-16T08:34:53.096+0000] {logging_mixin.py:120} INFO - [2025-03-16T08:34:53.096+0000] {dagbag.py:537} INFO - Filling up the DagBag from /home/airflow/.local/lib/python3.7/site-packages/airflow/example_dags/example_branch_labels.py
[2025-03-16T08:34:53.151+0000] {processor.py:766} INFO - DAG(s) dict_keys(['example_branch_labels']) retrieved from /home/airflow/.local/lib/python3.7/site-packages/airflow/example_dags/example_branch_labels.py
[2025-03-16T08:34:53.236+0000] {logging_mixin.py:120} INFO - [2025-03-16T08:34:53.236+0000] {dag.py:2585} INFO - Sync 1 DAGs
[2025-03-16T08:34:53.307+0000] {logging_mixin.py:120} INFO - [2025-03-16T08:34:53.306+0000] {dag.py:3340} INFO - Setting next_dagrun for example_branch_labels to 2025-03-15T00:00:00+00:00, run_after=2025-03-16T00:00:00+00:00
[2025-03-16T08:34:53.341+0000] {processor.py:176} INFO - Processing /home/airflow/.local/lib/python3.7/site-packages/airflow/example_dags/example_branch_labels.py took 0.253 seconds
[2025-03-16T08:35:23.486+0000] {processor.py:154} INFO - Started process (PID=476) to work on /home/airflow/.local/lib/python3.7/site-packages/airflow/example_dags/example_branch_labels.py
[2025-03-16T08:35:23.488+0000] {processor.py:756} INFO - Processing file /home/airflow/.local/lib/python3.7/site-packages/airflow/example_dags/example_branch_labels.py for tasks to queue
[2025-03-16T08:35:23.489+0000] {logging_mixin.py:120} INFO - [2025-03-16T08:35:23.489+0000] {dagbag.py:537} INFO - Filling up the DagBag from /home/airflow/.local/lib/python3.7/site-packages/airflow/example_dags/example_branch_labels.py
[2025-03-16T08:35:23.515+0000] {processor.py:766} INFO - DAG(s) dict_keys(['example_branch_labels']) retrieved from /home/airflow/.local/lib/python3.7/site-packages/airflow/example_dags/example_branch_labels.py
[2025-03-16T08:35:23.583+0000] {logging_mixin.py:120} INFO - [2025-03-16T08:35:23.582+0000] {dag.py:2585} INFO - Sync 1 DAGs
[2025-03-16T08:35:23.616+0000] {logging_mixin.py:120} INFO - [2025-03-16T08:35:23.615+0000] {dag.py:3340} INFO - Setting next_dagrun for example_branch_labels to 2025-03-15T00:00:00+00:00, run_after=2025-03-16T00:00:00+00:00
[2025-03-16T08:35:23.636+0000] {processor.py:176} INFO - Processing /home/airflow/.local/lib/python3.7/site-packages/airflow/example_dags/example_branch_labels.py took 0.155 seconds
[2025-03-16T08:35:54.190+0000] {processor.py:154} INFO - Started process (PID=537) to work on /home/airflow/.local/lib/python3.7/site-packages/airflow/example_dags/example_branch_labels.py
[2025-03-16T08:35:54.194+0000] {processor.py:756} INFO - Processing file /home/airflow/.local/lib/python3.7/site-packages/airflow/example_dags/example_branch_labels.py for tasks to queue
[2025-03-16T08:35:54.195+0000] {logging_mixin.py:120} INFO - [2025-03-16T08:35:54.194+0000] {dagbag.py:537} INFO - Filling up the DagBag from /home/airflow/.local/lib/python3.7/site-packages/airflow/example_dags/example_branch_labels.py
[2025-03-16T08:35:54.250+0000] {processor.py:766} INFO - DAG(s) dict_keys(['example_branch_labels']) retrieved from /home/airflow/.local/lib/python3.7/site-packages/airflow/example_dags/example_branch_labels.py
[2025-03-16T08:35:54.421+0000] {logging_mixin.py:120} INFO - [2025-03-16T08:35:54.421+0000] {dag.py:2585} INFO - Sync 1 DAGs
[2025-03-16T08:35:54.509+0000] {logging_mixin.py:120} INFO - [2025-03-16T08:35:54.508+0000] {dag.py:3340} INFO - Setting next_dagrun for example_branch_labels to 2025-03-15T00:00:00+00:00, run_after=2025-03-16T00:00:00+00:00
[2025-03-16T08:35:54.542+0000] {processor.py:176} INFO - Processing /home/airflow/.local/lib/python3.7/site-packages/airflow/example_dags/example_branch_labels.py took 0.364 seconds
[2025-03-16T08:36:24.732+0000] {processor.py:154} INFO - Started process (PID=593) to work on /home/airflow/.local/lib/python3.7/site-packages/airflow/example_dags/example_branch_labels.py
[2025-03-16T08:36:24.733+0000] {processor.py:756} INFO - Processing file /home/airflow/.local/lib/python3.7/site-packages/airflow/example_dags/example_branch_labels.py for tasks to queue
[2025-03-16T08:36:24.733+0000] {logging_mixin.py:120} INFO - [2025-03-16T08:36:24.733+0000] {dagbag.py:537} INFO - Filling up the DagBag from /home/airflow/.local/lib/python3.7/site-packages/airflow/example_dags/example_branch_labels.py
[2025-03-16T08:36:24.753+0000] {processor.py:766} INFO - DAG(s) dict_keys(['example_branch_labels']) retrieved from /home/airflow/.local/lib/python3.7/site-packages/airflow/example_dags/example_branch_labels.py
[2025-03-16T08:36:24.808+0000] {logging_mixin.py:120} INFO - [2025-03-16T08:36:24.808+0000] {dag.py:2585} INFO - Sync 1 DAGs
[2025-03-16T08:36:24.842+0000] {logging_mixin.py:120} INFO - [2025-03-16T08:36:24.842+0000] {dag.py:3340} INFO - Setting next_dagrun for example_branch_labels to 2025-03-15T00:00:00+00:00, run_after=2025-03-16T00:00:00+00:00
[2025-03-16T08:36:24.866+0000] {processor.py:176} INFO - Processing /home/airflow/.local/lib/python3.7/site-packages/airflow/example_dags/example_branch_labels.py took 0.139 seconds
[2025-03-16T08:36:55.569+0000] {processor.py:154} INFO - Started process (PID=647) to work on /home/airflow/.local/lib/python3.7/site-packages/airflow/example_dags/example_branch_labels.py
[2025-03-16T08:36:55.571+0000] {processor.py:756} INFO - Processing file /home/airflow/.local/lib/python3.7/site-packages/airflow/example_dags/example_branch_labels.py for tasks to queue
[2025-03-16T08:36:55.572+0000] {logging_mixin.py:120} INFO - [2025-03-16T08:36:55.572+0000] {dagbag.py:537} INFO - Filling up the DagBag from /home/airflow/.local/lib/python3.7/site-packages/airflow/example_dags/example_branch_labels.py
[2025-03-16T08:36:55.598+0000] {processor.py:766} INFO - DAG(s) dict_keys(['example_branch_labels']) retrieved from /home/airflow/.local/lib/python3.7/site-packages/airflow/example_dags/example_branch_labels.py
[2025-03-16T08:36:55.671+0000] {logging_mixin.py:120} INFO - [2025-03-16T08:36:55.671+0000] {dag.py:2585} INFO - Sync 1 DAGs
[2025-03-16T08:36:55.710+0000] {logging_mixin.py:120} INFO - [2025-03-16T08:36:55.709+0000] {dag.py:3340} INFO - Setting next_dagrun for example_branch_labels to 2025-03-15T00:00:00+00:00, run_after=2025-03-16T00:00:00+00:00
[2025-03-16T08:36:55.730+0000] {processor.py:176} INFO - Processing /home/airflow/.local/lib/python3.7/site-packages/airflow/example_dags/example_branch_labels.py took 0.166 seconds
[2025-03-16T08:37:26.110+0000] {processor.py:154} INFO - Started process (PID=709) to work on /home/airflow/.local/lib/python3.7/site-packages/airflow/example_dags/example_branch_labels.py
[2025-03-16T08:37:26.112+0000] {processor.py:756} INFO - Processing file /home/airflow/.local/lib/python3.7/site-packages/airflow/example_dags/example_branch_labels.py for tasks to queue
[2025-03-16T08:37:26.113+0000] {logging_mixin.py:120} INFO - [2025-03-16T08:37:26.113+0000] {dagbag.py:537} INFO - Filling up the DagBag from /home/airflow/.local/lib/python3.7/site-packages/airflow/example_dags/example_branch_labels.py
[2025-03-16T08:37:26.143+0000] {processor.py:766} INFO - DAG(s) dict_keys(['example_branch_labels']) retrieved from /home/airflow/.local/lib/python3.7/site-packages/airflow/example_dags/example_branch_labels.py
[2025-03-16T08:37:26.209+0000] {logging_mixin.py:120} INFO - [2025-03-16T08:37:26.209+0000] {dag.py:2585} INFO - Sync 1 DAGs
[2025-03-16T08:37:26.252+0000] {logging_mixin.py:120} INFO - [2025-03-16T08:37:26.252+0000] {dag.py:3340} INFO - Setting next_dagrun for example_branch_labels to 2025-03-15T00:00:00+00:00, run_after=2025-03-16T00:00:00+00:00
[2025-03-16T08:37:26.304+0000] {processor.py:176} INFO - Processing /home/airflow/.local/lib/python3.7/site-packages/airflow/example_dags/example_branch_labels.py took 0.212 seconds
[2025-03-16T08:37:57.096+0000] {processor.py:154} INFO - Started process (PID=763) to work on /home/airflow/.local/lib/python3.7/site-packages/airflow/example_dags/example_branch_labels.py
[2025-03-16T08:37:57.101+0000] {processor.py:756} INFO - Processing file /home/airflow/.local/lib/python3.7/site-packages/airflow/example_dags/example_branch_labels.py for tasks to queue
[2025-03-16T08:37:57.102+0000] {logging_mixin.py:120} INFO - [2025-03-16T08:37:57.102+0000] {dagbag.py:537} INFO - Filling up the DagBag from /home/airflow/.local/lib/python3.7/site-packages/airflow/example_dags/example_branch_labels.py
[2025-03-16T08:37:57.135+0000] {processor.py:766} INFO - DAG(s) dict_keys(['example_branch_labels']) retrieved from /home/airflow/.local/lib/python3.7/site-packages/airflow/example_dags/example_branch_labels.py
[2025-03-16T08:37:57.210+0000] {logging_mixin.py:120} INFO - [2025-03-16T08:37:57.210+0000] {dag.py:2585} INFO - Sync 1 DAGs
[2025-03-16T08:37:57.244+0000] {logging_mixin.py:120} INFO - [2025-03-16T08:37:57.244+0000] {dag.py:3340} INFO - Setting next_dagrun for example_branch_labels to 2025-03-15T00:00:00+00:00, run_after=2025-03-16T00:00:00+00:00
[2025-03-16T08:37:57.267+0000] {processor.py:176} INFO - Processing /home/airflow/.local/lib/python3.7/site-packages/airflow/example_dags/example_branch_labels.py took 0.177 seconds
[2025-03-16T08:38:27.784+0000] {processor.py:154} INFO - Started process (PID=827) to work on /home/airflow/.local/lib/python3.7/site-packages/airflow/example_dags/example_branch_labels.py
[2025-03-16T08:38:27.786+0000] {processor.py:756} INFO - Processing file /home/airflow/.local/lib/python3.7/site-packages/airflow/example_dags/example_branch_labels.py for tasks to queue
[2025-03-16T08:38:27.787+0000] {logging_mixin.py:120} INFO - [2025-03-16T08:38:27.787+0000] {dagbag.py:537} INFO - Filling up the DagBag from /home/airflow/.local/lib/python3.7/site-packages/airflow/example_dags/example_branch_labels.py
[2025-03-16T08:38:27.814+0000] {processor.py:766} INFO - DAG(s) dict_keys(['example_branch_labels']) retrieved from /home/airflow/.local/lib/python3.7/site-packages/airflow/example_dags/example_branch_labels.py
[2025-03-16T08:38:27.879+0000] {logging_mixin.py:120} INFO - [2025-03-16T08:38:27.873+0000] {dag.py:2585} INFO - Sync 1 DAGs
[2025-03-16T08:38:27.915+0000] {logging_mixin.py:120} INFO - [2025-03-16T08:38:27.915+0000] {dag.py:3340} INFO - Setting next_dagrun for example_branch_labels to 2025-03-15T00:00:00+00:00, run_after=2025-03-16T00:00:00+00:00
[2025-03-16T08:38:27.942+0000] {processor.py:176} INFO - Processing /home/airflow/.local/lib/python3.7/site-packages/airflow/example_dags/example_branch_labels.py took 0.164 seconds
[2025-03-16T08:38:58.677+0000] {processor.py:154} INFO - Started process (PID=881) to work on /home/airflow/.local/lib/python3.7/site-packages/airflow/example_dags/example_branch_labels.py
[2025-03-16T08:38:58.679+0000] {processor.py:756} INFO - Processing file /home/airflow/.local/lib/python3.7/site-packages/airflow/example_dags/example_branch_labels.py for tasks to queue
[2025-03-16T08:38:58.680+0000] {logging_mixin.py:120} INFO - [2025-03-16T08:38:58.680+0000] {dagbag.py:537} INFO - Filling up the DagBag from /home/airflow/.local/lib/python3.7/site-packages/airflow/example_dags/example_branch_labels.py
[2025-03-16T08:38:58.707+0000] {processor.py:766} INFO - DAG(s) dict_keys(['example_branch_labels']) retrieved from /home/airflow/.local/lib/python3.7/site-packages/airflow/example_dags/example_branch_labels.py
[2025-03-16T08:38:58.792+0000] {logging_mixin.py:120} INFO - [2025-03-16T08:38:58.791+0000] {dag.py:2585} INFO - Sync 1 DAGs
[2025-03-16T08:38:58.847+0000] {logging_mixin.py:120} INFO - [2025-03-16T08:38:58.847+0000] {dag.py:3340} INFO - Setting next_dagrun for example_branch_labels to 2025-03-15T00:00:00+00:00, run_after=2025-03-16T00:00:00+00:00
[2025-03-16T08:38:58.869+0000] {processor.py:176} INFO - Processing /home/airflow/.local/lib/python3.7/site-packages/airflow/example_dags/example_branch_labels.py took 0.197 seconds
[2025-03-16T08:39:29.320+0000] {processor.py:154} INFO - Started process (PID=944) to work on /home/airflow/.local/lib/python3.7/site-packages/airflow/example_dags/example_branch_labels.py
[2025-03-16T08:39:29.322+0000] {processor.py:756} INFO - Processing file /home/airflow/.local/lib/python3.7/site-packages/airflow/example_dags/example_branch_labels.py for tasks to queue
[2025-03-16T08:39:29.323+0000] {logging_mixin.py:120} INFO - [2025-03-16T08:39:29.322+0000] {dagbag.py:537} INFO - Filling up the DagBag from /home/airflow/.local/lib/python3.7/site-packages/airflow/example_dags/example_branch_labels.py
[2025-03-16T08:39:29.348+0000] {processor.py:766} INFO - DAG(s) dict_keys(['example_branch_labels']) retrieved from /home/airflow/.local/lib/python3.7/site-packages/airflow/example_dags/example_branch_labels.py
[2025-03-16T08:39:29.411+0000] {logging_mixin.py:120} INFO - [2025-03-16T08:39:29.411+0000] {dag.py:2585} INFO - Sync 1 DAGs
[2025-03-16T08:39:29.442+0000] {logging_mixin.py:120} INFO - [2025-03-16T08:39:29.442+0000] {dag.py:3340} INFO - Setting next_dagrun for example_branch_labels to 2025-03-15T00:00:00+00:00, run_after=2025-03-16T00:00:00+00:00
[2025-03-16T08:39:29.463+0000] {processor.py:176} INFO - Processing /home/airflow/.local/lib/python3.7/site-packages/airflow/example_dags/example_branch_labels.py took 0.149 seconds
[2025-03-16T08:39:59.940+0000] {processor.py:154} INFO - Started process (PID=998) to work on /home/airflow/.local/lib/python3.7/site-packages/airflow/example_dags/example_branch_labels.py
[2025-03-16T08:39:59.943+0000] {processor.py:756} INFO - Processing file /home/airflow/.local/lib/python3.7/site-packages/airflow/example_dags/example_branch_labels.py for tasks to queue
[2025-03-16T08:39:59.944+0000] {logging_mixin.py:120} INFO - [2025-03-16T08:39:59.944+0000] {dagbag.py:537} INFO - Filling up the DagBag from /home/airflow/.local/lib/python3.7/site-packages/airflow/example_dags/example_branch_labels.py
[2025-03-16T08:39:59.992+0000] {processor.py:766} INFO - DAG(s) dict_keys(['example_branch_labels']) retrieved from /home/airflow/.local/lib/python3.7/site-packages/airflow/example_dags/example_branch_labels.py
[2025-03-16T08:40:00.207+0000] {logging_mixin.py:120} INFO - [2025-03-16T08:40:00.206+0000] {dag.py:2585} INFO - Sync 1 DAGs
[2025-03-16T08:40:00.244+0000] {logging_mixin.py:120} INFO - [2025-03-16T08:40:00.244+0000] {dag.py:3340} INFO - Setting next_dagrun for example_branch_labels to 2025-03-15T00:00:00+00:00, run_after=2025-03-16T00:00:00+00:00
[2025-03-16T08:40:00.268+0000] {processor.py:176} INFO - Processing /home/airflow/.local/lib/python3.7/site-packages/airflow/example_dags/example_branch_labels.py took 0.333 seconds
[2025-03-16T08:40:30.406+0000] {processor.py:154} INFO - Started process (PID=1061) to work on /home/airflow/.local/lib/python3.7/site-packages/airflow/example_dags/example_branch_labels.py
[2025-03-16T08:40:30.410+0000] {processor.py:756} INFO - Processing file /home/airflow/.local/lib/python3.7/site-packages/airflow/example_dags/example_branch_labels.py for tasks to queue
[2025-03-16T08:40:30.413+0000] {logging_mixin.py:120} INFO - [2025-03-16T08:40:30.410+0000] {dagbag.py:537} INFO - Filling up the DagBag from /home/airflow/.local/lib/python3.7/site-packages/airflow/example_dags/example_branch_labels.py
[2025-03-16T08:40:30.452+0000] {processor.py:766} INFO - DAG(s) dict_keys(['example_branch_labels']) retrieved from /home/airflow/.local/lib/python3.7/site-packages/airflow/example_dags/example_branch_labels.py
[2025-03-16T08:40:30.595+0000] {logging_mixin.py:120} INFO - [2025-03-16T08:40:30.595+0000] {dag.py:2585} INFO - Sync 1 DAGs
[2025-03-16T08:40:30.648+0000] {logging_mixin.py:120} INFO - [2025-03-16T08:40:30.648+0000] {dag.py:3340} INFO - Setting next_dagrun for example_branch_labels to 2025-03-15T00:00:00+00:00, run_after=2025-03-16T00:00:00+00:00
[2025-03-16T08:40:30.713+0000] {processor.py:176} INFO - Processing /home/airflow/.local/lib/python3.7/site-packages/airflow/example_dags/example_branch_labels.py took 0.320 seconds
[2025-03-16T08:41:01.524+0000] {processor.py:154} INFO - Started process (PID=1115) to work on /home/airflow/.local/lib/python3.7/site-packages/airflow/example_dags/example_branch_labels.py
[2025-03-16T08:41:01.526+0000] {processor.py:756} INFO - Processing file /home/airflow/.local/lib/python3.7/site-packages/airflow/example_dags/example_branch_labels.py for tasks to queue
[2025-03-16T08:41:01.527+0000] {logging_mixin.py:120} INFO - [2025-03-16T08:41:01.526+0000] {dagbag.py:537} INFO - Filling up the DagBag from /home/airflow/.local/lib/python3.7/site-packages/airflow/example_dags/example_branch_labels.py
[2025-03-16T08:41:01.546+0000] {processor.py:766} INFO - DAG(s) dict_keys(['example_branch_labels']) retrieved from /home/airflow/.local/lib/python3.7/site-packages/airflow/example_dags/example_branch_labels.py
[2025-03-16T08:41:01.602+0000] {logging_mixin.py:120} INFO - [2025-03-16T08:41:01.602+0000] {dag.py:2585} INFO - Sync 1 DAGs
[2025-03-16T08:41:01.644+0000] {logging_mixin.py:120} INFO - [2025-03-16T08:41:01.644+0000] {dag.py:3340} INFO - Setting next_dagrun for example_branch_labels to 2025-03-15T00:00:00+00:00, run_after=2025-03-16T00:00:00+00:00
[2025-03-16T08:41:01.675+0000] {processor.py:176} INFO - Processing /home/airflow/.local/lib/python3.7/site-packages/airflow/example_dags/example_branch_labels.py took 0.155 seconds
[2025-03-16T08:41:32.558+0000] {processor.py:154} INFO - Started process (PID=1178) to work on /home/airflow/.local/lib/python3.7/site-packages/airflow/example_dags/example_branch_labels.py
[2025-03-16T08:41:32.561+0000] {processor.py:756} INFO - Processing file /home/airflow/.local/lib/python3.7/site-packages/airflow/example_dags/example_branch_labels.py for tasks to queue
[2025-03-16T08:41:32.562+0000] {logging_mixin.py:120} INFO - [2025-03-16T08:41:32.562+0000] {dagbag.py:537} INFO - Filling up the DagBag from /home/airflow/.local/lib/python3.7/site-packages/airflow/example_dags/example_branch_labels.py
[2025-03-16T08:41:32.621+0000] {processor.py:766} INFO - DAG(s) dict_keys(['example_branch_labels']) retrieved from /home/airflow/.local/lib/python3.7/site-packages/airflow/example_dags/example_branch_labels.py
[2025-03-16T08:41:32.737+0000] {logging_mixin.py:120} INFO - [2025-03-16T08:41:32.737+0000] {dag.py:2585} INFO - Sync 1 DAGs
[2025-03-16T08:41:32.791+0000] {logging_mixin.py:120} INFO - [2025-03-16T08:41:32.790+0000] {dag.py:3340} INFO - Setting next_dagrun for example_branch_labels to 2025-03-15T00:00:00+00:00, run_after=2025-03-16T00:00:00+00:00
[2025-03-16T08:41:32.827+0000] {processor.py:176} INFO - Processing /home/airflow/.local/lib/python3.7/site-packages/airflow/example_dags/example_branch_labels.py took 0.281 seconds
[2025-03-16T08:42:03.682+0000] {processor.py:154} INFO - Started process (PID=1232) to work on /home/airflow/.local/lib/python3.7/site-packages/airflow/example_dags/example_branch_labels.py
[2025-03-16T08:42:03.683+0000] {processor.py:756} INFO - Processing file /home/airflow/.local/lib/python3.7/site-packages/airflow/example_dags/example_branch_labels.py for tasks to queue
[2025-03-16T08:42:03.684+0000] {logging_mixin.py:120} INFO - [2025-03-16T08:42:03.684+0000] {dagbag.py:537} INFO - Filling up the DagBag from /home/airflow/.local/lib/python3.7/site-packages/airflow/example_dags/example_branch_labels.py
[2025-03-16T08:42:03.710+0000] {processor.py:766} INFO - DAG(s) dict_keys(['example_branch_labels']) retrieved from /home/airflow/.local/lib/python3.7/site-packages/airflow/example_dags/example_branch_labels.py
[2025-03-16T08:42:03.759+0000] {logging_mixin.py:120} INFO - [2025-03-16T08:42:03.759+0000] {dag.py:2585} INFO - Sync 1 DAGs
[2025-03-16T08:42:03.791+0000] {logging_mixin.py:120} INFO - [2025-03-16T08:42:03.791+0000] {dag.py:3340} INFO - Setting next_dagrun for example_branch_labels to 2025-03-15T00:00:00+00:00, run_after=2025-03-16T00:00:00+00:00
[2025-03-16T08:42:03.824+0000] {processor.py:176} INFO - Processing /home/airflow/.local/lib/python3.7/site-packages/airflow/example_dags/example_branch_labels.py took 0.148 seconds
[2025-03-16T08:42:34.390+0000] {processor.py:154} INFO - Started process (PID=1295) to work on /home/airflow/.local/lib/python3.7/site-packages/airflow/example_dags/example_branch_labels.py
[2025-03-16T08:42:34.393+0000] {processor.py:756} INFO - Processing file /home/airflow/.local/lib/python3.7/site-packages/airflow/example_dags/example_branch_labels.py for tasks to queue
[2025-03-16T08:42:34.394+0000] {logging_mixin.py:120} INFO - [2025-03-16T08:42:34.394+0000] {dagbag.py:537} INFO - Filling up the DagBag from /home/airflow/.local/lib/python3.7/site-packages/airflow/example_dags/example_branch_labels.py
[2025-03-16T08:42:34.444+0000] {processor.py:766} INFO - DAG(s) dict_keys(['example_branch_labels']) retrieved from /home/airflow/.local/lib/python3.7/site-packages/airflow/example_dags/example_branch_labels.py
[2025-03-16T08:42:34.540+0000] {logging_mixin.py:120} INFO - [2025-03-16T08:42:34.540+0000] {dag.py:2585} INFO - Sync 1 DAGs
[2025-03-16T08:42:34.596+0000] {logging_mixin.py:120} INFO - [2025-03-16T08:42:34.596+0000] {dag.py:3340} INFO - Setting next_dagrun for example_branch_labels to 2025-03-15T00:00:00+00:00, run_after=2025-03-16T00:00:00+00:00
[2025-03-16T08:42:34.628+0000] {processor.py:176} INFO - Processing /home/airflow/.local/lib/python3.7/site-packages/airflow/example_dags/example_branch_labels.py took 0.247 seconds
[2025-03-16T08:43:05.136+0000] {processor.py:154} INFO - Started process (PID=1349) to work on /home/airflow/.local/lib/python3.7/site-packages/airflow/example_dags/example_branch_labels.py
[2025-03-16T08:43:05.137+0000] {processor.py:756} INFO - Processing file /home/airflow/.local/lib/python3.7/site-packages/airflow/example_dags/example_branch_labels.py for tasks to queue
[2025-03-16T08:43:05.139+0000] {logging_mixin.py:120} INFO - [2025-03-16T08:43:05.139+0000] {dagbag.py:537} INFO - Filling up the DagBag from /home/airflow/.local/lib/python3.7/site-packages/airflow/example_dags/example_branch_labels.py
[2025-03-16T08:43:05.167+0000] {processor.py:766} INFO - DAG(s) dict_keys(['example_branch_labels']) retrieved from /home/airflow/.local/lib/python3.7/site-packages/airflow/example_dags/example_branch_labels.py
[2025-03-16T08:43:05.249+0000] {logging_mixin.py:120} INFO - [2025-03-16T08:43:05.249+0000] {dag.py:2585} INFO - Sync 1 DAGs
[2025-03-16T08:43:05.313+0000] {logging_mixin.py:120} INFO - [2025-03-16T08:43:05.312+0000] {dag.py:3340} INFO - Setting next_dagrun for example_branch_labels to 2025-03-15T00:00:00+00:00, run_after=2025-03-16T00:00:00+00:00
[2025-03-16T08:43:05.354+0000] {processor.py:176} INFO - Processing /home/airflow/.local/lib/python3.7/site-packages/airflow/example_dags/example_branch_labels.py took 0.224 seconds
[2025-03-16T08:43:36.359+0000] {processor.py:154} INFO - Started process (PID=1412) to work on /home/airflow/.local/lib/python3.7/site-packages/airflow/example_dags/example_branch_labels.py
[2025-03-16T08:43:36.362+0000] {processor.py:756} INFO - Processing file /home/airflow/.local/lib/python3.7/site-packages/airflow/example_dags/example_branch_labels.py for tasks to queue
[2025-03-16T08:43:36.363+0000] {logging_mixin.py:120} INFO - [2025-03-16T08:43:36.363+0000] {dagbag.py:537} INFO - Filling up the DagBag from /home/airflow/.local/lib/python3.7/site-packages/airflow/example_dags/example_branch_labels.py
[2025-03-16T08:43:36.393+0000] {processor.py:766} INFO - DAG(s) dict_keys(['example_branch_labels']) retrieved from /home/airflow/.local/lib/python3.7/site-packages/airflow/example_dags/example_branch_labels.py
[2025-03-16T08:43:36.463+0000] {logging_mixin.py:120} INFO - [2025-03-16T08:43:36.462+0000] {dag.py:2585} INFO - Sync 1 DAGs
[2025-03-16T08:43:36.513+0000] {logging_mixin.py:120} INFO - [2025-03-16T08:43:36.513+0000] {dag.py:3340} INFO - Setting next_dagrun for example_branch_labels to 2025-03-15T00:00:00+00:00, run_after=2025-03-16T00:00:00+00:00
[2025-03-16T08:43:36.551+0000] {processor.py:176} INFO - Processing /home/airflow/.local/lib/python3.7/site-packages/airflow/example_dags/example_branch_labels.py took 0.198 seconds
[2025-03-16T08:44:07.334+0000] {processor.py:154} INFO - Started process (PID=1466) to work on /home/airflow/.local/lib/python3.7/site-packages/airflow/example_dags/example_branch_labels.py
[2025-03-16T08:44:07.336+0000] {processor.py:756} INFO - Processing file /home/airflow/.local/lib/python3.7/site-packages/airflow/example_dags/example_branch_labels.py for tasks to queue
[2025-03-16T08:44:07.338+0000] {logging_mixin.py:120} INFO - [2025-03-16T08:44:07.337+0000] {dagbag.py:537} INFO - Filling up the DagBag from /home/airflow/.local/lib/python3.7/site-packages/airflow/example_dags/example_branch_labels.py
[2025-03-16T08:44:07.365+0000] {processor.py:766} INFO - DAG(s) dict_keys(['example_branch_labels']) retrieved from /home/airflow/.local/lib/python3.7/site-packages/airflow/example_dags/example_branch_labels.py
[2025-03-16T08:44:07.439+0000] {logging_mixin.py:120} INFO - [2025-03-16T08:44:07.439+0000] {dag.py:2585} INFO - Sync 1 DAGs
[2025-03-16T08:44:07.481+0000] {logging_mixin.py:120} INFO - [2025-03-16T08:44:07.481+0000] {dag.py:3340} INFO - Setting next_dagrun for example_branch_labels to 2025-03-15T00:00:00+00:00, run_after=2025-03-16T00:00:00+00:00
[2025-03-16T08:44:07.502+0000] {processor.py:176} INFO - Processing /home/airflow/.local/lib/python3.7/site-packages/airflow/example_dags/example_branch_labels.py took 0.174 seconds
[2025-03-16T08:44:38.363+0000] {processor.py:154} INFO - Started process (PID=1530) to work on /home/airflow/.local/lib/python3.7/site-packages/airflow/example_dags/example_branch_labels.py
[2025-03-16T08:44:38.364+0000] {processor.py:756} INFO - Processing file /home/airflow/.local/lib/python3.7/site-packages/airflow/example_dags/example_branch_labels.py for tasks to queue
[2025-03-16T08:44:38.365+0000] {logging_mixin.py:120} INFO - [2025-03-16T08:44:38.365+0000] {dagbag.py:537} INFO - Filling up the DagBag from /home/airflow/.local/lib/python3.7/site-packages/airflow/example_dags/example_branch_labels.py
[2025-03-16T08:44:38.390+0000] {processor.py:766} INFO - DAG(s) dict_keys(['example_branch_labels']) retrieved from /home/airflow/.local/lib/python3.7/site-packages/airflow/example_dags/example_branch_labels.py
[2025-03-16T08:44:38.488+0000] {logging_mixin.py:120} INFO - [2025-03-16T08:44:38.488+0000] {dag.py:2585} INFO - Sync 1 DAGs
[2025-03-16T08:44:38.537+0000] {logging_mixin.py:120} INFO - [2025-03-16T08:44:38.537+0000] {dag.py:3340} INFO - Setting next_dagrun for example_branch_labels to 2025-03-15T00:00:00+00:00, run_after=2025-03-16T00:00:00+00:00
[2025-03-16T08:44:38.565+0000] {processor.py:176} INFO - Processing /home/airflow/.local/lib/python3.7/site-packages/airflow/example_dags/example_branch_labels.py took 0.208 seconds
[2025-03-16T08:45:08.747+0000] {processor.py:154} INFO - Started process (PID=1584) to work on /home/airflow/.local/lib/python3.7/site-packages/airflow/example_dags/example_branch_labels.py
[2025-03-16T08:45:08.749+0000] {processor.py:756} INFO - Processing file /home/airflow/.local/lib/python3.7/site-packages/airflow/example_dags/example_branch_labels.py for tasks to queue
[2025-03-16T08:45:08.750+0000] {logging_mixin.py:120} INFO - [2025-03-16T08:45:08.750+0000] {dagbag.py:537} INFO - Filling up the DagBag from /home/airflow/.local/lib/python3.7/site-packages/airflow/example_dags/example_branch_labels.py
[2025-03-16T08:45:08.780+0000] {processor.py:766} INFO - DAG(s) dict_keys(['example_branch_labels']) retrieved from /home/airflow/.local/lib/python3.7/site-packages/airflow/example_dags/example_branch_labels.py
[2025-03-16T08:45:08.913+0000] {logging_mixin.py:120} INFO - [2025-03-16T08:45:08.913+0000] {dag.py:2585} INFO - Sync 1 DAGs
[2025-03-16T08:45:08.966+0000] {logging_mixin.py:120} INFO - [2025-03-16T08:45:08.966+0000] {dag.py:3340} INFO - Setting next_dagrun for example_branch_labels to 2025-03-15T00:00:00+00:00, run_after=2025-03-16T00:00:00+00:00
[2025-03-16T08:45:08.996+0000] {processor.py:176} INFO - Processing /home/airflow/.local/lib/python3.7/site-packages/airflow/example_dags/example_branch_labels.py took 0.256 seconds
[2025-03-16T08:45:39.929+0000] {processor.py:154} INFO - Started process (PID=1647) to work on /home/airflow/.local/lib/python3.7/site-packages/airflow/example_dags/example_branch_labels.py
[2025-03-16T08:45:39.931+0000] {processor.py:756} INFO - Processing file /home/airflow/.local/lib/python3.7/site-packages/airflow/example_dags/example_branch_labels.py for tasks to queue
[2025-03-16T08:45:39.932+0000] {logging_mixin.py:120} INFO - [2025-03-16T08:45:39.931+0000] {dagbag.py:537} INFO - Filling up the DagBag from /home/airflow/.local/lib/python3.7/site-packages/airflow/example_dags/example_branch_labels.py
[2025-03-16T08:45:39.959+0000] {processor.py:766} INFO - DAG(s) dict_keys(['example_branch_labels']) retrieved from /home/airflow/.local/lib/python3.7/site-packages/airflow/example_dags/example_branch_labels.py
[2025-03-16T08:45:40.040+0000] {logging_mixin.py:120} INFO - [2025-03-16T08:45:40.040+0000] {dag.py:2585} INFO - Sync 1 DAGs
[2025-03-16T08:45:40.097+0000] {logging_mixin.py:120} INFO - [2025-03-16T08:45:40.097+0000] {dag.py:3340} INFO - Setting next_dagrun for example_branch_labels to 2025-03-15T00:00:00+00:00, run_after=2025-03-16T00:00:00+00:00
[2025-03-16T08:45:40.129+0000] {processor.py:176} INFO - Processing /home/airflow/.local/lib/python3.7/site-packages/airflow/example_dags/example_branch_labels.py took 0.205 seconds
[2025-03-16T08:46:10.910+0000] {processor.py:154} INFO - Started process (PID=1701) to work on /home/airflow/.local/lib/python3.7/site-packages/airflow/example_dags/example_branch_labels.py
[2025-03-16T08:46:10.911+0000] {processor.py:756} INFO - Processing file /home/airflow/.local/lib/python3.7/site-packages/airflow/example_dags/example_branch_labels.py for tasks to queue
[2025-03-16T08:46:10.913+0000] {logging_mixin.py:120} INFO - [2025-03-16T08:46:10.912+0000] {dagbag.py:537} INFO - Filling up the DagBag from /home/airflow/.local/lib/python3.7/site-packages/airflow/example_dags/example_branch_labels.py
[2025-03-16T08:46:10.956+0000] {processor.py:766} INFO - DAG(s) dict_keys(['example_branch_labels']) retrieved from /home/airflow/.local/lib/python3.7/site-packages/airflow/example_dags/example_branch_labels.py
[2025-03-16T08:46:11.029+0000] {logging_mixin.py:120} INFO - [2025-03-16T08:46:11.028+0000] {dag.py:2585} INFO - Sync 1 DAGs
[2025-03-16T08:46:11.079+0000] {logging_mixin.py:120} INFO - [2025-03-16T08:46:11.079+0000] {dag.py:3340} INFO - Setting next_dagrun for example_branch_labels to 2025-03-15T00:00:00+00:00, run_after=2025-03-16T00:00:00+00:00
[2025-03-16T08:46:11.105+0000] {processor.py:176} INFO - Processing /home/airflow/.local/lib/python3.7/site-packages/airflow/example_dags/example_branch_labels.py took 0.211 seconds
[2025-03-16T08:46:42.151+0000] {processor.py:154} INFO - Started process (PID=1764) to work on /home/airflow/.local/lib/python3.7/site-packages/airflow/example_dags/example_branch_labels.py
[2025-03-16T08:46:42.152+0000] {processor.py:756} INFO - Processing file /home/airflow/.local/lib/python3.7/site-packages/airflow/example_dags/example_branch_labels.py for tasks to queue
[2025-03-16T08:46:42.153+0000] {logging_mixin.py:120} INFO - [2025-03-16T08:46:42.153+0000] {dagbag.py:537} INFO - Filling up the DagBag from /home/airflow/.local/lib/python3.7/site-packages/airflow/example_dags/example_branch_labels.py
[2025-03-16T08:46:42.185+0000] {processor.py:766} INFO - DAG(s) dict_keys(['example_branch_labels']) retrieved from /home/airflow/.local/lib/python3.7/site-packages/airflow/example_dags/example_branch_labels.py
[2025-03-16T08:46:42.311+0000] {logging_mixin.py:120} INFO - [2025-03-16T08:46:42.310+0000] {dag.py:2585} INFO - Sync 1 DAGs
[2025-03-16T08:46:42.373+0000] {logging_mixin.py:120} INFO - [2025-03-16T08:46:42.373+0000] {dag.py:3340} INFO - Setting next_dagrun for example_branch_labels to 2025-03-15T00:00:00+00:00, run_after=2025-03-16T00:00:00+00:00
[2025-03-16T08:46:42.401+0000] {processor.py:176} INFO - Processing /home/airflow/.local/lib/python3.7/site-packages/airflow/example_dags/example_branch_labels.py took 0.258 seconds
[2025-03-16T08:47:13.095+0000] {processor.py:154} INFO - Started process (PID=1818) to work on /home/airflow/.local/lib/python3.7/site-packages/airflow/example_dags/example_branch_labels.py
[2025-03-16T08:47:13.101+0000] {processor.py:756} INFO - Processing file /home/airflow/.local/lib/python3.7/site-packages/airflow/example_dags/example_branch_labels.py for tasks to queue
[2025-03-16T08:47:13.103+0000] {logging_mixin.py:120} INFO - [2025-03-16T08:47:13.103+0000] {dagbag.py:537} INFO - Filling up the DagBag from /home/airflow/.local/lib/python3.7/site-packages/airflow/example_dags/example_branch_labels.py
[2025-03-16T08:47:13.131+0000] {processor.py:766} INFO - DAG(s) dict_keys(['example_branch_labels']) retrieved from /home/airflow/.local/lib/python3.7/site-packages/airflow/example_dags/example_branch_labels.py
[2025-03-16T08:47:13.205+0000] {logging_mixin.py:120} INFO - [2025-03-16T08:47:13.205+0000] {dag.py:2585} INFO - Sync 1 DAGs
[2025-03-16T08:47:13.253+0000] {logging_mixin.py:120} INFO - [2025-03-16T08:47:13.253+0000] {dag.py:3340} INFO - Setting next_dagrun for example_branch_labels to 2025-03-15T00:00:00+00:00, run_after=2025-03-16T00:00:00+00:00
[2025-03-16T08:47:13.280+0000] {processor.py:176} INFO - Processing /home/airflow/.local/lib/python3.7/site-packages/airflow/example_dags/example_branch_labels.py took 0.191 seconds
[2025-03-16T08:47:43.611+0000] {processor.py:154} INFO - Started process (PID=1881) to work on /home/airflow/.local/lib/python3.7/site-packages/airflow/example_dags/example_branch_labels.py
[2025-03-16T08:47:43.612+0000] {processor.py:756} INFO - Processing file /home/airflow/.local/lib/python3.7/site-packages/airflow/example_dags/example_branch_labels.py for tasks to queue
[2025-03-16T08:47:43.613+0000] {logging_mixin.py:120} INFO - [2025-03-16T08:47:43.613+0000] {dagbag.py:537} INFO - Filling up the DagBag from /home/airflow/.local/lib/python3.7/site-packages/airflow/example_dags/example_branch_labels.py
[2025-03-16T08:47:43.638+0000] {processor.py:766} INFO - DAG(s) dict_keys(['example_branch_labels']) retrieved from /home/airflow/.local/lib/python3.7/site-packages/airflow/example_dags/example_branch_labels.py
[2025-03-16T08:47:43.705+0000] {logging_mixin.py:120} INFO - [2025-03-16T08:47:43.704+0000] {dag.py:2585} INFO - Sync 1 DAGs
[2025-03-16T08:47:43.751+0000] {logging_mixin.py:120} INFO - [2025-03-16T08:47:43.750+0000] {dag.py:3340} INFO - Setting next_dagrun for example_branch_labels to 2025-03-15T00:00:00+00:00, run_after=2025-03-16T00:00:00+00:00
[2025-03-16T08:47:43.780+0000] {processor.py:176} INFO - Processing /home/airflow/.local/lib/python3.7/site-packages/airflow/example_dags/example_branch_labels.py took 0.174 seconds
[2025-03-16T08:48:14.688+0000] {processor.py:154} INFO - Started process (PID=1935) to work on /home/airflow/.local/lib/python3.7/site-packages/airflow/example_dags/example_branch_labels.py
[2025-03-16T08:48:14.690+0000] {processor.py:756} INFO - Processing file /home/airflow/.local/lib/python3.7/site-packages/airflow/example_dags/example_branch_labels.py for tasks to queue
[2025-03-16T08:48:14.691+0000] {logging_mixin.py:120} INFO - [2025-03-16T08:48:14.690+0000] {dagbag.py:537} INFO - Filling up the DagBag from /home/airflow/.local/lib/python3.7/site-packages/airflow/example_dags/example_branch_labels.py
[2025-03-16T08:48:14.719+0000] {processor.py:766} INFO - DAG(s) dict_keys(['example_branch_labels']) retrieved from /home/airflow/.local/lib/python3.7/site-packages/airflow/example_dags/example_branch_labels.py
[2025-03-16T08:48:14.790+0000] {logging_mixin.py:120} INFO - [2025-03-16T08:48:14.790+0000] {dag.py:2585} INFO - Sync 1 DAGs
[2025-03-16T08:48:14.846+0000] {logging_mixin.py:120} INFO - [2025-03-16T08:48:14.846+0000] {dag.py:3340} INFO - Setting next_dagrun for example_branch_labels to 2025-03-15T00:00:00+00:00, run_after=2025-03-16T00:00:00+00:00
[2025-03-16T08:48:14.874+0000] {processor.py:176} INFO - Processing /home/airflow/.local/lib/python3.7/site-packages/airflow/example_dags/example_branch_labels.py took 0.191 seconds
[2025-03-16T08:48:45.600+0000] {processor.py:154} INFO - Started process (PID=1997) to work on /home/airflow/.local/lib/python3.7/site-packages/airflow/example_dags/example_branch_labels.py
[2025-03-16T08:48:45.602+0000] {processor.py:756} INFO - Processing file /home/airflow/.local/lib/python3.7/site-packages/airflow/example_dags/example_branch_labels.py for tasks to queue
[2025-03-16T08:48:45.603+0000] {logging_mixin.py:120} INFO - [2025-03-16T08:48:45.603+0000] {dagbag.py:537} INFO - Filling up the DagBag from /home/airflow/.local/lib/python3.7/site-packages/airflow/example_dags/example_branch_labels.py
[2025-03-16T08:48:45.633+0000] {processor.py:766} INFO - DAG(s) dict_keys(['example_branch_labels']) retrieved from /home/airflow/.local/lib/python3.7/site-packages/airflow/example_dags/example_branch_labels.py
[2025-03-16T08:48:45.756+0000] {logging_mixin.py:120} INFO - [2025-03-16T08:48:45.756+0000] {dag.py:2585} INFO - Sync 1 DAGs
[2025-03-16T08:48:45.844+0000] {logging_mixin.py:120} INFO - [2025-03-16T08:48:45.844+0000] {dag.py:3340} INFO - Setting next_dagrun for example_branch_labels to 2025-03-15T00:00:00+00:00, run_after=2025-03-16T00:00:00+00:00
[2025-03-16T08:48:45.873+0000] {processor.py:176} INFO - Processing /home/airflow/.local/lib/python3.7/site-packages/airflow/example_dags/example_branch_labels.py took 0.280 seconds
[2025-03-16T08:49:16.062+0000] {processor.py:154} INFO - Started process (PID=2051) to work on /home/airflow/.local/lib/python3.7/site-packages/airflow/example_dags/example_branch_labels.py
[2025-03-16T08:49:16.064+0000] {processor.py:756} INFO - Processing file /home/airflow/.local/lib/python3.7/site-packages/airflow/example_dags/example_branch_labels.py for tasks to queue
[2025-03-16T08:49:16.065+0000] {logging_mixin.py:120} INFO - [2025-03-16T08:49:16.065+0000] {dagbag.py:537} INFO - Filling up the DagBag from /home/airflow/.local/lib/python3.7/site-packages/airflow/example_dags/example_branch_labels.py
[2025-03-16T08:49:16.154+0000] {processor.py:766} INFO - DAG(s) dict_keys(['example_branch_labels']) retrieved from /home/airflow/.local/lib/python3.7/site-packages/airflow/example_dags/example_branch_labels.py
[2025-03-16T08:49:16.261+0000] {logging_mixin.py:120} INFO - [2025-03-16T08:49:16.261+0000] {dag.py:2585} INFO - Sync 1 DAGs
[2025-03-16T08:49:16.311+0000] {logging_mixin.py:120} INFO - [2025-03-16T08:49:16.310+0000] {dag.py:3340} INFO - Setting next_dagrun for example_branch_labels to 2025-03-15T00:00:00+00:00, run_after=2025-03-16T00:00:00+00:00
[2025-03-16T08:49:16.354+0000] {processor.py:176} INFO - Processing /home/airflow/.local/lib/python3.7/site-packages/airflow/example_dags/example_branch_labels.py took 0.301 seconds
[2025-03-16T08:49:46.387+0000] {processor.py:154} INFO - Started process (PID=2114) to work on /home/airflow/.local/lib/python3.7/site-packages/airflow/example_dags/example_branch_labels.py
[2025-03-16T08:49:46.388+0000] {processor.py:756} INFO - Processing file /home/airflow/.local/lib/python3.7/site-packages/airflow/example_dags/example_branch_labels.py for tasks to queue
[2025-03-16T08:49:46.388+0000] {logging_mixin.py:120} INFO - [2025-03-16T08:49:46.388+0000] {dagbag.py:537} INFO - Filling up the DagBag from /home/airflow/.local/lib/python3.7/site-packages/airflow/example_dags/example_branch_labels.py
[2025-03-16T08:49:46.409+0000] {processor.py:766} INFO - DAG(s) dict_keys(['example_branch_labels']) retrieved from /home/airflow/.local/lib/python3.7/site-packages/airflow/example_dags/example_branch_labels.py
[2025-03-16T08:49:46.473+0000] {logging_mixin.py:120} INFO - [2025-03-16T08:49:46.473+0000] {dag.py:2585} INFO - Sync 1 DAGs
[2025-03-16T08:49:46.526+0000] {logging_mixin.py:120} INFO - [2025-03-16T08:49:46.526+0000] {dag.py:3340} INFO - Setting next_dagrun for example_branch_labels to 2025-03-15T00:00:00+00:00, run_after=2025-03-16T00:00:00+00:00
[2025-03-16T08:49:46.557+0000] {processor.py:176} INFO - Processing /home/airflow/.local/lib/python3.7/site-packages/airflow/example_dags/example_branch_labels.py took 0.175 seconds
[2025-03-16T08:50:16.716+0000] {processor.py:154} INFO - Started process (PID=2168) to work on /home/airflow/.local/lib/python3.7/site-packages/airflow/example_dags/example_branch_labels.py
[2025-03-16T08:50:16.718+0000] {processor.py:756} INFO - Processing file /home/airflow/.local/lib/python3.7/site-packages/airflow/example_dags/example_branch_labels.py for tasks to queue
[2025-03-16T08:50:16.719+0000] {logging_mixin.py:120} INFO - [2025-03-16T08:50:16.718+0000] {dagbag.py:537} INFO - Filling up the DagBag from /home/airflow/.local/lib/python3.7/site-packages/airflow/example_dags/example_branch_labels.py
[2025-03-16T08:50:16.754+0000] {processor.py:766} INFO - DAG(s) dict_keys(['example_branch_labels']) retrieved from /home/airflow/.local/lib/python3.7/site-packages/airflow/example_dags/example_branch_labels.py
[2025-03-16T08:50:16.863+0000] {logging_mixin.py:120} INFO - [2025-03-16T08:50:16.863+0000] {dag.py:2585} INFO - Sync 1 DAGs
[2025-03-16T08:50:16.939+0000] {logging_mixin.py:120} INFO - [2025-03-16T08:50:16.938+0000] {dag.py:3340} INFO - Setting next_dagrun for example_branch_labels to 2025-03-15T00:00:00+00:00, run_after=2025-03-16T00:00:00+00:00
[2025-03-16T08:50:17.002+0000] {processor.py:176} INFO - Processing /home/airflow/.local/lib/python3.7/site-packages/airflow/example_dags/example_branch_labels.py took 0.292 seconds
[2025-03-16T08:50:47.246+0000] {processor.py:154} INFO - Started process (PID=2231) to work on /home/airflow/.local/lib/python3.7/site-packages/airflow/example_dags/example_branch_labels.py
[2025-03-16T08:50:47.250+0000] {processor.py:756} INFO - Processing file /home/airflow/.local/lib/python3.7/site-packages/airflow/example_dags/example_branch_labels.py for tasks to queue
[2025-03-16T08:50:47.252+0000] {logging_mixin.py:120} INFO - [2025-03-16T08:50:47.251+0000] {dagbag.py:537} INFO - Filling up the DagBag from /home/airflow/.local/lib/python3.7/site-packages/airflow/example_dags/example_branch_labels.py
[2025-03-16T08:50:47.282+0000] {processor.py:766} INFO - DAG(s) dict_keys(['example_branch_labels']) retrieved from /home/airflow/.local/lib/python3.7/site-packages/airflow/example_dags/example_branch_labels.py
[2025-03-16T08:50:47.388+0000] {logging_mixin.py:120} INFO - [2025-03-16T08:50:47.388+0000] {dag.py:2585} INFO - Sync 1 DAGs
[2025-03-16T08:50:47.440+0000] {logging_mixin.py:120} INFO - [2025-03-16T08:50:47.439+0000] {dag.py:3340} INFO - Setting next_dagrun for example_branch_labels to 2025-03-15T00:00:00+00:00, run_after=2025-03-16T00:00:00+00:00
[2025-03-16T08:50:47.471+0000] {processor.py:176} INFO - Processing /home/airflow/.local/lib/python3.7/site-packages/airflow/example_dags/example_branch_labels.py took 0.241 seconds
[2025-03-16T08:51:18.218+0000] {processor.py:154} INFO - Started process (PID=2285) to work on /home/airflow/.local/lib/python3.7/site-packages/airflow/example_dags/example_branch_labels.py
[2025-03-16T08:51:18.220+0000] {processor.py:756} INFO - Processing file /home/airflow/.local/lib/python3.7/site-packages/airflow/example_dags/example_branch_labels.py for tasks to queue
[2025-03-16T08:51:18.222+0000] {logging_mixin.py:120} INFO - [2025-03-16T08:51:18.222+0000] {dagbag.py:537} INFO - Filling up the DagBag from /home/airflow/.local/lib/python3.7/site-packages/airflow/example_dags/example_branch_labels.py
[2025-03-16T08:51:18.259+0000] {processor.py:766} INFO - DAG(s) dict_keys(['example_branch_labels']) retrieved from /home/airflow/.local/lib/python3.7/site-packages/airflow/example_dags/example_branch_labels.py
[2025-03-16T08:51:18.353+0000] {logging_mixin.py:120} INFO - [2025-03-16T08:51:18.353+0000] {dag.py:2585} INFO - Sync 1 DAGs
[2025-03-16T08:51:18.424+0000] {logging_mixin.py:120} INFO - [2025-03-16T08:51:18.424+0000] {dag.py:3340} INFO - Setting next_dagrun for example_branch_labels to 2025-03-15T00:00:00+00:00, run_after=2025-03-16T00:00:00+00:00
[2025-03-16T08:51:18.455+0000] {processor.py:176} INFO - Processing /home/airflow/.local/lib/python3.7/site-packages/airflow/example_dags/example_branch_labels.py took 0.246 seconds
[2025-03-16T08:51:48.858+0000] {processor.py:154} INFO - Started process (PID=2348) to work on /home/airflow/.local/lib/python3.7/site-packages/airflow/example_dags/example_branch_labels.py
[2025-03-16T08:51:48.859+0000] {processor.py:756} INFO - Processing file /home/airflow/.local/lib/python3.7/site-packages/airflow/example_dags/example_branch_labels.py for tasks to queue
[2025-03-16T08:51:48.860+0000] {logging_mixin.py:120} INFO - [2025-03-16T08:51:48.860+0000] {dagbag.py:537} INFO - Filling up the DagBag from /home/airflow/.local/lib/python3.7/site-packages/airflow/example_dags/example_branch_labels.py
[2025-03-16T08:51:48.889+0000] {processor.py:766} INFO - DAG(s) dict_keys(['example_branch_labels']) retrieved from /home/airflow/.local/lib/python3.7/site-packages/airflow/example_dags/example_branch_labels.py
[2025-03-16T08:51:48.965+0000] {logging_mixin.py:120} INFO - [2025-03-16T08:51:48.965+0000] {dag.py:2585} INFO - Sync 1 DAGs
[2025-03-16T08:51:49.014+0000] {logging_mixin.py:120} INFO - [2025-03-16T08:51:49.014+0000] {dag.py:3340} INFO - Setting next_dagrun for example_branch_labels to 2025-03-15T00:00:00+00:00, run_after=2025-03-16T00:00:00+00:00
[2025-03-16T08:51:49.044+0000] {processor.py:176} INFO - Processing /home/airflow/.local/lib/python3.7/site-packages/airflow/example_dags/example_branch_labels.py took 0.195 seconds
[2025-03-16T08:52:19.341+0000] {processor.py:154} INFO - Started process (PID=2403) to work on /home/airflow/.local/lib/python3.7/site-packages/airflow/example_dags/example_branch_labels.py
[2025-03-16T08:52:19.343+0000] {processor.py:756} INFO - Processing file /home/airflow/.local/lib/python3.7/site-packages/airflow/example_dags/example_branch_labels.py for tasks to queue
[2025-03-16T08:52:19.344+0000] {logging_mixin.py:120} INFO - [2025-03-16T08:52:19.344+0000] {dagbag.py:537} INFO - Filling up the DagBag from /home/airflow/.local/lib/python3.7/site-packages/airflow/example_dags/example_branch_labels.py
[2025-03-16T08:52:19.373+0000] {processor.py:766} INFO - DAG(s) dict_keys(['example_branch_labels']) retrieved from /home/airflow/.local/lib/python3.7/site-packages/airflow/example_dags/example_branch_labels.py
[2025-03-16T08:52:19.453+0000] {logging_mixin.py:120} INFO - [2025-03-16T08:52:19.453+0000] {dag.py:2585} INFO - Sync 1 DAGs
[2025-03-16T08:52:19.512+0000] {logging_mixin.py:120} INFO - [2025-03-16T08:52:19.512+0000] {dag.py:3340} INFO - Setting next_dagrun for example_branch_labels to 2025-03-15T00:00:00+00:00, run_after=2025-03-16T00:00:00+00:00
[2025-03-16T08:52:19.554+0000] {processor.py:176} INFO - Processing /home/airflow/.local/lib/python3.7/site-packages/airflow/example_dags/example_branch_labels.py took 0.218 seconds
[2025-03-16T08:52:49.659+0000] {processor.py:154} INFO - Started process (PID=2466) to work on /home/airflow/.local/lib/python3.7/site-packages/airflow/example_dags/example_branch_labels.py
[2025-03-16T08:52:49.662+0000] {processor.py:756} INFO - Processing file /home/airflow/.local/lib/python3.7/site-packages/airflow/example_dags/example_branch_labels.py for tasks to queue
[2025-03-16T08:52:49.663+0000] {logging_mixin.py:120} INFO - [2025-03-16T08:52:49.663+0000] {dagbag.py:537} INFO - Filling up the DagBag from /home/airflow/.local/lib/python3.7/site-packages/airflow/example_dags/example_branch_labels.py
[2025-03-16T08:52:49.695+0000] {processor.py:766} INFO - DAG(s) dict_keys(['example_branch_labels']) retrieved from /home/airflow/.local/lib/python3.7/site-packages/airflow/example_dags/example_branch_labels.py
[2025-03-16T08:52:49.786+0000] {logging_mixin.py:120} INFO - [2025-03-16T08:52:49.786+0000] {dag.py:2585} INFO - Sync 1 DAGs
[2025-03-16T08:52:49.858+0000] {logging_mixin.py:120} INFO - [2025-03-16T08:52:49.858+0000] {dag.py:3340} INFO - Setting next_dagrun for example_branch_labels to 2025-03-15T00:00:00+00:00, run_after=2025-03-16T00:00:00+00:00
[2025-03-16T08:52:49.896+0000] {processor.py:176} INFO - Processing /home/airflow/.local/lib/python3.7/site-packages/airflow/example_dags/example_branch_labels.py took 0.243 seconds
[2025-03-16T08:53:20.255+0000] {processor.py:154} INFO - Started process (PID=2520) to work on /home/airflow/.local/lib/python3.7/site-packages/airflow/example_dags/example_branch_labels.py
[2025-03-16T08:53:20.256+0000] {processor.py:756} INFO - Processing file /home/airflow/.local/lib/python3.7/site-packages/airflow/example_dags/example_branch_labels.py for tasks to queue
[2025-03-16T08:53:20.258+0000] {logging_mixin.py:120} INFO - [2025-03-16T08:53:20.257+0000] {dagbag.py:537} INFO - Filling up the DagBag from /home/airflow/.local/lib/python3.7/site-packages/airflow/example_dags/example_branch_labels.py
[2025-03-16T08:53:20.285+0000] {processor.py:766} INFO - DAG(s) dict_keys(['example_branch_labels']) retrieved from /home/airflow/.local/lib/python3.7/site-packages/airflow/example_dags/example_branch_labels.py
[2025-03-16T08:53:20.362+0000] {logging_mixin.py:120} INFO - [2025-03-16T08:53:20.362+0000] {dag.py:2585} INFO - Sync 1 DAGs
[2025-03-16T08:53:20.417+0000] {logging_mixin.py:120} INFO - [2025-03-16T08:53:20.416+0000] {dag.py:3340} INFO - Setting next_dagrun for example_branch_labels to 2025-03-15T00:00:00+00:00, run_after=2025-03-16T00:00:00+00:00
[2025-03-16T08:53:20.453+0000] {processor.py:176} INFO - Processing /home/airflow/.local/lib/python3.7/site-packages/airflow/example_dags/example_branch_labels.py took 0.210 seconds
[2025-03-16T08:53:50.943+0000] {processor.py:154} INFO - Started process (PID=2584) to work on /home/airflow/.local/lib/python3.7/site-packages/airflow/example_dags/example_branch_labels.py
[2025-03-16T08:53:50.944+0000] {processor.py:756} INFO - Processing file /home/airflow/.local/lib/python3.7/site-packages/airflow/example_dags/example_branch_labels.py for tasks to queue
[2025-03-16T08:53:50.945+0000] {logging_mixin.py:120} INFO - [2025-03-16T08:53:50.945+0000] {dagbag.py:537} INFO - Filling up the DagBag from /home/airflow/.local/lib/python3.7/site-packages/airflow/example_dags/example_branch_labels.py
[2025-03-16T08:53:50.991+0000] {processor.py:766} INFO - DAG(s) dict_keys(['example_branch_labels']) retrieved from /home/airflow/.local/lib/python3.7/site-packages/airflow/example_dags/example_branch_labels.py
[2025-03-16T08:53:51.121+0000] {logging_mixin.py:120} INFO - [2025-03-16T08:53:51.121+0000] {dag.py:2585} INFO - Sync 1 DAGs
[2025-03-16T08:53:51.177+0000] {logging_mixin.py:120} INFO - [2025-03-16T08:53:51.177+0000] {dag.py:3340} INFO - Setting next_dagrun for example_branch_labels to 2025-03-15T00:00:00+00:00, run_after=2025-03-16T00:00:00+00:00
[2025-03-16T08:53:51.234+0000] {processor.py:176} INFO - Processing /home/airflow/.local/lib/python3.7/site-packages/airflow/example_dags/example_branch_labels.py took 0.299 seconds
[2025-03-16T08:54:21.663+0000] {processor.py:154} INFO - Started process (PID=2638) to work on /home/airflow/.local/lib/python3.7/site-packages/airflow/example_dags/example_branch_labels.py
[2025-03-16T08:54:21.665+0000] {processor.py:756} INFO - Processing file /home/airflow/.local/lib/python3.7/site-packages/airflow/example_dags/example_branch_labels.py for tasks to queue
[2025-03-16T08:54:21.666+0000] {logging_mixin.py:120} INFO - [2025-03-16T08:54:21.665+0000] {dagbag.py:537} INFO - Filling up the DagBag from /home/airflow/.local/lib/python3.7/site-packages/airflow/example_dags/example_branch_labels.py
[2025-03-16T08:54:21.697+0000] {processor.py:766} INFO - DAG(s) dict_keys(['example_branch_labels']) retrieved from /home/airflow/.local/lib/python3.7/site-packages/airflow/example_dags/example_branch_labels.py
[2025-03-16T08:54:21.797+0000] {logging_mixin.py:120} INFO - [2025-03-16T08:54:21.796+0000] {dag.py:2585} INFO - Sync 1 DAGs
[2025-03-16T08:54:21.860+0000] {logging_mixin.py:120} INFO - [2025-03-16T08:54:21.859+0000] {dag.py:3340} INFO - Setting next_dagrun for example_branch_labels to 2025-03-15T00:00:00+00:00, run_after=2025-03-16T00:00:00+00:00
[2025-03-16T08:54:21.896+0000] {processor.py:176} INFO - Processing /home/airflow/.local/lib/python3.7/site-packages/airflow/example_dags/example_branch_labels.py took 0.242 seconds
[2025-03-16T08:54:52.483+0000] {processor.py:154} INFO - Started process (PID=2700) to work on /home/airflow/.local/lib/python3.7/site-packages/airflow/example_dags/example_branch_labels.py
[2025-03-16T08:54:52.485+0000] {processor.py:756} INFO - Processing file /home/airflow/.local/lib/python3.7/site-packages/airflow/example_dags/example_branch_labels.py for tasks to queue
[2025-03-16T08:54:52.486+0000] {logging_mixin.py:120} INFO - [2025-03-16T08:54:52.486+0000] {dagbag.py:537} INFO - Filling up the DagBag from /home/airflow/.local/lib/python3.7/site-packages/airflow/example_dags/example_branch_labels.py
[2025-03-16T08:54:52.517+0000] {processor.py:766} INFO - DAG(s) dict_keys(['example_branch_labels']) retrieved from /home/airflow/.local/lib/python3.7/site-packages/airflow/example_dags/example_branch_labels.py
[2025-03-16T08:54:52.651+0000] {logging_mixin.py:120} INFO - [2025-03-16T08:54:52.651+0000] {dag.py:2585} INFO - Sync 1 DAGs
[2025-03-16T08:54:52.710+0000] {logging_mixin.py:120} INFO - [2025-03-16T08:54:52.709+0000] {dag.py:3340} INFO - Setting next_dagrun for example_branch_labels to 2025-03-15T00:00:00+00:00, run_after=2025-03-16T00:00:00+00:00
[2025-03-16T08:54:52.741+0000] {processor.py:176} INFO - Processing /home/airflow/.local/lib/python3.7/site-packages/airflow/example_dags/example_branch_labels.py took 0.264 seconds
[2025-03-16T08:55:23.013+0000] {processor.py:154} INFO - Started process (PID=2754) to work on /home/airflow/.local/lib/python3.7/site-packages/airflow/example_dags/example_branch_labels.py
[2025-03-16T08:55:23.015+0000] {processor.py:756} INFO - Processing file /home/airflow/.local/lib/python3.7/site-packages/airflow/example_dags/example_branch_labels.py for tasks to queue
[2025-03-16T08:55:23.017+0000] {logging_mixin.py:120} INFO - [2025-03-16T08:55:23.017+0000] {dagbag.py:537} INFO - Filling up the DagBag from /home/airflow/.local/lib/python3.7/site-packages/airflow/example_dags/example_branch_labels.py
[2025-03-16T08:55:23.051+0000] {processor.py:766} INFO - DAG(s) dict_keys(['example_branch_labels']) retrieved from /home/airflow/.local/lib/python3.7/site-packages/airflow/example_dags/example_branch_labels.py
[2025-03-16T08:55:23.149+0000] {logging_mixin.py:120} INFO - [2025-03-16T08:55:23.149+0000] {dag.py:2585} INFO - Sync 1 DAGs
[2025-03-16T08:55:23.224+0000] {logging_mixin.py:120} INFO - [2025-03-16T08:55:23.224+0000] {dag.py:3340} INFO - Setting next_dagrun for example_branch_labels to 2025-03-15T00:00:00+00:00, run_after=2025-03-16T00:00:00+00:00
[2025-03-16T08:55:23.262+0000] {processor.py:176} INFO - Processing /home/airflow/.local/lib/python3.7/site-packages/airflow/example_dags/example_branch_labels.py took 0.256 seconds
[2025-03-16T08:55:53.381+0000] {processor.py:154} INFO - Started process (PID=2815) to work on /home/airflow/.local/lib/python3.7/site-packages/airflow/example_dags/example_branch_labels.py
[2025-03-16T08:55:53.383+0000] {processor.py:756} INFO - Processing file /home/airflow/.local/lib/python3.7/site-packages/airflow/example_dags/example_branch_labels.py for tasks to queue
[2025-03-16T08:55:53.385+0000] {logging_mixin.py:120} INFO - [2025-03-16T08:55:53.384+0000] {dagbag.py:537} INFO - Filling up the DagBag from /home/airflow/.local/lib/python3.7/site-packages/airflow/example_dags/example_branch_labels.py
[2025-03-16T08:55:53.410+0000] {processor.py:766} INFO - DAG(s) dict_keys(['example_branch_labels']) retrieved from /home/airflow/.local/lib/python3.7/site-packages/airflow/example_dags/example_branch_labels.py
[2025-03-16T08:55:53.469+0000] {logging_mixin.py:120} INFO - [2025-03-16T08:55:53.468+0000] {dag.py:2585} INFO - Sync 1 DAGs
[2025-03-16T08:55:53.537+0000] {logging_mixin.py:120} INFO - [2025-03-16T08:55:53.537+0000] {dag.py:3340} INFO - Setting next_dagrun for example_branch_labels to 2025-03-15T00:00:00+00:00, run_after=2025-03-16T00:00:00+00:00
[2025-03-16T08:55:53.578+0000] {processor.py:176} INFO - Processing /home/airflow/.local/lib/python3.7/site-packages/airflow/example_dags/example_branch_labels.py took 0.205 seconds
[2025-03-16T08:56:23.866+0000] {processor.py:154} INFO - Started process (PID=2870) to work on /home/airflow/.local/lib/python3.7/site-packages/airflow/example_dags/example_branch_labels.py
[2025-03-16T08:56:23.867+0000] {processor.py:756} INFO - Processing file /home/airflow/.local/lib/python3.7/site-packages/airflow/example_dags/example_branch_labels.py for tasks to queue
[2025-03-16T08:56:23.868+0000] {logging_mixin.py:120} INFO - [2025-03-16T08:56:23.868+0000] {dagbag.py:537} INFO - Filling up the DagBag from /home/airflow/.local/lib/python3.7/site-packages/airflow/example_dags/example_branch_labels.py
[2025-03-16T08:56:23.896+0000] {processor.py:766} INFO - DAG(s) dict_keys(['example_branch_labels']) retrieved from /home/airflow/.local/lib/python3.7/site-packages/airflow/example_dags/example_branch_labels.py
[2025-03-16T08:56:23.974+0000] {logging_mixin.py:120} INFO - [2025-03-16T08:56:23.974+0000] {dag.py:2585} INFO - Sync 1 DAGs
[2025-03-16T08:56:24.023+0000] {logging_mixin.py:120} INFO - [2025-03-16T08:56:24.022+0000] {dag.py:3340} INFO - Setting next_dagrun for example_branch_labels to 2025-03-15T00:00:00+00:00, run_after=2025-03-16T00:00:00+00:00
[2025-03-16T08:56:24.050+0000] {processor.py:176} INFO - Processing /home/airflow/.local/lib/python3.7/site-packages/airflow/example_dags/example_branch_labels.py took 0.199 seconds
[2025-03-16T08:56:54.128+0000] {processor.py:154} INFO - Started process (PID=2932) to work on /home/airflow/.local/lib/python3.7/site-packages/airflow/example_dags/example_branch_labels.py
[2025-03-16T08:56:54.130+0000] {processor.py:756} INFO - Processing file /home/airflow/.local/lib/python3.7/site-packages/airflow/example_dags/example_branch_labels.py for tasks to queue
[2025-03-16T08:56:54.131+0000] {logging_mixin.py:120} INFO - [2025-03-16T08:56:54.130+0000] {dagbag.py:537} INFO - Filling up the DagBag from /home/airflow/.local/lib/python3.7/site-packages/airflow/example_dags/example_branch_labels.py
[2025-03-16T08:56:54.150+0000] {processor.py:766} INFO - DAG(s) dict_keys(['example_branch_labels']) retrieved from /home/airflow/.local/lib/python3.7/site-packages/airflow/example_dags/example_branch_labels.py
[2025-03-16T08:56:54.205+0000] {logging_mixin.py:120} INFO - [2025-03-16T08:56:54.205+0000] {dag.py:2585} INFO - Sync 1 DAGs
[2025-03-16T08:56:54.269+0000] {logging_mixin.py:120} INFO - [2025-03-16T08:56:54.269+0000] {dag.py:3340} INFO - Setting next_dagrun for example_branch_labels to 2025-03-15T00:00:00+00:00, run_after=2025-03-16T00:00:00+00:00
[2025-03-16T08:56:54.291+0000] {processor.py:176} INFO - Processing /home/airflow/.local/lib/python3.7/site-packages/airflow/example_dags/example_branch_labels.py took 0.167 seconds
