[2025-03-16T08:31:40.020+0000] {processor.py:154} INFO - Started process (PID=57) to work on /home/airflow/.local/lib/python3.7/site-packages/airflow/example_dags/example_external_task_marker_dag.py
[2025-03-16T08:31:40.025+0000] {processor.py:756} INFO - Processing file /home/airflow/.local/lib/python3.7/site-packages/airflow/example_dags/example_external_task_marker_dag.py for tasks to queue
[2025-03-16T08:31:40.026+0000] {logging_mixin.py:120} INFO - [2025-03-16T08:31:40.026+0000] {dagbag.py:537} INFO - Filling up the DagBag from /home/airflow/.local/lib/python3.7/site-packages/airflow/example_dags/example_external_task_marker_dag.py
[2025-03-16T08:31:40.104+0000] {processor.py:766} INFO - DAG(s) dict_keys(['example_external_task_marker_child', 'example_external_task_marker_parent']) retrieved from /home/airflow/.local/lib/python3.7/site-packages/airflow/example_dags/example_external_task_marker_dag.py
[2025-03-16T08:31:41.895+0000] {logging_mixin.py:120} INFO - [2025-03-16T08:31:41.895+0000] {manager.py:507} INFO - Created Permission View: can read on DAG:example_external_task_marker_child
[2025-03-16T08:31:41.945+0000] {logging_mixin.py:120} INFO - [2025-03-16T08:31:41.944+0000] {manager.py:507} INFO - Created Permission View: can edit on DAG:example_external_task_marker_child
[2025-03-16T08:31:41.983+0000] {logging_mixin.py:120} INFO - [2025-03-16T08:31:41.983+0000] {manager.py:507} INFO - Created Permission View: can delete on DAG:example_external_task_marker_child
[2025-03-16T08:31:42.050+0000] {logging_mixin.py:120} INFO - [2025-03-16T08:31:42.050+0000] {manager.py:507} INFO - Created Permission View: can read on DAG:example_external_task_marker_parent
[2025-03-16T08:31:42.082+0000] {logging_mixin.py:120} INFO - [2025-03-16T08:31:42.078+0000] {manager.py:507} INFO - Created Permission View: can edit on DAG:example_external_task_marker_parent
[2025-03-16T08:31:42.110+0000] {logging_mixin.py:120} INFO - [2025-03-16T08:31:42.110+0000] {manager.py:507} INFO - Created Permission View: can delete on DAG:example_external_task_marker_parent
[2025-03-16T08:31:42.111+0000] {logging_mixin.py:120} INFO - [2025-03-16T08:31:42.111+0000] {dag.py:2585} INFO - Sync 2 DAGs
[2025-03-16T08:31:42.175+0000] {logging_mixin.py:120} INFO - [2025-03-16T08:31:42.174+0000] {dag.py:2606} INFO - Creating ORM DAG for example_external_task_marker_child
[2025-03-16T08:31:42.176+0000] {logging_mixin.py:120} INFO - [2025-03-16T08:31:42.175+0000] {dag.py:2606} INFO - Creating ORM DAG for example_external_task_marker_parent
[2025-03-16T08:31:42.230+0000] {logging_mixin.py:120} INFO - [2025-03-16T08:31:42.228+0000] {dag.py:3340} INFO - Setting next_dagrun for example_external_task_marker_child to None, run_after=None
[2025-03-16T08:31:42.235+0000] {logging_mixin.py:120} INFO - [2025-03-16T08:31:42.235+0000] {dag.py:3340} INFO - Setting next_dagrun for example_external_task_marker_parent to None, run_after=None
[2025-03-16T08:31:42.324+0000] {processor.py:176} INFO - Processing /home/airflow/.local/lib/python3.7/site-packages/airflow/example_dags/example_external_task_marker_dag.py took 2.325 seconds
[2025-03-16T08:32:12.955+0000] {processor.py:154} INFO - Started process (PID=114) to work on /home/airflow/.local/lib/python3.7/site-packages/airflow/example_dags/example_external_task_marker_dag.py
[2025-03-16T08:32:12.958+0000] {processor.py:756} INFO - Processing file /home/airflow/.local/lib/python3.7/site-packages/airflow/example_dags/example_external_task_marker_dag.py for tasks to queue
[2025-03-16T08:32:12.960+0000] {logging_mixin.py:120} INFO - [2025-03-16T08:32:12.959+0000] {dagbag.py:537} INFO - Filling up the DagBag from /home/airflow/.local/lib/python3.7/site-packages/airflow/example_dags/example_external_task_marker_dag.py
[2025-03-16T08:32:12.982+0000] {processor.py:766} INFO - DAG(s) dict_keys(['example_external_task_marker_child', 'example_external_task_marker_parent']) retrieved from /home/airflow/.local/lib/python3.7/site-packages/airflow/example_dags/example_external_task_marker_dag.py
[2025-03-16T08:32:13.295+0000] {logging_mixin.py:120} INFO - [2025-03-16T08:32:13.295+0000] {dag.py:2585} INFO - Sync 2 DAGs
[2025-03-16T08:32:13.333+0000] {logging_mixin.py:120} INFO - [2025-03-16T08:32:13.333+0000] {dag.py:3340} INFO - Setting next_dagrun for example_external_task_marker_child to None, run_after=None
[2025-03-16T08:32:13.337+0000] {logging_mixin.py:120} INFO - [2025-03-16T08:32:13.337+0000] {dag.py:3340} INFO - Setting next_dagrun for example_external_task_marker_parent to None, run_after=None
[2025-03-16T08:32:13.356+0000] {processor.py:176} INFO - Processing /home/airflow/.local/lib/python3.7/site-packages/airflow/example_dags/example_external_task_marker_dag.py took 0.405 seconds
[2025-03-16T08:32:43.821+0000] {processor.py:154} INFO - Started process (PID=169) to work on /home/airflow/.local/lib/python3.7/site-packages/airflow/example_dags/example_external_task_marker_dag.py
[2025-03-16T08:32:43.825+0000] {processor.py:756} INFO - Processing file /home/airflow/.local/lib/python3.7/site-packages/airflow/example_dags/example_external_task_marker_dag.py for tasks to queue
[2025-03-16T08:32:43.826+0000] {logging_mixin.py:120} INFO - [2025-03-16T08:32:43.826+0000] {dagbag.py:537} INFO - Filling up the DagBag from /home/airflow/.local/lib/python3.7/site-packages/airflow/example_dags/example_external_task_marker_dag.py
[2025-03-16T08:32:43.858+0000] {processor.py:766} INFO - DAG(s) dict_keys(['example_external_task_marker_parent', 'example_external_task_marker_child']) retrieved from /home/airflow/.local/lib/python3.7/site-packages/airflow/example_dags/example_external_task_marker_dag.py
[2025-03-16T08:32:44.231+0000] {logging_mixin.py:120} INFO - [2025-03-16T08:32:44.230+0000] {dag.py:2585} INFO - Sync 2 DAGs
[2025-03-16T08:32:44.264+0000] {logging_mixin.py:120} INFO - [2025-03-16T08:32:44.263+0000] {dag.py:3340} INFO - Setting next_dagrun for example_external_task_marker_child to None, run_after=None
[2025-03-16T08:32:44.268+0000] {logging_mixin.py:120} INFO - [2025-03-16T08:32:44.267+0000] {dag.py:3340} INFO - Setting next_dagrun for example_external_task_marker_parent to None, run_after=None
[2025-03-16T08:32:44.286+0000] {processor.py:176} INFO - Processing /home/airflow/.local/lib/python3.7/site-packages/airflow/example_dags/example_external_task_marker_dag.py took 0.473 seconds
[2025-03-16T08:33:14.492+0000] {processor.py:154} INFO - Started process (PID=232) to work on /home/airflow/.local/lib/python3.7/site-packages/airflow/example_dags/example_external_task_marker_dag.py
[2025-03-16T08:33:14.494+0000] {processor.py:756} INFO - Processing file /home/airflow/.local/lib/python3.7/site-packages/airflow/example_dags/example_external_task_marker_dag.py for tasks to queue
[2025-03-16T08:33:14.495+0000] {logging_mixin.py:120} INFO - [2025-03-16T08:33:14.494+0000] {dagbag.py:537} INFO - Filling up the DagBag from /home/airflow/.local/lib/python3.7/site-packages/airflow/example_dags/example_external_task_marker_dag.py
[2025-03-16T08:33:14.519+0000] {processor.py:766} INFO - DAG(s) dict_keys(['example_external_task_marker_child', 'example_external_task_marker_parent']) retrieved from /home/airflow/.local/lib/python3.7/site-packages/airflow/example_dags/example_external_task_marker_dag.py
[2025-03-16T08:33:14.906+0000] {logging_mixin.py:120} INFO - [2025-03-16T08:33:14.905+0000] {dag.py:2585} INFO - Sync 2 DAGs
[2025-03-16T08:33:14.964+0000] {logging_mixin.py:120} INFO - [2025-03-16T08:33:14.964+0000] {dag.py:3340} INFO - Setting next_dagrun for example_external_task_marker_child to None, run_after=None
[2025-03-16T08:33:14.971+0000] {logging_mixin.py:120} INFO - [2025-03-16T08:33:14.971+0000] {dag.py:3340} INFO - Setting next_dagrun for example_external_task_marker_parent to None, run_after=None
[2025-03-16T08:33:15.011+0000] {processor.py:176} INFO - Processing /home/airflow/.local/lib/python3.7/site-packages/airflow/example_dags/example_external_task_marker_dag.py took 0.524 seconds
[2025-03-16T08:33:45.296+0000] {processor.py:154} INFO - Started process (PID=285) to work on /home/airflow/.local/lib/python3.7/site-packages/airflow/example_dags/example_external_task_marker_dag.py
[2025-03-16T08:33:45.298+0000] {processor.py:756} INFO - Processing file /home/airflow/.local/lib/python3.7/site-packages/airflow/example_dags/example_external_task_marker_dag.py for tasks to queue
[2025-03-16T08:33:45.302+0000] {logging_mixin.py:120} INFO - [2025-03-16T08:33:45.301+0000] {dagbag.py:537} INFO - Filling up the DagBag from /home/airflow/.local/lib/python3.7/site-packages/airflow/example_dags/example_external_task_marker_dag.py
[2025-03-16T08:33:45.334+0000] {processor.py:766} INFO - DAG(s) dict_keys(['example_external_task_marker_parent', 'example_external_task_marker_child']) retrieved from /home/airflow/.local/lib/python3.7/site-packages/airflow/example_dags/example_external_task_marker_dag.py
[2025-03-16T08:33:45.732+0000] {logging_mixin.py:120} INFO - [2025-03-16T08:33:45.732+0000] {dag.py:2585} INFO - Sync 2 DAGs
[2025-03-16T08:33:45.770+0000] {logging_mixin.py:120} INFO - [2025-03-16T08:33:45.770+0000] {dag.py:3340} INFO - Setting next_dagrun for example_external_task_marker_child to None, run_after=None
[2025-03-16T08:33:45.774+0000] {logging_mixin.py:120} INFO - [2025-03-16T08:33:45.774+0000] {dag.py:3340} INFO - Setting next_dagrun for example_external_task_marker_parent to None, run_after=None
[2025-03-16T08:33:45.799+0000] {processor.py:176} INFO - Processing /home/airflow/.local/lib/python3.7/site-packages/airflow/example_dags/example_external_task_marker_dag.py took 0.508 seconds
[2025-03-16T08:34:16.139+0000] {processor.py:154} INFO - Started process (PID=349) to work on /home/airflow/.local/lib/python3.7/site-packages/airflow/example_dags/example_external_task_marker_dag.py
[2025-03-16T08:34:16.140+0000] {processor.py:756} INFO - Processing file /home/airflow/.local/lib/python3.7/site-packages/airflow/example_dags/example_external_task_marker_dag.py for tasks to queue
[2025-03-16T08:34:16.141+0000] {logging_mixin.py:120} INFO - [2025-03-16T08:34:16.141+0000] {dagbag.py:537} INFO - Filling up the DagBag from /home/airflow/.local/lib/python3.7/site-packages/airflow/example_dags/example_external_task_marker_dag.py
[2025-03-16T08:34:16.167+0000] {processor.py:766} INFO - DAG(s) dict_keys(['example_external_task_marker_parent', 'example_external_task_marker_child']) retrieved from /home/airflow/.local/lib/python3.7/site-packages/airflow/example_dags/example_external_task_marker_dag.py
[2025-03-16T08:34:16.778+0000] {logging_mixin.py:120} INFO - [2025-03-16T08:34:16.778+0000] {dag.py:2585} INFO - Sync 2 DAGs
[2025-03-16T08:34:16.882+0000] {logging_mixin.py:120} INFO - [2025-03-16T08:34:16.882+0000] {dag.py:3340} INFO - Setting next_dagrun for example_external_task_marker_child to None, run_after=None
[2025-03-16T08:34:16.887+0000] {logging_mixin.py:120} INFO - [2025-03-16T08:34:16.887+0000] {dag.py:3340} INFO - Setting next_dagrun for example_external_task_marker_parent to None, run_after=None
[2025-03-16T08:34:16.934+0000] {processor.py:176} INFO - Processing /home/airflow/.local/lib/python3.7/site-packages/airflow/example_dags/example_external_task_marker_dag.py took 0.813 seconds
[2025-03-16T08:34:47.125+0000] {processor.py:154} INFO - Started process (PID=402) to work on /home/airflow/.local/lib/python3.7/site-packages/airflow/example_dags/example_external_task_marker_dag.py
[2025-03-16T08:34:47.127+0000] {processor.py:756} INFO - Processing file /home/airflow/.local/lib/python3.7/site-packages/airflow/example_dags/example_external_task_marker_dag.py for tasks to queue
[2025-03-16T08:34:47.129+0000] {logging_mixin.py:120} INFO - [2025-03-16T08:34:47.128+0000] {dagbag.py:537} INFO - Filling up the DagBag from /home/airflow/.local/lib/python3.7/site-packages/airflow/example_dags/example_external_task_marker_dag.py
[2025-03-16T08:34:47.156+0000] {processor.py:766} INFO - DAG(s) dict_keys(['example_external_task_marker_child', 'example_external_task_marker_parent']) retrieved from /home/airflow/.local/lib/python3.7/site-packages/airflow/example_dags/example_external_task_marker_dag.py
[2025-03-16T08:34:47.607+0000] {logging_mixin.py:120} INFO - [2025-03-16T08:34:47.606+0000] {dag.py:2585} INFO - Sync 2 DAGs
[2025-03-16T08:34:47.671+0000] {logging_mixin.py:120} INFO - [2025-03-16T08:34:47.670+0000] {dag.py:3340} INFO - Setting next_dagrun for example_external_task_marker_child to None, run_after=None
[2025-03-16T08:34:47.677+0000] {logging_mixin.py:120} INFO - [2025-03-16T08:34:47.677+0000] {dag.py:3340} INFO - Setting next_dagrun for example_external_task_marker_parent to None, run_after=None
[2025-03-16T08:34:47.722+0000] {processor.py:176} INFO - Processing /home/airflow/.local/lib/python3.7/site-packages/airflow/example_dags/example_external_task_marker_dag.py took 0.602 seconds
[2025-03-16T08:35:18.239+0000] {processor.py:154} INFO - Started process (PID=467) to work on /home/airflow/.local/lib/python3.7/site-packages/airflow/example_dags/example_external_task_marker_dag.py
[2025-03-16T08:35:18.242+0000] {processor.py:756} INFO - Processing file /home/airflow/.local/lib/python3.7/site-packages/airflow/example_dags/example_external_task_marker_dag.py for tasks to queue
[2025-03-16T08:35:18.244+0000] {logging_mixin.py:120} INFO - [2025-03-16T08:35:18.243+0000] {dagbag.py:537} INFO - Filling up the DagBag from /home/airflow/.local/lib/python3.7/site-packages/airflow/example_dags/example_external_task_marker_dag.py
[2025-03-16T08:35:18.285+0000] {processor.py:766} INFO - DAG(s) dict_keys(['example_external_task_marker_child', 'example_external_task_marker_parent']) retrieved from /home/airflow/.local/lib/python3.7/site-packages/airflow/example_dags/example_external_task_marker_dag.py
[2025-03-16T08:35:18.775+0000] {logging_mixin.py:120} INFO - [2025-03-16T08:35:18.775+0000] {dag.py:2585} INFO - Sync 2 DAGs
[2025-03-16T08:35:18.829+0000] {logging_mixin.py:120} INFO - [2025-03-16T08:35:18.828+0000] {dag.py:3340} INFO - Setting next_dagrun for example_external_task_marker_child to None, run_after=None
[2025-03-16T08:35:18.837+0000] {logging_mixin.py:120} INFO - [2025-03-16T08:35:18.837+0000] {dag.py:3340} INFO - Setting next_dagrun for example_external_task_marker_parent to None, run_after=None
[2025-03-16T08:35:18.872+0000] {processor.py:176} INFO - Processing /home/airflow/.local/lib/python3.7/site-packages/airflow/example_dags/example_external_task_marker_dag.py took 0.644 seconds
[2025-03-16T08:35:48.997+0000] {processor.py:154} INFO - Started process (PID=522) to work on /home/airflow/.local/lib/python3.7/site-packages/airflow/example_dags/example_external_task_marker_dag.py
[2025-03-16T08:35:48.999+0000] {processor.py:756} INFO - Processing file /home/airflow/.local/lib/python3.7/site-packages/airflow/example_dags/example_external_task_marker_dag.py for tasks to queue
[2025-03-16T08:35:48.999+0000] {logging_mixin.py:120} INFO - [2025-03-16T08:35:48.999+0000] {dagbag.py:537} INFO - Filling up the DagBag from /home/airflow/.local/lib/python3.7/site-packages/airflow/example_dags/example_external_task_marker_dag.py
[2025-03-16T08:35:49.017+0000] {processor.py:766} INFO - DAG(s) dict_keys(['example_external_task_marker_child', 'example_external_task_marker_parent']) retrieved from /home/airflow/.local/lib/python3.7/site-packages/airflow/example_dags/example_external_task_marker_dag.py
[2025-03-16T08:35:49.334+0000] {logging_mixin.py:120} INFO - [2025-03-16T08:35:49.333+0000] {dag.py:2585} INFO - Sync 2 DAGs
[2025-03-16T08:35:49.382+0000] {logging_mixin.py:120} INFO - [2025-03-16T08:35:49.382+0000] {dag.py:3340} INFO - Setting next_dagrun for example_external_task_marker_child to None, run_after=None
[2025-03-16T08:35:49.387+0000] {logging_mixin.py:120} INFO - [2025-03-16T08:35:49.387+0000] {dag.py:3340} INFO - Setting next_dagrun for example_external_task_marker_parent to None, run_after=None
[2025-03-16T08:35:49.407+0000] {processor.py:176} INFO - Processing /home/airflow/.local/lib/python3.7/site-packages/airflow/example_dags/example_external_task_marker_dag.py took 0.415 seconds
[2025-03-16T08:36:19.587+0000] {processor.py:154} INFO - Started process (PID=585) to work on /home/airflow/.local/lib/python3.7/site-packages/airflow/example_dags/example_external_task_marker_dag.py
[2025-03-16T08:36:19.589+0000] {processor.py:756} INFO - Processing file /home/airflow/.local/lib/python3.7/site-packages/airflow/example_dags/example_external_task_marker_dag.py for tasks to queue
[2025-03-16T08:36:19.593+0000] {logging_mixin.py:120} INFO - [2025-03-16T08:36:19.590+0000] {dagbag.py:537} INFO - Filling up the DagBag from /home/airflow/.local/lib/python3.7/site-packages/airflow/example_dags/example_external_task_marker_dag.py
[2025-03-16T08:36:19.641+0000] {processor.py:766} INFO - DAG(s) dict_keys(['example_external_task_marker_parent', 'example_external_task_marker_child']) retrieved from /home/airflow/.local/lib/python3.7/site-packages/airflow/example_dags/example_external_task_marker_dag.py
[2025-03-16T08:36:20.218+0000] {logging_mixin.py:120} INFO - [2025-03-16T08:36:20.218+0000] {dag.py:2585} INFO - Sync 2 DAGs
[2025-03-16T08:36:20.263+0000] {logging_mixin.py:120} INFO - [2025-03-16T08:36:20.263+0000] {dag.py:3340} INFO - Setting next_dagrun for example_external_task_marker_child to None, run_after=None
[2025-03-16T08:36:20.269+0000] {logging_mixin.py:120} INFO - [2025-03-16T08:36:20.268+0000] {dag.py:3340} INFO - Setting next_dagrun for example_external_task_marker_parent to None, run_after=None
[2025-03-16T08:36:20.294+0000] {processor.py:176} INFO - Processing /home/airflow/.local/lib/python3.7/site-packages/airflow/example_dags/example_external_task_marker_dag.py took 0.720 seconds
[2025-03-16T08:36:50.356+0000] {processor.py:154} INFO - Started process (PID=639) to work on /home/airflow/.local/lib/python3.7/site-packages/airflow/example_dags/example_external_task_marker_dag.py
[2025-03-16T08:36:50.359+0000] {processor.py:756} INFO - Processing file /home/airflow/.local/lib/python3.7/site-packages/airflow/example_dags/example_external_task_marker_dag.py for tasks to queue
[2025-03-16T08:36:50.360+0000] {logging_mixin.py:120} INFO - [2025-03-16T08:36:50.360+0000] {dagbag.py:537} INFO - Filling up the DagBag from /home/airflow/.local/lib/python3.7/site-packages/airflow/example_dags/example_external_task_marker_dag.py
[2025-03-16T08:36:50.377+0000] {processor.py:766} INFO - DAG(s) dict_keys(['example_external_task_marker_parent', 'example_external_task_marker_child']) retrieved from /home/airflow/.local/lib/python3.7/site-packages/airflow/example_dags/example_external_task_marker_dag.py
[2025-03-16T08:36:50.635+0000] {logging_mixin.py:120} INFO - [2025-03-16T08:36:50.634+0000] {dag.py:2585} INFO - Sync 2 DAGs
[2025-03-16T08:36:50.668+0000] {logging_mixin.py:120} INFO - [2025-03-16T08:36:50.666+0000] {dag.py:3340} INFO - Setting next_dagrun for example_external_task_marker_child to None, run_after=None
[2025-03-16T08:36:50.673+0000] {logging_mixin.py:120} INFO - [2025-03-16T08:36:50.672+0000] {dag.py:3340} INFO - Setting next_dagrun for example_external_task_marker_parent to None, run_after=None
[2025-03-16T08:36:50.693+0000] {processor.py:176} INFO - Processing /home/airflow/.local/lib/python3.7/site-packages/airflow/example_dags/example_external_task_marker_dag.py took 0.341 seconds
[2025-03-16T08:37:21.030+0000] {processor.py:154} INFO - Started process (PID=698) to work on /home/airflow/.local/lib/python3.7/site-packages/airflow/example_dags/example_external_task_marker_dag.py
[2025-03-16T08:37:21.036+0000] {processor.py:756} INFO - Processing file /home/airflow/.local/lib/python3.7/site-packages/airflow/example_dags/example_external_task_marker_dag.py for tasks to queue
[2025-03-16T08:37:21.038+0000] {logging_mixin.py:120} INFO - [2025-03-16T08:37:21.037+0000] {dagbag.py:537} INFO - Filling up the DagBag from /home/airflow/.local/lib/python3.7/site-packages/airflow/example_dags/example_external_task_marker_dag.py
[2025-03-16T08:37:21.108+0000] {processor.py:766} INFO - DAG(s) dict_keys(['example_external_task_marker_child', 'example_external_task_marker_parent']) retrieved from /home/airflow/.local/lib/python3.7/site-packages/airflow/example_dags/example_external_task_marker_dag.py
[2025-03-16T08:37:21.753+0000] {logging_mixin.py:120} INFO - [2025-03-16T08:37:21.752+0000] {dag.py:2585} INFO - Sync 2 DAGs
[2025-03-16T08:37:21.876+0000] {logging_mixin.py:120} INFO - [2025-03-16T08:37:21.875+0000] {dag.py:3340} INFO - Setting next_dagrun for example_external_task_marker_child to None, run_after=None
[2025-03-16T08:37:21.882+0000] {logging_mixin.py:120} INFO - [2025-03-16T08:37:21.882+0000] {dag.py:3340} INFO - Setting next_dagrun for example_external_task_marker_parent to None, run_after=None
[2025-03-16T08:37:21.911+0000] {processor.py:176} INFO - Processing /home/airflow/.local/lib/python3.7/site-packages/airflow/example_dags/example_external_task_marker_dag.py took 0.896 seconds
[2025-03-16T08:37:52.031+0000] {processor.py:154} INFO - Started process (PID=755) to work on /home/airflow/.local/lib/python3.7/site-packages/airflow/example_dags/example_external_task_marker_dag.py
[2025-03-16T08:37:52.033+0000] {processor.py:756} INFO - Processing file /home/airflow/.local/lib/python3.7/site-packages/airflow/example_dags/example_external_task_marker_dag.py for tasks to queue
[2025-03-16T08:37:52.034+0000] {logging_mixin.py:120} INFO - [2025-03-16T08:37:52.034+0000] {dagbag.py:537} INFO - Filling up the DagBag from /home/airflow/.local/lib/python3.7/site-packages/airflow/example_dags/example_external_task_marker_dag.py
[2025-03-16T08:37:52.062+0000] {processor.py:766} INFO - DAG(s) dict_keys(['example_external_task_marker_child', 'example_external_task_marker_parent']) retrieved from /home/airflow/.local/lib/python3.7/site-packages/airflow/example_dags/example_external_task_marker_dag.py
[2025-03-16T08:37:52.457+0000] {logging_mixin.py:120} INFO - [2025-03-16T08:37:52.456+0000] {dag.py:2585} INFO - Sync 2 DAGs
[2025-03-16T08:37:52.508+0000] {logging_mixin.py:120} INFO - [2025-03-16T08:37:52.508+0000] {dag.py:3340} INFO - Setting next_dagrun for example_external_task_marker_child to None, run_after=None
[2025-03-16T08:37:52.512+0000] {logging_mixin.py:120} INFO - [2025-03-16T08:37:52.512+0000] {dag.py:3340} INFO - Setting next_dagrun for example_external_task_marker_parent to None, run_after=None
[2025-03-16T08:37:52.532+0000] {processor.py:176} INFO - Processing /home/airflow/.local/lib/python3.7/site-packages/airflow/example_dags/example_external_task_marker_dag.py took 0.511 seconds
[2025-03-16T08:38:23.495+0000] {processor.py:154} INFO - Started process (PID=821) to work on /home/airflow/.local/lib/python3.7/site-packages/airflow/example_dags/example_external_task_marker_dag.py
[2025-03-16T08:38:23.496+0000] {processor.py:756} INFO - Processing file /home/airflow/.local/lib/python3.7/site-packages/airflow/example_dags/example_external_task_marker_dag.py for tasks to queue
[2025-03-16T08:38:23.497+0000] {logging_mixin.py:120} INFO - [2025-03-16T08:38:23.497+0000] {dagbag.py:537} INFO - Filling up the DagBag from /home/airflow/.local/lib/python3.7/site-packages/airflow/example_dags/example_external_task_marker_dag.py
[2025-03-16T08:38:23.520+0000] {processor.py:766} INFO - DAG(s) dict_keys(['example_external_task_marker_parent', 'example_external_task_marker_child']) retrieved from /home/airflow/.local/lib/python3.7/site-packages/airflow/example_dags/example_external_task_marker_dag.py
[2025-03-16T08:38:23.890+0000] {logging_mixin.py:120} INFO - [2025-03-16T08:38:23.890+0000] {dag.py:2585} INFO - Sync 2 DAGs
[2025-03-16T08:38:23.950+0000] {logging_mixin.py:120} INFO - [2025-03-16T08:38:23.950+0000] {dag.py:3340} INFO - Setting next_dagrun for example_external_task_marker_child to None, run_after=None
[2025-03-16T08:38:23.959+0000] {logging_mixin.py:120} INFO - [2025-03-16T08:38:23.958+0000] {dag.py:3340} INFO - Setting next_dagrun for example_external_task_marker_parent to None, run_after=None
[2025-03-16T08:38:23.996+0000] {processor.py:176} INFO - Processing /home/airflow/.local/lib/python3.7/site-packages/airflow/example_dags/example_external_task_marker_dag.py took 0.506 seconds
[2025-03-16T08:38:54.769+0000] {processor.py:154} INFO - Started process (PID=875) to work on /home/airflow/.local/lib/python3.7/site-packages/airflow/example_dags/example_external_task_marker_dag.py
[2025-03-16T08:38:54.770+0000] {processor.py:756} INFO - Processing file /home/airflow/.local/lib/python3.7/site-packages/airflow/example_dags/example_external_task_marker_dag.py for tasks to queue
[2025-03-16T08:38:54.771+0000] {logging_mixin.py:120} INFO - [2025-03-16T08:38:54.771+0000] {dagbag.py:537} INFO - Filling up the DagBag from /home/airflow/.local/lib/python3.7/site-packages/airflow/example_dags/example_external_task_marker_dag.py
[2025-03-16T08:38:54.789+0000] {processor.py:766} INFO - DAG(s) dict_keys(['example_external_task_marker_child', 'example_external_task_marker_parent']) retrieved from /home/airflow/.local/lib/python3.7/site-packages/airflow/example_dags/example_external_task_marker_dag.py
[2025-03-16T08:38:55.059+0000] {logging_mixin.py:120} INFO - [2025-03-16T08:38:55.059+0000] {dag.py:2585} INFO - Sync 2 DAGs
[2025-03-16T08:38:55.094+0000] {logging_mixin.py:120} INFO - [2025-03-16T08:38:55.094+0000] {dag.py:3340} INFO - Setting next_dagrun for example_external_task_marker_child to None, run_after=None
[2025-03-16T08:38:55.098+0000] {logging_mixin.py:120} INFO - [2025-03-16T08:38:55.098+0000] {dag.py:3340} INFO - Setting next_dagrun for example_external_task_marker_parent to None, run_after=None
[2025-03-16T08:38:55.119+0000] {processor.py:176} INFO - Processing /home/airflow/.local/lib/python3.7/site-packages/airflow/example_dags/example_external_task_marker_dag.py took 0.356 seconds
[2025-03-16T08:39:25.502+0000] {processor.py:154} INFO - Started process (PID=929) to work on /home/airflow/.local/lib/python3.7/site-packages/airflow/example_dags/example_external_task_marker_dag.py
[2025-03-16T08:39:25.503+0000] {processor.py:756} INFO - Processing file /home/airflow/.local/lib/python3.7/site-packages/airflow/example_dags/example_external_task_marker_dag.py for tasks to queue
[2025-03-16T08:39:25.504+0000] {logging_mixin.py:120} INFO - [2025-03-16T08:39:25.504+0000] {dagbag.py:537} INFO - Filling up the DagBag from /home/airflow/.local/lib/python3.7/site-packages/airflow/example_dags/example_external_task_marker_dag.py
[2025-03-16T08:39:25.522+0000] {processor.py:766} INFO - DAG(s) dict_keys(['example_external_task_marker_child', 'example_external_task_marker_parent']) retrieved from /home/airflow/.local/lib/python3.7/site-packages/airflow/example_dags/example_external_task_marker_dag.py
[2025-03-16T08:39:25.805+0000] {logging_mixin.py:120} INFO - [2025-03-16T08:39:25.805+0000] {dag.py:2585} INFO - Sync 2 DAGs
[2025-03-16T08:39:25.840+0000] {logging_mixin.py:120} INFO - [2025-03-16T08:39:25.839+0000] {dag.py:3340} INFO - Setting next_dagrun for example_external_task_marker_child to None, run_after=None
[2025-03-16T08:39:25.844+0000] {logging_mixin.py:120} INFO - [2025-03-16T08:39:25.844+0000] {dag.py:3340} INFO - Setting next_dagrun for example_external_task_marker_parent to None, run_after=None
[2025-03-16T08:39:25.870+0000] {processor.py:176} INFO - Processing /home/airflow/.local/lib/python3.7/site-packages/airflow/example_dags/example_external_task_marker_dag.py took 0.372 seconds
[2025-03-16T08:39:55.987+0000] {processor.py:154} INFO - Started process (PID=992) to work on /home/airflow/.local/lib/python3.7/site-packages/airflow/example_dags/example_external_task_marker_dag.py
[2025-03-16T08:39:55.988+0000] {processor.py:756} INFO - Processing file /home/airflow/.local/lib/python3.7/site-packages/airflow/example_dags/example_external_task_marker_dag.py for tasks to queue
[2025-03-16T08:39:55.989+0000] {logging_mixin.py:120} INFO - [2025-03-16T08:39:55.989+0000] {dagbag.py:537} INFO - Filling up the DagBag from /home/airflow/.local/lib/python3.7/site-packages/airflow/example_dags/example_external_task_marker_dag.py
[2025-03-16T08:39:56.005+0000] {processor.py:766} INFO - DAG(s) dict_keys(['example_external_task_marker_child', 'example_external_task_marker_parent']) retrieved from /home/airflow/.local/lib/python3.7/site-packages/airflow/example_dags/example_external_task_marker_dag.py
[2025-03-16T08:39:56.237+0000] {logging_mixin.py:120} INFO - [2025-03-16T08:39:56.237+0000] {dag.py:2585} INFO - Sync 2 DAGs
[2025-03-16T08:39:56.277+0000] {logging_mixin.py:120} INFO - [2025-03-16T08:39:56.277+0000] {dag.py:3340} INFO - Setting next_dagrun for example_external_task_marker_child to None, run_after=None
[2025-03-16T08:39:56.282+0000] {logging_mixin.py:120} INFO - [2025-03-16T08:39:56.282+0000] {dag.py:3340} INFO - Setting next_dagrun for example_external_task_marker_parent to None, run_after=None
[2025-03-16T08:39:56.307+0000] {processor.py:176} INFO - Processing /home/airflow/.local/lib/python3.7/site-packages/airflow/example_dags/example_external_task_marker_dag.py took 0.324 seconds
[2025-03-16T08:40:26.923+0000] {processor.py:154} INFO - Started process (PID=1046) to work on /home/airflow/.local/lib/python3.7/site-packages/airflow/example_dags/example_external_task_marker_dag.py
[2025-03-16T08:40:26.926+0000] {processor.py:756} INFO - Processing file /home/airflow/.local/lib/python3.7/site-packages/airflow/example_dags/example_external_task_marker_dag.py for tasks to queue
[2025-03-16T08:40:26.928+0000] {logging_mixin.py:120} INFO - [2025-03-16T08:40:26.928+0000] {dagbag.py:537} INFO - Filling up the DagBag from /home/airflow/.local/lib/python3.7/site-packages/airflow/example_dags/example_external_task_marker_dag.py
[2025-03-16T08:40:26.967+0000] {processor.py:766} INFO - DAG(s) dict_keys(['example_external_task_marker_child', 'example_external_task_marker_parent']) retrieved from /home/airflow/.local/lib/python3.7/site-packages/airflow/example_dags/example_external_task_marker_dag.py
[2025-03-16T08:40:27.232+0000] {logging_mixin.py:120} INFO - [2025-03-16T08:40:27.232+0000] {dag.py:2585} INFO - Sync 2 DAGs
[2025-03-16T08:40:27.263+0000] {logging_mixin.py:120} INFO - [2025-03-16T08:40:27.263+0000] {dag.py:3340} INFO - Setting next_dagrun for example_external_task_marker_child to None, run_after=None
[2025-03-16T08:40:27.267+0000] {logging_mixin.py:120} INFO - [2025-03-16T08:40:27.267+0000] {dag.py:3340} INFO - Setting next_dagrun for example_external_task_marker_parent to None, run_after=None
[2025-03-16T08:40:27.286+0000] {processor.py:176} INFO - Processing /home/airflow/.local/lib/python3.7/site-packages/airflow/example_dags/example_external_task_marker_dag.py took 0.373 seconds
[2025-03-16T08:40:57.418+0000] {processor.py:154} INFO - Started process (PID=1109) to work on /home/airflow/.local/lib/python3.7/site-packages/airflow/example_dags/example_external_task_marker_dag.py
[2025-03-16T08:40:57.419+0000] {processor.py:756} INFO - Processing file /home/airflow/.local/lib/python3.7/site-packages/airflow/example_dags/example_external_task_marker_dag.py for tasks to queue
[2025-03-16T08:40:57.420+0000] {logging_mixin.py:120} INFO - [2025-03-16T08:40:57.420+0000] {dagbag.py:537} INFO - Filling up the DagBag from /home/airflow/.local/lib/python3.7/site-packages/airflow/example_dags/example_external_task_marker_dag.py
[2025-03-16T08:40:57.440+0000] {processor.py:766} INFO - DAG(s) dict_keys(['example_external_task_marker_child', 'example_external_task_marker_parent']) retrieved from /home/airflow/.local/lib/python3.7/site-packages/airflow/example_dags/example_external_task_marker_dag.py
[2025-03-16T08:40:57.713+0000] {logging_mixin.py:120} INFO - [2025-03-16T08:40:57.713+0000] {dag.py:2585} INFO - Sync 2 DAGs
[2025-03-16T08:40:57.748+0000] {logging_mixin.py:120} INFO - [2025-03-16T08:40:57.748+0000] {dag.py:3340} INFO - Setting next_dagrun for example_external_task_marker_child to None, run_after=None
[2025-03-16T08:40:57.751+0000] {logging_mixin.py:120} INFO - [2025-03-16T08:40:57.751+0000] {dag.py:3340} INFO - Setting next_dagrun for example_external_task_marker_parent to None, run_after=None
[2025-03-16T08:40:57.782+0000] {processor.py:176} INFO - Processing /home/airflow/.local/lib/python3.7/site-packages/airflow/example_dags/example_external_task_marker_dag.py took 0.368 seconds
[2025-03-16T08:41:28.313+0000] {processor.py:154} INFO - Started process (PID=1163) to work on /home/airflow/.local/lib/python3.7/site-packages/airflow/example_dags/example_external_task_marker_dag.py
[2025-03-16T08:41:28.314+0000] {processor.py:756} INFO - Processing file /home/airflow/.local/lib/python3.7/site-packages/airflow/example_dags/example_external_task_marker_dag.py for tasks to queue
[2025-03-16T08:41:28.317+0000] {logging_mixin.py:120} INFO - [2025-03-16T08:41:28.317+0000] {dagbag.py:537} INFO - Filling up the DagBag from /home/airflow/.local/lib/python3.7/site-packages/airflow/example_dags/example_external_task_marker_dag.py
[2025-03-16T08:41:28.336+0000] {processor.py:766} INFO - DAG(s) dict_keys(['example_external_task_marker_child', 'example_external_task_marker_parent']) retrieved from /home/airflow/.local/lib/python3.7/site-packages/airflow/example_dags/example_external_task_marker_dag.py
[2025-03-16T08:41:28.599+0000] {logging_mixin.py:120} INFO - [2025-03-16T08:41:28.599+0000] {dag.py:2585} INFO - Sync 2 DAGs
[2025-03-16T08:41:28.635+0000] {logging_mixin.py:120} INFO - [2025-03-16T08:41:28.635+0000] {dag.py:3340} INFO - Setting next_dagrun for example_external_task_marker_child to None, run_after=None
[2025-03-16T08:41:28.641+0000] {logging_mixin.py:120} INFO - [2025-03-16T08:41:28.640+0000] {dag.py:3340} INFO - Setting next_dagrun for example_external_task_marker_parent to None, run_after=None
[2025-03-16T08:41:28.662+0000] {processor.py:176} INFO - Processing /home/airflow/.local/lib/python3.7/site-packages/airflow/example_dags/example_external_task_marker_dag.py took 0.355 seconds
[2025-03-16T08:41:58.715+0000] {processor.py:154} INFO - Started process (PID=1226) to work on /home/airflow/.local/lib/python3.7/site-packages/airflow/example_dags/example_external_task_marker_dag.py
[2025-03-16T08:41:58.717+0000] {processor.py:756} INFO - Processing file /home/airflow/.local/lib/python3.7/site-packages/airflow/example_dags/example_external_task_marker_dag.py for tasks to queue
[2025-03-16T08:41:58.718+0000] {logging_mixin.py:120} INFO - [2025-03-16T08:41:58.717+0000] {dagbag.py:537} INFO - Filling up the DagBag from /home/airflow/.local/lib/python3.7/site-packages/airflow/example_dags/example_external_task_marker_dag.py
[2025-03-16T08:41:58.744+0000] {processor.py:766} INFO - DAG(s) dict_keys(['example_external_task_marker_child', 'example_external_task_marker_parent']) retrieved from /home/airflow/.local/lib/python3.7/site-packages/airflow/example_dags/example_external_task_marker_dag.py
[2025-03-16T08:41:59.000+0000] {logging_mixin.py:120} INFO - [2025-03-16T08:41:59.000+0000] {dag.py:2585} INFO - Sync 2 DAGs
[2025-03-16T08:41:59.034+0000] {logging_mixin.py:120} INFO - [2025-03-16T08:41:59.034+0000] {dag.py:3340} INFO - Setting next_dagrun for example_external_task_marker_child to None, run_after=None
[2025-03-16T08:41:59.038+0000] {logging_mixin.py:120} INFO - [2025-03-16T08:41:59.038+0000] {dag.py:3340} INFO - Setting next_dagrun for example_external_task_marker_parent to None, run_after=None
[2025-03-16T08:41:59.060+0000] {processor.py:176} INFO - Processing /home/airflow/.local/lib/python3.7/site-packages/airflow/example_dags/example_external_task_marker_dag.py took 0.351 seconds
[2025-03-16T08:42:29.125+0000] {processor.py:154} INFO - Started process (PID=1280) to work on /home/airflow/.local/lib/python3.7/site-packages/airflow/example_dags/example_external_task_marker_dag.py
[2025-03-16T08:42:29.127+0000] {processor.py:756} INFO - Processing file /home/airflow/.local/lib/python3.7/site-packages/airflow/example_dags/example_external_task_marker_dag.py for tasks to queue
[2025-03-16T08:42:29.127+0000] {logging_mixin.py:120} INFO - [2025-03-16T08:42:29.127+0000] {dagbag.py:537} INFO - Filling up the DagBag from /home/airflow/.local/lib/python3.7/site-packages/airflow/example_dags/example_external_task_marker_dag.py
[2025-03-16T08:42:29.145+0000] {processor.py:766} INFO - DAG(s) dict_keys(['example_external_task_marker_child', 'example_external_task_marker_parent']) retrieved from /home/airflow/.local/lib/python3.7/site-packages/airflow/example_dags/example_external_task_marker_dag.py
[2025-03-16T08:42:29.497+0000] {logging_mixin.py:120} INFO - [2025-03-16T08:42:29.497+0000] {dag.py:2585} INFO - Sync 2 DAGs
[2025-03-16T08:42:29.530+0000] {logging_mixin.py:120} INFO - [2025-03-16T08:42:29.530+0000] {dag.py:3340} INFO - Setting next_dagrun for example_external_task_marker_child to None, run_after=None
[2025-03-16T08:42:29.535+0000] {logging_mixin.py:120} INFO - [2025-03-16T08:42:29.535+0000] {dag.py:3340} INFO - Setting next_dagrun for example_external_task_marker_parent to None, run_after=None
[2025-03-16T08:42:29.564+0000] {processor.py:176} INFO - Processing /home/airflow/.local/lib/python3.7/site-packages/airflow/example_dags/example_external_task_marker_dag.py took 0.444 seconds
[2025-03-16T08:42:59.929+0000] {processor.py:154} INFO - Started process (PID=1343) to work on /home/airflow/.local/lib/python3.7/site-packages/airflow/example_dags/example_external_task_marker_dag.py
[2025-03-16T08:42:59.931+0000] {processor.py:756} INFO - Processing file /home/airflow/.local/lib/python3.7/site-packages/airflow/example_dags/example_external_task_marker_dag.py for tasks to queue
[2025-03-16T08:42:59.932+0000] {logging_mixin.py:120} INFO - [2025-03-16T08:42:59.932+0000] {dagbag.py:537} INFO - Filling up the DagBag from /home/airflow/.local/lib/python3.7/site-packages/airflow/example_dags/example_external_task_marker_dag.py
[2025-03-16T08:42:59.950+0000] {processor.py:766} INFO - DAG(s) dict_keys(['example_external_task_marker_child', 'example_external_task_marker_parent']) retrieved from /home/airflow/.local/lib/python3.7/site-packages/airflow/example_dags/example_external_task_marker_dag.py
[2025-03-16T08:43:00.333+0000] {logging_mixin.py:120} INFO - [2025-03-16T08:43:00.333+0000] {dag.py:2585} INFO - Sync 2 DAGs
[2025-03-16T08:43:00.368+0000] {logging_mixin.py:120} INFO - [2025-03-16T08:43:00.367+0000] {dag.py:3340} INFO - Setting next_dagrun for example_external_task_marker_child to None, run_after=None
[2025-03-16T08:43:00.372+0000] {logging_mixin.py:120} INFO - [2025-03-16T08:43:00.372+0000] {dag.py:3340} INFO - Setting next_dagrun for example_external_task_marker_parent to None, run_after=None
[2025-03-16T08:43:00.438+0000] {processor.py:176} INFO - Processing /home/airflow/.local/lib/python3.7/site-packages/airflow/example_dags/example_external_task_marker_dag.py took 0.513 seconds
[2025-03-16T08:43:31.189+0000] {processor.py:154} INFO - Started process (PID=1397) to work on /home/airflow/.local/lib/python3.7/site-packages/airflow/example_dags/example_external_task_marker_dag.py
[2025-03-16T08:43:31.191+0000] {processor.py:756} INFO - Processing file /home/airflow/.local/lib/python3.7/site-packages/airflow/example_dags/example_external_task_marker_dag.py for tasks to queue
[2025-03-16T08:43:31.193+0000] {logging_mixin.py:120} INFO - [2025-03-16T08:43:31.193+0000] {dagbag.py:537} INFO - Filling up the DagBag from /home/airflow/.local/lib/python3.7/site-packages/airflow/example_dags/example_external_task_marker_dag.py
[2025-03-16T08:43:31.228+0000] {processor.py:766} INFO - DAG(s) dict_keys(['example_external_task_marker_child', 'example_external_task_marker_parent']) retrieved from /home/airflow/.local/lib/python3.7/site-packages/airflow/example_dags/example_external_task_marker_dag.py
[2025-03-16T08:43:31.660+0000] {logging_mixin.py:120} INFO - [2025-03-16T08:43:31.659+0000] {dag.py:2585} INFO - Sync 2 DAGs
[2025-03-16T08:43:31.734+0000] {logging_mixin.py:120} INFO - [2025-03-16T08:43:31.734+0000] {dag.py:3340} INFO - Setting next_dagrun for example_external_task_marker_child to None, run_after=None
[2025-03-16T08:43:31.741+0000] {logging_mixin.py:120} INFO - [2025-03-16T08:43:31.740+0000] {dag.py:3340} INFO - Setting next_dagrun for example_external_task_marker_parent to None, run_after=None
[2025-03-16T08:43:31.761+0000] {processor.py:176} INFO - Processing /home/airflow/.local/lib/python3.7/site-packages/airflow/example_dags/example_external_task_marker_dag.py took 0.579 seconds
[2025-03-16T08:44:01.815+0000] {processor.py:154} INFO - Started process (PID=1461) to work on /home/airflow/.local/lib/python3.7/site-packages/airflow/example_dags/example_external_task_marker_dag.py
[2025-03-16T08:44:01.816+0000] {processor.py:756} INFO - Processing file /home/airflow/.local/lib/python3.7/site-packages/airflow/example_dags/example_external_task_marker_dag.py for tasks to queue
[2025-03-16T08:44:01.817+0000] {logging_mixin.py:120} INFO - [2025-03-16T08:44:01.816+0000] {dagbag.py:537} INFO - Filling up the DagBag from /home/airflow/.local/lib/python3.7/site-packages/airflow/example_dags/example_external_task_marker_dag.py
[2025-03-16T08:44:01.839+0000] {processor.py:766} INFO - DAG(s) dict_keys(['example_external_task_marker_child', 'example_external_task_marker_parent']) retrieved from /home/airflow/.local/lib/python3.7/site-packages/airflow/example_dags/example_external_task_marker_dag.py
[2025-03-16T08:44:02.164+0000] {logging_mixin.py:120} INFO - [2025-03-16T08:44:02.164+0000] {dag.py:2585} INFO - Sync 2 DAGs
[2025-03-16T08:44:02.209+0000] {logging_mixin.py:120} INFO - [2025-03-16T08:44:02.209+0000] {dag.py:3340} INFO - Setting next_dagrun for example_external_task_marker_child to None, run_after=None
[2025-03-16T08:44:02.215+0000] {logging_mixin.py:120} INFO - [2025-03-16T08:44:02.214+0000] {dag.py:3340} INFO - Setting next_dagrun for example_external_task_marker_parent to None, run_after=None
[2025-03-16T08:44:02.243+0000] {processor.py:176} INFO - Processing /home/airflow/.local/lib/python3.7/site-packages/airflow/example_dags/example_external_task_marker_dag.py took 0.433 seconds
[2025-03-16T08:44:32.415+0000] {processor.py:154} INFO - Started process (PID=1515) to work on /home/airflow/.local/lib/python3.7/site-packages/airflow/example_dags/example_external_task_marker_dag.py
[2025-03-16T08:44:32.419+0000] {processor.py:756} INFO - Processing file /home/airflow/.local/lib/python3.7/site-packages/airflow/example_dags/example_external_task_marker_dag.py for tasks to queue
[2025-03-16T08:44:32.423+0000] {logging_mixin.py:120} INFO - [2025-03-16T08:44:32.422+0000] {dagbag.py:537} INFO - Filling up the DagBag from /home/airflow/.local/lib/python3.7/site-packages/airflow/example_dags/example_external_task_marker_dag.py
[2025-03-16T08:44:32.449+0000] {processor.py:766} INFO - DAG(s) dict_keys(['example_external_task_marker_child', 'example_external_task_marker_parent']) retrieved from /home/airflow/.local/lib/python3.7/site-packages/airflow/example_dags/example_external_task_marker_dag.py
[2025-03-16T08:44:32.777+0000] {logging_mixin.py:120} INFO - [2025-03-16T08:44:32.777+0000] {dag.py:2585} INFO - Sync 2 DAGs
[2025-03-16T08:44:32.809+0000] {logging_mixin.py:120} INFO - [2025-03-16T08:44:32.809+0000] {dag.py:3340} INFO - Setting next_dagrun for example_external_task_marker_child to None, run_after=None
[2025-03-16T08:44:32.814+0000] {logging_mixin.py:120} INFO - [2025-03-16T08:44:32.814+0000] {dag.py:3340} INFO - Setting next_dagrun for example_external_task_marker_parent to None, run_after=None
[2025-03-16T08:44:32.839+0000] {processor.py:176} INFO - Processing /home/airflow/.local/lib/python3.7/site-packages/airflow/example_dags/example_external_task_marker_dag.py took 0.434 seconds
[2025-03-16T08:45:03.112+0000] {processor.py:154} INFO - Started process (PID=1578) to work on /home/airflow/.local/lib/python3.7/site-packages/airflow/example_dags/example_external_task_marker_dag.py
[2025-03-16T08:45:03.114+0000] {processor.py:756} INFO - Processing file /home/airflow/.local/lib/python3.7/site-packages/airflow/example_dags/example_external_task_marker_dag.py for tasks to queue
[2025-03-16T08:45:03.116+0000] {logging_mixin.py:120} INFO - [2025-03-16T08:45:03.115+0000] {dagbag.py:537} INFO - Filling up the DagBag from /home/airflow/.local/lib/python3.7/site-packages/airflow/example_dags/example_external_task_marker_dag.py
[2025-03-16T08:45:03.147+0000] {processor.py:766} INFO - DAG(s) dict_keys(['example_external_task_marker_parent', 'example_external_task_marker_child']) retrieved from /home/airflow/.local/lib/python3.7/site-packages/airflow/example_dags/example_external_task_marker_dag.py
[2025-03-16T08:45:03.526+0000] {logging_mixin.py:120} INFO - [2025-03-16T08:45:03.526+0000] {dag.py:2585} INFO - Sync 2 DAGs
[2025-03-16T08:45:03.592+0000] {logging_mixin.py:120} INFO - [2025-03-16T08:45:03.592+0000] {dag.py:3340} INFO - Setting next_dagrun for example_external_task_marker_child to None, run_after=None
[2025-03-16T08:45:03.607+0000] {logging_mixin.py:120} INFO - [2025-03-16T08:45:03.606+0000] {dag.py:3340} INFO - Setting next_dagrun for example_external_task_marker_parent to None, run_after=None
[2025-03-16T08:45:03.650+0000] {processor.py:176} INFO - Processing /home/airflow/.local/lib/python3.7/site-packages/airflow/example_dags/example_external_task_marker_dag.py took 0.547 seconds
[2025-03-16T08:45:33.834+0000] {processor.py:154} INFO - Started process (PID=1633) to work on /home/airflow/.local/lib/python3.7/site-packages/airflow/example_dags/example_external_task_marker_dag.py
[2025-03-16T08:45:33.837+0000] {processor.py:756} INFO - Processing file /home/airflow/.local/lib/python3.7/site-packages/airflow/example_dags/example_external_task_marker_dag.py for tasks to queue
[2025-03-16T08:45:33.839+0000] {logging_mixin.py:120} INFO - [2025-03-16T08:45:33.838+0000] {dagbag.py:537} INFO - Filling up the DagBag from /home/airflow/.local/lib/python3.7/site-packages/airflow/example_dags/example_external_task_marker_dag.py
[2025-03-16T08:45:33.910+0000] {processor.py:766} INFO - DAG(s) dict_keys(['example_external_task_marker_parent', 'example_external_task_marker_child']) retrieved from /home/airflow/.local/lib/python3.7/site-packages/airflow/example_dags/example_external_task_marker_dag.py
[2025-03-16T08:45:34.204+0000] {logging_mixin.py:120} INFO - [2025-03-16T08:45:34.203+0000] {dag.py:2585} INFO - Sync 2 DAGs
[2025-03-16T08:45:34.244+0000] {logging_mixin.py:120} INFO - [2025-03-16T08:45:34.243+0000] {dag.py:3340} INFO - Setting next_dagrun for example_external_task_marker_child to None, run_after=None
[2025-03-16T08:45:34.248+0000] {logging_mixin.py:120} INFO - [2025-03-16T08:45:34.248+0000] {dag.py:3340} INFO - Setting next_dagrun for example_external_task_marker_parent to None, run_after=None
[2025-03-16T08:45:34.268+0000] {processor.py:176} INFO - Processing /home/airflow/.local/lib/python3.7/site-packages/airflow/example_dags/example_external_task_marker_dag.py took 0.444 seconds
[2025-03-16T08:46:04.367+0000] {processor.py:154} INFO - Started process (PID=1696) to work on /home/airflow/.local/lib/python3.7/site-packages/airflow/example_dags/example_external_task_marker_dag.py
[2025-03-16T08:46:04.368+0000] {processor.py:756} INFO - Processing file /home/airflow/.local/lib/python3.7/site-packages/airflow/example_dags/example_external_task_marker_dag.py for tasks to queue
[2025-03-16T08:46:04.369+0000] {logging_mixin.py:120} INFO - [2025-03-16T08:46:04.369+0000] {dagbag.py:537} INFO - Filling up the DagBag from /home/airflow/.local/lib/python3.7/site-packages/airflow/example_dags/example_external_task_marker_dag.py
[2025-03-16T08:46:04.393+0000] {processor.py:766} INFO - DAG(s) dict_keys(['example_external_task_marker_parent', 'example_external_task_marker_child']) retrieved from /home/airflow/.local/lib/python3.7/site-packages/airflow/example_dags/example_external_task_marker_dag.py
[2025-03-16T08:46:04.769+0000] {logging_mixin.py:120} INFO - [2025-03-16T08:46:04.769+0000] {dag.py:2585} INFO - Sync 2 DAGs
[2025-03-16T08:46:04.814+0000] {logging_mixin.py:120} INFO - [2025-03-16T08:46:04.814+0000] {dag.py:3340} INFO - Setting next_dagrun for example_external_task_marker_child to None, run_after=None
[2025-03-16T08:46:04.819+0000] {logging_mixin.py:120} INFO - [2025-03-16T08:46:04.819+0000] {dag.py:3340} INFO - Setting next_dagrun for example_external_task_marker_parent to None, run_after=None
[2025-03-16T08:46:04.868+0000] {processor.py:176} INFO - Processing /home/airflow/.local/lib/python3.7/site-packages/airflow/example_dags/example_external_task_marker_dag.py took 0.507 seconds
[2025-03-16T08:46:35.004+0000] {processor.py:154} INFO - Started process (PID=1749) to work on /home/airflow/.local/lib/python3.7/site-packages/airflow/example_dags/example_external_task_marker_dag.py
[2025-03-16T08:46:35.006+0000] {processor.py:756} INFO - Processing file /home/airflow/.local/lib/python3.7/site-packages/airflow/example_dags/example_external_task_marker_dag.py for tasks to queue
[2025-03-16T08:46:35.007+0000] {logging_mixin.py:120} INFO - [2025-03-16T08:46:35.006+0000] {dagbag.py:537} INFO - Filling up the DagBag from /home/airflow/.local/lib/python3.7/site-packages/airflow/example_dags/example_external_task_marker_dag.py
[2025-03-16T08:46:35.030+0000] {processor.py:766} INFO - DAG(s) dict_keys(['example_external_task_marker_parent', 'example_external_task_marker_child']) retrieved from /home/airflow/.local/lib/python3.7/site-packages/airflow/example_dags/example_external_task_marker_dag.py
[2025-03-16T08:46:35.310+0000] {logging_mixin.py:120} INFO - [2025-03-16T08:46:35.309+0000] {dag.py:2585} INFO - Sync 2 DAGs
[2025-03-16T08:46:35.337+0000] {logging_mixin.py:120} INFO - [2025-03-16T08:46:35.337+0000] {dag.py:3340} INFO - Setting next_dagrun for example_external_task_marker_child to None, run_after=None
[2025-03-16T08:46:35.341+0000] {logging_mixin.py:120} INFO - [2025-03-16T08:46:35.341+0000] {dag.py:3340} INFO - Setting next_dagrun for example_external_task_marker_parent to None, run_after=None
[2025-03-16T08:46:35.359+0000] {processor.py:176} INFO - Processing /home/airflow/.local/lib/python3.7/site-packages/airflow/example_dags/example_external_task_marker_dag.py took 0.360 seconds
[2025-03-16T08:47:05.889+0000] {processor.py:154} INFO - Started process (PID=1812) to work on /home/airflow/.local/lib/python3.7/site-packages/airflow/example_dags/example_external_task_marker_dag.py
[2025-03-16T08:47:05.895+0000] {processor.py:756} INFO - Processing file /home/airflow/.local/lib/python3.7/site-packages/airflow/example_dags/example_external_task_marker_dag.py for tasks to queue
[2025-03-16T08:47:05.896+0000] {logging_mixin.py:120} INFO - [2025-03-16T08:47:05.896+0000] {dagbag.py:537} INFO - Filling up the DagBag from /home/airflow/.local/lib/python3.7/site-packages/airflow/example_dags/example_external_task_marker_dag.py
[2025-03-16T08:47:05.952+0000] {processor.py:766} INFO - DAG(s) dict_keys(['example_external_task_marker_parent', 'example_external_task_marker_child']) retrieved from /home/airflow/.local/lib/python3.7/site-packages/airflow/example_dags/example_external_task_marker_dag.py
[2025-03-16T08:47:06.548+0000] {logging_mixin.py:120} INFO - [2025-03-16T08:47:06.548+0000] {dag.py:2585} INFO - Sync 2 DAGs
[2025-03-16T08:47:06.597+0000] {logging_mixin.py:120} INFO - [2025-03-16T08:47:06.597+0000] {dag.py:3340} INFO - Setting next_dagrun for example_external_task_marker_child to None, run_after=None
[2025-03-16T08:47:06.604+0000] {logging_mixin.py:120} INFO - [2025-03-16T08:47:06.604+0000] {dag.py:3340} INFO - Setting next_dagrun for example_external_task_marker_parent to None, run_after=None
[2025-03-16T08:47:06.632+0000] {processor.py:176} INFO - Processing /home/airflow/.local/lib/python3.7/site-packages/airflow/example_dags/example_external_task_marker_dag.py took 0.752 seconds
[2025-03-16T08:47:36.664+0000] {processor.py:154} INFO - Started process (PID=1866) to work on /home/airflow/.local/lib/python3.7/site-packages/airflow/example_dags/example_external_task_marker_dag.py
[2025-03-16T08:47:36.665+0000] {processor.py:756} INFO - Processing file /home/airflow/.local/lib/python3.7/site-packages/airflow/example_dags/example_external_task_marker_dag.py for tasks to queue
[2025-03-16T08:47:36.666+0000] {logging_mixin.py:120} INFO - [2025-03-16T08:47:36.666+0000] {dagbag.py:537} INFO - Filling up the DagBag from /home/airflow/.local/lib/python3.7/site-packages/airflow/example_dags/example_external_task_marker_dag.py
[2025-03-16T08:47:36.692+0000] {processor.py:766} INFO - DAG(s) dict_keys(['example_external_task_marker_parent', 'example_external_task_marker_child']) retrieved from /home/airflow/.local/lib/python3.7/site-packages/airflow/example_dags/example_external_task_marker_dag.py
[2025-03-16T08:47:37.090+0000] {logging_mixin.py:120} INFO - [2025-03-16T08:47:37.090+0000] {dag.py:2585} INFO - Sync 2 DAGs
[2025-03-16T08:47:37.143+0000] {logging_mixin.py:120} INFO - [2025-03-16T08:47:37.142+0000] {dag.py:3340} INFO - Setting next_dagrun for example_external_task_marker_child to None, run_after=None
[2025-03-16T08:47:37.148+0000] {logging_mixin.py:120} INFO - [2025-03-16T08:47:37.148+0000] {dag.py:3340} INFO - Setting next_dagrun for example_external_task_marker_parent to None, run_after=None
[2025-03-16T08:47:37.167+0000] {processor.py:176} INFO - Processing /home/airflow/.local/lib/python3.7/site-packages/airflow/example_dags/example_external_task_marker_dag.py took 0.508 seconds
[2025-03-16T08:48:07.385+0000] {processor.py:154} INFO - Started process (PID=1929) to work on /home/airflow/.local/lib/python3.7/site-packages/airflow/example_dags/example_external_task_marker_dag.py
[2025-03-16T08:48:07.387+0000] {processor.py:756} INFO - Processing file /home/airflow/.local/lib/python3.7/site-packages/airflow/example_dags/example_external_task_marker_dag.py for tasks to queue
[2025-03-16T08:48:07.388+0000] {logging_mixin.py:120} INFO - [2025-03-16T08:48:07.388+0000] {dagbag.py:537} INFO - Filling up the DagBag from /home/airflow/.local/lib/python3.7/site-packages/airflow/example_dags/example_external_task_marker_dag.py
[2025-03-16T08:48:07.422+0000] {processor.py:766} INFO - DAG(s) dict_keys(['example_external_task_marker_parent', 'example_external_task_marker_child']) retrieved from /home/airflow/.local/lib/python3.7/site-packages/airflow/example_dags/example_external_task_marker_dag.py
[2025-03-16T08:48:08.029+0000] {logging_mixin.py:120} INFO - [2025-03-16T08:48:08.029+0000] {dag.py:2585} INFO - Sync 2 DAGs
[2025-03-16T08:48:08.131+0000] {logging_mixin.py:120} INFO - [2025-03-16T08:48:08.131+0000] {dag.py:3340} INFO - Setting next_dagrun for example_external_task_marker_child to None, run_after=None
[2025-03-16T08:48:08.148+0000] {logging_mixin.py:120} INFO - [2025-03-16T08:48:08.146+0000] {dag.py:3340} INFO - Setting next_dagrun for example_external_task_marker_parent to None, run_after=None
[2025-03-16T08:48:08.215+0000] {processor.py:176} INFO - Processing /home/airflow/.local/lib/python3.7/site-packages/airflow/example_dags/example_external_task_marker_dag.py took 0.842 seconds
[2025-03-16T08:48:38.886+0000] {processor.py:154} INFO - Started process (PID=1983) to work on /home/airflow/.local/lib/python3.7/site-packages/airflow/example_dags/example_external_task_marker_dag.py
[2025-03-16T08:48:38.889+0000] {processor.py:756} INFO - Processing file /home/airflow/.local/lib/python3.7/site-packages/airflow/example_dags/example_external_task_marker_dag.py for tasks to queue
[2025-03-16T08:48:38.890+0000] {logging_mixin.py:120} INFO - [2025-03-16T08:48:38.889+0000] {dagbag.py:537} INFO - Filling up the DagBag from /home/airflow/.local/lib/python3.7/site-packages/airflow/example_dags/example_external_task_marker_dag.py
[2025-03-16T08:48:38.914+0000] {processor.py:766} INFO - DAG(s) dict_keys(['example_external_task_marker_child', 'example_external_task_marker_parent']) retrieved from /home/airflow/.local/lib/python3.7/site-packages/airflow/example_dags/example_external_task_marker_dag.py
[2025-03-16T08:48:39.231+0000] {logging_mixin.py:120} INFO - [2025-03-16T08:48:39.231+0000] {dag.py:2585} INFO - Sync 2 DAGs
[2025-03-16T08:48:39.261+0000] {logging_mixin.py:120} INFO - [2025-03-16T08:48:39.261+0000] {dag.py:3340} INFO - Setting next_dagrun for example_external_task_marker_child to None, run_after=None
[2025-03-16T08:48:39.265+0000] {logging_mixin.py:120} INFO - [2025-03-16T08:48:39.265+0000] {dag.py:3340} INFO - Setting next_dagrun for example_external_task_marker_parent to None, run_after=None
[2025-03-16T08:48:39.284+0000] {processor.py:176} INFO - Processing /home/airflow/.local/lib/python3.7/site-packages/airflow/example_dags/example_external_task_marker_dag.py took 0.404 seconds
[2025-03-16T08:49:09.470+0000] {processor.py:154} INFO - Started process (PID=2047) to work on /home/airflow/.local/lib/python3.7/site-packages/airflow/example_dags/example_external_task_marker_dag.py
[2025-03-16T08:49:09.472+0000] {processor.py:756} INFO - Processing file /home/airflow/.local/lib/python3.7/site-packages/airflow/example_dags/example_external_task_marker_dag.py for tasks to queue
[2025-03-16T08:49:09.475+0000] {logging_mixin.py:120} INFO - [2025-03-16T08:49:09.475+0000] {dagbag.py:537} INFO - Filling up the DagBag from /home/airflow/.local/lib/python3.7/site-packages/airflow/example_dags/example_external_task_marker_dag.py
[2025-03-16T08:49:09.507+0000] {processor.py:766} INFO - DAG(s) dict_keys(['example_external_task_marker_parent', 'example_external_task_marker_child']) retrieved from /home/airflow/.local/lib/python3.7/site-packages/airflow/example_dags/example_external_task_marker_dag.py
[2025-03-16T08:49:09.783+0000] {logging_mixin.py:120} INFO - [2025-03-16T08:49:09.783+0000] {dag.py:2585} INFO - Sync 2 DAGs
[2025-03-16T08:49:09.816+0000] {logging_mixin.py:120} INFO - [2025-03-16T08:49:09.816+0000] {dag.py:3340} INFO - Setting next_dagrun for example_external_task_marker_child to None, run_after=None
[2025-03-16T08:49:09.820+0000] {logging_mixin.py:120} INFO - [2025-03-16T08:49:09.820+0000] {dag.py:3340} INFO - Setting next_dagrun for example_external_task_marker_parent to None, run_after=None
[2025-03-16T08:49:09.840+0000] {processor.py:176} INFO - Processing /home/airflow/.local/lib/python3.7/site-packages/airflow/example_dags/example_external_task_marker_dag.py took 0.380 seconds
[2025-03-16T08:49:40.697+0000] {processor.py:154} INFO - Started process (PID=2102) to work on /home/airflow/.local/lib/python3.7/site-packages/airflow/example_dags/example_external_task_marker_dag.py
[2025-03-16T08:49:40.699+0000] {processor.py:756} INFO - Processing file /home/airflow/.local/lib/python3.7/site-packages/airflow/example_dags/example_external_task_marker_dag.py for tasks to queue
[2025-03-16T08:49:40.699+0000] {logging_mixin.py:120} INFO - [2025-03-16T08:49:40.699+0000] {dagbag.py:537} INFO - Filling up the DagBag from /home/airflow/.local/lib/python3.7/site-packages/airflow/example_dags/example_external_task_marker_dag.py
[2025-03-16T08:49:40.715+0000] {processor.py:766} INFO - DAG(s) dict_keys(['example_external_task_marker_parent', 'example_external_task_marker_child']) retrieved from /home/airflow/.local/lib/python3.7/site-packages/airflow/example_dags/example_external_task_marker_dag.py
[2025-03-16T08:49:41.027+0000] {logging_mixin.py:120} INFO - [2025-03-16T08:49:41.026+0000] {dag.py:2585} INFO - Sync 2 DAGs
[2025-03-16T08:49:41.065+0000] {logging_mixin.py:120} INFO - [2025-03-16T08:49:41.065+0000] {dag.py:3340} INFO - Setting next_dagrun for example_external_task_marker_child to None, run_after=None
[2025-03-16T08:49:41.076+0000] {logging_mixin.py:120} INFO - [2025-03-16T08:49:41.076+0000] {dag.py:3340} INFO - Setting next_dagrun for example_external_task_marker_parent to None, run_after=None
[2025-03-16T08:49:41.100+0000] {processor.py:176} INFO - Processing /home/airflow/.local/lib/python3.7/site-packages/airflow/example_dags/example_external_task_marker_dag.py took 0.408 seconds
[2025-03-16T08:50:11.489+0000] {processor.py:154} INFO - Started process (PID=2165) to work on /home/airflow/.local/lib/python3.7/site-packages/airflow/example_dags/example_external_task_marker_dag.py
[2025-03-16T08:50:11.489+0000] {processor.py:756} INFO - Processing file /home/airflow/.local/lib/python3.7/site-packages/airflow/example_dags/example_external_task_marker_dag.py for tasks to queue
[2025-03-16T08:50:11.490+0000] {logging_mixin.py:120} INFO - [2025-03-16T08:50:11.490+0000] {dagbag.py:537} INFO - Filling up the DagBag from /home/airflow/.local/lib/python3.7/site-packages/airflow/example_dags/example_external_task_marker_dag.py
[2025-03-16T08:50:11.511+0000] {processor.py:766} INFO - DAG(s) dict_keys(['example_external_task_marker_parent', 'example_external_task_marker_child']) retrieved from /home/airflow/.local/lib/python3.7/site-packages/airflow/example_dags/example_external_task_marker_dag.py
[2025-03-16T08:50:11.914+0000] {logging_mixin.py:120} INFO - [2025-03-16T08:50:11.914+0000] {dag.py:2585} INFO - Sync 2 DAGs
[2025-03-16T08:50:11.946+0000] {logging_mixin.py:120} INFO - [2025-03-16T08:50:11.946+0000] {dag.py:3340} INFO - Setting next_dagrun for example_external_task_marker_child to None, run_after=None
[2025-03-16T08:50:11.951+0000] {logging_mixin.py:120} INFO - [2025-03-16T08:50:11.951+0000] {dag.py:3340} INFO - Setting next_dagrun for example_external_task_marker_parent to None, run_after=None
[2025-03-16T08:50:11.973+0000] {processor.py:176} INFO - Processing /home/airflow/.local/lib/python3.7/site-packages/airflow/example_dags/example_external_task_marker_dag.py took 0.489 seconds
[2025-03-16T08:50:42.799+0000] {processor.py:154} INFO - Started process (PID=2219) to work on /home/airflow/.local/lib/python3.7/site-packages/airflow/example_dags/example_external_task_marker_dag.py
[2025-03-16T08:50:42.800+0000] {processor.py:756} INFO - Processing file /home/airflow/.local/lib/python3.7/site-packages/airflow/example_dags/example_external_task_marker_dag.py for tasks to queue
[2025-03-16T08:50:42.801+0000] {logging_mixin.py:120} INFO - [2025-03-16T08:50:42.801+0000] {dagbag.py:537} INFO - Filling up the DagBag from /home/airflow/.local/lib/python3.7/site-packages/airflow/example_dags/example_external_task_marker_dag.py
[2025-03-16T08:50:42.821+0000] {processor.py:766} INFO - DAG(s) dict_keys(['example_external_task_marker_child', 'example_external_task_marker_parent']) retrieved from /home/airflow/.local/lib/python3.7/site-packages/airflow/example_dags/example_external_task_marker_dag.py
[2025-03-16T08:50:43.220+0000] {logging_mixin.py:120} INFO - [2025-03-16T08:50:43.219+0000] {dag.py:2585} INFO - Sync 2 DAGs
[2025-03-16T08:50:43.252+0000] {logging_mixin.py:120} INFO - [2025-03-16T08:50:43.252+0000] {dag.py:3340} INFO - Setting next_dagrun for example_external_task_marker_child to None, run_after=None
[2025-03-16T08:50:43.256+0000] {logging_mixin.py:120} INFO - [2025-03-16T08:50:43.256+0000] {dag.py:3340} INFO - Setting next_dagrun for example_external_task_marker_parent to None, run_after=None
[2025-03-16T08:50:43.275+0000] {processor.py:176} INFO - Processing /home/airflow/.local/lib/python3.7/site-packages/airflow/example_dags/example_external_task_marker_dag.py took 0.480 seconds
[2025-03-16T08:51:13.944+0000] {processor.py:154} INFO - Started process (PID=2282) to work on /home/airflow/.local/lib/python3.7/site-packages/airflow/example_dags/example_external_task_marker_dag.py
[2025-03-16T08:51:13.945+0000] {processor.py:756} INFO - Processing file /home/airflow/.local/lib/python3.7/site-packages/airflow/example_dags/example_external_task_marker_dag.py for tasks to queue
[2025-03-16T08:51:13.946+0000] {logging_mixin.py:120} INFO - [2025-03-16T08:51:13.946+0000] {dagbag.py:537} INFO - Filling up the DagBag from /home/airflow/.local/lib/python3.7/site-packages/airflow/example_dags/example_external_task_marker_dag.py
[2025-03-16T08:51:13.969+0000] {processor.py:766} INFO - DAG(s) dict_keys(['example_external_task_marker_child', 'example_external_task_marker_parent']) retrieved from /home/airflow/.local/lib/python3.7/site-packages/airflow/example_dags/example_external_task_marker_dag.py
[2025-03-16T08:51:14.264+0000] {logging_mixin.py:120} INFO - [2025-03-16T08:51:14.264+0000] {dag.py:2585} INFO - Sync 2 DAGs
[2025-03-16T08:51:14.292+0000] {logging_mixin.py:120} INFO - [2025-03-16T08:51:14.292+0000] {dag.py:3340} INFO - Setting next_dagrun for example_external_task_marker_child to None, run_after=None
[2025-03-16T08:51:14.295+0000] {logging_mixin.py:120} INFO - [2025-03-16T08:51:14.295+0000] {dag.py:3340} INFO - Setting next_dagrun for example_external_task_marker_parent to None, run_after=None
[2025-03-16T08:51:14.315+0000] {processor.py:176} INFO - Processing /home/airflow/.local/lib/python3.7/site-packages/airflow/example_dags/example_external_task_marker_dag.py took 0.376 seconds
[2025-03-16T08:51:44.478+0000] {processor.py:154} INFO - Started process (PID=2336) to work on /home/airflow/.local/lib/python3.7/site-packages/airflow/example_dags/example_external_task_marker_dag.py
[2025-03-16T08:51:44.480+0000] {processor.py:756} INFO - Processing file /home/airflow/.local/lib/python3.7/site-packages/airflow/example_dags/example_external_task_marker_dag.py for tasks to queue
[2025-03-16T08:51:44.481+0000] {logging_mixin.py:120} INFO - [2025-03-16T08:51:44.481+0000] {dagbag.py:537} INFO - Filling up the DagBag from /home/airflow/.local/lib/python3.7/site-packages/airflow/example_dags/example_external_task_marker_dag.py
[2025-03-16T08:51:44.507+0000] {processor.py:766} INFO - DAG(s) dict_keys(['example_external_task_marker_parent', 'example_external_task_marker_child']) retrieved from /home/airflow/.local/lib/python3.7/site-packages/airflow/example_dags/example_external_task_marker_dag.py
[2025-03-16T08:51:44.978+0000] {logging_mixin.py:120} INFO - [2025-03-16T08:51:44.977+0000] {dag.py:2585} INFO - Sync 2 DAGs
[2025-03-16T08:51:45.030+0000] {logging_mixin.py:120} INFO - [2025-03-16T08:51:45.030+0000] {dag.py:3340} INFO - Setting next_dagrun for example_external_task_marker_child to None, run_after=None
[2025-03-16T08:51:45.036+0000] {logging_mixin.py:120} INFO - [2025-03-16T08:51:45.036+0000] {dag.py:3340} INFO - Setting next_dagrun for example_external_task_marker_parent to None, run_after=None
[2025-03-16T08:51:45.066+0000] {processor.py:176} INFO - Processing /home/airflow/.local/lib/python3.7/site-packages/airflow/example_dags/example_external_task_marker_dag.py took 0.593 seconds
[2025-03-16T08:52:15.155+0000] {processor.py:154} INFO - Started process (PID=2401) to work on /home/airflow/.local/lib/python3.7/site-packages/airflow/example_dags/example_external_task_marker_dag.py
[2025-03-16T08:52:15.157+0000] {processor.py:756} INFO - Processing file /home/airflow/.local/lib/python3.7/site-packages/airflow/example_dags/example_external_task_marker_dag.py for tasks to queue
[2025-03-16T08:52:15.158+0000] {logging_mixin.py:120} INFO - [2025-03-16T08:52:15.157+0000] {dagbag.py:537} INFO - Filling up the DagBag from /home/airflow/.local/lib/python3.7/site-packages/airflow/example_dags/example_external_task_marker_dag.py
[2025-03-16T08:52:15.189+0000] {processor.py:766} INFO - DAG(s) dict_keys(['example_external_task_marker_child', 'example_external_task_marker_parent']) retrieved from /home/airflow/.local/lib/python3.7/site-packages/airflow/example_dags/example_external_task_marker_dag.py
[2025-03-16T08:52:15.476+0000] {logging_mixin.py:120} INFO - [2025-03-16T08:52:15.476+0000] {dag.py:2585} INFO - Sync 2 DAGs
[2025-03-16T08:52:15.508+0000] {logging_mixin.py:120} INFO - [2025-03-16T08:52:15.508+0000] {dag.py:3340} INFO - Setting next_dagrun for example_external_task_marker_child to None, run_after=None
[2025-03-16T08:52:15.512+0000] {logging_mixin.py:120} INFO - [2025-03-16T08:52:15.512+0000] {dag.py:3340} INFO - Setting next_dagrun for example_external_task_marker_parent to None, run_after=None
[2025-03-16T08:52:15.532+0000] {processor.py:176} INFO - Processing /home/airflow/.local/lib/python3.7/site-packages/airflow/example_dags/example_external_task_marker_dag.py took 0.383 seconds
[2025-03-16T08:52:46.099+0000] {processor.py:154} INFO - Started process (PID=2463) to work on /home/airflow/.local/lib/python3.7/site-packages/airflow/example_dags/example_external_task_marker_dag.py
[2025-03-16T08:52:46.105+0000] {processor.py:756} INFO - Processing file /home/airflow/.local/lib/python3.7/site-packages/airflow/example_dags/example_external_task_marker_dag.py for tasks to queue
[2025-03-16T08:52:46.106+0000] {logging_mixin.py:120} INFO - [2025-03-16T08:52:46.106+0000] {dagbag.py:537} INFO - Filling up the DagBag from /home/airflow/.local/lib/python3.7/site-packages/airflow/example_dags/example_external_task_marker_dag.py
[2025-03-16T08:52:46.161+0000] {processor.py:766} INFO - DAG(s) dict_keys(['example_external_task_marker_child', 'example_external_task_marker_parent']) retrieved from /home/airflow/.local/lib/python3.7/site-packages/airflow/example_dags/example_external_task_marker_dag.py
[2025-03-16T08:52:46.614+0000] {logging_mixin.py:120} INFO - [2025-03-16T08:52:46.614+0000] {dag.py:2585} INFO - Sync 2 DAGs
[2025-03-16T08:52:46.660+0000] {logging_mixin.py:120} INFO - [2025-03-16T08:52:46.660+0000] {dag.py:3340} INFO - Setting next_dagrun for example_external_task_marker_child to None, run_after=None
[2025-03-16T08:52:46.666+0000] {logging_mixin.py:120} INFO - [2025-03-16T08:52:46.666+0000] {dag.py:3340} INFO - Setting next_dagrun for example_external_task_marker_parent to None, run_after=None
[2025-03-16T08:52:46.707+0000] {processor.py:176} INFO - Processing /home/airflow/.local/lib/python3.7/site-packages/airflow/example_dags/example_external_task_marker_dag.py took 0.635 seconds
[2025-03-16T08:53:16.892+0000] {processor.py:154} INFO - Started process (PID=2517) to work on /home/airflow/.local/lib/python3.7/site-packages/airflow/example_dags/example_external_task_marker_dag.py
[2025-03-16T08:53:16.895+0000] {processor.py:756} INFO - Processing file /home/airflow/.local/lib/python3.7/site-packages/airflow/example_dags/example_external_task_marker_dag.py for tasks to queue
[2025-03-16T08:53:16.899+0000] {logging_mixin.py:120} INFO - [2025-03-16T08:53:16.899+0000] {dagbag.py:537} INFO - Filling up the DagBag from /home/airflow/.local/lib/python3.7/site-packages/airflow/example_dags/example_external_task_marker_dag.py
[2025-03-16T08:53:16.925+0000] {processor.py:766} INFO - DAG(s) dict_keys(['example_external_task_marker_child', 'example_external_task_marker_parent']) retrieved from /home/airflow/.local/lib/python3.7/site-packages/airflow/example_dags/example_external_task_marker_dag.py
[2025-03-16T08:53:17.313+0000] {logging_mixin.py:120} INFO - [2025-03-16T08:53:17.313+0000] {dag.py:2585} INFO - Sync 2 DAGs
[2025-03-16T08:53:17.345+0000] {logging_mixin.py:120} INFO - [2025-03-16T08:53:17.345+0000] {dag.py:3340} INFO - Setting next_dagrun for example_external_task_marker_child to None, run_after=None
[2025-03-16T08:53:17.350+0000] {logging_mixin.py:120} INFO - [2025-03-16T08:53:17.350+0000] {dag.py:3340} INFO - Setting next_dagrun for example_external_task_marker_parent to None, run_after=None
[2025-03-16T08:53:17.372+0000] {processor.py:176} INFO - Processing /home/airflow/.local/lib/python3.7/site-packages/airflow/example_dags/example_external_task_marker_dag.py took 0.498 seconds
[2025-03-16T08:53:47.433+0000] {processor.py:154} INFO - Started process (PID=2572) to work on /home/airflow/.local/lib/python3.7/site-packages/airflow/example_dags/example_external_task_marker_dag.py
[2025-03-16T08:53:47.434+0000] {processor.py:756} INFO - Processing file /home/airflow/.local/lib/python3.7/site-packages/airflow/example_dags/example_external_task_marker_dag.py for tasks to queue
[2025-03-16T08:53:47.435+0000] {logging_mixin.py:120} INFO - [2025-03-16T08:53:47.435+0000] {dagbag.py:537} INFO - Filling up the DagBag from /home/airflow/.local/lib/python3.7/site-packages/airflow/example_dags/example_external_task_marker_dag.py
[2025-03-16T08:53:47.475+0000] {processor.py:766} INFO - DAG(s) dict_keys(['example_external_task_marker_parent', 'example_external_task_marker_child']) retrieved from /home/airflow/.local/lib/python3.7/site-packages/airflow/example_dags/example_external_task_marker_dag.py
[2025-03-16T08:53:48.076+0000] {logging_mixin.py:120} INFO - [2025-03-16T08:53:48.075+0000] {dag.py:2585} INFO - Sync 2 DAGs
[2025-03-16T08:53:48.121+0000] {logging_mixin.py:120} INFO - [2025-03-16T08:53:48.121+0000] {dag.py:3340} INFO - Setting next_dagrun for example_external_task_marker_child to None, run_after=None
[2025-03-16T08:53:48.128+0000] {logging_mixin.py:120} INFO - [2025-03-16T08:53:48.127+0000] {dag.py:3340} INFO - Setting next_dagrun for example_external_task_marker_parent to None, run_after=None
[2025-03-16T08:53:48.154+0000] {processor.py:176} INFO - Processing /home/airflow/.local/lib/python3.7/site-packages/airflow/example_dags/example_external_task_marker_dag.py took 0.727 seconds
[2025-03-16T08:54:18.319+0000] {processor.py:154} INFO - Started process (PID=2635) to work on /home/airflow/.local/lib/python3.7/site-packages/airflow/example_dags/example_external_task_marker_dag.py
[2025-03-16T08:54:18.321+0000] {processor.py:756} INFO - Processing file /home/airflow/.local/lib/python3.7/site-packages/airflow/example_dags/example_external_task_marker_dag.py for tasks to queue
[2025-03-16T08:54:18.324+0000] {logging_mixin.py:120} INFO - [2025-03-16T08:54:18.323+0000] {dagbag.py:537} INFO - Filling up the DagBag from /home/airflow/.local/lib/python3.7/site-packages/airflow/example_dags/example_external_task_marker_dag.py
[2025-03-16T08:54:18.359+0000] {processor.py:766} INFO - DAG(s) dict_keys(['example_external_task_marker_child', 'example_external_task_marker_parent']) retrieved from /home/airflow/.local/lib/python3.7/site-packages/airflow/example_dags/example_external_task_marker_dag.py
[2025-03-16T08:54:18.713+0000] {logging_mixin.py:120} INFO - [2025-03-16T08:54:18.713+0000] {dag.py:2585} INFO - Sync 2 DAGs
[2025-03-16T08:54:18.752+0000] {logging_mixin.py:120} INFO - [2025-03-16T08:54:18.752+0000] {dag.py:3340} INFO - Setting next_dagrun for example_external_task_marker_child to None, run_after=None
[2025-03-16T08:54:18.757+0000] {logging_mixin.py:120} INFO - [2025-03-16T08:54:18.756+0000] {dag.py:3340} INFO - Setting next_dagrun for example_external_task_marker_parent to None, run_after=None
[2025-03-16T08:54:18.778+0000] {processor.py:176} INFO - Processing /home/airflow/.local/lib/python3.7/site-packages/airflow/example_dags/example_external_task_marker_dag.py took 0.465 seconds
[2025-03-16T08:54:48.993+0000] {processor.py:154} INFO - Started process (PID=2695) to work on /home/airflow/.local/lib/python3.7/site-packages/airflow/example_dags/example_external_task_marker_dag.py
[2025-03-16T08:54:48.996+0000] {processor.py:756} INFO - Processing file /home/airflow/.local/lib/python3.7/site-packages/airflow/example_dags/example_external_task_marker_dag.py for tasks to queue
[2025-03-16T08:54:49.003+0000] {logging_mixin.py:120} INFO - [2025-03-16T08:54:48.999+0000] {dagbag.py:537} INFO - Filling up the DagBag from /home/airflow/.local/lib/python3.7/site-packages/airflow/example_dags/example_external_task_marker_dag.py
[2025-03-16T08:54:49.062+0000] {processor.py:766} INFO - DAG(s) dict_keys(['example_external_task_marker_parent', 'example_external_task_marker_child']) retrieved from /home/airflow/.local/lib/python3.7/site-packages/airflow/example_dags/example_external_task_marker_dag.py
[2025-03-16T08:54:49.718+0000] {logging_mixin.py:120} INFO - [2025-03-16T08:54:49.718+0000] {dag.py:2585} INFO - Sync 2 DAGs
[2025-03-16T08:54:49.775+0000] {logging_mixin.py:120} INFO - [2025-03-16T08:54:49.775+0000] {dag.py:3340} INFO - Setting next_dagrun for example_external_task_marker_child to None, run_after=None
[2025-03-16T08:54:49.783+0000] {logging_mixin.py:120} INFO - [2025-03-16T08:54:49.783+0000] {dag.py:3340} INFO - Setting next_dagrun for example_external_task_marker_parent to None, run_after=None
[2025-03-16T08:54:49.814+0000] {processor.py:176} INFO - Processing /home/airflow/.local/lib/python3.7/site-packages/airflow/example_dags/example_external_task_marker_dag.py took 0.831 seconds
[2025-03-16T08:55:19.967+0000] {processor.py:154} INFO - Started process (PID=2752) to work on /home/airflow/.local/lib/python3.7/site-packages/airflow/example_dags/example_external_task_marker_dag.py
[2025-03-16T08:55:19.968+0000] {processor.py:756} INFO - Processing file /home/airflow/.local/lib/python3.7/site-packages/airflow/example_dags/example_external_task_marker_dag.py for tasks to queue
[2025-03-16T08:55:19.969+0000] {logging_mixin.py:120} INFO - [2025-03-16T08:55:19.969+0000] {dagbag.py:537} INFO - Filling up the DagBag from /home/airflow/.local/lib/python3.7/site-packages/airflow/example_dags/example_external_task_marker_dag.py
[2025-03-16T08:55:19.989+0000] {processor.py:766} INFO - DAG(s) dict_keys(['example_external_task_marker_parent', 'example_external_task_marker_child']) retrieved from /home/airflow/.local/lib/python3.7/site-packages/airflow/example_dags/example_external_task_marker_dag.py
[2025-03-16T08:55:20.261+0000] {logging_mixin.py:120} INFO - [2025-03-16T08:55:20.261+0000] {dag.py:2585} INFO - Sync 2 DAGs
[2025-03-16T08:55:20.292+0000] {logging_mixin.py:120} INFO - [2025-03-16T08:55:20.292+0000] {dag.py:3340} INFO - Setting next_dagrun for example_external_task_marker_child to None, run_after=None
[2025-03-16T08:55:20.297+0000] {logging_mixin.py:120} INFO - [2025-03-16T08:55:20.297+0000] {dag.py:3340} INFO - Setting next_dagrun for example_external_task_marker_parent to None, run_after=None
[2025-03-16T08:55:20.316+0000] {processor.py:176} INFO - Processing /home/airflow/.local/lib/python3.7/site-packages/airflow/example_dags/example_external_task_marker_dag.py took 0.352 seconds
[2025-03-16T08:55:50.399+0000] {processor.py:154} INFO - Started process (PID=2804) to work on /home/airflow/.local/lib/python3.7/site-packages/airflow/example_dags/example_external_task_marker_dag.py
[2025-03-16T08:55:50.402+0000] {processor.py:756} INFO - Processing file /home/airflow/.local/lib/python3.7/site-packages/airflow/example_dags/example_external_task_marker_dag.py for tasks to queue
[2025-03-16T08:55:50.403+0000] {logging_mixin.py:120} INFO - [2025-03-16T08:55:50.403+0000] {dagbag.py:537} INFO - Filling up the DagBag from /home/airflow/.local/lib/python3.7/site-packages/airflow/example_dags/example_external_task_marker_dag.py
[2025-03-16T08:55:50.455+0000] {processor.py:766} INFO - DAG(s) dict_keys(['example_external_task_marker_child', 'example_external_task_marker_parent']) retrieved from /home/airflow/.local/lib/python3.7/site-packages/airflow/example_dags/example_external_task_marker_dag.py
[2025-03-16T08:55:51.203+0000] {logging_mixin.py:120} INFO - [2025-03-16T08:55:51.203+0000] {dag.py:2585} INFO - Sync 2 DAGs
[2025-03-16T08:55:51.253+0000] {logging_mixin.py:120} INFO - [2025-03-16T08:55:51.253+0000] {dag.py:3340} INFO - Setting next_dagrun for example_external_task_marker_child to None, run_after=None
[2025-03-16T08:55:51.265+0000] {logging_mixin.py:120} INFO - [2025-03-16T08:55:51.265+0000] {dag.py:3340} INFO - Setting next_dagrun for example_external_task_marker_parent to None, run_after=None
[2025-03-16T08:55:51.319+0000] {processor.py:176} INFO - Processing /home/airflow/.local/lib/python3.7/site-packages/airflow/example_dags/example_external_task_marker_dag.py took 0.935 seconds
[2025-03-16T08:56:22.197+0000] {processor.py:154} INFO - Started process (PID=2867) to work on /home/airflow/.local/lib/python3.7/site-packages/airflow/example_dags/example_external_task_marker_dag.py
[2025-03-16T08:56:22.201+0000] {processor.py:756} INFO - Processing file /home/airflow/.local/lib/python3.7/site-packages/airflow/example_dags/example_external_task_marker_dag.py for tasks to queue
[2025-03-16T08:56:22.202+0000] {logging_mixin.py:120} INFO - [2025-03-16T08:56:22.201+0000] {dagbag.py:537} INFO - Filling up the DagBag from /home/airflow/.local/lib/python3.7/site-packages/airflow/example_dags/example_external_task_marker_dag.py
[2025-03-16T08:56:22.244+0000] {processor.py:766} INFO - DAG(s) dict_keys(['example_external_task_marker_child', 'example_external_task_marker_parent']) retrieved from /home/airflow/.local/lib/python3.7/site-packages/airflow/example_dags/example_external_task_marker_dag.py
[2025-03-16T08:56:22.665+0000] {logging_mixin.py:120} INFO - [2025-03-16T08:56:22.664+0000] {dag.py:2585} INFO - Sync 2 DAGs
[2025-03-16T08:56:22.716+0000] {logging_mixin.py:120} INFO - [2025-03-16T08:56:22.716+0000] {dag.py:3340} INFO - Setting next_dagrun for example_external_task_marker_child to None, run_after=None
[2025-03-16T08:56:22.722+0000] {logging_mixin.py:120} INFO - [2025-03-16T08:56:22.722+0000] {dag.py:3340} INFO - Setting next_dagrun for example_external_task_marker_parent to None, run_after=None
[2025-03-16T08:56:22.752+0000] {processor.py:176} INFO - Processing /home/airflow/.local/lib/python3.7/site-packages/airflow/example_dags/example_external_task_marker_dag.py took 0.560 seconds
[2025-03-16T08:56:53.418+0000] {processor.py:154} INFO - Started process (PID=2930) to work on /home/airflow/.local/lib/python3.7/site-packages/airflow/example_dags/example_external_task_marker_dag.py
[2025-03-16T08:56:53.420+0000] {processor.py:756} INFO - Processing file /home/airflow/.local/lib/python3.7/site-packages/airflow/example_dags/example_external_task_marker_dag.py for tasks to queue
[2025-03-16T08:56:53.420+0000] {logging_mixin.py:120} INFO - [2025-03-16T08:56:53.420+0000] {dagbag.py:537} INFO - Filling up the DagBag from /home/airflow/.local/lib/python3.7/site-packages/airflow/example_dags/example_external_task_marker_dag.py
[2025-03-16T08:56:53.444+0000] {processor.py:766} INFO - DAG(s) dict_keys(['example_external_task_marker_child', 'example_external_task_marker_parent']) retrieved from /home/airflow/.local/lib/python3.7/site-packages/airflow/example_dags/example_external_task_marker_dag.py
[2025-03-16T08:56:53.862+0000] {logging_mixin.py:120} INFO - [2025-03-16T08:56:53.862+0000] {dag.py:2585} INFO - Sync 2 DAGs
[2025-03-16T08:56:53.909+0000] {logging_mixin.py:120} INFO - [2025-03-16T08:56:53.909+0000] {dag.py:3340} INFO - Setting next_dagrun for example_external_task_marker_child to None, run_after=None
[2025-03-16T08:56:53.914+0000] {logging_mixin.py:120} INFO - [2025-03-16T08:56:53.914+0000] {dag.py:3340} INFO - Setting next_dagrun for example_external_task_marker_parent to None, run_after=None
[2025-03-16T08:56:53.939+0000] {processor.py:176} INFO - Processing /home/airflow/.local/lib/python3.7/site-packages/airflow/example_dags/example_external_task_marker_dag.py took 0.526 seconds
