[2025-03-16T08:31:34.326+0000] {processor.py:154} INFO - Started process (PID=36) to work on /home/airflow/.local/lib/python3.7/site-packages/airflow/example_dags/example_xcom.py
[2025-03-16T08:31:34.327+0000] {processor.py:756} INFO - Processing file /home/airflow/.local/lib/python3.7/site-packages/airflow/example_dags/example_xcom.py for tasks to queue
[2025-03-16T08:31:34.328+0000] {logging_mixin.py:120} INFO - [2025-03-16T08:31:34.328+0000] {dagbag.py:537} INFO - Filling up the DagBag from /home/airflow/.local/lib/python3.7/site-packages/airflow/example_dags/example_xcom.py
[2025-03-16T08:31:34.370+0000] {processor.py:766} INFO - DAG(s) dict_keys(['example_xcom']) retrieved from /home/airflow/.local/lib/python3.7/site-packages/airflow/example_dags/example_xcom.py
[2025-03-16T08:31:34.769+0000] {logging_mixin.py:120} INFO - [2025-03-16T08:31:34.769+0000] {manager.py:507} INFO - Created Permission View: can read on DAG:example_xcom
[2025-03-16T08:31:34.815+0000] {logging_mixin.py:120} INFO - [2025-03-16T08:31:34.815+0000] {manager.py:507} INFO - Created Permission View: can edit on DAG:example_xcom
[2025-03-16T08:31:34.838+0000] {logging_mixin.py:120} INFO - [2025-03-16T08:31:34.838+0000] {manager.py:507} INFO - Created Permission View: can delete on DAG:example_xcom
[2025-03-16T08:31:34.838+0000] {logging_mixin.py:120} INFO - [2025-03-16T08:31:34.838+0000] {dag.py:2585} INFO - Sync 1 DAGs
[2025-03-16T08:31:34.885+0000] {logging_mixin.py:120} INFO - [2025-03-16T08:31:34.885+0000] {dag.py:2606} INFO - Creating ORM DAG for example_xcom
[2025-03-16T08:31:34.919+0000] {logging_mixin.py:120} INFO - [2025-03-16T08:31:34.919+0000] {dag.py:3340} INFO - Setting next_dagrun for example_xcom to 2021-01-01T00:00:00+00:00, run_after=2021-01-01T00:00:00+00:00
[2025-03-16T08:31:34.967+0000] {processor.py:176} INFO - Processing /home/airflow/.local/lib/python3.7/site-packages/airflow/example_dags/example_xcom.py took 0.645 seconds
[2025-03-16T08:32:05.021+0000] {processor.py:154} INFO - Started process (PID=90) to work on /home/airflow/.local/lib/python3.7/site-packages/airflow/example_dags/example_xcom.py
[2025-03-16T08:32:05.022+0000] {processor.py:756} INFO - Processing file /home/airflow/.local/lib/python3.7/site-packages/airflow/example_dags/example_xcom.py for tasks to queue
[2025-03-16T08:32:05.023+0000] {logging_mixin.py:120} INFO - [2025-03-16T08:32:05.023+0000] {dagbag.py:537} INFO - Filling up the DagBag from /home/airflow/.local/lib/python3.7/site-packages/airflow/example_dags/example_xcom.py
[2025-03-16T08:32:05.067+0000] {processor.py:766} INFO - DAG(s) dict_keys(['example_xcom']) retrieved from /home/airflow/.local/lib/python3.7/site-packages/airflow/example_dags/example_xcom.py
[2025-03-16T08:32:05.129+0000] {logging_mixin.py:120} INFO - [2025-03-16T08:32:05.129+0000] {dag.py:2585} INFO - Sync 1 DAGs
[2025-03-16T08:32:05.164+0000] {logging_mixin.py:120} INFO - [2025-03-16T08:32:05.164+0000] {dag.py:3340} INFO - Setting next_dagrun for example_xcom to 2021-01-01T00:00:00+00:00, run_after=2021-01-01T00:00:00+00:00
[2025-03-16T08:32:05.191+0000] {processor.py:176} INFO - Processing /home/airflow/.local/lib/python3.7/site-packages/airflow/example_dags/example_xcom.py took 0.175 seconds
[2025-03-16T08:32:35.750+0000] {processor.py:154} INFO - Started process (PID=154) to work on /home/airflow/.local/lib/python3.7/site-packages/airflow/example_dags/example_xcom.py
[2025-03-16T08:32:35.751+0000] {processor.py:756} INFO - Processing file /home/airflow/.local/lib/python3.7/site-packages/airflow/example_dags/example_xcom.py for tasks to queue
[2025-03-16T08:32:35.752+0000] {logging_mixin.py:120} INFO - [2025-03-16T08:32:35.751+0000] {dagbag.py:537} INFO - Filling up the DagBag from /home/airflow/.local/lib/python3.7/site-packages/airflow/example_dags/example_xcom.py
[2025-03-16T08:32:35.859+0000] {processor.py:766} INFO - DAG(s) dict_keys(['example_xcom']) retrieved from /home/airflow/.local/lib/python3.7/site-packages/airflow/example_dags/example_xcom.py
[2025-03-16T08:32:36.044+0000] {logging_mixin.py:120} INFO - [2025-03-16T08:32:36.043+0000] {dag.py:2585} INFO - Sync 1 DAGs
[2025-03-16T08:32:36.159+0000] {logging_mixin.py:120} INFO - [2025-03-16T08:32:36.158+0000] {dag.py:3340} INFO - Setting next_dagrun for example_xcom to 2021-01-01T00:00:00+00:00, run_after=2021-01-01T00:00:00+00:00
[2025-03-16T08:32:36.198+0000] {processor.py:176} INFO - Processing /home/airflow/.local/lib/python3.7/site-packages/airflow/example_dags/example_xcom.py took 0.463 seconds
[2025-03-16T08:33:07.065+0000] {processor.py:154} INFO - Started process (PID=207) to work on /home/airflow/.local/lib/python3.7/site-packages/airflow/example_dags/example_xcom.py
[2025-03-16T08:33:07.066+0000] {processor.py:756} INFO - Processing file /home/airflow/.local/lib/python3.7/site-packages/airflow/example_dags/example_xcom.py for tasks to queue
[2025-03-16T08:33:07.067+0000] {logging_mixin.py:120} INFO - [2025-03-16T08:33:07.067+0000] {dagbag.py:537} INFO - Filling up the DagBag from /home/airflow/.local/lib/python3.7/site-packages/airflow/example_dags/example_xcom.py
[2025-03-16T08:33:07.095+0000] {processor.py:766} INFO - DAG(s) dict_keys(['example_xcom']) retrieved from /home/airflow/.local/lib/python3.7/site-packages/airflow/example_dags/example_xcom.py
[2025-03-16T08:33:07.166+0000] {logging_mixin.py:120} INFO - [2025-03-16T08:33:07.165+0000] {dag.py:2585} INFO - Sync 1 DAGs
[2025-03-16T08:33:07.217+0000] {logging_mixin.py:120} INFO - [2025-03-16T08:33:07.217+0000] {dag.py:3340} INFO - Setting next_dagrun for example_xcom to 2021-01-01T00:00:00+00:00, run_after=2021-01-01T00:00:00+00:00
[2025-03-16T08:33:07.244+0000] {processor.py:176} INFO - Processing /home/airflow/.local/lib/python3.7/site-packages/airflow/example_dags/example_xcom.py took 0.183 seconds
[2025-03-16T08:33:38.360+0000] {processor.py:154} INFO - Started process (PID=270) to work on /home/airflow/.local/lib/python3.7/site-packages/airflow/example_dags/example_xcom.py
[2025-03-16T08:33:38.362+0000] {processor.py:756} INFO - Processing file /home/airflow/.local/lib/python3.7/site-packages/airflow/example_dags/example_xcom.py for tasks to queue
[2025-03-16T08:33:38.362+0000] {logging_mixin.py:120} INFO - [2025-03-16T08:33:38.362+0000] {dagbag.py:537} INFO - Filling up the DagBag from /home/airflow/.local/lib/python3.7/site-packages/airflow/example_dags/example_xcom.py
[2025-03-16T08:33:38.404+0000] {processor.py:766} INFO - DAG(s) dict_keys(['example_xcom']) retrieved from /home/airflow/.local/lib/python3.7/site-packages/airflow/example_dags/example_xcom.py
[2025-03-16T08:33:38.508+0000] {logging_mixin.py:120} INFO - [2025-03-16T08:33:38.507+0000] {dag.py:2585} INFO - Sync 1 DAGs
[2025-03-16T08:33:38.588+0000] {logging_mixin.py:120} INFO - [2025-03-16T08:33:38.587+0000] {dag.py:3340} INFO - Setting next_dagrun for example_xcom to 2021-01-01T00:00:00+00:00, run_after=2021-01-01T00:00:00+00:00
[2025-03-16T08:33:38.634+0000] {processor.py:176} INFO - Processing /home/airflow/.local/lib/python3.7/site-packages/airflow/example_dags/example_xcom.py took 0.280 seconds
[2025-03-16T08:34:08.916+0000] {processor.py:154} INFO - Started process (PID=325) to work on /home/airflow/.local/lib/python3.7/site-packages/airflow/example_dags/example_xcom.py
[2025-03-16T08:34:08.918+0000] {processor.py:756} INFO - Processing file /home/airflow/.local/lib/python3.7/site-packages/airflow/example_dags/example_xcom.py for tasks to queue
[2025-03-16T08:34:08.919+0000] {logging_mixin.py:120} INFO - [2025-03-16T08:34:08.918+0000] {dagbag.py:537} INFO - Filling up the DagBag from /home/airflow/.local/lib/python3.7/site-packages/airflow/example_dags/example_xcom.py
[2025-03-16T08:34:08.951+0000] {processor.py:766} INFO - DAG(s) dict_keys(['example_xcom']) retrieved from /home/airflow/.local/lib/python3.7/site-packages/airflow/example_dags/example_xcom.py
[2025-03-16T08:34:09.010+0000] {logging_mixin.py:120} INFO - [2025-03-16T08:34:09.010+0000] {dag.py:2585} INFO - Sync 1 DAGs
[2025-03-16T08:34:09.050+0000] {logging_mixin.py:120} INFO - [2025-03-16T08:34:09.049+0000] {dag.py:3340} INFO - Setting next_dagrun for example_xcom to 2021-01-01T00:00:00+00:00, run_after=2021-01-01T00:00:00+00:00
[2025-03-16T08:34:09.096+0000] {processor.py:176} INFO - Processing /home/airflow/.local/lib/python3.7/site-packages/airflow/example_dags/example_xcom.py took 0.184 seconds
[2025-03-16T08:34:39.406+0000] {processor.py:154} INFO - Started process (PID=385) to work on /home/airflow/.local/lib/python3.7/site-packages/airflow/example_dags/example_xcom.py
[2025-03-16T08:34:39.408+0000] {processor.py:756} INFO - Processing file /home/airflow/.local/lib/python3.7/site-packages/airflow/example_dags/example_xcom.py for tasks to queue
[2025-03-16T08:34:39.409+0000] {logging_mixin.py:120} INFO - [2025-03-16T08:34:39.409+0000] {dagbag.py:537} INFO - Filling up the DagBag from /home/airflow/.local/lib/python3.7/site-packages/airflow/example_dags/example_xcom.py
[2025-03-16T08:34:39.451+0000] {processor.py:766} INFO - DAG(s) dict_keys(['example_xcom']) retrieved from /home/airflow/.local/lib/python3.7/site-packages/airflow/example_dags/example_xcom.py
[2025-03-16T08:34:39.619+0000] {logging_mixin.py:120} INFO - [2025-03-16T08:34:39.618+0000] {dag.py:2585} INFO - Sync 1 DAGs
[2025-03-16T08:34:39.724+0000] {logging_mixin.py:120} INFO - [2025-03-16T08:34:39.724+0000] {dag.py:3340} INFO - Setting next_dagrun for example_xcom to 2021-01-01T00:00:00+00:00, run_after=2021-01-01T00:00:00+00:00
[2025-03-16T08:34:39.777+0000] {processor.py:176} INFO - Processing /home/airflow/.local/lib/python3.7/site-packages/airflow/example_dags/example_xcom.py took 0.376 seconds
[2025-03-16T08:35:10.452+0000] {processor.py:154} INFO - Started process (PID=441) to work on /home/airflow/.local/lib/python3.7/site-packages/airflow/example_dags/example_xcom.py
[2025-03-16T08:35:10.454+0000] {processor.py:756} INFO - Processing file /home/airflow/.local/lib/python3.7/site-packages/airflow/example_dags/example_xcom.py for tasks to queue
[2025-03-16T08:35:10.454+0000] {logging_mixin.py:120} INFO - [2025-03-16T08:35:10.454+0000] {dagbag.py:537} INFO - Filling up the DagBag from /home/airflow/.local/lib/python3.7/site-packages/airflow/example_dags/example_xcom.py
[2025-03-16T08:35:10.482+0000] {processor.py:766} INFO - DAG(s) dict_keys(['example_xcom']) retrieved from /home/airflow/.local/lib/python3.7/site-packages/airflow/example_dags/example_xcom.py
[2025-03-16T08:35:10.535+0000] {logging_mixin.py:120} INFO - [2025-03-16T08:35:10.535+0000] {dag.py:2585} INFO - Sync 1 DAGs
[2025-03-16T08:35:10.568+0000] {logging_mixin.py:120} INFO - [2025-03-16T08:35:10.568+0000] {dag.py:3340} INFO - Setting next_dagrun for example_xcom to 2021-01-01T00:00:00+00:00, run_after=2021-01-01T00:00:00+00:00
[2025-03-16T08:35:10.589+0000] {processor.py:176} INFO - Processing /home/airflow/.local/lib/python3.7/site-packages/airflow/example_dags/example_xcom.py took 0.141 seconds
[2025-03-16T08:35:40.764+0000] {processor.py:154} INFO - Started process (PID=495) to work on /home/airflow/.local/lib/python3.7/site-packages/airflow/example_dags/example_xcom.py
[2025-03-16T08:35:40.765+0000] {processor.py:756} INFO - Processing file /home/airflow/.local/lib/python3.7/site-packages/airflow/example_dags/example_xcom.py for tasks to queue
[2025-03-16T08:35:40.765+0000] {logging_mixin.py:120} INFO - [2025-03-16T08:35:40.765+0000] {dagbag.py:537} INFO - Filling up the DagBag from /home/airflow/.local/lib/python3.7/site-packages/airflow/example_dags/example_xcom.py
[2025-03-16T08:35:40.794+0000] {processor.py:766} INFO - DAG(s) dict_keys(['example_xcom']) retrieved from /home/airflow/.local/lib/python3.7/site-packages/airflow/example_dags/example_xcom.py
[2025-03-16T08:35:40.871+0000] {logging_mixin.py:120} INFO - [2025-03-16T08:35:40.871+0000] {dag.py:2585} INFO - Sync 1 DAGs
[2025-03-16T08:35:40.938+0000] {logging_mixin.py:120} INFO - [2025-03-16T08:35:40.937+0000] {dag.py:3340} INFO - Setting next_dagrun for example_xcom to 2021-01-01T00:00:00+00:00, run_after=2021-01-01T00:00:00+00:00
[2025-03-16T08:35:40.966+0000] {processor.py:176} INFO - Processing /home/airflow/.local/lib/python3.7/site-packages/airflow/example_dags/example_xcom.py took 0.207 seconds
[2025-03-16T08:36:11.010+0000] {processor.py:154} INFO - Started process (PID=558) to work on /home/airflow/.local/lib/python3.7/site-packages/airflow/example_dags/example_xcom.py
[2025-03-16T08:36:11.012+0000] {processor.py:756} INFO - Processing file /home/airflow/.local/lib/python3.7/site-packages/airflow/example_dags/example_xcom.py for tasks to queue
[2025-03-16T08:36:11.012+0000] {logging_mixin.py:120} INFO - [2025-03-16T08:36:11.012+0000] {dagbag.py:537} INFO - Filling up the DagBag from /home/airflow/.local/lib/python3.7/site-packages/airflow/example_dags/example_xcom.py
[2025-03-16T08:36:11.058+0000] {processor.py:766} INFO - DAG(s) dict_keys(['example_xcom']) retrieved from /home/airflow/.local/lib/python3.7/site-packages/airflow/example_dags/example_xcom.py
[2025-03-16T08:36:11.114+0000] {logging_mixin.py:120} INFO - [2025-03-16T08:36:11.114+0000] {dag.py:2585} INFO - Sync 1 DAGs
[2025-03-16T08:36:11.152+0000] {logging_mixin.py:120} INFO - [2025-03-16T08:36:11.152+0000] {dag.py:3340} INFO - Setting next_dagrun for example_xcom to 2021-01-01T00:00:00+00:00, run_after=2021-01-01T00:00:00+00:00
[2025-03-16T08:36:11.200+0000] {processor.py:176} INFO - Processing /home/airflow/.local/lib/python3.7/site-packages/airflow/example_dags/example_xcom.py took 0.194 seconds
[2025-03-16T08:36:41.849+0000] {processor.py:154} INFO - Started process (PID=612) to work on /home/airflow/.local/lib/python3.7/site-packages/airflow/example_dags/example_xcom.py
[2025-03-16T08:36:41.850+0000] {processor.py:756} INFO - Processing file /home/airflow/.local/lib/python3.7/site-packages/airflow/example_dags/example_xcom.py for tasks to queue
[2025-03-16T08:36:41.851+0000] {logging_mixin.py:120} INFO - [2025-03-16T08:36:41.851+0000] {dagbag.py:537} INFO - Filling up the DagBag from /home/airflow/.local/lib/python3.7/site-packages/airflow/example_dags/example_xcom.py
[2025-03-16T08:36:41.876+0000] {processor.py:766} INFO - DAG(s) dict_keys(['example_xcom']) retrieved from /home/airflow/.local/lib/python3.7/site-packages/airflow/example_dags/example_xcom.py
[2025-03-16T08:36:41.922+0000] {logging_mixin.py:120} INFO - [2025-03-16T08:36:41.921+0000] {dag.py:2585} INFO - Sync 1 DAGs
[2025-03-16T08:36:41.949+0000] {logging_mixin.py:120} INFO - [2025-03-16T08:36:41.949+0000] {dag.py:3340} INFO - Setting next_dagrun for example_xcom to 2021-01-01T00:00:00+00:00, run_after=2021-01-01T00:00:00+00:00
[2025-03-16T08:36:41.970+0000] {processor.py:176} INFO - Processing /home/airflow/.local/lib/python3.7/site-packages/airflow/example_dags/example_xcom.py took 0.125 seconds
[2025-03-16T08:37:12.379+0000] {processor.py:154} INFO - Started process (PID=674) to work on /home/airflow/.local/lib/python3.7/site-packages/airflow/example_dags/example_xcom.py
[2025-03-16T08:37:12.381+0000] {processor.py:756} INFO - Processing file /home/airflow/.local/lib/python3.7/site-packages/airflow/example_dags/example_xcom.py for tasks to queue
[2025-03-16T08:37:12.381+0000] {logging_mixin.py:120} INFO - [2025-03-16T08:37:12.381+0000] {dagbag.py:537} INFO - Filling up the DagBag from /home/airflow/.local/lib/python3.7/site-packages/airflow/example_dags/example_xcom.py
[2025-03-16T08:37:12.411+0000] {processor.py:766} INFO - DAG(s) dict_keys(['example_xcom']) retrieved from /home/airflow/.local/lib/python3.7/site-packages/airflow/example_dags/example_xcom.py
[2025-03-16T08:37:12.466+0000] {logging_mixin.py:120} INFO - [2025-03-16T08:37:12.465+0000] {dag.py:2585} INFO - Sync 1 DAGs
[2025-03-16T08:37:12.501+0000] {logging_mixin.py:120} INFO - [2025-03-16T08:37:12.501+0000] {dag.py:3340} INFO - Setting next_dagrun for example_xcom to 2021-01-01T00:00:00+00:00, run_after=2021-01-01T00:00:00+00:00
[2025-03-16T08:37:12.526+0000] {processor.py:176} INFO - Processing /home/airflow/.local/lib/python3.7/site-packages/airflow/example_dags/example_xcom.py took 0.151 seconds
[2025-03-16T08:37:43.372+0000] {processor.py:154} INFO - Started process (PID=728) to work on /home/airflow/.local/lib/python3.7/site-packages/airflow/example_dags/example_xcom.py
[2025-03-16T08:37:43.372+0000] {processor.py:756} INFO - Processing file /home/airflow/.local/lib/python3.7/site-packages/airflow/example_dags/example_xcom.py for tasks to queue
[2025-03-16T08:37:43.373+0000] {logging_mixin.py:120} INFO - [2025-03-16T08:37:43.373+0000] {dagbag.py:537} INFO - Filling up the DagBag from /home/airflow/.local/lib/python3.7/site-packages/airflow/example_dags/example_xcom.py
[2025-03-16T08:37:43.401+0000] {processor.py:766} INFO - DAG(s) dict_keys(['example_xcom']) retrieved from /home/airflow/.local/lib/python3.7/site-packages/airflow/example_dags/example_xcom.py
[2025-03-16T08:37:43.451+0000] {logging_mixin.py:120} INFO - [2025-03-16T08:37:43.451+0000] {dag.py:2585} INFO - Sync 1 DAGs
[2025-03-16T08:37:43.519+0000] {logging_mixin.py:120} INFO - [2025-03-16T08:37:43.518+0000] {dag.py:3340} INFO - Setting next_dagrun for example_xcom to 2021-01-01T00:00:00+00:00, run_after=2021-01-01T00:00:00+00:00
[2025-03-16T08:37:43.547+0000] {processor.py:176} INFO - Processing /home/airflow/.local/lib/python3.7/site-packages/airflow/example_dags/example_xcom.py took 0.180 seconds
[2025-03-16T08:38:13.875+0000] {processor.py:154} INFO - Started process (PID=792) to work on /home/airflow/.local/lib/python3.7/site-packages/airflow/example_dags/example_xcom.py
[2025-03-16T08:38:13.876+0000] {processor.py:756} INFO - Processing file /home/airflow/.local/lib/python3.7/site-packages/airflow/example_dags/example_xcom.py for tasks to queue
[2025-03-16T08:38:13.877+0000] {logging_mixin.py:120} INFO - [2025-03-16T08:38:13.877+0000] {dagbag.py:537} INFO - Filling up the DagBag from /home/airflow/.local/lib/python3.7/site-packages/airflow/example_dags/example_xcom.py
[2025-03-16T08:38:13.904+0000] {processor.py:766} INFO - DAG(s) dict_keys(['example_xcom']) retrieved from /home/airflow/.local/lib/python3.7/site-packages/airflow/example_dags/example_xcom.py
[2025-03-16T08:38:13.954+0000] {logging_mixin.py:120} INFO - [2025-03-16T08:38:13.954+0000] {dag.py:2585} INFO - Sync 1 DAGs
[2025-03-16T08:38:13.987+0000] {logging_mixin.py:120} INFO - [2025-03-16T08:38:13.986+0000] {dag.py:3340} INFO - Setting next_dagrun for example_xcom to 2021-01-01T00:00:00+00:00, run_after=2021-01-01T00:00:00+00:00
[2025-03-16T08:38:14.010+0000] {processor.py:176} INFO - Processing /home/airflow/.local/lib/python3.7/site-packages/airflow/example_dags/example_xcom.py took 0.139 seconds
[2025-03-16T08:38:44.335+0000] {processor.py:154} INFO - Started process (PID=846) to work on /home/airflow/.local/lib/python3.7/site-packages/airflow/example_dags/example_xcom.py
[2025-03-16T08:38:44.337+0000] {processor.py:756} INFO - Processing file /home/airflow/.local/lib/python3.7/site-packages/airflow/example_dags/example_xcom.py for tasks to queue
[2025-03-16T08:38:44.337+0000] {logging_mixin.py:120} INFO - [2025-03-16T08:38:44.337+0000] {dagbag.py:537} INFO - Filling up the DagBag from /home/airflow/.local/lib/python3.7/site-packages/airflow/example_dags/example_xcom.py
[2025-03-16T08:38:44.379+0000] {processor.py:766} INFO - DAG(s) dict_keys(['example_xcom']) retrieved from /home/airflow/.local/lib/python3.7/site-packages/airflow/example_dags/example_xcom.py
[2025-03-16T08:38:44.459+0000] {logging_mixin.py:120} INFO - [2025-03-16T08:38:44.459+0000] {dag.py:2585} INFO - Sync 1 DAGs
[2025-03-16T08:38:44.495+0000] {logging_mixin.py:120} INFO - [2025-03-16T08:38:44.495+0000] {dag.py:3340} INFO - Setting next_dagrun for example_xcom to 2021-01-01T00:00:00+00:00, run_after=2021-01-01T00:00:00+00:00
[2025-03-16T08:38:44.529+0000] {processor.py:176} INFO - Processing /home/airflow/.local/lib/python3.7/site-packages/airflow/example_dags/example_xcom.py took 0.200 seconds
[2025-03-16T08:39:14.969+0000] {processor.py:154} INFO - Started process (PID=909) to work on /home/airflow/.local/lib/python3.7/site-packages/airflow/example_dags/example_xcom.py
[2025-03-16T08:39:14.971+0000] {processor.py:756} INFO - Processing file /home/airflow/.local/lib/python3.7/site-packages/airflow/example_dags/example_xcom.py for tasks to queue
[2025-03-16T08:39:14.972+0000] {logging_mixin.py:120} INFO - [2025-03-16T08:39:14.972+0000] {dagbag.py:537} INFO - Filling up the DagBag from /home/airflow/.local/lib/python3.7/site-packages/airflow/example_dags/example_xcom.py
[2025-03-16T08:39:15.029+0000] {processor.py:766} INFO - DAG(s) dict_keys(['example_xcom']) retrieved from /home/airflow/.local/lib/python3.7/site-packages/airflow/example_dags/example_xcom.py
[2025-03-16T08:39:15.125+0000] {logging_mixin.py:120} INFO - [2025-03-16T08:39:15.125+0000] {dag.py:2585} INFO - Sync 1 DAGs
[2025-03-16T08:39:15.198+0000] {logging_mixin.py:120} INFO - [2025-03-16T08:39:15.198+0000] {dag.py:3340} INFO - Setting next_dagrun for example_xcom to 2021-01-01T00:00:00+00:00, run_after=2021-01-01T00:00:00+00:00
[2025-03-16T08:39:15.231+0000] {processor.py:176} INFO - Processing /home/airflow/.local/lib/python3.7/site-packages/airflow/example_dags/example_xcom.py took 0.267 seconds
[2025-03-16T08:39:45.482+0000] {processor.py:154} INFO - Started process (PID=963) to work on /home/airflow/.local/lib/python3.7/site-packages/airflow/example_dags/example_xcom.py
[2025-03-16T08:39:45.483+0000] {processor.py:756} INFO - Processing file /home/airflow/.local/lib/python3.7/site-packages/airflow/example_dags/example_xcom.py for tasks to queue
[2025-03-16T08:39:45.484+0000] {logging_mixin.py:120} INFO - [2025-03-16T08:39:45.483+0000] {dagbag.py:537} INFO - Filling up the DagBag from /home/airflow/.local/lib/python3.7/site-packages/airflow/example_dags/example_xcom.py
[2025-03-16T08:39:45.517+0000] {processor.py:766} INFO - DAG(s) dict_keys(['example_xcom']) retrieved from /home/airflow/.local/lib/python3.7/site-packages/airflow/example_dags/example_xcom.py
[2025-03-16T08:39:45.573+0000] {logging_mixin.py:120} INFO - [2025-03-16T08:39:45.573+0000] {dag.py:2585} INFO - Sync 1 DAGs
[2025-03-16T08:39:45.626+0000] {logging_mixin.py:120} INFO - [2025-03-16T08:39:45.626+0000] {dag.py:3340} INFO - Setting next_dagrun for example_xcom to 2021-01-01T00:00:00+00:00, run_after=2021-01-01T00:00:00+00:00
[2025-03-16T08:39:45.655+0000] {processor.py:176} INFO - Processing /home/airflow/.local/lib/python3.7/site-packages/airflow/example_dags/example_xcom.py took 0.178 seconds
[2025-03-16T08:40:16.596+0000] {processor.py:154} INFO - Started process (PID=1026) to work on /home/airflow/.local/lib/python3.7/site-packages/airflow/example_dags/example_xcom.py
[2025-03-16T08:40:16.601+0000] {processor.py:756} INFO - Processing file /home/airflow/.local/lib/python3.7/site-packages/airflow/example_dags/example_xcom.py for tasks to queue
[2025-03-16T08:40:16.602+0000] {logging_mixin.py:120} INFO - [2025-03-16T08:40:16.602+0000] {dagbag.py:537} INFO - Filling up the DagBag from /home/airflow/.local/lib/python3.7/site-packages/airflow/example_dags/example_xcom.py
[2025-03-16T08:40:16.679+0000] {processor.py:766} INFO - DAG(s) dict_keys(['example_xcom']) retrieved from /home/airflow/.local/lib/python3.7/site-packages/airflow/example_dags/example_xcom.py
[2025-03-16T08:40:16.750+0000] {logging_mixin.py:120} INFO - [2025-03-16T08:40:16.750+0000] {dag.py:2585} INFO - Sync 1 DAGs
[2025-03-16T08:40:16.798+0000] {logging_mixin.py:120} INFO - [2025-03-16T08:40:16.797+0000] {dag.py:3340} INFO - Setting next_dagrun for example_xcom to 2021-01-01T00:00:00+00:00, run_after=2021-01-01T00:00:00+00:00
[2025-03-16T08:40:16.830+0000] {processor.py:176} INFO - Processing /home/airflow/.local/lib/python3.7/site-packages/airflow/example_dags/example_xcom.py took 0.244 seconds
[2025-03-16T08:40:47.752+0000] {processor.py:154} INFO - Started process (PID=1080) to work on /home/airflow/.local/lib/python3.7/site-packages/airflow/example_dags/example_xcom.py
[2025-03-16T08:40:47.753+0000] {processor.py:756} INFO - Processing file /home/airflow/.local/lib/python3.7/site-packages/airflow/example_dags/example_xcom.py for tasks to queue
[2025-03-16T08:40:47.753+0000] {logging_mixin.py:120} INFO - [2025-03-16T08:40:47.753+0000] {dagbag.py:537} INFO - Filling up the DagBag from /home/airflow/.local/lib/python3.7/site-packages/airflow/example_dags/example_xcom.py
[2025-03-16T08:40:47.790+0000] {processor.py:766} INFO - DAG(s) dict_keys(['example_xcom']) retrieved from /home/airflow/.local/lib/python3.7/site-packages/airflow/example_dags/example_xcom.py
[2025-03-16T08:40:47.857+0000] {logging_mixin.py:120} INFO - [2025-03-16T08:40:47.857+0000] {dag.py:2585} INFO - Sync 1 DAGs
[2025-03-16T08:40:47.904+0000] {logging_mixin.py:120} INFO - [2025-03-16T08:40:47.904+0000] {dag.py:3340} INFO - Setting next_dagrun for example_xcom to 2021-01-01T00:00:00+00:00, run_after=2021-01-01T00:00:00+00:00
[2025-03-16T08:40:47.931+0000] {processor.py:176} INFO - Processing /home/airflow/.local/lib/python3.7/site-packages/airflow/example_dags/example_xcom.py took 0.184 seconds
[2025-03-16T08:41:18.918+0000] {processor.py:154} INFO - Started process (PID=1143) to work on /home/airflow/.local/lib/python3.7/site-packages/airflow/example_dags/example_xcom.py
[2025-03-16T08:41:18.921+0000] {processor.py:756} INFO - Processing file /home/airflow/.local/lib/python3.7/site-packages/airflow/example_dags/example_xcom.py for tasks to queue
[2025-03-16T08:41:18.922+0000] {logging_mixin.py:120} INFO - [2025-03-16T08:41:18.922+0000] {dagbag.py:537} INFO - Filling up the DagBag from /home/airflow/.local/lib/python3.7/site-packages/airflow/example_dags/example_xcom.py
[2025-03-16T08:41:19.006+0000] {processor.py:766} INFO - DAG(s) dict_keys(['example_xcom']) retrieved from /home/airflow/.local/lib/python3.7/site-packages/airflow/example_dags/example_xcom.py
[2025-03-16T08:41:19.143+0000] {logging_mixin.py:120} INFO - [2025-03-16T08:41:19.142+0000] {dag.py:2585} INFO - Sync 1 DAGs
[2025-03-16T08:41:19.235+0000] {logging_mixin.py:120} INFO - [2025-03-16T08:41:19.235+0000] {dag.py:3340} INFO - Setting next_dagrun for example_xcom to 2021-01-01T00:00:00+00:00, run_after=2021-01-01T00:00:00+00:00
[2025-03-16T08:41:19.298+0000] {processor.py:176} INFO - Processing /home/airflow/.local/lib/python3.7/site-packages/airflow/example_dags/example_xcom.py took 0.393 seconds
[2025-03-16T08:41:49.861+0000] {processor.py:154} INFO - Started process (PID=1197) to work on /home/airflow/.local/lib/python3.7/site-packages/airflow/example_dags/example_xcom.py
[2025-03-16T08:41:49.862+0000] {processor.py:756} INFO - Processing file /home/airflow/.local/lib/python3.7/site-packages/airflow/example_dags/example_xcom.py for tasks to queue
[2025-03-16T08:41:49.863+0000] {logging_mixin.py:120} INFO - [2025-03-16T08:41:49.862+0000] {dagbag.py:537} INFO - Filling up the DagBag from /home/airflow/.local/lib/python3.7/site-packages/airflow/example_dags/example_xcom.py
[2025-03-16T08:41:49.894+0000] {processor.py:766} INFO - DAG(s) dict_keys(['example_xcom']) retrieved from /home/airflow/.local/lib/python3.7/site-packages/airflow/example_dags/example_xcom.py
[2025-03-16T08:41:49.954+0000] {logging_mixin.py:120} INFO - [2025-03-16T08:41:49.954+0000] {dag.py:2585} INFO - Sync 1 DAGs
[2025-03-16T08:41:49.993+0000] {logging_mixin.py:120} INFO - [2025-03-16T08:41:49.993+0000] {dag.py:3340} INFO - Setting next_dagrun for example_xcom to 2021-01-01T00:00:00+00:00, run_after=2021-01-01T00:00:00+00:00
[2025-03-16T08:41:50.053+0000] {processor.py:176} INFO - Processing /home/airflow/.local/lib/python3.7/site-packages/airflow/example_dags/example_xcom.py took 0.196 seconds
[2025-03-16T08:42:20.986+0000] {processor.py:154} INFO - Started process (PID=1260) to work on /home/airflow/.local/lib/python3.7/site-packages/airflow/example_dags/example_xcom.py
[2025-03-16T08:42:20.988+0000] {processor.py:756} INFO - Processing file /home/airflow/.local/lib/python3.7/site-packages/airflow/example_dags/example_xcom.py for tasks to queue
[2025-03-16T08:42:20.989+0000] {logging_mixin.py:120} INFO - [2025-03-16T08:42:20.989+0000] {dagbag.py:537} INFO - Filling up the DagBag from /home/airflow/.local/lib/python3.7/site-packages/airflow/example_dags/example_xcom.py
[2025-03-16T08:42:21.079+0000] {processor.py:766} INFO - DAG(s) dict_keys(['example_xcom']) retrieved from /home/airflow/.local/lib/python3.7/site-packages/airflow/example_dags/example_xcom.py
[2025-03-16T08:42:21.204+0000] {logging_mixin.py:120} INFO - [2025-03-16T08:42:21.203+0000] {dag.py:2585} INFO - Sync 1 DAGs
[2025-03-16T08:42:21.296+0000] {logging_mixin.py:120} INFO - [2025-03-16T08:42:21.296+0000] {dag.py:3340} INFO - Setting next_dagrun for example_xcom to 2021-01-01T00:00:00+00:00, run_after=2021-01-01T00:00:00+00:00
[2025-03-16T08:42:21.364+0000] {processor.py:176} INFO - Processing /home/airflow/.local/lib/python3.7/site-packages/airflow/example_dags/example_xcom.py took 0.393 seconds
[2025-03-16T08:42:51.575+0000] {processor.py:154} INFO - Started process (PID=1314) to work on /home/airflow/.local/lib/python3.7/site-packages/airflow/example_dags/example_xcom.py
[2025-03-16T08:42:51.576+0000] {processor.py:756} INFO - Processing file /home/airflow/.local/lib/python3.7/site-packages/airflow/example_dags/example_xcom.py for tasks to queue
[2025-03-16T08:42:51.577+0000] {logging_mixin.py:120} INFO - [2025-03-16T08:42:51.577+0000] {dagbag.py:537} INFO - Filling up the DagBag from /home/airflow/.local/lib/python3.7/site-packages/airflow/example_dags/example_xcom.py
[2025-03-16T08:42:51.606+0000] {processor.py:766} INFO - DAG(s) dict_keys(['example_xcom']) retrieved from /home/airflow/.local/lib/python3.7/site-packages/airflow/example_dags/example_xcom.py
[2025-03-16T08:42:51.673+0000] {logging_mixin.py:120} INFO - [2025-03-16T08:42:51.672+0000] {dag.py:2585} INFO - Sync 1 DAGs
[2025-03-16T08:42:51.709+0000] {logging_mixin.py:120} INFO - [2025-03-16T08:42:51.709+0000] {dag.py:3340} INFO - Setting next_dagrun for example_xcom to 2021-01-01T00:00:00+00:00, run_after=2021-01-01T00:00:00+00:00
[2025-03-16T08:42:51.732+0000] {processor.py:176} INFO - Processing /home/airflow/.local/lib/python3.7/site-packages/airflow/example_dags/example_xcom.py took 0.163 seconds
[2025-03-16T08:43:22.890+0000] {processor.py:154} INFO - Started process (PID=1377) to work on /home/airflow/.local/lib/python3.7/site-packages/airflow/example_dags/example_xcom.py
[2025-03-16T08:43:22.893+0000] {processor.py:756} INFO - Processing file /home/airflow/.local/lib/python3.7/site-packages/airflow/example_dags/example_xcom.py for tasks to queue
[2025-03-16T08:43:22.894+0000] {logging_mixin.py:120} INFO - [2025-03-16T08:43:22.894+0000] {dagbag.py:537} INFO - Filling up the DagBag from /home/airflow/.local/lib/python3.7/site-packages/airflow/example_dags/example_xcom.py
[2025-03-16T08:43:22.943+0000] {processor.py:766} INFO - DAG(s) dict_keys(['example_xcom']) retrieved from /home/airflow/.local/lib/python3.7/site-packages/airflow/example_dags/example_xcom.py
[2025-03-16T08:43:23.030+0000] {logging_mixin.py:120} INFO - [2025-03-16T08:43:23.030+0000] {dag.py:2585} INFO - Sync 1 DAGs
[2025-03-16T08:43:23.089+0000] {logging_mixin.py:120} INFO - [2025-03-16T08:43:23.088+0000] {dag.py:3340} INFO - Setting next_dagrun for example_xcom to 2021-01-01T00:00:00+00:00, run_after=2021-01-01T00:00:00+00:00
[2025-03-16T08:43:23.121+0000] {processor.py:176} INFO - Processing /home/airflow/.local/lib/python3.7/site-packages/airflow/example_dags/example_xcom.py took 0.240 seconds
[2025-03-16T08:43:53.309+0000] {processor.py:154} INFO - Started process (PID=1431) to work on /home/airflow/.local/lib/python3.7/site-packages/airflow/example_dags/example_xcom.py
[2025-03-16T08:43:53.310+0000] {processor.py:756} INFO - Processing file /home/airflow/.local/lib/python3.7/site-packages/airflow/example_dags/example_xcom.py for tasks to queue
[2025-03-16T08:43:53.311+0000] {logging_mixin.py:120} INFO - [2025-03-16T08:43:53.311+0000] {dagbag.py:537} INFO - Filling up the DagBag from /home/airflow/.local/lib/python3.7/site-packages/airflow/example_dags/example_xcom.py
[2025-03-16T08:43:53.339+0000] {processor.py:766} INFO - DAG(s) dict_keys(['example_xcom']) retrieved from /home/airflow/.local/lib/python3.7/site-packages/airflow/example_dags/example_xcom.py
[2025-03-16T08:43:53.404+0000] {logging_mixin.py:120} INFO - [2025-03-16T08:43:53.404+0000] {dag.py:2585} INFO - Sync 1 DAGs
[2025-03-16T08:43:53.438+0000] {logging_mixin.py:120} INFO - [2025-03-16T08:43:53.438+0000] {dag.py:3340} INFO - Setting next_dagrun for example_xcom to 2021-01-01T00:00:00+00:00, run_after=2021-01-01T00:00:00+00:00
[2025-03-16T08:43:53.461+0000] {processor.py:176} INFO - Processing /home/airflow/.local/lib/python3.7/site-packages/airflow/example_dags/example_xcom.py took 0.156 seconds
[2025-03-16T08:44:23.656+0000] {processor.py:154} INFO - Started process (PID=1493) to work on /home/airflow/.local/lib/python3.7/site-packages/airflow/example_dags/example_xcom.py
[2025-03-16T08:44:23.658+0000] {processor.py:756} INFO - Processing file /home/airflow/.local/lib/python3.7/site-packages/airflow/example_dags/example_xcom.py for tasks to queue
[2025-03-16T08:44:23.658+0000] {logging_mixin.py:120} INFO - [2025-03-16T08:44:23.658+0000] {dagbag.py:537} INFO - Filling up the DagBag from /home/airflow/.local/lib/python3.7/site-packages/airflow/example_dags/example_xcom.py
[2025-03-16T08:44:23.701+0000] {processor.py:766} INFO - DAG(s) dict_keys(['example_xcom']) retrieved from /home/airflow/.local/lib/python3.7/site-packages/airflow/example_dags/example_xcom.py
[2025-03-16T08:44:23.780+0000] {logging_mixin.py:120} INFO - [2025-03-16T08:44:23.779+0000] {dag.py:2585} INFO - Sync 1 DAGs
[2025-03-16T08:44:23.832+0000] {logging_mixin.py:120} INFO - [2025-03-16T08:44:23.832+0000] {dag.py:3340} INFO - Setting next_dagrun for example_xcom to 2021-01-01T00:00:00+00:00, run_after=2021-01-01T00:00:00+00:00
[2025-03-16T08:44:23.869+0000] {processor.py:176} INFO - Processing /home/airflow/.local/lib/python3.7/site-packages/airflow/example_dags/example_xcom.py took 0.219 seconds
[2025-03-16T08:44:54.696+0000] {processor.py:154} INFO - Started process (PID=1549) to work on /home/airflow/.local/lib/python3.7/site-packages/airflow/example_dags/example_xcom.py
[2025-03-16T08:44:54.696+0000] {processor.py:756} INFO - Processing file /home/airflow/.local/lib/python3.7/site-packages/airflow/example_dags/example_xcom.py for tasks to queue
[2025-03-16T08:44:54.697+0000] {logging_mixin.py:120} INFO - [2025-03-16T08:44:54.697+0000] {dagbag.py:537} INFO - Filling up the DagBag from /home/airflow/.local/lib/python3.7/site-packages/airflow/example_dags/example_xcom.py
[2025-03-16T08:44:54.731+0000] {processor.py:766} INFO - DAG(s) dict_keys(['example_xcom']) retrieved from /home/airflow/.local/lib/python3.7/site-packages/airflow/example_dags/example_xcom.py
[2025-03-16T08:44:54.789+0000] {logging_mixin.py:120} INFO - [2025-03-16T08:44:54.788+0000] {dag.py:2585} INFO - Sync 1 DAGs
[2025-03-16T08:44:54.830+0000] {logging_mixin.py:120} INFO - [2025-03-16T08:44:54.829+0000] {dag.py:3340} INFO - Setting next_dagrun for example_xcom to 2021-01-01T00:00:00+00:00, run_after=2021-01-01T00:00:00+00:00
[2025-03-16T08:44:54.872+0000] {processor.py:176} INFO - Processing /home/airflow/.local/lib/python3.7/site-packages/airflow/example_dags/example_xcom.py took 0.182 seconds
[2025-03-16T08:45:25.234+0000] {processor.py:154} INFO - Started process (PID=1610) to work on /home/airflow/.local/lib/python3.7/site-packages/airflow/example_dags/example_xcom.py
[2025-03-16T08:45:25.238+0000] {processor.py:756} INFO - Processing file /home/airflow/.local/lib/python3.7/site-packages/airflow/example_dags/example_xcom.py for tasks to queue
[2025-03-16T08:45:25.239+0000] {logging_mixin.py:120} INFO - [2025-03-16T08:45:25.239+0000] {dagbag.py:537} INFO - Filling up the DagBag from /home/airflow/.local/lib/python3.7/site-packages/airflow/example_dags/example_xcom.py
[2025-03-16T08:45:25.321+0000] {processor.py:766} INFO - DAG(s) dict_keys(['example_xcom']) retrieved from /home/airflow/.local/lib/python3.7/site-packages/airflow/example_dags/example_xcom.py
[2025-03-16T08:45:25.416+0000] {logging_mixin.py:120} INFO - [2025-03-16T08:45:25.416+0000] {dag.py:2585} INFO - Sync 1 DAGs
[2025-03-16T08:45:25.526+0000] {logging_mixin.py:120} INFO - [2025-03-16T08:45:25.523+0000] {dag.py:3340} INFO - Setting next_dagrun for example_xcom to 2021-01-01T00:00:00+00:00, run_after=2021-01-01T00:00:00+00:00
[2025-03-16T08:45:25.565+0000] {processor.py:176} INFO - Processing /home/airflow/.local/lib/python3.7/site-packages/airflow/example_dags/example_xcom.py took 0.343 seconds
[2025-03-16T08:45:56.148+0000] {processor.py:154} INFO - Started process (PID=1666) to work on /home/airflow/.local/lib/python3.7/site-packages/airflow/example_dags/example_xcom.py
[2025-03-16T08:45:56.149+0000] {processor.py:756} INFO - Processing file /home/airflow/.local/lib/python3.7/site-packages/airflow/example_dags/example_xcom.py for tasks to queue
[2025-03-16T08:45:56.149+0000] {logging_mixin.py:120} INFO - [2025-03-16T08:45:56.149+0000] {dagbag.py:537} INFO - Filling up the DagBag from /home/airflow/.local/lib/python3.7/site-packages/airflow/example_dags/example_xcom.py
[2025-03-16T08:45:56.195+0000] {processor.py:766} INFO - DAG(s) dict_keys(['example_xcom']) retrieved from /home/airflow/.local/lib/python3.7/site-packages/airflow/example_dags/example_xcom.py
[2025-03-16T08:45:56.279+0000] {logging_mixin.py:120} INFO - [2025-03-16T08:45:56.278+0000] {dag.py:2585} INFO - Sync 1 DAGs
[2025-03-16T08:45:56.313+0000] {logging_mixin.py:120} INFO - [2025-03-16T08:45:56.313+0000] {dag.py:3340} INFO - Setting next_dagrun for example_xcom to 2021-01-01T00:00:00+00:00, run_after=2021-01-01T00:00:00+00:00
[2025-03-16T08:45:56.352+0000] {processor.py:176} INFO - Processing /home/airflow/.local/lib/python3.7/site-packages/airflow/example_dags/example_xcom.py took 0.209 seconds
[2025-03-16T08:46:27.303+0000] {processor.py:154} INFO - Started process (PID=1727) to work on /home/airflow/.local/lib/python3.7/site-packages/airflow/example_dags/example_xcom.py
[2025-03-16T08:46:27.305+0000] {processor.py:756} INFO - Processing file /home/airflow/.local/lib/python3.7/site-packages/airflow/example_dags/example_xcom.py for tasks to queue
[2025-03-16T08:46:27.306+0000] {logging_mixin.py:120} INFO - [2025-03-16T08:46:27.306+0000] {dagbag.py:537} INFO - Filling up the DagBag from /home/airflow/.local/lib/python3.7/site-packages/airflow/example_dags/example_xcom.py
[2025-03-16T08:46:27.346+0000] {processor.py:766} INFO - DAG(s) dict_keys(['example_xcom']) retrieved from /home/airflow/.local/lib/python3.7/site-packages/airflow/example_dags/example_xcom.py
[2025-03-16T08:46:27.420+0000] {logging_mixin.py:120} INFO - [2025-03-16T08:46:27.420+0000] {dag.py:2585} INFO - Sync 1 DAGs
[2025-03-16T08:46:27.466+0000] {logging_mixin.py:120} INFO - [2025-03-16T08:46:27.466+0000] {dag.py:3340} INFO - Setting next_dagrun for example_xcom to 2021-01-01T00:00:00+00:00, run_after=2021-01-01T00:00:00+00:00
[2025-03-16T08:46:27.494+0000] {processor.py:176} INFO - Processing /home/airflow/.local/lib/python3.7/site-packages/airflow/example_dags/example_xcom.py took 0.199 seconds
[2025-03-16T08:46:57.579+0000] {processor.py:154} INFO - Started process (PID=1783) to work on /home/airflow/.local/lib/python3.7/site-packages/airflow/example_dags/example_xcom.py
[2025-03-16T08:46:57.581+0000] {processor.py:756} INFO - Processing file /home/airflow/.local/lib/python3.7/site-packages/airflow/example_dags/example_xcom.py for tasks to queue
[2025-03-16T08:46:57.582+0000] {logging_mixin.py:120} INFO - [2025-03-16T08:46:57.581+0000] {dagbag.py:537} INFO - Filling up the DagBag from /home/airflow/.local/lib/python3.7/site-packages/airflow/example_dags/example_xcom.py
[2025-03-16T08:46:57.611+0000] {processor.py:766} INFO - DAG(s) dict_keys(['example_xcom']) retrieved from /home/airflow/.local/lib/python3.7/site-packages/airflow/example_dags/example_xcom.py
[2025-03-16T08:46:57.661+0000] {logging_mixin.py:120} INFO - [2025-03-16T08:46:57.661+0000] {dag.py:2585} INFO - Sync 1 DAGs
[2025-03-16T08:46:57.699+0000] {logging_mixin.py:120} INFO - [2025-03-16T08:46:57.699+0000] {dag.py:3340} INFO - Setting next_dagrun for example_xcom to 2021-01-01T00:00:00+00:00, run_after=2021-01-01T00:00:00+00:00
[2025-03-16T08:46:57.725+0000] {processor.py:176} INFO - Processing /home/airflow/.local/lib/python3.7/site-packages/airflow/example_dags/example_xcom.py took 0.150 seconds
[2025-03-16T08:47:28.470+0000] {processor.py:154} INFO - Started process (PID=1837) to work on /home/airflow/.local/lib/python3.7/site-packages/airflow/example_dags/example_xcom.py
[2025-03-16T08:47:28.471+0000] {processor.py:756} INFO - Processing file /home/airflow/.local/lib/python3.7/site-packages/airflow/example_dags/example_xcom.py for tasks to queue
[2025-03-16T08:47:28.473+0000] {logging_mixin.py:120} INFO - [2025-03-16T08:47:28.472+0000] {dagbag.py:537} INFO - Filling up the DagBag from /home/airflow/.local/lib/python3.7/site-packages/airflow/example_dags/example_xcom.py
[2025-03-16T08:47:28.502+0000] {processor.py:766} INFO - DAG(s) dict_keys(['example_xcom']) retrieved from /home/airflow/.local/lib/python3.7/site-packages/airflow/example_dags/example_xcom.py
[2025-03-16T08:47:28.553+0000] {logging_mixin.py:120} INFO - [2025-03-16T08:47:28.552+0000] {dag.py:2585} INFO - Sync 1 DAGs
[2025-03-16T08:47:28.589+0000] {logging_mixin.py:120} INFO - [2025-03-16T08:47:28.589+0000] {dag.py:3340} INFO - Setting next_dagrun for example_xcom to 2021-01-01T00:00:00+00:00, run_after=2021-01-01T00:00:00+00:00
[2025-03-16T08:47:28.636+0000] {processor.py:176} INFO - Processing /home/airflow/.local/lib/python3.7/site-packages/airflow/example_dags/example_xcom.py took 0.170 seconds
[2025-03-16T08:47:58.829+0000] {processor.py:154} INFO - Started process (PID=1900) to work on /home/airflow/.local/lib/python3.7/site-packages/airflow/example_dags/example_xcom.py
[2025-03-16T08:47:58.831+0000] {processor.py:756} INFO - Processing file /home/airflow/.local/lib/python3.7/site-packages/airflow/example_dags/example_xcom.py for tasks to queue
[2025-03-16T08:47:58.831+0000] {logging_mixin.py:120} INFO - [2025-03-16T08:47:58.831+0000] {dagbag.py:537} INFO - Filling up the DagBag from /home/airflow/.local/lib/python3.7/site-packages/airflow/example_dags/example_xcom.py
[2025-03-16T08:47:58.858+0000] {processor.py:766} INFO - DAG(s) dict_keys(['example_xcom']) retrieved from /home/airflow/.local/lib/python3.7/site-packages/airflow/example_dags/example_xcom.py
[2025-03-16T08:47:58.919+0000] {logging_mixin.py:120} INFO - [2025-03-16T08:47:58.919+0000] {dag.py:2585} INFO - Sync 1 DAGs
[2025-03-16T08:47:58.967+0000] {logging_mixin.py:120} INFO - [2025-03-16T08:47:58.967+0000] {dag.py:3340} INFO - Setting next_dagrun for example_xcom to 2021-01-01T00:00:00+00:00, run_after=2021-01-01T00:00:00+00:00
[2025-03-16T08:47:58.989+0000] {processor.py:176} INFO - Processing /home/airflow/.local/lib/python3.7/site-packages/airflow/example_dags/example_xcom.py took 0.164 seconds
[2025-03-16T08:48:30.033+0000] {processor.py:154} INFO - Started process (PID=1954) to work on /home/airflow/.local/lib/python3.7/site-packages/airflow/example_dags/example_xcom.py
[2025-03-16T08:48:30.035+0000] {processor.py:756} INFO - Processing file /home/airflow/.local/lib/python3.7/site-packages/airflow/example_dags/example_xcom.py for tasks to queue
[2025-03-16T08:48:30.036+0000] {logging_mixin.py:120} INFO - [2025-03-16T08:48:30.036+0000] {dagbag.py:537} INFO - Filling up the DagBag from /home/airflow/.local/lib/python3.7/site-packages/airflow/example_dags/example_xcom.py
[2025-03-16T08:48:30.066+0000] {processor.py:766} INFO - DAG(s) dict_keys(['example_xcom']) retrieved from /home/airflow/.local/lib/python3.7/site-packages/airflow/example_dags/example_xcom.py
[2025-03-16T08:48:30.128+0000] {logging_mixin.py:120} INFO - [2025-03-16T08:48:30.128+0000] {dag.py:2585} INFO - Sync 1 DAGs
[2025-03-16T08:48:30.163+0000] {logging_mixin.py:120} INFO - [2025-03-16T08:48:30.162+0000] {dag.py:3340} INFO - Setting next_dagrun for example_xcom to 2021-01-01T00:00:00+00:00, run_after=2021-01-01T00:00:00+00:00
[2025-03-16T08:48:30.186+0000] {processor.py:176} INFO - Processing /home/airflow/.local/lib/python3.7/site-packages/airflow/example_dags/example_xcom.py took 0.156 seconds
[2025-03-16T08:49:00.817+0000] {processor.py:154} INFO - Started process (PID=2016) to work on /home/airflow/.local/lib/python3.7/site-packages/airflow/example_dags/example_xcom.py
[2025-03-16T08:49:00.822+0000] {processor.py:756} INFO - Processing file /home/airflow/.local/lib/python3.7/site-packages/airflow/example_dags/example_xcom.py for tasks to queue
[2025-03-16T08:49:00.823+0000] {logging_mixin.py:120} INFO - [2025-03-16T08:49:00.823+0000] {dagbag.py:537} INFO - Filling up the DagBag from /home/airflow/.local/lib/python3.7/site-packages/airflow/example_dags/example_xcom.py
[2025-03-16T08:49:00.889+0000] {processor.py:766} INFO - DAG(s) dict_keys(['example_xcom']) retrieved from /home/airflow/.local/lib/python3.7/site-packages/airflow/example_dags/example_xcom.py
[2025-03-16T08:49:00.972+0000] {logging_mixin.py:120} INFO - [2025-03-16T08:49:00.972+0000] {dag.py:2585} INFO - Sync 1 DAGs
[2025-03-16T08:49:01.028+0000] {logging_mixin.py:120} INFO - [2025-03-16T08:49:01.028+0000] {dag.py:3340} INFO - Setting next_dagrun for example_xcom to 2021-01-01T00:00:00+00:00, run_after=2021-01-01T00:00:00+00:00
[2025-03-16T08:49:01.060+0000] {processor.py:176} INFO - Processing /home/airflow/.local/lib/python3.7/site-packages/airflow/example_dags/example_xcom.py took 0.254 seconds
[2025-03-16T08:49:31.661+0000] {processor.py:154} INFO - Started process (PID=2080) to work on /home/airflow/.local/lib/python3.7/site-packages/airflow/example_dags/example_xcom.py
[2025-03-16T08:49:31.663+0000] {processor.py:756} INFO - Processing file /home/airflow/.local/lib/python3.7/site-packages/airflow/example_dags/example_xcom.py for tasks to queue
[2025-03-16T08:49:31.663+0000] {logging_mixin.py:120} INFO - [2025-03-16T08:49:31.663+0000] {dagbag.py:537} INFO - Filling up the DagBag from /home/airflow/.local/lib/python3.7/site-packages/airflow/example_dags/example_xcom.py
[2025-03-16T08:49:31.752+0000] {processor.py:766} INFO - DAG(s) dict_keys(['example_xcom']) retrieved from /home/airflow/.local/lib/python3.7/site-packages/airflow/example_dags/example_xcom.py
[2025-03-16T08:49:31.845+0000] {logging_mixin.py:120} INFO - [2025-03-16T08:49:31.844+0000] {dag.py:2585} INFO - Sync 1 DAGs
[2025-03-16T08:49:31.918+0000] {logging_mixin.py:120} INFO - [2025-03-16T08:49:31.918+0000] {dag.py:3340} INFO - Setting next_dagrun for example_xcom to 2021-01-01T00:00:00+00:00, run_after=2021-01-01T00:00:00+00:00
[2025-03-16T08:49:31.976+0000] {processor.py:176} INFO - Processing /home/airflow/.local/lib/python3.7/site-packages/airflow/example_dags/example_xcom.py took 0.328 seconds
[2025-03-16T08:50:02.244+0000] {processor.py:154} INFO - Started process (PID=2134) to work on /home/airflow/.local/lib/python3.7/site-packages/airflow/example_dags/example_xcom.py
[2025-03-16T08:50:02.246+0000] {processor.py:756} INFO - Processing file /home/airflow/.local/lib/python3.7/site-packages/airflow/example_dags/example_xcom.py for tasks to queue
[2025-03-16T08:50:02.247+0000] {logging_mixin.py:120} INFO - [2025-03-16T08:50:02.247+0000] {dagbag.py:537} INFO - Filling up the DagBag from /home/airflow/.local/lib/python3.7/site-packages/airflow/example_dags/example_xcom.py
[2025-03-16T08:50:02.309+0000] {processor.py:766} INFO - DAG(s) dict_keys(['example_xcom']) retrieved from /home/airflow/.local/lib/python3.7/site-packages/airflow/example_dags/example_xcom.py
[2025-03-16T08:50:02.404+0000] {logging_mixin.py:120} INFO - [2025-03-16T08:50:02.403+0000] {dag.py:2585} INFO - Sync 1 DAGs
[2025-03-16T08:50:02.454+0000] {logging_mixin.py:120} INFO - [2025-03-16T08:50:02.454+0000] {dag.py:3340} INFO - Setting next_dagrun for example_xcom to 2021-01-01T00:00:00+00:00, run_after=2021-01-01T00:00:00+00:00
[2025-03-16T08:50:02.489+0000] {processor.py:176} INFO - Processing /home/airflow/.local/lib/python3.7/site-packages/airflow/example_dags/example_xcom.py took 0.251 seconds
[2025-03-16T08:50:32.692+0000] {processor.py:154} INFO - Started process (PID=2197) to work on /home/airflow/.local/lib/python3.7/site-packages/airflow/example_dags/example_xcom.py
[2025-03-16T08:50:32.698+0000] {processor.py:756} INFO - Processing file /home/airflow/.local/lib/python3.7/site-packages/airflow/example_dags/example_xcom.py for tasks to queue
[2025-03-16T08:50:32.699+0000] {logging_mixin.py:120} INFO - [2025-03-16T08:50:32.699+0000] {dagbag.py:537} INFO - Filling up the DagBag from /home/airflow/.local/lib/python3.7/site-packages/airflow/example_dags/example_xcom.py
[2025-03-16T08:50:32.743+0000] {processor.py:766} INFO - DAG(s) dict_keys(['example_xcom']) retrieved from /home/airflow/.local/lib/python3.7/site-packages/airflow/example_dags/example_xcom.py
[2025-03-16T08:50:32.845+0000] {logging_mixin.py:120} INFO - [2025-03-16T08:50:32.845+0000] {dag.py:2585} INFO - Sync 1 DAGs
[2025-03-16T08:50:32.948+0000] {logging_mixin.py:120} INFO - [2025-03-16T08:50:32.947+0000] {dag.py:3340} INFO - Setting next_dagrun for example_xcom to 2021-01-01T00:00:00+00:00, run_after=2021-01-01T00:00:00+00:00
[2025-03-16T08:50:33.018+0000] {processor.py:176} INFO - Processing /home/airflow/.local/lib/python3.7/site-packages/airflow/example_dags/example_xcom.py took 0.340 seconds
[2025-03-16T08:51:03.820+0000] {processor.py:154} INFO - Started process (PID=2251) to work on /home/airflow/.local/lib/python3.7/site-packages/airflow/example_dags/example_xcom.py
[2025-03-16T08:51:03.821+0000] {processor.py:756} INFO - Processing file /home/airflow/.local/lib/python3.7/site-packages/airflow/example_dags/example_xcom.py for tasks to queue
[2025-03-16T08:51:03.822+0000] {logging_mixin.py:120} INFO - [2025-03-16T08:51:03.822+0000] {dagbag.py:537} INFO - Filling up the DagBag from /home/airflow/.local/lib/python3.7/site-packages/airflow/example_dags/example_xcom.py
[2025-03-16T08:51:03.860+0000] {processor.py:766} INFO - DAG(s) dict_keys(['example_xcom']) retrieved from /home/airflow/.local/lib/python3.7/site-packages/airflow/example_dags/example_xcom.py
[2025-03-16T08:51:03.922+0000] {logging_mixin.py:120} INFO - [2025-03-16T08:51:03.922+0000] {dag.py:2585} INFO - Sync 1 DAGs
[2025-03-16T08:51:03.957+0000] {logging_mixin.py:120} INFO - [2025-03-16T08:51:03.957+0000] {dag.py:3340} INFO - Setting next_dagrun for example_xcom to 2021-01-01T00:00:00+00:00, run_after=2021-01-01T00:00:00+00:00
[2025-03-16T08:51:03.983+0000] {processor.py:176} INFO - Processing /home/airflow/.local/lib/python3.7/site-packages/airflow/example_dags/example_xcom.py took 0.168 seconds
[2025-03-16T08:51:34.347+0000] {processor.py:154} INFO - Started process (PID=2314) to work on /home/airflow/.local/lib/python3.7/site-packages/airflow/example_dags/example_xcom.py
[2025-03-16T08:51:34.351+0000] {processor.py:756} INFO - Processing file /home/airflow/.local/lib/python3.7/site-packages/airflow/example_dags/example_xcom.py for tasks to queue
[2025-03-16T08:51:34.352+0000] {logging_mixin.py:120} INFO - [2025-03-16T08:51:34.352+0000] {dagbag.py:537} INFO - Filling up the DagBag from /home/airflow/.local/lib/python3.7/site-packages/airflow/example_dags/example_xcom.py
[2025-03-16T08:51:34.397+0000] {processor.py:766} INFO - DAG(s) dict_keys(['example_xcom']) retrieved from /home/airflow/.local/lib/python3.7/site-packages/airflow/example_dags/example_xcom.py
[2025-03-16T08:51:34.475+0000] {logging_mixin.py:120} INFO - [2025-03-16T08:51:34.475+0000] {dag.py:2585} INFO - Sync 1 DAGs
[2025-03-16T08:51:34.563+0000] {logging_mixin.py:120} INFO - [2025-03-16T08:51:34.563+0000] {dag.py:3340} INFO - Setting next_dagrun for example_xcom to 2021-01-01T00:00:00+00:00, run_after=2021-01-01T00:00:00+00:00
[2025-03-16T08:51:34.636+0000] {processor.py:176} INFO - Processing /home/airflow/.local/lib/python3.7/site-packages/airflow/example_dags/example_xcom.py took 0.301 seconds
[2025-03-16T08:52:05.351+0000] {processor.py:154} INFO - Started process (PID=2368) to work on /home/airflow/.local/lib/python3.7/site-packages/airflow/example_dags/example_xcom.py
[2025-03-16T08:52:05.353+0000] {processor.py:756} INFO - Processing file /home/airflow/.local/lib/python3.7/site-packages/airflow/example_dags/example_xcom.py for tasks to queue
[2025-03-16T08:52:05.354+0000] {logging_mixin.py:120} INFO - [2025-03-16T08:52:05.354+0000] {dagbag.py:537} INFO - Filling up the DagBag from /home/airflow/.local/lib/python3.7/site-packages/airflow/example_dags/example_xcom.py
[2025-03-16T08:52:05.431+0000] {processor.py:766} INFO - DAG(s) dict_keys(['example_xcom']) retrieved from /home/airflow/.local/lib/python3.7/site-packages/airflow/example_dags/example_xcom.py
[2025-03-16T08:52:05.504+0000] {logging_mixin.py:120} INFO - [2025-03-16T08:52:05.503+0000] {dag.py:2585} INFO - Sync 1 DAGs
[2025-03-16T08:52:05.546+0000] {logging_mixin.py:120} INFO - [2025-03-16T08:52:05.546+0000] {dag.py:3340} INFO - Setting next_dagrun for example_xcom to 2021-01-01T00:00:00+00:00, run_after=2021-01-01T00:00:00+00:00
[2025-03-16T08:52:05.574+0000] {processor.py:176} INFO - Processing /home/airflow/.local/lib/python3.7/site-packages/airflow/example_dags/example_xcom.py took 0.227 seconds
[2025-03-16T08:52:36.230+0000] {processor.py:154} INFO - Started process (PID=2432) to work on /home/airflow/.local/lib/python3.7/site-packages/airflow/example_dags/example_xcom.py
[2025-03-16T08:52:36.232+0000] {processor.py:756} INFO - Processing file /home/airflow/.local/lib/python3.7/site-packages/airflow/example_dags/example_xcom.py for tasks to queue
[2025-03-16T08:52:36.233+0000] {logging_mixin.py:120} INFO - [2025-03-16T08:52:36.232+0000] {dagbag.py:537} INFO - Filling up the DagBag from /home/airflow/.local/lib/python3.7/site-packages/airflow/example_dags/example_xcom.py
[2025-03-16T08:52:36.274+0000] {processor.py:766} INFO - DAG(s) dict_keys(['example_xcom']) retrieved from /home/airflow/.local/lib/python3.7/site-packages/airflow/example_dags/example_xcom.py
[2025-03-16T08:52:36.346+0000] {logging_mixin.py:120} INFO - [2025-03-16T08:52:36.345+0000] {dag.py:2585} INFO - Sync 1 DAGs
[2025-03-16T08:52:36.405+0000] {logging_mixin.py:120} INFO - [2025-03-16T08:52:36.405+0000] {dag.py:3340} INFO - Setting next_dagrun for example_xcom to 2021-01-01T00:00:00+00:00, run_after=2021-01-01T00:00:00+00:00
[2025-03-16T08:52:36.451+0000] {processor.py:176} INFO - Processing /home/airflow/.local/lib/python3.7/site-packages/airflow/example_dags/example_xcom.py took 0.227 seconds
[2025-03-16T08:53:07.237+0000] {processor.py:154} INFO - Started process (PID=2486) to work on /home/airflow/.local/lib/python3.7/site-packages/airflow/example_dags/example_xcom.py
[2025-03-16T08:53:07.239+0000] {processor.py:756} INFO - Processing file /home/airflow/.local/lib/python3.7/site-packages/airflow/example_dags/example_xcom.py for tasks to queue
[2025-03-16T08:53:07.240+0000] {logging_mixin.py:120} INFO - [2025-03-16T08:53:07.240+0000] {dagbag.py:537} INFO - Filling up the DagBag from /home/airflow/.local/lib/python3.7/site-packages/airflow/example_dags/example_xcom.py
[2025-03-16T08:53:07.276+0000] {processor.py:766} INFO - DAG(s) dict_keys(['example_xcom']) retrieved from /home/airflow/.local/lib/python3.7/site-packages/airflow/example_dags/example_xcom.py
[2025-03-16T08:53:07.334+0000] {logging_mixin.py:120} INFO - [2025-03-16T08:53:07.334+0000] {dag.py:2585} INFO - Sync 1 DAGs
[2025-03-16T08:53:07.372+0000] {logging_mixin.py:120} INFO - [2025-03-16T08:53:07.372+0000] {dag.py:3340} INFO - Setting next_dagrun for example_xcom to 2021-01-01T00:00:00+00:00, run_after=2021-01-01T00:00:00+00:00
[2025-03-16T08:53:07.420+0000] {processor.py:176} INFO - Processing /home/airflow/.local/lib/python3.7/site-packages/airflow/example_dags/example_xcom.py took 0.190 seconds
[2025-03-16T08:53:37.998+0000] {processor.py:154} INFO - Started process (PID=2550) to work on /home/airflow/.local/lib/python3.7/site-packages/airflow/example_dags/example_xcom.py
[2025-03-16T08:53:38.000+0000] {processor.py:756} INFO - Processing file /home/airflow/.local/lib/python3.7/site-packages/airflow/example_dags/example_xcom.py for tasks to queue
[2025-03-16T08:53:38.004+0000] {logging_mixin.py:120} INFO - [2025-03-16T08:53:38.004+0000] {dagbag.py:537} INFO - Filling up the DagBag from /home/airflow/.local/lib/python3.7/site-packages/airflow/example_dags/example_xcom.py
[2025-03-16T08:53:38.045+0000] {processor.py:766} INFO - DAG(s) dict_keys(['example_xcom']) retrieved from /home/airflow/.local/lib/python3.7/site-packages/airflow/example_dags/example_xcom.py
[2025-03-16T08:53:38.128+0000] {logging_mixin.py:120} INFO - [2025-03-16T08:53:38.128+0000] {dag.py:2585} INFO - Sync 1 DAGs
[2025-03-16T08:53:38.177+0000] {logging_mixin.py:120} INFO - [2025-03-16T08:53:38.177+0000] {dag.py:3340} INFO - Setting next_dagrun for example_xcom to 2021-01-01T00:00:00+00:00, run_after=2021-01-01T00:00:00+00:00
[2025-03-16T08:53:38.205+0000] {processor.py:176} INFO - Processing /home/airflow/.local/lib/python3.7/site-packages/airflow/example_dags/example_xcom.py took 0.212 seconds
[2025-03-16T08:54:08.741+0000] {processor.py:154} INFO - Started process (PID=2604) to work on /home/airflow/.local/lib/python3.7/site-packages/airflow/example_dags/example_xcom.py
[2025-03-16T08:54:08.743+0000] {processor.py:756} INFO - Processing file /home/airflow/.local/lib/python3.7/site-packages/airflow/example_dags/example_xcom.py for tasks to queue
[2025-03-16T08:54:08.744+0000] {logging_mixin.py:120} INFO - [2025-03-16T08:54:08.743+0000] {dagbag.py:537} INFO - Filling up the DagBag from /home/airflow/.local/lib/python3.7/site-packages/airflow/example_dags/example_xcom.py
[2025-03-16T08:54:08.771+0000] {processor.py:766} INFO - DAG(s) dict_keys(['example_xcom']) retrieved from /home/airflow/.local/lib/python3.7/site-packages/airflow/example_dags/example_xcom.py
[2025-03-16T08:54:08.837+0000] {logging_mixin.py:120} INFO - [2025-03-16T08:54:08.837+0000] {dag.py:2585} INFO - Sync 1 DAGs
[2025-03-16T08:54:08.868+0000] {logging_mixin.py:120} INFO - [2025-03-16T08:54:08.868+0000] {dag.py:3340} INFO - Setting next_dagrun for example_xcom to 2021-01-01T00:00:00+00:00, run_after=2021-01-01T00:00:00+00:00
[2025-03-16T08:54:08.895+0000] {processor.py:176} INFO - Processing /home/airflow/.local/lib/python3.7/site-packages/airflow/example_dags/example_xcom.py took 0.158 seconds
[2025-03-16T08:54:39.635+0000] {processor.py:154} INFO - Started process (PID=2666) to work on /home/airflow/.local/lib/python3.7/site-packages/airflow/example_dags/example_xcom.py
[2025-03-16T08:54:39.636+0000] {processor.py:756} INFO - Processing file /home/airflow/.local/lib/python3.7/site-packages/airflow/example_dags/example_xcom.py for tasks to queue
[2025-03-16T08:54:39.637+0000] {logging_mixin.py:120} INFO - [2025-03-16T08:54:39.637+0000] {dagbag.py:537} INFO - Filling up the DagBag from /home/airflow/.local/lib/python3.7/site-packages/airflow/example_dags/example_xcom.py
[2025-03-16T08:54:39.690+0000] {processor.py:766} INFO - DAG(s) dict_keys(['example_xcom']) retrieved from /home/airflow/.local/lib/python3.7/site-packages/airflow/example_dags/example_xcom.py
[2025-03-16T08:54:39.784+0000] {logging_mixin.py:120} INFO - [2025-03-16T08:54:39.784+0000] {dag.py:2585} INFO - Sync 1 DAGs
[2025-03-16T08:54:39.852+0000] {logging_mixin.py:120} INFO - [2025-03-16T08:54:39.851+0000] {dag.py:3340} INFO - Setting next_dagrun for example_xcom to 2021-01-01T00:00:00+00:00, run_after=2021-01-01T00:00:00+00:00
[2025-03-16T08:54:39.885+0000] {processor.py:176} INFO - Processing /home/airflow/.local/lib/python3.7/site-packages/airflow/example_dags/example_xcom.py took 0.257 seconds
[2025-03-16T08:55:09.967+0000] {processor.py:154} INFO - Started process (PID=2720) to work on /home/airflow/.local/lib/python3.7/site-packages/airflow/example_dags/example_xcom.py
[2025-03-16T08:55:09.969+0000] {processor.py:756} INFO - Processing file /home/airflow/.local/lib/python3.7/site-packages/airflow/example_dags/example_xcom.py for tasks to queue
[2025-03-16T08:55:09.969+0000] {logging_mixin.py:120} INFO - [2025-03-16T08:55:09.969+0000] {dagbag.py:537} INFO - Filling up the DagBag from /home/airflow/.local/lib/python3.7/site-packages/airflow/example_dags/example_xcom.py
[2025-03-16T08:55:10.013+0000] {processor.py:766} INFO - DAG(s) dict_keys(['example_xcom']) retrieved from /home/airflow/.local/lib/python3.7/site-packages/airflow/example_dags/example_xcom.py
[2025-03-16T08:55:10.066+0000] {logging_mixin.py:120} INFO - [2025-03-16T08:55:10.065+0000] {dag.py:2585} INFO - Sync 1 DAGs
[2025-03-16T08:55:10.100+0000] {logging_mixin.py:120} INFO - [2025-03-16T08:55:10.099+0000] {dag.py:3340} INFO - Setting next_dagrun for example_xcom to 2021-01-01T00:00:00+00:00, run_after=2021-01-01T00:00:00+00:00
[2025-03-16T08:55:10.123+0000] {processor.py:176} INFO - Processing /home/airflow/.local/lib/python3.7/site-packages/airflow/example_dags/example_xcom.py took 0.160 seconds
[2025-03-16T08:55:40.539+0000] {processor.py:154} INFO - Started process (PID=2782) to work on /home/airflow/.local/lib/python3.7/site-packages/airflow/example_dags/example_xcom.py
[2025-03-16T08:55:40.541+0000] {processor.py:756} INFO - Processing file /home/airflow/.local/lib/python3.7/site-packages/airflow/example_dags/example_xcom.py for tasks to queue
[2025-03-16T08:55:40.542+0000] {logging_mixin.py:120} INFO - [2025-03-16T08:55:40.542+0000] {dagbag.py:537} INFO - Filling up the DagBag from /home/airflow/.local/lib/python3.7/site-packages/airflow/example_dags/example_xcom.py
[2025-03-16T08:55:40.586+0000] {processor.py:766} INFO - DAG(s) dict_keys(['example_xcom']) retrieved from /home/airflow/.local/lib/python3.7/site-packages/airflow/example_dags/example_xcom.py
[2025-03-16T08:55:40.637+0000] {logging_mixin.py:120} INFO - [2025-03-16T08:55:40.637+0000] {dag.py:2585} INFO - Sync 1 DAGs
[2025-03-16T08:55:40.667+0000] {logging_mixin.py:120} INFO - [2025-03-16T08:55:40.667+0000] {dag.py:3340} INFO - Setting next_dagrun for example_xcom to 2021-01-01T00:00:00+00:00, run_after=2021-01-01T00:00:00+00:00
[2025-03-16T08:55:40.690+0000] {processor.py:176} INFO - Processing /home/airflow/.local/lib/python3.7/site-packages/airflow/example_dags/example_xcom.py took 0.155 seconds
[2025-03-16T08:56:11.067+0000] {processor.py:154} INFO - Started process (PID=2836) to work on /home/airflow/.local/lib/python3.7/site-packages/airflow/example_dags/example_xcom.py
[2025-03-16T08:56:11.068+0000] {processor.py:756} INFO - Processing file /home/airflow/.local/lib/python3.7/site-packages/airflow/example_dags/example_xcom.py for tasks to queue
[2025-03-16T08:56:11.069+0000] {logging_mixin.py:120} INFO - [2025-03-16T08:56:11.068+0000] {dagbag.py:537} INFO - Filling up the DagBag from /home/airflow/.local/lib/python3.7/site-packages/airflow/example_dags/example_xcom.py
[2025-03-16T08:56:11.111+0000] {processor.py:766} INFO - DAG(s) dict_keys(['example_xcom']) retrieved from /home/airflow/.local/lib/python3.7/site-packages/airflow/example_dags/example_xcom.py
[2025-03-16T08:56:11.164+0000] {logging_mixin.py:120} INFO - [2025-03-16T08:56:11.164+0000] {dag.py:2585} INFO - Sync 1 DAGs
[2025-03-16T08:56:11.194+0000] {logging_mixin.py:120} INFO - [2025-03-16T08:56:11.194+0000] {dag.py:3340} INFO - Setting next_dagrun for example_xcom to 2021-01-01T00:00:00+00:00, run_after=2021-01-01T00:00:00+00:00
[2025-03-16T08:56:11.218+0000] {processor.py:176} INFO - Processing /home/airflow/.local/lib/python3.7/site-packages/airflow/example_dags/example_xcom.py took 0.155 seconds
[2025-03-16T08:56:41.742+0000] {processor.py:154} INFO - Started process (PID=2899) to work on /home/airflow/.local/lib/python3.7/site-packages/airflow/example_dags/example_xcom.py
[2025-03-16T08:56:41.743+0000] {processor.py:756} INFO - Processing file /home/airflow/.local/lib/python3.7/site-packages/airflow/example_dags/example_xcom.py for tasks to queue
[2025-03-16T08:56:41.744+0000] {logging_mixin.py:120} INFO - [2025-03-16T08:56:41.743+0000] {dagbag.py:537} INFO - Filling up the DagBag from /home/airflow/.local/lib/python3.7/site-packages/airflow/example_dags/example_xcom.py
[2025-03-16T08:56:41.770+0000] {processor.py:766} INFO - DAG(s) dict_keys(['example_xcom']) retrieved from /home/airflow/.local/lib/python3.7/site-packages/airflow/example_dags/example_xcom.py
[2025-03-16T08:56:41.818+0000] {logging_mixin.py:120} INFO - [2025-03-16T08:56:41.818+0000] {dag.py:2585} INFO - Sync 1 DAGs
[2025-03-16T08:56:41.869+0000] {logging_mixin.py:120} INFO - [2025-03-16T08:56:41.868+0000] {dag.py:3340} INFO - Setting next_dagrun for example_xcom to 2021-01-01T00:00:00+00:00, run_after=2021-01-01T00:00:00+00:00
[2025-03-16T08:56:41.902+0000] {processor.py:176} INFO - Processing /home/airflow/.local/lib/python3.7/site-packages/airflow/example_dags/example_xcom.py took 0.164 seconds
