[2025-03-16T08:31:36.166+0000] {processor.py:154} INFO - Started process (PID=41) to work on /home/airflow/.local/lib/python3.7/site-packages/airflow/example_dags/example_bash_operator.py
[2025-03-16T08:31:36.167+0000] {processor.py:756} INFO - Processing file /home/airflow/.local/lib/python3.7/site-packages/airflow/example_dags/example_bash_operator.py for tasks to queue
[2025-03-16T08:31:36.168+0000] {logging_mixin.py:120} INFO - [2025-03-16T08:31:36.168+0000] {dagbag.py:537} INFO - Filling up the DagBag from /home/airflow/.local/lib/python3.7/site-packages/airflow/example_dags/example_bash_operator.py
[2025-03-16T08:31:36.202+0000] {processor.py:766} INFO - DAG(s) dict_keys(['example_bash_operator']) retrieved from /home/airflow/.local/lib/python3.7/site-packages/airflow/example_dags/example_bash_operator.py
[2025-03-16T08:31:36.480+0000] {logging_mixin.py:120} INFO - [2025-03-16T08:31:36.480+0000] {manager.py:507} INFO - Created Permission View: can read on DAG:example_bash_operator
[2025-03-16T08:31:36.506+0000] {logging_mixin.py:120} INFO - [2025-03-16T08:31:36.506+0000] {manager.py:507} INFO - Created Permission View: can edit on DAG:example_bash_operator
[2025-03-16T08:31:36.526+0000] {logging_mixin.py:120} INFO - [2025-03-16T08:31:36.526+0000] {manager.py:507} INFO - Created Permission View: can delete on DAG:example_bash_operator
[2025-03-16T08:31:36.526+0000] {logging_mixin.py:120} INFO - [2025-03-16T08:31:36.526+0000] {dag.py:2585} INFO - Sync 1 DAGs
[2025-03-16T08:31:36.565+0000] {logging_mixin.py:120} INFO - [2025-03-16T08:31:36.565+0000] {dag.py:2606} INFO - Creating ORM DAG for example_bash_operator
[2025-03-16T08:31:36.610+0000] {logging_mixin.py:120} INFO - [2025-03-16T08:31:36.610+0000] {dag.py:3340} INFO - Setting next_dagrun for example_bash_operator to 2025-03-15T00:00:00+00:00, run_after=2025-03-16T00:00:00+00:00
[2025-03-16T08:31:36.671+0000] {processor.py:176} INFO - Processing /home/airflow/.local/lib/python3.7/site-packages/airflow/example_dags/example_bash_operator.py took 0.510 seconds
[2025-03-16T08:32:07.532+0000] {processor.py:154} INFO - Started process (PID=95) to work on /home/airflow/.local/lib/python3.7/site-packages/airflow/example_dags/example_bash_operator.py
[2025-03-16T08:32:07.535+0000] {processor.py:756} INFO - Processing file /home/airflow/.local/lib/python3.7/site-packages/airflow/example_dags/example_bash_operator.py for tasks to queue
[2025-03-16T08:32:07.536+0000] {logging_mixin.py:120} INFO - [2025-03-16T08:32:07.536+0000] {dagbag.py:537} INFO - Filling up the DagBag from /home/airflow/.local/lib/python3.7/site-packages/airflow/example_dags/example_bash_operator.py
[2025-03-16T08:32:07.578+0000] {processor.py:766} INFO - DAG(s) dict_keys(['example_bash_operator']) retrieved from /home/airflow/.local/lib/python3.7/site-packages/airflow/example_dags/example_bash_operator.py
[2025-03-16T08:32:07.672+0000] {logging_mixin.py:120} INFO - [2025-03-16T08:32:07.671+0000] {dag.py:2585} INFO - Sync 1 DAGs
[2025-03-16T08:32:07.728+0000] {logging_mixin.py:120} INFO - [2025-03-16T08:32:07.728+0000] {dag.py:3340} INFO - Setting next_dagrun for example_bash_operator to 2025-03-15T00:00:00+00:00, run_after=2025-03-16T00:00:00+00:00
[2025-03-16T08:32:07.762+0000] {processor.py:176} INFO - Processing /home/airflow/.local/lib/python3.7/site-packages/airflow/example_dags/example_bash_operator.py took 0.237 seconds
[2025-03-16T08:32:37.871+0000] {processor.py:154} INFO - Started process (PID=159) to work on /home/airflow/.local/lib/python3.7/site-packages/airflow/example_dags/example_bash_operator.py
[2025-03-16T08:32:37.879+0000] {processor.py:756} INFO - Processing file /home/airflow/.local/lib/python3.7/site-packages/airflow/example_dags/example_bash_operator.py for tasks to queue
[2025-03-16T08:32:37.884+0000] {logging_mixin.py:120} INFO - [2025-03-16T08:32:37.884+0000] {dagbag.py:537} INFO - Filling up the DagBag from /home/airflow/.local/lib/python3.7/site-packages/airflow/example_dags/example_bash_operator.py
[2025-03-16T08:32:37.973+0000] {processor.py:766} INFO - DAG(s) dict_keys(['example_bash_operator']) retrieved from /home/airflow/.local/lib/python3.7/site-packages/airflow/example_dags/example_bash_operator.py
[2025-03-16T08:32:38.219+0000] {logging_mixin.py:120} INFO - [2025-03-16T08:32:38.219+0000] {dag.py:2585} INFO - Sync 1 DAGs
[2025-03-16T08:32:38.298+0000] {logging_mixin.py:120} INFO - [2025-03-16T08:32:38.297+0000] {dag.py:3340} INFO - Setting next_dagrun for example_bash_operator to 2025-03-15T00:00:00+00:00, run_after=2025-03-16T00:00:00+00:00
[2025-03-16T08:32:38.354+0000] {processor.py:176} INFO - Processing /home/airflow/.local/lib/python3.7/site-packages/airflow/example_dags/example_bash_operator.py took 0.495 seconds
[2025-03-16T08:33:08.634+0000] {processor.py:154} INFO - Started process (PID=212) to work on /home/airflow/.local/lib/python3.7/site-packages/airflow/example_dags/example_bash_operator.py
[2025-03-16T08:33:08.636+0000] {processor.py:756} INFO - Processing file /home/airflow/.local/lib/python3.7/site-packages/airflow/example_dags/example_bash_operator.py for tasks to queue
[2025-03-16T08:33:08.637+0000] {logging_mixin.py:120} INFO - [2025-03-16T08:33:08.636+0000] {dagbag.py:537} INFO - Filling up the DagBag from /home/airflow/.local/lib/python3.7/site-packages/airflow/example_dags/example_bash_operator.py
[2025-03-16T08:33:08.690+0000] {processor.py:766} INFO - DAG(s) dict_keys(['example_bash_operator']) retrieved from /home/airflow/.local/lib/python3.7/site-packages/airflow/example_dags/example_bash_operator.py
[2025-03-16T08:33:08.790+0000] {logging_mixin.py:120} INFO - [2025-03-16T08:33:08.790+0000] {dag.py:2585} INFO - Sync 1 DAGs
[2025-03-16T08:33:08.845+0000] {logging_mixin.py:120} INFO - [2025-03-16T08:33:08.845+0000] {dag.py:3340} INFO - Setting next_dagrun for example_bash_operator to 2025-03-15T00:00:00+00:00, run_after=2025-03-16T00:00:00+00:00
[2025-03-16T08:33:08.880+0000] {processor.py:176} INFO - Processing /home/airflow/.local/lib/python3.7/site-packages/airflow/example_dags/example_bash_operator.py took 0.252 seconds
[2025-03-16T08:33:39.417+0000] {processor.py:154} INFO - Started process (PID=275) to work on /home/airflow/.local/lib/python3.7/site-packages/airflow/example_dags/example_bash_operator.py
[2025-03-16T08:33:39.419+0000] {processor.py:756} INFO - Processing file /home/airflow/.local/lib/python3.7/site-packages/airflow/example_dags/example_bash_operator.py for tasks to queue
[2025-03-16T08:33:39.420+0000] {logging_mixin.py:120} INFO - [2025-03-16T08:33:39.419+0000] {dagbag.py:537} INFO - Filling up the DagBag from /home/airflow/.local/lib/python3.7/site-packages/airflow/example_dags/example_bash_operator.py
[2025-03-16T08:33:39.489+0000] {processor.py:766} INFO - DAG(s) dict_keys(['example_bash_operator']) retrieved from /home/airflow/.local/lib/python3.7/site-packages/airflow/example_dags/example_bash_operator.py
[2025-03-16T08:33:39.674+0000] {logging_mixin.py:120} INFO - [2025-03-16T08:33:39.673+0000] {dag.py:2585} INFO - Sync 1 DAGs
[2025-03-16T08:33:39.783+0000] {logging_mixin.py:120} INFO - [2025-03-16T08:33:39.783+0000] {dag.py:3340} INFO - Setting next_dagrun for example_bash_operator to 2025-03-15T00:00:00+00:00, run_after=2025-03-16T00:00:00+00:00
[2025-03-16T08:33:39.853+0000] {processor.py:176} INFO - Processing /home/airflow/.local/lib/python3.7/site-packages/airflow/example_dags/example_bash_operator.py took 0.447 seconds
[2025-03-16T08:34:10.756+0000] {processor.py:154} INFO - Started process (PID=330) to work on /home/airflow/.local/lib/python3.7/site-packages/airflow/example_dags/example_bash_operator.py
[2025-03-16T08:34:10.760+0000] {processor.py:756} INFO - Processing file /home/airflow/.local/lib/python3.7/site-packages/airflow/example_dags/example_bash_operator.py for tasks to queue
[2025-03-16T08:34:10.761+0000] {logging_mixin.py:120} INFO - [2025-03-16T08:34:10.760+0000] {dagbag.py:537} INFO - Filling up the DagBag from /home/airflow/.local/lib/python3.7/site-packages/airflow/example_dags/example_bash_operator.py
[2025-03-16T08:34:10.809+0000] {processor.py:766} INFO - DAG(s) dict_keys(['example_bash_operator']) retrieved from /home/airflow/.local/lib/python3.7/site-packages/airflow/example_dags/example_bash_operator.py
[2025-03-16T08:34:10.913+0000] {logging_mixin.py:120} INFO - [2025-03-16T08:34:10.913+0000] {dag.py:2585} INFO - Sync 1 DAGs
[2025-03-16T08:34:11.003+0000] {logging_mixin.py:120} INFO - [2025-03-16T08:34:11.003+0000] {dag.py:3340} INFO - Setting next_dagrun for example_bash_operator to 2025-03-15T00:00:00+00:00, run_after=2025-03-16T00:00:00+00:00
[2025-03-16T08:34:11.042+0000] {processor.py:176} INFO - Processing /home/airflow/.local/lib/python3.7/site-packages/airflow/example_dags/example_bash_operator.py took 0.292 seconds
[2025-03-16T08:34:41.547+0000] {processor.py:154} INFO - Started process (PID=392) to work on /home/airflow/.local/lib/python3.7/site-packages/airflow/example_dags/example_bash_operator.py
[2025-03-16T08:34:41.548+0000] {processor.py:756} INFO - Processing file /home/airflow/.local/lib/python3.7/site-packages/airflow/example_dags/example_bash_operator.py for tasks to queue
[2025-03-16T08:34:41.549+0000] {logging_mixin.py:120} INFO - [2025-03-16T08:34:41.549+0000] {dagbag.py:537} INFO - Filling up the DagBag from /home/airflow/.local/lib/python3.7/site-packages/airflow/example_dags/example_bash_operator.py
[2025-03-16T08:34:41.593+0000] {processor.py:766} INFO - DAG(s) dict_keys(['example_bash_operator']) retrieved from /home/airflow/.local/lib/python3.7/site-packages/airflow/example_dags/example_bash_operator.py
[2025-03-16T08:34:41.727+0000] {logging_mixin.py:120} INFO - [2025-03-16T08:34:41.726+0000] {dag.py:2585} INFO - Sync 1 DAGs
[2025-03-16T08:34:41.803+0000] {logging_mixin.py:120} INFO - [2025-03-16T08:34:41.802+0000] {dag.py:3340} INFO - Setting next_dagrun for example_bash_operator to 2025-03-15T00:00:00+00:00, run_after=2025-03-16T00:00:00+00:00
[2025-03-16T08:34:41.860+0000] {processor.py:176} INFO - Processing /home/airflow/.local/lib/python3.7/site-packages/airflow/example_dags/example_bash_operator.py took 0.325 seconds
[2025-03-16T08:35:12.041+0000] {processor.py:154} INFO - Started process (PID=446) to work on /home/airflow/.local/lib/python3.7/site-packages/airflow/example_dags/example_bash_operator.py
[2025-03-16T08:35:12.049+0000] {processor.py:756} INFO - Processing file /home/airflow/.local/lib/python3.7/site-packages/airflow/example_dags/example_bash_operator.py for tasks to queue
[2025-03-16T08:35:12.050+0000] {logging_mixin.py:120} INFO - [2025-03-16T08:35:12.050+0000] {dagbag.py:537} INFO - Filling up the DagBag from /home/airflow/.local/lib/python3.7/site-packages/airflow/example_dags/example_bash_operator.py
[2025-03-16T08:35:12.101+0000] {processor.py:766} INFO - DAG(s) dict_keys(['example_bash_operator']) retrieved from /home/airflow/.local/lib/python3.7/site-packages/airflow/example_dags/example_bash_operator.py
[2025-03-16T08:35:12.186+0000] {logging_mixin.py:120} INFO - [2025-03-16T08:35:12.186+0000] {dag.py:2585} INFO - Sync 1 DAGs
[2025-03-16T08:35:12.235+0000] {logging_mixin.py:120} INFO - [2025-03-16T08:35:12.235+0000] {dag.py:3340} INFO - Setting next_dagrun for example_bash_operator to 2025-03-15T00:00:00+00:00, run_after=2025-03-16T00:00:00+00:00
[2025-03-16T08:35:12.264+0000] {processor.py:176} INFO - Processing /home/airflow/.local/lib/python3.7/site-packages/airflow/example_dags/example_bash_operator.py took 0.239 seconds
[2025-03-16T08:35:42.493+0000] {processor.py:154} INFO - Started process (PID=509) to work on /home/airflow/.local/lib/python3.7/site-packages/airflow/example_dags/example_bash_operator.py
[2025-03-16T08:35:42.498+0000] {processor.py:756} INFO - Processing file /home/airflow/.local/lib/python3.7/site-packages/airflow/example_dags/example_bash_operator.py for tasks to queue
[2025-03-16T08:35:42.499+0000] {logging_mixin.py:120} INFO - [2025-03-16T08:35:42.498+0000] {dagbag.py:537} INFO - Filling up the DagBag from /home/airflow/.local/lib/python3.7/site-packages/airflow/example_dags/example_bash_operator.py
[2025-03-16T08:35:42.573+0000] {processor.py:766} INFO - DAG(s) dict_keys(['example_bash_operator']) retrieved from /home/airflow/.local/lib/python3.7/site-packages/airflow/example_dags/example_bash_operator.py
[2025-03-16T08:35:42.715+0000] {logging_mixin.py:120} INFO - [2025-03-16T08:35:42.715+0000] {dag.py:2585} INFO - Sync 1 DAGs
[2025-03-16T08:35:42.761+0000] {logging_mixin.py:120} INFO - [2025-03-16T08:35:42.760+0000] {dag.py:3340} INFO - Setting next_dagrun for example_bash_operator to 2025-03-15T00:00:00+00:00, run_after=2025-03-16T00:00:00+00:00
[2025-03-16T08:35:42.801+0000] {processor.py:176} INFO - Processing /home/airflow/.local/lib/python3.7/site-packages/airflow/example_dags/example_bash_operator.py took 0.318 seconds
[2025-03-16T08:36:13.643+0000] {processor.py:154} INFO - Started process (PID=563) to work on /home/airflow/.local/lib/python3.7/site-packages/airflow/example_dags/example_bash_operator.py
[2025-03-16T08:36:13.645+0000] {processor.py:756} INFO - Processing file /home/airflow/.local/lib/python3.7/site-packages/airflow/example_dags/example_bash_operator.py for tasks to queue
[2025-03-16T08:36:13.646+0000] {logging_mixin.py:120} INFO - [2025-03-16T08:36:13.646+0000] {dagbag.py:537} INFO - Filling up the DagBag from /home/airflow/.local/lib/python3.7/site-packages/airflow/example_dags/example_bash_operator.py
[2025-03-16T08:36:13.697+0000] {processor.py:766} INFO - DAG(s) dict_keys(['example_bash_operator']) retrieved from /home/airflow/.local/lib/python3.7/site-packages/airflow/example_dags/example_bash_operator.py
[2025-03-16T08:36:13.790+0000] {logging_mixin.py:120} INFO - [2025-03-16T08:36:13.790+0000] {dag.py:2585} INFO - Sync 1 DAGs
[2025-03-16T08:36:13.848+0000] {logging_mixin.py:120} INFO - [2025-03-16T08:36:13.848+0000] {dag.py:3340} INFO - Setting next_dagrun for example_bash_operator to 2025-03-15T00:00:00+00:00, run_after=2025-03-16T00:00:00+00:00
[2025-03-16T08:36:13.882+0000] {processor.py:176} INFO - Processing /home/airflow/.local/lib/python3.7/site-packages/airflow/example_dags/example_bash_operator.py took 0.244 seconds
[2025-03-16T08:36:44.377+0000] {processor.py:154} INFO - Started process (PID=626) to work on /home/airflow/.local/lib/python3.7/site-packages/airflow/example_dags/example_bash_operator.py
[2025-03-16T08:36:44.382+0000] {processor.py:756} INFO - Processing file /home/airflow/.local/lib/python3.7/site-packages/airflow/example_dags/example_bash_operator.py for tasks to queue
[2025-03-16T08:36:44.385+0000] {logging_mixin.py:120} INFO - [2025-03-16T08:36:44.385+0000] {dagbag.py:537} INFO - Filling up the DagBag from /home/airflow/.local/lib/python3.7/site-packages/airflow/example_dags/example_bash_operator.py
[2025-03-16T08:36:44.471+0000] {processor.py:766} INFO - DAG(s) dict_keys(['example_bash_operator']) retrieved from /home/airflow/.local/lib/python3.7/site-packages/airflow/example_dags/example_bash_operator.py
[2025-03-16T08:36:44.633+0000] {logging_mixin.py:120} INFO - [2025-03-16T08:36:44.632+0000] {dag.py:2585} INFO - Sync 1 DAGs
[2025-03-16T08:36:44.748+0000] {logging_mixin.py:120} INFO - [2025-03-16T08:36:44.748+0000] {dag.py:3340} INFO - Setting next_dagrun for example_bash_operator to 2025-03-15T00:00:00+00:00, run_after=2025-03-16T00:00:00+00:00
[2025-03-16T08:36:44.833+0000] {processor.py:176} INFO - Processing /home/airflow/.local/lib/python3.7/site-packages/airflow/example_dags/example_bash_operator.py took 0.467 seconds
[2025-03-16T08:37:14.972+0000] {processor.py:154} INFO - Started process (PID=679) to work on /home/airflow/.local/lib/python3.7/site-packages/airflow/example_dags/example_bash_operator.py
[2025-03-16T08:37:14.975+0000] {processor.py:756} INFO - Processing file /home/airflow/.local/lib/python3.7/site-packages/airflow/example_dags/example_bash_operator.py for tasks to queue
[2025-03-16T08:37:14.977+0000] {logging_mixin.py:120} INFO - [2025-03-16T08:37:14.976+0000] {dagbag.py:537} INFO - Filling up the DagBag from /home/airflow/.local/lib/python3.7/site-packages/airflow/example_dags/example_bash_operator.py
[2025-03-16T08:37:15.024+0000] {processor.py:766} INFO - DAG(s) dict_keys(['example_bash_operator']) retrieved from /home/airflow/.local/lib/python3.7/site-packages/airflow/example_dags/example_bash_operator.py
[2025-03-16T08:37:15.125+0000] {logging_mixin.py:120} INFO - [2025-03-16T08:37:15.125+0000] {dag.py:2585} INFO - Sync 1 DAGs
[2025-03-16T08:37:15.186+0000] {logging_mixin.py:120} INFO - [2025-03-16T08:37:15.186+0000] {dag.py:3340} INFO - Setting next_dagrun for example_bash_operator to 2025-03-15T00:00:00+00:00, run_after=2025-03-16T00:00:00+00:00
[2025-03-16T08:37:15.226+0000] {processor.py:176} INFO - Processing /home/airflow/.local/lib/python3.7/site-packages/airflow/example_dags/example_bash_operator.py took 0.261 seconds
[2025-03-16T08:37:45.962+0000] {processor.py:154} INFO - Started process (PID=742) to work on /home/airflow/.local/lib/python3.7/site-packages/airflow/example_dags/example_bash_operator.py
[2025-03-16T08:37:45.964+0000] {processor.py:756} INFO - Processing file /home/airflow/.local/lib/python3.7/site-packages/airflow/example_dags/example_bash_operator.py for tasks to queue
[2025-03-16T08:37:45.968+0000] {logging_mixin.py:120} INFO - [2025-03-16T08:37:45.967+0000] {dagbag.py:537} INFO - Filling up the DagBag from /home/airflow/.local/lib/python3.7/site-packages/airflow/example_dags/example_bash_operator.py
[2025-03-16T08:37:46.021+0000] {processor.py:766} INFO - DAG(s) dict_keys(['example_bash_operator']) retrieved from /home/airflow/.local/lib/python3.7/site-packages/airflow/example_dags/example_bash_operator.py
[2025-03-16T08:37:46.198+0000] {logging_mixin.py:120} INFO - [2025-03-16T08:37:46.198+0000] {dag.py:2585} INFO - Sync 1 DAGs
[2025-03-16T08:37:46.325+0000] {logging_mixin.py:120} INFO - [2025-03-16T08:37:46.325+0000] {dag.py:3340} INFO - Setting next_dagrun for example_bash_operator to 2025-03-15T00:00:00+00:00, run_after=2025-03-16T00:00:00+00:00
[2025-03-16T08:37:46.392+0000] {processor.py:176} INFO - Processing /home/airflow/.local/lib/python3.7/site-packages/airflow/example_dags/example_bash_operator.py took 0.447 seconds
[2025-03-16T08:38:16.472+0000] {processor.py:154} INFO - Started process (PID=797) to work on /home/airflow/.local/lib/python3.7/site-packages/airflow/example_dags/example_bash_operator.py
[2025-03-16T08:38:16.475+0000] {processor.py:756} INFO - Processing file /home/airflow/.local/lib/python3.7/site-packages/airflow/example_dags/example_bash_operator.py for tasks to queue
[2025-03-16T08:38:16.476+0000] {logging_mixin.py:120} INFO - [2025-03-16T08:38:16.476+0000] {dagbag.py:537} INFO - Filling up the DagBag from /home/airflow/.local/lib/python3.7/site-packages/airflow/example_dags/example_bash_operator.py
[2025-03-16T08:38:16.519+0000] {processor.py:766} INFO - DAG(s) dict_keys(['example_bash_operator']) retrieved from /home/airflow/.local/lib/python3.7/site-packages/airflow/example_dags/example_bash_operator.py
[2025-03-16T08:38:16.605+0000] {logging_mixin.py:120} INFO - [2025-03-16T08:38:16.605+0000] {dag.py:2585} INFO - Sync 1 DAGs
[2025-03-16T08:38:16.653+0000] {logging_mixin.py:120} INFO - [2025-03-16T08:38:16.653+0000] {dag.py:3340} INFO - Setting next_dagrun for example_bash_operator to 2025-03-15T00:00:00+00:00, run_after=2025-03-16T00:00:00+00:00
[2025-03-16T08:38:16.685+0000] {processor.py:176} INFO - Processing /home/airflow/.local/lib/python3.7/site-packages/airflow/example_dags/example_bash_operator.py took 0.218 seconds
[2025-03-16T08:38:46.826+0000] {processor.py:154} INFO - Started process (PID=851) to work on /home/airflow/.local/lib/python3.7/site-packages/airflow/example_dags/example_bash_operator.py
[2025-03-16T08:38:46.829+0000] {processor.py:756} INFO - Processing file /home/airflow/.local/lib/python3.7/site-packages/airflow/example_dags/example_bash_operator.py for tasks to queue
[2025-03-16T08:38:46.830+0000] {logging_mixin.py:120} INFO - [2025-03-16T08:38:46.830+0000] {dagbag.py:537} INFO - Filling up the DagBag from /home/airflow/.local/lib/python3.7/site-packages/airflow/example_dags/example_bash_operator.py
[2025-03-16T08:38:46.874+0000] {processor.py:766} INFO - DAG(s) dict_keys(['example_bash_operator']) retrieved from /home/airflow/.local/lib/python3.7/site-packages/airflow/example_dags/example_bash_operator.py
[2025-03-16T08:38:46.967+0000] {logging_mixin.py:120} INFO - [2025-03-16T08:38:46.967+0000] {dag.py:2585} INFO - Sync 1 DAGs
[2025-03-16T08:38:47.027+0000] {logging_mixin.py:120} INFO - [2025-03-16T08:38:47.027+0000] {dag.py:3340} INFO - Setting next_dagrun for example_bash_operator to 2025-03-15T00:00:00+00:00, run_after=2025-03-16T00:00:00+00:00
[2025-03-16T08:38:47.066+0000] {processor.py:176} INFO - Processing /home/airflow/.local/lib/python3.7/site-packages/airflow/example_dags/example_bash_operator.py took 0.251 seconds
[2025-03-16T08:39:17.799+0000] {processor.py:154} INFO - Started process (PID=914) to work on /home/airflow/.local/lib/python3.7/site-packages/airflow/example_dags/example_bash_operator.py
[2025-03-16T08:39:17.801+0000] {processor.py:756} INFO - Processing file /home/airflow/.local/lib/python3.7/site-packages/airflow/example_dags/example_bash_operator.py for tasks to queue
[2025-03-16T08:39:17.802+0000] {logging_mixin.py:120} INFO - [2025-03-16T08:39:17.802+0000] {dagbag.py:537} INFO - Filling up the DagBag from /home/airflow/.local/lib/python3.7/site-packages/airflow/example_dags/example_bash_operator.py
[2025-03-16T08:39:17.844+0000] {processor.py:766} INFO - DAG(s) dict_keys(['example_bash_operator']) retrieved from /home/airflow/.local/lib/python3.7/site-packages/airflow/example_dags/example_bash_operator.py
[2025-03-16T08:39:17.975+0000] {logging_mixin.py:120} INFO - [2025-03-16T08:39:17.975+0000] {dag.py:2585} INFO - Sync 1 DAGs
[2025-03-16T08:39:18.038+0000] {logging_mixin.py:120} INFO - [2025-03-16T08:39:18.038+0000] {dag.py:3340} INFO - Setting next_dagrun for example_bash_operator to 2025-03-15T00:00:00+00:00, run_after=2025-03-16T00:00:00+00:00
[2025-03-16T08:39:18.072+0000] {processor.py:176} INFO - Processing /home/airflow/.local/lib/python3.7/site-packages/airflow/example_dags/example_bash_operator.py took 0.280 seconds
[2025-03-16T08:39:48.192+0000] {processor.py:154} INFO - Started process (PID=968) to work on /home/airflow/.local/lib/python3.7/site-packages/airflow/example_dags/example_bash_operator.py
[2025-03-16T08:39:48.193+0000] {processor.py:756} INFO - Processing file /home/airflow/.local/lib/python3.7/site-packages/airflow/example_dags/example_bash_operator.py for tasks to queue
[2025-03-16T08:39:48.194+0000] {logging_mixin.py:120} INFO - [2025-03-16T08:39:48.194+0000] {dagbag.py:537} INFO - Filling up the DagBag from /home/airflow/.local/lib/python3.7/site-packages/airflow/example_dags/example_bash_operator.py
[2025-03-16T08:39:48.238+0000] {processor.py:766} INFO - DAG(s) dict_keys(['example_bash_operator']) retrieved from /home/airflow/.local/lib/python3.7/site-packages/airflow/example_dags/example_bash_operator.py
[2025-03-16T08:39:48.324+0000] {logging_mixin.py:120} INFO - [2025-03-16T08:39:48.324+0000] {dag.py:2585} INFO - Sync 1 DAGs
[2025-03-16T08:39:48.380+0000] {logging_mixin.py:120} INFO - [2025-03-16T08:39:48.380+0000] {dag.py:3340} INFO - Setting next_dagrun for example_bash_operator to 2025-03-15T00:00:00+00:00, run_after=2025-03-16T00:00:00+00:00
[2025-03-16T08:39:48.411+0000] {processor.py:176} INFO - Processing /home/airflow/.local/lib/python3.7/site-packages/airflow/example_dags/example_bash_operator.py took 0.226 seconds
[2025-03-16T08:40:18.815+0000] {processor.py:154} INFO - Started process (PID=1031) to work on /home/airflow/.local/lib/python3.7/site-packages/airflow/example_dags/example_bash_operator.py
[2025-03-16T08:40:18.820+0000] {processor.py:756} INFO - Processing file /home/airflow/.local/lib/python3.7/site-packages/airflow/example_dags/example_bash_operator.py for tasks to queue
[2025-03-16T08:40:18.821+0000] {logging_mixin.py:120} INFO - [2025-03-16T08:40:18.821+0000] {dagbag.py:537} INFO - Filling up the DagBag from /home/airflow/.local/lib/python3.7/site-packages/airflow/example_dags/example_bash_operator.py
[2025-03-16T08:40:18.867+0000] {processor.py:766} INFO - DAG(s) dict_keys(['example_bash_operator']) retrieved from /home/airflow/.local/lib/python3.7/site-packages/airflow/example_dags/example_bash_operator.py
[2025-03-16T08:40:18.976+0000] {logging_mixin.py:120} INFO - [2025-03-16T08:40:18.976+0000] {dag.py:2585} INFO - Sync 1 DAGs
[2025-03-16T08:40:19.048+0000] {logging_mixin.py:120} INFO - [2025-03-16T08:40:19.048+0000] {dag.py:3340} INFO - Setting next_dagrun for example_bash_operator to 2025-03-15T00:00:00+00:00, run_after=2025-03-16T00:00:00+00:00
[2025-03-16T08:40:19.078+0000] {processor.py:176} INFO - Processing /home/airflow/.local/lib/python3.7/site-packages/airflow/example_dags/example_bash_operator.py took 0.270 seconds
[2025-03-16T08:40:49.231+0000] {processor.py:154} INFO - Started process (PID=1085) to work on /home/airflow/.local/lib/python3.7/site-packages/airflow/example_dags/example_bash_operator.py
[2025-03-16T08:40:49.232+0000] {processor.py:756} INFO - Processing file /home/airflow/.local/lib/python3.7/site-packages/airflow/example_dags/example_bash_operator.py for tasks to queue
[2025-03-16T08:40:49.234+0000] {logging_mixin.py:120} INFO - [2025-03-16T08:40:49.233+0000] {dagbag.py:537} INFO - Filling up the DagBag from /home/airflow/.local/lib/python3.7/site-packages/airflow/example_dags/example_bash_operator.py
[2025-03-16T08:40:49.277+0000] {processor.py:766} INFO - DAG(s) dict_keys(['example_bash_operator']) retrieved from /home/airflow/.local/lib/python3.7/site-packages/airflow/example_dags/example_bash_operator.py
[2025-03-16T08:40:49.381+0000] {logging_mixin.py:120} INFO - [2025-03-16T08:40:49.381+0000] {dag.py:2585} INFO - Sync 1 DAGs
[2025-03-16T08:40:49.443+0000] {logging_mixin.py:120} INFO - [2025-03-16T08:40:49.443+0000] {dag.py:3340} INFO - Setting next_dagrun for example_bash_operator to 2025-03-15T00:00:00+00:00, run_after=2025-03-16T00:00:00+00:00
[2025-03-16T08:40:49.479+0000] {processor.py:176} INFO - Processing /home/airflow/.local/lib/python3.7/site-packages/airflow/example_dags/example_bash_operator.py took 0.254 seconds
[2025-03-16T08:41:19.892+0000] {processor.py:154} INFO - Started process (PID=1148) to work on /home/airflow/.local/lib/python3.7/site-packages/airflow/example_dags/example_bash_operator.py
[2025-03-16T08:41:19.895+0000] {processor.py:756} INFO - Processing file /home/airflow/.local/lib/python3.7/site-packages/airflow/example_dags/example_bash_operator.py for tasks to queue
[2025-03-16T08:41:19.896+0000] {logging_mixin.py:120} INFO - [2025-03-16T08:41:19.896+0000] {dagbag.py:537} INFO - Filling up the DagBag from /home/airflow/.local/lib/python3.7/site-packages/airflow/example_dags/example_bash_operator.py
[2025-03-16T08:41:19.979+0000] {processor.py:766} INFO - DAG(s) dict_keys(['example_bash_operator']) retrieved from /home/airflow/.local/lib/python3.7/site-packages/airflow/example_dags/example_bash_operator.py
[2025-03-16T08:41:20.152+0000] {logging_mixin.py:120} INFO - [2025-03-16T08:41:20.152+0000] {dag.py:2585} INFO - Sync 1 DAGs
[2025-03-16T08:41:20.262+0000] {logging_mixin.py:120} INFO - [2025-03-16T08:41:20.262+0000] {dag.py:3340} INFO - Setting next_dagrun for example_bash_operator to 2025-03-15T00:00:00+00:00, run_after=2025-03-16T00:00:00+00:00
[2025-03-16T08:41:20.340+0000] {processor.py:176} INFO - Processing /home/airflow/.local/lib/python3.7/site-packages/airflow/example_dags/example_bash_operator.py took 0.454 seconds
[2025-03-16T08:41:50.777+0000] {processor.py:154} INFO - Started process (PID=1202) to work on /home/airflow/.local/lib/python3.7/site-packages/airflow/example_dags/example_bash_operator.py
[2025-03-16T08:41:50.778+0000] {processor.py:756} INFO - Processing file /home/airflow/.local/lib/python3.7/site-packages/airflow/example_dags/example_bash_operator.py for tasks to queue
[2025-03-16T08:41:50.780+0000] {logging_mixin.py:120} INFO - [2025-03-16T08:41:50.779+0000] {dagbag.py:537} INFO - Filling up the DagBag from /home/airflow/.local/lib/python3.7/site-packages/airflow/example_dags/example_bash_operator.py
[2025-03-16T08:41:50.827+0000] {processor.py:766} INFO - DAG(s) dict_keys(['example_bash_operator']) retrieved from /home/airflow/.local/lib/python3.7/site-packages/airflow/example_dags/example_bash_operator.py
[2025-03-16T08:41:50.931+0000] {logging_mixin.py:120} INFO - [2025-03-16T08:41:50.930+0000] {dag.py:2585} INFO - Sync 1 DAGs
[2025-03-16T08:41:51.033+0000] {logging_mixin.py:120} INFO - [2025-03-16T08:41:51.032+0000] {dag.py:3340} INFO - Setting next_dagrun for example_bash_operator to 2025-03-15T00:00:00+00:00, run_after=2025-03-16T00:00:00+00:00
[2025-03-16T08:41:51.063+0000] {processor.py:176} INFO - Processing /home/airflow/.local/lib/python3.7/site-packages/airflow/example_dags/example_bash_operator.py took 0.298 seconds
[2025-03-16T08:42:21.934+0000] {processor.py:154} INFO - Started process (PID=1265) to work on /home/airflow/.local/lib/python3.7/site-packages/airflow/example_dags/example_bash_operator.py
[2025-03-16T08:42:21.936+0000] {processor.py:756} INFO - Processing file /home/airflow/.local/lib/python3.7/site-packages/airflow/example_dags/example_bash_operator.py for tasks to queue
[2025-03-16T08:42:21.937+0000] {logging_mixin.py:120} INFO - [2025-03-16T08:42:21.937+0000] {dagbag.py:537} INFO - Filling up the DagBag from /home/airflow/.local/lib/python3.7/site-packages/airflow/example_dags/example_bash_operator.py
[2025-03-16T08:42:22.039+0000] {processor.py:766} INFO - DAG(s) dict_keys(['example_bash_operator']) retrieved from /home/airflow/.local/lib/python3.7/site-packages/airflow/example_dags/example_bash_operator.py
[2025-03-16T08:42:22.253+0000] {logging_mixin.py:120} INFO - [2025-03-16T08:42:22.253+0000] {dag.py:2585} INFO - Sync 1 DAGs
[2025-03-16T08:42:22.353+0000] {logging_mixin.py:120} INFO - [2025-03-16T08:42:22.353+0000] {dag.py:3340} INFO - Setting next_dagrun for example_bash_operator to 2025-03-15T00:00:00+00:00, run_after=2025-03-16T00:00:00+00:00
[2025-03-16T08:42:22.407+0000] {processor.py:176} INFO - Processing /home/airflow/.local/lib/python3.7/site-packages/airflow/example_dags/example_bash_operator.py took 0.488 seconds
[2025-03-16T08:42:53.251+0000] {processor.py:154} INFO - Started process (PID=1319) to work on /home/airflow/.local/lib/python3.7/site-packages/airflow/example_dags/example_bash_operator.py
[2025-03-16T08:42:53.253+0000] {processor.py:756} INFO - Processing file /home/airflow/.local/lib/python3.7/site-packages/airflow/example_dags/example_bash_operator.py for tasks to queue
[2025-03-16T08:42:53.254+0000] {logging_mixin.py:120} INFO - [2025-03-16T08:42:53.254+0000] {dagbag.py:537} INFO - Filling up the DagBag from /home/airflow/.local/lib/python3.7/site-packages/airflow/example_dags/example_bash_operator.py
[2025-03-16T08:42:53.305+0000] {processor.py:766} INFO - DAG(s) dict_keys(['example_bash_operator']) retrieved from /home/airflow/.local/lib/python3.7/site-packages/airflow/example_dags/example_bash_operator.py
[2025-03-16T08:42:53.421+0000] {logging_mixin.py:120} INFO - [2025-03-16T08:42:53.421+0000] {dag.py:2585} INFO - Sync 1 DAGs
[2025-03-16T08:42:53.472+0000] {logging_mixin.py:120} INFO - [2025-03-16T08:42:53.472+0000] {dag.py:3340} INFO - Setting next_dagrun for example_bash_operator to 2025-03-15T00:00:00+00:00, run_after=2025-03-16T00:00:00+00:00
[2025-03-16T08:42:53.501+0000] {processor.py:176} INFO - Processing /home/airflow/.local/lib/python3.7/site-packages/airflow/example_dags/example_bash_operator.py took 0.256 seconds
[2025-03-16T08:43:24.030+0000] {processor.py:154} INFO - Started process (PID=1382) to work on /home/airflow/.local/lib/python3.7/site-packages/airflow/example_dags/example_bash_operator.py
[2025-03-16T08:43:24.032+0000] {processor.py:756} INFO - Processing file /home/airflow/.local/lib/python3.7/site-packages/airflow/example_dags/example_bash_operator.py for tasks to queue
[2025-03-16T08:43:24.033+0000] {logging_mixin.py:120} INFO - [2025-03-16T08:43:24.033+0000] {dagbag.py:537} INFO - Filling up the DagBag from /home/airflow/.local/lib/python3.7/site-packages/airflow/example_dags/example_bash_operator.py
[2025-03-16T08:43:24.087+0000] {processor.py:766} INFO - DAG(s) dict_keys(['example_bash_operator']) retrieved from /home/airflow/.local/lib/python3.7/site-packages/airflow/example_dags/example_bash_operator.py
[2025-03-16T08:43:24.261+0000] {logging_mixin.py:120} INFO - [2025-03-16T08:43:24.261+0000] {dag.py:2585} INFO - Sync 1 DAGs
[2025-03-16T08:43:24.325+0000] {logging_mixin.py:120} INFO - [2025-03-16T08:43:24.323+0000] {dag.py:3340} INFO - Setting next_dagrun for example_bash_operator to 2025-03-15T00:00:00+00:00, run_after=2025-03-16T00:00:00+00:00
[2025-03-16T08:43:24.391+0000] {processor.py:176} INFO - Processing /home/airflow/.local/lib/python3.7/site-packages/airflow/example_dags/example_bash_operator.py took 0.374 seconds
[2025-03-16T08:43:54.907+0000] {processor.py:154} INFO - Started process (PID=1436) to work on /home/airflow/.local/lib/python3.7/site-packages/airflow/example_dags/example_bash_operator.py
[2025-03-16T08:43:54.908+0000] {processor.py:756} INFO - Processing file /home/airflow/.local/lib/python3.7/site-packages/airflow/example_dags/example_bash_operator.py for tasks to queue
[2025-03-16T08:43:54.908+0000] {logging_mixin.py:120} INFO - [2025-03-16T08:43:54.908+0000] {dagbag.py:537} INFO - Filling up the DagBag from /home/airflow/.local/lib/python3.7/site-packages/airflow/example_dags/example_bash_operator.py
[2025-03-16T08:43:54.958+0000] {processor.py:766} INFO - DAG(s) dict_keys(['example_bash_operator']) retrieved from /home/airflow/.local/lib/python3.7/site-packages/airflow/example_dags/example_bash_operator.py
[2025-03-16T08:43:55.054+0000] {logging_mixin.py:120} INFO - [2025-03-16T08:43:55.054+0000] {dag.py:2585} INFO - Sync 1 DAGs
[2025-03-16T08:43:55.119+0000] {logging_mixin.py:120} INFO - [2025-03-16T08:43:55.119+0000] {dag.py:3340} INFO - Setting next_dagrun for example_bash_operator to 2025-03-15T00:00:00+00:00, run_after=2025-03-16T00:00:00+00:00
[2025-03-16T08:43:55.175+0000] {processor.py:176} INFO - Processing /home/airflow/.local/lib/python3.7/site-packages/airflow/example_dags/example_bash_operator.py took 0.274 seconds
[2025-03-16T08:44:25.702+0000] {processor.py:154} INFO - Started process (PID=1500) to work on /home/airflow/.local/lib/python3.7/site-packages/airflow/example_dags/example_bash_operator.py
[2025-03-16T08:44:25.709+0000] {processor.py:756} INFO - Processing file /home/airflow/.local/lib/python3.7/site-packages/airflow/example_dags/example_bash_operator.py for tasks to queue
[2025-03-16T08:44:25.711+0000] {logging_mixin.py:120} INFO - [2025-03-16T08:44:25.710+0000] {dagbag.py:537} INFO - Filling up the DagBag from /home/airflow/.local/lib/python3.7/site-packages/airflow/example_dags/example_bash_operator.py
[2025-03-16T08:44:25.802+0000] {processor.py:766} INFO - DAG(s) dict_keys(['example_bash_operator']) retrieved from /home/airflow/.local/lib/python3.7/site-packages/airflow/example_dags/example_bash_operator.py
[2025-03-16T08:44:26.026+0000] {logging_mixin.py:120} INFO - [2025-03-16T08:44:26.025+0000] {dag.py:2585} INFO - Sync 1 DAGs
[2025-03-16T08:44:26.144+0000] {logging_mixin.py:120} INFO - [2025-03-16T08:44:26.144+0000] {dag.py:3340} INFO - Setting next_dagrun for example_bash_operator to 2025-03-15T00:00:00+00:00, run_after=2025-03-16T00:00:00+00:00
[2025-03-16T08:44:26.224+0000] {processor.py:176} INFO - Processing /home/airflow/.local/lib/python3.7/site-packages/airflow/example_dags/example_bash_operator.py took 0.535 seconds
[2025-03-16T08:44:56.415+0000] {processor.py:154} INFO - Started process (PID=1555) to work on /home/airflow/.local/lib/python3.7/site-packages/airflow/example_dags/example_bash_operator.py
[2025-03-16T08:44:56.416+0000] {processor.py:756} INFO - Processing file /home/airflow/.local/lib/python3.7/site-packages/airflow/example_dags/example_bash_operator.py for tasks to queue
[2025-03-16T08:44:56.416+0000] {logging_mixin.py:120} INFO - [2025-03-16T08:44:56.416+0000] {dagbag.py:537} INFO - Filling up the DagBag from /home/airflow/.local/lib/python3.7/site-packages/airflow/example_dags/example_bash_operator.py
[2025-03-16T08:44:56.443+0000] {processor.py:766} INFO - DAG(s) dict_keys(['example_bash_operator']) retrieved from /home/airflow/.local/lib/python3.7/site-packages/airflow/example_dags/example_bash_operator.py
[2025-03-16T08:44:56.511+0000] {logging_mixin.py:120} INFO - [2025-03-16T08:44:56.511+0000] {dag.py:2585} INFO - Sync 1 DAGs
[2025-03-16T08:44:56.559+0000] {logging_mixin.py:120} INFO - [2025-03-16T08:44:56.559+0000] {dag.py:3340} INFO - Setting next_dagrun for example_bash_operator to 2025-03-15T00:00:00+00:00, run_after=2025-03-16T00:00:00+00:00
[2025-03-16T08:44:56.585+0000] {processor.py:176} INFO - Processing /home/airflow/.local/lib/python3.7/site-packages/airflow/example_dags/example_bash_operator.py took 0.174 seconds
[2025-03-16T08:45:27.228+0000] {processor.py:154} INFO - Started process (PID=1617) to work on /home/airflow/.local/lib/python3.7/site-packages/airflow/example_dags/example_bash_operator.py
[2025-03-16T08:45:27.231+0000] {processor.py:756} INFO - Processing file /home/airflow/.local/lib/python3.7/site-packages/airflow/example_dags/example_bash_operator.py for tasks to queue
[2025-03-16T08:45:27.232+0000] {logging_mixin.py:120} INFO - [2025-03-16T08:45:27.232+0000] {dagbag.py:537} INFO - Filling up the DagBag from /home/airflow/.local/lib/python3.7/site-packages/airflow/example_dags/example_bash_operator.py
[2025-03-16T08:45:27.295+0000] {processor.py:766} INFO - DAG(s) dict_keys(['example_bash_operator']) retrieved from /home/airflow/.local/lib/python3.7/site-packages/airflow/example_dags/example_bash_operator.py
[2025-03-16T08:45:27.459+0000] {logging_mixin.py:120} INFO - [2025-03-16T08:45:27.458+0000] {dag.py:2585} INFO - Sync 1 DAGs
[2025-03-16T08:45:27.561+0000] {logging_mixin.py:120} INFO - [2025-03-16T08:45:27.561+0000] {dag.py:3340} INFO - Setting next_dagrun for example_bash_operator to 2025-03-15T00:00:00+00:00, run_after=2025-03-16T00:00:00+00:00
[2025-03-16T08:45:27.657+0000] {processor.py:176} INFO - Processing /home/airflow/.local/lib/python3.7/site-packages/airflow/example_dags/example_bash_operator.py took 0.441 seconds
[2025-03-16T08:45:57.930+0000] {processor.py:154} INFO - Started process (PID=1671) to work on /home/airflow/.local/lib/python3.7/site-packages/airflow/example_dags/example_bash_operator.py
[2025-03-16T08:45:57.931+0000] {processor.py:756} INFO - Processing file /home/airflow/.local/lib/python3.7/site-packages/airflow/example_dags/example_bash_operator.py for tasks to queue
[2025-03-16T08:45:57.933+0000] {logging_mixin.py:120} INFO - [2025-03-16T08:45:57.932+0000] {dagbag.py:537} INFO - Filling up the DagBag from /home/airflow/.local/lib/python3.7/site-packages/airflow/example_dags/example_bash_operator.py
[2025-03-16T08:45:57.989+0000] {processor.py:766} INFO - DAG(s) dict_keys(['example_bash_operator']) retrieved from /home/airflow/.local/lib/python3.7/site-packages/airflow/example_dags/example_bash_operator.py
[2025-03-16T08:45:58.109+0000] {logging_mixin.py:120} INFO - [2025-03-16T08:45:58.109+0000] {dag.py:2585} INFO - Sync 1 DAGs
[2025-03-16T08:45:58.161+0000] {logging_mixin.py:120} INFO - [2025-03-16T08:45:58.161+0000] {dag.py:3340} INFO - Setting next_dagrun for example_bash_operator to 2025-03-15T00:00:00+00:00, run_after=2025-03-16T00:00:00+00:00
[2025-03-16T08:45:58.191+0000] {processor.py:176} INFO - Processing /home/airflow/.local/lib/python3.7/site-packages/airflow/example_dags/example_bash_operator.py took 0.273 seconds
[2025-03-16T08:46:28.419+0000] {processor.py:154} INFO - Started process (PID=1734) to work on /home/airflow/.local/lib/python3.7/site-packages/airflow/example_dags/example_bash_operator.py
[2025-03-16T08:46:28.421+0000] {processor.py:756} INFO - Processing file /home/airflow/.local/lib/python3.7/site-packages/airflow/example_dags/example_bash_operator.py for tasks to queue
[2025-03-16T08:46:28.421+0000] {logging_mixin.py:120} INFO - [2025-03-16T08:46:28.421+0000] {dagbag.py:537} INFO - Filling up the DagBag from /home/airflow/.local/lib/python3.7/site-packages/airflow/example_dags/example_bash_operator.py
[2025-03-16T08:46:28.491+0000] {processor.py:766} INFO - DAG(s) dict_keys(['example_bash_operator']) retrieved from /home/airflow/.local/lib/python3.7/site-packages/airflow/example_dags/example_bash_operator.py
[2025-03-16T08:46:28.597+0000] {logging_mixin.py:120} INFO - [2025-03-16T08:46:28.597+0000] {dag.py:2585} INFO - Sync 1 DAGs
[2025-03-16T08:46:28.646+0000] {logging_mixin.py:120} INFO - [2025-03-16T08:46:28.646+0000] {dag.py:3340} INFO - Setting next_dagrun for example_bash_operator to 2025-03-15T00:00:00+00:00, run_after=2025-03-16T00:00:00+00:00
[2025-03-16T08:46:28.674+0000] {processor.py:176} INFO - Processing /home/airflow/.local/lib/python3.7/site-packages/airflow/example_dags/example_bash_operator.py took 0.260 seconds
[2025-03-16T08:46:59.234+0000] {processor.py:154} INFO - Started process (PID=1788) to work on /home/airflow/.local/lib/python3.7/site-packages/airflow/example_dags/example_bash_operator.py
[2025-03-16T08:46:59.236+0000] {processor.py:756} INFO - Processing file /home/airflow/.local/lib/python3.7/site-packages/airflow/example_dags/example_bash_operator.py for tasks to queue
[2025-03-16T08:46:59.237+0000] {logging_mixin.py:120} INFO - [2025-03-16T08:46:59.236+0000] {dagbag.py:537} INFO - Filling up the DagBag from /home/airflow/.local/lib/python3.7/site-packages/airflow/example_dags/example_bash_operator.py
[2025-03-16T08:46:59.266+0000] {processor.py:766} INFO - DAG(s) dict_keys(['example_bash_operator']) retrieved from /home/airflow/.local/lib/python3.7/site-packages/airflow/example_dags/example_bash_operator.py
[2025-03-16T08:46:59.384+0000] {logging_mixin.py:120} INFO - [2025-03-16T08:46:59.382+0000] {dag.py:2585} INFO - Sync 1 DAGs
[2025-03-16T08:46:59.426+0000] {logging_mixin.py:120} INFO - [2025-03-16T08:46:59.426+0000] {dag.py:3340} INFO - Setting next_dagrun for example_bash_operator to 2025-03-15T00:00:00+00:00, run_after=2025-03-16T00:00:00+00:00
[2025-03-16T08:46:59.453+0000] {processor.py:176} INFO - Processing /home/airflow/.local/lib/python3.7/site-packages/airflow/example_dags/example_bash_operator.py took 0.224 seconds
[2025-03-16T08:47:30.396+0000] {processor.py:154} INFO - Started process (PID=1851) to work on /home/airflow/.local/lib/python3.7/site-packages/airflow/example_dags/example_bash_operator.py
[2025-03-16T08:47:30.400+0000] {processor.py:756} INFO - Processing file /home/airflow/.local/lib/python3.7/site-packages/airflow/example_dags/example_bash_operator.py for tasks to queue
[2025-03-16T08:47:30.401+0000] {logging_mixin.py:120} INFO - [2025-03-16T08:47:30.400+0000] {dagbag.py:537} INFO - Filling up the DagBag from /home/airflow/.local/lib/python3.7/site-packages/airflow/example_dags/example_bash_operator.py
[2025-03-16T08:47:30.470+0000] {processor.py:766} INFO - DAG(s) dict_keys(['example_bash_operator']) retrieved from /home/airflow/.local/lib/python3.7/site-packages/airflow/example_dags/example_bash_operator.py
[2025-03-16T08:47:30.611+0000] {logging_mixin.py:120} INFO - [2025-03-16T08:47:30.610+0000] {dag.py:2585} INFO - Sync 1 DAGs
[2025-03-16T08:47:30.717+0000] {logging_mixin.py:120} INFO - [2025-03-16T08:47:30.717+0000] {dag.py:3340} INFO - Setting next_dagrun for example_bash_operator to 2025-03-15T00:00:00+00:00, run_after=2025-03-16T00:00:00+00:00
[2025-03-16T08:47:30.796+0000] {processor.py:176} INFO - Processing /home/airflow/.local/lib/python3.7/site-packages/airflow/example_dags/example_bash_operator.py took 0.409 seconds
[2025-03-16T08:48:01.443+0000] {processor.py:154} INFO - Started process (PID=1905) to work on /home/airflow/.local/lib/python3.7/site-packages/airflow/example_dags/example_bash_operator.py
[2025-03-16T08:48:01.446+0000] {processor.py:756} INFO - Processing file /home/airflow/.local/lib/python3.7/site-packages/airflow/example_dags/example_bash_operator.py for tasks to queue
[2025-03-16T08:48:01.447+0000] {logging_mixin.py:120} INFO - [2025-03-16T08:48:01.447+0000] {dagbag.py:537} INFO - Filling up the DagBag from /home/airflow/.local/lib/python3.7/site-packages/airflow/example_dags/example_bash_operator.py
[2025-03-16T08:48:01.525+0000] {processor.py:766} INFO - DAG(s) dict_keys(['example_bash_operator']) retrieved from /home/airflow/.local/lib/python3.7/site-packages/airflow/example_dags/example_bash_operator.py
[2025-03-16T08:48:01.670+0000] {logging_mixin.py:120} INFO - [2025-03-16T08:48:01.670+0000] {dag.py:2585} INFO - Sync 1 DAGs
[2025-03-16T08:48:01.734+0000] {logging_mixin.py:120} INFO - [2025-03-16T08:48:01.734+0000] {dag.py:3340} INFO - Setting next_dagrun for example_bash_operator to 2025-03-15T00:00:00+00:00, run_after=2025-03-16T00:00:00+00:00
[2025-03-16T08:48:01.784+0000] {processor.py:176} INFO - Processing /home/airflow/.local/lib/python3.7/site-packages/airflow/example_dags/example_bash_operator.py took 0.349 seconds
[2025-03-16T08:48:32.106+0000] {processor.py:154} INFO - Started process (PID=1967) to work on /home/airflow/.local/lib/python3.7/site-packages/airflow/example_dags/example_bash_operator.py
[2025-03-16T08:48:32.110+0000] {processor.py:756} INFO - Processing file /home/airflow/.local/lib/python3.7/site-packages/airflow/example_dags/example_bash_operator.py for tasks to queue
[2025-03-16T08:48:32.111+0000] {logging_mixin.py:120} INFO - [2025-03-16T08:48:32.111+0000] {dagbag.py:537} INFO - Filling up the DagBag from /home/airflow/.local/lib/python3.7/site-packages/airflow/example_dags/example_bash_operator.py
[2025-03-16T08:48:32.251+0000] {processor.py:766} INFO - DAG(s) dict_keys(['example_bash_operator']) retrieved from /home/airflow/.local/lib/python3.7/site-packages/airflow/example_dags/example_bash_operator.py
[2025-03-16T08:48:32.512+0000] {logging_mixin.py:120} INFO - [2025-03-16T08:48:32.512+0000] {dag.py:2585} INFO - Sync 1 DAGs
[2025-03-16T08:48:32.579+0000] {logging_mixin.py:120} INFO - [2025-03-16T08:48:32.579+0000] {dag.py:3340} INFO - Setting next_dagrun for example_bash_operator to 2025-03-15T00:00:00+00:00, run_after=2025-03-16T00:00:00+00:00
[2025-03-16T08:48:32.637+0000] {processor.py:176} INFO - Processing /home/airflow/.local/lib/python3.7/site-packages/airflow/example_dags/example_bash_operator.py took 0.541 seconds
[2025-03-16T08:49:03.435+0000] {processor.py:154} INFO - Started process (PID=2021) to work on /home/airflow/.local/lib/python3.7/site-packages/airflow/example_dags/example_bash_operator.py
[2025-03-16T08:49:03.437+0000] {processor.py:756} INFO - Processing file /home/airflow/.local/lib/python3.7/site-packages/airflow/example_dags/example_bash_operator.py for tasks to queue
[2025-03-16T08:49:03.438+0000] {logging_mixin.py:120} INFO - [2025-03-16T08:49:03.438+0000] {dagbag.py:537} INFO - Filling up the DagBag from /home/airflow/.local/lib/python3.7/site-packages/airflow/example_dags/example_bash_operator.py
[2025-03-16T08:49:03.513+0000] {processor.py:766} INFO - DAG(s) dict_keys(['example_bash_operator']) retrieved from /home/airflow/.local/lib/python3.7/site-packages/airflow/example_dags/example_bash_operator.py
[2025-03-16T08:49:03.600+0000] {logging_mixin.py:120} INFO - [2025-03-16T08:49:03.600+0000] {dag.py:2585} INFO - Sync 1 DAGs
[2025-03-16T08:49:03.657+0000] {logging_mixin.py:120} INFO - [2025-03-16T08:49:03.656+0000] {dag.py:3340} INFO - Setting next_dagrun for example_bash_operator to 2025-03-15T00:00:00+00:00, run_after=2025-03-16T00:00:00+00:00
[2025-03-16T08:49:03.684+0000] {processor.py:176} INFO - Processing /home/airflow/.local/lib/python3.7/site-packages/airflow/example_dags/example_bash_operator.py took 0.256 seconds
[2025-03-16T08:49:34.379+0000] {processor.py:154} INFO - Started process (PID=2085) to work on /home/airflow/.local/lib/python3.7/site-packages/airflow/example_dags/example_bash_operator.py
[2025-03-16T08:49:34.381+0000] {processor.py:756} INFO - Processing file /home/airflow/.local/lib/python3.7/site-packages/airflow/example_dags/example_bash_operator.py for tasks to queue
[2025-03-16T08:49:34.382+0000] {logging_mixin.py:120} INFO - [2025-03-16T08:49:34.382+0000] {dagbag.py:537} INFO - Filling up the DagBag from /home/airflow/.local/lib/python3.7/site-packages/airflow/example_dags/example_bash_operator.py
[2025-03-16T08:49:34.426+0000] {processor.py:766} INFO - DAG(s) dict_keys(['example_bash_operator']) retrieved from /home/airflow/.local/lib/python3.7/site-packages/airflow/example_dags/example_bash_operator.py
[2025-03-16T08:49:34.539+0000] {logging_mixin.py:120} INFO - [2025-03-16T08:49:34.538+0000] {dag.py:2585} INFO - Sync 1 DAGs
[2025-03-16T08:49:34.604+0000] {logging_mixin.py:120} INFO - [2025-03-16T08:49:34.604+0000] {dag.py:3340} INFO - Setting next_dagrun for example_bash_operator to 2025-03-15T00:00:00+00:00, run_after=2025-03-16T00:00:00+00:00
[2025-03-16T08:49:34.635+0000] {processor.py:176} INFO - Processing /home/airflow/.local/lib/python3.7/site-packages/airflow/example_dags/example_bash_operator.py took 0.262 seconds
[2025-03-16T08:50:04.852+0000] {processor.py:154} INFO - Started process (PID=2139) to work on /home/airflow/.local/lib/python3.7/site-packages/airflow/example_dags/example_bash_operator.py
[2025-03-16T08:50:04.855+0000] {processor.py:756} INFO - Processing file /home/airflow/.local/lib/python3.7/site-packages/airflow/example_dags/example_bash_operator.py for tasks to queue
[2025-03-16T08:50:04.858+0000] {logging_mixin.py:120} INFO - [2025-03-16T08:50:04.857+0000] {dagbag.py:537} INFO - Filling up the DagBag from /home/airflow/.local/lib/python3.7/site-packages/airflow/example_dags/example_bash_operator.py
[2025-03-16T08:50:04.905+0000] {processor.py:766} INFO - DAG(s) dict_keys(['example_bash_operator']) retrieved from /home/airflow/.local/lib/python3.7/site-packages/airflow/example_dags/example_bash_operator.py
[2025-03-16T08:50:04.992+0000] {logging_mixin.py:120} INFO - [2025-03-16T08:50:04.991+0000] {dag.py:2585} INFO - Sync 1 DAGs
[2025-03-16T08:50:05.051+0000] {logging_mixin.py:120} INFO - [2025-03-16T08:50:05.051+0000] {dag.py:3340} INFO - Setting next_dagrun for example_bash_operator to 2025-03-15T00:00:00+00:00, run_after=2025-03-16T00:00:00+00:00
[2025-03-16T08:50:05.085+0000] {processor.py:176} INFO - Processing /home/airflow/.local/lib/python3.7/site-packages/airflow/example_dags/example_bash_operator.py took 0.237 seconds
[2025-03-16T08:50:35.425+0000] {processor.py:154} INFO - Started process (PID=2202) to work on /home/airflow/.local/lib/python3.7/site-packages/airflow/example_dags/example_bash_operator.py
[2025-03-16T08:50:35.427+0000] {processor.py:756} INFO - Processing file /home/airflow/.local/lib/python3.7/site-packages/airflow/example_dags/example_bash_operator.py for tasks to queue
[2025-03-16T08:50:35.429+0000] {logging_mixin.py:120} INFO - [2025-03-16T08:50:35.428+0000] {dagbag.py:537} INFO - Filling up the DagBag from /home/airflow/.local/lib/python3.7/site-packages/airflow/example_dags/example_bash_operator.py
[2025-03-16T08:50:35.516+0000] {processor.py:766} INFO - DAG(s) dict_keys(['example_bash_operator']) retrieved from /home/airflow/.local/lib/python3.7/site-packages/airflow/example_dags/example_bash_operator.py
[2025-03-16T08:50:35.603+0000] {logging_mixin.py:120} INFO - [2025-03-16T08:50:35.603+0000] {dag.py:2585} INFO - Sync 1 DAGs
[2025-03-16T08:50:35.657+0000] {logging_mixin.py:120} INFO - [2025-03-16T08:50:35.657+0000] {dag.py:3340} INFO - Setting next_dagrun for example_bash_operator to 2025-03-15T00:00:00+00:00, run_after=2025-03-16T00:00:00+00:00
[2025-03-16T08:50:35.689+0000] {processor.py:176} INFO - Processing /home/airflow/.local/lib/python3.7/site-packages/airflow/example_dags/example_bash_operator.py took 0.269 seconds
[2025-03-16T08:51:06.358+0000] {processor.py:154} INFO - Started process (PID=2256) to work on /home/airflow/.local/lib/python3.7/site-packages/airflow/example_dags/example_bash_operator.py
[2025-03-16T08:51:06.363+0000] {processor.py:756} INFO - Processing file /home/airflow/.local/lib/python3.7/site-packages/airflow/example_dags/example_bash_operator.py for tasks to queue
[2025-03-16T08:51:06.366+0000] {logging_mixin.py:120} INFO - [2025-03-16T08:51:06.365+0000] {dagbag.py:537} INFO - Filling up the DagBag from /home/airflow/.local/lib/python3.7/site-packages/airflow/example_dags/example_bash_operator.py
[2025-03-16T08:51:06.419+0000] {processor.py:766} INFO - DAG(s) dict_keys(['example_bash_operator']) retrieved from /home/airflow/.local/lib/python3.7/site-packages/airflow/example_dags/example_bash_operator.py
[2025-03-16T08:51:06.549+0000] {logging_mixin.py:120} INFO - [2025-03-16T08:51:06.549+0000] {dag.py:2585} INFO - Sync 1 DAGs
[2025-03-16T08:51:06.641+0000] {logging_mixin.py:120} INFO - [2025-03-16T08:51:06.641+0000] {dag.py:3340} INFO - Setting next_dagrun for example_bash_operator to 2025-03-15T00:00:00+00:00, run_after=2025-03-16T00:00:00+00:00
[2025-03-16T08:51:06.680+0000] {processor.py:176} INFO - Processing /home/airflow/.local/lib/python3.7/site-packages/airflow/example_dags/example_bash_operator.py took 0.339 seconds
[2025-03-16T08:51:37.095+0000] {processor.py:154} INFO - Started process (PID=2319) to work on /home/airflow/.local/lib/python3.7/site-packages/airflow/example_dags/example_bash_operator.py
[2025-03-16T08:51:37.097+0000] {processor.py:756} INFO - Processing file /home/airflow/.local/lib/python3.7/site-packages/airflow/example_dags/example_bash_operator.py for tasks to queue
[2025-03-16T08:51:37.099+0000] {logging_mixin.py:120} INFO - [2025-03-16T08:51:37.098+0000] {dagbag.py:537} INFO - Filling up the DagBag from /home/airflow/.local/lib/python3.7/site-packages/airflow/example_dags/example_bash_operator.py
[2025-03-16T08:51:37.144+0000] {processor.py:766} INFO - DAG(s) dict_keys(['example_bash_operator']) retrieved from /home/airflow/.local/lib/python3.7/site-packages/airflow/example_dags/example_bash_operator.py
[2025-03-16T08:51:37.243+0000] {logging_mixin.py:120} INFO - [2025-03-16T08:51:37.242+0000] {dag.py:2585} INFO - Sync 1 DAGs
[2025-03-16T08:51:37.295+0000] {logging_mixin.py:120} INFO - [2025-03-16T08:51:37.294+0000] {dag.py:3340} INFO - Setting next_dagrun for example_bash_operator to 2025-03-15T00:00:00+00:00, run_after=2025-03-16T00:00:00+00:00
[2025-03-16T08:51:37.323+0000] {processor.py:176} INFO - Processing /home/airflow/.local/lib/python3.7/site-packages/airflow/example_dags/example_bash_operator.py took 0.234 seconds
[2025-03-16T08:52:08.180+0000] {processor.py:154} INFO - Started process (PID=2373) to work on /home/airflow/.local/lib/python3.7/site-packages/airflow/example_dags/example_bash_operator.py
[2025-03-16T08:52:08.183+0000] {processor.py:756} INFO - Processing file /home/airflow/.local/lib/python3.7/site-packages/airflow/example_dags/example_bash_operator.py for tasks to queue
[2025-03-16T08:52:08.184+0000] {logging_mixin.py:120} INFO - [2025-03-16T08:52:08.184+0000] {dagbag.py:537} INFO - Filling up the DagBag from /home/airflow/.local/lib/python3.7/site-packages/airflow/example_dags/example_bash_operator.py
[2025-03-16T08:52:08.233+0000] {processor.py:766} INFO - DAG(s) dict_keys(['example_bash_operator']) retrieved from /home/airflow/.local/lib/python3.7/site-packages/airflow/example_dags/example_bash_operator.py
[2025-03-16T08:52:08.314+0000] {logging_mixin.py:120} INFO - [2025-03-16T08:52:08.314+0000] {dag.py:2585} INFO - Sync 1 DAGs
[2025-03-16T08:52:08.363+0000] {logging_mixin.py:120} INFO - [2025-03-16T08:52:08.363+0000] {dag.py:3340} INFO - Setting next_dagrun for example_bash_operator to 2025-03-15T00:00:00+00:00, run_after=2025-03-16T00:00:00+00:00
[2025-03-16T08:52:08.394+0000] {processor.py:176} INFO - Processing /home/airflow/.local/lib/python3.7/site-packages/airflow/example_dags/example_bash_operator.py took 0.219 seconds
[2025-03-16T08:52:38.697+0000] {processor.py:154} INFO - Started process (PID=2437) to work on /home/airflow/.local/lib/python3.7/site-packages/airflow/example_dags/example_bash_operator.py
[2025-03-16T08:52:38.700+0000] {processor.py:756} INFO - Processing file /home/airflow/.local/lib/python3.7/site-packages/airflow/example_dags/example_bash_operator.py for tasks to queue
[2025-03-16T08:52:38.701+0000] {logging_mixin.py:120} INFO - [2025-03-16T08:52:38.701+0000] {dagbag.py:537} INFO - Filling up the DagBag from /home/airflow/.local/lib/python3.7/site-packages/airflow/example_dags/example_bash_operator.py
[2025-03-16T08:52:38.743+0000] {processor.py:766} INFO - DAG(s) dict_keys(['example_bash_operator']) retrieved from /home/airflow/.local/lib/python3.7/site-packages/airflow/example_dags/example_bash_operator.py
[2025-03-16T08:52:38.842+0000] {logging_mixin.py:120} INFO - [2025-03-16T08:52:38.842+0000] {dag.py:2585} INFO - Sync 1 DAGs
[2025-03-16T08:52:38.895+0000] {logging_mixin.py:120} INFO - [2025-03-16T08:52:38.895+0000] {dag.py:3340} INFO - Setting next_dagrun for example_bash_operator to 2025-03-15T00:00:00+00:00, run_after=2025-03-16T00:00:00+00:00
[2025-03-16T08:52:38.925+0000] {processor.py:176} INFO - Processing /home/airflow/.local/lib/python3.7/site-packages/airflow/example_dags/example_bash_operator.py took 0.233 seconds
[2025-03-16T08:53:09.793+0000] {processor.py:154} INFO - Started process (PID=2498) to work on /home/airflow/.local/lib/python3.7/site-packages/airflow/example_dags/example_bash_operator.py
[2025-03-16T08:53:09.795+0000] {processor.py:756} INFO - Processing file /home/airflow/.local/lib/python3.7/site-packages/airflow/example_dags/example_bash_operator.py for tasks to queue
[2025-03-16T08:53:09.796+0000] {logging_mixin.py:120} INFO - [2025-03-16T08:53:09.796+0000] {dagbag.py:537} INFO - Filling up the DagBag from /home/airflow/.local/lib/python3.7/site-packages/airflow/example_dags/example_bash_operator.py
[2025-03-16T08:53:09.844+0000] {processor.py:766} INFO - DAG(s) dict_keys(['example_bash_operator']) retrieved from /home/airflow/.local/lib/python3.7/site-packages/airflow/example_dags/example_bash_operator.py
[2025-03-16T08:53:09.996+0000] {logging_mixin.py:120} INFO - [2025-03-16T08:53:09.995+0000] {dag.py:2585} INFO - Sync 1 DAGs
[2025-03-16T08:53:10.069+0000] {logging_mixin.py:120} INFO - [2025-03-16T08:53:10.068+0000] {dag.py:3340} INFO - Setting next_dagrun for example_bash_operator to 2025-03-15T00:00:00+00:00, run_after=2025-03-16T00:00:00+00:00
[2025-03-16T08:53:10.114+0000] {processor.py:176} INFO - Processing /home/airflow/.local/lib/python3.7/site-packages/airflow/example_dags/example_bash_operator.py took 0.336 seconds
[2025-03-16T08:53:40.592+0000] {processor.py:154} INFO - Started process (PID=2555) to work on /home/airflow/.local/lib/python3.7/site-packages/airflow/example_dags/example_bash_operator.py
[2025-03-16T08:53:40.595+0000] {processor.py:756} INFO - Processing file /home/airflow/.local/lib/python3.7/site-packages/airflow/example_dags/example_bash_operator.py for tasks to queue
[2025-03-16T08:53:40.596+0000] {logging_mixin.py:120} INFO - [2025-03-16T08:53:40.596+0000] {dagbag.py:537} INFO - Filling up the DagBag from /home/airflow/.local/lib/python3.7/site-packages/airflow/example_dags/example_bash_operator.py
[2025-03-16T08:53:40.647+0000] {processor.py:766} INFO - DAG(s) dict_keys(['example_bash_operator']) retrieved from /home/airflow/.local/lib/python3.7/site-packages/airflow/example_dags/example_bash_operator.py
[2025-03-16T08:53:40.786+0000] {logging_mixin.py:120} INFO - [2025-03-16T08:53:40.785+0000] {dag.py:2585} INFO - Sync 1 DAGs
[2025-03-16T08:53:40.853+0000] {logging_mixin.py:120} INFO - [2025-03-16T08:53:40.852+0000] {dag.py:3340} INFO - Setting next_dagrun for example_bash_operator to 2025-03-15T00:00:00+00:00, run_after=2025-03-16T00:00:00+00:00
[2025-03-16T08:53:40.923+0000] {processor.py:176} INFO - Processing /home/airflow/.local/lib/python3.7/site-packages/airflow/example_dags/example_bash_operator.py took 0.339 seconds
[2025-03-16T08:54:11.659+0000] {processor.py:154} INFO - Started process (PID=2609) to work on /home/airflow/.local/lib/python3.7/site-packages/airflow/example_dags/example_bash_operator.py
[2025-03-16T08:54:11.662+0000] {processor.py:756} INFO - Processing file /home/airflow/.local/lib/python3.7/site-packages/airflow/example_dags/example_bash_operator.py for tasks to queue
[2025-03-16T08:54:11.663+0000] {logging_mixin.py:120} INFO - [2025-03-16T08:54:11.663+0000] {dagbag.py:537} INFO - Filling up the DagBag from /home/airflow/.local/lib/python3.7/site-packages/airflow/example_dags/example_bash_operator.py
[2025-03-16T08:54:11.737+0000] {processor.py:766} INFO - DAG(s) dict_keys(['example_bash_operator']) retrieved from /home/airflow/.local/lib/python3.7/site-packages/airflow/example_dags/example_bash_operator.py
[2025-03-16T08:54:11.831+0000] {logging_mixin.py:120} INFO - [2025-03-16T08:54:11.831+0000] {dag.py:2585} INFO - Sync 1 DAGs
[2025-03-16T08:54:11.886+0000] {logging_mixin.py:120} INFO - [2025-03-16T08:54:11.885+0000] {dag.py:3340} INFO - Setting next_dagrun for example_bash_operator to 2025-03-15T00:00:00+00:00, run_after=2025-03-16T00:00:00+00:00
[2025-03-16T08:54:11.921+0000] {processor.py:176} INFO - Processing /home/airflow/.local/lib/python3.7/site-packages/airflow/example_dags/example_bash_operator.py took 0.268 seconds
[2025-03-16T08:54:42.283+0000] {processor.py:154} INFO - Started process (PID=2671) to work on /home/airflow/.local/lib/python3.7/site-packages/airflow/example_dags/example_bash_operator.py
[2025-03-16T08:54:42.284+0000] {processor.py:756} INFO - Processing file /home/airflow/.local/lib/python3.7/site-packages/airflow/example_dags/example_bash_operator.py for tasks to queue
[2025-03-16T08:54:42.286+0000] {logging_mixin.py:120} INFO - [2025-03-16T08:54:42.286+0000] {dagbag.py:537} INFO - Filling up the DagBag from /home/airflow/.local/lib/python3.7/site-packages/airflow/example_dags/example_bash_operator.py
[2025-03-16T08:54:42.326+0000] {processor.py:766} INFO - DAG(s) dict_keys(['example_bash_operator']) retrieved from /home/airflow/.local/lib/python3.7/site-packages/airflow/example_dags/example_bash_operator.py
[2025-03-16T08:54:42.419+0000] {logging_mixin.py:120} INFO - [2025-03-16T08:54:42.419+0000] {dag.py:2585} INFO - Sync 1 DAGs
[2025-03-16T08:54:42.473+0000] {logging_mixin.py:120} INFO - [2025-03-16T08:54:42.473+0000] {dag.py:3340} INFO - Setting next_dagrun for example_bash_operator to 2025-03-15T00:00:00+00:00, run_after=2025-03-16T00:00:00+00:00
[2025-03-16T08:54:42.503+0000] {processor.py:176} INFO - Processing /home/airflow/.local/lib/python3.7/site-packages/airflow/example_dags/example_bash_operator.py took 0.225 seconds
[2025-03-16T08:55:12.626+0000] {processor.py:154} INFO - Started process (PID=2725) to work on /home/airflow/.local/lib/python3.7/site-packages/airflow/example_dags/example_bash_operator.py
[2025-03-16T08:55:12.629+0000] {processor.py:756} INFO - Processing file /home/airflow/.local/lib/python3.7/site-packages/airflow/example_dags/example_bash_operator.py for tasks to queue
[2025-03-16T08:55:12.631+0000] {logging_mixin.py:120} INFO - [2025-03-16T08:55:12.631+0000] {dagbag.py:537} INFO - Filling up the DagBag from /home/airflow/.local/lib/python3.7/site-packages/airflow/example_dags/example_bash_operator.py
[2025-03-16T08:55:12.694+0000] {processor.py:766} INFO - DAG(s) dict_keys(['example_bash_operator']) retrieved from /home/airflow/.local/lib/python3.7/site-packages/airflow/example_dags/example_bash_operator.py
[2025-03-16T08:55:12.796+0000] {logging_mixin.py:120} INFO - [2025-03-16T08:55:12.796+0000] {dag.py:2585} INFO - Sync 1 DAGs
[2025-03-16T08:55:12.860+0000] {logging_mixin.py:120} INFO - [2025-03-16T08:55:12.860+0000] {dag.py:3340} INFO - Setting next_dagrun for example_bash_operator to 2025-03-15T00:00:00+00:00, run_after=2025-03-16T00:00:00+00:00
[2025-03-16T08:55:12.892+0000] {processor.py:176} INFO - Processing /home/airflow/.local/lib/python3.7/site-packages/airflow/example_dags/example_bash_operator.py took 0.272 seconds
[2025-03-16T08:55:43.302+0000] {processor.py:154} INFO - Started process (PID=2787) to work on /home/airflow/.local/lib/python3.7/site-packages/airflow/example_dags/example_bash_operator.py
[2025-03-16T08:55:43.304+0000] {processor.py:756} INFO - Processing file /home/airflow/.local/lib/python3.7/site-packages/airflow/example_dags/example_bash_operator.py for tasks to queue
[2025-03-16T08:55:43.305+0000] {logging_mixin.py:120} INFO - [2025-03-16T08:55:43.305+0000] {dagbag.py:537} INFO - Filling up the DagBag from /home/airflow/.local/lib/python3.7/site-packages/airflow/example_dags/example_bash_operator.py
[2025-03-16T08:55:43.348+0000] {processor.py:766} INFO - DAG(s) dict_keys(['example_bash_operator']) retrieved from /home/airflow/.local/lib/python3.7/site-packages/airflow/example_dags/example_bash_operator.py
[2025-03-16T08:55:43.429+0000] {logging_mixin.py:120} INFO - [2025-03-16T08:55:43.429+0000] {dag.py:2585} INFO - Sync 1 DAGs
[2025-03-16T08:55:43.509+0000] {logging_mixin.py:120} INFO - [2025-03-16T08:55:43.509+0000] {dag.py:3340} INFO - Setting next_dagrun for example_bash_operator to 2025-03-15T00:00:00+00:00, run_after=2025-03-16T00:00:00+00:00
[2025-03-16T08:55:43.541+0000] {processor.py:176} INFO - Processing /home/airflow/.local/lib/python3.7/site-packages/airflow/example_dags/example_bash_operator.py took 0.243 seconds
[2025-03-16T08:56:13.823+0000] {processor.py:154} INFO - Started process (PID=2841) to work on /home/airflow/.local/lib/python3.7/site-packages/airflow/example_dags/example_bash_operator.py
[2025-03-16T08:56:13.826+0000] {processor.py:756} INFO - Processing file /home/airflow/.local/lib/python3.7/site-packages/airflow/example_dags/example_bash_operator.py for tasks to queue
[2025-03-16T08:56:13.829+0000] {logging_mixin.py:120} INFO - [2025-03-16T08:56:13.829+0000] {dagbag.py:537} INFO - Filling up the DagBag from /home/airflow/.local/lib/python3.7/site-packages/airflow/example_dags/example_bash_operator.py
[2025-03-16T08:56:13.871+0000] {processor.py:766} INFO - DAG(s) dict_keys(['example_bash_operator']) retrieved from /home/airflow/.local/lib/python3.7/site-packages/airflow/example_dags/example_bash_operator.py
[2025-03-16T08:56:13.957+0000] {logging_mixin.py:120} INFO - [2025-03-16T08:56:13.956+0000] {dag.py:2585} INFO - Sync 1 DAGs
[2025-03-16T08:56:14.010+0000] {logging_mixin.py:120} INFO - [2025-03-16T08:56:14.009+0000] {dag.py:3340} INFO - Setting next_dagrun for example_bash_operator to 2025-03-15T00:00:00+00:00, run_after=2025-03-16T00:00:00+00:00
[2025-03-16T08:56:14.039+0000] {processor.py:176} INFO - Processing /home/airflow/.local/lib/python3.7/site-packages/airflow/example_dags/example_bash_operator.py took 0.221 seconds
[2025-03-16T08:56:44.257+0000] {processor.py:154} INFO - Started process (PID=2904) to work on /home/airflow/.local/lib/python3.7/site-packages/airflow/example_dags/example_bash_operator.py
[2025-03-16T08:56:44.260+0000] {processor.py:756} INFO - Processing file /home/airflow/.local/lib/python3.7/site-packages/airflow/example_dags/example_bash_operator.py for tasks to queue
[2025-03-16T08:56:44.264+0000] {logging_mixin.py:120} INFO - [2025-03-16T08:56:44.263+0000] {dagbag.py:537} INFO - Filling up the DagBag from /home/airflow/.local/lib/python3.7/site-packages/airflow/example_dags/example_bash_operator.py
[2025-03-16T08:56:44.309+0000] {processor.py:766} INFO - DAG(s) dict_keys(['example_bash_operator']) retrieved from /home/airflow/.local/lib/python3.7/site-packages/airflow/example_dags/example_bash_operator.py
[2025-03-16T08:56:44.515+0000] {logging_mixin.py:120} INFO - [2025-03-16T08:56:44.515+0000] {dag.py:2585} INFO - Sync 1 DAGs
[2025-03-16T08:56:44.606+0000] {logging_mixin.py:120} INFO - [2025-03-16T08:56:44.605+0000] {dag.py:3340} INFO - Setting next_dagrun for example_bash_operator to 2025-03-15T00:00:00+00:00, run_after=2025-03-16T00:00:00+00:00
[2025-03-16T08:56:44.641+0000] {processor.py:176} INFO - Processing /home/airflow/.local/lib/python3.7/site-packages/airflow/example_dags/example_bash_operator.py took 0.390 seconds
