[2025-03-16T08:31:33.353+0000] {processor.py:154} INFO - Started process (PID=35) to work on /home/airflow/.local/lib/python3.7/site-packages/airflow/example_dags/example_trigger_controller_dag.py
[2025-03-16T08:31:33.357+0000] {processor.py:756} INFO - Processing file /home/airflow/.local/lib/python3.7/site-packages/airflow/example_dags/example_trigger_controller_dag.py for tasks to queue
[2025-03-16T08:31:33.366+0000] {logging_mixin.py:120} INFO - [2025-03-16T08:31:33.365+0000] {dagbag.py:537} INFO - Filling up the DagBag from /home/airflow/.local/lib/python3.7/site-packages/airflow/example_dags/example_trigger_controller_dag.py
[2025-03-16T08:31:33.506+0000] {processor.py:766} INFO - DAG(s) dict_keys(['example_trigger_controller_dag']) retrieved from /home/airflow/.local/lib/python3.7/site-packages/airflow/example_dags/example_trigger_controller_dag.py
[2025-03-16T08:31:34.095+0000] {logging_mixin.py:120} INFO - [2025-03-16T08:31:34.095+0000] {manager.py:507} INFO - Created Permission View: can read on DAG:example_trigger_controller_dag
[2025-03-16T08:31:34.119+0000] {logging_mixin.py:120} INFO - [2025-03-16T08:31:34.119+0000] {manager.py:507} INFO - Created Permission View: can edit on DAG:example_trigger_controller_dag
[2025-03-16T08:31:34.136+0000] {logging_mixin.py:120} INFO - [2025-03-16T08:31:34.136+0000] {manager.py:507} INFO - Created Permission View: can delete on DAG:example_trigger_controller_dag
[2025-03-16T08:31:34.137+0000] {logging_mixin.py:120} INFO - [2025-03-16T08:31:34.136+0000] {dag.py:2585} INFO - Sync 1 DAGs
[2025-03-16T08:31:34.180+0000] {logging_mixin.py:120} INFO - [2025-03-16T08:31:34.180+0000] {dag.py:2606} INFO - Creating ORM DAG for example_trigger_controller_dag
[2025-03-16T08:31:34.223+0000] {logging_mixin.py:120} INFO - [2025-03-16T08:31:34.222+0000] {dag.py:3340} INFO - Setting next_dagrun for example_trigger_controller_dag to 2021-01-01T00:00:00+00:00, run_after=2021-01-01T00:00:00+00:00
[2025-03-16T08:31:34.289+0000] {processor.py:176} INFO - Processing /home/airflow/.local/lib/python3.7/site-packages/airflow/example_dags/example_trigger_controller_dag.py took 0.952 seconds
[2025-03-16T08:32:04.783+0000] {processor.py:154} INFO - Started process (PID=89) to work on /home/airflow/.local/lib/python3.7/site-packages/airflow/example_dags/example_trigger_controller_dag.py
[2025-03-16T08:32:04.785+0000] {processor.py:756} INFO - Processing file /home/airflow/.local/lib/python3.7/site-packages/airflow/example_dags/example_trigger_controller_dag.py for tasks to queue
[2025-03-16T08:32:04.786+0000] {logging_mixin.py:120} INFO - [2025-03-16T08:32:04.786+0000] {dagbag.py:537} INFO - Filling up the DagBag from /home/airflow/.local/lib/python3.7/site-packages/airflow/example_dags/example_trigger_controller_dag.py
[2025-03-16T08:32:04.807+0000] {processor.py:766} INFO - DAG(s) dict_keys(['example_trigger_controller_dag']) retrieved from /home/airflow/.local/lib/python3.7/site-packages/airflow/example_dags/example_trigger_controller_dag.py
[2025-03-16T08:32:04.893+0000] {logging_mixin.py:120} INFO - [2025-03-16T08:32:04.893+0000] {dag.py:2585} INFO - Sync 1 DAGs
[2025-03-16T08:32:04.953+0000] {logging_mixin.py:120} INFO - [2025-03-16T08:32:04.951+0000] {dag.py:3340} INFO - Setting next_dagrun for example_trigger_controller_dag to 2021-01-01T00:00:00+00:00, run_after=2021-01-01T00:00:00+00:00
[2025-03-16T08:32:04.983+0000] {processor.py:176} INFO - Processing /home/airflow/.local/lib/python3.7/site-packages/airflow/example_dags/example_trigger_controller_dag.py took 0.207 seconds
[2025-03-16T08:32:35.301+0000] {processor.py:154} INFO - Started process (PID=153) to work on /home/airflow/.local/lib/python3.7/site-packages/airflow/example_dags/example_trigger_controller_dag.py
[2025-03-16T08:32:35.304+0000] {processor.py:756} INFO - Processing file /home/airflow/.local/lib/python3.7/site-packages/airflow/example_dags/example_trigger_controller_dag.py for tasks to queue
[2025-03-16T08:32:35.305+0000] {logging_mixin.py:120} INFO - [2025-03-16T08:32:35.305+0000] {dagbag.py:537} INFO - Filling up the DagBag from /home/airflow/.local/lib/python3.7/site-packages/airflow/example_dags/example_trigger_controller_dag.py
[2025-03-16T08:32:35.344+0000] {processor.py:766} INFO - DAG(s) dict_keys(['example_trigger_controller_dag']) retrieved from /home/airflow/.local/lib/python3.7/site-packages/airflow/example_dags/example_trigger_controller_dag.py
[2025-03-16T08:32:35.516+0000] {logging_mixin.py:120} INFO - [2025-03-16T08:32:35.515+0000] {dag.py:2585} INFO - Sync 1 DAGs
[2025-03-16T08:32:35.610+0000] {logging_mixin.py:120} INFO - [2025-03-16T08:32:35.610+0000] {dag.py:3340} INFO - Setting next_dagrun for example_trigger_controller_dag to 2021-01-01T00:00:00+00:00, run_after=2021-01-01T00:00:00+00:00
[2025-03-16T08:32:35.679+0000] {processor.py:176} INFO - Processing /home/airflow/.local/lib/python3.7/site-packages/airflow/example_dags/example_trigger_controller_dag.py took 0.394 seconds
[2025-03-16T08:33:06.799+0000] {processor.py:154} INFO - Started process (PID=206) to work on /home/airflow/.local/lib/python3.7/site-packages/airflow/example_dags/example_trigger_controller_dag.py
[2025-03-16T08:33:06.803+0000] {processor.py:756} INFO - Processing file /home/airflow/.local/lib/python3.7/site-packages/airflow/example_dags/example_trigger_controller_dag.py for tasks to queue
[2025-03-16T08:33:06.804+0000] {logging_mixin.py:120} INFO - [2025-03-16T08:33:06.804+0000] {dagbag.py:537} INFO - Filling up the DagBag from /home/airflow/.local/lib/python3.7/site-packages/airflow/example_dags/example_trigger_controller_dag.py
[2025-03-16T08:33:06.828+0000] {processor.py:766} INFO - DAG(s) dict_keys(['example_trigger_controller_dag']) retrieved from /home/airflow/.local/lib/python3.7/site-packages/airflow/example_dags/example_trigger_controller_dag.py
[2025-03-16T08:33:06.953+0000] {logging_mixin.py:120} INFO - [2025-03-16T08:33:06.953+0000] {dag.py:2585} INFO - Sync 1 DAGs
[2025-03-16T08:33:07.005+0000] {logging_mixin.py:120} INFO - [2025-03-16T08:33:07.005+0000] {dag.py:3340} INFO - Setting next_dagrun for example_trigger_controller_dag to 2021-01-01T00:00:00+00:00, run_after=2021-01-01T00:00:00+00:00
[2025-03-16T08:33:07.036+0000] {processor.py:176} INFO - Processing /home/airflow/.local/lib/python3.7/site-packages/airflow/example_dags/example_trigger_controller_dag.py took 0.254 seconds
[2025-03-16T08:33:38.062+0000] {processor.py:154} INFO - Started process (PID=269) to work on /home/airflow/.local/lib/python3.7/site-packages/airflow/example_dags/example_trigger_controller_dag.py
[2025-03-16T08:33:38.063+0000] {processor.py:756} INFO - Processing file /home/airflow/.local/lib/python3.7/site-packages/airflow/example_dags/example_trigger_controller_dag.py for tasks to queue
[2025-03-16T08:33:38.066+0000] {logging_mixin.py:120} INFO - [2025-03-16T08:33:38.066+0000] {dagbag.py:537} INFO - Filling up the DagBag from /home/airflow/.local/lib/python3.7/site-packages/airflow/example_dags/example_trigger_controller_dag.py
[2025-03-16T08:33:38.114+0000] {processor.py:766} INFO - DAG(s) dict_keys(['example_trigger_controller_dag']) retrieved from /home/airflow/.local/lib/python3.7/site-packages/airflow/example_dags/example_trigger_controller_dag.py
[2025-03-16T08:33:38.287+0000] {logging_mixin.py:120} INFO - [2025-03-16T08:33:38.287+0000] {dag.py:2585} INFO - Sync 1 DAGs
[2025-03-16T08:33:38.368+0000] {logging_mixin.py:120} INFO - [2025-03-16T08:33:38.368+0000] {dag.py:3340} INFO - Setting next_dagrun for example_trigger_controller_dag to 2021-01-01T00:00:00+00:00, run_after=2021-01-01T00:00:00+00:00
[2025-03-16T08:33:38.435+0000] {processor.py:176} INFO - Processing /home/airflow/.local/lib/python3.7/site-packages/airflow/example_dags/example_trigger_controller_dag.py took 0.389 seconds
[2025-03-16T08:34:08.692+0000] {processor.py:154} INFO - Started process (PID=324) to work on /home/airflow/.local/lib/python3.7/site-packages/airflow/example_dags/example_trigger_controller_dag.py
[2025-03-16T08:34:08.694+0000] {processor.py:756} INFO - Processing file /home/airflow/.local/lib/python3.7/site-packages/airflow/example_dags/example_trigger_controller_dag.py for tasks to queue
[2025-03-16T08:34:08.695+0000] {logging_mixin.py:120} INFO - [2025-03-16T08:34:08.695+0000] {dagbag.py:537} INFO - Filling up the DagBag from /home/airflow/.local/lib/python3.7/site-packages/airflow/example_dags/example_trigger_controller_dag.py
[2025-03-16T08:34:08.714+0000] {processor.py:766} INFO - DAG(s) dict_keys(['example_trigger_controller_dag']) retrieved from /home/airflow/.local/lib/python3.7/site-packages/airflow/example_dags/example_trigger_controller_dag.py
[2025-03-16T08:34:08.791+0000] {logging_mixin.py:120} INFO - [2025-03-16T08:34:08.791+0000] {dag.py:2585} INFO - Sync 1 DAGs
[2025-03-16T08:34:08.848+0000] {logging_mixin.py:120} INFO - [2025-03-16T08:34:08.848+0000] {dag.py:3340} INFO - Setting next_dagrun for example_trigger_controller_dag to 2021-01-01T00:00:00+00:00, run_after=2021-01-01T00:00:00+00:00
[2025-03-16T08:34:08.883+0000] {processor.py:176} INFO - Processing /home/airflow/.local/lib/python3.7/site-packages/airflow/example_dags/example_trigger_controller_dag.py took 0.196 seconds
[2025-03-16T08:34:39.089+0000] {processor.py:154} INFO - Started process (PID=383) to work on /home/airflow/.local/lib/python3.7/site-packages/airflow/example_dags/example_trigger_controller_dag.py
[2025-03-16T08:34:39.090+0000] {processor.py:756} INFO - Processing file /home/airflow/.local/lib/python3.7/site-packages/airflow/example_dags/example_trigger_controller_dag.py for tasks to queue
[2025-03-16T08:34:39.091+0000] {logging_mixin.py:120} INFO - [2025-03-16T08:34:39.091+0000] {dagbag.py:537} INFO - Filling up the DagBag from /home/airflow/.local/lib/python3.7/site-packages/airflow/example_dags/example_trigger_controller_dag.py
[2025-03-16T08:34:39.146+0000] {processor.py:766} INFO - DAG(s) dict_keys(['example_trigger_controller_dag']) retrieved from /home/airflow/.local/lib/python3.7/site-packages/airflow/example_dags/example_trigger_controller_dag.py
[2025-03-16T08:34:39.314+0000] {logging_mixin.py:120} INFO - [2025-03-16T08:34:39.313+0000] {dag.py:2585} INFO - Sync 1 DAGs
[2025-03-16T08:34:39.399+0000] {logging_mixin.py:120} INFO - [2025-03-16T08:34:39.399+0000] {dag.py:3340} INFO - Setting next_dagrun for example_trigger_controller_dag to 2021-01-01T00:00:00+00:00, run_after=2021-01-01T00:00:00+00:00
[2025-03-16T08:34:39.464+0000] {processor.py:176} INFO - Processing /home/airflow/.local/lib/python3.7/site-packages/airflow/example_dags/example_trigger_controller_dag.py took 0.382 seconds
[2025-03-16T08:35:10.225+0000] {processor.py:154} INFO - Started process (PID=440) to work on /home/airflow/.local/lib/python3.7/site-packages/airflow/example_dags/example_trigger_controller_dag.py
[2025-03-16T08:35:10.228+0000] {processor.py:756} INFO - Processing file /home/airflow/.local/lib/python3.7/site-packages/airflow/example_dags/example_trigger_controller_dag.py for tasks to queue
[2025-03-16T08:35:10.229+0000] {logging_mixin.py:120} INFO - [2025-03-16T08:35:10.229+0000] {dagbag.py:537} INFO - Filling up the DagBag from /home/airflow/.local/lib/python3.7/site-packages/airflow/example_dags/example_trigger_controller_dag.py
[2025-03-16T08:35:10.274+0000] {processor.py:766} INFO - DAG(s) dict_keys(['example_trigger_controller_dag']) retrieved from /home/airflow/.local/lib/python3.7/site-packages/airflow/example_dags/example_trigger_controller_dag.py
[2025-03-16T08:35:10.343+0000] {logging_mixin.py:120} INFO - [2025-03-16T08:35:10.343+0000] {dag.py:2585} INFO - Sync 1 DAGs
[2025-03-16T08:35:10.390+0000] {logging_mixin.py:120} INFO - [2025-03-16T08:35:10.390+0000] {dag.py:3340} INFO - Setting next_dagrun for example_trigger_controller_dag to 2021-01-01T00:00:00+00:00, run_after=2021-01-01T00:00:00+00:00
[2025-03-16T08:35:10.419+0000] {processor.py:176} INFO - Processing /home/airflow/.local/lib/python3.7/site-packages/airflow/example_dags/example_trigger_controller_dag.py took 0.200 seconds
[2025-03-16T08:35:40.550+0000] {processor.py:154} INFO - Started process (PID=494) to work on /home/airflow/.local/lib/python3.7/site-packages/airflow/example_dags/example_trigger_controller_dag.py
[2025-03-16T08:35:40.551+0000] {processor.py:756} INFO - Processing file /home/airflow/.local/lib/python3.7/site-packages/airflow/example_dags/example_trigger_controller_dag.py for tasks to queue
[2025-03-16T08:35:40.552+0000] {logging_mixin.py:120} INFO - [2025-03-16T08:35:40.552+0000] {dagbag.py:537} INFO - Filling up the DagBag from /home/airflow/.local/lib/python3.7/site-packages/airflow/example_dags/example_trigger_controller_dag.py
[2025-03-16T08:35:40.573+0000] {processor.py:766} INFO - DAG(s) dict_keys(['example_trigger_controller_dag']) retrieved from /home/airflow/.local/lib/python3.7/site-packages/airflow/example_dags/example_trigger_controller_dag.py
[2025-03-16T08:35:40.661+0000] {logging_mixin.py:120} INFO - [2025-03-16T08:35:40.661+0000] {dag.py:2585} INFO - Sync 1 DAGs
[2025-03-16T08:35:40.707+0000] {logging_mixin.py:120} INFO - [2025-03-16T08:35:40.707+0000] {dag.py:3340} INFO - Setting next_dagrun for example_trigger_controller_dag to 2021-01-01T00:00:00+00:00, run_after=2021-01-01T00:00:00+00:00
[2025-03-16T08:35:40.734+0000] {processor.py:176} INFO - Processing /home/airflow/.local/lib/python3.7/site-packages/airflow/example_dags/example_trigger_controller_dag.py took 0.199 seconds
[2025-03-16T08:36:10.788+0000] {processor.py:154} INFO - Started process (PID=557) to work on /home/airflow/.local/lib/python3.7/site-packages/airflow/example_dags/example_trigger_controller_dag.py
[2025-03-16T08:36:10.790+0000] {processor.py:756} INFO - Processing file /home/airflow/.local/lib/python3.7/site-packages/airflow/example_dags/example_trigger_controller_dag.py for tasks to queue
[2025-03-16T08:36:10.791+0000] {logging_mixin.py:120} INFO - [2025-03-16T08:36:10.790+0000] {dagbag.py:537} INFO - Filling up the DagBag from /home/airflow/.local/lib/python3.7/site-packages/airflow/example_dags/example_trigger_controller_dag.py
[2025-03-16T08:36:10.812+0000] {processor.py:766} INFO - DAG(s) dict_keys(['example_trigger_controller_dag']) retrieved from /home/airflow/.local/lib/python3.7/site-packages/airflow/example_dags/example_trigger_controller_dag.py
[2025-03-16T08:36:10.897+0000] {logging_mixin.py:120} INFO - [2025-03-16T08:36:10.896+0000] {dag.py:2585} INFO - Sync 1 DAGs
[2025-03-16T08:36:10.946+0000] {logging_mixin.py:120} INFO - [2025-03-16T08:36:10.946+0000] {dag.py:3340} INFO - Setting next_dagrun for example_trigger_controller_dag to 2021-01-01T00:00:00+00:00, run_after=2021-01-01T00:00:00+00:00
[2025-03-16T08:36:10.979+0000] {processor.py:176} INFO - Processing /home/airflow/.local/lib/python3.7/site-packages/airflow/example_dags/example_trigger_controller_dag.py took 0.200 seconds
[2025-03-16T08:36:41.649+0000] {processor.py:154} INFO - Started process (PID=611) to work on /home/airflow/.local/lib/python3.7/site-packages/airflow/example_dags/example_trigger_controller_dag.py
[2025-03-16T08:36:41.650+0000] {processor.py:756} INFO - Processing file /home/airflow/.local/lib/python3.7/site-packages/airflow/example_dags/example_trigger_controller_dag.py for tasks to queue
[2025-03-16T08:36:41.651+0000] {logging_mixin.py:120} INFO - [2025-03-16T08:36:41.651+0000] {dagbag.py:537} INFO - Filling up the DagBag from /home/airflow/.local/lib/python3.7/site-packages/airflow/example_dags/example_trigger_controller_dag.py
[2025-03-16T08:36:41.674+0000] {processor.py:766} INFO - DAG(s) dict_keys(['example_trigger_controller_dag']) retrieved from /home/airflow/.local/lib/python3.7/site-packages/airflow/example_dags/example_trigger_controller_dag.py
[2025-03-16T08:36:41.747+0000] {logging_mixin.py:120} INFO - [2025-03-16T08:36:41.746+0000] {dag.py:2585} INFO - Sync 1 DAGs
[2025-03-16T08:36:41.793+0000] {logging_mixin.py:120} INFO - [2025-03-16T08:36:41.793+0000] {dag.py:3340} INFO - Setting next_dagrun for example_trigger_controller_dag to 2021-01-01T00:00:00+00:00, run_after=2021-01-01T00:00:00+00:00
[2025-03-16T08:36:41.821+0000] {processor.py:176} INFO - Processing /home/airflow/.local/lib/python3.7/site-packages/airflow/example_dags/example_trigger_controller_dag.py took 0.187 seconds
[2025-03-16T08:37:12.135+0000] {processor.py:154} INFO - Started process (PID=673) to work on /home/airflow/.local/lib/python3.7/site-packages/airflow/example_dags/example_trigger_controller_dag.py
[2025-03-16T08:37:12.138+0000] {processor.py:756} INFO - Processing file /home/airflow/.local/lib/python3.7/site-packages/airflow/example_dags/example_trigger_controller_dag.py for tasks to queue
[2025-03-16T08:37:12.139+0000] {logging_mixin.py:120} INFO - [2025-03-16T08:37:12.139+0000] {dagbag.py:537} INFO - Filling up the DagBag from /home/airflow/.local/lib/python3.7/site-packages/airflow/example_dags/example_trigger_controller_dag.py
[2025-03-16T08:37:12.164+0000] {processor.py:766} INFO - DAG(s) dict_keys(['example_trigger_controller_dag']) retrieved from /home/airflow/.local/lib/python3.7/site-packages/airflow/example_dags/example_trigger_controller_dag.py
[2025-03-16T08:37:12.251+0000] {logging_mixin.py:120} INFO - [2025-03-16T08:37:12.251+0000] {dag.py:2585} INFO - Sync 1 DAGs
[2025-03-16T08:37:12.310+0000] {logging_mixin.py:120} INFO - [2025-03-16T08:37:12.310+0000] {dag.py:3340} INFO - Setting next_dagrun for example_trigger_controller_dag to 2021-01-01T00:00:00+00:00, run_after=2021-01-01T00:00:00+00:00
[2025-03-16T08:37:12.345+0000] {processor.py:176} INFO - Processing /home/airflow/.local/lib/python3.7/site-packages/airflow/example_dags/example_trigger_controller_dag.py took 0.216 seconds
[2025-03-16T08:37:43.100+0000] {processor.py:154} INFO - Started process (PID=727) to work on /home/airflow/.local/lib/python3.7/site-packages/airflow/example_dags/example_trigger_controller_dag.py
[2025-03-16T08:37:43.102+0000] {processor.py:756} INFO - Processing file /home/airflow/.local/lib/python3.7/site-packages/airflow/example_dags/example_trigger_controller_dag.py for tasks to queue
[2025-03-16T08:37:43.106+0000] {logging_mixin.py:120} INFO - [2025-03-16T08:37:43.105+0000] {dagbag.py:537} INFO - Filling up the DagBag from /home/airflow/.local/lib/python3.7/site-packages/airflow/example_dags/example_trigger_controller_dag.py
[2025-03-16T08:37:43.126+0000] {processor.py:766} INFO - DAG(s) dict_keys(['example_trigger_controller_dag']) retrieved from /home/airflow/.local/lib/python3.7/site-packages/airflow/example_dags/example_trigger_controller_dag.py
[2025-03-16T08:37:43.228+0000] {logging_mixin.py:120} INFO - [2025-03-16T08:37:43.228+0000] {dag.py:2585} INFO - Sync 1 DAGs
[2025-03-16T08:37:43.293+0000] {logging_mixin.py:120} INFO - [2025-03-16T08:37:43.293+0000] {dag.py:3340} INFO - Setting next_dagrun for example_trigger_controller_dag to 2021-01-01T00:00:00+00:00, run_after=2021-01-01T00:00:00+00:00
[2025-03-16T08:37:43.331+0000] {processor.py:176} INFO - Processing /home/airflow/.local/lib/python3.7/site-packages/airflow/example_dags/example_trigger_controller_dag.py took 0.240 seconds
[2025-03-16T08:38:13.631+0000] {processor.py:154} INFO - Started process (PID=791) to work on /home/airflow/.local/lib/python3.7/site-packages/airflow/example_dags/example_trigger_controller_dag.py
[2025-03-16T08:38:13.634+0000] {processor.py:756} INFO - Processing file /home/airflow/.local/lib/python3.7/site-packages/airflow/example_dags/example_trigger_controller_dag.py for tasks to queue
[2025-03-16T08:38:13.636+0000] {logging_mixin.py:120} INFO - [2025-03-16T08:38:13.635+0000] {dagbag.py:537} INFO - Filling up the DagBag from /home/airflow/.local/lib/python3.7/site-packages/airflow/example_dags/example_trigger_controller_dag.py
[2025-03-16T08:38:13.661+0000] {processor.py:766} INFO - DAG(s) dict_keys(['example_trigger_controller_dag']) retrieved from /home/airflow/.local/lib/python3.7/site-packages/airflow/example_dags/example_trigger_controller_dag.py
[2025-03-16T08:38:13.757+0000] {logging_mixin.py:120} INFO - [2025-03-16T08:38:13.756+0000] {dag.py:2585} INFO - Sync 1 DAGs
[2025-03-16T08:38:13.809+0000] {logging_mixin.py:120} INFO - [2025-03-16T08:38:13.809+0000] {dag.py:3340} INFO - Setting next_dagrun for example_trigger_controller_dag to 2021-01-01T00:00:00+00:00, run_after=2021-01-01T00:00:00+00:00
[2025-03-16T08:38:13.842+0000] {processor.py:176} INFO - Processing /home/airflow/.local/lib/python3.7/site-packages/airflow/example_dags/example_trigger_controller_dag.py took 0.219 seconds
[2025-03-16T08:38:44.061+0000] {processor.py:154} INFO - Started process (PID=845) to work on /home/airflow/.local/lib/python3.7/site-packages/airflow/example_dags/example_trigger_controller_dag.py
[2025-03-16T08:38:44.064+0000] {processor.py:756} INFO - Processing file /home/airflow/.local/lib/python3.7/site-packages/airflow/example_dags/example_trigger_controller_dag.py for tasks to queue
[2025-03-16T08:38:44.066+0000] {logging_mixin.py:120} INFO - [2025-03-16T08:38:44.065+0000] {dagbag.py:537} INFO - Filling up the DagBag from /home/airflow/.local/lib/python3.7/site-packages/airflow/example_dags/example_trigger_controller_dag.py
[2025-03-16T08:38:44.089+0000] {processor.py:766} INFO - DAG(s) dict_keys(['example_trigger_controller_dag']) retrieved from /home/airflow/.local/lib/python3.7/site-packages/airflow/example_dags/example_trigger_controller_dag.py
[2025-03-16T08:38:44.190+0000] {logging_mixin.py:120} INFO - [2025-03-16T08:38:44.189+0000] {dag.py:2585} INFO - Sync 1 DAGs
[2025-03-16T08:38:44.249+0000] {logging_mixin.py:120} INFO - [2025-03-16T08:38:44.249+0000] {dag.py:3340} INFO - Setting next_dagrun for example_trigger_controller_dag to 2021-01-01T00:00:00+00:00, run_after=2021-01-01T00:00:00+00:00
[2025-03-16T08:38:44.295+0000] {processor.py:176} INFO - Processing /home/airflow/.local/lib/python3.7/site-packages/airflow/example_dags/example_trigger_controller_dag.py took 0.240 seconds
[2025-03-16T08:39:14.690+0000] {processor.py:154} INFO - Started process (PID=908) to work on /home/airflow/.local/lib/python3.7/site-packages/airflow/example_dags/example_trigger_controller_dag.py
[2025-03-16T08:39:14.694+0000] {processor.py:756} INFO - Processing file /home/airflow/.local/lib/python3.7/site-packages/airflow/example_dags/example_trigger_controller_dag.py for tasks to queue
[2025-03-16T08:39:14.695+0000] {logging_mixin.py:120} INFO - [2025-03-16T08:39:14.695+0000] {dagbag.py:537} INFO - Filling up the DagBag from /home/airflow/.local/lib/python3.7/site-packages/airflow/example_dags/example_trigger_controller_dag.py
[2025-03-16T08:39:14.744+0000] {processor.py:766} INFO - DAG(s) dict_keys(['example_trigger_controller_dag']) retrieved from /home/airflow/.local/lib/python3.7/site-packages/airflow/example_dags/example_trigger_controller_dag.py
[2025-03-16T08:39:14.828+0000] {logging_mixin.py:120} INFO - [2025-03-16T08:39:14.827+0000] {dag.py:2585} INFO - Sync 1 DAGs
[2025-03-16T08:39:14.883+0000] {logging_mixin.py:120} INFO - [2025-03-16T08:39:14.883+0000] {dag.py:3340} INFO - Setting next_dagrun for example_trigger_controller_dag to 2021-01-01T00:00:00+00:00, run_after=2021-01-01T00:00:00+00:00
[2025-03-16T08:39:14.922+0000] {processor.py:176} INFO - Processing /home/airflow/.local/lib/python3.7/site-packages/airflow/example_dags/example_trigger_controller_dag.py took 0.244 seconds
[2025-03-16T08:39:45.239+0000] {processor.py:154} INFO - Started process (PID=962) to work on /home/airflow/.local/lib/python3.7/site-packages/airflow/example_dags/example_trigger_controller_dag.py
[2025-03-16T08:39:45.240+0000] {processor.py:756} INFO - Processing file /home/airflow/.local/lib/python3.7/site-packages/airflow/example_dags/example_trigger_controller_dag.py for tasks to queue
[2025-03-16T08:39:45.242+0000] {logging_mixin.py:120} INFO - [2025-03-16T08:39:45.242+0000] {dagbag.py:537} INFO - Filling up the DagBag from /home/airflow/.local/lib/python3.7/site-packages/airflow/example_dags/example_trigger_controller_dag.py
[2025-03-16T08:39:45.277+0000] {processor.py:766} INFO - DAG(s) dict_keys(['example_trigger_controller_dag']) retrieved from /home/airflow/.local/lib/python3.7/site-packages/airflow/example_dags/example_trigger_controller_dag.py
[2025-03-16T08:39:45.402+0000] {logging_mixin.py:120} INFO - [2025-03-16T08:39:45.402+0000] {dag.py:2585} INFO - Sync 1 DAGs
[2025-03-16T08:39:45.452+0000] {logging_mixin.py:120} INFO - [2025-03-16T08:39:45.452+0000] {dag.py:3340} INFO - Setting next_dagrun for example_trigger_controller_dag to 2021-01-01T00:00:00+00:00, run_after=2021-01-01T00:00:00+00:00
[2025-03-16T08:39:45.482+0000] {processor.py:176} INFO - Processing /home/airflow/.local/lib/python3.7/site-packages/airflow/example_dags/example_trigger_controller_dag.py took 0.257 seconds
[2025-03-16T08:40:16.224+0000] {processor.py:154} INFO - Started process (PID=1025) to work on /home/airflow/.local/lib/python3.7/site-packages/airflow/example_dags/example_trigger_controller_dag.py
[2025-03-16T08:40:16.229+0000] {processor.py:756} INFO - Processing file /home/airflow/.local/lib/python3.7/site-packages/airflow/example_dags/example_trigger_controller_dag.py for tasks to queue
[2025-03-16T08:40:16.230+0000] {logging_mixin.py:120} INFO - [2025-03-16T08:40:16.230+0000] {dagbag.py:537} INFO - Filling up the DagBag from /home/airflow/.local/lib/python3.7/site-packages/airflow/example_dags/example_trigger_controller_dag.py
[2025-03-16T08:40:16.266+0000] {processor.py:766} INFO - DAG(s) dict_keys(['example_trigger_controller_dag']) retrieved from /home/airflow/.local/lib/python3.7/site-packages/airflow/example_dags/example_trigger_controller_dag.py
[2025-03-16T08:40:16.404+0000] {logging_mixin.py:120} INFO - [2025-03-16T08:40:16.404+0000] {dag.py:2585} INFO - Sync 1 DAGs
[2025-03-16T08:40:16.484+0000] {logging_mixin.py:120} INFO - [2025-03-16T08:40:16.484+0000] {dag.py:3340} INFO - Setting next_dagrun for example_trigger_controller_dag to 2021-01-01T00:00:00+00:00, run_after=2021-01-01T00:00:00+00:00
[2025-03-16T08:40:16.526+0000] {processor.py:176} INFO - Processing /home/airflow/.local/lib/python3.7/site-packages/airflow/example_dags/example_trigger_controller_dag.py took 0.316 seconds
[2025-03-16T08:40:47.525+0000] {processor.py:154} INFO - Started process (PID=1079) to work on /home/airflow/.local/lib/python3.7/site-packages/airflow/example_dags/example_trigger_controller_dag.py
[2025-03-16T08:40:47.529+0000] {processor.py:756} INFO - Processing file /home/airflow/.local/lib/python3.7/site-packages/airflow/example_dags/example_trigger_controller_dag.py for tasks to queue
[2025-03-16T08:40:47.532+0000] {logging_mixin.py:120} INFO - [2025-03-16T08:40:47.530+0000] {dagbag.py:537} INFO - Filling up the DagBag from /home/airflow/.local/lib/python3.7/site-packages/airflow/example_dags/example_trigger_controller_dag.py
[2025-03-16T08:40:47.566+0000] {processor.py:766} INFO - DAG(s) dict_keys(['example_trigger_controller_dag']) retrieved from /home/airflow/.local/lib/python3.7/site-packages/airflow/example_dags/example_trigger_controller_dag.py
[2025-03-16T08:40:47.659+0000] {logging_mixin.py:120} INFO - [2025-03-16T08:40:47.659+0000] {dag.py:2585} INFO - Sync 1 DAGs
[2025-03-16T08:40:47.708+0000] {logging_mixin.py:120} INFO - [2025-03-16T08:40:47.707+0000] {dag.py:3340} INFO - Setting next_dagrun for example_trigger_controller_dag to 2021-01-01T00:00:00+00:00, run_after=2021-01-01T00:00:00+00:00
[2025-03-16T08:40:47.737+0000] {processor.py:176} INFO - Processing /home/airflow/.local/lib/python3.7/site-packages/airflow/example_dags/example_trigger_controller_dag.py took 0.226 seconds
[2025-03-16T08:41:18.553+0000] {processor.py:154} INFO - Started process (PID=1142) to work on /home/airflow/.local/lib/python3.7/site-packages/airflow/example_dags/example_trigger_controller_dag.py
[2025-03-16T08:41:18.558+0000] {processor.py:756} INFO - Processing file /home/airflow/.local/lib/python3.7/site-packages/airflow/example_dags/example_trigger_controller_dag.py for tasks to queue
[2025-03-16T08:41:18.562+0000] {logging_mixin.py:120} INFO - [2025-03-16T08:41:18.562+0000] {dagbag.py:537} INFO - Filling up the DagBag from /home/airflow/.local/lib/python3.7/site-packages/airflow/example_dags/example_trigger_controller_dag.py
[2025-03-16T08:41:18.603+0000] {processor.py:766} INFO - DAG(s) dict_keys(['example_trigger_controller_dag']) retrieved from /home/airflow/.local/lib/python3.7/site-packages/airflow/example_dags/example_trigger_controller_dag.py
[2025-03-16T08:41:18.699+0000] {logging_mixin.py:120} INFO - [2025-03-16T08:41:18.699+0000] {dag.py:2585} INFO - Sync 1 DAGs
[2025-03-16T08:41:18.779+0000] {logging_mixin.py:120} INFO - [2025-03-16T08:41:18.779+0000] {dag.py:3340} INFO - Setting next_dagrun for example_trigger_controller_dag to 2021-01-01T00:00:00+00:00, run_after=2021-01-01T00:00:00+00:00
[2025-03-16T08:41:18.850+0000] {processor.py:176} INFO - Processing /home/airflow/.local/lib/python3.7/site-packages/airflow/example_dags/example_trigger_controller_dag.py took 0.310 seconds
[2025-03-16T08:41:49.621+0000] {processor.py:154} INFO - Started process (PID=1196) to work on /home/airflow/.local/lib/python3.7/site-packages/airflow/example_dags/example_trigger_controller_dag.py
[2025-03-16T08:41:49.625+0000] {processor.py:756} INFO - Processing file /home/airflow/.local/lib/python3.7/site-packages/airflow/example_dags/example_trigger_controller_dag.py for tasks to queue
[2025-03-16T08:41:49.626+0000] {logging_mixin.py:120} INFO - [2025-03-16T08:41:49.626+0000] {dagbag.py:537} INFO - Filling up the DagBag from /home/airflow/.local/lib/python3.7/site-packages/airflow/example_dags/example_trigger_controller_dag.py
[2025-03-16T08:41:49.648+0000] {processor.py:766} INFO - DAG(s) dict_keys(['example_trigger_controller_dag']) retrieved from /home/airflow/.local/lib/python3.7/site-packages/airflow/example_dags/example_trigger_controller_dag.py
[2025-03-16T08:41:49.737+0000] {logging_mixin.py:120} INFO - [2025-03-16T08:41:49.737+0000] {dag.py:2585} INFO - Sync 1 DAGs
[2025-03-16T08:41:49.796+0000] {logging_mixin.py:120} INFO - [2025-03-16T08:41:49.796+0000] {dag.py:3340} INFO - Setting next_dagrun for example_trigger_controller_dag to 2021-01-01T00:00:00+00:00, run_after=2021-01-01T00:00:00+00:00
[2025-03-16T08:41:49.828+0000] {processor.py:176} INFO - Processing /home/airflow/.local/lib/python3.7/site-packages/airflow/example_dags/example_trigger_controller_dag.py took 0.224 seconds
[2025-03-16T08:42:20.659+0000] {processor.py:154} INFO - Started process (PID=1259) to work on /home/airflow/.local/lib/python3.7/site-packages/airflow/example_dags/example_trigger_controller_dag.py
[2025-03-16T08:42:20.662+0000] {processor.py:756} INFO - Processing file /home/airflow/.local/lib/python3.7/site-packages/airflow/example_dags/example_trigger_controller_dag.py for tasks to queue
[2025-03-16T08:42:20.666+0000] {logging_mixin.py:120} INFO - [2025-03-16T08:42:20.664+0000] {dagbag.py:537} INFO - Filling up the DagBag from /home/airflow/.local/lib/python3.7/site-packages/airflow/example_dags/example_trigger_controller_dag.py
[2025-03-16T08:42:20.708+0000] {processor.py:766} INFO - DAG(s) dict_keys(['example_trigger_controller_dag']) retrieved from /home/airflow/.local/lib/python3.7/site-packages/airflow/example_dags/example_trigger_controller_dag.py
[2025-03-16T08:42:20.864+0000] {logging_mixin.py:120} INFO - [2025-03-16T08:42:20.864+0000] {dag.py:2585} INFO - Sync 1 DAGs
[2025-03-16T08:42:20.945+0000] {logging_mixin.py:120} INFO - [2025-03-16T08:42:20.943+0000] {dag.py:3340} INFO - Setting next_dagrun for example_trigger_controller_dag to 2021-01-01T00:00:00+00:00, run_after=2021-01-01T00:00:00+00:00
[2025-03-16T08:42:21.006+0000] {processor.py:176} INFO - Processing /home/airflow/.local/lib/python3.7/site-packages/airflow/example_dags/example_trigger_controller_dag.py took 0.358 seconds
[2025-03-16T08:42:51.300+0000] {processor.py:154} INFO - Started process (PID=1313) to work on /home/airflow/.local/lib/python3.7/site-packages/airflow/example_dags/example_trigger_controller_dag.py
[2025-03-16T08:42:51.303+0000] {processor.py:756} INFO - Processing file /home/airflow/.local/lib/python3.7/site-packages/airflow/example_dags/example_trigger_controller_dag.py for tasks to queue
[2025-03-16T08:42:51.304+0000] {logging_mixin.py:120} INFO - [2025-03-16T08:42:51.304+0000] {dagbag.py:537} INFO - Filling up the DagBag from /home/airflow/.local/lib/python3.7/site-packages/airflow/example_dags/example_trigger_controller_dag.py
[2025-03-16T08:42:51.356+0000] {processor.py:766} INFO - DAG(s) dict_keys(['example_trigger_controller_dag']) retrieved from /home/airflow/.local/lib/python3.7/site-packages/airflow/example_dags/example_trigger_controller_dag.py
[2025-03-16T08:42:51.451+0000] {logging_mixin.py:120} INFO - [2025-03-16T08:42:51.450+0000] {dag.py:2585} INFO - Sync 1 DAGs
[2025-03-16T08:42:51.502+0000] {logging_mixin.py:120} INFO - [2025-03-16T08:42:51.502+0000] {dag.py:3340} INFO - Setting next_dagrun for example_trigger_controller_dag to 2021-01-01T00:00:00+00:00, run_after=2021-01-01T00:00:00+00:00
[2025-03-16T08:42:51.543+0000] {processor.py:176} INFO - Processing /home/airflow/.local/lib/python3.7/site-packages/airflow/example_dags/example_trigger_controller_dag.py took 0.251 seconds
[2025-03-16T08:43:22.460+0000] {processor.py:154} INFO - Started process (PID=1376) to work on /home/airflow/.local/lib/python3.7/site-packages/airflow/example_dags/example_trigger_controller_dag.py
[2025-03-16T08:43:22.462+0000] {processor.py:756} INFO - Processing file /home/airflow/.local/lib/python3.7/site-packages/airflow/example_dags/example_trigger_controller_dag.py for tasks to queue
[2025-03-16T08:43:22.463+0000] {logging_mixin.py:120} INFO - [2025-03-16T08:43:22.463+0000] {dagbag.py:537} INFO - Filling up the DagBag from /home/airflow/.local/lib/python3.7/site-packages/airflow/example_dags/example_trigger_controller_dag.py
[2025-03-16T08:43:22.499+0000] {processor.py:766} INFO - DAG(s) dict_keys(['example_trigger_controller_dag']) retrieved from /home/airflow/.local/lib/python3.7/site-packages/airflow/example_dags/example_trigger_controller_dag.py
[2025-03-16T08:43:22.614+0000] {logging_mixin.py:120} INFO - [2025-03-16T08:43:22.613+0000] {dag.py:2585} INFO - Sync 1 DAGs
[2025-03-16T08:43:22.720+0000] {logging_mixin.py:120} INFO - [2025-03-16T08:43:22.719+0000] {dag.py:3340} INFO - Setting next_dagrun for example_trigger_controller_dag to 2021-01-01T00:00:00+00:00, run_after=2021-01-01T00:00:00+00:00
[2025-03-16T08:43:22.802+0000] {processor.py:176} INFO - Processing /home/airflow/.local/lib/python3.7/site-packages/airflow/example_dags/example_trigger_controller_dag.py took 0.360 seconds
[2025-03-16T08:43:53.088+0000] {processor.py:154} INFO - Started process (PID=1430) to work on /home/airflow/.local/lib/python3.7/site-packages/airflow/example_dags/example_trigger_controller_dag.py
[2025-03-16T08:43:53.091+0000] {processor.py:756} INFO - Processing file /home/airflow/.local/lib/python3.7/site-packages/airflow/example_dags/example_trigger_controller_dag.py for tasks to queue
[2025-03-16T08:43:53.093+0000] {logging_mixin.py:120} INFO - [2025-03-16T08:43:53.092+0000] {dagbag.py:537} INFO - Filling up the DagBag from /home/airflow/.local/lib/python3.7/site-packages/airflow/example_dags/example_trigger_controller_dag.py
[2025-03-16T08:43:53.113+0000] {processor.py:766} INFO - DAG(s) dict_keys(['example_trigger_controller_dag']) retrieved from /home/airflow/.local/lib/python3.7/site-packages/airflow/example_dags/example_trigger_controller_dag.py
[2025-03-16T08:43:53.194+0000] {logging_mixin.py:120} INFO - [2025-03-16T08:43:53.193+0000] {dag.py:2585} INFO - Sync 1 DAGs
[2025-03-16T08:43:53.245+0000] {logging_mixin.py:120} INFO - [2025-03-16T08:43:53.245+0000] {dag.py:3340} INFO - Setting next_dagrun for example_trigger_controller_dag to 2021-01-01T00:00:00+00:00, run_after=2021-01-01T00:00:00+00:00
[2025-03-16T08:43:53.276+0000] {processor.py:176} INFO - Processing /home/airflow/.local/lib/python3.7/site-packages/airflow/example_dags/example_trigger_controller_dag.py took 0.205 seconds
[2025-03-16T08:44:23.367+0000] {processor.py:154} INFO - Started process (PID=1484) to work on /home/airflow/.local/lib/python3.7/site-packages/airflow/example_dags/example_trigger_controller_dag.py
[2025-03-16T08:44:23.369+0000] {processor.py:756} INFO - Processing file /home/airflow/.local/lib/python3.7/site-packages/airflow/example_dags/example_trigger_controller_dag.py for tasks to queue
[2025-03-16T08:44:23.370+0000] {logging_mixin.py:120} INFO - [2025-03-16T08:44:23.369+0000] {dagbag.py:537} INFO - Filling up the DagBag from /home/airflow/.local/lib/python3.7/site-packages/airflow/example_dags/example_trigger_controller_dag.py
[2025-03-16T08:44:23.393+0000] {processor.py:766} INFO - DAG(s) dict_keys(['example_trigger_controller_dag']) retrieved from /home/airflow/.local/lib/python3.7/site-packages/airflow/example_dags/example_trigger_controller_dag.py
[2025-03-16T08:44:23.478+0000] {logging_mixin.py:120} INFO - [2025-03-16T08:44:23.477+0000] {dag.py:2585} INFO - Sync 1 DAGs
[2025-03-16T08:44:23.547+0000] {logging_mixin.py:120} INFO - [2025-03-16T08:44:23.547+0000] {dag.py:3340} INFO - Setting next_dagrun for example_trigger_controller_dag to 2021-01-01T00:00:00+00:00, run_after=2021-01-01T00:00:00+00:00
[2025-03-16T08:44:23.621+0000] {processor.py:176} INFO - Processing /home/airflow/.local/lib/python3.7/site-packages/airflow/example_dags/example_trigger_controller_dag.py took 0.261 seconds
[2025-03-16T08:44:54.438+0000] {processor.py:154} INFO - Started process (PID=1548) to work on /home/airflow/.local/lib/python3.7/site-packages/airflow/example_dags/example_trigger_controller_dag.py
[2025-03-16T08:44:54.440+0000] {processor.py:756} INFO - Processing file /home/airflow/.local/lib/python3.7/site-packages/airflow/example_dags/example_trigger_controller_dag.py for tasks to queue
[2025-03-16T08:44:54.441+0000] {logging_mixin.py:120} INFO - [2025-03-16T08:44:54.441+0000] {dagbag.py:537} INFO - Filling up the DagBag from /home/airflow/.local/lib/python3.7/site-packages/airflow/example_dags/example_trigger_controller_dag.py
[2025-03-16T08:44:54.465+0000] {processor.py:766} INFO - DAG(s) dict_keys(['example_trigger_controller_dag']) retrieved from /home/airflow/.local/lib/python3.7/site-packages/airflow/example_dags/example_trigger_controller_dag.py
[2025-03-16T08:44:54.544+0000] {logging_mixin.py:120} INFO - [2025-03-16T08:44:54.544+0000] {dag.py:2585} INFO - Sync 1 DAGs
[2025-03-16T08:44:54.606+0000] {logging_mixin.py:120} INFO - [2025-03-16T08:44:54.604+0000] {dag.py:3340} INFO - Setting next_dagrun for example_trigger_controller_dag to 2021-01-01T00:00:00+00:00, run_after=2021-01-01T00:00:00+00:00
[2025-03-16T08:44:54.667+0000] {processor.py:176} INFO - Processing /home/airflow/.local/lib/python3.7/site-packages/airflow/example_dags/example_trigger_controller_dag.py took 0.239 seconds
[2025-03-16T08:45:24.916+0000] {processor.py:154} INFO - Started process (PID=1608) to work on /home/airflow/.local/lib/python3.7/site-packages/airflow/example_dags/example_trigger_controller_dag.py
[2025-03-16T08:45:24.919+0000] {processor.py:756} INFO - Processing file /home/airflow/.local/lib/python3.7/site-packages/airflow/example_dags/example_trigger_controller_dag.py for tasks to queue
[2025-03-16T08:45:24.920+0000] {logging_mixin.py:120} INFO - [2025-03-16T08:45:24.920+0000] {dagbag.py:537} INFO - Filling up the DagBag from /home/airflow/.local/lib/python3.7/site-packages/airflow/example_dags/example_trigger_controller_dag.py
[2025-03-16T08:45:24.963+0000] {processor.py:766} INFO - DAG(s) dict_keys(['example_trigger_controller_dag']) retrieved from /home/airflow/.local/lib/python3.7/site-packages/airflow/example_dags/example_trigger_controller_dag.py
[2025-03-16T08:45:25.151+0000] {logging_mixin.py:120} INFO - [2025-03-16T08:45:25.151+0000] {dag.py:2585} INFO - Sync 1 DAGs
[2025-03-16T08:45:25.220+0000] {logging_mixin.py:120} INFO - [2025-03-16T08:45:25.220+0000] {dag.py:3340} INFO - Setting next_dagrun for example_trigger_controller_dag to 2021-01-01T00:00:00+00:00, run_after=2021-01-01T00:00:00+00:00
[2025-03-16T08:45:25.278+0000] {processor.py:176} INFO - Processing /home/airflow/.local/lib/python3.7/site-packages/airflow/example_dags/example_trigger_controller_dag.py took 0.374 seconds
[2025-03-16T08:45:55.900+0000] {processor.py:154} INFO - Started process (PID=1665) to work on /home/airflow/.local/lib/python3.7/site-packages/airflow/example_dags/example_trigger_controller_dag.py
[2025-03-16T08:45:55.901+0000] {processor.py:756} INFO - Processing file /home/airflow/.local/lib/python3.7/site-packages/airflow/example_dags/example_trigger_controller_dag.py for tasks to queue
[2025-03-16T08:45:55.902+0000] {logging_mixin.py:120} INFO - [2025-03-16T08:45:55.902+0000] {dagbag.py:537} INFO - Filling up the DagBag from /home/airflow/.local/lib/python3.7/site-packages/airflow/example_dags/example_trigger_controller_dag.py
[2025-03-16T08:45:55.928+0000] {processor.py:766} INFO - DAG(s) dict_keys(['example_trigger_controller_dag']) retrieved from /home/airflow/.local/lib/python3.7/site-packages/airflow/example_dags/example_trigger_controller_dag.py
[2025-03-16T08:45:56.006+0000] {logging_mixin.py:120} INFO - [2025-03-16T08:45:56.006+0000] {dag.py:2585} INFO - Sync 1 DAGs
[2025-03-16T08:45:56.067+0000] {logging_mixin.py:120} INFO - [2025-03-16T08:45:56.067+0000] {dag.py:3340} INFO - Setting next_dagrun for example_trigger_controller_dag to 2021-01-01T00:00:00+00:00, run_after=2021-01-01T00:00:00+00:00
[2025-03-16T08:45:56.115+0000] {processor.py:176} INFO - Processing /home/airflow/.local/lib/python3.7/site-packages/airflow/example_dags/example_trigger_controller_dag.py took 0.228 seconds
[2025-03-16T08:46:26.984+0000] {processor.py:154} INFO - Started process (PID=1719) to work on /home/airflow/.local/lib/python3.7/site-packages/airflow/example_dags/example_trigger_controller_dag.py
[2025-03-16T08:46:26.986+0000] {processor.py:756} INFO - Processing file /home/airflow/.local/lib/python3.7/site-packages/airflow/example_dags/example_trigger_controller_dag.py for tasks to queue
[2025-03-16T08:46:26.987+0000] {logging_mixin.py:120} INFO - [2025-03-16T08:46:26.986+0000] {dagbag.py:537} INFO - Filling up the DagBag from /home/airflow/.local/lib/python3.7/site-packages/airflow/example_dags/example_trigger_controller_dag.py
[2025-03-16T08:46:27.006+0000] {processor.py:766} INFO - DAG(s) dict_keys(['example_trigger_controller_dag']) retrieved from /home/airflow/.local/lib/python3.7/site-packages/airflow/example_dags/example_trigger_controller_dag.py
[2025-03-16T08:46:27.138+0000] {logging_mixin.py:120} INFO - [2025-03-16T08:46:27.138+0000] {dag.py:2585} INFO - Sync 1 DAGs
[2025-03-16T08:46:27.197+0000] {logging_mixin.py:120} INFO - [2025-03-16T08:46:27.197+0000] {dag.py:3340} INFO - Setting next_dagrun for example_trigger_controller_dag to 2021-01-01T00:00:00+00:00, run_after=2021-01-01T00:00:00+00:00
[2025-03-16T08:46:27.242+0000] {processor.py:176} INFO - Processing /home/airflow/.local/lib/python3.7/site-packages/airflow/example_dags/example_trigger_controller_dag.py took 0.264 seconds
[2025-03-16T08:46:57.350+0000] {processor.py:154} INFO - Started process (PID=1782) to work on /home/airflow/.local/lib/python3.7/site-packages/airflow/example_dags/example_trigger_controller_dag.py
[2025-03-16T08:46:57.355+0000] {processor.py:756} INFO - Processing file /home/airflow/.local/lib/python3.7/site-packages/airflow/example_dags/example_trigger_controller_dag.py for tasks to queue
[2025-03-16T08:46:57.356+0000] {logging_mixin.py:120} INFO - [2025-03-16T08:46:57.356+0000] {dagbag.py:537} INFO - Filling up the DagBag from /home/airflow/.local/lib/python3.7/site-packages/airflow/example_dags/example_trigger_controller_dag.py
[2025-03-16T08:46:57.377+0000] {processor.py:766} INFO - DAG(s) dict_keys(['example_trigger_controller_dag']) retrieved from /home/airflow/.local/lib/python3.7/site-packages/airflow/example_dags/example_trigger_controller_dag.py
[2025-03-16T08:46:57.452+0000] {logging_mixin.py:120} INFO - [2025-03-16T08:46:57.452+0000] {dag.py:2585} INFO - Sync 1 DAGs
[2025-03-16T08:46:57.504+0000] {logging_mixin.py:120} INFO - [2025-03-16T08:46:57.504+0000] {dag.py:3340} INFO - Setting next_dagrun for example_trigger_controller_dag to 2021-01-01T00:00:00+00:00, run_after=2021-01-01T00:00:00+00:00
[2025-03-16T08:46:57.536+0000] {processor.py:176} INFO - Processing /home/airflow/.local/lib/python3.7/site-packages/airflow/example_dags/example_trigger_controller_dag.py took 0.209 seconds
[2025-03-16T08:47:28.238+0000] {processor.py:154} INFO - Started process (PID=1836) to work on /home/airflow/.local/lib/python3.7/site-packages/airflow/example_dags/example_trigger_controller_dag.py
[2025-03-16T08:47:28.239+0000] {processor.py:756} INFO - Processing file /home/airflow/.local/lib/python3.7/site-packages/airflow/example_dags/example_trigger_controller_dag.py for tasks to queue
[2025-03-16T08:47:28.241+0000] {logging_mixin.py:120} INFO - [2025-03-16T08:47:28.241+0000] {dagbag.py:537} INFO - Filling up the DagBag from /home/airflow/.local/lib/python3.7/site-packages/airflow/example_dags/example_trigger_controller_dag.py
[2025-03-16T08:47:28.270+0000] {processor.py:766} INFO - DAG(s) dict_keys(['example_trigger_controller_dag']) retrieved from /home/airflow/.local/lib/python3.7/site-packages/airflow/example_dags/example_trigger_controller_dag.py
[2025-03-16T08:47:28.349+0000] {logging_mixin.py:120} INFO - [2025-03-16T08:47:28.349+0000] {dag.py:2585} INFO - Sync 1 DAGs
[2025-03-16T08:47:28.406+0000] {logging_mixin.py:120} INFO - [2025-03-16T08:47:28.406+0000] {dag.py:3340} INFO - Setting next_dagrun for example_trigger_controller_dag to 2021-01-01T00:00:00+00:00, run_after=2021-01-01T00:00:00+00:00
[2025-03-16T08:47:28.438+0000] {processor.py:176} INFO - Processing /home/airflow/.local/lib/python3.7/site-packages/airflow/example_dags/example_trigger_controller_dag.py took 0.207 seconds
[2025-03-16T08:47:58.599+0000] {processor.py:154} INFO - Started process (PID=1899) to work on /home/airflow/.local/lib/python3.7/site-packages/airflow/example_dags/example_trigger_controller_dag.py
[2025-03-16T08:47:58.601+0000] {processor.py:756} INFO - Processing file /home/airflow/.local/lib/python3.7/site-packages/airflow/example_dags/example_trigger_controller_dag.py for tasks to queue
[2025-03-16T08:47:58.602+0000] {logging_mixin.py:120} INFO - [2025-03-16T08:47:58.602+0000] {dagbag.py:537} INFO - Filling up the DagBag from /home/airflow/.local/lib/python3.7/site-packages/airflow/example_dags/example_trigger_controller_dag.py
[2025-03-16T08:47:58.628+0000] {processor.py:766} INFO - DAG(s) dict_keys(['example_trigger_controller_dag']) retrieved from /home/airflow/.local/lib/python3.7/site-packages/airflow/example_dags/example_trigger_controller_dag.py
[2025-03-16T08:47:58.702+0000] {logging_mixin.py:120} INFO - [2025-03-16T08:47:58.702+0000] {dag.py:2585} INFO - Sync 1 DAGs
[2025-03-16T08:47:58.766+0000] {logging_mixin.py:120} INFO - [2025-03-16T08:47:58.765+0000] {dag.py:3340} INFO - Setting next_dagrun for example_trigger_controller_dag to 2021-01-01T00:00:00+00:00, run_after=2021-01-01T00:00:00+00:00
[2025-03-16T08:47:58.798+0000] {processor.py:176} INFO - Processing /home/airflow/.local/lib/python3.7/site-packages/airflow/example_dags/example_trigger_controller_dag.py took 0.206 seconds
[2025-03-16T08:48:29.801+0000] {processor.py:154} INFO - Started process (PID=1953) to work on /home/airflow/.local/lib/python3.7/site-packages/airflow/example_dags/example_trigger_controller_dag.py
[2025-03-16T08:48:29.802+0000] {processor.py:756} INFO - Processing file /home/airflow/.local/lib/python3.7/site-packages/airflow/example_dags/example_trigger_controller_dag.py for tasks to queue
[2025-03-16T08:48:29.803+0000] {logging_mixin.py:120} INFO - [2025-03-16T08:48:29.803+0000] {dagbag.py:537} INFO - Filling up the DagBag from /home/airflow/.local/lib/python3.7/site-packages/airflow/example_dags/example_trigger_controller_dag.py
[2025-03-16T08:48:29.824+0000] {processor.py:766} INFO - DAG(s) dict_keys(['example_trigger_controller_dag']) retrieved from /home/airflow/.local/lib/python3.7/site-packages/airflow/example_dags/example_trigger_controller_dag.py
[2025-03-16T08:48:29.914+0000] {logging_mixin.py:120} INFO - [2025-03-16T08:48:29.914+0000] {dag.py:2585} INFO - Sync 1 DAGs
[2025-03-16T08:48:29.966+0000] {logging_mixin.py:120} INFO - [2025-03-16T08:48:29.966+0000] {dag.py:3340} INFO - Setting next_dagrun for example_trigger_controller_dag to 2021-01-01T00:00:00+00:00, run_after=2021-01-01T00:00:00+00:00
[2025-03-16T08:48:30.001+0000] {processor.py:176} INFO - Processing /home/airflow/.local/lib/python3.7/site-packages/airflow/example_dags/example_trigger_controller_dag.py took 0.206 seconds
[2025-03-16T08:49:00.515+0000] {processor.py:154} INFO - Started process (PID=2015) to work on /home/airflow/.local/lib/python3.7/site-packages/airflow/example_dags/example_trigger_controller_dag.py
[2025-03-16T08:49:00.520+0000] {processor.py:756} INFO - Processing file /home/airflow/.local/lib/python3.7/site-packages/airflow/example_dags/example_trigger_controller_dag.py for tasks to queue
[2025-03-16T08:49:00.522+0000] {logging_mixin.py:120} INFO - [2025-03-16T08:49:00.521+0000] {dagbag.py:537} INFO - Filling up the DagBag from /home/airflow/.local/lib/python3.7/site-packages/airflow/example_dags/example_trigger_controller_dag.py
[2025-03-16T08:49:00.561+0000] {processor.py:766} INFO - DAG(s) dict_keys(['example_trigger_controller_dag']) retrieved from /home/airflow/.local/lib/python3.7/site-packages/airflow/example_dags/example_trigger_controller_dag.py
[2025-03-16T08:49:00.641+0000] {logging_mixin.py:120} INFO - [2025-03-16T08:49:00.641+0000] {dag.py:2585} INFO - Sync 1 DAGs
[2025-03-16T08:49:00.726+0000] {logging_mixin.py:120} INFO - [2025-03-16T08:49:00.726+0000] {dag.py:3340} INFO - Setting next_dagrun for example_trigger_controller_dag to 2021-01-01T00:00:00+00:00, run_after=2021-01-01T00:00:00+00:00
[2025-03-16T08:49:00.768+0000] {processor.py:176} INFO - Processing /home/airflow/.local/lib/python3.7/site-packages/airflow/example_dags/example_trigger_controller_dag.py took 0.271 seconds
[2025-03-16T08:49:31.281+0000] {processor.py:154} INFO - Started process (PID=2079) to work on /home/airflow/.local/lib/python3.7/site-packages/airflow/example_dags/example_trigger_controller_dag.py
[2025-03-16T08:49:31.283+0000] {processor.py:756} INFO - Processing file /home/airflow/.local/lib/python3.7/site-packages/airflow/example_dags/example_trigger_controller_dag.py for tasks to queue
[2025-03-16T08:49:31.284+0000] {logging_mixin.py:120} INFO - [2025-03-16T08:49:31.284+0000] {dagbag.py:537} INFO - Filling up the DagBag from /home/airflow/.local/lib/python3.7/site-packages/airflow/example_dags/example_trigger_controller_dag.py
[2025-03-16T08:49:31.325+0000] {processor.py:766} INFO - DAG(s) dict_keys(['example_trigger_controller_dag']) retrieved from /home/airflow/.local/lib/python3.7/site-packages/airflow/example_dags/example_trigger_controller_dag.py
[2025-03-16T08:49:31.478+0000] {logging_mixin.py:120} INFO - [2025-03-16T08:49:31.477+0000] {dag.py:2585} INFO - Sync 1 DAGs
[2025-03-16T08:49:31.575+0000] {logging_mixin.py:120} INFO - [2025-03-16T08:49:31.574+0000] {dag.py:3340} INFO - Setting next_dagrun for example_trigger_controller_dag to 2021-01-01T00:00:00+00:00, run_after=2021-01-01T00:00:00+00:00
[2025-03-16T08:49:31.643+0000] {processor.py:176} INFO - Processing /home/airflow/.local/lib/python3.7/site-packages/airflow/example_dags/example_trigger_controller_dag.py took 0.371 seconds
[2025-03-16T08:50:01.810+0000] {processor.py:154} INFO - Started process (PID=2133) to work on /home/airflow/.local/lib/python3.7/site-packages/airflow/example_dags/example_trigger_controller_dag.py
[2025-03-16T08:50:01.811+0000] {processor.py:756} INFO - Processing file /home/airflow/.local/lib/python3.7/site-packages/airflow/example_dags/example_trigger_controller_dag.py for tasks to queue
[2025-03-16T08:50:01.815+0000] {logging_mixin.py:120} INFO - [2025-03-16T08:50:01.814+0000] {dagbag.py:537} INFO - Filling up the DagBag from /home/airflow/.local/lib/python3.7/site-packages/airflow/example_dags/example_trigger_controller_dag.py
[2025-03-16T08:50:01.922+0000] {processor.py:766} INFO - DAG(s) dict_keys(['example_trigger_controller_dag']) retrieved from /home/airflow/.local/lib/python3.7/site-packages/airflow/example_dags/example_trigger_controller_dag.py
[2025-03-16T08:50:02.107+0000] {logging_mixin.py:120} INFO - [2025-03-16T08:50:02.106+0000] {dag.py:2585} INFO - Sync 1 DAGs
[2025-03-16T08:50:02.171+0000] {logging_mixin.py:120} INFO - [2025-03-16T08:50:02.170+0000] {dag.py:3340} INFO - Setting next_dagrun for example_trigger_controller_dag to 2021-01-01T00:00:00+00:00, run_after=2021-01-01T00:00:00+00:00
[2025-03-16T08:50:02.221+0000] {processor.py:176} INFO - Processing /home/airflow/.local/lib/python3.7/site-packages/airflow/example_dags/example_trigger_controller_dag.py took 0.427 seconds
[2025-03-16T08:50:32.362+0000] {processor.py:154} INFO - Started process (PID=2196) to work on /home/airflow/.local/lib/python3.7/site-packages/airflow/example_dags/example_trigger_controller_dag.py
[2025-03-16T08:50:32.364+0000] {processor.py:756} INFO - Processing file /home/airflow/.local/lib/python3.7/site-packages/airflow/example_dags/example_trigger_controller_dag.py for tasks to queue
[2025-03-16T08:50:32.365+0000] {logging_mixin.py:120} INFO - [2025-03-16T08:50:32.364+0000] {dagbag.py:537} INFO - Filling up the DagBag from /home/airflow/.local/lib/python3.7/site-packages/airflow/example_dags/example_trigger_controller_dag.py
[2025-03-16T08:50:32.412+0000] {processor.py:766} INFO - DAG(s) dict_keys(['example_trigger_controller_dag']) retrieved from /home/airflow/.local/lib/python3.7/site-packages/airflow/example_dags/example_trigger_controller_dag.py
[2025-03-16T08:50:32.559+0000] {logging_mixin.py:120} INFO - [2025-03-16T08:50:32.558+0000] {dag.py:2585} INFO - Sync 1 DAGs
[2025-03-16T08:50:32.681+0000] {logging_mixin.py:120} INFO - [2025-03-16T08:50:32.681+0000] {dag.py:3340} INFO - Setting next_dagrun for example_trigger_controller_dag to 2021-01-01T00:00:00+00:00, run_after=2021-01-01T00:00:00+00:00
[2025-03-16T08:50:32.736+0000] {processor.py:176} INFO - Processing /home/airflow/.local/lib/python3.7/site-packages/airflow/example_dags/example_trigger_controller_dag.py took 0.391 seconds
[2025-03-16T08:51:03.564+0000] {processor.py:154} INFO - Started process (PID=2250) to work on /home/airflow/.local/lib/python3.7/site-packages/airflow/example_dags/example_trigger_controller_dag.py
[2025-03-16T08:51:03.565+0000] {processor.py:756} INFO - Processing file /home/airflow/.local/lib/python3.7/site-packages/airflow/example_dags/example_trigger_controller_dag.py for tasks to queue
[2025-03-16T08:51:03.566+0000] {logging_mixin.py:120} INFO - [2025-03-16T08:51:03.566+0000] {dagbag.py:537} INFO - Filling up the DagBag from /home/airflow/.local/lib/python3.7/site-packages/airflow/example_dags/example_trigger_controller_dag.py
[2025-03-16T08:51:03.593+0000] {processor.py:766} INFO - DAG(s) dict_keys(['example_trigger_controller_dag']) retrieved from /home/airflow/.local/lib/python3.7/site-packages/airflow/example_dags/example_trigger_controller_dag.py
[2025-03-16T08:51:03.712+0000] {logging_mixin.py:120} INFO - [2025-03-16T08:51:03.711+0000] {dag.py:2585} INFO - Sync 1 DAGs
[2025-03-16T08:51:03.763+0000] {logging_mixin.py:120} INFO - [2025-03-16T08:51:03.763+0000] {dag.py:3340} INFO - Setting next_dagrun for example_trigger_controller_dag to 2021-01-01T00:00:00+00:00, run_after=2021-01-01T00:00:00+00:00
[2025-03-16T08:51:03.793+0000] {processor.py:176} INFO - Processing /home/airflow/.local/lib/python3.7/site-packages/airflow/example_dags/example_trigger_controller_dag.py took 0.238 seconds
[2025-03-16T08:51:34.061+0000] {processor.py:154} INFO - Started process (PID=2313) to work on /home/airflow/.local/lib/python3.7/site-packages/airflow/example_dags/example_trigger_controller_dag.py
[2025-03-16T08:51:34.065+0000] {processor.py:756} INFO - Processing file /home/airflow/.local/lib/python3.7/site-packages/airflow/example_dags/example_trigger_controller_dag.py for tasks to queue
[2025-03-16T08:51:34.066+0000] {logging_mixin.py:120} INFO - [2025-03-16T08:51:34.065+0000] {dagbag.py:537} INFO - Filling up the DagBag from /home/airflow/.local/lib/python3.7/site-packages/airflow/example_dags/example_trigger_controller_dag.py
[2025-03-16T08:51:34.120+0000] {processor.py:766} INFO - DAG(s) dict_keys(['example_trigger_controller_dag']) retrieved from /home/airflow/.local/lib/python3.7/site-packages/airflow/example_dags/example_trigger_controller_dag.py
[2025-03-16T08:51:34.257+0000] {logging_mixin.py:120} INFO - [2025-03-16T08:51:34.257+0000] {dag.py:2585} INFO - Sync 1 DAGs
[2025-03-16T08:51:34.343+0000] {logging_mixin.py:120} INFO - [2025-03-16T08:51:34.343+0000] {dag.py:3340} INFO - Setting next_dagrun for example_trigger_controller_dag to 2021-01-01T00:00:00+00:00, run_after=2021-01-01T00:00:00+00:00
[2025-03-16T08:51:34.388+0000] {processor.py:176} INFO - Processing /home/airflow/.local/lib/python3.7/site-packages/airflow/example_dags/example_trigger_controller_dag.py took 0.336 seconds
[2025-03-16T08:52:05.096+0000] {processor.py:154} INFO - Started process (PID=2367) to work on /home/airflow/.local/lib/python3.7/site-packages/airflow/example_dags/example_trigger_controller_dag.py
[2025-03-16T08:52:05.098+0000] {processor.py:756} INFO - Processing file /home/airflow/.local/lib/python3.7/site-packages/airflow/example_dags/example_trigger_controller_dag.py for tasks to queue
[2025-03-16T08:52:05.100+0000] {logging_mixin.py:120} INFO - [2025-03-16T08:52:05.099+0000] {dagbag.py:537} INFO - Filling up the DagBag from /home/airflow/.local/lib/python3.7/site-packages/airflow/example_dags/example_trigger_controller_dag.py
[2025-03-16T08:52:05.124+0000] {processor.py:766} INFO - DAG(s) dict_keys(['example_trigger_controller_dag']) retrieved from /home/airflow/.local/lib/python3.7/site-packages/airflow/example_dags/example_trigger_controller_dag.py
[2025-03-16T08:52:05.242+0000] {logging_mixin.py:120} INFO - [2025-03-16T08:52:05.242+0000] {dag.py:2585} INFO - Sync 1 DAGs
[2025-03-16T08:52:05.289+0000] {logging_mixin.py:120} INFO - [2025-03-16T08:52:05.289+0000] {dag.py:3340} INFO - Setting next_dagrun for example_trigger_controller_dag to 2021-01-01T00:00:00+00:00, run_after=2021-01-01T00:00:00+00:00
[2025-03-16T08:52:05.320+0000] {processor.py:176} INFO - Processing /home/airflow/.local/lib/python3.7/site-packages/airflow/example_dags/example_trigger_controller_dag.py took 0.233 seconds
[2025-03-16T08:52:35.995+0000] {processor.py:154} INFO - Started process (PID=2431) to work on /home/airflow/.local/lib/python3.7/site-packages/airflow/example_dags/example_trigger_controller_dag.py
[2025-03-16T08:52:35.997+0000] {processor.py:756} INFO - Processing file /home/airflow/.local/lib/python3.7/site-packages/airflow/example_dags/example_trigger_controller_dag.py for tasks to queue
[2025-03-16T08:52:35.998+0000] {logging_mixin.py:120} INFO - [2025-03-16T08:52:35.998+0000] {dagbag.py:537} INFO - Filling up the DagBag from /home/airflow/.local/lib/python3.7/site-packages/airflow/example_dags/example_trigger_controller_dag.py
[2025-03-16T08:52:36.019+0000] {processor.py:766} INFO - DAG(s) dict_keys(['example_trigger_controller_dag']) retrieved from /home/airflow/.local/lib/python3.7/site-packages/airflow/example_dags/example_trigger_controller_dag.py
[2025-03-16T08:52:36.114+0000] {logging_mixin.py:120} INFO - [2025-03-16T08:52:36.114+0000] {dag.py:2585} INFO - Sync 1 DAGs
[2025-03-16T08:52:36.161+0000] {logging_mixin.py:120} INFO - [2025-03-16T08:52:36.161+0000] {dag.py:3340} INFO - Setting next_dagrun for example_trigger_controller_dag to 2021-01-01T00:00:00+00:00, run_after=2021-01-01T00:00:00+00:00
[2025-03-16T08:52:36.195+0000] {processor.py:176} INFO - Processing /home/airflow/.local/lib/python3.7/site-packages/airflow/example_dags/example_trigger_controller_dag.py took 0.206 seconds
[2025-03-16T08:53:06.978+0000] {processor.py:154} INFO - Started process (PID=2485) to work on /home/airflow/.local/lib/python3.7/site-packages/airflow/example_dags/example_trigger_controller_dag.py
[2025-03-16T08:53:06.980+0000] {processor.py:756} INFO - Processing file /home/airflow/.local/lib/python3.7/site-packages/airflow/example_dags/example_trigger_controller_dag.py for tasks to queue
[2025-03-16T08:53:06.981+0000] {logging_mixin.py:120} INFO - [2025-03-16T08:53:06.980+0000] {dagbag.py:537} INFO - Filling up the DagBag from /home/airflow/.local/lib/python3.7/site-packages/airflow/example_dags/example_trigger_controller_dag.py
[2025-03-16T08:53:07.002+0000] {processor.py:766} INFO - DAG(s) dict_keys(['example_trigger_controller_dag']) retrieved from /home/airflow/.local/lib/python3.7/site-packages/airflow/example_dags/example_trigger_controller_dag.py
[2025-03-16T08:53:07.092+0000] {logging_mixin.py:120} INFO - [2025-03-16T08:53:07.091+0000] {dag.py:2585} INFO - Sync 1 DAGs
[2025-03-16T08:53:07.147+0000] {logging_mixin.py:120} INFO - [2025-03-16T08:53:07.147+0000] {dag.py:3340} INFO - Setting next_dagrun for example_trigger_controller_dag to 2021-01-01T00:00:00+00:00, run_after=2021-01-01T00:00:00+00:00
[2025-03-16T08:53:07.193+0000] {processor.py:176} INFO - Processing /home/airflow/.local/lib/python3.7/site-packages/airflow/example_dags/example_trigger_controller_dag.py took 0.223 seconds
[2025-03-16T08:53:37.791+0000] {processor.py:154} INFO - Started process (PID=2549) to work on /home/airflow/.local/lib/python3.7/site-packages/airflow/example_dags/example_trigger_controller_dag.py
[2025-03-16T08:53:37.792+0000] {processor.py:756} INFO - Processing file /home/airflow/.local/lib/python3.7/site-packages/airflow/example_dags/example_trigger_controller_dag.py for tasks to queue
[2025-03-16T08:53:37.794+0000] {logging_mixin.py:120} INFO - [2025-03-16T08:53:37.793+0000] {dagbag.py:537} INFO - Filling up the DagBag from /home/airflow/.local/lib/python3.7/site-packages/airflow/example_dags/example_trigger_controller_dag.py
[2025-03-16T08:53:37.816+0000] {processor.py:766} INFO - DAG(s) dict_keys(['example_trigger_controller_dag']) retrieved from /home/airflow/.local/lib/python3.7/site-packages/airflow/example_dags/example_trigger_controller_dag.py
[2025-03-16T08:53:37.887+0000] {logging_mixin.py:120} INFO - [2025-03-16T08:53:37.886+0000] {dag.py:2585} INFO - Sync 1 DAGs
[2025-03-16T08:53:37.934+0000] {logging_mixin.py:120} INFO - [2025-03-16T08:53:37.934+0000] {dag.py:3340} INFO - Setting next_dagrun for example_trigger_controller_dag to 2021-01-01T00:00:00+00:00, run_after=2021-01-01T00:00:00+00:00
[2025-03-16T08:53:37.966+0000] {processor.py:176} INFO - Processing /home/airflow/.local/lib/python3.7/site-packages/airflow/example_dags/example_trigger_controller_dag.py took 0.183 seconds
[2025-03-16T08:54:08.487+0000] {processor.py:154} INFO - Started process (PID=2603) to work on /home/airflow/.local/lib/python3.7/site-packages/airflow/example_dags/example_trigger_controller_dag.py
[2025-03-16T08:54:08.490+0000] {processor.py:756} INFO - Processing file /home/airflow/.local/lib/python3.7/site-packages/airflow/example_dags/example_trigger_controller_dag.py for tasks to queue
[2025-03-16T08:54:08.491+0000] {logging_mixin.py:120} INFO - [2025-03-16T08:54:08.491+0000] {dagbag.py:537} INFO - Filling up the DagBag from /home/airflow/.local/lib/python3.7/site-packages/airflow/example_dags/example_trigger_controller_dag.py
[2025-03-16T08:54:08.511+0000] {processor.py:766} INFO - DAG(s) dict_keys(['example_trigger_controller_dag']) retrieved from /home/airflow/.local/lib/python3.7/site-packages/airflow/example_dags/example_trigger_controller_dag.py
[2025-03-16T08:54:08.601+0000] {logging_mixin.py:120} INFO - [2025-03-16T08:54:08.600+0000] {dag.py:2585} INFO - Sync 1 DAGs
[2025-03-16T08:54:08.672+0000] {logging_mixin.py:120} INFO - [2025-03-16T08:54:08.672+0000] {dag.py:3340} INFO - Setting next_dagrun for example_trigger_controller_dag to 2021-01-01T00:00:00+00:00, run_after=2021-01-01T00:00:00+00:00
[2025-03-16T08:54:08.703+0000] {processor.py:176} INFO - Processing /home/airflow/.local/lib/python3.7/site-packages/airflow/example_dags/example_trigger_controller_dag.py took 0.223 seconds
[2025-03-16T08:54:39.393+0000] {processor.py:154} INFO - Started process (PID=2665) to work on /home/airflow/.local/lib/python3.7/site-packages/airflow/example_dags/example_trigger_controller_dag.py
[2025-03-16T08:54:39.395+0000] {processor.py:756} INFO - Processing file /home/airflow/.local/lib/python3.7/site-packages/airflow/example_dags/example_trigger_controller_dag.py for tasks to queue
[2025-03-16T08:54:39.396+0000] {logging_mixin.py:120} INFO - [2025-03-16T08:54:39.396+0000] {dagbag.py:537} INFO - Filling up the DagBag from /home/airflow/.local/lib/python3.7/site-packages/airflow/example_dags/example_trigger_controller_dag.py
[2025-03-16T08:54:39.424+0000] {processor.py:766} INFO - DAG(s) dict_keys(['example_trigger_controller_dag']) retrieved from /home/airflow/.local/lib/python3.7/site-packages/airflow/example_dags/example_trigger_controller_dag.py
[2025-03-16T08:54:39.510+0000] {logging_mixin.py:120} INFO - [2025-03-16T08:54:39.510+0000] {dag.py:2585} INFO - Sync 1 DAGs
[2025-03-16T08:54:39.562+0000] {logging_mixin.py:120} INFO - [2025-03-16T08:54:39.561+0000] {dag.py:3340} INFO - Setting next_dagrun for example_trigger_controller_dag to 2021-01-01T00:00:00+00:00, run_after=2021-01-01T00:00:00+00:00
[2025-03-16T08:54:39.596+0000] {processor.py:176} INFO - Processing /home/airflow/.local/lib/python3.7/site-packages/airflow/example_dags/example_trigger_controller_dag.py took 0.213 seconds
[2025-03-16T08:55:09.713+0000] {processor.py:154} INFO - Started process (PID=2719) to work on /home/airflow/.local/lib/python3.7/site-packages/airflow/example_dags/example_trigger_controller_dag.py
[2025-03-16T08:55:09.715+0000] {processor.py:756} INFO - Processing file /home/airflow/.local/lib/python3.7/site-packages/airflow/example_dags/example_trigger_controller_dag.py for tasks to queue
[2025-03-16T08:55:09.720+0000] {logging_mixin.py:120} INFO - [2025-03-16T08:55:09.719+0000] {dagbag.py:537} INFO - Filling up the DagBag from /home/airflow/.local/lib/python3.7/site-packages/airflow/example_dags/example_trigger_controller_dag.py
[2025-03-16T08:55:09.764+0000] {processor.py:766} INFO - DAG(s) dict_keys(['example_trigger_controller_dag']) retrieved from /home/airflow/.local/lib/python3.7/site-packages/airflow/example_dags/example_trigger_controller_dag.py
[2025-03-16T08:55:09.845+0000] {logging_mixin.py:120} INFO - [2025-03-16T08:55:09.844+0000] {dag.py:2585} INFO - Sync 1 DAGs
[2025-03-16T08:55:09.905+0000] {logging_mixin.py:120} INFO - [2025-03-16T08:55:09.905+0000] {dag.py:3340} INFO - Setting next_dagrun for example_trigger_controller_dag to 2021-01-01T00:00:00+00:00, run_after=2021-01-01T00:00:00+00:00
[2025-03-16T08:55:09.935+0000] {processor.py:176} INFO - Processing /home/airflow/.local/lib/python3.7/site-packages/airflow/example_dags/example_trigger_controller_dag.py took 0.235 seconds
[2025-03-16T08:55:40.286+0000] {processor.py:154} INFO - Started process (PID=2781) to work on /home/airflow/.local/lib/python3.7/site-packages/airflow/example_dags/example_trigger_controller_dag.py
[2025-03-16T08:55:40.290+0000] {processor.py:756} INFO - Processing file /home/airflow/.local/lib/python3.7/site-packages/airflow/example_dags/example_trigger_controller_dag.py for tasks to queue
[2025-03-16T08:55:40.291+0000] {logging_mixin.py:120} INFO - [2025-03-16T08:55:40.291+0000] {dagbag.py:537} INFO - Filling up the DagBag from /home/airflow/.local/lib/python3.7/site-packages/airflow/example_dags/example_trigger_controller_dag.py
[2025-03-16T08:55:40.335+0000] {processor.py:766} INFO - DAG(s) dict_keys(['example_trigger_controller_dag']) retrieved from /home/airflow/.local/lib/python3.7/site-packages/airflow/example_dags/example_trigger_controller_dag.py
[2025-03-16T08:55:40.416+0000] {logging_mixin.py:120} INFO - [2025-03-16T08:55:40.416+0000] {dag.py:2585} INFO - Sync 1 DAGs
[2025-03-16T08:55:40.465+0000] {logging_mixin.py:120} INFO - [2025-03-16T08:55:40.465+0000] {dag.py:3340} INFO - Setting next_dagrun for example_trigger_controller_dag to 2021-01-01T00:00:00+00:00, run_after=2021-01-01T00:00:00+00:00
[2025-03-16T08:55:40.497+0000] {processor.py:176} INFO - Processing /home/airflow/.local/lib/python3.7/site-packages/airflow/example_dags/example_trigger_controller_dag.py took 0.220 seconds
[2025-03-16T08:56:10.808+0000] {processor.py:154} INFO - Started process (PID=2835) to work on /home/airflow/.local/lib/python3.7/site-packages/airflow/example_dags/example_trigger_controller_dag.py
[2025-03-16T08:56:10.810+0000] {processor.py:756} INFO - Processing file /home/airflow/.local/lib/python3.7/site-packages/airflow/example_dags/example_trigger_controller_dag.py for tasks to queue
[2025-03-16T08:56:10.811+0000] {logging_mixin.py:120} INFO - [2025-03-16T08:56:10.811+0000] {dagbag.py:537} INFO - Filling up the DagBag from /home/airflow/.local/lib/python3.7/site-packages/airflow/example_dags/example_trigger_controller_dag.py
[2025-03-16T08:56:10.833+0000] {processor.py:766} INFO - DAG(s) dict_keys(['example_trigger_controller_dag']) retrieved from /home/airflow/.local/lib/python3.7/site-packages/airflow/example_dags/example_trigger_controller_dag.py
[2025-03-16T08:56:10.913+0000] {logging_mixin.py:120} INFO - [2025-03-16T08:56:10.913+0000] {dag.py:2585} INFO - Sync 1 DAGs
[2025-03-16T08:56:10.978+0000] {logging_mixin.py:120} INFO - [2025-03-16T08:56:10.977+0000] {dag.py:3340} INFO - Setting next_dagrun for example_trigger_controller_dag to 2021-01-01T00:00:00+00:00, run_after=2021-01-01T00:00:00+00:00
[2025-03-16T08:56:11.038+0000] {processor.py:176} INFO - Processing /home/airflow/.local/lib/python3.7/site-packages/airflow/example_dags/example_trigger_controller_dag.py took 0.238 seconds
[2025-03-16T08:56:41.503+0000] {processor.py:154} INFO - Started process (PID=2898) to work on /home/airflow/.local/lib/python3.7/site-packages/airflow/example_dags/example_trigger_controller_dag.py
[2025-03-16T08:56:41.504+0000] {processor.py:756} INFO - Processing file /home/airflow/.local/lib/python3.7/site-packages/airflow/example_dags/example_trigger_controller_dag.py for tasks to queue
[2025-03-16T08:56:41.505+0000] {logging_mixin.py:120} INFO - [2025-03-16T08:56:41.505+0000] {dagbag.py:537} INFO - Filling up the DagBag from /home/airflow/.local/lib/python3.7/site-packages/airflow/example_dags/example_trigger_controller_dag.py
[2025-03-16T08:56:41.528+0000] {processor.py:766} INFO - DAG(s) dict_keys(['example_trigger_controller_dag']) retrieved from /home/airflow/.local/lib/python3.7/site-packages/airflow/example_dags/example_trigger_controller_dag.py
[2025-03-16T08:56:41.616+0000] {logging_mixin.py:120} INFO - [2025-03-16T08:56:41.616+0000] {dag.py:2585} INFO - Sync 1 DAGs
[2025-03-16T08:56:41.670+0000] {logging_mixin.py:120} INFO - [2025-03-16T08:56:41.669+0000] {dag.py:3340} INFO - Setting next_dagrun for example_trigger_controller_dag to 2021-01-01T00:00:00+00:00, run_after=2021-01-01T00:00:00+00:00
[2025-03-16T08:56:41.713+0000] {processor.py:176} INFO - Processing /home/airflow/.local/lib/python3.7/site-packages/airflow/example_dags/example_trigger_controller_dag.py took 0.216 seconds
