[2025-03-16T08:31:50.566+0000] {processor.py:154} INFO - Started process (PID=75) to work on /home/airflow/.local/lib/python3.7/site-packages/airflow/example_dags/example_short_circuit_operator.py
[2025-03-16T08:31:50.570+0000] {processor.py:756} INFO - Processing file /home/airflow/.local/lib/python3.7/site-packages/airflow/example_dags/example_short_circuit_operator.py for tasks to queue
[2025-03-16T08:31:50.573+0000] {logging_mixin.py:120} INFO - [2025-03-16T08:31:50.572+0000] {dagbag.py:537} INFO - Filling up the DagBag from /home/airflow/.local/lib/python3.7/site-packages/airflow/example_dags/example_short_circuit_operator.py
[2025-03-16T08:31:50.632+0000] {processor.py:766} INFO - DAG(s) dict_keys(['example_short_circuit_operator']) retrieved from /home/airflow/.local/lib/python3.7/site-packages/airflow/example_dags/example_short_circuit_operator.py
[2025-03-16T08:31:51.222+0000] {logging_mixin.py:120} INFO - [2025-03-16T08:31:51.222+0000] {manager.py:507} INFO - Created Permission View: can read on DAG:example_short_circuit_operator
[2025-03-16T08:31:51.278+0000] {logging_mixin.py:120} INFO - [2025-03-16T08:31:51.278+0000] {manager.py:507} INFO - Created Permission View: can edit on DAG:example_short_circuit_operator
[2025-03-16T08:31:51.317+0000] {logging_mixin.py:120} INFO - [2025-03-16T08:31:51.317+0000] {manager.py:507} INFO - Created Permission View: can delete on DAG:example_short_circuit_operator
[2025-03-16T08:31:51.318+0000] {logging_mixin.py:120} INFO - [2025-03-16T08:31:51.318+0000] {dag.py:2585} INFO - Sync 1 DAGs
[2025-03-16T08:31:51.365+0000] {logging_mixin.py:120} INFO - [2025-03-16T08:31:51.364+0000] {dag.py:2606} INFO - Creating ORM DAG for example_short_circuit_operator
[2025-03-16T08:31:51.409+0000] {logging_mixin.py:120} INFO - [2025-03-16T08:31:51.409+0000] {dag.py:3340} INFO - Setting next_dagrun for example_short_circuit_operator to 2025-03-15T08:31:51.408960+00:00, run_after=2025-03-16T08:31:51.408960+00:00
[2025-03-16T08:31:51.452+0000] {processor.py:176} INFO - Processing /home/airflow/.local/lib/python3.7/site-packages/airflow/example_dags/example_short_circuit_operator.py took 0.897 seconds
[2025-03-16T08:32:21.822+0000] {processor.py:154} INFO - Started process (PID=129) to work on /home/airflow/.local/lib/python3.7/site-packages/airflow/example_dags/example_short_circuit_operator.py
[2025-03-16T08:32:21.824+0000] {processor.py:756} INFO - Processing file /home/airflow/.local/lib/python3.7/site-packages/airflow/example_dags/example_short_circuit_operator.py for tasks to queue
[2025-03-16T08:32:21.825+0000] {logging_mixin.py:120} INFO - [2025-03-16T08:32:21.824+0000] {dagbag.py:537} INFO - Filling up the DagBag from /home/airflow/.local/lib/python3.7/site-packages/airflow/example_dags/example_short_circuit_operator.py
[2025-03-16T08:32:21.864+0000] {processor.py:766} INFO - DAG(s) dict_keys(['example_short_circuit_operator']) retrieved from /home/airflow/.local/lib/python3.7/site-packages/airflow/example_dags/example_short_circuit_operator.py
[2025-03-16T08:32:21.941+0000] {logging_mixin.py:120} INFO - [2025-03-16T08:32:21.941+0000] {dag.py:2585} INFO - Sync 1 DAGs
[2025-03-16T08:32:21.993+0000] {logging_mixin.py:120} INFO - [2025-03-16T08:32:21.993+0000] {dag.py:3340} INFO - Setting next_dagrun for example_short_circuit_operator to 2025-03-15T08:32:21.992296+00:00, run_after=2025-03-16T08:32:21.992296+00:00
[2025-03-16T08:32:22.034+0000] {processor.py:176} INFO - Processing /home/airflow/.local/lib/python3.7/site-packages/airflow/example_dags/example_short_circuit_operator.py took 0.217 seconds
[2025-03-16T08:32:52.215+0000] {processor.py:154} INFO - Started process (PID=192) to work on /home/airflow/.local/lib/python3.7/site-packages/airflow/example_dags/example_short_circuit_operator.py
[2025-03-16T08:32:52.220+0000] {processor.py:756} INFO - Processing file /home/airflow/.local/lib/python3.7/site-packages/airflow/example_dags/example_short_circuit_operator.py for tasks to queue
[2025-03-16T08:32:52.223+0000] {logging_mixin.py:120} INFO - [2025-03-16T08:32:52.221+0000] {dagbag.py:537} INFO - Filling up the DagBag from /home/airflow/.local/lib/python3.7/site-packages/airflow/example_dags/example_short_circuit_operator.py
[2025-03-16T08:32:52.271+0000] {processor.py:766} INFO - DAG(s) dict_keys(['example_short_circuit_operator']) retrieved from /home/airflow/.local/lib/python3.7/site-packages/airflow/example_dags/example_short_circuit_operator.py
[2025-03-16T08:32:52.373+0000] {logging_mixin.py:120} INFO - [2025-03-16T08:32:52.373+0000] {dag.py:2585} INFO - Sync 1 DAGs
[2025-03-16T08:32:52.441+0000] {logging_mixin.py:120} INFO - [2025-03-16T08:32:52.441+0000] {dag.py:3340} INFO - Setting next_dagrun for example_short_circuit_operator to 2025-03-15T08:32:52.440920+00:00, run_after=2025-03-16T08:32:52.440920+00:00
[2025-03-16T08:32:52.479+0000] {processor.py:176} INFO - Processing /home/airflow/.local/lib/python3.7/site-packages/airflow/example_dags/example_short_circuit_operator.py took 0.273 seconds
[2025-03-16T08:33:22.572+0000] {processor.py:154} INFO - Started process (PID=246) to work on /home/airflow/.local/lib/python3.7/site-packages/airflow/example_dags/example_short_circuit_operator.py
[2025-03-16T08:33:22.574+0000] {processor.py:756} INFO - Processing file /home/airflow/.local/lib/python3.7/site-packages/airflow/example_dags/example_short_circuit_operator.py for tasks to queue
[2025-03-16T08:33:22.575+0000] {logging_mixin.py:120} INFO - [2025-03-16T08:33:22.575+0000] {dagbag.py:537} INFO - Filling up the DagBag from /home/airflow/.local/lib/python3.7/site-packages/airflow/example_dags/example_short_circuit_operator.py
[2025-03-16T08:33:22.612+0000] {processor.py:766} INFO - DAG(s) dict_keys(['example_short_circuit_operator']) retrieved from /home/airflow/.local/lib/python3.7/site-packages/airflow/example_dags/example_short_circuit_operator.py
[2025-03-16T08:33:22.718+0000] {logging_mixin.py:120} INFO - [2025-03-16T08:33:22.717+0000] {dag.py:2585} INFO - Sync 1 DAGs
[2025-03-16T08:33:22.773+0000] {logging_mixin.py:120} INFO - [2025-03-16T08:33:22.773+0000] {dag.py:3340} INFO - Setting next_dagrun for example_short_circuit_operator to 2025-03-15T08:33:22.773225+00:00, run_after=2025-03-16T08:33:22.773225+00:00
[2025-03-16T08:33:22.808+0000] {processor.py:176} INFO - Processing /home/airflow/.local/lib/python3.7/site-packages/airflow/example_dags/example_short_circuit_operator.py took 0.241 seconds
[2025-03-16T08:33:53.227+0000] {processor.py:154} INFO - Started process (PID=310) to work on /home/airflow/.local/lib/python3.7/site-packages/airflow/example_dags/example_short_circuit_operator.py
[2025-03-16T08:33:53.235+0000] {processor.py:756} INFO - Processing file /home/airflow/.local/lib/python3.7/site-packages/airflow/example_dags/example_short_circuit_operator.py for tasks to queue
[2025-03-16T08:33:53.236+0000] {logging_mixin.py:120} INFO - [2025-03-16T08:33:53.236+0000] {dagbag.py:537} INFO - Filling up the DagBag from /home/airflow/.local/lib/python3.7/site-packages/airflow/example_dags/example_short_circuit_operator.py
[2025-03-16T08:33:53.288+0000] {processor.py:766} INFO - DAG(s) dict_keys(['example_short_circuit_operator']) retrieved from /home/airflow/.local/lib/python3.7/site-packages/airflow/example_dags/example_short_circuit_operator.py
[2025-03-16T08:33:53.382+0000] {logging_mixin.py:120} INFO - [2025-03-16T08:33:53.381+0000] {dag.py:2585} INFO - Sync 1 DAGs
[2025-03-16T08:33:53.435+0000] {logging_mixin.py:120} INFO - [2025-03-16T08:33:53.435+0000] {dag.py:3340} INFO - Setting next_dagrun for example_short_circuit_operator to 2025-03-15T08:33:53.434969+00:00, run_after=2025-03-16T08:33:53.434969+00:00
[2025-03-16T08:33:53.474+0000] {processor.py:176} INFO - Processing /home/airflow/.local/lib/python3.7/site-packages/airflow/example_dags/example_short_circuit_operator.py took 0.253 seconds
[2025-03-16T08:34:23.624+0000] {processor.py:154} INFO - Started process (PID=364) to work on /home/airflow/.local/lib/python3.7/site-packages/airflow/example_dags/example_short_circuit_operator.py
[2025-03-16T08:34:23.625+0000] {processor.py:756} INFO - Processing file /home/airflow/.local/lib/python3.7/site-packages/airflow/example_dags/example_short_circuit_operator.py for tasks to queue
[2025-03-16T08:34:23.626+0000] {logging_mixin.py:120} INFO - [2025-03-16T08:34:23.626+0000] {dagbag.py:537} INFO - Filling up the DagBag from /home/airflow/.local/lib/python3.7/site-packages/airflow/example_dags/example_short_circuit_operator.py
[2025-03-16T08:34:23.658+0000] {processor.py:766} INFO - DAG(s) dict_keys(['example_short_circuit_operator']) retrieved from /home/airflow/.local/lib/python3.7/site-packages/airflow/example_dags/example_short_circuit_operator.py
[2025-03-16T08:34:23.749+0000] {logging_mixin.py:120} INFO - [2025-03-16T08:34:23.748+0000] {dag.py:2585} INFO - Sync 1 DAGs
[2025-03-16T08:34:23.807+0000] {logging_mixin.py:120} INFO - [2025-03-16T08:34:23.807+0000] {dag.py:3340} INFO - Setting next_dagrun for example_short_circuit_operator to 2025-03-15T08:34:23.806888+00:00, run_after=2025-03-16T08:34:23.806888+00:00
[2025-03-16T08:34:23.846+0000] {processor.py:176} INFO - Processing /home/airflow/.local/lib/python3.7/site-packages/airflow/example_dags/example_short_circuit_operator.py took 0.227 seconds
[2025-03-16T08:34:54.523+0000] {processor.py:154} INFO - Started process (PID=426) to work on /home/airflow/.local/lib/python3.7/site-packages/airflow/example_dags/example_short_circuit_operator.py
[2025-03-16T08:34:54.526+0000] {processor.py:756} INFO - Processing file /home/airflow/.local/lib/python3.7/site-packages/airflow/example_dags/example_short_circuit_operator.py for tasks to queue
[2025-03-16T08:34:54.527+0000] {logging_mixin.py:120} INFO - [2025-03-16T08:34:54.527+0000] {dagbag.py:537} INFO - Filling up the DagBag from /home/airflow/.local/lib/python3.7/site-packages/airflow/example_dags/example_short_circuit_operator.py
[2025-03-16T08:34:54.586+0000] {processor.py:766} INFO - DAG(s) dict_keys(['example_short_circuit_operator']) retrieved from /home/airflow/.local/lib/python3.7/site-packages/airflow/example_dags/example_short_circuit_operator.py
[2025-03-16T08:34:54.726+0000] {logging_mixin.py:120} INFO - [2025-03-16T08:34:54.725+0000] {dag.py:2585} INFO - Sync 1 DAGs
[2025-03-16T08:34:54.789+0000] {logging_mixin.py:120} INFO - [2025-03-16T08:34:54.787+0000] {dag.py:3340} INFO - Setting next_dagrun for example_short_circuit_operator to 2025-03-15T08:34:54.786724+00:00, run_after=2025-03-16T08:34:54.786724+00:00
[2025-03-16T08:34:54.846+0000] {processor.py:176} INFO - Processing /home/airflow/.local/lib/python3.7/site-packages/airflow/example_dags/example_short_circuit_operator.py took 0.329 seconds
[2025-03-16T08:35:24.940+0000] {processor.py:154} INFO - Started process (PID=480) to work on /home/airflow/.local/lib/python3.7/site-packages/airflow/example_dags/example_short_circuit_operator.py
[2025-03-16T08:35:24.942+0000] {processor.py:756} INFO - Processing file /home/airflow/.local/lib/python3.7/site-packages/airflow/example_dags/example_short_circuit_operator.py for tasks to queue
[2025-03-16T08:35:24.943+0000] {logging_mixin.py:120} INFO - [2025-03-16T08:35:24.943+0000] {dagbag.py:537} INFO - Filling up the DagBag from /home/airflow/.local/lib/python3.7/site-packages/airflow/example_dags/example_short_circuit_operator.py
[2025-03-16T08:35:24.975+0000] {processor.py:766} INFO - DAG(s) dict_keys(['example_short_circuit_operator']) retrieved from /home/airflow/.local/lib/python3.7/site-packages/airflow/example_dags/example_short_circuit_operator.py
[2025-03-16T08:35:25.061+0000] {logging_mixin.py:120} INFO - [2025-03-16T08:35:25.061+0000] {dag.py:2585} INFO - Sync 1 DAGs
[2025-03-16T08:35:25.110+0000] {logging_mixin.py:120} INFO - [2025-03-16T08:35:25.110+0000] {dag.py:3340} INFO - Setting next_dagrun for example_short_circuit_operator to 2025-03-15T08:35:25.109890+00:00, run_after=2025-03-16T08:35:25.109890+00:00
[2025-03-16T08:35:25.143+0000] {processor.py:176} INFO - Processing /home/airflow/.local/lib/python3.7/site-packages/airflow/example_dags/example_short_circuit_operator.py took 0.209 seconds
[2025-03-16T08:35:56.278+0000] {processor.py:154} INFO - Started process (PID=543) to work on /home/airflow/.local/lib/python3.7/site-packages/airflow/example_dags/example_short_circuit_operator.py
[2025-03-16T08:35:56.279+0000] {processor.py:756} INFO - Processing file /home/airflow/.local/lib/python3.7/site-packages/airflow/example_dags/example_short_circuit_operator.py for tasks to queue
[2025-03-16T08:35:56.280+0000] {logging_mixin.py:120} INFO - [2025-03-16T08:35:56.279+0000] {dagbag.py:537} INFO - Filling up the DagBag from /home/airflow/.local/lib/python3.7/site-packages/airflow/example_dags/example_short_circuit_operator.py
[2025-03-16T08:35:56.313+0000] {processor.py:766} INFO - DAG(s) dict_keys(['example_short_circuit_operator']) retrieved from /home/airflow/.local/lib/python3.7/site-packages/airflow/example_dags/example_short_circuit_operator.py
[2025-03-16T08:35:56.451+0000] {logging_mixin.py:120} INFO - [2025-03-16T08:35:56.451+0000] {dag.py:2585} INFO - Sync 1 DAGs
[2025-03-16T08:35:56.534+0000] {logging_mixin.py:120} INFO - [2025-03-16T08:35:56.534+0000] {dag.py:3340} INFO - Setting next_dagrun for example_short_circuit_operator to 2025-03-15T08:35:56.533626+00:00, run_after=2025-03-16T08:35:56.533626+00:00
[2025-03-16T08:35:56.588+0000] {processor.py:176} INFO - Processing /home/airflow/.local/lib/python3.7/site-packages/airflow/example_dags/example_short_circuit_operator.py took 0.321 seconds
[2025-03-16T08:36:27.052+0000] {processor.py:154} INFO - Started process (PID=597) to work on /home/airflow/.local/lib/python3.7/site-packages/airflow/example_dags/example_short_circuit_operator.py
[2025-03-16T08:36:27.054+0000] {processor.py:756} INFO - Processing file /home/airflow/.local/lib/python3.7/site-packages/airflow/example_dags/example_short_circuit_operator.py for tasks to queue
[2025-03-16T08:36:27.055+0000] {logging_mixin.py:120} INFO - [2025-03-16T08:36:27.055+0000] {dagbag.py:537} INFO - Filling up the DagBag from /home/airflow/.local/lib/python3.7/site-packages/airflow/example_dags/example_short_circuit_operator.py
[2025-03-16T08:36:27.094+0000] {processor.py:766} INFO - DAG(s) dict_keys(['example_short_circuit_operator']) retrieved from /home/airflow/.local/lib/python3.7/site-packages/airflow/example_dags/example_short_circuit_operator.py
[2025-03-16T08:36:27.197+0000] {logging_mixin.py:120} INFO - [2025-03-16T08:36:27.196+0000] {dag.py:2585} INFO - Sync 1 DAGs
[2025-03-16T08:36:27.243+0000] {logging_mixin.py:120} INFO - [2025-03-16T08:36:27.242+0000] {dag.py:3340} INFO - Setting next_dagrun for example_short_circuit_operator to 2025-03-15T08:36:27.242464+00:00, run_after=2025-03-16T08:36:27.242464+00:00
[2025-03-16T08:36:27.274+0000] {processor.py:176} INFO - Processing /home/airflow/.local/lib/python3.7/site-packages/airflow/example_dags/example_short_circuit_operator.py took 0.227 seconds
[2025-03-16T08:36:58.391+0000] {processor.py:154} INFO - Started process (PID=659) to work on /home/airflow/.local/lib/python3.7/site-packages/airflow/example_dags/example_short_circuit_operator.py
[2025-03-16T08:36:58.394+0000] {processor.py:756} INFO - Processing file /home/airflow/.local/lib/python3.7/site-packages/airflow/example_dags/example_short_circuit_operator.py for tasks to queue
[2025-03-16T08:36:58.402+0000] {logging_mixin.py:120} INFO - [2025-03-16T08:36:58.401+0000] {dagbag.py:537} INFO - Filling up the DagBag from /home/airflow/.local/lib/python3.7/site-packages/airflow/example_dags/example_short_circuit_operator.py
[2025-03-16T08:36:58.471+0000] {processor.py:766} INFO - DAG(s) dict_keys(['example_short_circuit_operator']) retrieved from /home/airflow/.local/lib/python3.7/site-packages/airflow/example_dags/example_short_circuit_operator.py
[2025-03-16T08:36:58.562+0000] {logging_mixin.py:120} INFO - [2025-03-16T08:36:58.561+0000] {dag.py:2585} INFO - Sync 1 DAGs
[2025-03-16T08:36:58.615+0000] {logging_mixin.py:120} INFO - [2025-03-16T08:36:58.615+0000] {dag.py:3340} INFO - Setting next_dagrun for example_short_circuit_operator to 2025-03-15T08:36:58.614788+00:00, run_after=2025-03-16T08:36:58.614788+00:00
[2025-03-16T08:36:58.681+0000] {processor.py:176} INFO - Processing /home/airflow/.local/lib/python3.7/site-packages/airflow/example_dags/example_short_circuit_operator.py took 0.303 seconds
[2025-03-16T08:37:29.404+0000] {processor.py:154} INFO - Started process (PID=713) to work on /home/airflow/.local/lib/python3.7/site-packages/airflow/example_dags/example_short_circuit_operator.py
[2025-03-16T08:37:29.406+0000] {processor.py:756} INFO - Processing file /home/airflow/.local/lib/python3.7/site-packages/airflow/example_dags/example_short_circuit_operator.py for tasks to queue
[2025-03-16T08:37:29.407+0000] {logging_mixin.py:120} INFO - [2025-03-16T08:37:29.407+0000] {dagbag.py:537} INFO - Filling up the DagBag from /home/airflow/.local/lib/python3.7/site-packages/airflow/example_dags/example_short_circuit_operator.py
[2025-03-16T08:37:29.441+0000] {processor.py:766} INFO - DAG(s) dict_keys(['example_short_circuit_operator']) retrieved from /home/airflow/.local/lib/python3.7/site-packages/airflow/example_dags/example_short_circuit_operator.py
[2025-03-16T08:37:29.519+0000] {logging_mixin.py:120} INFO - [2025-03-16T08:37:29.518+0000] {dag.py:2585} INFO - Sync 1 DAGs
[2025-03-16T08:37:29.568+0000] {logging_mixin.py:120} INFO - [2025-03-16T08:37:29.568+0000] {dag.py:3340} INFO - Setting next_dagrun for example_short_circuit_operator to 2025-03-15T08:37:29.567703+00:00, run_after=2025-03-16T08:37:29.567703+00:00
[2025-03-16T08:37:29.602+0000] {processor.py:176} INFO - Processing /home/airflow/.local/lib/python3.7/site-packages/airflow/example_dags/example_short_circuit_operator.py took 0.204 seconds
[2025-03-16T08:37:59.897+0000] {processor.py:154} INFO - Started process (PID=776) to work on /home/airflow/.local/lib/python3.7/site-packages/airflow/example_dags/example_short_circuit_operator.py
[2025-03-16T08:37:59.898+0000] {processor.py:756} INFO - Processing file /home/airflow/.local/lib/python3.7/site-packages/airflow/example_dags/example_short_circuit_operator.py for tasks to queue
[2025-03-16T08:37:59.900+0000] {logging_mixin.py:120} INFO - [2025-03-16T08:37:59.900+0000] {dagbag.py:537} INFO - Filling up the DagBag from /home/airflow/.local/lib/python3.7/site-packages/airflow/example_dags/example_short_circuit_operator.py
[2025-03-16T08:37:59.939+0000] {processor.py:766} INFO - DAG(s) dict_keys(['example_short_circuit_operator']) retrieved from /home/airflow/.local/lib/python3.7/site-packages/airflow/example_dags/example_short_circuit_operator.py
[2025-03-16T08:38:00.059+0000] {logging_mixin.py:120} INFO - [2025-03-16T08:38:00.058+0000] {dag.py:2585} INFO - Sync 1 DAGs
[2025-03-16T08:38:00.150+0000] {logging_mixin.py:120} INFO - [2025-03-16T08:38:00.149+0000] {dag.py:3340} INFO - Setting next_dagrun for example_short_circuit_operator to 2025-03-15T08:38:00.149447+00:00, run_after=2025-03-16T08:38:00.149447+00:00
[2025-03-16T08:38:00.256+0000] {processor.py:176} INFO - Processing /home/airflow/.local/lib/python3.7/site-packages/airflow/example_dags/example_short_circuit_operator.py took 0.368 seconds
[2025-03-16T08:38:30.477+0000] {processor.py:154} INFO - Started process (PID=831) to work on /home/airflow/.local/lib/python3.7/site-packages/airflow/example_dags/example_short_circuit_operator.py
[2025-03-16T08:38:30.479+0000] {processor.py:756} INFO - Processing file /home/airflow/.local/lib/python3.7/site-packages/airflow/example_dags/example_short_circuit_operator.py for tasks to queue
[2025-03-16T08:38:30.480+0000] {logging_mixin.py:120} INFO - [2025-03-16T08:38:30.480+0000] {dagbag.py:537} INFO - Filling up the DagBag from /home/airflow/.local/lib/python3.7/site-packages/airflow/example_dags/example_short_circuit_operator.py
[2025-03-16T08:38:30.515+0000] {processor.py:766} INFO - DAG(s) dict_keys(['example_short_circuit_operator']) retrieved from /home/airflow/.local/lib/python3.7/site-packages/airflow/example_dags/example_short_circuit_operator.py
[2025-03-16T08:38:30.627+0000] {logging_mixin.py:120} INFO - [2025-03-16T08:38:30.626+0000] {dag.py:2585} INFO - Sync 1 DAGs
[2025-03-16T08:38:30.673+0000] {logging_mixin.py:120} INFO - [2025-03-16T08:38:30.673+0000] {dag.py:3340} INFO - Setting next_dagrun for example_short_circuit_operator to 2025-03-15T08:38:30.673450+00:00, run_after=2025-03-16T08:38:30.673450+00:00
[2025-03-16T08:38:30.740+0000] {processor.py:176} INFO - Processing /home/airflow/.local/lib/python3.7/site-packages/airflow/example_dags/example_short_circuit_operator.py took 0.268 seconds
[2025-03-16T08:39:01.508+0000] {processor.py:154} INFO - Started process (PID=894) to work on /home/airflow/.local/lib/python3.7/site-packages/airflow/example_dags/example_short_circuit_operator.py
[2025-03-16T08:39:01.512+0000] {processor.py:756} INFO - Processing file /home/airflow/.local/lib/python3.7/site-packages/airflow/example_dags/example_short_circuit_operator.py for tasks to queue
[2025-03-16T08:39:01.516+0000] {logging_mixin.py:120} INFO - [2025-03-16T08:39:01.515+0000] {dagbag.py:537} INFO - Filling up the DagBag from /home/airflow/.local/lib/python3.7/site-packages/airflow/example_dags/example_short_circuit_operator.py
[2025-03-16T08:39:01.615+0000] {processor.py:766} INFO - DAG(s) dict_keys(['example_short_circuit_operator']) retrieved from /home/airflow/.local/lib/python3.7/site-packages/airflow/example_dags/example_short_circuit_operator.py
[2025-03-16T08:39:01.789+0000] {logging_mixin.py:120} INFO - [2025-03-16T08:39:01.789+0000] {dag.py:2585} INFO - Sync 1 DAGs
[2025-03-16T08:39:02.152+0000] {logging_mixin.py:120} INFO - [2025-03-16T08:39:02.152+0000] {dag.py:3340} INFO - Setting next_dagrun for example_short_circuit_operator to 2025-03-15T08:39:02.151601+00:00, run_after=2025-03-16T08:39:02.151601+00:00
[2025-03-16T08:39:02.717+0000] {processor.py:176} INFO - Processing /home/airflow/.local/lib/python3.7/site-packages/airflow/example_dags/example_short_circuit_operator.py took 1.216 seconds
[2025-03-16T08:39:33.872+0000] {processor.py:154} INFO - Started process (PID=949) to work on /home/airflow/.local/lib/python3.7/site-packages/airflow/example_dags/example_short_circuit_operator.py
[2025-03-16T08:39:33.873+0000] {processor.py:756} INFO - Processing file /home/airflow/.local/lib/python3.7/site-packages/airflow/example_dags/example_short_circuit_operator.py for tasks to queue
[2025-03-16T08:39:33.874+0000] {logging_mixin.py:120} INFO - [2025-03-16T08:39:33.874+0000] {dagbag.py:537} INFO - Filling up the DagBag from /home/airflow/.local/lib/python3.7/site-packages/airflow/example_dags/example_short_circuit_operator.py
[2025-03-16T08:39:33.903+0000] {processor.py:766} INFO - DAG(s) dict_keys(['example_short_circuit_operator']) retrieved from /home/airflow/.local/lib/python3.7/site-packages/airflow/example_dags/example_short_circuit_operator.py
[2025-03-16T08:39:33.979+0000] {logging_mixin.py:120} INFO - [2025-03-16T08:39:33.979+0000] {dag.py:2585} INFO - Sync 1 DAGs
[2025-03-16T08:39:34.032+0000] {logging_mixin.py:120} INFO - [2025-03-16T08:39:34.032+0000] {dag.py:3340} INFO - Setting next_dagrun for example_short_circuit_operator to 2025-03-15T08:39:34.031724+00:00, run_after=2025-03-16T08:39:34.031724+00:00
[2025-03-16T08:39:34.070+0000] {processor.py:176} INFO - Processing /home/airflow/.local/lib/python3.7/site-packages/airflow/example_dags/example_short_circuit_operator.py took 0.203 seconds
[2025-03-16T08:40:04.708+0000] {processor.py:154} INFO - Started process (PID=1012) to work on /home/airflow/.local/lib/python3.7/site-packages/airflow/example_dags/example_short_circuit_operator.py
[2025-03-16T08:40:04.710+0000] {processor.py:756} INFO - Processing file /home/airflow/.local/lib/python3.7/site-packages/airflow/example_dags/example_short_circuit_operator.py for tasks to queue
[2025-03-16T08:40:04.711+0000] {logging_mixin.py:120} INFO - [2025-03-16T08:40:04.711+0000] {dagbag.py:537} INFO - Filling up the DagBag from /home/airflow/.local/lib/python3.7/site-packages/airflow/example_dags/example_short_circuit_operator.py
[2025-03-16T08:40:04.745+0000] {processor.py:766} INFO - DAG(s) dict_keys(['example_short_circuit_operator']) retrieved from /home/airflow/.local/lib/python3.7/site-packages/airflow/example_dags/example_short_circuit_operator.py
[2025-03-16T08:40:04.900+0000] {logging_mixin.py:120} INFO - [2025-03-16T08:40:04.899+0000] {dag.py:2585} INFO - Sync 1 DAGs
[2025-03-16T08:40:05.006+0000] {logging_mixin.py:120} INFO - [2025-03-16T08:40:05.006+0000] {dag.py:3340} INFO - Setting next_dagrun for example_short_circuit_operator to 2025-03-15T08:40:05.005758+00:00, run_after=2025-03-16T08:40:05.005758+00:00
[2025-03-16T08:40:05.073+0000] {processor.py:176} INFO - Processing /home/airflow/.local/lib/python3.7/site-packages/airflow/example_dags/example_short_circuit_operator.py took 0.378 seconds
[2025-03-16T08:40:35.231+0000] {processor.py:154} INFO - Started process (PID=1067) to work on /home/airflow/.local/lib/python3.7/site-packages/airflow/example_dags/example_short_circuit_operator.py
[2025-03-16T08:40:35.232+0000] {processor.py:756} INFO - Processing file /home/airflow/.local/lib/python3.7/site-packages/airflow/example_dags/example_short_circuit_operator.py for tasks to queue
[2025-03-16T08:40:35.233+0000] {logging_mixin.py:120} INFO - [2025-03-16T08:40:35.233+0000] {dagbag.py:537} INFO - Filling up the DagBag from /home/airflow/.local/lib/python3.7/site-packages/airflow/example_dags/example_short_circuit_operator.py
[2025-03-16T08:40:35.275+0000] {processor.py:766} INFO - DAG(s) dict_keys(['example_short_circuit_operator']) retrieved from /home/airflow/.local/lib/python3.7/site-packages/airflow/example_dags/example_short_circuit_operator.py
[2025-03-16T08:40:35.346+0000] {logging_mixin.py:120} INFO - [2025-03-16T08:40:35.346+0000] {dag.py:2585} INFO - Sync 1 DAGs
[2025-03-16T08:40:35.391+0000] {logging_mixin.py:120} INFO - [2025-03-16T08:40:35.391+0000] {dag.py:3340} INFO - Setting next_dagrun for example_short_circuit_operator to 2025-03-15T08:40:35.390995+00:00, run_after=2025-03-16T08:40:35.390995+00:00
[2025-03-16T08:40:35.414+0000] {processor.py:176} INFO - Processing /home/airflow/.local/lib/python3.7/site-packages/airflow/example_dags/example_short_circuit_operator.py took 0.191 seconds
[2025-03-16T08:41:05.998+0000] {processor.py:154} INFO - Started process (PID=1129) to work on /home/airflow/.local/lib/python3.7/site-packages/airflow/example_dags/example_short_circuit_operator.py
[2025-03-16T08:41:06.001+0000] {processor.py:756} INFO - Processing file /home/airflow/.local/lib/python3.7/site-packages/airflow/example_dags/example_short_circuit_operator.py for tasks to queue
[2025-03-16T08:41:06.002+0000] {logging_mixin.py:120} INFO - [2025-03-16T08:41:06.002+0000] {dagbag.py:537} INFO - Filling up the DagBag from /home/airflow/.local/lib/python3.7/site-packages/airflow/example_dags/example_short_circuit_operator.py
[2025-03-16T08:41:06.036+0000] {processor.py:766} INFO - DAG(s) dict_keys(['example_short_circuit_operator']) retrieved from /home/airflow/.local/lib/python3.7/site-packages/airflow/example_dags/example_short_circuit_operator.py
[2025-03-16T08:41:06.169+0000] {logging_mixin.py:120} INFO - [2025-03-16T08:41:06.168+0000] {dag.py:2585} INFO - Sync 1 DAGs
[2025-03-16T08:41:06.262+0000] {logging_mixin.py:120} INFO - [2025-03-16T08:41:06.261+0000] {dag.py:3340} INFO - Setting next_dagrun for example_short_circuit_operator to 2025-03-15T08:41:06.261542+00:00, run_after=2025-03-16T08:41:06.261542+00:00
[2025-03-16T08:41:06.345+0000] {processor.py:176} INFO - Processing /home/airflow/.local/lib/python3.7/site-packages/airflow/example_dags/example_short_circuit_operator.py took 0.360 seconds
[2025-03-16T08:41:37.157+0000] {processor.py:154} INFO - Started process (PID=1183) to work on /home/airflow/.local/lib/python3.7/site-packages/airflow/example_dags/example_short_circuit_operator.py
[2025-03-16T08:41:37.159+0000] {processor.py:756} INFO - Processing file /home/airflow/.local/lib/python3.7/site-packages/airflow/example_dags/example_short_circuit_operator.py for tasks to queue
[2025-03-16T08:41:37.160+0000] {logging_mixin.py:120} INFO - [2025-03-16T08:41:37.160+0000] {dagbag.py:537} INFO - Filling up the DagBag from /home/airflow/.local/lib/python3.7/site-packages/airflow/example_dags/example_short_circuit_operator.py
[2025-03-16T08:41:37.202+0000] {processor.py:766} INFO - DAG(s) dict_keys(['example_short_circuit_operator']) retrieved from /home/airflow/.local/lib/python3.7/site-packages/airflow/example_dags/example_short_circuit_operator.py
[2025-03-16T08:41:37.305+0000] {logging_mixin.py:120} INFO - [2025-03-16T08:41:37.305+0000] {dag.py:2585} INFO - Sync 1 DAGs
[2025-03-16T08:41:37.415+0000] {logging_mixin.py:120} INFO - [2025-03-16T08:41:37.414+0000] {dag.py:3340} INFO - Setting next_dagrun for example_short_circuit_operator to 2025-03-15T08:41:37.414428+00:00, run_after=2025-03-16T08:41:37.414428+00:00
[2025-03-16T08:41:37.454+0000] {processor.py:176} INFO - Processing /home/airflow/.local/lib/python3.7/site-packages/airflow/example_dags/example_short_circuit_operator.py took 0.307 seconds
[2025-03-16T08:42:08.128+0000] {processor.py:154} INFO - Started process (PID=1246) to work on /home/airflow/.local/lib/python3.7/site-packages/airflow/example_dags/example_short_circuit_operator.py
[2025-03-16T08:42:08.130+0000] {processor.py:756} INFO - Processing file /home/airflow/.local/lib/python3.7/site-packages/airflow/example_dags/example_short_circuit_operator.py for tasks to queue
[2025-03-16T08:42:08.132+0000] {logging_mixin.py:120} INFO - [2025-03-16T08:42:08.131+0000] {dagbag.py:537} INFO - Filling up the DagBag from /home/airflow/.local/lib/python3.7/site-packages/airflow/example_dags/example_short_circuit_operator.py
[2025-03-16T08:42:08.165+0000] {processor.py:766} INFO - DAG(s) dict_keys(['example_short_circuit_operator']) retrieved from /home/airflow/.local/lib/python3.7/site-packages/airflow/example_dags/example_short_circuit_operator.py
[2025-03-16T08:42:08.253+0000] {logging_mixin.py:120} INFO - [2025-03-16T08:42:08.253+0000] {dag.py:2585} INFO - Sync 1 DAGs
[2025-03-16T08:42:08.304+0000] {logging_mixin.py:120} INFO - [2025-03-16T08:42:08.303+0000] {dag.py:3340} INFO - Setting next_dagrun for example_short_circuit_operator to 2025-03-15T08:42:08.303422+00:00, run_after=2025-03-16T08:42:08.303422+00:00
[2025-03-16T08:42:08.364+0000] {processor.py:176} INFO - Processing /home/airflow/.local/lib/python3.7/site-packages/airflow/example_dags/example_short_circuit_operator.py took 0.248 seconds
[2025-03-16T08:42:38.921+0000] {processor.py:154} INFO - Started process (PID=1300) to work on /home/airflow/.local/lib/python3.7/site-packages/airflow/example_dags/example_short_circuit_operator.py
[2025-03-16T08:42:38.923+0000] {processor.py:756} INFO - Processing file /home/airflow/.local/lib/python3.7/site-packages/airflow/example_dags/example_short_circuit_operator.py for tasks to queue
[2025-03-16T08:42:38.924+0000] {logging_mixin.py:120} INFO - [2025-03-16T08:42:38.924+0000] {dagbag.py:537} INFO - Filling up the DagBag from /home/airflow/.local/lib/python3.7/site-packages/airflow/example_dags/example_short_circuit_operator.py
[2025-03-16T08:42:38.952+0000] {processor.py:766} INFO - DAG(s) dict_keys(['example_short_circuit_operator']) retrieved from /home/airflow/.local/lib/python3.7/site-packages/airflow/example_dags/example_short_circuit_operator.py
[2025-03-16T08:42:39.026+0000] {logging_mixin.py:120} INFO - [2025-03-16T08:42:39.026+0000] {dag.py:2585} INFO - Sync 1 DAGs
[2025-03-16T08:42:39.073+0000] {logging_mixin.py:120} INFO - [2025-03-16T08:42:39.072+0000] {dag.py:3340} INFO - Setting next_dagrun for example_short_circuit_operator to 2025-03-15T08:42:39.072202+00:00, run_after=2025-03-16T08:42:39.072202+00:00
[2025-03-16T08:42:39.104+0000] {processor.py:176} INFO - Processing /home/airflow/.local/lib/python3.7/site-packages/airflow/example_dags/example_short_circuit_operator.py took 0.189 seconds
[2025-03-16T08:43:09.817+0000] {processor.py:154} INFO - Started process (PID=1361) to work on /home/airflow/.local/lib/python3.7/site-packages/airflow/example_dags/example_short_circuit_operator.py
[2025-03-16T08:43:09.820+0000] {processor.py:756} INFO - Processing file /home/airflow/.local/lib/python3.7/site-packages/airflow/example_dags/example_short_circuit_operator.py for tasks to queue
[2025-03-16T08:43:09.821+0000] {logging_mixin.py:120} INFO - [2025-03-16T08:43:09.821+0000] {dagbag.py:537} INFO - Filling up the DagBag from /home/airflow/.local/lib/python3.7/site-packages/airflow/example_dags/example_short_circuit_operator.py
[2025-03-16T08:43:09.854+0000] {processor.py:766} INFO - DAG(s) dict_keys(['example_short_circuit_operator']) retrieved from /home/airflow/.local/lib/python3.7/site-packages/airflow/example_dags/example_short_circuit_operator.py
[2025-03-16T08:43:09.992+0000] {logging_mixin.py:120} INFO - [2025-03-16T08:43:09.992+0000] {dag.py:2585} INFO - Sync 1 DAGs
[2025-03-16T08:43:10.148+0000] {logging_mixin.py:120} INFO - [2025-03-16T08:43:10.148+0000] {dag.py:3340} INFO - Setting next_dagrun for example_short_circuit_operator to 2025-03-15T08:43:10.147611+00:00, run_after=2025-03-16T08:43:10.147611+00:00
[2025-03-16T08:43:10.227+0000] {processor.py:176} INFO - Processing /home/airflow/.local/lib/python3.7/site-packages/airflow/example_dags/example_short_circuit_operator.py took 0.423 seconds
[2025-03-16T08:43:40.696+0000] {processor.py:154} INFO - Started process (PID=1417) to work on /home/airflow/.local/lib/python3.7/site-packages/airflow/example_dags/example_short_circuit_operator.py
[2025-03-16T08:43:40.697+0000] {processor.py:756} INFO - Processing file /home/airflow/.local/lib/python3.7/site-packages/airflow/example_dags/example_short_circuit_operator.py for tasks to queue
[2025-03-16T08:43:40.698+0000] {logging_mixin.py:120} INFO - [2025-03-16T08:43:40.698+0000] {dagbag.py:537} INFO - Filling up the DagBag from /home/airflow/.local/lib/python3.7/site-packages/airflow/example_dags/example_short_circuit_operator.py
[2025-03-16T08:43:40.727+0000] {processor.py:766} INFO - DAG(s) dict_keys(['example_short_circuit_operator']) retrieved from /home/airflow/.local/lib/python3.7/site-packages/airflow/example_dags/example_short_circuit_operator.py
[2025-03-16T08:43:40.811+0000] {logging_mixin.py:120} INFO - [2025-03-16T08:43:40.810+0000] {dag.py:2585} INFO - Sync 1 DAGs
[2025-03-16T08:43:40.862+0000] {logging_mixin.py:120} INFO - [2025-03-16T08:43:40.861+0000] {dag.py:3340} INFO - Setting next_dagrun for example_short_circuit_operator to 2025-03-15T08:43:40.861436+00:00, run_after=2025-03-16T08:43:40.861436+00:00
[2025-03-16T08:43:40.894+0000] {processor.py:176} INFO - Processing /home/airflow/.local/lib/python3.7/site-packages/airflow/example_dags/example_short_circuit_operator.py took 0.204 seconds
[2025-03-16T08:44:10.936+0000] {processor.py:154} INFO - Started process (PID=1471) to work on /home/airflow/.local/lib/python3.7/site-packages/airflow/example_dags/example_short_circuit_operator.py
[2025-03-16T08:44:10.937+0000] {processor.py:756} INFO - Processing file /home/airflow/.local/lib/python3.7/site-packages/airflow/example_dags/example_short_circuit_operator.py for tasks to queue
[2025-03-16T08:44:10.938+0000] {logging_mixin.py:120} INFO - [2025-03-16T08:44:10.938+0000] {dagbag.py:537} INFO - Filling up the DagBag from /home/airflow/.local/lib/python3.7/site-packages/airflow/example_dags/example_short_circuit_operator.py
[2025-03-16T08:44:10.959+0000] {processor.py:766} INFO - DAG(s) dict_keys(['example_short_circuit_operator']) retrieved from /home/airflow/.local/lib/python3.7/site-packages/airflow/example_dags/example_short_circuit_operator.py
[2025-03-16T08:44:11.031+0000] {logging_mixin.py:120} INFO - [2025-03-16T08:44:11.030+0000] {dag.py:2585} INFO - Sync 1 DAGs
[2025-03-16T08:44:11.068+0000] {logging_mixin.py:120} INFO - [2025-03-16T08:44:11.067+0000] {dag.py:3340} INFO - Setting next_dagrun for example_short_circuit_operator to 2025-03-15T08:44:11.067674+00:00, run_after=2025-03-16T08:44:11.067674+00:00
[2025-03-16T08:44:11.093+0000] {processor.py:176} INFO - Processing /home/airflow/.local/lib/python3.7/site-packages/airflow/example_dags/example_short_circuit_operator.py took 0.162 seconds
[2025-03-16T08:44:41.121+0000] {processor.py:154} INFO - Started process (PID=1535) to work on /home/airflow/.local/lib/python3.7/site-packages/airflow/example_dags/example_short_circuit_operator.py
[2025-03-16T08:44:41.122+0000] {processor.py:756} INFO - Processing file /home/airflow/.local/lib/python3.7/site-packages/airflow/example_dags/example_short_circuit_operator.py for tasks to queue
[2025-03-16T08:44:41.122+0000] {logging_mixin.py:120} INFO - [2025-03-16T08:44:41.122+0000] {dagbag.py:537} INFO - Filling up the DagBag from /home/airflow/.local/lib/python3.7/site-packages/airflow/example_dags/example_short_circuit_operator.py
[2025-03-16T08:44:41.142+0000] {processor.py:766} INFO - DAG(s) dict_keys(['example_short_circuit_operator']) retrieved from /home/airflow/.local/lib/python3.7/site-packages/airflow/example_dags/example_short_circuit_operator.py
[2025-03-16T08:44:41.193+0000] {logging_mixin.py:120} INFO - [2025-03-16T08:44:41.193+0000] {dag.py:2585} INFO - Sync 1 DAGs
[2025-03-16T08:44:41.226+0000] {logging_mixin.py:120} INFO - [2025-03-16T08:44:41.226+0000] {dag.py:3340} INFO - Setting next_dagrun for example_short_circuit_operator to 2025-03-15T08:44:41.226276+00:00, run_after=2025-03-16T08:44:41.226276+00:00
[2025-03-16T08:44:41.248+0000] {processor.py:176} INFO - Processing /home/airflow/.local/lib/python3.7/site-packages/airflow/example_dags/example_short_circuit_operator.py took 0.132 seconds
[2025-03-16T08:45:11.570+0000] {processor.py:154} INFO - Started process (PID=1589) to work on /home/airflow/.local/lib/python3.7/site-packages/airflow/example_dags/example_short_circuit_operator.py
[2025-03-16T08:45:11.572+0000] {processor.py:756} INFO - Processing file /home/airflow/.local/lib/python3.7/site-packages/airflow/example_dags/example_short_circuit_operator.py for tasks to queue
[2025-03-16T08:45:11.573+0000] {logging_mixin.py:120} INFO - [2025-03-16T08:45:11.573+0000] {dagbag.py:537} INFO - Filling up the DagBag from /home/airflow/.local/lib/python3.7/site-packages/airflow/example_dags/example_short_circuit_operator.py
[2025-03-16T08:45:11.607+0000] {processor.py:766} INFO - DAG(s) dict_keys(['example_short_circuit_operator']) retrieved from /home/airflow/.local/lib/python3.7/site-packages/airflow/example_dags/example_short_circuit_operator.py
[2025-03-16T08:45:11.677+0000] {logging_mixin.py:120} INFO - [2025-03-16T08:45:11.677+0000] {dag.py:2585} INFO - Sync 1 DAGs
[2025-03-16T08:45:11.733+0000] {logging_mixin.py:120} INFO - [2025-03-16T08:45:11.733+0000] {dag.py:3340} INFO - Setting next_dagrun for example_short_circuit_operator to 2025-03-15T08:45:11.732698+00:00, run_after=2025-03-16T08:45:11.732698+00:00
[2025-03-16T08:45:11.765+0000] {processor.py:176} INFO - Processing /home/airflow/.local/lib/python3.7/site-packages/airflow/example_dags/example_short_circuit_operator.py took 0.201 seconds
[2025-03-16T08:45:42.432+0000] {processor.py:154} INFO - Started process (PID=1651) to work on /home/airflow/.local/lib/python3.7/site-packages/airflow/example_dags/example_short_circuit_operator.py
[2025-03-16T08:45:42.434+0000] {processor.py:756} INFO - Processing file /home/airflow/.local/lib/python3.7/site-packages/airflow/example_dags/example_short_circuit_operator.py for tasks to queue
[2025-03-16T08:45:42.436+0000] {logging_mixin.py:120} INFO - [2025-03-16T08:45:42.435+0000] {dagbag.py:537} INFO - Filling up the DagBag from /home/airflow/.local/lib/python3.7/site-packages/airflow/example_dags/example_short_circuit_operator.py
[2025-03-16T08:45:42.477+0000] {processor.py:766} INFO - DAG(s) dict_keys(['example_short_circuit_operator']) retrieved from /home/airflow/.local/lib/python3.7/site-packages/airflow/example_dags/example_short_circuit_operator.py
[2025-03-16T08:45:42.553+0000] {logging_mixin.py:120} INFO - [2025-03-16T08:45:42.553+0000] {dag.py:2585} INFO - Sync 1 DAGs
[2025-03-16T08:45:42.600+0000] {logging_mixin.py:120} INFO - [2025-03-16T08:45:42.599+0000] {dag.py:3340} INFO - Setting next_dagrun for example_short_circuit_operator to 2025-03-15T08:45:42.599562+00:00, run_after=2025-03-16T08:45:42.599562+00:00
[2025-03-16T08:45:42.631+0000] {processor.py:176} INFO - Processing /home/airflow/.local/lib/python3.7/site-packages/airflow/example_dags/example_short_circuit_operator.py took 0.206 seconds
[2025-03-16T08:46:13.417+0000] {processor.py:154} INFO - Started process (PID=1705) to work on /home/airflow/.local/lib/python3.7/site-packages/airflow/example_dags/example_short_circuit_operator.py
[2025-03-16T08:46:13.420+0000] {processor.py:756} INFO - Processing file /home/airflow/.local/lib/python3.7/site-packages/airflow/example_dags/example_short_circuit_operator.py for tasks to queue
[2025-03-16T08:46:13.421+0000] {logging_mixin.py:120} INFO - [2025-03-16T08:46:13.421+0000] {dagbag.py:537} INFO - Filling up the DagBag from /home/airflow/.local/lib/python3.7/site-packages/airflow/example_dags/example_short_circuit_operator.py
[2025-03-16T08:46:13.454+0000] {processor.py:766} INFO - DAG(s) dict_keys(['example_short_circuit_operator']) retrieved from /home/airflow/.local/lib/python3.7/site-packages/airflow/example_dags/example_short_circuit_operator.py
[2025-03-16T08:46:13.532+0000] {logging_mixin.py:120} INFO - [2025-03-16T08:46:13.531+0000] {dag.py:2585} INFO - Sync 1 DAGs
[2025-03-16T08:46:13.586+0000] {logging_mixin.py:120} INFO - [2025-03-16T08:46:13.586+0000] {dag.py:3340} INFO - Setting next_dagrun for example_short_circuit_operator to 2025-03-15T08:46:13.586173+00:00, run_after=2025-03-16T08:46:13.586173+00:00
[2025-03-16T08:46:13.618+0000] {processor.py:176} INFO - Processing /home/airflow/.local/lib/python3.7/site-packages/airflow/example_dags/example_short_circuit_operator.py took 0.212 seconds
[2025-03-16T08:46:43.737+0000] {processor.py:154} INFO - Started process (PID=1768) to work on /home/airflow/.local/lib/python3.7/site-packages/airflow/example_dags/example_short_circuit_operator.py
[2025-03-16T08:46:43.738+0000] {processor.py:756} INFO - Processing file /home/airflow/.local/lib/python3.7/site-packages/airflow/example_dags/example_short_circuit_operator.py for tasks to queue
[2025-03-16T08:46:43.739+0000] {logging_mixin.py:120} INFO - [2025-03-16T08:46:43.739+0000] {dagbag.py:537} INFO - Filling up the DagBag from /home/airflow/.local/lib/python3.7/site-packages/airflow/example_dags/example_short_circuit_operator.py
[2025-03-16T08:46:43.771+0000] {processor.py:766} INFO - DAG(s) dict_keys(['example_short_circuit_operator']) retrieved from /home/airflow/.local/lib/python3.7/site-packages/airflow/example_dags/example_short_circuit_operator.py
[2025-03-16T08:46:43.864+0000] {logging_mixin.py:120} INFO - [2025-03-16T08:46:43.863+0000] {dag.py:2585} INFO - Sync 1 DAGs
[2025-03-16T08:46:43.908+0000] {logging_mixin.py:120} INFO - [2025-03-16T08:46:43.908+0000] {dag.py:3340} INFO - Setting next_dagrun for example_short_circuit_operator to 2025-03-15T08:46:43.907839+00:00, run_after=2025-03-16T08:46:43.907839+00:00
[2025-03-16T08:46:43.936+0000] {processor.py:176} INFO - Processing /home/airflow/.local/lib/python3.7/site-packages/airflow/example_dags/example_short_circuit_operator.py took 0.208 seconds
[2025-03-16T08:47:14.625+0000] {processor.py:154} INFO - Started process (PID=1822) to work on /home/airflow/.local/lib/python3.7/site-packages/airflow/example_dags/example_short_circuit_operator.py
[2025-03-16T08:47:14.626+0000] {processor.py:756} INFO - Processing file /home/airflow/.local/lib/python3.7/site-packages/airflow/example_dags/example_short_circuit_operator.py for tasks to queue
[2025-03-16T08:47:14.628+0000] {logging_mixin.py:120} INFO - [2025-03-16T08:47:14.627+0000] {dagbag.py:537} INFO - Filling up the DagBag from /home/airflow/.local/lib/python3.7/site-packages/airflow/example_dags/example_short_circuit_operator.py
[2025-03-16T08:47:14.664+0000] {processor.py:766} INFO - DAG(s) dict_keys(['example_short_circuit_operator']) retrieved from /home/airflow/.local/lib/python3.7/site-packages/airflow/example_dags/example_short_circuit_operator.py
[2025-03-16T08:47:14.757+0000] {logging_mixin.py:120} INFO - [2025-03-16T08:47:14.756+0000] {dag.py:2585} INFO - Sync 1 DAGs
[2025-03-16T08:47:14.839+0000] {logging_mixin.py:120} INFO - [2025-03-16T08:47:14.839+0000] {dag.py:3340} INFO - Setting next_dagrun for example_short_circuit_operator to 2025-03-15T08:47:14.839025+00:00, run_after=2025-03-16T08:47:14.839025+00:00
[2025-03-16T08:47:14.884+0000] {processor.py:176} INFO - Processing /home/airflow/.local/lib/python3.7/site-packages/airflow/example_dags/example_short_circuit_operator.py took 0.265 seconds
[2025-03-16T08:47:45.210+0000] {processor.py:154} INFO - Started process (PID=1885) to work on /home/airflow/.local/lib/python3.7/site-packages/airflow/example_dags/example_short_circuit_operator.py
[2025-03-16T08:47:45.211+0000] {processor.py:756} INFO - Processing file /home/airflow/.local/lib/python3.7/site-packages/airflow/example_dags/example_short_circuit_operator.py for tasks to queue
[2025-03-16T08:47:45.212+0000] {logging_mixin.py:120} INFO - [2025-03-16T08:47:45.212+0000] {dagbag.py:537} INFO - Filling up the DagBag from /home/airflow/.local/lib/python3.7/site-packages/airflow/example_dags/example_short_circuit_operator.py
[2025-03-16T08:47:45.254+0000] {processor.py:766} INFO - DAG(s) dict_keys(['example_short_circuit_operator']) retrieved from /home/airflow/.local/lib/python3.7/site-packages/airflow/example_dags/example_short_circuit_operator.py
[2025-03-16T08:47:45.323+0000] {logging_mixin.py:120} INFO - [2025-03-16T08:47:45.322+0000] {dag.py:2585} INFO - Sync 1 DAGs
[2025-03-16T08:47:45.370+0000] {logging_mixin.py:120} INFO - [2025-03-16T08:47:45.370+0000] {dag.py:3340} INFO - Setting next_dagrun for example_short_circuit_operator to 2025-03-15T08:47:45.370043+00:00, run_after=2025-03-16T08:47:45.370043+00:00
[2025-03-16T08:47:45.405+0000] {processor.py:176} INFO - Processing /home/airflow/.local/lib/python3.7/site-packages/airflow/example_dags/example_short_circuit_operator.py took 0.201 seconds
[2025-03-16T08:48:16.255+0000] {processor.py:154} INFO - Started process (PID=1939) to work on /home/airflow/.local/lib/python3.7/site-packages/airflow/example_dags/example_short_circuit_operator.py
[2025-03-16T08:48:16.257+0000] {processor.py:756} INFO - Processing file /home/airflow/.local/lib/python3.7/site-packages/airflow/example_dags/example_short_circuit_operator.py for tasks to queue
[2025-03-16T08:48:16.258+0000] {logging_mixin.py:120} INFO - [2025-03-16T08:48:16.258+0000] {dagbag.py:537} INFO - Filling up the DagBag from /home/airflow/.local/lib/python3.7/site-packages/airflow/example_dags/example_short_circuit_operator.py
[2025-03-16T08:48:16.296+0000] {processor.py:766} INFO - DAG(s) dict_keys(['example_short_circuit_operator']) retrieved from /home/airflow/.local/lib/python3.7/site-packages/airflow/example_dags/example_short_circuit_operator.py
[2025-03-16T08:48:16.380+0000] {logging_mixin.py:120} INFO - [2025-03-16T08:48:16.380+0000] {dag.py:2585} INFO - Sync 1 DAGs
[2025-03-16T08:48:16.433+0000] {logging_mixin.py:120} INFO - [2025-03-16T08:48:16.433+0000] {dag.py:3340} INFO - Setting next_dagrun for example_short_circuit_operator to 2025-03-15T08:48:16.432869+00:00, run_after=2025-03-16T08:48:16.432869+00:00
[2025-03-16T08:48:16.503+0000] {processor.py:176} INFO - Processing /home/airflow/.local/lib/python3.7/site-packages/airflow/example_dags/example_short_circuit_operator.py took 0.254 seconds
[2025-03-16T08:48:47.122+0000] {processor.py:154} INFO - Started process (PID=2001) to work on /home/airflow/.local/lib/python3.7/site-packages/airflow/example_dags/example_short_circuit_operator.py
[2025-03-16T08:48:47.123+0000] {processor.py:756} INFO - Processing file /home/airflow/.local/lib/python3.7/site-packages/airflow/example_dags/example_short_circuit_operator.py for tasks to queue
[2025-03-16T08:48:47.124+0000] {logging_mixin.py:120} INFO - [2025-03-16T08:48:47.123+0000] {dagbag.py:537} INFO - Filling up the DagBag from /home/airflow/.local/lib/python3.7/site-packages/airflow/example_dags/example_short_circuit_operator.py
[2025-03-16T08:48:47.142+0000] {processor.py:766} INFO - DAG(s) dict_keys(['example_short_circuit_operator']) retrieved from /home/airflow/.local/lib/python3.7/site-packages/airflow/example_dags/example_short_circuit_operator.py
[2025-03-16T08:48:47.188+0000] {logging_mixin.py:120} INFO - [2025-03-16T08:48:47.188+0000] {dag.py:2585} INFO - Sync 1 DAGs
[2025-03-16T08:48:47.217+0000] {logging_mixin.py:120} INFO - [2025-03-16T08:48:47.217+0000] {dag.py:3340} INFO - Setting next_dagrun for example_short_circuit_operator to 2025-03-15T08:48:47.217186+00:00, run_after=2025-03-16T08:48:47.217186+00:00
[2025-03-16T08:48:47.237+0000] {processor.py:176} INFO - Processing /home/airflow/.local/lib/python3.7/site-packages/airflow/example_dags/example_short_circuit_operator.py took 0.121 seconds
[2025-03-16T08:49:17.738+0000] {processor.py:154} INFO - Started process (PID=2055) to work on /home/airflow/.local/lib/python3.7/site-packages/airflow/example_dags/example_short_circuit_operator.py
[2025-03-16T08:49:17.739+0000] {processor.py:756} INFO - Processing file /home/airflow/.local/lib/python3.7/site-packages/airflow/example_dags/example_short_circuit_operator.py for tasks to queue
[2025-03-16T08:49:17.741+0000] {logging_mixin.py:120} INFO - [2025-03-16T08:49:17.740+0000] {dagbag.py:537} INFO - Filling up the DagBag from /home/airflow/.local/lib/python3.7/site-packages/airflow/example_dags/example_short_circuit_operator.py
[2025-03-16T08:49:17.775+0000] {processor.py:766} INFO - DAG(s) dict_keys(['example_short_circuit_operator']) retrieved from /home/airflow/.local/lib/python3.7/site-packages/airflow/example_dags/example_short_circuit_operator.py
[2025-03-16T08:49:17.844+0000] {logging_mixin.py:120} INFO - [2025-03-16T08:49:17.843+0000] {dag.py:2585} INFO - Sync 1 DAGs
[2025-03-16T08:49:17.886+0000] {logging_mixin.py:120} INFO - [2025-03-16T08:49:17.885+0000] {dag.py:3340} INFO - Setting next_dagrun for example_short_circuit_operator to 2025-03-15T08:49:17.885423+00:00, run_after=2025-03-16T08:49:17.885423+00:00
[2025-03-16T08:49:17.917+0000] {processor.py:176} INFO - Processing /home/airflow/.local/lib/python3.7/site-packages/airflow/example_dags/example_short_circuit_operator.py took 0.184 seconds
[2025-03-16T08:49:48.280+0000] {processor.py:154} INFO - Started process (PID=2119) to work on /home/airflow/.local/lib/python3.7/site-packages/airflow/example_dags/example_short_circuit_operator.py
[2025-03-16T08:49:48.284+0000] {processor.py:756} INFO - Processing file /home/airflow/.local/lib/python3.7/site-packages/airflow/example_dags/example_short_circuit_operator.py for tasks to queue
[2025-03-16T08:49:48.285+0000] {logging_mixin.py:120} INFO - [2025-03-16T08:49:48.285+0000] {dagbag.py:537} INFO - Filling up the DagBag from /home/airflow/.local/lib/python3.7/site-packages/airflow/example_dags/example_short_circuit_operator.py
[2025-03-16T08:49:48.316+0000] {processor.py:766} INFO - DAG(s) dict_keys(['example_short_circuit_operator']) retrieved from /home/airflow/.local/lib/python3.7/site-packages/airflow/example_dags/example_short_circuit_operator.py
[2025-03-16T08:49:48.402+0000] {logging_mixin.py:120} INFO - [2025-03-16T08:49:48.402+0000] {dag.py:2585} INFO - Sync 1 DAGs
[2025-03-16T08:49:48.447+0000] {logging_mixin.py:120} INFO - [2025-03-16T08:49:48.447+0000] {dag.py:3340} INFO - Setting next_dagrun for example_short_circuit_operator to 2025-03-15T08:49:48.446867+00:00, run_after=2025-03-16T08:49:48.446867+00:00
[2025-03-16T08:49:48.480+0000] {processor.py:176} INFO - Processing /home/airflow/.local/lib/python3.7/site-packages/airflow/example_dags/example_short_circuit_operator.py took 0.213 seconds
[2025-03-16T08:50:18.876+0000] {processor.py:154} INFO - Started process (PID=2173) to work on /home/airflow/.local/lib/python3.7/site-packages/airflow/example_dags/example_short_circuit_operator.py
[2025-03-16T08:50:18.877+0000] {processor.py:756} INFO - Processing file /home/airflow/.local/lib/python3.7/site-packages/airflow/example_dags/example_short_circuit_operator.py for tasks to queue
[2025-03-16T08:50:18.878+0000] {logging_mixin.py:120} INFO - [2025-03-16T08:50:18.878+0000] {dagbag.py:537} INFO - Filling up the DagBag from /home/airflow/.local/lib/python3.7/site-packages/airflow/example_dags/example_short_circuit_operator.py
[2025-03-16T08:50:18.910+0000] {processor.py:766} INFO - DAG(s) dict_keys(['example_short_circuit_operator']) retrieved from /home/airflow/.local/lib/python3.7/site-packages/airflow/example_dags/example_short_circuit_operator.py
[2025-03-16T08:50:18.979+0000] {logging_mixin.py:120} INFO - [2025-03-16T08:50:18.979+0000] {dag.py:2585} INFO - Sync 1 DAGs
[2025-03-16T08:50:19.034+0000] {logging_mixin.py:120} INFO - [2025-03-16T08:50:19.034+0000] {dag.py:3340} INFO - Setting next_dagrun for example_short_circuit_operator to 2025-03-15T08:50:19.034313+00:00, run_after=2025-03-16T08:50:19.034313+00:00
[2025-03-16T08:50:19.073+0000] {processor.py:176} INFO - Processing /home/airflow/.local/lib/python3.7/site-packages/airflow/example_dags/example_short_circuit_operator.py took 0.208 seconds
[2025-03-16T08:50:49.115+0000] {processor.py:154} INFO - Started process (PID=2236) to work on /home/airflow/.local/lib/python3.7/site-packages/airflow/example_dags/example_short_circuit_operator.py
[2025-03-16T08:50:49.116+0000] {processor.py:756} INFO - Processing file /home/airflow/.local/lib/python3.7/site-packages/airflow/example_dags/example_short_circuit_operator.py for tasks to queue
[2025-03-16T08:50:49.117+0000] {logging_mixin.py:120} INFO - [2025-03-16T08:50:49.117+0000] {dagbag.py:537} INFO - Filling up the DagBag from /home/airflow/.local/lib/python3.7/site-packages/airflow/example_dags/example_short_circuit_operator.py
[2025-03-16T08:50:49.146+0000] {processor.py:766} INFO - DAG(s) dict_keys(['example_short_circuit_operator']) retrieved from /home/airflow/.local/lib/python3.7/site-packages/airflow/example_dags/example_short_circuit_operator.py
[2025-03-16T08:50:49.211+0000] {logging_mixin.py:120} INFO - [2025-03-16T08:50:49.211+0000] {dag.py:2585} INFO - Sync 1 DAGs
[2025-03-16T08:50:49.255+0000] {logging_mixin.py:120} INFO - [2025-03-16T08:50:49.255+0000] {dag.py:3340} INFO - Setting next_dagrun for example_short_circuit_operator to 2025-03-15T08:50:49.254637+00:00, run_after=2025-03-16T08:50:49.254637+00:00
[2025-03-16T08:50:49.286+0000] {processor.py:176} INFO - Processing /home/airflow/.local/lib/python3.7/site-packages/airflow/example_dags/example_short_circuit_operator.py took 0.176 seconds
[2025-03-16T08:51:20.157+0000] {processor.py:154} INFO - Started process (PID=2297) to work on /home/airflow/.local/lib/python3.7/site-packages/airflow/example_dags/example_short_circuit_operator.py
[2025-03-16T08:51:20.160+0000] {processor.py:756} INFO - Processing file /home/airflow/.local/lib/python3.7/site-packages/airflow/example_dags/example_short_circuit_operator.py for tasks to queue
[2025-03-16T08:51:20.161+0000] {logging_mixin.py:120} INFO - [2025-03-16T08:51:20.161+0000] {dagbag.py:537} INFO - Filling up the DagBag from /home/airflow/.local/lib/python3.7/site-packages/airflow/example_dags/example_short_circuit_operator.py
[2025-03-16T08:51:20.219+0000] {processor.py:766} INFO - DAG(s) dict_keys(['example_short_circuit_operator']) retrieved from /home/airflow/.local/lib/python3.7/site-packages/airflow/example_dags/example_short_circuit_operator.py
[2025-03-16T08:51:20.390+0000] {logging_mixin.py:120} INFO - [2025-03-16T08:51:20.389+0000] {dag.py:2585} INFO - Sync 1 DAGs
[2025-03-16T08:51:20.454+0000] {logging_mixin.py:120} INFO - [2025-03-16T08:51:20.454+0000] {dag.py:3340} INFO - Setting next_dagrun for example_short_circuit_operator to 2025-03-15T08:51:20.453656+00:00, run_after=2025-03-16T08:51:20.453656+00:00
[2025-03-16T08:51:20.511+0000] {processor.py:176} INFO - Processing /home/airflow/.local/lib/python3.7/site-packages/airflow/example_dags/example_short_circuit_operator.py took 0.359 seconds
[2025-03-16T08:51:50.732+0000] {processor.py:154} INFO - Started process (PID=2353) to work on /home/airflow/.local/lib/python3.7/site-packages/airflow/example_dags/example_short_circuit_operator.py
[2025-03-16T08:51:50.733+0000] {processor.py:756} INFO - Processing file /home/airflow/.local/lib/python3.7/site-packages/airflow/example_dags/example_short_circuit_operator.py for tasks to queue
[2025-03-16T08:51:50.734+0000] {logging_mixin.py:120} INFO - [2025-03-16T08:51:50.734+0000] {dagbag.py:537} INFO - Filling up the DagBag from /home/airflow/.local/lib/python3.7/site-packages/airflow/example_dags/example_short_circuit_operator.py
[2025-03-16T08:51:50.761+0000] {processor.py:766} INFO - DAG(s) dict_keys(['example_short_circuit_operator']) retrieved from /home/airflow/.local/lib/python3.7/site-packages/airflow/example_dags/example_short_circuit_operator.py
[2025-03-16T08:51:50.832+0000] {logging_mixin.py:120} INFO - [2025-03-16T08:51:50.832+0000] {dag.py:2585} INFO - Sync 1 DAGs
[2025-03-16T08:51:50.885+0000] {logging_mixin.py:120} INFO - [2025-03-16T08:51:50.885+0000] {dag.py:3340} INFO - Setting next_dagrun for example_short_circuit_operator to 2025-03-15T08:51:50.884570+00:00, run_after=2025-03-16T08:51:50.884570+00:00
[2025-03-16T08:51:50.925+0000] {processor.py:176} INFO - Processing /home/airflow/.local/lib/python3.7/site-packages/airflow/example_dags/example_short_circuit_operator.py took 0.199 seconds
[2025-03-16T08:52:21.265+0000] {processor.py:154} INFO - Started process (PID=2408) to work on /home/airflow/.local/lib/python3.7/site-packages/airflow/example_dags/example_short_circuit_operator.py
[2025-03-16T08:52:21.267+0000] {processor.py:756} INFO - Processing file /home/airflow/.local/lib/python3.7/site-packages/airflow/example_dags/example_short_circuit_operator.py for tasks to queue
[2025-03-16T08:52:21.268+0000] {logging_mixin.py:120} INFO - [2025-03-16T08:52:21.267+0000] {dagbag.py:537} INFO - Filling up the DagBag from /home/airflow/.local/lib/python3.7/site-packages/airflow/example_dags/example_short_circuit_operator.py
[2025-03-16T08:52:21.297+0000] {processor.py:766} INFO - DAG(s) dict_keys(['example_short_circuit_operator']) retrieved from /home/airflow/.local/lib/python3.7/site-packages/airflow/example_dags/example_short_circuit_operator.py
[2025-03-16T08:52:21.407+0000] {logging_mixin.py:120} INFO - [2025-03-16T08:52:21.407+0000] {dag.py:2585} INFO - Sync 1 DAGs
[2025-03-16T08:52:21.456+0000] {logging_mixin.py:120} INFO - [2025-03-16T08:52:21.456+0000] {dag.py:3340} INFO - Setting next_dagrun for example_short_circuit_operator to 2025-03-15T08:52:21.455716+00:00, run_after=2025-03-16T08:52:21.455716+00:00
[2025-03-16T08:52:21.491+0000] {processor.py:176} INFO - Processing /home/airflow/.local/lib/python3.7/site-packages/airflow/example_dags/example_short_circuit_operator.py took 0.235 seconds
[2025-03-16T08:52:52.475+0000] {processor.py:154} INFO - Started process (PID=2471) to work on /home/airflow/.local/lib/python3.7/site-packages/airflow/example_dags/example_short_circuit_operator.py
[2025-03-16T08:52:52.476+0000] {processor.py:756} INFO - Processing file /home/airflow/.local/lib/python3.7/site-packages/airflow/example_dags/example_short_circuit_operator.py for tasks to queue
[2025-03-16T08:52:52.477+0000] {logging_mixin.py:120} INFO - [2025-03-16T08:52:52.477+0000] {dagbag.py:537} INFO - Filling up the DagBag from /home/airflow/.local/lib/python3.7/site-packages/airflow/example_dags/example_short_circuit_operator.py
[2025-03-16T08:52:52.507+0000] {processor.py:766} INFO - DAG(s) dict_keys(['example_short_circuit_operator']) retrieved from /home/airflow/.local/lib/python3.7/site-packages/airflow/example_dags/example_short_circuit_operator.py
[2025-03-16T08:52:52.605+0000] {logging_mixin.py:120} INFO - [2025-03-16T08:52:52.605+0000] {dag.py:2585} INFO - Sync 1 DAGs
[2025-03-16T08:52:52.656+0000] {logging_mixin.py:120} INFO - [2025-03-16T08:52:52.656+0000] {dag.py:3340} INFO - Setting next_dagrun for example_short_circuit_operator to 2025-03-15T08:52:52.655853+00:00, run_after=2025-03-16T08:52:52.655853+00:00
[2025-03-16T08:52:52.685+0000] {processor.py:176} INFO - Processing /home/airflow/.local/lib/python3.7/site-packages/airflow/example_dags/example_short_circuit_operator.py took 0.216 seconds
[2025-03-16T08:53:23.025+0000] {processor.py:154} INFO - Started process (PID=2525) to work on /home/airflow/.local/lib/python3.7/site-packages/airflow/example_dags/example_short_circuit_operator.py
[2025-03-16T08:53:23.027+0000] {processor.py:756} INFO - Processing file /home/airflow/.local/lib/python3.7/site-packages/airflow/example_dags/example_short_circuit_operator.py for tasks to queue
[2025-03-16T08:53:23.028+0000] {logging_mixin.py:120} INFO - [2025-03-16T08:53:23.028+0000] {dagbag.py:537} INFO - Filling up the DagBag from /home/airflow/.local/lib/python3.7/site-packages/airflow/example_dags/example_short_circuit_operator.py
[2025-03-16T08:53:23.057+0000] {processor.py:766} INFO - DAG(s) dict_keys(['example_short_circuit_operator']) retrieved from /home/airflow/.local/lib/python3.7/site-packages/airflow/example_dags/example_short_circuit_operator.py
[2025-03-16T08:53:23.130+0000] {logging_mixin.py:120} INFO - [2025-03-16T08:53:23.129+0000] {dag.py:2585} INFO - Sync 1 DAGs
[2025-03-16T08:53:23.179+0000] {logging_mixin.py:120} INFO - [2025-03-16T08:53:23.179+0000] {dag.py:3340} INFO - Setting next_dagrun for example_short_circuit_operator to 2025-03-15T08:53:23.179105+00:00, run_after=2025-03-16T08:53:23.179105+00:00
[2025-03-16T08:53:23.257+0000] {processor.py:176} INFO - Processing /home/airflow/.local/lib/python3.7/site-packages/airflow/example_dags/example_short_circuit_operator.py took 0.237 seconds
[2025-03-16T08:53:53.850+0000] {processor.py:154} INFO - Started process (PID=2589) to work on /home/airflow/.local/lib/python3.7/site-packages/airflow/example_dags/example_short_circuit_operator.py
[2025-03-16T08:53:53.852+0000] {processor.py:756} INFO - Processing file /home/airflow/.local/lib/python3.7/site-packages/airflow/example_dags/example_short_circuit_operator.py for tasks to queue
[2025-03-16T08:53:53.853+0000] {logging_mixin.py:120} INFO - [2025-03-16T08:53:53.853+0000] {dagbag.py:537} INFO - Filling up the DagBag from /home/airflow/.local/lib/python3.7/site-packages/airflow/example_dags/example_short_circuit_operator.py
[2025-03-16T08:53:53.892+0000] {processor.py:766} INFO - DAG(s) dict_keys(['example_short_circuit_operator']) retrieved from /home/airflow/.local/lib/python3.7/site-packages/airflow/example_dags/example_short_circuit_operator.py
[2025-03-16T08:53:53.974+0000] {logging_mixin.py:120} INFO - [2025-03-16T08:53:53.974+0000] {dag.py:2585} INFO - Sync 1 DAGs
[2025-03-16T08:53:54.032+0000] {logging_mixin.py:120} INFO - [2025-03-16T08:53:54.032+0000] {dag.py:3340} INFO - Setting next_dagrun for example_short_circuit_operator to 2025-03-15T08:53:54.031653+00:00, run_after=2025-03-16T08:53:54.031653+00:00
[2025-03-16T08:53:54.066+0000] {processor.py:176} INFO - Processing /home/airflow/.local/lib/python3.7/site-packages/airflow/example_dags/example_short_circuit_operator.py took 0.223 seconds
[2025-03-16T08:54:24.538+0000] {processor.py:154} INFO - Started process (PID=2643) to work on /home/airflow/.local/lib/python3.7/site-packages/airflow/example_dags/example_short_circuit_operator.py
[2025-03-16T08:54:24.540+0000] {processor.py:756} INFO - Processing file /home/airflow/.local/lib/python3.7/site-packages/airflow/example_dags/example_short_circuit_operator.py for tasks to queue
[2025-03-16T08:54:24.541+0000] {logging_mixin.py:120} INFO - [2025-03-16T08:54:24.541+0000] {dagbag.py:537} INFO - Filling up the DagBag from /home/airflow/.local/lib/python3.7/site-packages/airflow/example_dags/example_short_circuit_operator.py
[2025-03-16T08:54:24.572+0000] {processor.py:766} INFO - DAG(s) dict_keys(['example_short_circuit_operator']) retrieved from /home/airflow/.local/lib/python3.7/site-packages/airflow/example_dags/example_short_circuit_operator.py
[2025-03-16T08:54:24.670+0000] {logging_mixin.py:120} INFO - [2025-03-16T08:54:24.670+0000] {dag.py:2585} INFO - Sync 1 DAGs
[2025-03-16T08:54:24.772+0000] {logging_mixin.py:120} INFO - [2025-03-16T08:54:24.772+0000] {dag.py:3340} INFO - Setting next_dagrun for example_short_circuit_operator to 2025-03-15T08:54:24.772215+00:00, run_after=2025-03-16T08:54:24.772215+00:00
[2025-03-16T08:54:24.835+0000] {processor.py:176} INFO - Processing /home/airflow/.local/lib/python3.7/site-packages/airflow/example_dags/example_short_circuit_operator.py took 0.303 seconds
[2025-03-16T08:54:55.009+0000] {processor.py:154} INFO - Started process (PID=2704) to work on /home/airflow/.local/lib/python3.7/site-packages/airflow/example_dags/example_short_circuit_operator.py
[2025-03-16T08:54:55.010+0000] {processor.py:756} INFO - Processing file /home/airflow/.local/lib/python3.7/site-packages/airflow/example_dags/example_short_circuit_operator.py for tasks to queue
[2025-03-16T08:54:55.011+0000] {logging_mixin.py:120} INFO - [2025-03-16T08:54:55.011+0000] {dagbag.py:537} INFO - Filling up the DagBag from /home/airflow/.local/lib/python3.7/site-packages/airflow/example_dags/example_short_circuit_operator.py
[2025-03-16T08:54:55.048+0000] {processor.py:766} INFO - DAG(s) dict_keys(['example_short_circuit_operator']) retrieved from /home/airflow/.local/lib/python3.7/site-packages/airflow/example_dags/example_short_circuit_operator.py
[2025-03-16T08:54:55.116+0000] {logging_mixin.py:120} INFO - [2025-03-16T08:54:55.116+0000] {dag.py:2585} INFO - Sync 1 DAGs
[2025-03-16T08:54:55.161+0000] {logging_mixin.py:120} INFO - [2025-03-16T08:54:55.161+0000] {dag.py:3340} INFO - Setting next_dagrun for example_short_circuit_operator to 2025-03-15T08:54:55.160737+00:00, run_after=2025-03-16T08:54:55.160737+00:00
[2025-03-16T08:54:55.190+0000] {processor.py:176} INFO - Processing /home/airflow/.local/lib/python3.7/site-packages/airflow/example_dags/example_short_circuit_operator.py took 0.187 seconds
[2025-03-16T08:55:25.607+0000] {processor.py:154} INFO - Started process (PID=2758) to work on /home/airflow/.local/lib/python3.7/site-packages/airflow/example_dags/example_short_circuit_operator.py
[2025-03-16T08:55:25.609+0000] {processor.py:756} INFO - Processing file /home/airflow/.local/lib/python3.7/site-packages/airflow/example_dags/example_short_circuit_operator.py for tasks to queue
[2025-03-16T08:55:25.610+0000] {logging_mixin.py:120} INFO - [2025-03-16T08:55:25.610+0000] {dagbag.py:537} INFO - Filling up the DagBag from /home/airflow/.local/lib/python3.7/site-packages/airflow/example_dags/example_short_circuit_operator.py
[2025-03-16T08:55:25.647+0000] {processor.py:766} INFO - DAG(s) dict_keys(['example_short_circuit_operator']) retrieved from /home/airflow/.local/lib/python3.7/site-packages/airflow/example_dags/example_short_circuit_operator.py
[2025-03-16T08:55:25.723+0000] {logging_mixin.py:120} INFO - [2025-03-16T08:55:25.723+0000] {dag.py:2585} INFO - Sync 1 DAGs
[2025-03-16T08:55:25.769+0000] {logging_mixin.py:120} INFO - [2025-03-16T08:55:25.769+0000] {dag.py:3340} INFO - Setting next_dagrun for example_short_circuit_operator to 2025-03-15T08:55:25.769335+00:00, run_after=2025-03-16T08:55:25.769335+00:00
[2025-03-16T08:55:25.800+0000] {processor.py:176} INFO - Processing /home/airflow/.local/lib/python3.7/site-packages/airflow/example_dags/example_short_circuit_operator.py took 0.199 seconds
[2025-03-16T08:55:55.930+0000] {processor.py:154} INFO - Started process (PID=2820) to work on /home/airflow/.local/lib/python3.7/site-packages/airflow/example_dags/example_short_circuit_operator.py
[2025-03-16T08:55:55.932+0000] {processor.py:756} INFO - Processing file /home/airflow/.local/lib/python3.7/site-packages/airflow/example_dags/example_short_circuit_operator.py for tasks to queue
[2025-03-16T08:55:55.933+0000] {logging_mixin.py:120} INFO - [2025-03-16T08:55:55.933+0000] {dagbag.py:537} INFO - Filling up the DagBag from /home/airflow/.local/lib/python3.7/site-packages/airflow/example_dags/example_short_circuit_operator.py
[2025-03-16T08:55:55.976+0000] {processor.py:766} INFO - DAG(s) dict_keys(['example_short_circuit_operator']) retrieved from /home/airflow/.local/lib/python3.7/site-packages/airflow/example_dags/example_short_circuit_operator.py
[2025-03-16T08:55:56.057+0000] {logging_mixin.py:120} INFO - [2025-03-16T08:55:56.057+0000] {dag.py:2585} INFO - Sync 1 DAGs
[2025-03-16T08:55:56.107+0000] {logging_mixin.py:120} INFO - [2025-03-16T08:55:56.106+0000] {dag.py:3340} INFO - Setting next_dagrun for example_short_circuit_operator to 2025-03-15T08:55:56.106568+00:00, run_after=2025-03-16T08:55:56.106568+00:00
[2025-03-16T08:55:56.143+0000] {processor.py:176} INFO - Processing /home/airflow/.local/lib/python3.7/site-packages/airflow/example_dags/example_short_circuit_operator.py took 0.219 seconds
[2025-03-16T08:56:26.349+0000] {processor.py:154} INFO - Started process (PID=2874) to work on /home/airflow/.local/lib/python3.7/site-packages/airflow/example_dags/example_short_circuit_operator.py
[2025-03-16T08:56:26.350+0000] {processor.py:756} INFO - Processing file /home/airflow/.local/lib/python3.7/site-packages/airflow/example_dags/example_short_circuit_operator.py for tasks to queue
[2025-03-16T08:56:26.351+0000] {logging_mixin.py:120} INFO - [2025-03-16T08:56:26.351+0000] {dagbag.py:537} INFO - Filling up the DagBag from /home/airflow/.local/lib/python3.7/site-packages/airflow/example_dags/example_short_circuit_operator.py
[2025-03-16T08:56:26.386+0000] {processor.py:766} INFO - DAG(s) dict_keys(['example_short_circuit_operator']) retrieved from /home/airflow/.local/lib/python3.7/site-packages/airflow/example_dags/example_short_circuit_operator.py
[2025-03-16T08:56:26.455+0000] {logging_mixin.py:120} INFO - [2025-03-16T08:56:26.455+0000] {dag.py:2585} INFO - Sync 1 DAGs
[2025-03-16T08:56:26.502+0000] {logging_mixin.py:120} INFO - [2025-03-16T08:56:26.502+0000] {dag.py:3340} INFO - Setting next_dagrun for example_short_circuit_operator to 2025-03-15T08:56:26.501779+00:00, run_after=2025-03-16T08:56:26.501779+00:00
[2025-03-16T08:56:26.532+0000] {processor.py:176} INFO - Processing /home/airflow/.local/lib/python3.7/site-packages/airflow/example_dags/example_short_circuit_operator.py took 0.189 seconds
