[2025-03-16T08:31:44.223+0000] {processor.py:154} INFO - Started process (PID=65) to work on /home/airflow/.local/lib/python3.7/site-packages/airflow/example_dags/tutorial.py
[2025-03-16T08:31:44.224+0000] {processor.py:756} INFO - Processing file /home/airflow/.local/lib/python3.7/site-packages/airflow/example_dags/tutorial.py for tasks to queue
[2025-03-16T08:31:44.231+0000] {logging_mixin.py:120} INFO - [2025-03-16T08:31:44.231+0000] {dagbag.py:537} INFO - Filling up the DagBag from /home/airflow/.local/lib/python3.7/site-packages/airflow/example_dags/tutorial.py
[2025-03-16T08:31:44.314+0000] {processor.py:766} INFO - DAG(s) dict_keys(['tutorial']) retrieved from /home/airflow/.local/lib/python3.7/site-packages/airflow/example_dags/tutorial.py
[2025-03-16T08:31:44.940+0000] {logging_mixin.py:120} INFO - [2025-03-16T08:31:44.939+0000] {manager.py:507} INFO - Created Permission View: can read on DAG:tutorial
[2025-03-16T08:31:44.976+0000] {logging_mixin.py:120} INFO - [2025-03-16T08:31:44.976+0000] {manager.py:507} INFO - Created Permission View: can edit on DAG:tutorial
[2025-03-16T08:31:45.013+0000] {logging_mixin.py:120} INFO - [2025-03-16T08:31:45.011+0000] {manager.py:507} INFO - Created Permission View: can delete on DAG:tutorial
[2025-03-16T08:31:45.013+0000] {logging_mixin.py:120} INFO - [2025-03-16T08:31:45.013+0000] {dag.py:2585} INFO - Sync 1 DAGs
[2025-03-16T08:31:45.082+0000] {logging_mixin.py:120} INFO - [2025-03-16T08:31:45.081+0000] {dag.py:2606} INFO - Creating ORM DAG for tutorial
[2025-03-16T08:31:45.144+0000] {logging_mixin.py:120} INFO - [2025-03-16T08:31:45.144+0000] {dag.py:3340} INFO - Setting next_dagrun for tutorial to 2025-03-15T08:31:45.144002+00:00, run_after=2025-03-16T08:31:45.144002+00:00
[2025-03-16T08:31:45.271+0000] {processor.py:176} INFO - Processing /home/airflow/.local/lib/python3.7/site-packages/airflow/example_dags/tutorial.py took 1.068 seconds
[2025-03-16T08:32:15.403+0000] {processor.py:154} INFO - Started process (PID=118) to work on /home/airflow/.local/lib/python3.7/site-packages/airflow/example_dags/tutorial.py
[2025-03-16T08:32:15.404+0000] {processor.py:756} INFO - Processing file /home/airflow/.local/lib/python3.7/site-packages/airflow/example_dags/tutorial.py for tasks to queue
[2025-03-16T08:32:15.404+0000] {logging_mixin.py:120} INFO - [2025-03-16T08:32:15.404+0000] {dagbag.py:537} INFO - Filling up the DagBag from /home/airflow/.local/lib/python3.7/site-packages/airflow/example_dags/tutorial.py
[2025-03-16T08:32:15.422+0000] {processor.py:766} INFO - DAG(s) dict_keys(['tutorial']) retrieved from /home/airflow/.local/lib/python3.7/site-packages/airflow/example_dags/tutorial.py
[2025-03-16T08:32:15.476+0000] {logging_mixin.py:120} INFO - [2025-03-16T08:32:15.476+0000] {dag.py:2585} INFO - Sync 1 DAGs
[2025-03-16T08:32:15.537+0000] {logging_mixin.py:120} INFO - [2025-03-16T08:32:15.536+0000] {dag.py:3340} INFO - Setting next_dagrun for tutorial to 2025-03-15T08:32:15.536544+00:00, run_after=2025-03-16T08:32:15.536544+00:00
[2025-03-16T08:32:15.559+0000] {processor.py:176} INFO - Processing /home/airflow/.local/lib/python3.7/site-packages/airflow/example_dags/tutorial.py took 0.160 seconds
[2025-03-16T08:32:46.392+0000] {processor.py:154} INFO - Started process (PID=173) to work on /home/airflow/.local/lib/python3.7/site-packages/airflow/example_dags/tutorial.py
[2025-03-16T08:32:46.394+0000] {processor.py:756} INFO - Processing file /home/airflow/.local/lib/python3.7/site-packages/airflow/example_dags/tutorial.py for tasks to queue
[2025-03-16T08:32:46.395+0000] {logging_mixin.py:120} INFO - [2025-03-16T08:32:46.394+0000] {dagbag.py:537} INFO - Filling up the DagBag from /home/airflow/.local/lib/python3.7/site-packages/airflow/example_dags/tutorial.py
[2025-03-16T08:32:46.415+0000] {processor.py:766} INFO - DAG(s) dict_keys(['tutorial']) retrieved from /home/airflow/.local/lib/python3.7/site-packages/airflow/example_dags/tutorial.py
[2025-03-16T08:32:46.466+0000] {logging_mixin.py:120} INFO - [2025-03-16T08:32:46.465+0000] {dag.py:2585} INFO - Sync 1 DAGs
[2025-03-16T08:32:46.513+0000] {logging_mixin.py:120} INFO - [2025-03-16T08:32:46.512+0000] {dag.py:3340} INFO - Setting next_dagrun for tutorial to 2025-03-15T08:32:46.512463+00:00, run_after=2025-03-16T08:32:46.512463+00:00
[2025-03-16T08:32:46.548+0000] {processor.py:176} INFO - Processing /home/airflow/.local/lib/python3.7/site-packages/airflow/example_dags/tutorial.py took 0.161 seconds
[2025-03-16T08:33:16.797+0000] {processor.py:154} INFO - Started process (PID=235) to work on /home/airflow/.local/lib/python3.7/site-packages/airflow/example_dags/tutorial.py
[2025-03-16T08:33:16.798+0000] {processor.py:756} INFO - Processing file /home/airflow/.local/lib/python3.7/site-packages/airflow/example_dags/tutorial.py for tasks to queue
[2025-03-16T08:33:16.798+0000] {logging_mixin.py:120} INFO - [2025-03-16T08:33:16.798+0000] {dagbag.py:537} INFO - Filling up the DagBag from /home/airflow/.local/lib/python3.7/site-packages/airflow/example_dags/tutorial.py
[2025-03-16T08:33:16.822+0000] {processor.py:766} INFO - DAG(s) dict_keys(['tutorial']) retrieved from /home/airflow/.local/lib/python3.7/site-packages/airflow/example_dags/tutorial.py
[2025-03-16T08:33:16.878+0000] {logging_mixin.py:120} INFO - [2025-03-16T08:33:16.878+0000] {dag.py:2585} INFO - Sync 1 DAGs
[2025-03-16T08:33:16.955+0000] {logging_mixin.py:120} INFO - [2025-03-16T08:33:16.954+0000] {dag.py:3340} INFO - Setting next_dagrun for tutorial to 2025-03-15T08:33:16.954542+00:00, run_after=2025-03-16T08:33:16.954542+00:00
[2025-03-16T08:33:16.995+0000] {processor.py:176} INFO - Processing /home/airflow/.local/lib/python3.7/site-packages/airflow/example_dags/tutorial.py took 0.209 seconds
[2025-03-16T08:33:47.141+0000] {processor.py:154} INFO - Started process (PID=289) to work on /home/airflow/.local/lib/python3.7/site-packages/airflow/example_dags/tutorial.py
[2025-03-16T08:33:47.143+0000] {processor.py:756} INFO - Processing file /home/airflow/.local/lib/python3.7/site-packages/airflow/example_dags/tutorial.py for tasks to queue
[2025-03-16T08:33:47.143+0000] {logging_mixin.py:120} INFO - [2025-03-16T08:33:47.143+0000] {dagbag.py:537} INFO - Filling up the DagBag from /home/airflow/.local/lib/python3.7/site-packages/airflow/example_dags/tutorial.py
[2025-03-16T08:33:47.180+0000] {processor.py:766} INFO - DAG(s) dict_keys(['tutorial']) retrieved from /home/airflow/.local/lib/python3.7/site-packages/airflow/example_dags/tutorial.py
[2025-03-16T08:33:47.263+0000] {logging_mixin.py:120} INFO - [2025-03-16T08:33:47.263+0000] {dag.py:2585} INFO - Sync 1 DAGs
[2025-03-16T08:33:47.302+0000] {logging_mixin.py:120} INFO - [2025-03-16T08:33:47.301+0000] {dag.py:3340} INFO - Setting next_dagrun for tutorial to 2025-03-15T08:33:47.301576+00:00, run_after=2025-03-16T08:33:47.301576+00:00
[2025-03-16T08:33:47.326+0000] {processor.py:176} INFO - Processing /home/airflow/.local/lib/python3.7/site-packages/airflow/example_dags/tutorial.py took 0.190 seconds
[2025-03-16T08:34:17.986+0000] {processor.py:154} INFO - Started process (PID=353) to work on /home/airflow/.local/lib/python3.7/site-packages/airflow/example_dags/tutorial.py
[2025-03-16T08:34:17.987+0000] {processor.py:756} INFO - Processing file /home/airflow/.local/lib/python3.7/site-packages/airflow/example_dags/tutorial.py for tasks to queue
[2025-03-16T08:34:17.988+0000] {logging_mixin.py:120} INFO - [2025-03-16T08:34:17.988+0000] {dagbag.py:537} INFO - Filling up the DagBag from /home/airflow/.local/lib/python3.7/site-packages/airflow/example_dags/tutorial.py
[2025-03-16T08:34:18.004+0000] {processor.py:766} INFO - DAG(s) dict_keys(['tutorial']) retrieved from /home/airflow/.local/lib/python3.7/site-packages/airflow/example_dags/tutorial.py
[2025-03-16T08:34:18.051+0000] {logging_mixin.py:120} INFO - [2025-03-16T08:34:18.051+0000] {dag.py:2585} INFO - Sync 1 DAGs
[2025-03-16T08:34:18.081+0000] {logging_mixin.py:120} INFO - [2025-03-16T08:34:18.081+0000] {dag.py:3340} INFO - Setting next_dagrun for tutorial to 2025-03-15T08:34:18.081267+00:00, run_after=2025-03-16T08:34:18.081267+00:00
[2025-03-16T08:34:18.111+0000] {processor.py:176} INFO - Processing /home/airflow/.local/lib/python3.7/site-packages/airflow/example_dags/tutorial.py took 0.128 seconds
[2025-03-16T08:34:48.772+0000] {processor.py:154} INFO - Started process (PID=406) to work on /home/airflow/.local/lib/python3.7/site-packages/airflow/example_dags/tutorial.py
[2025-03-16T08:34:48.773+0000] {processor.py:756} INFO - Processing file /home/airflow/.local/lib/python3.7/site-packages/airflow/example_dags/tutorial.py for tasks to queue
[2025-03-16T08:34:48.776+0000] {logging_mixin.py:120} INFO - [2025-03-16T08:34:48.776+0000] {dagbag.py:537} INFO - Filling up the DagBag from /home/airflow/.local/lib/python3.7/site-packages/airflow/example_dags/tutorial.py
[2025-03-16T08:34:48.806+0000] {processor.py:766} INFO - DAG(s) dict_keys(['tutorial']) retrieved from /home/airflow/.local/lib/python3.7/site-packages/airflow/example_dags/tutorial.py
[2025-03-16T08:34:48.876+0000] {logging_mixin.py:120} INFO - [2025-03-16T08:34:48.875+0000] {dag.py:2585} INFO - Sync 1 DAGs
[2025-03-16T08:34:48.912+0000] {logging_mixin.py:120} INFO - [2025-03-16T08:34:48.912+0000] {dag.py:3340} INFO - Setting next_dagrun for tutorial to 2025-03-15T08:34:48.911641+00:00, run_after=2025-03-16T08:34:48.911641+00:00
[2025-03-16T08:34:48.957+0000] {processor.py:176} INFO - Processing /home/airflow/.local/lib/python3.7/site-packages/airflow/example_dags/tutorial.py took 0.192 seconds
[2025-03-16T08:35:19.707+0000] {processor.py:154} INFO - Started process (PID=469) to work on /home/airflow/.local/lib/python3.7/site-packages/airflow/example_dags/tutorial.py
[2025-03-16T08:35:19.708+0000] {processor.py:756} INFO - Processing file /home/airflow/.local/lib/python3.7/site-packages/airflow/example_dags/tutorial.py for tasks to queue
[2025-03-16T08:35:19.716+0000] {logging_mixin.py:120} INFO - [2025-03-16T08:35:19.709+0000] {dagbag.py:537} INFO - Filling up the DagBag from /home/airflow/.local/lib/python3.7/site-packages/airflow/example_dags/tutorial.py
[2025-03-16T08:35:19.756+0000] {processor.py:766} INFO - DAG(s) dict_keys(['tutorial']) retrieved from /home/airflow/.local/lib/python3.7/site-packages/airflow/example_dags/tutorial.py
[2025-03-16T08:35:19.820+0000] {logging_mixin.py:120} INFO - [2025-03-16T08:35:19.820+0000] {dag.py:2585} INFO - Sync 1 DAGs
[2025-03-16T08:35:19.851+0000] {logging_mixin.py:120} INFO - [2025-03-16T08:35:19.851+0000] {dag.py:3340} INFO - Setting next_dagrun for tutorial to 2025-03-15T08:35:19.850869+00:00, run_after=2025-03-16T08:35:19.850869+00:00
[2025-03-16T08:35:19.874+0000] {processor.py:176} INFO - Processing /home/airflow/.local/lib/python3.7/site-packages/airflow/example_dags/tutorial.py took 0.172 seconds
[2025-03-16T08:35:50.014+0000] {processor.py:154} INFO - Started process (PID=523) to work on /home/airflow/.local/lib/python3.7/site-packages/airflow/example_dags/tutorial.py
[2025-03-16T08:35:50.015+0000] {processor.py:756} INFO - Processing file /home/airflow/.local/lib/python3.7/site-packages/airflow/example_dags/tutorial.py for tasks to queue
[2025-03-16T08:35:50.015+0000] {logging_mixin.py:120} INFO - [2025-03-16T08:35:50.015+0000] {dagbag.py:537} INFO - Filling up the DagBag from /home/airflow/.local/lib/python3.7/site-packages/airflow/example_dags/tutorial.py
[2025-03-16T08:35:50.048+0000] {processor.py:766} INFO - DAG(s) dict_keys(['tutorial']) retrieved from /home/airflow/.local/lib/python3.7/site-packages/airflow/example_dags/tutorial.py
[2025-03-16T08:35:50.107+0000] {logging_mixin.py:120} INFO - [2025-03-16T08:35:50.107+0000] {dag.py:2585} INFO - Sync 1 DAGs
[2025-03-16T08:35:50.142+0000] {logging_mixin.py:120} INFO - [2025-03-16T08:35:50.141+0000] {dag.py:3340} INFO - Setting next_dagrun for tutorial to 2025-03-15T08:35:50.141622+00:00, run_after=2025-03-16T08:35:50.141622+00:00
[2025-03-16T08:35:50.170+0000] {processor.py:176} INFO - Processing /home/airflow/.local/lib/python3.7/site-packages/airflow/example_dags/tutorial.py took 0.164 seconds
[2025-03-16T08:36:20.330+0000] {processor.py:154} INFO - Started process (PID=586) to work on /home/airflow/.local/lib/python3.7/site-packages/airflow/example_dags/tutorial.py
[2025-03-16T08:36:20.332+0000] {processor.py:756} INFO - Processing file /home/airflow/.local/lib/python3.7/site-packages/airflow/example_dags/tutorial.py for tasks to queue
[2025-03-16T08:36:20.333+0000] {logging_mixin.py:120} INFO - [2025-03-16T08:36:20.333+0000] {dagbag.py:537} INFO - Filling up the DagBag from /home/airflow/.local/lib/python3.7/site-packages/airflow/example_dags/tutorial.py
[2025-03-16T08:36:20.358+0000] {processor.py:766} INFO - DAG(s) dict_keys(['tutorial']) retrieved from /home/airflow/.local/lib/python3.7/site-packages/airflow/example_dags/tutorial.py
[2025-03-16T08:36:20.434+0000] {logging_mixin.py:120} INFO - [2025-03-16T08:36:20.434+0000] {dag.py:2585} INFO - Sync 1 DAGs
[2025-03-16T08:36:20.492+0000] {logging_mixin.py:120} INFO - [2025-03-16T08:36:20.492+0000] {dag.py:3340} INFO - Setting next_dagrun for tutorial to 2025-03-15T08:36:20.492092+00:00, run_after=2025-03-16T08:36:20.492092+00:00
[2025-03-16T08:36:20.529+0000] {processor.py:176} INFO - Processing /home/airflow/.local/lib/python3.7/site-packages/airflow/example_dags/tutorial.py took 0.205 seconds
[2025-03-16T08:36:50.721+0000] {processor.py:154} INFO - Started process (PID=640) to work on /home/airflow/.local/lib/python3.7/site-packages/airflow/example_dags/tutorial.py
[2025-03-16T08:36:50.722+0000] {processor.py:756} INFO - Processing file /home/airflow/.local/lib/python3.7/site-packages/airflow/example_dags/tutorial.py for tasks to queue
[2025-03-16T08:36:50.723+0000] {logging_mixin.py:120} INFO - [2025-03-16T08:36:50.723+0000] {dagbag.py:537} INFO - Filling up the DagBag from /home/airflow/.local/lib/python3.7/site-packages/airflow/example_dags/tutorial.py
[2025-03-16T08:36:50.741+0000] {processor.py:766} INFO - DAG(s) dict_keys(['tutorial']) retrieved from /home/airflow/.local/lib/python3.7/site-packages/airflow/example_dags/tutorial.py
[2025-03-16T08:36:50.822+0000] {logging_mixin.py:120} INFO - [2025-03-16T08:36:50.822+0000] {dag.py:2585} INFO - Sync 1 DAGs
[2025-03-16T08:36:50.863+0000] {logging_mixin.py:120} INFO - [2025-03-16T08:36:50.863+0000] {dag.py:3340} INFO - Setting next_dagrun for tutorial to 2025-03-15T08:36:50.862932+00:00, run_after=2025-03-16T08:36:50.862932+00:00
[2025-03-16T08:36:50.898+0000] {processor.py:176} INFO - Processing /home/airflow/.local/lib/python3.7/site-packages/airflow/example_dags/tutorial.py took 0.181 seconds
[2025-03-16T08:37:21.322+0000] {processor.py:154} INFO - Started process (PID=700) to work on /home/airflow/.local/lib/python3.7/site-packages/airflow/example_dags/tutorial.py
[2025-03-16T08:37:21.323+0000] {processor.py:756} INFO - Processing file /home/airflow/.local/lib/python3.7/site-packages/airflow/example_dags/tutorial.py for tasks to queue
[2025-03-16T08:37:21.327+0000] {logging_mixin.py:120} INFO - [2025-03-16T08:37:21.326+0000] {dagbag.py:537} INFO - Filling up the DagBag from /home/airflow/.local/lib/python3.7/site-packages/airflow/example_dags/tutorial.py
[2025-03-16T08:37:21.395+0000] {processor.py:766} INFO - DAG(s) dict_keys(['tutorial']) retrieved from /home/airflow/.local/lib/python3.7/site-packages/airflow/example_dags/tutorial.py
[2025-03-16T08:37:21.561+0000] {logging_mixin.py:120} INFO - [2025-03-16T08:37:21.560+0000] {dag.py:2585} INFO - Sync 1 DAGs
[2025-03-16T08:37:21.676+0000] {logging_mixin.py:120} INFO - [2025-03-16T08:37:21.676+0000] {dag.py:3340} INFO - Setting next_dagrun for tutorial to 2025-03-15T08:37:21.673701+00:00, run_after=2025-03-16T08:37:21.673701+00:00
[2025-03-16T08:37:21.760+0000] {processor.py:176} INFO - Processing /home/airflow/.local/lib/python3.7/site-packages/airflow/example_dags/tutorial.py took 0.450 seconds
[2025-03-16T08:37:52.040+0000] {processor.py:154} INFO - Started process (PID=756) to work on /home/airflow/.local/lib/python3.7/site-packages/airflow/example_dags/tutorial.py
[2025-03-16T08:37:52.043+0000] {processor.py:756} INFO - Processing file /home/airflow/.local/lib/python3.7/site-packages/airflow/example_dags/tutorial.py for tasks to queue
[2025-03-16T08:37:52.044+0000] {logging_mixin.py:120} INFO - [2025-03-16T08:37:52.043+0000] {dagbag.py:537} INFO - Filling up the DagBag from /home/airflow/.local/lib/python3.7/site-packages/airflow/example_dags/tutorial.py
[2025-03-16T08:37:52.068+0000] {processor.py:766} INFO - DAG(s) dict_keys(['tutorial']) retrieved from /home/airflow/.local/lib/python3.7/site-packages/airflow/example_dags/tutorial.py
[2025-03-16T08:37:52.138+0000] {logging_mixin.py:120} INFO - [2025-03-16T08:37:52.137+0000] {dag.py:2585} INFO - Sync 1 DAGs
[2025-03-16T08:37:52.186+0000] {logging_mixin.py:120} INFO - [2025-03-16T08:37:52.186+0000] {dag.py:3340} INFO - Setting next_dagrun for tutorial to 2025-03-15T08:37:52.186225+00:00, run_after=2025-03-16T08:37:52.186225+00:00
[2025-03-16T08:37:52.219+0000] {processor.py:176} INFO - Processing /home/airflow/.local/lib/python3.7/site-packages/airflow/example_dags/tutorial.py took 0.185 seconds
[2025-03-16T08:38:23.050+0000] {processor.py:154} INFO - Started process (PID=817) to work on /home/airflow/.local/lib/python3.7/site-packages/airflow/example_dags/tutorial.py
[2025-03-16T08:38:23.052+0000] {processor.py:756} INFO - Processing file /home/airflow/.local/lib/python3.7/site-packages/airflow/example_dags/tutorial.py for tasks to queue
[2025-03-16T08:38:23.053+0000] {logging_mixin.py:120} INFO - [2025-03-16T08:38:23.053+0000] {dagbag.py:537} INFO - Filling up the DagBag from /home/airflow/.local/lib/python3.7/site-packages/airflow/example_dags/tutorial.py
[2025-03-16T08:38:23.108+0000] {processor.py:766} INFO - DAG(s) dict_keys(['tutorial']) retrieved from /home/airflow/.local/lib/python3.7/site-packages/airflow/example_dags/tutorial.py
[2025-03-16T08:38:23.296+0000] {logging_mixin.py:120} INFO - [2025-03-16T08:38:23.295+0000] {dag.py:2585} INFO - Sync 1 DAGs
[2025-03-16T08:38:23.414+0000] {logging_mixin.py:120} INFO - [2025-03-16T08:38:23.414+0000] {dag.py:3340} INFO - Setting next_dagrun for tutorial to 2025-03-15T08:38:23.414027+00:00, run_after=2025-03-16T08:38:23.414027+00:00
[2025-03-16T08:38:23.463+0000] {processor.py:176} INFO - Processing /home/airflow/.local/lib/python3.7/site-packages/airflow/example_dags/tutorial.py took 0.426 seconds
[2025-03-16T08:38:53.533+0000] {processor.py:154} INFO - Started process (PID=873) to work on /home/airflow/.local/lib/python3.7/site-packages/airflow/example_dags/tutorial.py
[2025-03-16T08:38:53.535+0000] {processor.py:756} INFO - Processing file /home/airflow/.local/lib/python3.7/site-packages/airflow/example_dags/tutorial.py for tasks to queue
[2025-03-16T08:38:53.536+0000] {logging_mixin.py:120} INFO - [2025-03-16T08:38:53.536+0000] {dagbag.py:537} INFO - Filling up the DagBag from /home/airflow/.local/lib/python3.7/site-packages/airflow/example_dags/tutorial.py
[2025-03-16T08:38:53.563+0000] {processor.py:766} INFO - DAG(s) dict_keys(['tutorial']) retrieved from /home/airflow/.local/lib/python3.7/site-packages/airflow/example_dags/tutorial.py
[2025-03-16T08:38:53.642+0000] {logging_mixin.py:120} INFO - [2025-03-16T08:38:53.642+0000] {dag.py:2585} INFO - Sync 1 DAGs
[2025-03-16T08:38:53.693+0000] {logging_mixin.py:120} INFO - [2025-03-16T08:38:53.692+0000] {dag.py:3340} INFO - Setting next_dagrun for tutorial to 2025-03-15T08:38:53.692417+00:00, run_after=2025-03-16T08:38:53.692417+00:00
[2025-03-16T08:38:53.725+0000] {processor.py:176} INFO - Processing /home/airflow/.local/lib/python3.7/site-packages/airflow/example_dags/tutorial.py took 0.198 seconds
[2025-03-16T08:39:24.288+0000] {processor.py:154} INFO - Started process (PID=927) to work on /home/airflow/.local/lib/python3.7/site-packages/airflow/example_dags/tutorial.py
[2025-03-16T08:39:24.289+0000] {processor.py:756} INFO - Processing file /home/airflow/.local/lib/python3.7/site-packages/airflow/example_dags/tutorial.py for tasks to queue
[2025-03-16T08:39:24.290+0000] {logging_mixin.py:120} INFO - [2025-03-16T08:39:24.290+0000] {dagbag.py:537} INFO - Filling up the DagBag from /home/airflow/.local/lib/python3.7/site-packages/airflow/example_dags/tutorial.py
[2025-03-16T08:39:24.314+0000] {processor.py:766} INFO - DAG(s) dict_keys(['tutorial']) retrieved from /home/airflow/.local/lib/python3.7/site-packages/airflow/example_dags/tutorial.py
[2025-03-16T08:39:24.380+0000] {logging_mixin.py:120} INFO - [2025-03-16T08:39:24.379+0000] {dag.py:2585} INFO - Sync 1 DAGs
[2025-03-16T08:39:24.425+0000] {logging_mixin.py:120} INFO - [2025-03-16T08:39:24.425+0000] {dag.py:3340} INFO - Setting next_dagrun for tutorial to 2025-03-15T08:39:24.425122+00:00, run_after=2025-03-16T08:39:24.425122+00:00
[2025-03-16T08:39:24.457+0000] {processor.py:176} INFO - Processing /home/airflow/.local/lib/python3.7/site-packages/airflow/example_dags/tutorial.py took 0.174 seconds
[2025-03-16T08:39:54.766+0000] {processor.py:154} INFO - Started process (PID=990) to work on /home/airflow/.local/lib/python3.7/site-packages/airflow/example_dags/tutorial.py
[2025-03-16T08:39:54.768+0000] {processor.py:756} INFO - Processing file /home/airflow/.local/lib/python3.7/site-packages/airflow/example_dags/tutorial.py for tasks to queue
[2025-03-16T08:39:54.769+0000] {logging_mixin.py:120} INFO - [2025-03-16T08:39:54.769+0000] {dagbag.py:537} INFO - Filling up the DagBag from /home/airflow/.local/lib/python3.7/site-packages/airflow/example_dags/tutorial.py
[2025-03-16T08:39:54.793+0000] {processor.py:766} INFO - DAG(s) dict_keys(['tutorial']) retrieved from /home/airflow/.local/lib/python3.7/site-packages/airflow/example_dags/tutorial.py
[2025-03-16T08:39:54.861+0000] {logging_mixin.py:120} INFO - [2025-03-16T08:39:54.861+0000] {dag.py:2585} INFO - Sync 1 DAGs
[2025-03-16T08:39:54.908+0000] {logging_mixin.py:120} INFO - [2025-03-16T08:39:54.908+0000] {dag.py:3340} INFO - Setting next_dagrun for tutorial to 2025-03-15T08:39:54.908095+00:00, run_after=2025-03-16T08:39:54.908095+00:00
[2025-03-16T08:39:54.939+0000] {processor.py:176} INFO - Processing /home/airflow/.local/lib/python3.7/site-packages/airflow/example_dags/tutorial.py took 0.179 seconds
[2025-03-16T08:40:25.651+0000] {processor.py:154} INFO - Started process (PID=1044) to work on /home/airflow/.local/lib/python3.7/site-packages/airflow/example_dags/tutorial.py
[2025-03-16T08:40:25.652+0000] {processor.py:756} INFO - Processing file /home/airflow/.local/lib/python3.7/site-packages/airflow/example_dags/tutorial.py for tasks to queue
[2025-03-16T08:40:25.654+0000] {logging_mixin.py:120} INFO - [2025-03-16T08:40:25.653+0000] {dagbag.py:537} INFO - Filling up the DagBag from /home/airflow/.local/lib/python3.7/site-packages/airflow/example_dags/tutorial.py
[2025-03-16T08:40:25.681+0000] {processor.py:766} INFO - DAG(s) dict_keys(['tutorial']) retrieved from /home/airflow/.local/lib/python3.7/site-packages/airflow/example_dags/tutorial.py
[2025-03-16T08:40:25.773+0000] {logging_mixin.py:120} INFO - [2025-03-16T08:40:25.773+0000] {dag.py:2585} INFO - Sync 1 DAGs
[2025-03-16T08:40:25.828+0000] {logging_mixin.py:120} INFO - [2025-03-16T08:40:25.828+0000] {dag.py:3340} INFO - Setting next_dagrun for tutorial to 2025-03-15T08:40:25.828022+00:00, run_after=2025-03-16T08:40:25.828022+00:00
[2025-03-16T08:40:25.866+0000] {processor.py:176} INFO - Processing /home/airflow/.local/lib/python3.7/site-packages/airflow/example_dags/tutorial.py took 0.222 seconds
[2025-03-16T08:40:56.165+0000] {processor.py:154} INFO - Started process (PID=1107) to work on /home/airflow/.local/lib/python3.7/site-packages/airflow/example_dags/tutorial.py
[2025-03-16T08:40:56.167+0000] {processor.py:756} INFO - Processing file /home/airflow/.local/lib/python3.7/site-packages/airflow/example_dags/tutorial.py for tasks to queue
[2025-03-16T08:40:56.168+0000] {logging_mixin.py:120} INFO - [2025-03-16T08:40:56.167+0000] {dagbag.py:537} INFO - Filling up the DagBag from /home/airflow/.local/lib/python3.7/site-packages/airflow/example_dags/tutorial.py
[2025-03-16T08:40:56.193+0000] {processor.py:766} INFO - DAG(s) dict_keys(['tutorial']) retrieved from /home/airflow/.local/lib/python3.7/site-packages/airflow/example_dags/tutorial.py
[2025-03-16T08:40:56.268+0000] {logging_mixin.py:120} INFO - [2025-03-16T08:40:56.268+0000] {dag.py:2585} INFO - Sync 1 DAGs
[2025-03-16T08:40:56.329+0000] {logging_mixin.py:120} INFO - [2025-03-16T08:40:56.328+0000] {dag.py:3340} INFO - Setting next_dagrun for tutorial to 2025-03-15T08:40:56.328192+00:00, run_after=2025-03-16T08:40:56.328192+00:00
[2025-03-16T08:40:56.372+0000] {processor.py:176} INFO - Processing /home/airflow/.local/lib/python3.7/site-packages/airflow/example_dags/tutorial.py took 0.215 seconds
[2025-03-16T08:41:27.027+0000] {processor.py:154} INFO - Started process (PID=1161) to work on /home/airflow/.local/lib/python3.7/site-packages/airflow/example_dags/tutorial.py
[2025-03-16T08:41:27.028+0000] {processor.py:756} INFO - Processing file /home/airflow/.local/lib/python3.7/site-packages/airflow/example_dags/tutorial.py for tasks to queue
[2025-03-16T08:41:27.029+0000] {logging_mixin.py:120} INFO - [2025-03-16T08:41:27.029+0000] {dagbag.py:537} INFO - Filling up the DagBag from /home/airflow/.local/lib/python3.7/site-packages/airflow/example_dags/tutorial.py
[2025-03-16T08:41:27.061+0000] {processor.py:766} INFO - DAG(s) dict_keys(['tutorial']) retrieved from /home/airflow/.local/lib/python3.7/site-packages/airflow/example_dags/tutorial.py
[2025-03-16T08:41:27.151+0000] {logging_mixin.py:120} INFO - [2025-03-16T08:41:27.150+0000] {dag.py:2585} INFO - Sync 1 DAGs
[2025-03-16T08:41:27.211+0000] {logging_mixin.py:120} INFO - [2025-03-16T08:41:27.211+0000] {dag.py:3340} INFO - Setting next_dagrun for tutorial to 2025-03-15T08:41:27.210959+00:00, run_after=2025-03-16T08:41:27.210959+00:00
[2025-03-16T08:41:27.263+0000] {processor.py:176} INFO - Processing /home/airflow/.local/lib/python3.7/site-packages/airflow/example_dags/tutorial.py took 0.242 seconds
[2025-03-16T08:41:57.380+0000] {processor.py:154} INFO - Started process (PID=1224) to work on /home/airflow/.local/lib/python3.7/site-packages/airflow/example_dags/tutorial.py
[2025-03-16T08:41:57.383+0000] {processor.py:756} INFO - Processing file /home/airflow/.local/lib/python3.7/site-packages/airflow/example_dags/tutorial.py for tasks to queue
[2025-03-16T08:41:57.384+0000] {logging_mixin.py:120} INFO - [2025-03-16T08:41:57.384+0000] {dagbag.py:537} INFO - Filling up the DagBag from /home/airflow/.local/lib/python3.7/site-packages/airflow/example_dags/tutorial.py
[2025-03-16T08:41:57.435+0000] {processor.py:766} INFO - DAG(s) dict_keys(['tutorial']) retrieved from /home/airflow/.local/lib/python3.7/site-packages/airflow/example_dags/tutorial.py
[2025-03-16T08:41:57.538+0000] {logging_mixin.py:120} INFO - [2025-03-16T08:41:57.538+0000] {dag.py:2585} INFO - Sync 1 DAGs
[2025-03-16T08:41:57.602+0000] {logging_mixin.py:120} INFO - [2025-03-16T08:41:57.602+0000] {dag.py:3340} INFO - Setting next_dagrun for tutorial to 2025-03-15T08:41:57.602220+00:00, run_after=2025-03-16T08:41:57.602220+00:00
[2025-03-16T08:41:57.665+0000] {processor.py:176} INFO - Processing /home/airflow/.local/lib/python3.7/site-packages/airflow/example_dags/tutorial.py took 0.299 seconds
[2025-03-16T08:42:27.787+0000] {processor.py:154} INFO - Started process (PID=1278) to work on /home/airflow/.local/lib/python3.7/site-packages/airflow/example_dags/tutorial.py
[2025-03-16T08:42:27.789+0000] {processor.py:756} INFO - Processing file /home/airflow/.local/lib/python3.7/site-packages/airflow/example_dags/tutorial.py for tasks to queue
[2025-03-16T08:42:27.790+0000] {logging_mixin.py:120} INFO - [2025-03-16T08:42:27.790+0000] {dagbag.py:537} INFO - Filling up the DagBag from /home/airflow/.local/lib/python3.7/site-packages/airflow/example_dags/tutorial.py
[2025-03-16T08:42:27.817+0000] {processor.py:766} INFO - DAG(s) dict_keys(['tutorial']) retrieved from /home/airflow/.local/lib/python3.7/site-packages/airflow/example_dags/tutorial.py
[2025-03-16T08:42:27.919+0000] {logging_mixin.py:120} INFO - [2025-03-16T08:42:27.919+0000] {dag.py:2585} INFO - Sync 1 DAGs
[2025-03-16T08:42:28.005+0000] {logging_mixin.py:120} INFO - [2025-03-16T08:42:28.003+0000] {dag.py:3340} INFO - Setting next_dagrun for tutorial to 2025-03-15T08:42:28.002582+00:00, run_after=2025-03-16T08:42:28.002582+00:00
[2025-03-16T08:42:28.051+0000] {processor.py:176} INFO - Processing /home/airflow/.local/lib/python3.7/site-packages/airflow/example_dags/tutorial.py took 0.282 seconds
[2025-03-16T08:42:58.104+0000] {processor.py:154} INFO - Started process (PID=1340) to work on /home/airflow/.local/lib/python3.7/site-packages/airflow/example_dags/tutorial.py
[2025-03-16T08:42:58.106+0000] {processor.py:756} INFO - Processing file /home/airflow/.local/lib/python3.7/site-packages/airflow/example_dags/tutorial.py for tasks to queue
[2025-03-16T08:42:58.107+0000] {logging_mixin.py:120} INFO - [2025-03-16T08:42:58.107+0000] {dagbag.py:537} INFO - Filling up the DagBag from /home/airflow/.local/lib/python3.7/site-packages/airflow/example_dags/tutorial.py
[2025-03-16T08:42:58.178+0000] {processor.py:766} INFO - DAG(s) dict_keys(['tutorial']) retrieved from /home/airflow/.local/lib/python3.7/site-packages/airflow/example_dags/tutorial.py
[2025-03-16T08:42:58.295+0000] {logging_mixin.py:120} INFO - [2025-03-16T08:42:58.295+0000] {dag.py:2585} INFO - Sync 1 DAGs
[2025-03-16T08:42:58.400+0000] {logging_mixin.py:120} INFO - [2025-03-16T08:42:58.400+0000] {dag.py:3340} INFO - Setting next_dagrun for tutorial to 2025-03-15T08:42:58.400035+00:00, run_after=2025-03-16T08:42:58.400035+00:00
[2025-03-16T08:42:58.461+0000] {processor.py:176} INFO - Processing /home/airflow/.local/lib/python3.7/site-packages/airflow/example_dags/tutorial.py took 0.362 seconds
[2025-03-16T08:43:28.952+0000] {processor.py:154} INFO - Started process (PID=1395) to work on /home/airflow/.local/lib/python3.7/site-packages/airflow/example_dags/tutorial.py
[2025-03-16T08:43:28.953+0000] {processor.py:756} INFO - Processing file /home/airflow/.local/lib/python3.7/site-packages/airflow/example_dags/tutorial.py for tasks to queue
[2025-03-16T08:43:28.954+0000] {logging_mixin.py:120} INFO - [2025-03-16T08:43:28.954+0000] {dagbag.py:537} INFO - Filling up the DagBag from /home/airflow/.local/lib/python3.7/site-packages/airflow/example_dags/tutorial.py
[2025-03-16T08:43:28.978+0000] {processor.py:766} INFO - DAG(s) dict_keys(['tutorial']) retrieved from /home/airflow/.local/lib/python3.7/site-packages/airflow/example_dags/tutorial.py
[2025-03-16T08:43:29.044+0000] {logging_mixin.py:120} INFO - [2025-03-16T08:43:29.044+0000] {dag.py:2585} INFO - Sync 1 DAGs
[2025-03-16T08:43:29.090+0000] {logging_mixin.py:120} INFO - [2025-03-16T08:43:29.090+0000] {dag.py:3340} INFO - Setting next_dagrun for tutorial to 2025-03-15T08:43:29.089698+00:00, run_after=2025-03-16T08:43:29.089698+00:00
[2025-03-16T08:43:29.131+0000] {processor.py:176} INFO - Processing /home/airflow/.local/lib/python3.7/site-packages/airflow/example_dags/tutorial.py took 0.184 seconds
[2025-03-16T08:43:59.338+0000] {processor.py:154} INFO - Started process (PID=1449) to work on /home/airflow/.local/lib/python3.7/site-packages/airflow/example_dags/tutorial.py
[2025-03-16T08:43:59.339+0000] {processor.py:756} INFO - Processing file /home/airflow/.local/lib/python3.7/site-packages/airflow/example_dags/tutorial.py for tasks to queue
[2025-03-16T08:43:59.340+0000] {logging_mixin.py:120} INFO - [2025-03-16T08:43:59.340+0000] {dagbag.py:537} INFO - Filling up the DagBag from /home/airflow/.local/lib/python3.7/site-packages/airflow/example_dags/tutorial.py
[2025-03-16T08:43:59.367+0000] {processor.py:766} INFO - DAG(s) dict_keys(['tutorial']) retrieved from /home/airflow/.local/lib/python3.7/site-packages/airflow/example_dags/tutorial.py
[2025-03-16T08:43:59.433+0000] {logging_mixin.py:120} INFO - [2025-03-16T08:43:59.433+0000] {dag.py:2585} INFO - Sync 1 DAGs
[2025-03-16T08:43:59.482+0000] {logging_mixin.py:120} INFO - [2025-03-16T08:43:59.482+0000] {dag.py:3340} INFO - Setting next_dagrun for tutorial to 2025-03-15T08:43:59.481700+00:00, run_after=2025-03-16T08:43:59.481700+00:00
[2025-03-16T08:43:59.536+0000] {processor.py:176} INFO - Processing /home/airflow/.local/lib/python3.7/site-packages/airflow/example_dags/tutorial.py took 0.203 seconds
[2025-03-16T08:44:30.112+0000] {processor.py:154} INFO - Started process (PID=1513) to work on /home/airflow/.local/lib/python3.7/site-packages/airflow/example_dags/tutorial.py
[2025-03-16T08:44:30.114+0000] {processor.py:756} INFO - Processing file /home/airflow/.local/lib/python3.7/site-packages/airflow/example_dags/tutorial.py for tasks to queue
[2025-03-16T08:44:30.116+0000] {logging_mixin.py:120} INFO - [2025-03-16T08:44:30.115+0000] {dagbag.py:537} INFO - Filling up the DagBag from /home/airflow/.local/lib/python3.7/site-packages/airflow/example_dags/tutorial.py
[2025-03-16T08:44:30.153+0000] {processor.py:766} INFO - DAG(s) dict_keys(['tutorial']) retrieved from /home/airflow/.local/lib/python3.7/site-packages/airflow/example_dags/tutorial.py
[2025-03-16T08:44:30.228+0000] {logging_mixin.py:120} INFO - [2025-03-16T08:44:30.228+0000] {dag.py:2585} INFO - Sync 1 DAGs
[2025-03-16T08:44:30.276+0000] {logging_mixin.py:120} INFO - [2025-03-16T08:44:30.276+0000] {dag.py:3340} INFO - Setting next_dagrun for tutorial to 2025-03-15T08:44:30.275586+00:00, run_after=2025-03-16T08:44:30.275586+00:00
[2025-03-16T08:44:30.351+0000] {processor.py:176} INFO - Processing /home/airflow/.local/lib/python3.7/site-packages/airflow/example_dags/tutorial.py took 0.243 seconds
[2025-03-16T08:45:00.800+0000] {processor.py:154} INFO - Started process (PID=1574) to work on /home/airflow/.local/lib/python3.7/site-packages/airflow/example_dags/tutorial.py
[2025-03-16T08:45:00.801+0000] {processor.py:756} INFO - Processing file /home/airflow/.local/lib/python3.7/site-packages/airflow/example_dags/tutorial.py for tasks to queue
[2025-03-16T08:45:00.802+0000] {logging_mixin.py:120} INFO - [2025-03-16T08:45:00.802+0000] {dagbag.py:537} INFO - Filling up the DagBag from /home/airflow/.local/lib/python3.7/site-packages/airflow/example_dags/tutorial.py
[2025-03-16T08:45:00.827+0000] {processor.py:766} INFO - DAG(s) dict_keys(['tutorial']) retrieved from /home/airflow/.local/lib/python3.7/site-packages/airflow/example_dags/tutorial.py
[2025-03-16T08:45:00.919+0000] {logging_mixin.py:120} INFO - [2025-03-16T08:45:00.918+0000] {dag.py:2585} INFO - Sync 1 DAGs
[2025-03-16T08:45:00.968+0000] {logging_mixin.py:120} INFO - [2025-03-16T08:45:00.967+0000] {dag.py:3340} INFO - Setting next_dagrun for tutorial to 2025-03-15T08:45:00.967605+00:00, run_after=2025-03-16T08:45:00.967605+00:00
[2025-03-16T08:45:01.015+0000] {processor.py:176} INFO - Processing /home/airflow/.local/lib/python3.7/site-packages/airflow/example_dags/tutorial.py took 0.221 seconds
[2025-03-16T08:45:31.420+0000] {processor.py:154} INFO - Started process (PID=1630) to work on /home/airflow/.local/lib/python3.7/site-packages/airflow/example_dags/tutorial.py
[2025-03-16T08:45:31.422+0000] {processor.py:756} INFO - Processing file /home/airflow/.local/lib/python3.7/site-packages/airflow/example_dags/tutorial.py for tasks to queue
[2025-03-16T08:45:31.424+0000] {logging_mixin.py:120} INFO - [2025-03-16T08:45:31.423+0000] {dagbag.py:537} INFO - Filling up the DagBag from /home/airflow/.local/lib/python3.7/site-packages/airflow/example_dags/tutorial.py
[2025-03-16T08:45:31.451+0000] {processor.py:766} INFO - DAG(s) dict_keys(['tutorial']) retrieved from /home/airflow/.local/lib/python3.7/site-packages/airflow/example_dags/tutorial.py
[2025-03-16T08:45:31.533+0000] {logging_mixin.py:120} INFO - [2025-03-16T08:45:31.533+0000] {dag.py:2585} INFO - Sync 1 DAGs
[2025-03-16T08:45:31.592+0000] {logging_mixin.py:120} INFO - [2025-03-16T08:45:31.592+0000] {dag.py:3340} INFO - Setting next_dagrun for tutorial to 2025-03-15T08:45:31.591748+00:00, run_after=2025-03-16T08:45:31.591748+00:00
[2025-03-16T08:45:31.627+0000] {processor.py:176} INFO - Processing /home/airflow/.local/lib/python3.7/site-packages/airflow/example_dags/tutorial.py took 0.212 seconds
[2025-03-16T08:46:02.515+0000] {processor.py:154} INFO - Started process (PID=1684) to work on /home/airflow/.local/lib/python3.7/site-packages/airflow/example_dags/tutorial.py
[2025-03-16T08:46:02.517+0000] {processor.py:756} INFO - Processing file /home/airflow/.local/lib/python3.7/site-packages/airflow/example_dags/tutorial.py for tasks to queue
[2025-03-16T08:46:02.518+0000] {logging_mixin.py:120} INFO - [2025-03-16T08:46:02.517+0000] {dagbag.py:537} INFO - Filling up the DagBag from /home/airflow/.local/lib/python3.7/site-packages/airflow/example_dags/tutorial.py
[2025-03-16T08:46:02.591+0000] {processor.py:766} INFO - DAG(s) dict_keys(['tutorial']) retrieved from /home/airflow/.local/lib/python3.7/site-packages/airflow/example_dags/tutorial.py
[2025-03-16T08:46:02.701+0000] {logging_mixin.py:120} INFO - [2025-03-16T08:46:02.700+0000] {dag.py:2585} INFO - Sync 1 DAGs
[2025-03-16T08:46:02.822+0000] {logging_mixin.py:120} INFO - [2025-03-16T08:46:02.821+0000] {dag.py:3340} INFO - Setting next_dagrun for tutorial to 2025-03-15T08:46:02.819082+00:00, run_after=2025-03-16T08:46:02.819082+00:00
[2025-03-16T08:46:02.889+0000] {processor.py:176} INFO - Processing /home/airflow/.local/lib/python3.7/site-packages/airflow/example_dags/tutorial.py took 0.382 seconds
[2025-03-16T08:46:33.531+0000] {processor.py:154} INFO - Started process (PID=1747) to work on /home/airflow/.local/lib/python3.7/site-packages/airflow/example_dags/tutorial.py
[2025-03-16T08:46:33.534+0000] {processor.py:756} INFO - Processing file /home/airflow/.local/lib/python3.7/site-packages/airflow/example_dags/tutorial.py for tasks to queue
[2025-03-16T08:46:33.535+0000] {logging_mixin.py:120} INFO - [2025-03-16T08:46:33.535+0000] {dagbag.py:537} INFO - Filling up the DagBag from /home/airflow/.local/lib/python3.7/site-packages/airflow/example_dags/tutorial.py
[2025-03-16T08:46:33.566+0000] {processor.py:766} INFO - DAG(s) dict_keys(['tutorial']) retrieved from /home/airflow/.local/lib/python3.7/site-packages/airflow/example_dags/tutorial.py
[2025-03-16T08:46:33.629+0000] {logging_mixin.py:120} INFO - [2025-03-16T08:46:33.629+0000] {dag.py:2585} INFO - Sync 1 DAGs
[2025-03-16T08:46:33.675+0000] {logging_mixin.py:120} INFO - [2025-03-16T08:46:33.675+0000] {dag.py:3340} INFO - Setting next_dagrun for tutorial to 2025-03-15T08:46:33.674947+00:00, run_after=2025-03-16T08:46:33.674947+00:00
[2025-03-16T08:46:33.704+0000] {processor.py:176} INFO - Processing /home/airflow/.local/lib/python3.7/site-packages/airflow/example_dags/tutorial.py took 0.180 seconds
[2025-03-16T08:47:04.156+0000] {processor.py:154} INFO - Started process (PID=1801) to work on /home/airflow/.local/lib/python3.7/site-packages/airflow/example_dags/tutorial.py
[2025-03-16T08:47:04.158+0000] {processor.py:756} INFO - Processing file /home/airflow/.local/lib/python3.7/site-packages/airflow/example_dags/tutorial.py for tasks to queue
[2025-03-16T08:47:04.159+0000] {logging_mixin.py:120} INFO - [2025-03-16T08:47:04.158+0000] {dagbag.py:537} INFO - Filling up the DagBag from /home/airflow/.local/lib/python3.7/site-packages/airflow/example_dags/tutorial.py
[2025-03-16T08:47:04.187+0000] {processor.py:766} INFO - DAG(s) dict_keys(['tutorial']) retrieved from /home/airflow/.local/lib/python3.7/site-packages/airflow/example_dags/tutorial.py
[2025-03-16T08:47:04.267+0000] {logging_mixin.py:120} INFO - [2025-03-16T08:47:04.266+0000] {dag.py:2585} INFO - Sync 1 DAGs
[2025-03-16T08:47:04.317+0000] {logging_mixin.py:120} INFO - [2025-03-16T08:47:04.317+0000] {dag.py:3340} INFO - Setting next_dagrun for tutorial to 2025-03-15T08:47:04.316903+00:00, run_after=2025-03-16T08:47:04.316903+00:00
[2025-03-16T08:47:04.355+0000] {processor.py:176} INFO - Processing /home/airflow/.local/lib/python3.7/site-packages/airflow/example_dags/tutorial.py took 0.206 seconds
[2025-03-16T08:47:35.130+0000] {processor.py:154} INFO - Started process (PID=1864) to work on /home/airflow/.local/lib/python3.7/site-packages/airflow/example_dags/tutorial.py
[2025-03-16T08:47:35.131+0000] {processor.py:756} INFO - Processing file /home/airflow/.local/lib/python3.7/site-packages/airflow/example_dags/tutorial.py for tasks to queue
[2025-03-16T08:47:35.132+0000] {logging_mixin.py:120} INFO - [2025-03-16T08:47:35.132+0000] {dagbag.py:537} INFO - Filling up the DagBag from /home/airflow/.local/lib/python3.7/site-packages/airflow/example_dags/tutorial.py
[2025-03-16T08:47:35.159+0000] {processor.py:766} INFO - DAG(s) dict_keys(['tutorial']) retrieved from /home/airflow/.local/lib/python3.7/site-packages/airflow/example_dags/tutorial.py
[2025-03-16T08:47:35.232+0000] {logging_mixin.py:120} INFO - [2025-03-16T08:47:35.232+0000] {dag.py:2585} INFO - Sync 1 DAGs
[2025-03-16T08:47:35.289+0000] {logging_mixin.py:120} INFO - [2025-03-16T08:47:35.289+0000] {dag.py:3340} INFO - Setting next_dagrun for tutorial to 2025-03-15T08:47:35.289095+00:00, run_after=2025-03-16T08:47:35.289095+00:00
[2025-03-16T08:47:35.323+0000] {processor.py:176} INFO - Processing /home/airflow/.local/lib/python3.7/site-packages/airflow/example_dags/tutorial.py took 0.200 seconds
[2025-03-16T08:48:05.519+0000] {processor.py:154} INFO - Started process (PID=1924) to work on /home/airflow/.local/lib/python3.7/site-packages/airflow/example_dags/tutorial.py
[2025-03-16T08:48:05.521+0000] {processor.py:756} INFO - Processing file /home/airflow/.local/lib/python3.7/site-packages/airflow/example_dags/tutorial.py for tasks to queue
[2025-03-16T08:48:05.522+0000] {logging_mixin.py:120} INFO - [2025-03-16T08:48:05.522+0000] {dagbag.py:537} INFO - Filling up the DagBag from /home/airflow/.local/lib/python3.7/site-packages/airflow/example_dags/tutorial.py
[2025-03-16T08:48:05.550+0000] {processor.py:766} INFO - DAG(s) dict_keys(['tutorial']) retrieved from /home/airflow/.local/lib/python3.7/site-packages/airflow/example_dags/tutorial.py
[2025-03-16T08:48:05.650+0000] {logging_mixin.py:120} INFO - [2025-03-16T08:48:05.649+0000] {dag.py:2585} INFO - Sync 1 DAGs
[2025-03-16T08:48:05.725+0000] {logging_mixin.py:120} INFO - [2025-03-16T08:48:05.725+0000] {dag.py:3340} INFO - Setting next_dagrun for tutorial to 2025-03-15T08:48:05.724541+00:00, run_after=2025-03-16T08:48:05.724541+00:00
[2025-03-16T08:48:05.807+0000] {processor.py:176} INFO - Processing /home/airflow/.local/lib/python3.7/site-packages/airflow/example_dags/tutorial.py took 0.295 seconds
[2025-03-16T08:48:36.093+0000] {processor.py:154} INFO - Started process (PID=1979) to work on /home/airflow/.local/lib/python3.7/site-packages/airflow/example_dags/tutorial.py
[2025-03-16T08:48:36.095+0000] {processor.py:756} INFO - Processing file /home/airflow/.local/lib/python3.7/site-packages/airflow/example_dags/tutorial.py for tasks to queue
[2025-03-16T08:48:36.096+0000] {logging_mixin.py:120} INFO - [2025-03-16T08:48:36.096+0000] {dagbag.py:537} INFO - Filling up the DagBag from /home/airflow/.local/lib/python3.7/site-packages/airflow/example_dags/tutorial.py
[2025-03-16T08:48:36.118+0000] {processor.py:766} INFO - DAG(s) dict_keys(['tutorial']) retrieved from /home/airflow/.local/lib/python3.7/site-packages/airflow/example_dags/tutorial.py
[2025-03-16T08:48:36.175+0000] {logging_mixin.py:120} INFO - [2025-03-16T08:48:36.174+0000] {dag.py:2585} INFO - Sync 1 DAGs
[2025-03-16T08:48:36.207+0000] {logging_mixin.py:120} INFO - [2025-03-16T08:48:36.207+0000] {dag.py:3340} INFO - Setting next_dagrun for tutorial to 2025-03-15T08:48:36.207228+00:00, run_after=2025-03-16T08:48:36.207228+00:00
[2025-03-16T08:48:36.238+0000] {processor.py:176} INFO - Processing /home/airflow/.local/lib/python3.7/site-packages/airflow/example_dags/tutorial.py took 0.153 seconds
[2025-03-16T08:49:07.094+0000] {processor.py:154} INFO - Started process (PID=2042) to work on /home/airflow/.local/lib/python3.7/site-packages/airflow/example_dags/tutorial.py
[2025-03-16T08:49:07.096+0000] {processor.py:756} INFO - Processing file /home/airflow/.local/lib/python3.7/site-packages/airflow/example_dags/tutorial.py for tasks to queue
[2025-03-16T08:49:07.097+0000] {logging_mixin.py:120} INFO - [2025-03-16T08:49:07.097+0000] {dagbag.py:537} INFO - Filling up the DagBag from /home/airflow/.local/lib/python3.7/site-packages/airflow/example_dags/tutorial.py
[2025-03-16T08:49:07.123+0000] {processor.py:766} INFO - DAG(s) dict_keys(['tutorial']) retrieved from /home/airflow/.local/lib/python3.7/site-packages/airflow/example_dags/tutorial.py
[2025-03-16T08:49:07.202+0000] {logging_mixin.py:120} INFO - [2025-03-16T08:49:07.202+0000] {dag.py:2585} INFO - Sync 1 DAGs
[2025-03-16T08:49:07.253+0000] {logging_mixin.py:120} INFO - [2025-03-16T08:49:07.253+0000] {dag.py:3340} INFO - Setting next_dagrun for tutorial to 2025-03-15T08:49:07.252978+00:00, run_after=2025-03-16T08:49:07.252978+00:00
[2025-03-16T08:49:07.290+0000] {processor.py:176} INFO - Processing /home/airflow/.local/lib/python3.7/site-packages/airflow/example_dags/tutorial.py took 0.202 seconds
[2025-03-16T08:49:37.890+0000] {processor.py:154} INFO - Started process (PID=2097) to work on /home/airflow/.local/lib/python3.7/site-packages/airflow/example_dags/tutorial.py
[2025-03-16T08:49:37.891+0000] {processor.py:756} INFO - Processing file /home/airflow/.local/lib/python3.7/site-packages/airflow/example_dags/tutorial.py for tasks to queue
[2025-03-16T08:49:37.892+0000] {logging_mixin.py:120} INFO - [2025-03-16T08:49:37.892+0000] {dagbag.py:537} INFO - Filling up the DagBag from /home/airflow/.local/lib/python3.7/site-packages/airflow/example_dags/tutorial.py
[2025-03-16T08:49:37.912+0000] {processor.py:766} INFO - DAG(s) dict_keys(['tutorial']) retrieved from /home/airflow/.local/lib/python3.7/site-packages/airflow/example_dags/tutorial.py
[2025-03-16T08:49:37.962+0000] {logging_mixin.py:120} INFO - [2025-03-16T08:49:37.962+0000] {dag.py:2585} INFO - Sync 1 DAGs
[2025-03-16T08:49:37.992+0000] {logging_mixin.py:120} INFO - [2025-03-16T08:49:37.992+0000] {dag.py:3340} INFO - Setting next_dagrun for tutorial to 2025-03-15T08:49:37.991922+00:00, run_after=2025-03-16T08:49:37.991922+00:00
[2025-03-16T08:49:38.015+0000] {processor.py:176} INFO - Processing /home/airflow/.local/lib/python3.7/site-packages/airflow/example_dags/tutorial.py took 0.129 seconds
[2025-03-16T08:50:08.641+0000] {processor.py:154} INFO - Started process (PID=2160) to work on /home/airflow/.local/lib/python3.7/site-packages/airflow/example_dags/tutorial.py
[2025-03-16T08:50:08.642+0000] {processor.py:756} INFO - Processing file /home/airflow/.local/lib/python3.7/site-packages/airflow/example_dags/tutorial.py for tasks to queue
[2025-03-16T08:50:08.643+0000] {logging_mixin.py:120} INFO - [2025-03-16T08:50:08.643+0000] {dagbag.py:537} INFO - Filling up the DagBag from /home/airflow/.local/lib/python3.7/site-packages/airflow/example_dags/tutorial.py
[2025-03-16T08:50:08.673+0000] {processor.py:766} INFO - DAG(s) dict_keys(['tutorial']) retrieved from /home/airflow/.local/lib/python3.7/site-packages/airflow/example_dags/tutorial.py
[2025-03-16T08:50:08.761+0000] {logging_mixin.py:120} INFO - [2025-03-16T08:50:08.760+0000] {dag.py:2585} INFO - Sync 1 DAGs
[2025-03-16T08:50:08.819+0000] {logging_mixin.py:120} INFO - [2025-03-16T08:50:08.819+0000] {dag.py:3340} INFO - Setting next_dagrun for tutorial to 2025-03-15T08:50:08.818717+00:00, run_after=2025-03-16T08:50:08.818717+00:00
[2025-03-16T08:50:08.871+0000] {processor.py:176} INFO - Processing /home/airflow/.local/lib/python3.7/site-packages/airflow/example_dags/tutorial.py took 0.236 seconds
[2025-03-16T08:50:38.993+0000] {processor.py:154} INFO - Started process (PID=2214) to work on /home/airflow/.local/lib/python3.7/site-packages/airflow/example_dags/tutorial.py
[2025-03-16T08:50:38.995+0000] {processor.py:756} INFO - Processing file /home/airflow/.local/lib/python3.7/site-packages/airflow/example_dags/tutorial.py for tasks to queue
[2025-03-16T08:50:38.995+0000] {logging_mixin.py:120} INFO - [2025-03-16T08:50:38.995+0000] {dagbag.py:537} INFO - Filling up the DagBag from /home/airflow/.local/lib/python3.7/site-packages/airflow/example_dags/tutorial.py
[2025-03-16T08:50:39.012+0000] {processor.py:766} INFO - DAG(s) dict_keys(['tutorial']) retrieved from /home/airflow/.local/lib/python3.7/site-packages/airflow/example_dags/tutorial.py
[2025-03-16T08:50:39.056+0000] {logging_mixin.py:120} INFO - [2025-03-16T08:50:39.056+0000] {dag.py:2585} INFO - Sync 1 DAGs
[2025-03-16T08:50:39.086+0000] {logging_mixin.py:120} INFO - [2025-03-16T08:50:39.086+0000] {dag.py:3340} INFO - Setting next_dagrun for tutorial to 2025-03-15T08:50:39.085835+00:00, run_after=2025-03-16T08:50:39.085835+00:00
[2025-03-16T08:50:39.107+0000] {processor.py:176} INFO - Processing /home/airflow/.local/lib/python3.7/site-packages/airflow/example_dags/tutorial.py took 0.118 seconds
[2025-03-16T08:51:09.263+0000] {processor.py:154} INFO - Started process (PID=2277) to work on /home/airflow/.local/lib/python3.7/site-packages/airflow/example_dags/tutorial.py
[2025-03-16T08:51:09.264+0000] {processor.py:756} INFO - Processing file /home/airflow/.local/lib/python3.7/site-packages/airflow/example_dags/tutorial.py for tasks to queue
[2025-03-16T08:51:09.265+0000] {logging_mixin.py:120} INFO - [2025-03-16T08:51:09.265+0000] {dagbag.py:537} INFO - Filling up the DagBag from /home/airflow/.local/lib/python3.7/site-packages/airflow/example_dags/tutorial.py
[2025-03-16T08:51:09.291+0000] {processor.py:766} INFO - DAG(s) dict_keys(['tutorial']) retrieved from /home/airflow/.local/lib/python3.7/site-packages/airflow/example_dags/tutorial.py
[2025-03-16T08:51:09.362+0000] {logging_mixin.py:120} INFO - [2025-03-16T08:51:09.362+0000] {dag.py:2585} INFO - Sync 1 DAGs
[2025-03-16T08:51:09.408+0000] {logging_mixin.py:120} INFO - [2025-03-16T08:51:09.408+0000] {dag.py:3340} INFO - Setting next_dagrun for tutorial to 2025-03-15T08:51:09.408048+00:00, run_after=2025-03-16T08:51:09.408048+00:00
[2025-03-16T08:51:09.439+0000] {processor.py:176} INFO - Processing /home/airflow/.local/lib/python3.7/site-packages/airflow/example_dags/tutorial.py took 0.182 seconds
[2025-03-16T08:51:39.628+0000] {processor.py:154} INFO - Started process (PID=2331) to work on /home/airflow/.local/lib/python3.7/site-packages/airflow/example_dags/tutorial.py
[2025-03-16T08:51:39.630+0000] {processor.py:756} INFO - Processing file /home/airflow/.local/lib/python3.7/site-packages/airflow/example_dags/tutorial.py for tasks to queue
[2025-03-16T08:51:39.631+0000] {logging_mixin.py:120} INFO - [2025-03-16T08:51:39.630+0000] {dagbag.py:537} INFO - Filling up the DagBag from /home/airflow/.local/lib/python3.7/site-packages/airflow/example_dags/tutorial.py
[2025-03-16T08:51:39.647+0000] {processor.py:766} INFO - DAG(s) dict_keys(['tutorial']) retrieved from /home/airflow/.local/lib/python3.7/site-packages/airflow/example_dags/tutorial.py
[2025-03-16T08:51:39.695+0000] {logging_mixin.py:120} INFO - [2025-03-16T08:51:39.695+0000] {dag.py:2585} INFO - Sync 1 DAGs
[2025-03-16T08:51:39.723+0000] {logging_mixin.py:120} INFO - [2025-03-16T08:51:39.723+0000] {dag.py:3340} INFO - Setting next_dagrun for tutorial to 2025-03-15T08:51:39.722957+00:00, run_after=2025-03-16T08:51:39.722957+00:00
[2025-03-16T08:51:39.744+0000] {processor.py:176} INFO - Processing /home/airflow/.local/lib/python3.7/site-packages/airflow/example_dags/tutorial.py took 0.119 seconds
[2025-03-16T08:52:10.575+0000] {processor.py:154} INFO - Started process (PID=2395) to work on /home/airflow/.local/lib/python3.7/site-packages/airflow/example_dags/tutorial.py
[2025-03-16T08:52:10.577+0000] {processor.py:756} INFO - Processing file /home/airflow/.local/lib/python3.7/site-packages/airflow/example_dags/tutorial.py for tasks to queue
[2025-03-16T08:52:10.578+0000] {logging_mixin.py:120} INFO - [2025-03-16T08:52:10.578+0000] {dagbag.py:537} INFO - Filling up the DagBag from /home/airflow/.local/lib/python3.7/site-packages/airflow/example_dags/tutorial.py
[2025-03-16T08:52:10.611+0000] {processor.py:766} INFO - DAG(s) dict_keys(['tutorial']) retrieved from /home/airflow/.local/lib/python3.7/site-packages/airflow/example_dags/tutorial.py
[2025-03-16T08:52:10.683+0000] {logging_mixin.py:120} INFO - [2025-03-16T08:52:10.683+0000] {dag.py:2585} INFO - Sync 1 DAGs
[2025-03-16T08:52:10.731+0000] {logging_mixin.py:120} INFO - [2025-03-16T08:52:10.730+0000] {dag.py:3340} INFO - Setting next_dagrun for tutorial to 2025-03-15T08:52:10.730454+00:00, run_after=2025-03-16T08:52:10.730454+00:00
[2025-03-16T08:52:10.765+0000] {processor.py:176} INFO - Processing /home/airflow/.local/lib/python3.7/site-packages/airflow/example_dags/tutorial.py took 0.197 seconds
[2025-03-16T08:52:41.513+0000] {processor.py:154} INFO - Started process (PID=2449) to work on /home/airflow/.local/lib/python3.7/site-packages/airflow/example_dags/tutorial.py
[2025-03-16T08:52:41.514+0000] {processor.py:756} INFO - Processing file /home/airflow/.local/lib/python3.7/site-packages/airflow/example_dags/tutorial.py for tasks to queue
[2025-03-16T08:52:41.515+0000] {logging_mixin.py:120} INFO - [2025-03-16T08:52:41.515+0000] {dagbag.py:537} INFO - Filling up the DagBag from /home/airflow/.local/lib/python3.7/site-packages/airflow/example_dags/tutorial.py
[2025-03-16T08:52:41.538+0000] {processor.py:766} INFO - DAG(s) dict_keys(['tutorial']) retrieved from /home/airflow/.local/lib/python3.7/site-packages/airflow/example_dags/tutorial.py
[2025-03-16T08:52:41.605+0000] {logging_mixin.py:120} INFO - [2025-03-16T08:52:41.605+0000] {dag.py:2585} INFO - Sync 1 DAGs
[2025-03-16T08:52:41.643+0000] {logging_mixin.py:120} INFO - [2025-03-16T08:52:41.643+0000] {dag.py:3340} INFO - Setting next_dagrun for tutorial to 2025-03-15T08:52:41.643126+00:00, run_after=2025-03-16T08:52:41.643126+00:00
[2025-03-16T08:52:41.673+0000] {processor.py:176} INFO - Processing /home/airflow/.local/lib/python3.7/site-packages/airflow/example_dags/tutorial.py took 0.165 seconds
[2025-03-16T08:53:12.509+0000] {processor.py:154} INFO - Started process (PID=2512) to work on /home/airflow/.local/lib/python3.7/site-packages/airflow/example_dags/tutorial.py
[2025-03-16T08:53:12.512+0000] {processor.py:756} INFO - Processing file /home/airflow/.local/lib/python3.7/site-packages/airflow/example_dags/tutorial.py for tasks to queue
[2025-03-16T08:53:12.513+0000] {logging_mixin.py:120} INFO - [2025-03-16T08:53:12.513+0000] {dagbag.py:537} INFO - Filling up the DagBag from /home/airflow/.local/lib/python3.7/site-packages/airflow/example_dags/tutorial.py
[2025-03-16T08:53:12.562+0000] {processor.py:766} INFO - DAG(s) dict_keys(['tutorial']) retrieved from /home/airflow/.local/lib/python3.7/site-packages/airflow/example_dags/tutorial.py
[2025-03-16T08:53:12.634+0000] {logging_mixin.py:120} INFO - [2025-03-16T08:53:12.633+0000] {dag.py:2585} INFO - Sync 1 DAGs
[2025-03-16T08:53:12.683+0000] {logging_mixin.py:120} INFO - [2025-03-16T08:53:12.683+0000] {dag.py:3340} INFO - Setting next_dagrun for tutorial to 2025-03-15T08:53:12.683014+00:00, run_after=2025-03-16T08:53:12.683014+00:00
[2025-03-16T08:53:12.717+0000] {processor.py:176} INFO - Processing /home/airflow/.local/lib/python3.7/site-packages/airflow/example_dags/tutorial.py took 0.214 seconds
[2025-03-16T08:53:43.441+0000] {processor.py:154} INFO - Started process (PID=2567) to work on /home/airflow/.local/lib/python3.7/site-packages/airflow/example_dags/tutorial.py
[2025-03-16T08:53:43.442+0000] {processor.py:756} INFO - Processing file /home/airflow/.local/lib/python3.7/site-packages/airflow/example_dags/tutorial.py for tasks to queue
[2025-03-16T08:53:43.443+0000] {logging_mixin.py:120} INFO - [2025-03-16T08:53:43.443+0000] {dagbag.py:537} INFO - Filling up the DagBag from /home/airflow/.local/lib/python3.7/site-packages/airflow/example_dags/tutorial.py
[2025-03-16T08:53:43.466+0000] {processor.py:766} INFO - DAG(s) dict_keys(['tutorial']) retrieved from /home/airflow/.local/lib/python3.7/site-packages/airflow/example_dags/tutorial.py
[2025-03-16T08:53:43.530+0000] {logging_mixin.py:120} INFO - [2025-03-16T08:53:43.529+0000] {dag.py:2585} INFO - Sync 1 DAGs
[2025-03-16T08:53:43.579+0000] {logging_mixin.py:120} INFO - [2025-03-16T08:53:43.578+0000] {dag.py:3340} INFO - Setting next_dagrun for tutorial to 2025-03-15T08:53:43.578518+00:00, run_after=2025-03-16T08:53:43.578518+00:00
[2025-03-16T08:53:43.605+0000] {processor.py:176} INFO - Processing /home/airflow/.local/lib/python3.7/site-packages/airflow/example_dags/tutorial.py took 0.169 seconds
[2025-03-16T08:54:14.683+0000] {processor.py:154} INFO - Started process (PID=2630) to work on /home/airflow/.local/lib/python3.7/site-packages/airflow/example_dags/tutorial.py
[2025-03-16T08:54:14.685+0000] {processor.py:756} INFO - Processing file /home/airflow/.local/lib/python3.7/site-packages/airflow/example_dags/tutorial.py for tasks to queue
[2025-03-16T08:54:14.686+0000] {logging_mixin.py:120} INFO - [2025-03-16T08:54:14.686+0000] {dagbag.py:537} INFO - Filling up the DagBag from /home/airflow/.local/lib/python3.7/site-packages/airflow/example_dags/tutorial.py
[2025-03-16T08:54:14.709+0000] {processor.py:766} INFO - DAG(s) dict_keys(['tutorial']) retrieved from /home/airflow/.local/lib/python3.7/site-packages/airflow/example_dags/tutorial.py
[2025-03-16T08:54:14.774+0000] {logging_mixin.py:120} INFO - [2025-03-16T08:54:14.774+0000] {dag.py:2585} INFO - Sync 1 DAGs
[2025-03-16T08:54:14.822+0000] {logging_mixin.py:120} INFO - [2025-03-16T08:54:14.822+0000] {dag.py:3340} INFO - Setting next_dagrun for tutorial to 2025-03-15T08:54:14.821932+00:00, run_after=2025-03-16T08:54:14.821932+00:00
[2025-03-16T08:54:14.855+0000] {processor.py:176} INFO - Processing /home/airflow/.local/lib/python3.7/site-packages/airflow/example_dags/tutorial.py took 0.177 seconds
[2025-03-16T08:54:45.063+0000] {processor.py:154} INFO - Started process (PID=2683) to work on /home/airflow/.local/lib/python3.7/site-packages/airflow/example_dags/tutorial.py
[2025-03-16T08:54:45.064+0000] {processor.py:756} INFO - Processing file /home/airflow/.local/lib/python3.7/site-packages/airflow/example_dags/tutorial.py for tasks to queue
[2025-03-16T08:54:45.069+0000] {logging_mixin.py:120} INFO - [2025-03-16T08:54:45.069+0000] {dagbag.py:537} INFO - Filling up the DagBag from /home/airflow/.local/lib/python3.7/site-packages/airflow/example_dags/tutorial.py
[2025-03-16T08:54:45.100+0000] {processor.py:766} INFO - DAG(s) dict_keys(['tutorial']) retrieved from /home/airflow/.local/lib/python3.7/site-packages/airflow/example_dags/tutorial.py
[2025-03-16T08:54:45.176+0000] {logging_mixin.py:120} INFO - [2025-03-16T08:54:45.176+0000] {dag.py:2585} INFO - Sync 1 DAGs
[2025-03-16T08:54:45.232+0000] {logging_mixin.py:120} INFO - [2025-03-16T08:54:45.232+0000] {dag.py:3340} INFO - Setting next_dagrun for tutorial to 2025-03-15T08:54:45.232222+00:00, run_after=2025-03-16T08:54:45.232222+00:00
[2025-03-16T08:54:45.267+0000] {processor.py:176} INFO - Processing /home/airflow/.local/lib/python3.7/site-packages/airflow/example_dags/tutorial.py took 0.210 seconds
[2025-03-16T08:55:15.817+0000] {processor.py:154} INFO - Started process (PID=2746) to work on /home/airflow/.local/lib/python3.7/site-packages/airflow/example_dags/tutorial.py
[2025-03-16T08:55:15.819+0000] {processor.py:756} INFO - Processing file /home/airflow/.local/lib/python3.7/site-packages/airflow/example_dags/tutorial.py for tasks to queue
[2025-03-16T08:55:15.824+0000] {logging_mixin.py:120} INFO - [2025-03-16T08:55:15.824+0000] {dagbag.py:537} INFO - Filling up the DagBag from /home/airflow/.local/lib/python3.7/site-packages/airflow/example_dags/tutorial.py
[2025-03-16T08:55:15.900+0000] {processor.py:766} INFO - DAG(s) dict_keys(['tutorial']) retrieved from /home/airflow/.local/lib/python3.7/site-packages/airflow/example_dags/tutorial.py
[2025-03-16T08:55:15.983+0000] {logging_mixin.py:120} INFO - [2025-03-16T08:55:15.983+0000] {dag.py:2585} INFO - Sync 1 DAGs
[2025-03-16T08:55:16.032+0000] {logging_mixin.py:120} INFO - [2025-03-16T08:55:16.032+0000] {dag.py:3340} INFO - Setting next_dagrun for tutorial to 2025-03-15T08:55:16.032101+00:00, run_after=2025-03-16T08:55:16.032101+00:00
[2025-03-16T08:55:16.083+0000] {processor.py:176} INFO - Processing /home/airflow/.local/lib/python3.7/site-packages/airflow/example_dags/tutorial.py took 0.283 seconds
[2025-03-16T08:55:46.864+0000] {processor.py:154} INFO - Started process (PID=2799) to work on /home/airflow/.local/lib/python3.7/site-packages/airflow/example_dags/tutorial.py
[2025-03-16T08:55:46.867+0000] {processor.py:756} INFO - Processing file /home/airflow/.local/lib/python3.7/site-packages/airflow/example_dags/tutorial.py for tasks to queue
[2025-03-16T08:55:46.868+0000] {logging_mixin.py:120} INFO - [2025-03-16T08:55:46.868+0000] {dagbag.py:537} INFO - Filling up the DagBag from /home/airflow/.local/lib/python3.7/site-packages/airflow/example_dags/tutorial.py
[2025-03-16T08:55:46.891+0000] {processor.py:766} INFO - DAG(s) dict_keys(['tutorial']) retrieved from /home/airflow/.local/lib/python3.7/site-packages/airflow/example_dags/tutorial.py
[2025-03-16T08:55:46.971+0000] {logging_mixin.py:120} INFO - [2025-03-16T08:55:46.969+0000] {dag.py:2585} INFO - Sync 1 DAGs
[2025-03-16T08:55:47.011+0000] {logging_mixin.py:120} INFO - [2025-03-16T08:55:47.011+0000] {dag.py:3340} INFO - Setting next_dagrun for tutorial to 2025-03-15T08:55:47.011535+00:00, run_after=2025-03-16T08:55:47.011535+00:00
[2025-03-16T08:55:47.035+0000] {processor.py:176} INFO - Processing /home/airflow/.local/lib/python3.7/site-packages/airflow/example_dags/tutorial.py took 0.175 seconds
[2025-03-16T08:56:17.653+0000] {processor.py:154} INFO - Started process (PID=2862) to work on /home/airflow/.local/lib/python3.7/site-packages/airflow/example_dags/tutorial.py
[2025-03-16T08:56:17.654+0000] {processor.py:756} INFO - Processing file /home/airflow/.local/lib/python3.7/site-packages/airflow/example_dags/tutorial.py for tasks to queue
[2025-03-16T08:56:17.655+0000] {logging_mixin.py:120} INFO - [2025-03-16T08:56:17.655+0000] {dagbag.py:537} INFO - Filling up the DagBag from /home/airflow/.local/lib/python3.7/site-packages/airflow/example_dags/tutorial.py
[2025-03-16T08:56:17.683+0000] {processor.py:766} INFO - DAG(s) dict_keys(['tutorial']) retrieved from /home/airflow/.local/lib/python3.7/site-packages/airflow/example_dags/tutorial.py
[2025-03-16T08:56:17.749+0000] {logging_mixin.py:120} INFO - [2025-03-16T08:56:17.749+0000] {dag.py:2585} INFO - Sync 1 DAGs
[2025-03-16T08:56:17.791+0000] {logging_mixin.py:120} INFO - [2025-03-16T08:56:17.791+0000] {dag.py:3340} INFO - Setting next_dagrun for tutorial to 2025-03-15T08:56:17.791048+00:00, run_after=2025-03-16T08:56:17.791048+00:00
[2025-03-16T08:56:17.832+0000] {processor.py:176} INFO - Processing /home/airflow/.local/lib/python3.7/site-packages/airflow/example_dags/tutorial.py took 0.185 seconds
[2025-03-16T08:56:47.997+0000] {processor.py:154} INFO - Started process (PID=2916) to work on /home/airflow/.local/lib/python3.7/site-packages/airflow/example_dags/tutorial.py
[2025-03-16T08:56:47.998+0000] {processor.py:756} INFO - Processing file /home/airflow/.local/lib/python3.7/site-packages/airflow/example_dags/tutorial.py for tasks to queue
[2025-03-16T08:56:47.999+0000] {logging_mixin.py:120} INFO - [2025-03-16T08:56:47.999+0000] {dagbag.py:537} INFO - Filling up the DagBag from /home/airflow/.local/lib/python3.7/site-packages/airflow/example_dags/tutorial.py
[2025-03-16T08:56:48.021+0000] {processor.py:766} INFO - DAG(s) dict_keys(['tutorial']) retrieved from /home/airflow/.local/lib/python3.7/site-packages/airflow/example_dags/tutorial.py
[2025-03-16T08:56:48.075+0000] {logging_mixin.py:120} INFO - [2025-03-16T08:56:48.075+0000] {dag.py:2585} INFO - Sync 1 DAGs
[2025-03-16T08:56:48.121+0000] {logging_mixin.py:120} INFO - [2025-03-16T08:56:48.121+0000] {dag.py:3340} INFO - Setting next_dagrun for tutorial to 2025-03-15T08:56:48.121448+00:00, run_after=2025-03-16T08:56:48.121448+00:00
[2025-03-16T08:56:48.147+0000] {processor.py:176} INFO - Processing /home/airflow/.local/lib/python3.7/site-packages/airflow/example_dags/tutorial.py took 0.154 seconds
