[2025-03-16T08:31:39.085+0000] {processor.py:154} INFO - Started process (PID=49) to work on /home/airflow/.local/lib/python3.7/site-packages/airflow/example_dags/tutorial_dag.py
[2025-03-16T08:31:39.086+0000] {processor.py:756} INFO - Processing file /home/airflow/.local/lib/python3.7/site-packages/airflow/example_dags/tutorial_dag.py for tasks to queue
[2025-03-16T08:31:39.093+0000] {logging_mixin.py:120} INFO - [2025-03-16T08:31:39.087+0000] {dagbag.py:537} INFO - Filling up the DagBag from /home/airflow/.local/lib/python3.7/site-packages/airflow/example_dags/tutorial_dag.py
[2025-03-16T08:31:39.152+0000] {processor.py:766} INFO - DAG(s) dict_keys(['tutorial_dag']) retrieved from /home/airflow/.local/lib/python3.7/site-packages/airflow/example_dags/tutorial_dag.py
[2025-03-16T08:31:39.633+0000] {logging_mixin.py:120} INFO - [2025-03-16T08:31:39.633+0000] {manager.py:507} INFO - Created Permission View: can read on DAG:tutorial_dag
[2025-03-16T08:31:39.686+0000] {logging_mixin.py:120} INFO - [2025-03-16T08:31:39.686+0000] {manager.py:507} INFO - Created Permission View: can edit on DAG:tutorial_dag
[2025-03-16T08:31:39.721+0000] {logging_mixin.py:120} INFO - [2025-03-16T08:31:39.721+0000] {manager.py:507} INFO - Created Permission View: can delete on DAG:tutorial_dag
[2025-03-16T08:31:39.722+0000] {logging_mixin.py:120} INFO - [2025-03-16T08:31:39.722+0000] {dag.py:2585} INFO - Sync 1 DAGs
[2025-03-16T08:31:39.779+0000] {logging_mixin.py:120} INFO - [2025-03-16T08:31:39.779+0000] {dag.py:2606} INFO - Creating ORM DAG for tutorial_dag
[2025-03-16T08:31:39.822+0000] {logging_mixin.py:120} INFO - [2025-03-16T08:31:39.821+0000] {dag.py:3340} INFO - Setting next_dagrun for tutorial_dag to None, run_after=None
[2025-03-16T08:31:39.912+0000] {processor.py:176} INFO - Processing /home/airflow/.local/lib/python3.7/site-packages/airflow/example_dags/tutorial_dag.py took 0.846 seconds
[2025-03-16T08:32:10.577+0000] {processor.py:154} INFO - Started process (PID=110) to work on /home/airflow/.local/lib/python3.7/site-packages/airflow/example_dags/tutorial_dag.py
[2025-03-16T08:32:10.581+0000] {processor.py:756} INFO - Processing file /home/airflow/.local/lib/python3.7/site-packages/airflow/example_dags/tutorial_dag.py for tasks to queue
[2025-03-16T08:32:10.582+0000] {logging_mixin.py:120} INFO - [2025-03-16T08:32:10.582+0000] {dagbag.py:537} INFO - Filling up the DagBag from /home/airflow/.local/lib/python3.7/site-packages/airflow/example_dags/tutorial_dag.py
[2025-03-16T08:32:10.630+0000] {processor.py:766} INFO - DAG(s) dict_keys(['tutorial_dag']) retrieved from /home/airflow/.local/lib/python3.7/site-packages/airflow/example_dags/tutorial_dag.py
[2025-03-16T08:32:10.749+0000] {logging_mixin.py:120} INFO - [2025-03-16T08:32:10.749+0000] {dag.py:2585} INFO - Sync 1 DAGs
[2025-03-16T08:32:10.815+0000] {logging_mixin.py:120} INFO - [2025-03-16T08:32:10.815+0000] {dag.py:3340} INFO - Setting next_dagrun for tutorial_dag to None, run_after=None
[2025-03-16T08:32:10.869+0000] {processor.py:176} INFO - Processing /home/airflow/.local/lib/python3.7/site-packages/airflow/example_dags/tutorial_dag.py took 0.310 seconds
[2025-03-16T08:32:41.363+0000] {processor.py:154} INFO - Started process (PID=167) to work on /home/airflow/.local/lib/python3.7/site-packages/airflow/example_dags/tutorial_dag.py
[2025-03-16T08:32:41.364+0000] {processor.py:756} INFO - Processing file /home/airflow/.local/lib/python3.7/site-packages/airflow/example_dags/tutorial_dag.py for tasks to queue
[2025-03-16T08:32:41.365+0000] {logging_mixin.py:120} INFO - [2025-03-16T08:32:41.365+0000] {dagbag.py:537} INFO - Filling up the DagBag from /home/airflow/.local/lib/python3.7/site-packages/airflow/example_dags/tutorial_dag.py
[2025-03-16T08:32:41.393+0000] {processor.py:766} INFO - DAG(s) dict_keys(['tutorial_dag']) retrieved from /home/airflow/.local/lib/python3.7/site-packages/airflow/example_dags/tutorial_dag.py
[2025-03-16T08:32:41.481+0000] {logging_mixin.py:120} INFO - [2025-03-16T08:32:41.481+0000] {dag.py:2585} INFO - Sync 1 DAGs
[2025-03-16T08:32:41.532+0000] {logging_mixin.py:120} INFO - [2025-03-16T08:32:41.531+0000] {dag.py:3340} INFO - Setting next_dagrun for tutorial_dag to None, run_after=None
[2025-03-16T08:32:41.565+0000] {processor.py:176} INFO - Processing /home/airflow/.local/lib/python3.7/site-packages/airflow/example_dags/tutorial_dag.py took 0.214 seconds
[2025-03-16T08:33:11.720+0000] {processor.py:154} INFO - Started process (PID=219) to work on /home/airflow/.local/lib/python3.7/site-packages/airflow/example_dags/tutorial_dag.py
[2025-03-16T08:33:11.721+0000] {processor.py:756} INFO - Processing file /home/airflow/.local/lib/python3.7/site-packages/airflow/example_dags/tutorial_dag.py for tasks to queue
[2025-03-16T08:33:11.722+0000] {logging_mixin.py:120} INFO - [2025-03-16T08:33:11.722+0000] {dagbag.py:537} INFO - Filling up the DagBag from /home/airflow/.local/lib/python3.7/site-packages/airflow/example_dags/tutorial_dag.py
[2025-03-16T08:33:11.742+0000] {processor.py:766} INFO - DAG(s) dict_keys(['tutorial_dag']) retrieved from /home/airflow/.local/lib/python3.7/site-packages/airflow/example_dags/tutorial_dag.py
[2025-03-16T08:33:11.815+0000] {logging_mixin.py:120} INFO - [2025-03-16T08:33:11.814+0000] {dag.py:2585} INFO - Sync 1 DAGs
[2025-03-16T08:33:11.887+0000] {logging_mixin.py:120} INFO - [2025-03-16T08:33:11.887+0000] {dag.py:3340} INFO - Setting next_dagrun for tutorial_dag to None, run_after=None
[2025-03-16T08:33:11.911+0000] {processor.py:176} INFO - Processing /home/airflow/.local/lib/python3.7/site-packages/airflow/example_dags/tutorial_dag.py took 0.197 seconds
[2025-03-16T08:33:42.836+0000] {processor.py:154} INFO - Started process (PID=283) to work on /home/airflow/.local/lib/python3.7/site-packages/airflow/example_dags/tutorial_dag.py
[2025-03-16T08:33:42.837+0000] {processor.py:756} INFO - Processing file /home/airflow/.local/lib/python3.7/site-packages/airflow/example_dags/tutorial_dag.py for tasks to queue
[2025-03-16T08:33:42.838+0000] {logging_mixin.py:120} INFO - [2025-03-16T08:33:42.838+0000] {dagbag.py:537} INFO - Filling up the DagBag from /home/airflow/.local/lib/python3.7/site-packages/airflow/example_dags/tutorial_dag.py
[2025-03-16T08:33:42.864+0000] {processor.py:766} INFO - DAG(s) dict_keys(['tutorial_dag']) retrieved from /home/airflow/.local/lib/python3.7/site-packages/airflow/example_dags/tutorial_dag.py
[2025-03-16T08:33:42.935+0000] {logging_mixin.py:120} INFO - [2025-03-16T08:33:42.935+0000] {dag.py:2585} INFO - Sync 1 DAGs
[2025-03-16T08:33:42.982+0000] {logging_mixin.py:120} INFO - [2025-03-16T08:33:42.982+0000] {dag.py:3340} INFO - Setting next_dagrun for tutorial_dag to None, run_after=None
[2025-03-16T08:33:43.015+0000] {processor.py:176} INFO - Processing /home/airflow/.local/lib/python3.7/site-packages/airflow/example_dags/tutorial_dag.py took 0.190 seconds
[2025-03-16T08:34:13.562+0000] {processor.py:154} INFO - Started process (PID=338) to work on /home/airflow/.local/lib/python3.7/site-packages/airflow/example_dags/tutorial_dag.py
[2025-03-16T08:34:13.564+0000] {processor.py:756} INFO - Processing file /home/airflow/.local/lib/python3.7/site-packages/airflow/example_dags/tutorial_dag.py for tasks to queue
[2025-03-16T08:34:13.565+0000] {logging_mixin.py:120} INFO - [2025-03-16T08:34:13.565+0000] {dagbag.py:537} INFO - Filling up the DagBag from /home/airflow/.local/lib/python3.7/site-packages/airflow/example_dags/tutorial_dag.py
[2025-03-16T08:34:13.588+0000] {processor.py:766} INFO - DAG(s) dict_keys(['tutorial_dag']) retrieved from /home/airflow/.local/lib/python3.7/site-packages/airflow/example_dags/tutorial_dag.py
[2025-03-16T08:34:13.685+0000] {logging_mixin.py:120} INFO - [2025-03-16T08:34:13.685+0000] {dag.py:2585} INFO - Sync 1 DAGs
[2025-03-16T08:34:13.742+0000] {logging_mixin.py:120} INFO - [2025-03-16T08:34:13.741+0000] {dag.py:3340} INFO - Setting next_dagrun for tutorial_dag to None, run_after=None
[2025-03-16T08:34:13.793+0000] {processor.py:176} INFO - Processing /home/airflow/.local/lib/python3.7/site-packages/airflow/example_dags/tutorial_dag.py took 0.240 seconds
[2025-03-16T08:34:44.634+0000] {processor.py:154} INFO - Started process (PID=400) to work on /home/airflow/.local/lib/python3.7/site-packages/airflow/example_dags/tutorial_dag.py
[2025-03-16T08:34:44.638+0000] {processor.py:756} INFO - Processing file /home/airflow/.local/lib/python3.7/site-packages/airflow/example_dags/tutorial_dag.py for tasks to queue
[2025-03-16T08:34:44.648+0000] {logging_mixin.py:120} INFO - [2025-03-16T08:34:44.648+0000] {dagbag.py:537} INFO - Filling up the DagBag from /home/airflow/.local/lib/python3.7/site-packages/airflow/example_dags/tutorial_dag.py
[2025-03-16T08:34:44.683+0000] {processor.py:766} INFO - DAG(s) dict_keys(['tutorial_dag']) retrieved from /home/airflow/.local/lib/python3.7/site-packages/airflow/example_dags/tutorial_dag.py
[2025-03-16T08:34:44.749+0000] {logging_mixin.py:120} INFO - [2025-03-16T08:34:44.749+0000] {dag.py:2585} INFO - Sync 1 DAGs
[2025-03-16T08:34:44.793+0000] {logging_mixin.py:120} INFO - [2025-03-16T08:34:44.793+0000] {dag.py:3340} INFO - Setting next_dagrun for tutorial_dag to None, run_after=None
[2025-03-16T08:34:44.824+0000] {processor.py:176} INFO - Processing /home/airflow/.local/lib/python3.7/site-packages/airflow/example_dags/tutorial_dag.py took 0.205 seconds
[2025-03-16T08:35:14.995+0000] {processor.py:154} INFO - Started process (PID=453) to work on /home/airflow/.local/lib/python3.7/site-packages/airflow/example_dags/tutorial_dag.py
[2025-03-16T08:35:15.002+0000] {processor.py:756} INFO - Processing file /home/airflow/.local/lib/python3.7/site-packages/airflow/example_dags/tutorial_dag.py for tasks to queue
[2025-03-16T08:35:15.002+0000] {logging_mixin.py:120} INFO - [2025-03-16T08:35:15.002+0000] {dagbag.py:537} INFO - Filling up the DagBag from /home/airflow/.local/lib/python3.7/site-packages/airflow/example_dags/tutorial_dag.py
[2025-03-16T08:35:15.020+0000] {processor.py:766} INFO - DAG(s) dict_keys(['tutorial_dag']) retrieved from /home/airflow/.local/lib/python3.7/site-packages/airflow/example_dags/tutorial_dag.py
[2025-03-16T08:35:15.071+0000] {logging_mixin.py:120} INFO - [2025-03-16T08:35:15.071+0000] {dag.py:2585} INFO - Sync 1 DAGs
[2025-03-16T08:35:15.102+0000] {logging_mixin.py:120} INFO - [2025-03-16T08:35:15.102+0000] {dag.py:3340} INFO - Setting next_dagrun for tutorial_dag to None, run_after=None
[2025-03-16T08:35:15.126+0000] {processor.py:176} INFO - Processing /home/airflow/.local/lib/python3.7/site-packages/airflow/example_dags/tutorial_dag.py took 0.136 seconds
[2025-03-16T08:35:45.634+0000] {processor.py:154} INFO - Started process (PID=516) to work on /home/airflow/.local/lib/python3.7/site-packages/airflow/example_dags/tutorial_dag.py
[2025-03-16T08:35:45.639+0000] {processor.py:756} INFO - Processing file /home/airflow/.local/lib/python3.7/site-packages/airflow/example_dags/tutorial_dag.py for tasks to queue
[2025-03-16T08:35:45.640+0000] {logging_mixin.py:120} INFO - [2025-03-16T08:35:45.640+0000] {dagbag.py:537} INFO - Filling up the DagBag from /home/airflow/.local/lib/python3.7/site-packages/airflow/example_dags/tutorial_dag.py
[2025-03-16T08:35:45.672+0000] {processor.py:766} INFO - DAG(s) dict_keys(['tutorial_dag']) retrieved from /home/airflow/.local/lib/python3.7/site-packages/airflow/example_dags/tutorial_dag.py
[2025-03-16T08:35:45.764+0000] {logging_mixin.py:120} INFO - [2025-03-16T08:35:45.763+0000] {dag.py:2585} INFO - Sync 1 DAGs
[2025-03-16T08:35:45.819+0000] {logging_mixin.py:120} INFO - [2025-03-16T08:35:45.819+0000] {dag.py:3340} INFO - Setting next_dagrun for tutorial_dag to None, run_after=None
[2025-03-16T08:35:45.852+0000] {processor.py:176} INFO - Processing /home/airflow/.local/lib/python3.7/site-packages/airflow/example_dags/tutorial_dag.py took 0.239 seconds
[2025-03-16T08:36:16.545+0000] {processor.py:154} INFO - Started process (PID=571) to work on /home/airflow/.local/lib/python3.7/site-packages/airflow/example_dags/tutorial_dag.py
[2025-03-16T08:36:16.547+0000] {processor.py:756} INFO - Processing file /home/airflow/.local/lib/python3.7/site-packages/airflow/example_dags/tutorial_dag.py for tasks to queue
[2025-03-16T08:36:16.548+0000] {logging_mixin.py:120} INFO - [2025-03-16T08:36:16.547+0000] {dagbag.py:537} INFO - Filling up the DagBag from /home/airflow/.local/lib/python3.7/site-packages/airflow/example_dags/tutorial_dag.py
[2025-03-16T08:36:16.579+0000] {processor.py:766} INFO - DAG(s) dict_keys(['tutorial_dag']) retrieved from /home/airflow/.local/lib/python3.7/site-packages/airflow/example_dags/tutorial_dag.py
[2025-03-16T08:36:16.676+0000] {logging_mixin.py:120} INFO - [2025-03-16T08:36:16.676+0000] {dag.py:2585} INFO - Sync 1 DAGs
[2025-03-16T08:36:16.727+0000] {logging_mixin.py:120} INFO - [2025-03-16T08:36:16.727+0000] {dag.py:3340} INFO - Setting next_dagrun for tutorial_dag to None, run_after=None
[2025-03-16T08:36:16.768+0000] {processor.py:176} INFO - Processing /home/airflow/.local/lib/python3.7/site-packages/airflow/example_dags/tutorial_dag.py took 0.232 seconds
[2025-03-16T08:36:46.988+0000] {processor.py:154} INFO - Started process (PID=633) to work on /home/airflow/.local/lib/python3.7/site-packages/airflow/example_dags/tutorial_dag.py
[2025-03-16T08:36:46.989+0000] {processor.py:756} INFO - Processing file /home/airflow/.local/lib/python3.7/site-packages/airflow/example_dags/tutorial_dag.py for tasks to queue
[2025-03-16T08:36:46.989+0000] {logging_mixin.py:120} INFO - [2025-03-16T08:36:46.989+0000] {dagbag.py:537} INFO - Filling up the DagBag from /home/airflow/.local/lib/python3.7/site-packages/airflow/example_dags/tutorial_dag.py
[2025-03-16T08:36:47.007+0000] {processor.py:766} INFO - DAG(s) dict_keys(['tutorial_dag']) retrieved from /home/airflow/.local/lib/python3.7/site-packages/airflow/example_dags/tutorial_dag.py
[2025-03-16T08:36:47.053+0000] {logging_mixin.py:120} INFO - [2025-03-16T08:36:47.053+0000] {dag.py:2585} INFO - Sync 1 DAGs
[2025-03-16T08:36:47.082+0000] {logging_mixin.py:120} INFO - [2025-03-16T08:36:47.082+0000] {dag.py:3340} INFO - Setting next_dagrun for tutorial_dag to None, run_after=None
[2025-03-16T08:36:47.102+0000] {processor.py:176} INFO - Processing /home/airflow/.local/lib/python3.7/site-packages/airflow/example_dags/tutorial_dag.py took 0.119 seconds
[2025-03-16T08:37:17.949+0000] {processor.py:154} INFO - Started process (PID=687) to work on /home/airflow/.local/lib/python3.7/site-packages/airflow/example_dags/tutorial_dag.py
[2025-03-16T08:37:17.951+0000] {processor.py:756} INFO - Processing file /home/airflow/.local/lib/python3.7/site-packages/airflow/example_dags/tutorial_dag.py for tasks to queue
[2025-03-16T08:37:17.952+0000] {logging_mixin.py:120} INFO - [2025-03-16T08:37:17.952+0000] {dagbag.py:537} INFO - Filling up the DagBag from /home/airflow/.local/lib/python3.7/site-packages/airflow/example_dags/tutorial_dag.py
[2025-03-16T08:37:17.997+0000] {processor.py:766} INFO - DAG(s) dict_keys(['tutorial_dag']) retrieved from /home/airflow/.local/lib/python3.7/site-packages/airflow/example_dags/tutorial_dag.py
[2025-03-16T08:37:18.074+0000] {logging_mixin.py:120} INFO - [2025-03-16T08:37:18.074+0000] {dag.py:2585} INFO - Sync 1 DAGs
[2025-03-16T08:37:18.127+0000] {logging_mixin.py:120} INFO - [2025-03-16T08:37:18.126+0000] {dag.py:3340} INFO - Setting next_dagrun for tutorial_dag to None, run_after=None
[2025-03-16T08:37:18.161+0000] {processor.py:176} INFO - Processing /home/airflow/.local/lib/python3.7/site-packages/airflow/example_dags/tutorial_dag.py took 0.218 seconds
[2025-03-16T08:37:48.263+0000] {processor.py:154} INFO - Started process (PID=749) to work on /home/airflow/.local/lib/python3.7/site-packages/airflow/example_dags/tutorial_dag.py
[2025-03-16T08:37:48.264+0000] {processor.py:756} INFO - Processing file /home/airflow/.local/lib/python3.7/site-packages/airflow/example_dags/tutorial_dag.py for tasks to queue
[2025-03-16T08:37:48.264+0000] {logging_mixin.py:120} INFO - [2025-03-16T08:37:48.264+0000] {dagbag.py:537} INFO - Filling up the DagBag from /home/airflow/.local/lib/python3.7/site-packages/airflow/example_dags/tutorial_dag.py
[2025-03-16T08:37:48.280+0000] {processor.py:766} INFO - DAG(s) dict_keys(['tutorial_dag']) retrieved from /home/airflow/.local/lib/python3.7/site-packages/airflow/example_dags/tutorial_dag.py
[2025-03-16T08:37:48.339+0000] {logging_mixin.py:120} INFO - [2025-03-16T08:37:48.338+0000] {dag.py:2585} INFO - Sync 1 DAGs
[2025-03-16T08:37:48.375+0000] {logging_mixin.py:120} INFO - [2025-03-16T08:37:48.375+0000] {dag.py:3340} INFO - Setting next_dagrun for tutorial_dag to None, run_after=None
[2025-03-16T08:37:48.400+0000] {processor.py:176} INFO - Processing /home/airflow/.local/lib/python3.7/site-packages/airflow/example_dags/tutorial_dag.py took 0.142 seconds
[2025-03-16T08:38:19.067+0000] {processor.py:154} INFO - Started process (PID=804) to work on /home/airflow/.local/lib/python3.7/site-packages/airflow/example_dags/tutorial_dag.py
[2025-03-16T08:38:19.070+0000] {processor.py:756} INFO - Processing file /home/airflow/.local/lib/python3.7/site-packages/airflow/example_dags/tutorial_dag.py for tasks to queue
[2025-03-16T08:38:19.071+0000] {logging_mixin.py:120} INFO - [2025-03-16T08:38:19.071+0000] {dagbag.py:537} INFO - Filling up the DagBag from /home/airflow/.local/lib/python3.7/site-packages/airflow/example_dags/tutorial_dag.py
[2025-03-16T08:38:19.092+0000] {processor.py:766} INFO - DAG(s) dict_keys(['tutorial_dag']) retrieved from /home/airflow/.local/lib/python3.7/site-packages/airflow/example_dags/tutorial_dag.py
[2025-03-16T08:38:19.155+0000] {logging_mixin.py:120} INFO - [2025-03-16T08:38:19.155+0000] {dag.py:2585} INFO - Sync 1 DAGs
[2025-03-16T08:38:19.196+0000] {logging_mixin.py:120} INFO - [2025-03-16T08:38:19.196+0000] {dag.py:3340} INFO - Setting next_dagrun for tutorial_dag to None, run_after=None
[2025-03-16T08:38:19.223+0000] {processor.py:176} INFO - Processing /home/airflow/.local/lib/python3.7/site-packages/airflow/example_dags/tutorial_dag.py took 0.163 seconds
[2025-03-16T08:38:49.816+0000] {processor.py:154} INFO - Started process (PID=867) to work on /home/airflow/.local/lib/python3.7/site-packages/airflow/example_dags/tutorial_dag.py
[2025-03-16T08:38:49.818+0000] {processor.py:756} INFO - Processing file /home/airflow/.local/lib/python3.7/site-packages/airflow/example_dags/tutorial_dag.py for tasks to queue
[2025-03-16T08:38:49.819+0000] {logging_mixin.py:120} INFO - [2025-03-16T08:38:49.819+0000] {dagbag.py:537} INFO - Filling up the DagBag from /home/airflow/.local/lib/python3.7/site-packages/airflow/example_dags/tutorial_dag.py
[2025-03-16T08:38:49.863+0000] {processor.py:766} INFO - DAG(s) dict_keys(['tutorial_dag']) retrieved from /home/airflow/.local/lib/python3.7/site-packages/airflow/example_dags/tutorial_dag.py
[2025-03-16T08:38:49.920+0000] {logging_mixin.py:120} INFO - [2025-03-16T08:38:49.919+0000] {dag.py:2585} INFO - Sync 1 DAGs
[2025-03-16T08:38:49.953+0000] {logging_mixin.py:120} INFO - [2025-03-16T08:38:49.953+0000] {dag.py:3340} INFO - Setting next_dagrun for tutorial_dag to None, run_after=None
[2025-03-16T08:38:49.975+0000] {processor.py:176} INFO - Processing /home/airflow/.local/lib/python3.7/site-packages/airflow/example_dags/tutorial_dag.py took 0.164 seconds
[2025-03-16T08:39:20.497+0000] {processor.py:154} INFO - Started process (PID=921) to work on /home/airflow/.local/lib/python3.7/site-packages/airflow/example_dags/tutorial_dag.py
[2025-03-16T08:39:20.499+0000] {processor.py:756} INFO - Processing file /home/airflow/.local/lib/python3.7/site-packages/airflow/example_dags/tutorial_dag.py for tasks to queue
[2025-03-16T08:39:20.501+0000] {logging_mixin.py:120} INFO - [2025-03-16T08:39:20.500+0000] {dagbag.py:537} INFO - Filling up the DagBag from /home/airflow/.local/lib/python3.7/site-packages/airflow/example_dags/tutorial_dag.py
[2025-03-16T08:39:20.522+0000] {processor.py:766} INFO - DAG(s) dict_keys(['tutorial_dag']) retrieved from /home/airflow/.local/lib/python3.7/site-packages/airflow/example_dags/tutorial_dag.py
[2025-03-16T08:39:20.614+0000] {logging_mixin.py:120} INFO - [2025-03-16T08:39:20.614+0000] {dag.py:2585} INFO - Sync 1 DAGs
[2025-03-16T08:39:20.661+0000] {logging_mixin.py:120} INFO - [2025-03-16T08:39:20.661+0000] {dag.py:3340} INFO - Setting next_dagrun for tutorial_dag to None, run_after=None
[2025-03-16T08:39:20.685+0000] {processor.py:176} INFO - Processing /home/airflow/.local/lib/python3.7/site-packages/airflow/example_dags/tutorial_dag.py took 0.196 seconds
[2025-03-16T08:39:51.024+0000] {processor.py:154} INFO - Started process (PID=982) to work on /home/airflow/.local/lib/python3.7/site-packages/airflow/example_dags/tutorial_dag.py
[2025-03-16T08:39:51.025+0000] {processor.py:756} INFO - Processing file /home/airflow/.local/lib/python3.7/site-packages/airflow/example_dags/tutorial_dag.py for tasks to queue
[2025-03-16T08:39:51.026+0000] {logging_mixin.py:120} INFO - [2025-03-16T08:39:51.026+0000] {dagbag.py:537} INFO - Filling up the DagBag from /home/airflow/.local/lib/python3.7/site-packages/airflow/example_dags/tutorial_dag.py
[2025-03-16T08:39:51.052+0000] {processor.py:766} INFO - DAG(s) dict_keys(['tutorial_dag']) retrieved from /home/airflow/.local/lib/python3.7/site-packages/airflow/example_dags/tutorial_dag.py
[2025-03-16T08:39:51.139+0000] {logging_mixin.py:120} INFO - [2025-03-16T08:39:51.138+0000] {dag.py:2585} INFO - Sync 1 DAGs
[2025-03-16T08:39:51.192+0000] {logging_mixin.py:120} INFO - [2025-03-16T08:39:51.191+0000] {dag.py:3340} INFO - Setting next_dagrun for tutorial_dag to None, run_after=None
[2025-03-16T08:39:51.228+0000] {processor.py:176} INFO - Processing /home/airflow/.local/lib/python3.7/site-packages/airflow/example_dags/tutorial_dag.py took 0.211 seconds
[2025-03-16T08:40:21.767+0000] {processor.py:154} INFO - Started process (PID=1038) to work on /home/airflow/.local/lib/python3.7/site-packages/airflow/example_dags/tutorial_dag.py
[2025-03-16T08:40:21.768+0000] {processor.py:756} INFO - Processing file /home/airflow/.local/lib/python3.7/site-packages/airflow/example_dags/tutorial_dag.py for tasks to queue
[2025-03-16T08:40:21.768+0000] {logging_mixin.py:120} INFO - [2025-03-16T08:40:21.768+0000] {dagbag.py:537} INFO - Filling up the DagBag from /home/airflow/.local/lib/python3.7/site-packages/airflow/example_dags/tutorial_dag.py
[2025-03-16T08:40:21.786+0000] {processor.py:766} INFO - DAG(s) dict_keys(['tutorial_dag']) retrieved from /home/airflow/.local/lib/python3.7/site-packages/airflow/example_dags/tutorial_dag.py
[2025-03-16T08:40:21.913+0000] {logging_mixin.py:120} INFO - [2025-03-16T08:40:21.913+0000] {dag.py:2585} INFO - Sync 1 DAGs
[2025-03-16T08:40:21.977+0000] {logging_mixin.py:120} INFO - [2025-03-16T08:40:21.977+0000] {dag.py:3340} INFO - Setting next_dagrun for tutorial_dag to None, run_after=None
[2025-03-16T08:40:22.027+0000] {processor.py:176} INFO - Processing /home/airflow/.local/lib/python3.7/site-packages/airflow/example_dags/tutorial_dag.py took 0.265 seconds
[2025-03-16T08:40:52.094+0000] {processor.py:154} INFO - Started process (PID=1092) to work on /home/airflow/.local/lib/python3.7/site-packages/airflow/example_dags/tutorial_dag.py
[2025-03-16T08:40:52.097+0000] {processor.py:756} INFO - Processing file /home/airflow/.local/lib/python3.7/site-packages/airflow/example_dags/tutorial_dag.py for tasks to queue
[2025-03-16T08:40:52.097+0000] {logging_mixin.py:120} INFO - [2025-03-16T08:40:52.097+0000] {dagbag.py:537} INFO - Filling up the DagBag from /home/airflow/.local/lib/python3.7/site-packages/airflow/example_dags/tutorial_dag.py
[2025-03-16T08:40:52.116+0000] {processor.py:766} INFO - DAG(s) dict_keys(['tutorial_dag']) retrieved from /home/airflow/.local/lib/python3.7/site-packages/airflow/example_dags/tutorial_dag.py
[2025-03-16T08:40:52.189+0000] {logging_mixin.py:120} INFO - [2025-03-16T08:40:52.188+0000] {dag.py:2585} INFO - Sync 1 DAGs
[2025-03-16T08:40:52.222+0000] {logging_mixin.py:120} INFO - [2025-03-16T08:40:52.222+0000] {dag.py:3340} INFO - Setting next_dagrun for tutorial_dag to None, run_after=None
[2025-03-16T08:40:52.248+0000] {processor.py:176} INFO - Processing /home/airflow/.local/lib/python3.7/site-packages/airflow/example_dags/tutorial_dag.py took 0.159 seconds
[2025-03-16T08:41:23.047+0000] {processor.py:154} INFO - Started process (PID=1155) to work on /home/airflow/.local/lib/python3.7/site-packages/airflow/example_dags/tutorial_dag.py
[2025-03-16T08:41:23.048+0000] {processor.py:756} INFO - Processing file /home/airflow/.local/lib/python3.7/site-packages/airflow/example_dags/tutorial_dag.py for tasks to queue
[2025-03-16T08:41:23.049+0000] {logging_mixin.py:120} INFO - [2025-03-16T08:41:23.049+0000] {dagbag.py:537} INFO - Filling up the DagBag from /home/airflow/.local/lib/python3.7/site-packages/airflow/example_dags/tutorial_dag.py
[2025-03-16T08:41:23.101+0000] {processor.py:766} INFO - DAG(s) dict_keys(['tutorial_dag']) retrieved from /home/airflow/.local/lib/python3.7/site-packages/airflow/example_dags/tutorial_dag.py
[2025-03-16T08:41:23.159+0000] {logging_mixin.py:120} INFO - [2025-03-16T08:41:23.159+0000] {dag.py:2585} INFO - Sync 1 DAGs
[2025-03-16T08:41:23.190+0000] {logging_mixin.py:120} INFO - [2025-03-16T08:41:23.190+0000] {dag.py:3340} INFO - Setting next_dagrun for tutorial_dag to None, run_after=None
[2025-03-16T08:41:23.217+0000] {processor.py:176} INFO - Processing /home/airflow/.local/lib/python3.7/site-packages/airflow/example_dags/tutorial_dag.py took 0.175 seconds
[2025-03-16T08:41:53.464+0000] {processor.py:154} INFO - Started process (PID=1209) to work on /home/airflow/.local/lib/python3.7/site-packages/airflow/example_dags/tutorial_dag.py
[2025-03-16T08:41:53.465+0000] {processor.py:756} INFO - Processing file /home/airflow/.local/lib/python3.7/site-packages/airflow/example_dags/tutorial_dag.py for tasks to queue
[2025-03-16T08:41:53.466+0000] {logging_mixin.py:120} INFO - [2025-03-16T08:41:53.466+0000] {dagbag.py:537} INFO - Filling up the DagBag from /home/airflow/.local/lib/python3.7/site-packages/airflow/example_dags/tutorial_dag.py
[2025-03-16T08:41:53.485+0000] {processor.py:766} INFO - DAG(s) dict_keys(['tutorial_dag']) retrieved from /home/airflow/.local/lib/python3.7/site-packages/airflow/example_dags/tutorial_dag.py
[2025-03-16T08:41:53.538+0000] {logging_mixin.py:120} INFO - [2025-03-16T08:41:53.538+0000] {dag.py:2585} INFO - Sync 1 DAGs
[2025-03-16T08:41:53.571+0000] {logging_mixin.py:120} INFO - [2025-03-16T08:41:53.571+0000] {dag.py:3340} INFO - Setting next_dagrun for tutorial_dag to None, run_after=None
[2025-03-16T08:41:53.598+0000] {processor.py:176} INFO - Processing /home/airflow/.local/lib/python3.7/site-packages/airflow/example_dags/tutorial_dag.py took 0.139 seconds
[2025-03-16T08:42:24.175+0000] {processor.py:154} INFO - Started process (PID=1272) to work on /home/airflow/.local/lib/python3.7/site-packages/airflow/example_dags/tutorial_dag.py
[2025-03-16T08:42:24.177+0000] {processor.py:756} INFO - Processing file /home/airflow/.local/lib/python3.7/site-packages/airflow/example_dags/tutorial_dag.py for tasks to queue
[2025-03-16T08:42:24.178+0000] {logging_mixin.py:120} INFO - [2025-03-16T08:42:24.178+0000] {dagbag.py:537} INFO - Filling up the DagBag from /home/airflow/.local/lib/python3.7/site-packages/airflow/example_dags/tutorial_dag.py
[2025-03-16T08:42:24.194+0000] {processor.py:766} INFO - DAG(s) dict_keys(['tutorial_dag']) retrieved from /home/airflow/.local/lib/python3.7/site-packages/airflow/example_dags/tutorial_dag.py
[2025-03-16T08:42:24.247+0000] {logging_mixin.py:120} INFO - [2025-03-16T08:42:24.247+0000] {dag.py:2585} INFO - Sync 1 DAGs
[2025-03-16T08:42:24.277+0000] {logging_mixin.py:120} INFO - [2025-03-16T08:42:24.277+0000] {dag.py:3340} INFO - Setting next_dagrun for tutorial_dag to None, run_after=None
[2025-03-16T08:42:24.304+0000] {processor.py:176} INFO - Processing /home/airflow/.local/lib/python3.7/site-packages/airflow/example_dags/tutorial_dag.py took 0.137 seconds
[2025-03-16T08:42:54.478+0000] {processor.py:154} INFO - Started process (PID=1326) to work on /home/airflow/.local/lib/python3.7/site-packages/airflow/example_dags/tutorial_dag.py
[2025-03-16T08:42:54.479+0000] {processor.py:756} INFO - Processing file /home/airflow/.local/lib/python3.7/site-packages/airflow/example_dags/tutorial_dag.py for tasks to queue
[2025-03-16T08:42:54.481+0000] {logging_mixin.py:120} INFO - [2025-03-16T08:42:54.480+0000] {dagbag.py:537} INFO - Filling up the DagBag from /home/airflow/.local/lib/python3.7/site-packages/airflow/example_dags/tutorial_dag.py
[2025-03-16T08:42:54.504+0000] {processor.py:766} INFO - DAG(s) dict_keys(['tutorial_dag']) retrieved from /home/airflow/.local/lib/python3.7/site-packages/airflow/example_dags/tutorial_dag.py
[2025-03-16T08:42:54.570+0000] {logging_mixin.py:120} INFO - [2025-03-16T08:42:54.570+0000] {dag.py:2585} INFO - Sync 1 DAGs
[2025-03-16T08:42:54.614+0000] {logging_mixin.py:120} INFO - [2025-03-16T08:42:54.614+0000] {dag.py:3340} INFO - Setting next_dagrun for tutorial_dag to None, run_after=None
[2025-03-16T08:42:54.644+0000] {processor.py:176} INFO - Processing /home/airflow/.local/lib/python3.7/site-packages/airflow/example_dags/tutorial_dag.py took 0.171 seconds
[2025-03-16T08:43:25.266+0000] {processor.py:154} INFO - Started process (PID=1389) to work on /home/airflow/.local/lib/python3.7/site-packages/airflow/example_dags/tutorial_dag.py
[2025-03-16T08:43:25.268+0000] {processor.py:756} INFO - Processing file /home/airflow/.local/lib/python3.7/site-packages/airflow/example_dags/tutorial_dag.py for tasks to queue
[2025-03-16T08:43:25.269+0000] {logging_mixin.py:120} INFO - [2025-03-16T08:43:25.269+0000] {dagbag.py:537} INFO - Filling up the DagBag from /home/airflow/.local/lib/python3.7/site-packages/airflow/example_dags/tutorial_dag.py
[2025-03-16T08:43:25.291+0000] {processor.py:766} INFO - DAG(s) dict_keys(['tutorial_dag']) retrieved from /home/airflow/.local/lib/python3.7/site-packages/airflow/example_dags/tutorial_dag.py
[2025-03-16T08:43:25.358+0000] {logging_mixin.py:120} INFO - [2025-03-16T08:43:25.358+0000] {dag.py:2585} INFO - Sync 1 DAGs
[2025-03-16T08:43:25.399+0000] {logging_mixin.py:120} INFO - [2025-03-16T08:43:25.399+0000] {dag.py:3340} INFO - Setting next_dagrun for tutorial_dag to None, run_after=None
[2025-03-16T08:43:25.422+0000] {processor.py:176} INFO - Processing /home/airflow/.local/lib/python3.7/site-packages/airflow/example_dags/tutorial_dag.py took 0.161 seconds
[2025-03-16T08:43:55.780+0000] {processor.py:154} INFO - Started process (PID=1443) to work on /home/airflow/.local/lib/python3.7/site-packages/airflow/example_dags/tutorial_dag.py
[2025-03-16T08:43:55.781+0000] {processor.py:756} INFO - Processing file /home/airflow/.local/lib/python3.7/site-packages/airflow/example_dags/tutorial_dag.py for tasks to queue
[2025-03-16T08:43:55.783+0000] {logging_mixin.py:120} INFO - [2025-03-16T08:43:55.783+0000] {dagbag.py:537} INFO - Filling up the DagBag from /home/airflow/.local/lib/python3.7/site-packages/airflow/example_dags/tutorial_dag.py
[2025-03-16T08:43:55.809+0000] {processor.py:766} INFO - DAG(s) dict_keys(['tutorial_dag']) retrieved from /home/airflow/.local/lib/python3.7/site-packages/airflow/example_dags/tutorial_dag.py
[2025-03-16T08:43:55.892+0000] {logging_mixin.py:120} INFO - [2025-03-16T08:43:55.892+0000] {dag.py:2585} INFO - Sync 1 DAGs
[2025-03-16T08:43:55.946+0000] {logging_mixin.py:120} INFO - [2025-03-16T08:43:55.945+0000] {dag.py:3340} INFO - Setting next_dagrun for tutorial_dag to None, run_after=None
[2025-03-16T08:43:55.976+0000] {processor.py:176} INFO - Processing /home/airflow/.local/lib/python3.7/site-packages/airflow/example_dags/tutorial_dag.py took 0.201 seconds
[2025-03-16T08:44:26.784+0000] {processor.py:154} INFO - Started process (PID=1507) to work on /home/airflow/.local/lib/python3.7/site-packages/airflow/example_dags/tutorial_dag.py
[2025-03-16T08:44:26.786+0000] {processor.py:756} INFO - Processing file /home/airflow/.local/lib/python3.7/site-packages/airflow/example_dags/tutorial_dag.py for tasks to queue
[2025-03-16T08:44:26.788+0000] {logging_mixin.py:120} INFO - [2025-03-16T08:44:26.787+0000] {dagbag.py:537} INFO - Filling up the DagBag from /home/airflow/.local/lib/python3.7/site-packages/airflow/example_dags/tutorial_dag.py
[2025-03-16T08:44:26.812+0000] {processor.py:766} INFO - DAG(s) dict_keys(['tutorial_dag']) retrieved from /home/airflow/.local/lib/python3.7/site-packages/airflow/example_dags/tutorial_dag.py
[2025-03-16T08:44:26.893+0000] {logging_mixin.py:120} INFO - [2025-03-16T08:44:26.893+0000] {dag.py:2585} INFO - Sync 1 DAGs
[2025-03-16T08:44:26.944+0000] {logging_mixin.py:120} INFO - [2025-03-16T08:44:26.944+0000] {dag.py:3340} INFO - Setting next_dagrun for tutorial_dag to None, run_after=None
[2025-03-16T08:44:27.004+0000] {processor.py:176} INFO - Processing /home/airflow/.local/lib/python3.7/site-packages/airflow/example_dags/tutorial_dag.py took 0.232 seconds
[2025-03-16T08:44:57.301+0000] {processor.py:154} INFO - Started process (PID=1561) to work on /home/airflow/.local/lib/python3.7/site-packages/airflow/example_dags/tutorial_dag.py
[2025-03-16T08:44:57.303+0000] {processor.py:756} INFO - Processing file /home/airflow/.local/lib/python3.7/site-packages/airflow/example_dags/tutorial_dag.py for tasks to queue
[2025-03-16T08:44:57.304+0000] {logging_mixin.py:120} INFO - [2025-03-16T08:44:57.304+0000] {dagbag.py:537} INFO - Filling up the DagBag from /home/airflow/.local/lib/python3.7/site-packages/airflow/example_dags/tutorial_dag.py
[2025-03-16T08:44:57.328+0000] {processor.py:766} INFO - DAG(s) dict_keys(['tutorial_dag']) retrieved from /home/airflow/.local/lib/python3.7/site-packages/airflow/example_dags/tutorial_dag.py
[2025-03-16T08:44:57.421+0000] {logging_mixin.py:120} INFO - [2025-03-16T08:44:57.421+0000] {dag.py:2585} INFO - Sync 1 DAGs
[2025-03-16T08:44:57.483+0000] {logging_mixin.py:120} INFO - [2025-03-16T08:44:57.481+0000] {dag.py:3340} INFO - Setting next_dagrun for tutorial_dag to None, run_after=None
[2025-03-16T08:44:57.521+0000] {processor.py:176} INFO - Processing /home/airflow/.local/lib/python3.7/site-packages/airflow/example_dags/tutorial_dag.py took 0.226 seconds
[2025-03-16T08:45:28.518+0000] {processor.py:154} INFO - Started process (PID=1624) to work on /home/airflow/.local/lib/python3.7/site-packages/airflow/example_dags/tutorial_dag.py
[2025-03-16T08:45:28.519+0000] {processor.py:756} INFO - Processing file /home/airflow/.local/lib/python3.7/site-packages/airflow/example_dags/tutorial_dag.py for tasks to queue
[2025-03-16T08:45:28.520+0000] {logging_mixin.py:120} INFO - [2025-03-16T08:45:28.520+0000] {dagbag.py:537} INFO - Filling up the DagBag from /home/airflow/.local/lib/python3.7/site-packages/airflow/example_dags/tutorial_dag.py
[2025-03-16T08:45:28.542+0000] {processor.py:766} INFO - DAG(s) dict_keys(['tutorial_dag']) retrieved from /home/airflow/.local/lib/python3.7/site-packages/airflow/example_dags/tutorial_dag.py
[2025-03-16T08:45:28.614+0000] {logging_mixin.py:120} INFO - [2025-03-16T08:45:28.614+0000] {dag.py:2585} INFO - Sync 1 DAGs
[2025-03-16T08:45:28.661+0000] {logging_mixin.py:120} INFO - [2025-03-16T08:45:28.661+0000] {dag.py:3340} INFO - Setting next_dagrun for tutorial_dag to None, run_after=None
[2025-03-16T08:45:28.694+0000] {processor.py:176} INFO - Processing /home/airflow/.local/lib/python3.7/site-packages/airflow/example_dags/tutorial_dag.py took 0.182 seconds
[2025-03-16T08:45:58.972+0000] {processor.py:154} INFO - Started process (PID=1678) to work on /home/airflow/.local/lib/python3.7/site-packages/airflow/example_dags/tutorial_dag.py
[2025-03-16T08:45:58.973+0000] {processor.py:756} INFO - Processing file /home/airflow/.local/lib/python3.7/site-packages/airflow/example_dags/tutorial_dag.py for tasks to queue
[2025-03-16T08:45:58.974+0000] {logging_mixin.py:120} INFO - [2025-03-16T08:45:58.974+0000] {dagbag.py:537} INFO - Filling up the DagBag from /home/airflow/.local/lib/python3.7/site-packages/airflow/example_dags/tutorial_dag.py
[2025-03-16T08:45:58.997+0000] {processor.py:766} INFO - DAG(s) dict_keys(['tutorial_dag']) retrieved from /home/airflow/.local/lib/python3.7/site-packages/airflow/example_dags/tutorial_dag.py
[2025-03-16T08:45:59.072+0000] {logging_mixin.py:120} INFO - [2025-03-16T08:45:59.072+0000] {dag.py:2585} INFO - Sync 1 DAGs
[2025-03-16T08:45:59.134+0000] {logging_mixin.py:120} INFO - [2025-03-16T08:45:59.134+0000] {dag.py:3340} INFO - Setting next_dagrun for tutorial_dag to None, run_after=None
[2025-03-16T08:45:59.168+0000] {processor.py:176} INFO - Processing /home/airflow/.local/lib/python3.7/site-packages/airflow/example_dags/tutorial_dag.py took 0.203 seconds
[2025-03-16T08:46:29.956+0000] {processor.py:154} INFO - Started process (PID=1741) to work on /home/airflow/.local/lib/python3.7/site-packages/airflow/example_dags/tutorial_dag.py
[2025-03-16T08:46:29.960+0000] {processor.py:756} INFO - Processing file /home/airflow/.local/lib/python3.7/site-packages/airflow/example_dags/tutorial_dag.py for tasks to queue
[2025-03-16T08:46:29.961+0000] {logging_mixin.py:120} INFO - [2025-03-16T08:46:29.961+0000] {dagbag.py:537} INFO - Filling up the DagBag from /home/airflow/.local/lib/python3.7/site-packages/airflow/example_dags/tutorial_dag.py
[2025-03-16T08:46:30.001+0000] {processor.py:766} INFO - DAG(s) dict_keys(['tutorial_dag']) retrieved from /home/airflow/.local/lib/python3.7/site-packages/airflow/example_dags/tutorial_dag.py
[2025-03-16T08:46:30.105+0000] {logging_mixin.py:120} INFO - [2025-03-16T08:46:30.105+0000] {dag.py:2585} INFO - Sync 1 DAGs
[2025-03-16T08:46:30.166+0000] {logging_mixin.py:120} INFO - [2025-03-16T08:46:30.166+0000] {dag.py:3340} INFO - Setting next_dagrun for tutorial_dag to None, run_after=None
[2025-03-16T08:46:30.221+0000] {processor.py:176} INFO - Processing /home/airflow/.local/lib/python3.7/site-packages/airflow/example_dags/tutorial_dag.py took 0.275 seconds
[2025-03-16T08:47:00.574+0000] {processor.py:154} INFO - Started process (PID=1795) to work on /home/airflow/.local/lib/python3.7/site-packages/airflow/example_dags/tutorial_dag.py
[2025-03-16T08:47:00.576+0000] {processor.py:756} INFO - Processing file /home/airflow/.local/lib/python3.7/site-packages/airflow/example_dags/tutorial_dag.py for tasks to queue
[2025-03-16T08:47:00.578+0000] {logging_mixin.py:120} INFO - [2025-03-16T08:47:00.577+0000] {dagbag.py:537} INFO - Filling up the DagBag from /home/airflow/.local/lib/python3.7/site-packages/airflow/example_dags/tutorial_dag.py
[2025-03-16T08:47:00.606+0000] {processor.py:766} INFO - DAG(s) dict_keys(['tutorial_dag']) retrieved from /home/airflow/.local/lib/python3.7/site-packages/airflow/example_dags/tutorial_dag.py
[2025-03-16T08:47:00.685+0000] {logging_mixin.py:120} INFO - [2025-03-16T08:47:00.685+0000] {dag.py:2585} INFO - Sync 1 DAGs
[2025-03-16T08:47:00.736+0000] {logging_mixin.py:120} INFO - [2025-03-16T08:47:00.736+0000] {dag.py:3340} INFO - Setting next_dagrun for tutorial_dag to None, run_after=None
[2025-03-16T08:47:00.773+0000] {processor.py:176} INFO - Processing /home/airflow/.local/lib/python3.7/site-packages/airflow/example_dags/tutorial_dag.py took 0.208 seconds
[2025-03-16T08:47:31.631+0000] {processor.py:154} INFO - Started process (PID=1858) to work on /home/airflow/.local/lib/python3.7/site-packages/airflow/example_dags/tutorial_dag.py
[2025-03-16T08:47:31.632+0000] {processor.py:756} INFO - Processing file /home/airflow/.local/lib/python3.7/site-packages/airflow/example_dags/tutorial_dag.py for tasks to queue
[2025-03-16T08:47:31.633+0000] {logging_mixin.py:120} INFO - [2025-03-16T08:47:31.633+0000] {dagbag.py:537} INFO - Filling up the DagBag from /home/airflow/.local/lib/python3.7/site-packages/airflow/example_dags/tutorial_dag.py
[2025-03-16T08:47:31.654+0000] {processor.py:766} INFO - DAG(s) dict_keys(['tutorial_dag']) retrieved from /home/airflow/.local/lib/python3.7/site-packages/airflow/example_dags/tutorial_dag.py
[2025-03-16T08:47:31.722+0000] {logging_mixin.py:120} INFO - [2025-03-16T08:47:31.722+0000] {dag.py:2585} INFO - Sync 1 DAGs
[2025-03-16T08:47:31.767+0000] {logging_mixin.py:120} INFO - [2025-03-16T08:47:31.767+0000] {dag.py:3340} INFO - Setting next_dagrun for tutorial_dag to None, run_after=None
[2025-03-16T08:47:31.794+0000] {processor.py:176} INFO - Processing /home/airflow/.local/lib/python3.7/site-packages/airflow/example_dags/tutorial_dag.py took 0.169 seconds
[2025-03-16T08:48:02.797+0000] {processor.py:154} INFO - Started process (PID=1912) to work on /home/airflow/.local/lib/python3.7/site-packages/airflow/example_dags/tutorial_dag.py
[2025-03-16T08:48:02.802+0000] {processor.py:756} INFO - Processing file /home/airflow/.local/lib/python3.7/site-packages/airflow/example_dags/tutorial_dag.py for tasks to queue
[2025-03-16T08:48:02.803+0000] {logging_mixin.py:120} INFO - [2025-03-16T08:48:02.803+0000] {dagbag.py:537} INFO - Filling up the DagBag from /home/airflow/.local/lib/python3.7/site-packages/airflow/example_dags/tutorial_dag.py
[2025-03-16T08:48:02.821+0000] {processor.py:766} INFO - DAG(s) dict_keys(['tutorial_dag']) retrieved from /home/airflow/.local/lib/python3.7/site-packages/airflow/example_dags/tutorial_dag.py
[2025-03-16T08:48:02.873+0000] {logging_mixin.py:120} INFO - [2025-03-16T08:48:02.873+0000] {dag.py:2585} INFO - Sync 1 DAGs
[2025-03-16T08:48:02.909+0000] {logging_mixin.py:120} INFO - [2025-03-16T08:48:02.909+0000] {dag.py:3340} INFO - Setting next_dagrun for tutorial_dag to None, run_after=None
[2025-03-16T08:48:02.940+0000] {processor.py:176} INFO - Processing /home/airflow/.local/lib/python3.7/site-packages/airflow/example_dags/tutorial_dag.py took 0.148 seconds
[2025-03-16T08:48:33.565+0000] {processor.py:154} INFO - Started process (PID=1974) to work on /home/airflow/.local/lib/python3.7/site-packages/airflow/example_dags/tutorial_dag.py
[2025-03-16T08:48:33.570+0000] {processor.py:756} INFO - Processing file /home/airflow/.local/lib/python3.7/site-packages/airflow/example_dags/tutorial_dag.py for tasks to queue
[2025-03-16T08:48:33.574+0000] {logging_mixin.py:120} INFO - [2025-03-16T08:48:33.574+0000] {dagbag.py:537} INFO - Filling up the DagBag from /home/airflow/.local/lib/python3.7/site-packages/airflow/example_dags/tutorial_dag.py
[2025-03-16T08:48:33.625+0000] {processor.py:766} INFO - DAG(s) dict_keys(['tutorial_dag']) retrieved from /home/airflow/.local/lib/python3.7/site-packages/airflow/example_dags/tutorial_dag.py
[2025-03-16T08:48:33.711+0000] {logging_mixin.py:120} INFO - [2025-03-16T08:48:33.711+0000] {dag.py:2585} INFO - Sync 1 DAGs
[2025-03-16T08:48:33.758+0000] {logging_mixin.py:120} INFO - [2025-03-16T08:48:33.758+0000] {dag.py:3340} INFO - Setting next_dagrun for tutorial_dag to None, run_after=None
[2025-03-16T08:48:33.787+0000] {processor.py:176} INFO - Processing /home/airflow/.local/lib/python3.7/site-packages/airflow/example_dags/tutorial_dag.py took 0.230 seconds
[2025-03-16T08:49:04.479+0000] {processor.py:154} INFO - Started process (PID=2028) to work on /home/airflow/.local/lib/python3.7/site-packages/airflow/example_dags/tutorial_dag.py
[2025-03-16T08:49:04.482+0000] {processor.py:756} INFO - Processing file /home/airflow/.local/lib/python3.7/site-packages/airflow/example_dags/tutorial_dag.py for tasks to queue
[2025-03-16T08:49:04.483+0000] {logging_mixin.py:120} INFO - [2025-03-16T08:49:04.482+0000] {dagbag.py:537} INFO - Filling up the DagBag from /home/airflow/.local/lib/python3.7/site-packages/airflow/example_dags/tutorial_dag.py
[2025-03-16T08:49:04.512+0000] {processor.py:766} INFO - DAG(s) dict_keys(['tutorial_dag']) retrieved from /home/airflow/.local/lib/python3.7/site-packages/airflow/example_dags/tutorial_dag.py
[2025-03-16T08:49:04.591+0000] {logging_mixin.py:120} INFO - [2025-03-16T08:49:04.591+0000] {dag.py:2585} INFO - Sync 1 DAGs
[2025-03-16T08:49:04.636+0000] {logging_mixin.py:120} INFO - [2025-03-16T08:49:04.636+0000] {dag.py:3340} INFO - Setting next_dagrun for tutorial_dag to None, run_after=None
[2025-03-16T08:49:04.666+0000] {processor.py:176} INFO - Processing /home/airflow/.local/lib/python3.7/site-packages/airflow/example_dags/tutorial_dag.py took 0.193 seconds
[2025-03-16T08:49:35.413+0000] {processor.py:154} INFO - Started process (PID=2092) to work on /home/airflow/.local/lib/python3.7/site-packages/airflow/example_dags/tutorial_dag.py
[2025-03-16T08:49:35.414+0000] {processor.py:756} INFO - Processing file /home/airflow/.local/lib/python3.7/site-packages/airflow/example_dags/tutorial_dag.py for tasks to queue
[2025-03-16T08:49:35.415+0000] {logging_mixin.py:120} INFO - [2025-03-16T08:49:35.415+0000] {dagbag.py:537} INFO - Filling up the DagBag from /home/airflow/.local/lib/python3.7/site-packages/airflow/example_dags/tutorial_dag.py
[2025-03-16T08:49:35.434+0000] {processor.py:766} INFO - DAG(s) dict_keys(['tutorial_dag']) retrieved from /home/airflow/.local/lib/python3.7/site-packages/airflow/example_dags/tutorial_dag.py
[2025-03-16T08:49:35.489+0000] {logging_mixin.py:120} INFO - [2025-03-16T08:49:35.488+0000] {dag.py:2585} INFO - Sync 1 DAGs
[2025-03-16T08:49:35.523+0000] {logging_mixin.py:120} INFO - [2025-03-16T08:49:35.523+0000] {dag.py:3340} INFO - Setting next_dagrun for tutorial_dag to None, run_after=None
[2025-03-16T08:49:35.548+0000] {processor.py:176} INFO - Processing /home/airflow/.local/lib/python3.7/site-packages/airflow/example_dags/tutorial_dag.py took 0.143 seconds
[2025-03-16T08:50:05.918+0000] {processor.py:154} INFO - Started process (PID=2146) to work on /home/airflow/.local/lib/python3.7/site-packages/airflow/example_dags/tutorial_dag.py
[2025-03-16T08:50:05.920+0000] {processor.py:756} INFO - Processing file /home/airflow/.local/lib/python3.7/site-packages/airflow/example_dags/tutorial_dag.py for tasks to queue
[2025-03-16T08:50:05.921+0000] {logging_mixin.py:120} INFO - [2025-03-16T08:50:05.921+0000] {dagbag.py:537} INFO - Filling up the DagBag from /home/airflow/.local/lib/python3.7/site-packages/airflow/example_dags/tutorial_dag.py
[2025-03-16T08:50:05.947+0000] {processor.py:766} INFO - DAG(s) dict_keys(['tutorial_dag']) retrieved from /home/airflow/.local/lib/python3.7/site-packages/airflow/example_dags/tutorial_dag.py
[2025-03-16T08:50:06.020+0000] {logging_mixin.py:120} INFO - [2025-03-16T08:50:06.019+0000] {dag.py:2585} INFO - Sync 1 DAGs
[2025-03-16T08:50:06.069+0000] {logging_mixin.py:120} INFO - [2025-03-16T08:50:06.069+0000] {dag.py:3340} INFO - Setting next_dagrun for tutorial_dag to None, run_after=None
[2025-03-16T08:50:06.106+0000] {processor.py:176} INFO - Processing /home/airflow/.local/lib/python3.7/site-packages/airflow/example_dags/tutorial_dag.py took 0.193 seconds
[2025-03-16T08:50:36.434+0000] {processor.py:154} INFO - Started process (PID=2209) to work on /home/airflow/.local/lib/python3.7/site-packages/airflow/example_dags/tutorial_dag.py
[2025-03-16T08:50:36.436+0000] {processor.py:756} INFO - Processing file /home/airflow/.local/lib/python3.7/site-packages/airflow/example_dags/tutorial_dag.py for tasks to queue
[2025-03-16T08:50:36.438+0000] {logging_mixin.py:120} INFO - [2025-03-16T08:50:36.437+0000] {dagbag.py:537} INFO - Filling up the DagBag from /home/airflow/.local/lib/python3.7/site-packages/airflow/example_dags/tutorial_dag.py
[2025-03-16T08:50:36.461+0000] {processor.py:766} INFO - DAG(s) dict_keys(['tutorial_dag']) retrieved from /home/airflow/.local/lib/python3.7/site-packages/airflow/example_dags/tutorial_dag.py
[2025-03-16T08:50:36.535+0000] {logging_mixin.py:120} INFO - [2025-03-16T08:50:36.535+0000] {dag.py:2585} INFO - Sync 1 DAGs
[2025-03-16T08:50:36.592+0000] {logging_mixin.py:120} INFO - [2025-03-16T08:50:36.592+0000] {dag.py:3340} INFO - Setting next_dagrun for tutorial_dag to None, run_after=None
[2025-03-16T08:50:36.626+0000] {processor.py:176} INFO - Processing /home/airflow/.local/lib/python3.7/site-packages/airflow/example_dags/tutorial_dag.py took 0.199 seconds
[2025-03-16T08:51:07.262+0000] {processor.py:154} INFO - Started process (PID=2263) to work on /home/airflow/.local/lib/python3.7/site-packages/airflow/example_dags/tutorial_dag.py
[2025-03-16T08:51:07.263+0000] {processor.py:756} INFO - Processing file /home/airflow/.local/lib/python3.7/site-packages/airflow/example_dags/tutorial_dag.py for tasks to queue
[2025-03-16T08:51:07.265+0000] {logging_mixin.py:120} INFO - [2025-03-16T08:51:07.265+0000] {dagbag.py:537} INFO - Filling up the DagBag from /home/airflow/.local/lib/python3.7/site-packages/airflow/example_dags/tutorial_dag.py
[2025-03-16T08:51:07.305+0000] {processor.py:766} INFO - DAG(s) dict_keys(['tutorial_dag']) retrieved from /home/airflow/.local/lib/python3.7/site-packages/airflow/example_dags/tutorial_dag.py
[2025-03-16T08:51:07.477+0000] {logging_mixin.py:120} INFO - [2025-03-16T08:51:07.477+0000] {dag.py:2585} INFO - Sync 1 DAGs
[2025-03-16T08:51:07.521+0000] {logging_mixin.py:120} INFO - [2025-03-16T08:51:07.520+0000] {dag.py:3340} INFO - Setting next_dagrun for tutorial_dag to None, run_after=None
[2025-03-16T08:51:07.551+0000] {processor.py:176} INFO - Processing /home/airflow/.local/lib/python3.7/site-packages/airflow/example_dags/tutorial_dag.py took 0.295 seconds
[2025-03-16T08:51:38.010+0000] {processor.py:154} INFO - Started process (PID=2326) to work on /home/airflow/.local/lib/python3.7/site-packages/airflow/example_dags/tutorial_dag.py
[2025-03-16T08:51:38.011+0000] {processor.py:756} INFO - Processing file /home/airflow/.local/lib/python3.7/site-packages/airflow/example_dags/tutorial_dag.py for tasks to queue
[2025-03-16T08:51:38.012+0000] {logging_mixin.py:120} INFO - [2025-03-16T08:51:38.012+0000] {dagbag.py:537} INFO - Filling up the DagBag from /home/airflow/.local/lib/python3.7/site-packages/airflow/example_dags/tutorial_dag.py
[2025-03-16T08:51:38.034+0000] {processor.py:766} INFO - DAG(s) dict_keys(['tutorial_dag']) retrieved from /home/airflow/.local/lib/python3.7/site-packages/airflow/example_dags/tutorial_dag.py
[2025-03-16T08:51:38.122+0000] {logging_mixin.py:120} INFO - [2025-03-16T08:51:38.122+0000] {dag.py:2585} INFO - Sync 1 DAGs
[2025-03-16T08:51:38.178+0000] {logging_mixin.py:120} INFO - [2025-03-16T08:51:38.177+0000] {dag.py:3340} INFO - Setting next_dagrun for tutorial_dag to None, run_after=None
[2025-03-16T08:51:38.206+0000] {processor.py:176} INFO - Processing /home/airflow/.local/lib/python3.7/site-packages/airflow/example_dags/tutorial_dag.py took 0.204 seconds
[2025-03-16T08:52:09.335+0000] {processor.py:154} INFO - Started process (PID=2390) to work on /home/airflow/.local/lib/python3.7/site-packages/airflow/example_dags/tutorial_dag.py
[2025-03-16T08:52:09.337+0000] {processor.py:756} INFO - Processing file /home/airflow/.local/lib/python3.7/site-packages/airflow/example_dags/tutorial_dag.py for tasks to queue
[2025-03-16T08:52:09.338+0000] {logging_mixin.py:120} INFO - [2025-03-16T08:52:09.338+0000] {dagbag.py:537} INFO - Filling up the DagBag from /home/airflow/.local/lib/python3.7/site-packages/airflow/example_dags/tutorial_dag.py
[2025-03-16T08:52:09.389+0000] {processor.py:766} INFO - DAG(s) dict_keys(['tutorial_dag']) retrieved from /home/airflow/.local/lib/python3.7/site-packages/airflow/example_dags/tutorial_dag.py
[2025-03-16T08:52:09.507+0000] {logging_mixin.py:120} INFO - [2025-03-16T08:52:09.506+0000] {dag.py:2585} INFO - Sync 1 DAGs
[2025-03-16T08:52:09.581+0000] {logging_mixin.py:120} INFO - [2025-03-16T08:52:09.580+0000] {dag.py:3340} INFO - Setting next_dagrun for tutorial_dag to None, run_after=None
[2025-03-16T08:52:09.642+0000] {processor.py:176} INFO - Processing /home/airflow/.local/lib/python3.7/site-packages/airflow/example_dags/tutorial_dag.py took 0.320 seconds
[2025-03-16T08:52:39.821+0000] {processor.py:154} INFO - Started process (PID=2444) to work on /home/airflow/.local/lib/python3.7/site-packages/airflow/example_dags/tutorial_dag.py
[2025-03-16T08:52:39.823+0000] {processor.py:756} INFO - Processing file /home/airflow/.local/lib/python3.7/site-packages/airflow/example_dags/tutorial_dag.py for tasks to queue
[2025-03-16T08:52:39.823+0000] {logging_mixin.py:120} INFO - [2025-03-16T08:52:39.823+0000] {dagbag.py:537} INFO - Filling up the DagBag from /home/airflow/.local/lib/python3.7/site-packages/airflow/example_dags/tutorial_dag.py
[2025-03-16T08:52:39.841+0000] {processor.py:766} INFO - DAG(s) dict_keys(['tutorial_dag']) retrieved from /home/airflow/.local/lib/python3.7/site-packages/airflow/example_dags/tutorial_dag.py
[2025-03-16T08:52:39.935+0000] {logging_mixin.py:120} INFO - [2025-03-16T08:52:39.935+0000] {dag.py:2585} INFO - Sync 1 DAGs
[2025-03-16T08:52:39.970+0000] {logging_mixin.py:120} INFO - [2025-03-16T08:52:39.970+0000] {dag.py:3340} INFO - Setting next_dagrun for tutorial_dag to None, run_after=None
[2025-03-16T08:52:39.995+0000] {processor.py:176} INFO - Processing /home/airflow/.local/lib/python3.7/site-packages/airflow/example_dags/tutorial_dag.py took 0.178 seconds
[2025-03-16T08:53:11.242+0000] {processor.py:154} INFO - Started process (PID=2507) to work on /home/airflow/.local/lib/python3.7/site-packages/airflow/example_dags/tutorial_dag.py
[2025-03-16T08:53:11.245+0000] {processor.py:756} INFO - Processing file /home/airflow/.local/lib/python3.7/site-packages/airflow/example_dags/tutorial_dag.py for tasks to queue
[2025-03-16T08:53:11.246+0000] {logging_mixin.py:120} INFO - [2025-03-16T08:53:11.245+0000] {dagbag.py:537} INFO - Filling up the DagBag from /home/airflow/.local/lib/python3.7/site-packages/airflow/example_dags/tutorial_dag.py
[2025-03-16T08:53:11.272+0000] {processor.py:766} INFO - DAG(s) dict_keys(['tutorial_dag']) retrieved from /home/airflow/.local/lib/python3.7/site-packages/airflow/example_dags/tutorial_dag.py
[2025-03-16T08:53:11.388+0000] {logging_mixin.py:120} INFO - [2025-03-16T08:53:11.387+0000] {dag.py:2585} INFO - Sync 1 DAGs
[2025-03-16T08:53:11.511+0000] {logging_mixin.py:120} INFO - [2025-03-16T08:53:11.511+0000] {dag.py:3340} INFO - Setting next_dagrun for tutorial_dag to None, run_after=None
[2025-03-16T08:53:11.561+0000] {processor.py:176} INFO - Processing /home/airflow/.local/lib/python3.7/site-packages/airflow/example_dags/tutorial_dag.py took 0.325 seconds
[2025-03-16T08:53:42.496+0000] {processor.py:154} INFO - Started process (PID=2562) to work on /home/airflow/.local/lib/python3.7/site-packages/airflow/example_dags/tutorial_dag.py
[2025-03-16T08:53:42.497+0000] {processor.py:756} INFO - Processing file /home/airflow/.local/lib/python3.7/site-packages/airflow/example_dags/tutorial_dag.py for tasks to queue
[2025-03-16T08:53:42.499+0000] {logging_mixin.py:120} INFO - [2025-03-16T08:53:42.498+0000] {dagbag.py:537} INFO - Filling up the DagBag from /home/airflow/.local/lib/python3.7/site-packages/airflow/example_dags/tutorial_dag.py
[2025-03-16T08:53:42.537+0000] {processor.py:766} INFO - DAG(s) dict_keys(['tutorial_dag']) retrieved from /home/airflow/.local/lib/python3.7/site-packages/airflow/example_dags/tutorial_dag.py
[2025-03-16T08:53:42.626+0000] {logging_mixin.py:120} INFO - [2025-03-16T08:53:42.626+0000] {dag.py:2585} INFO - Sync 1 DAGs
[2025-03-16T08:53:42.674+0000] {logging_mixin.py:120} INFO - [2025-03-16T08:53:42.673+0000] {dag.py:3340} INFO - Setting next_dagrun for tutorial_dag to None, run_after=None
[2025-03-16T08:53:42.711+0000] {processor.py:176} INFO - Processing /home/airflow/.local/lib/python3.7/site-packages/airflow/example_dags/tutorial_dag.py took 0.222 seconds
[2025-03-16T08:54:13.666+0000] {processor.py:154} INFO - Started process (PID=2625) to work on /home/airflow/.local/lib/python3.7/site-packages/airflow/example_dags/tutorial_dag.py
[2025-03-16T08:54:13.670+0000] {processor.py:756} INFO - Processing file /home/airflow/.local/lib/python3.7/site-packages/airflow/example_dags/tutorial_dag.py for tasks to queue
[2025-03-16T08:54:13.671+0000] {logging_mixin.py:120} INFO - [2025-03-16T08:54:13.671+0000] {dagbag.py:537} INFO - Filling up the DagBag from /home/airflow/.local/lib/python3.7/site-packages/airflow/example_dags/tutorial_dag.py
[2025-03-16T08:54:13.698+0000] {processor.py:766} INFO - DAG(s) dict_keys(['tutorial_dag']) retrieved from /home/airflow/.local/lib/python3.7/site-packages/airflow/example_dags/tutorial_dag.py
[2025-03-16T08:54:13.783+0000] {logging_mixin.py:120} INFO - [2025-03-16T08:54:13.783+0000] {dag.py:2585} INFO - Sync 1 DAGs
[2025-03-16T08:54:13.833+0000] {logging_mixin.py:120} INFO - [2025-03-16T08:54:13.832+0000] {dag.py:3340} INFO - Setting next_dagrun for tutorial_dag to None, run_after=None
[2025-03-16T08:54:13.887+0000] {processor.py:176} INFO - Processing /home/airflow/.local/lib/python3.7/site-packages/airflow/example_dags/tutorial_dag.py took 0.231 seconds
[2025-03-16T08:54:44.133+0000] {processor.py:154} INFO - Started process (PID=2678) to work on /home/airflow/.local/lib/python3.7/site-packages/airflow/example_dags/tutorial_dag.py
[2025-03-16T08:54:44.134+0000] {processor.py:756} INFO - Processing file /home/airflow/.local/lib/python3.7/site-packages/airflow/example_dags/tutorial_dag.py for tasks to queue
[2025-03-16T08:54:44.147+0000] {logging_mixin.py:120} INFO - [2025-03-16T08:54:44.145+0000] {dagbag.py:537} INFO - Filling up the DagBag from /home/airflow/.local/lib/python3.7/site-packages/airflow/example_dags/tutorial_dag.py
[2025-03-16T08:54:44.170+0000] {processor.py:766} INFO - DAG(s) dict_keys(['tutorial_dag']) retrieved from /home/airflow/.local/lib/python3.7/site-packages/airflow/example_dags/tutorial_dag.py
[2025-03-16T08:54:44.240+0000] {logging_mixin.py:120} INFO - [2025-03-16T08:54:44.240+0000] {dag.py:2585} INFO - Sync 1 DAGs
[2025-03-16T08:54:44.287+0000] {logging_mixin.py:120} INFO - [2025-03-16T08:54:44.287+0000] {dag.py:3340} INFO - Setting next_dagrun for tutorial_dag to None, run_after=None
[2025-03-16T08:54:44.325+0000] {processor.py:176} INFO - Processing /home/airflow/.local/lib/python3.7/site-packages/airflow/example_dags/tutorial_dag.py took 0.213 seconds
[2025-03-16T08:55:14.510+0000] {processor.py:154} INFO - Started process (PID=2741) to work on /home/airflow/.local/lib/python3.7/site-packages/airflow/example_dags/tutorial_dag.py
[2025-03-16T08:55:14.515+0000] {processor.py:756} INFO - Processing file /home/airflow/.local/lib/python3.7/site-packages/airflow/example_dags/tutorial_dag.py for tasks to queue
[2025-03-16T08:55:14.516+0000] {logging_mixin.py:120} INFO - [2025-03-16T08:55:14.516+0000] {dagbag.py:537} INFO - Filling up the DagBag from /home/airflow/.local/lib/python3.7/site-packages/airflow/example_dags/tutorial_dag.py
[2025-03-16T08:55:14.593+0000] {processor.py:766} INFO - DAG(s) dict_keys(['tutorial_dag']) retrieved from /home/airflow/.local/lib/python3.7/site-packages/airflow/example_dags/tutorial_dag.py
[2025-03-16T08:55:14.670+0000] {logging_mixin.py:120} INFO - [2025-03-16T08:55:14.669+0000] {dag.py:2585} INFO - Sync 1 DAGs
[2025-03-16T08:55:14.721+0000] {logging_mixin.py:120} INFO - [2025-03-16T08:55:14.720+0000] {dag.py:3340} INFO - Setting next_dagrun for tutorial_dag to None, run_after=None
[2025-03-16T08:55:14.772+0000] {processor.py:176} INFO - Processing /home/airflow/.local/lib/python3.7/site-packages/airflow/example_dags/tutorial_dag.py took 0.272 seconds
[2025-03-16T08:55:45.082+0000] {processor.py:154} INFO - Started process (PID=2794) to work on /home/airflow/.local/lib/python3.7/site-packages/airflow/example_dags/tutorial_dag.py
[2025-03-16T08:55:45.085+0000] {processor.py:756} INFO - Processing file /home/airflow/.local/lib/python3.7/site-packages/airflow/example_dags/tutorial_dag.py for tasks to queue
[2025-03-16T08:55:45.087+0000] {logging_mixin.py:120} INFO - [2025-03-16T08:55:45.086+0000] {dagbag.py:537} INFO - Filling up the DagBag from /home/airflow/.local/lib/python3.7/site-packages/airflow/example_dags/tutorial_dag.py
[2025-03-16T08:55:45.114+0000] {processor.py:766} INFO - DAG(s) dict_keys(['tutorial_dag']) retrieved from /home/airflow/.local/lib/python3.7/site-packages/airflow/example_dags/tutorial_dag.py
[2025-03-16T08:55:45.191+0000] {logging_mixin.py:120} INFO - [2025-03-16T08:55:45.191+0000] {dag.py:2585} INFO - Sync 1 DAGs
[2025-03-16T08:55:45.244+0000] {logging_mixin.py:120} INFO - [2025-03-16T08:55:45.244+0000] {dag.py:3340} INFO - Setting next_dagrun for tutorial_dag to None, run_after=None
[2025-03-16T08:55:45.311+0000] {processor.py:176} INFO - Processing /home/airflow/.local/lib/python3.7/site-packages/airflow/example_dags/tutorial_dag.py took 0.236 seconds
[2025-03-16T08:56:15.679+0000] {processor.py:154} INFO - Started process (PID=2857) to work on /home/airflow/.local/lib/python3.7/site-packages/airflow/example_dags/tutorial_dag.py
[2025-03-16T08:56:15.683+0000] {processor.py:756} INFO - Processing file /home/airflow/.local/lib/python3.7/site-packages/airflow/example_dags/tutorial_dag.py for tasks to queue
[2025-03-16T08:56:15.684+0000] {logging_mixin.py:120} INFO - [2025-03-16T08:56:15.684+0000] {dagbag.py:537} INFO - Filling up the DagBag from /home/airflow/.local/lib/python3.7/site-packages/airflow/example_dags/tutorial_dag.py
[2025-03-16T08:56:15.761+0000] {processor.py:766} INFO - DAG(s) dict_keys(['tutorial_dag']) retrieved from /home/airflow/.local/lib/python3.7/site-packages/airflow/example_dags/tutorial_dag.py
[2025-03-16T08:56:15.858+0000] {logging_mixin.py:120} INFO - [2025-03-16T08:56:15.858+0000] {dag.py:2585} INFO - Sync 1 DAGs
[2025-03-16T08:56:15.918+0000] {logging_mixin.py:120} INFO - [2025-03-16T08:56:15.918+0000] {dag.py:3340} INFO - Setting next_dagrun for tutorial_dag to None, run_after=None
[2025-03-16T08:56:15.959+0000] {processor.py:176} INFO - Processing /home/airflow/.local/lib/python3.7/site-packages/airflow/example_dags/tutorial_dag.py took 0.296 seconds
[2025-03-16T08:56:46.200+0000] {processor.py:154} INFO - Started process (PID=2911) to work on /home/airflow/.local/lib/python3.7/site-packages/airflow/example_dags/tutorial_dag.py
[2025-03-16T08:56:46.202+0000] {processor.py:756} INFO - Processing file /home/airflow/.local/lib/python3.7/site-packages/airflow/example_dags/tutorial_dag.py for tasks to queue
[2025-03-16T08:56:46.203+0000] {logging_mixin.py:120} INFO - [2025-03-16T08:56:46.203+0000] {dagbag.py:537} INFO - Filling up the DagBag from /home/airflow/.local/lib/python3.7/site-packages/airflow/example_dags/tutorial_dag.py
[2025-03-16T08:56:46.225+0000] {processor.py:766} INFO - DAG(s) dict_keys(['tutorial_dag']) retrieved from /home/airflow/.local/lib/python3.7/site-packages/airflow/example_dags/tutorial_dag.py
[2025-03-16T08:56:46.304+0000] {logging_mixin.py:120} INFO - [2025-03-16T08:56:46.304+0000] {dag.py:2585} INFO - Sync 1 DAGs
[2025-03-16T08:56:46.350+0000] {logging_mixin.py:120} INFO - [2025-03-16T08:56:46.350+0000] {dag.py:3340} INFO - Setting next_dagrun for tutorial_dag to None, run_after=None
[2025-03-16T08:56:46.383+0000] {processor.py:176} INFO - Processing /home/airflow/.local/lib/python3.7/site-packages/airflow/example_dags/tutorial_dag.py took 0.189 seconds
